Removed Member From Class: ClassName=RF Member=NetC59_2
Added Component: Designator=C001Mx(smd C0402)
Add component. Clean all parameters for all variants
Add component (AddParameter): Name = "Component Type"; Value = "Standard"; VariantName = "[No Variations]"
Add component (AddParameter): Name = "Designator"; Value = "CSMD402/100nF"; VariantName = "[No Variations]"
Add component (AddParameter): Name = "Part Number"; Value = "CSMD402/100nF"; VariantName = "[No Variations]"
Add component (AddParameter): Name = "Pin Count"; Value = "2"; VariantName = "[No Variations]"
Add component (AddParameter): Name = "Supplier 1"; Value = "Farnell"; VariantName = "[No Variations]"
Add component (AddParameter): Name = "Supplier Part Number 1"; Value = ""; VariantName = "[No Variations]"
Added Component: Designator=C002Mx(smd C0402)
Add component. Clean all parameters for all variants
Add component (AddParameter): Name = "Component Type"; Value = "Standard"; VariantName = "[No Variations]"
Add component (AddParameter): Name = "Designator"; Value = "CSMD402/100nF"; VariantName = "[No Variations]"
Add component (AddParameter): Name = "Part Number"; Value = "CSMD402/100nF"; VariantName = "[No Variations]"
Add component (AddParameter): Name = "Pin Count"; Value = "2"; VariantName = "[No Variations]"
Add component (AddParameter): Name = "Supplier 1"; Value = "Farnell"; VariantName = "[No Variations]"
Add component (AddParameter): Name = "Supplier Part Number 1"; Value = ""; VariantName = "[No Variations]"
Added Component: Designator=C003Mx(smd C0402)
Add component. Clean all parameters for all variants
Add component (AddParameter): Name = "Component Type"; Value = "Standard"; VariantName = "[No Variations]"
Add component (AddParameter): Name = "Designator"; Value = "CSMD402/1.5nF"; VariantName = "[No Variations]"
Add component (AddParameter): Name = "Part Number"; Value = "CSMD402/1.5nF"; VariantName = "[No Variations]"
Add component (AddParameter): Name = "Pin Count"; Value = "2"; VariantName = "[No Variations]"
Add component (AddParameter): Name = "Supplier 1"; Value = "Farnell"; VariantName = "[No Variations]"
Add component (AddParameter): Name = "Supplier Part Number 1"; Value = ""; VariantName = "[No Variations]"
Added Component: Designator=C004Mx(smd C0402)
Add component. Clean all parameters for all variants
Add component (AddParameter): Name = "Component Type"; Value = "Standard"; VariantName = "[No Variations]"
Add component (AddParameter): Name = "Designator"; Value = "CSMD402/100pF"; VariantName = "[No Variations]"
Add component (AddParameter): Name = "Part Number"; Value = "CSMD402/100pF"; VariantName = "[No Variations]"
Add component (AddParameter): Name = "Pin Count"; Value = "2"; VariantName = "[No Variations]"
Add component (AddParameter): Name = "Supplier 1"; Value = "Farnell"; VariantName = "[No Variations]"
Add component (AddParameter): Name = "Supplier Part Number 1"; Value = ""; VariantName = "[No Variations]"
Added Component: Designator=C005Mx(smd C0603_0.80)
Add component. Clean all parameters for all variants
Add component (AddParameter): Name = "Component Type"; Value = "Standard"; VariantName = "[No Variations]"
Add component (AddParameter): Name = "Designator"; Value = "CSMD603/18nF"; VariantName = "[No Variations]"
Add component (AddParameter): Name = "Part Number"; Value = "CSMD603/18nF"; VariantName = "[No Variations]"
Add component (AddParameter): Name = "Pin Count"; Value = "2"; VariantName = "[No Variations]"
Add component (AddParameter): Name = "Supplier 1"; Value = "Farnell"; VariantName = "[No Variations]"
Add component (AddParameter): Name = "Supplier Part Number 1"; Value = ""; VariantName = "[No Variations]"
Added Component: Designator=C006Mx(smd C0402)
Add component. Clean all parameters for all variants
Add component (AddParameter): Name = "Component Type"; Value = "Standard"; VariantName = "[No Variations]"
Add component (AddParameter): Name = "Designator"; Value = "CSMD402/100nF"; VariantName = "[No Variations]"
Add component (AddParameter): Name = "Part Number"; Value = "CSMD402/100nF"; VariantName = "[No Variations]"
Add component (AddParameter): Name = "Pin Count"; Value = "2"; VariantName = "[No Variations]"
Add component (AddParameter): Name = "Supplier 1"; Value = "Farnell"; VariantName = "[No Variations]"
Add component (AddParameter): Name = "Supplier Part Number 1"; Value = ""; VariantName = "[No Variations]"
Added Component: Designator=C61(smd C0402)
Add component. Clean all parameters for all variants
Add component (AddParameter): Name = "Component Type"; Value = "Standard"; VariantName = "[No Variations]"
Add component (AddParameter): Name = "Designator"; Value = "CSMD402/22pF"; VariantName = "[No Variations]"
Add component (AddParameter): Name = "Part Number"; Value = "CSMD402/22pF"; VariantName = "[No Variations]"
Add component (AddParameter): Name = "Pin Count"; Value = "2"; VariantName = "[No Variations]"
Add component (AddParameter): Name = "Supplier 1"; Value = "Farnell"; VariantName = "[No Variations]"
Add component (AddParameter): Name = "Supplier Part Number 1"; Value = ""; VariantName = "[No Variations]"
Added Component: Designator=L5Mx(smd C0805)
Add component. Clean all parameters for all variants
Add component (AddParameter): Name = "Supplier 1"; Value = "Farnell"; VariantName = "[No Variations]"
Add component (AddParameter): Name = "Supplier Part Number 1"; Value = ""; VariantName = "[No Variations]"
Added Component: Designator=L6Mx(smd C0805)
Add component. Clean all parameters for all variants
Add component (AddParameter): Name = "Supplier 1"; Value = "Farnell"; VariantName = "[No Variations]"
Add component (AddParameter): Name = "Supplier Part Number 1"; Value = ""; VariantName = "[No Variations]"
Added Component: Designator=SAW1(SAW_package)
Add component. Clean all parameters for all variants
Add component (AddParameter): Name = "Manufacturer"; Value = "TDK"; VariantName = "[No Variations]"
Add component (AddParameter): Name = "Manufacturer part number"; Value = "B39162B3522U410"; VariantName = "[No Variations]"
Added Component: Designator=U20(LFCSP)
Add component. Clean all parameters for all variants
Add component (AddParameter): Name = "Manufacturer"; Value = "Analog Devices"; VariantName = "[No Variations]"
Add component (AddParameter): Name = "Manufacturer part number"; Value = "ADL5602ARKZ-R7"; VariantName = "[No Variations]"
Added Pin To Net: NetName=5V Pin=C003Mx-1
Added Pin To Net: NetName=GND Pin=C003Mx-2
Added Pin To Net: NetName=5V Pin=C004Mx-1
Added Pin To Net: NetName=GND Pin=C004Mx-2
Added Pin To Net: NetName=GND Pin=C005Mx-1
Added Pin To Net: NetName=5V Pin=C005Mx-2
Added Pin To Net: NetName=GND Pin=C61-1
Added Pin To Net: NetName=NetC59_1 Pin=C61-2
Added Pin To Net: NetName=5V Pin=L5Mx-2
Added Pin To Net: NetName=GND Pin=L6Mx-2
Change Net Name : Old Net Name=UPCONV_OUT New Net Name=UPCONV_IN
Added Pin To Net: NetName=Mixer_switch_in Pin=C002Mx-2
Added Pin To Net: NetName=Mixer_switch_in Pin=U13-5
Added Net: Name=Mixer_switch_in
Added Pin To Net: NetName=NetC001Mx_1 Pin=C001Mx-1
Added Net: Name=NetC001Mx_1
Added Pin To Net: NetName=NetC001Mx_2 Pin=C001Mx-2
Added Net: Name=NetC001Mx_2
Added Pin To Net: NetName=NetC002Mx_1 Pin=C002Mx-1
Added Pin To Net: NetName=NetC002Mx_1 Pin=L5Mx-1
Added Net: Name=NetC002Mx_1
Added Pin To Net: NetName=NetC006Mx_1 Pin=C006Mx-1
Added Pin To Net: NetName=NetC006Mx_1 Pin=C59-2
Added Pin To Net: NetName=NetC006Mx_1 Pin=L6Mx-1
Added Net: Name=NetC006Mx_1
Added Pin To Net: NetName=NetC006Mx_2 Pin=C006Mx-2
Added Net: Name=NetC006Mx_2
Added Member To Class: ClassName=U_Mixer Member=Component C001Mx CSMD402/100nF
Added Member To Class: ClassName=U_Mixer Member=Component C002Mx CSMD402/100nF
Added Member To Class: ClassName=U_Mixer Member=Component C003Mx CSMD402/1.5nF
Added Member To Class: ClassName=U_Mixer Member=Component C004Mx CSMD402/100pF
Added Member To Class: ClassName=U_Mixer Member=Component C005Mx 1uF
Added Member To Class: ClassName=U_Mixer Member=Component C006Mx CSMD402/100nF
Added Member To Class: ClassName=U_Mixer Member=Component C61 DNP
Added Member To Class: ClassName=U_Mixer Member=Component L5Mx SPL805/470nH
Added Member To Class: ClassName=U_Mixer Member=Component L6Mx SPL805/470nH
Added Member To Class: ClassName=U_Mixer Member=Component SAW1 BR39162B3522U410
Added Member To Class: ClassName=U_Mixer Member=Component U20 ADL5602
Added Member To Class: ClassName=RF Member=Wire Mixer_switch_in
Added Member To Class: ClassName=RF Member=Wire NetC001Mx_1
Added Member To Class: ClassName=RF Member=Wire NetC001Mx_2
Added Member To Class: ClassName=RF Member=Wire NetC002Mx_1
Added Member To Class: ClassName=RF Member=Wire NetC006Mx_1
