Change Component Designator: OldDesignator=C36 NewDesignator=C01CPU
Change Component Designator: OldDesignator=C37 NewDesignator=C02CPU
Change Component Designator: OldDesignator=C38 NewDesignator=C03CPU
Change Component Designator: OldDesignator=C39 NewDesignator=C04CPU
Change Component Designator: OldDesignator=C40 NewDesignator=C05CPU
Change Component Designator: OldDesignator=C41 NewDesignator=C06CPU
Change Component Designator: OldDesignator=C42 NewDesignator=C07CPU
Change Component Designator: OldDesignator=C43 NewDesignator=C08CPU
Change Component Designator: OldDesignator=C44 NewDesignator=C09CPU
Change Component Designator: OldDesignator=C45 NewDesignator=C10CPU
Change Component Designator: OldDesignator=C47 NewDesignator=C11CPU
Change Component Designator: OldDesignator=L2 NewDesignator=L01CPU
Change Component Designator: OldDesignator=R19 NewDesignator=R01CPU
Change Component Designator: OldDesignator=R20 NewDesignator=R02CPU
Change Component Designator: OldDesignator=R21 NewDesignator=R03CPU
Change Component Designator: OldDesignator=R22 NewDesignator=R04CPU
Change Component Designator: OldDesignator=R23 NewDesignator=R05CPU
Change Component Designator: OldDesignator=R24 NewDesignator=R06CPU
Change Component Designator: OldDesignator=R25 NewDesignator=R07CPU
Change Component Designator: OldDesignator=R26 NewDesignator=R08CPU
Change component parameters: Designator = "CLK"; Footprint = "led HSMH-C190 (Avago Technologies)"; UniqueID = "\UNEDAOCQ\JVAYMWAX"
Change component parameters. Clean all parameters for all variants
Change component parameters (AddParameter): Name = "Supplier 1"; Value = "Farnell"; VariantName = "[No Variations]"
Change component parameters (AddParameter): Name = "Supplier Part Number 1"; Value = ""; VariantName = "[No Variations]"
Change component parameters: Designator = "L1"; Footprint = "smd C0805"; UniqueID = "\CHCMGKKC\SKKISJHX"
Change component parameters. Clean all parameters for all variants
Change component parameters (AddParameter): Name = "Supplier 1"; Value = "Farnell"; VariantName = "[No Variations]"
Change component parameters (AddParameter): Name = "Supplier Part Number 1"; Value = ""; VariantName = "[No Variations]"
Change component parameters: Designator = "L01CPU"; Footprint = "smd C0805"; UniqueID = "\UNEDAOCQ\GUTJMXFY"
Change component parameters. Clean all parameters for all variants
Change component parameters (AddParameter): Name = "Supplier 1"; Value = "Farnell"; VariantName = "[No Variations]"
Change component parameters (AddParameter): Name = "Supplier Part Number 1"; Value = ""; VariantName = "[No Variations]"
Change component parameters: Designator = "L4"; Footprint = "smd C0603"; UniqueID = "\RVAQQRVL\FCPLLFQT"
Change component parameters. Clean all parameters for all variants
Change component parameters (AddParameter): Name = "Supplier 1"; Value = "Farnell"; VariantName = "[No Variations]"
Change component parameters (AddParameter): Name = "Supplier Part Number 1"; Value = ""; VariantName = "[No Variations]"
Change component parameters: Designator = "L5"; Footprint = "smd C0805"; UniqueID = "\TBICGSSQ\BSHBSKAJ"
Change component parameters. Clean all parameters for all variants
Change component parameters (AddParameter): Name = "Supplier 1"; Value = "Farnell"; VariantName = "[No Variations]"
Change component parameters (AddParameter): Name = "Supplier Part Number 1"; Value = ""; VariantName = "[No Variations]"
Change component parameters: Designator = "L6"; Footprint = "smd C0805"; UniqueID = "\TBICGSSQ\ROFFMLNE"
Change component parameters. Clean all parameters for all variants
Change component parameters (AddParameter): Name = "Supplier 1"; Value = "Farnell"; VariantName = "[No Variations]"
Change component parameters (AddParameter): Name = "Supplier Part Number 1"; Value = ""; VariantName = "[No Variations]"
Change component parameters: Designator = "L7"; Footprint = "smd C0805"; UniqueID = "\TBICGSSQ\VDSLWIFI"
Change component parameters. Clean all parameters for all variants
Change component parameters (AddParameter): Name = "Supplier 1"; Value = "Farnell"; VariantName = "[No Variations]"
Change component parameters (AddParameter): Name = "Supplier Part Number 1"; Value = ""; VariantName = "[No Variations]"
Change component parameters: Designator = "L8"; Footprint = "smd C0805"; UniqueID = "\TBICGSSQ\YWVVROYY"
Change component parameters. Clean all parameters for all variants
Change component parameters (AddParameter): Name = "Supplier 1"; Value = "Farnell"; VariantName = "[No Variations]"
Change component parameters (AddParameter): Name = "Supplier Part Number 1"; Value = ""; VariantName = "[No Variations]"
Change component parameters: Designator = "L9"; Footprint = "smd C0805"; UniqueID = "\TBICGSSQ\NDXXDPOW"
Change component parameters. Clean all parameters for all variants
Change component parameters (AddParameter): Name = "Supplier 1"; Value = "Farnell"; VariantName = "[No Variations]"
Change component parameters (AddParameter): Name = "Supplier Part Number 1"; Value = ""; VariantName = "[No Variations]"
Change component parameters: Designator = "L10"; Footprint = "smd C0805"; UniqueID = "\TBICGSSQ\DVFNLNBK"
Change component parameters. Clean all parameters for all variants
Change component parameters (AddParameter): Name = "Supplier 1"; Value = "Farnell"; VariantName = "[No Variations]"
Change component parameters (AddParameter): Name = "Supplier Part Number 1"; Value = ""; VariantName = "[No Variations]"
Change component parameters: Designator = "LO"; Footprint = "smd U.FL"; UniqueID = "\CHCMGKKC\UWELAJFJ"
Change component parameters. Clean all parameters for all variants
Change component parameters (AddParameter): Name = "Supplier 1"; Value = "Farnell"; VariantName = "[No Variations]"
Change component parameters (AddParameter): Name = "Supplier Part Number 1"; Value = ""; VariantName = "[No Variations]"
Change component parameters: Designator = "LOCK"; Footprint = "led HSMH-C190 (Avago Technologies)"; UniqueID = "\UNEDAOCQ\IVHDCGAJ"
Change component parameters. Clean all parameters for all variants
Change component parameters (AddParameter): Name = "Supplier 1"; Value = "Farnell"; VariantName = "[No Variations]"
Change component parameters (AddParameter): Name = "Supplier Part Number 1"; Value = ""; VariantName = "[No Variations]"
Change component parameters: Designator = "MIX"; Footprint = "led HSMH-C190 (Avago Technologies)"; UniqueID = "\UNEDAOCQ\GKFKKBBW"
Change component parameters. Clean all parameters for all variants
Change component parameters (AddParameter): Name = "Supplier 1"; Value = "Farnell"; VariantName = "[No Variations]"
Change component parameters (AddParameter): Name = "Supplier Part Number 1"; Value = ""; VariantName = "[No Variations]"
Change component parameters: Designator = "R6"; Footprint = "smd R EXB38v"; UniqueID = "\CHCMGKKC\QMOFOHWA"
Change component parameters. Clean all parameters for all variants
Change component parameters (AddParameter): Name = "Supplier 1"; Value = "Farnell"; VariantName = "[No Variations]"
Change component parameters (AddParameter): Name = "Supplier Part Number 1"; Value = ""; VariantName = "[No Variations]"
Change component parameters: Designator = "R7"; Footprint = "smd C0603_0.45"; UniqueID = "\RVAQQRVL\GXGLKLSV"
Change component parameters. Clean all parameters for all variants
Change component parameters (AddParameter): Name = "Supplier 1"; Value = "Farnell"; VariantName = "[No Variations]"
Change component parameters (AddParameter): Name = "Supplier Part Number 1"; Value = ""; VariantName = "[No Variations]"
Change component parameters: Designator = "R8"; Footprint = "smd C0603_0.45"; UniqueID = "\RVAQQRVL\FGEGMVJL"
Change component parameters. Clean all parameters for all variants
Change component parameters (AddParameter): Name = "Supplier 1"; Value = "Farnell"; VariantName = "[No Variations]"
Change component parameters (AddParameter): Name = "Supplier Part Number 1"; Value = ""; VariantName = "[No Variations]"
Change component parameters: Designator = "R13"; Footprint = "smd C0603_0.45"; UniqueID = "\CHCMGKKC\VTJALTSV"
Change component parameters. Clean all parameters for all variants
Change component parameters (AddParameter): Name = "Supplier 1"; Value = "Farnell"; VariantName = "[No Variations]"
Change component parameters (AddParameter): Name = "Supplier Part Number 1"; Value = ""; VariantName = "[No Variations]"
Change component parameters: Designator = "R14"; Footprint = "smd C0603_0.45"; UniqueID = "\CHCMGKKC\PGYKSWMV"
Change component parameters. Clean all parameters for all variants
Change component parameters (AddParameter): Name = "Supplier 1"; Value = "Farnell"; VariantName = "[No Variations]"
Change component parameters (AddParameter): Name = "Supplier Part Number 1"; Value = ""; VariantName = "[No Variations]"
Change component parameters: Designator = "R15"; Footprint = "smd C0603_0.45"; UniqueID = "\CHCMGKKC\MEPJJTXF"
Change component parameters. Clean all parameters for all variants
Change component parameters (AddParameter): Name = "Supplier 1"; Value = "Farnell"; VariantName = "[No Variations]"
Change component parameters (AddParameter): Name = "Supplier Part Number 1"; Value = ""; VariantName = "[No Variations]"
Change component parameters: Designator = "R16"; Footprint = "smd C0603_0.45"; UniqueID = "\CHCMGKKC\DDTPXWJQ"
Change component parameters. Clean all parameters for all variants
Change component parameters (AddParameter): Name = "Supplier 1"; Value = "Farnell"; VariantName = "[No Variations]"
Change component parameters (AddParameter): Name = "Supplier Part Number 1"; Value = ""; VariantName = "[No Variations]"
Change component parameters: Designator = "R17"; Footprint = "smd C0603_0.45"; UniqueID = "\CHCMGKKC\CVRHHSNQ"
Change component parameters. Clean all parameters for all variants
Change component parameters (AddParameter): Name = "Supplier 1"; Value = "Farnell"; VariantName = "[No Variations]"
Change component parameters (AddParameter): Name = "Supplier Part Number 1"; Value = ""; VariantName = "[No Variations]"
Change component parameters: Designator = "R01CPU"; Footprint = "smd C0603_0.45"; UniqueID = "\UNEDAOCQ\MDTYYTKY"
Change component parameters. Clean all parameters for all variants
Change component parameters (AddParameter): Name = "Supplier 1"; Value = "Farnell"; VariantName = "[No Variations]"
Change component parameters (AddParameter): Name = "Supplier Part Number 1"; Value = ""; VariantName = "[No Variations]"
Change component parameters: Designator = "R02CPU"; Footprint = "smd C0603_0.45"; UniqueID = "\UNEDAOCQ\TOREITIB"
Change component parameters. Clean all parameters for all variants
Change component parameters (AddParameter): Name = "Supplier 1"; Value = "Farnell"; VariantName = "[No Variations]"
Change component parameters (AddParameter): Name = "Supplier Part Number 1"; Value = ""; VariantName = "[No Variations]"
Change component parameters: Designator = "R03CPU"; Footprint = "smd C0603_0.45"; UniqueID = "\UNEDAOCQ\OUCXVBLS"
Change component parameters. Clean all parameters for all variants
Change component parameters (AddParameter): Name = "Supplier 1"; Value = "Farnell"; VariantName = "[No Variations]"
Change component parameters (AddParameter): Name = "Supplier Part Number 1"; Value = ""; VariantName = "[No Variations]"
Change component parameters: Designator = "R04CPU"; Footprint = "smd C0603_0.45"; UniqueID = "\UNEDAOCQ\MGWIOXFQ"
Change component parameters. Clean all parameters for all variants
Change component parameters (AddParameter): Name = "Supplier 1"; Value = "Farnell"; VariantName = "[No Variations]"
Change component parameters (AddParameter): Name = "Supplier Part Number 1"; Value = ""; VariantName = "[No Variations]"
Change component parameters: Designator = "R05CPU"; Footprint = "smd C0603_0.45"; UniqueID = "\UNEDAOCQ\DXTVQFJO"
Change component parameters. Clean all parameters for all variants
Change component parameters (AddParameter): Name = "Supplier 1"; Value = "Farnell"; VariantName = "[No Variations]"
Change component parameters (AddParameter): Name = "Supplier Part Number 1"; Value = ""; VariantName = "[No Variations]"
Change component parameters: Designator = "R06CPU"; Footprint = "smd C0603_0.45"; UniqueID = "\UNEDAOCQ\VGGPYOMM"
Change component parameters. Clean all parameters for all variants
Change component parameters (AddParameter): Name = "Supplier 1"; Value = "Farnell"; VariantName = "[No Variations]"
Change component parameters (AddParameter): Name = "Supplier Part Number 1"; Value = ""; VariantName = "[No Variations]"
Change component parameters: Designator = "R07CPU"; Footprint = "smd C0603_0.45"; UniqueID = "\UNEDAOCQ\SDMEWHOF"
Change component parameters. Clean all parameters for all variants
Change component parameters (AddParameter): Name = "Supplier 1"; Value = "Farnell"; VariantName = "[No Variations]"
Change component parameters (AddParameter): Name = "Supplier Part Number 1"; Value = ""; VariantName = "[No Variations]"
Change component parameters: Designator = "R08CPU"; Footprint = "smd C0603_0.45"; UniqueID = "\UNEDAOCQ\NVIOBKEK"
Change component parameters. Clean all parameters for all variants
Change component parameters (AddParameter): Name = "Supplier 1"; Value = "Farnell"; VariantName = "[No Variations]"
Change component parameters (AddParameter): Name = "Supplier Part Number 1"; Value = ""; VariantName = "[No Variations]"
Change component parameters: Designator = "R27"; Footprint = "smd C0603_0.45"; UniqueID = "\RVAQQRVL\FYHNVLSY"
Change component parameters. Clean all parameters for all variants
Change component parameters (AddParameter): Name = "Supplier 1"; Value = "Farnell"; VariantName = "[No Variations]"
Change component parameters (AddParameter): Name = "Supplier Part Number 1"; Value = ""; VariantName = "[No Variations]"
Change component parameters: Designator = "R28"; Footprint = "smd C0603_0.45"; UniqueID = "\RVAQQRVL\ASLIKHBQ"
Change component parameters. Clean all parameters for all variants
Change component parameters (AddParameter): Name = "Supplier 1"; Value = "Farnell"; VariantName = "[No Variations]"
Change component parameters (AddParameter): Name = "Supplier Part Number 1"; Value = ""; VariantName = "[No Variations]"
Change component parameters: Designator = "R29"; Footprint = "smd C0603_0.45"; UniqueID = "\RVAQQRVL\BXFKMINP"
Change component parameters. Clean all parameters for all variants
Change component parameters (AddParameter): Name = "Supplier 1"; Value = "Farnell"; VariantName = "[No Variations]"
Change component parameters (AddParameter): Name = "Supplier Part Number 1"; Value = ""; VariantName = "[No Variations]"
Change component parameters: Designator = "R30"; Footprint = "smd C0603_0.45"; UniqueID = "\RVAQQRVL\QGTJEUVS"
Change component parameters. Clean all parameters for all variants
Change component parameters (AddParameter): Name = "Supplier 1"; Value = "Farnell"; VariantName = "[No Variations]"
Change component parameters (AddParameter): Name = "Supplier Part Number 1"; Value = ""; VariantName = "[No Variations]"
Change component parameters: Designator = "R32"; Footprint = "smd C0603_0.45"; UniqueID = "\RVAQQRVL\SENPMSQP"
Change component parameters. Clean all parameters for all variants
Change component parameters (AddParameter): Name = "Supplier 1"; Value = "Farnell"; VariantName = "[No Variations]"
Change component parameters (AddParameter): Name = "Supplier Part Number 1"; Value = ""; VariantName = "[No Variations]"
Change component parameters: Designator = "R33"; Footprint = "smd C0603_0.45"; UniqueID = "\TBICGSSQ\LWKHEWCK"
Change component parameters. Clean all parameters for all variants
Change component parameters (AddParameter): Name = "Supplier 1"; Value = "Farnell"; VariantName = "[No Variations]"
Change component parameters (AddParameter): Name = "Supplier Part Number 1"; Value = ""; VariantName = "[No Variations]"
Change component parameters: Designator = "R34"; Footprint = "smd C0603_0.45"; UniqueID = "\TBICGSSQ\FMHXVAFL"
Change component parameters. Clean all parameters for all variants
Change component parameters (AddParameter): Name = "Supplier 1"; Value = "Farnell"; VariantName = "[No Variations]"
Change component parameters (AddParameter): Name = "Supplier Part Number 1"; Value = ""; VariantName = "[No Variations]"
Change component parameters: Designator = "R35"; Footprint = "smd C0603_0.45"; UniqueID = "\TBICGSSQ\OCNTBEDM"
Change component parameters. Clean all parameters for all variants
Change component parameters (AddParameter): Name = "Supplier 1"; Value = "Farnell"; VariantName = "[No Variations]"
Change component parameters (AddParameter): Name = "Supplier Part Number 1"; Value = ""; VariantName = "[No Variations]"
Change component parameters: Designator = "R36"; Footprint = "smd C0603_0.45"; UniqueID = "\TBICGSSQ\CFXACALH"
Change component parameters. Clean all parameters for all variants
Change component parameters (AddParameter): Name = "Supplier 1"; Value = "Farnell"; VariantName = "[No Variations]"
Change component parameters (AddParameter): Name = "Supplier Part Number 1"; Value = ""; VariantName = "[No Variations]"
Change component parameters: Designator = "R37"; Footprint = "smd C0603_0.45"; UniqueID = "\TBICGSSQ\LLEBMBFI"
Change component parameters. Clean all parameters for all variants
Change component parameters (AddParameter): Name = "Supplier 1"; Value = "Farnell"; VariantName = "[No Variations]"
Change component parameters (AddParameter): Name = "Supplier Part Number 1"; Value = ""; VariantName = "[No Variations]"
Change component parameters: Designator = "R38"; Footprint = "smd C0603_0.45"; UniqueID = "\TBICGSSQ\EETCLPCY"
Change component parameters. Clean all parameters for all variants
Change component parameters (AddParameter): Name = "Supplier 1"; Value = "Farnell"; VariantName = "[No Variations]"
Change component parameters (AddParameter): Name = "Supplier Part Number 1"; Value = ""; VariantName = "[No Variations]"
Change component parameters: Designator = "REF"; Footprint = "smd U.FL"; UniqueID = "\CHCMGKKC\KXNYRAKY"
Change component parameters. Clean all parameters for all variants
Change component parameters (AddParameter): Name = "Supplier 1"; Value = "Farnell"; VariantName = "[No Variations]"
Change component parameters (AddParameter): Name = "Supplier Part Number 1"; Value = ""; VariantName = "[No Variations]"
Change component parameters: Designator = "T2"; Footprint = "smd SOT-23"; UniqueID = "\TBICGSSQ\QQMBRSRU"
Change component parameters. Clean all parameters for all variants
Change component parameters (AddParameter): Name = "Supplier 1"; Value = "Farnell"; VariantName = "[No Variations]"
Change component parameters (AddParameter): Name = "Supplier Part Number 1"; Value = ""; VariantName = "[No Variations]"
Change component parameters: Designator = "U2"; Footprint = "smd MSOP/8"; UniqueID = "\CHCMGKKC\LPEALVHC"
Change component parameters. Clean all parameters for all variants
Change component parameters (AddParameter): Name = "Supplier 1"; Value = "Farnell"; VariantName = "[No Variations]"
Change component parameters (AddParameter): Name = "Supplier Part Number 1"; Value = ""; VariantName = "[No Variations]"
Change component parameters: Designator = "U5"; Footprint = "smd MSOP/8"; UniqueID = "\CHCMGKKC\HLTSMKYF"
Change component parameters. Clean all parameters for all variants
Change component parameters (AddParameter): Name = "Supplier 1"; Value = "Farnell"; VariantName = "[No Variations]"
Change component parameters (AddParameter): Name = "Supplier Part Number 1"; Value = ""; VariantName = "[No Variations]"
Change component parameters: Designator = "U8"; Footprint = "smd SOT-457"; UniqueID = "\UNEDAOCQ\CPHVXBIG"
Change component parameters. Clean all parameters for all variants
Change component parameters (AddParameter): Name = "Supplier 1"; Value = "Farnell"; VariantName = "[No Variations]"
Change component parameters (AddParameter): Name = "Supplier Part Number 1"; Value = ""; VariantName = "[No Variations]"
Change component parameters: Designator = "USB"; Footprint = "led HSMH-C190 (Avago Technologies)"; UniqueID = "\UNEDAOCQ\LKCGFYMS"
Change component parameters. Clean all parameters for all variants
Change component parameters (AddParameter): Name = "Supplier 1"; Value = "Farnell"; VariantName = "[No Variations]"
Change component parameters (AddParameter): Name = "Supplier Part Number 1"; Value = ""; VariantName = "[No Variations]"
Change component parameters: Designator = "C7"; Footprint = "smd C0603_0.80"; UniqueID = "\CHCMGKKC\PXGEQRXF"
Change component parameters. Clean all parameters for all variants
Change component parameters (AddParameter): Name = "Component Type"; Value = "Standard"; VariantName = "[No Variations]"
Change component parameters (AddParameter): Name = "Designator"; Value = "CSMD603/18nF"; VariantName = "[No Variations]"
Change component parameters (AddParameter): Name = "Part Number"; Value = "CSMD603/18nF"; VariantName = "[No Variations]"
Change component parameters (AddParameter): Name = "Pin Count"; Value = "2"; VariantName = "[No Variations]"
Change component parameters: Designator = "C14"; Footprint = "smd C0603_0.80"; UniqueID = "\CHCMGKKC\OGRKEHRS"
Change component parameters. Clean all parameters for all variants
Change component parameters (AddParameter): Name = "Component Type"; Value = "Standard"; VariantName = "[No Variations]"
Change component parameters (AddParameter): Name = "Designator"; Value = "CSMD603/18nF"; VariantName = "[No Variations]"
Change component parameters (AddParameter): Name = "Part Number"; Value = "CSMD603/18nF"; VariantName = "[No Variations]"
Change component parameters (AddParameter): Name = "Pin Count"; Value = "2"; VariantName = "[No Variations]"
Change component parameters: Designator = "C15"; Footprint = "smd C0603_0.80"; UniqueID = "\CHCMGKKC\REAEEXLV"
Change component parameters. Clean all parameters for all variants
Change component parameters (AddParameter): Name = "Component Type"; Value = "Standard"; VariantName = "[No Variations]"
Change component parameters (AddParameter): Name = "Designator"; Value = "CSMD603/18nF"; VariantName = "[No Variations]"
Change component parameters (AddParameter): Name = "Part Number"; Value = "CSMD603/18nF"; VariantName = "[No Variations]"
Change component parameters (AddParameter): Name = "Pin Count"; Value = "2"; VariantName = "[No Variations]"
Change component parameters: Designator = "C18"; Footprint = "smd C0603_0.80"; UniqueID = "\CHCMGKKC\BXEQAHPF"
Change component parameters. Clean all parameters for all variants
Change component parameters (AddParameter): Name = "Component Type"; Value = "Standard"; VariantName = "[No Variations]"
Change component parameters (AddParameter): Name = "Designator"; Value = "CSMD603/12nF"; VariantName = "[No Variations]"
Change component parameters (AddParameter): Name = "Part Number"; Value = "CSMD603/12nF"; VariantName = "[No Variations]"
Change component parameters (AddParameter): Name = "Pin Count"; Value = "2"; VariantName = "[No Variations]"
Change component parameters: Designator = "C19"; Footprint = "smd C0603_0.80"; UniqueID = "\CHCMGKKC\CKJRPJSI"
Change component parameters. Clean all parameters for all variants
Change component parameters (AddParameter): Name = "Component Type"; Value = "Standard"; VariantName = "[No Variations]"
Change component parameters (AddParameter): Name = "Designator"; Value = "CSMD603/12nF"; VariantName = "[No Variations]"
Change component parameters (AddParameter): Name = "Part Number"; Value = "CSMD603/12nF"; VariantName = "[No Variations]"
Change component parameters (AddParameter): Name = "Pin Count"; Value = "2"; VariantName = "[No Variations]"
Change component parameters: Designator = "C20"; Footprint = "smd C0603_0.80"; UniqueID = "\CHCMGKKC\GSGIGHSR"
Change component parameters. Clean all parameters for all variants
Change component parameters (AddParameter): Name = "Component Type"; Value = "Standard"; VariantName = "[No Variations]"
Change component parameters (AddParameter): Name = "Designator"; Value = "CSMD603/12nF"; VariantName = "[No Variations]"
Change component parameters (AddParameter): Name = "Part Number"; Value = "CSMD603/12nF"; VariantName = "[No Variations]"
Change component parameters (AddParameter): Name = "Pin Count"; Value = "2"; VariantName = "[No Variations]"
Change component parameters: Designator = "C25"; Footprint = "smd C0805_0.60"; UniqueID = "\CHCMGKKC\NMOHXNDO"
Change component parameters. Clean all parameters for all variants
Change component parameters (AddParameter): Name = "Component Type"; Value = "Standard"; VariantName = "[No Variations]"
Change component parameters (AddParameter): Name = "Designator"; Value = "CSMD805/330nF"; VariantName = "[No Variations]"
Change component parameters (AddParameter): Name = "Part Number"; Value = "CSMD805/330nF"; VariantName = "[No Variations]"
Change component parameters (AddParameter): Name = "Pin Count"; Value = "2"; VariantName = "[No Variations]"
Change component parameters: Designator = "C26"; Footprint = "smd C0805_0.60"; UniqueID = "\CHCMGKKC\BMGNSFKH"
Change component parameters. Clean all parameters for all variants
Change component parameters (AddParameter): Name = "Component Type"; Value = "Standard"; VariantName = "[No Variations]"
Change component parameters (AddParameter): Name = "Designator"; Value = "CSMD805/330nF"; VariantName = "[No Variations]"
Change component parameters (AddParameter): Name = "Part Number"; Value = "CSMD805/330nF"; VariantName = "[No Variations]"
Change component parameters (AddParameter): Name = "Pin Count"; Value = "2"; VariantName = "[No Variations]"
Change component parameters: Designator = "C28"; Footprint = "smd C0805_0.60"; UniqueID = "\CHCMGKKC\LVYDVOHS"
Change component parameters. Clean all parameters for all variants
Change component parameters (AddParameter): Name = "Component Type"; Value = "Standard"; VariantName = "[No Variations]"
Change component parameters (AddParameter): Name = "Designator"; Value = "CSMD805/330nF"; VariantName = "[No Variations]"
Change component parameters (AddParameter): Name = "Part Number"; Value = "CSMD805/330nF"; VariantName = "[No Variations]"
Change component parameters (AddParameter): Name = "Pin Count"; Value = "2"; VariantName = "[No Variations]"
Change component parameters: Designator = "C68"; Footprint = "smd C0603_0.80"; UniqueID = "\RVAQQRVL\BECFQKTD"
Change component parameters. Clean all parameters for all variants
Change component parameters (AddParameter): Name = "Component Type"; Value = "Standard"; VariantName = "[No Variations]"
Change component parameters (AddParameter): Name = "Designator"; Value = "CSMD603/100nF"; VariantName = "[No Variations]"
Change component parameters (AddParameter): Name = "Part Number"; Value = "CSMD603/100nF"; VariantName = "[No Variations]"
Change component parameters (AddParameter): Name = "Pin Count"; Value = "2"; VariantName = "[No Variations]"
Change component parameters: Designator = "C69"; Footprint = "smd C0603_0.80"; UniqueID = "\RVAQQRVL\QHFWUNLP"
Change component parameters. Clean all parameters for all variants
Change component parameters (AddParameter): Name = "Component Type"; Value = "Standard"; VariantName = "[No Variations]"
Change component parameters (AddParameter): Name = "Designator"; Value = "CSMD603/100nF"; VariantName = "[No Variations]"
Change component parameters (AddParameter): Name = "Part Number"; Value = "CSMD603/100nF"; VariantName = "[No Variations]"
Change component parameters (AddParameter): Name = "Pin Count"; Value = "2"; VariantName = "[No Variations]"
Change component parameters: Designator = "C1"; Footprint = "smd C0603_0.80"; UniqueID = "\CHCMGKKC\FSXHOVIO"
Change component parameters. Clean all parameters for all variants
Change component parameters (AddParameter): Name = "Component Type"; Value = "Standard"; VariantName = "[No Variations]"
Change component parameters (AddParameter): Name = "Designator"; Value = "CSMD603/100nF"; VariantName = "[No Variations]"
Change component parameters (AddParameter): Name = "Part Number"; Value = "CSMD603/100nF"; VariantName = "[No Variations]"
Change component parameters (AddParameter): Name = "Pin Count"; Value = "2"; VariantName = "[No Variations]"
Change component parameters (AddParameter): Name = "Supplier 1"; Value = "Farnell"; VariantName = "[No Variations]"
Change component parameters (AddParameter): Name = "Supplier Part Number 1"; Value = ""; VariantName = "[No Variations]"
Change component parameters: Designator = "C2"; Footprint = "smd C0603_0.80"; UniqueID = "\CHCMGKKC\DVOQTNET"
Change component parameters. Clean all parameters for all variants
Change component parameters (AddParameter): Name = "Component Type"; Value = "Standard"; VariantName = "[No Variations]"
Change component parameters (AddParameter): Name = "Designator"; Value = "CSMD603/100nF"; VariantName = "[No Variations]"
Change component parameters (AddParameter): Name = "Part Number"; Value = "CSMD603/100nF"; VariantName = "[No Variations]"
Change component parameters (AddParameter): Name = "Pin Count"; Value = "2"; VariantName = "[No Variations]"
Change component parameters (AddParameter): Name = "Supplier 1"; Value = "Farnell"; VariantName = "[No Variations]"
Change component parameters (AddParameter): Name = "Supplier Part Number 1"; Value = ""; VariantName = "[No Variations]"
Change component parameters: Designator = "C3"; Footprint = "smd C0603_0.80"; UniqueID = "\CHCMGKKC\KYLMXHJS"
Change component parameters. Clean all parameters for all variants
Change component parameters (AddParameter): Name = "Component Type"; Value = "Standard"; VariantName = "[No Variations]"
Change component parameters (AddParameter): Name = "Designator"; Value = "CSMD603/100nF"; VariantName = "[No Variations]"
Change component parameters (AddParameter): Name = "Part Number"; Value = "CSMD603/100nF"; VariantName = "[No Variations]"
Change component parameters (AddParameter): Name = "Pin Count"; Value = "2"; VariantName = "[No Variations]"
Change component parameters (AddParameter): Name = "Supplier 1"; Value = "Farnell"; VariantName = "[No Variations]"
Change component parameters (AddParameter): Name = "Supplier Part Number 1"; Value = ""; VariantName = "[No Variations]"
Change component parameters: Designator = "C4"; Footprint = "smd C0603_0.80"; UniqueID = "\CHCMGKKC\GTKACQRH"
Change component parameters. Clean all parameters for all variants
Change component parameters (AddParameter): Name = "Component Type"; Value = "Standard"; VariantName = "[No Variations]"
Change component parameters (AddParameter): Name = "Designator"; Value = "CSMD603/100nF"; VariantName = "[No Variations]"
Change component parameters (AddParameter): Name = "Part Number"; Value = "CSMD603/100nF"; VariantName = "[No Variations]"
Change component parameters (AddParameter): Name = "Pin Count"; Value = "2"; VariantName = "[No Variations]"
Change component parameters (AddParameter): Name = "Supplier 1"; Value = "Farnell"; VariantName = "[No Variations]"
Change component parameters (AddParameter): Name = "Supplier Part Number 1"; Value = ""; VariantName = "[No Variations]"
Change component parameters: Designator = "C5"; Footprint = "smd C0603_0.80"; UniqueID = "\CHCMGKKC\QWPWNRGX"
Change component parameters. Clean all parameters for all variants
Change component parameters (AddParameter): Name = "Component Type"; Value = "Standard"; VariantName = "[No Variations]"
Change component parameters (AddParameter): Name = "Designator"; Value = "CSMD603/100nF"; VariantName = "[No Variations]"
Change component parameters (AddParameter): Name = "Part Number"; Value = "CSMD603/100nF"; VariantName = "[No Variations]"
Change component parameters (AddParameter): Name = "Pin Count"; Value = "2"; VariantName = "[No Variations]"
Change component parameters (AddParameter): Name = "Supplier 1"; Value = "Farnell"; VariantName = "[No Variations]"
Change component parameters (AddParameter): Name = "Supplier Part Number 1"; Value = ""; VariantName = "[No Variations]"
Change component parameters: Designator = "C6"; Footprint = "smd C0603_0.80"; UniqueID = "\CHCMGKKC\MMRWTOIJ"
Change component parameters. Clean all parameters for all variants
Change component parameters (AddParameter): Name = "Component Type"; Value = "Standard"; VariantName = "[No Variations]"
Change component parameters (AddParameter): Name = "Designator"; Value = "CSMD603/100nF"; VariantName = "[No Variations]"
Change component parameters (AddParameter): Name = "Part Number"; Value = "CSMD603/100nF"; VariantName = "[No Variations]"
Change component parameters (AddParameter): Name = "Pin Count"; Value = "2"; VariantName = "[No Variations]"
Change component parameters (AddParameter): Name = "Supplier 1"; Value = "Farnell"; VariantName = "[No Variations]"
Change component parameters (AddParameter): Name = "Supplier Part Number 1"; Value = ""; VariantName = "[No Variations]"
Change component parameters: Designator = "C8"; Footprint = "smd C0402"; UniqueID = "\CHCMGKKC\JKCKJFFT"
Change component parameters. Clean all parameters for all variants
Change component parameters (AddParameter): Name = "Component Type"; Value = "Standard"; VariantName = "[No Variations]"
Change component parameters (AddParameter): Name = "Designator"; Value = "CSMD402/100nF"; VariantName = "[No Variations]"
Change component parameters (AddParameter): Name = "Part Number"; Value = "CSMD402/100nF"; VariantName = "[No Variations]"
Change component parameters (AddParameter): Name = "Pin Count"; Value = "2"; VariantName = "[No Variations]"
Change component parameters (AddParameter): Name = "Supplier 1"; Value = "Farnell"; VariantName = "[No Variations]"
Change component parameters (AddParameter): Name = "Supplier Part Number 1"; Value = ""; VariantName = "[No Variations]"
Change component parameters: Designator = "C9"; Footprint = "smd C0402"; UniqueID = "\CHCMGKKC\YKHUCJRJ"
Change component parameters. Clean all parameters for all variants
Change component parameters (AddParameter): Name = "Component Type"; Value = "Standard"; VariantName = "[No Variations]"
Change component parameters (AddParameter): Name = "Designator"; Value = "CSMD402/100nF"; VariantName = "[No Variations]"
Change component parameters (AddParameter): Name = "Part Number"; Value = "CSMD402/100nF"; VariantName = "[No Variations]"
Change component parameters (AddParameter): Name = "Pin Count"; Value = "2"; VariantName = "[No Variations]"
Change component parameters (AddParameter): Name = "Supplier 1"; Value = "Farnell"; VariantName = "[No Variations]"
Change component parameters (AddParameter): Name = "Supplier Part Number 1"; Value = ""; VariantName = "[No Variations]"
Change component parameters: Designator = "C10"; Footprint = "smd C0402"; UniqueID = "\CHCMGKKC\FDGSTOUA"
Change component parameters. Clean all parameters for all variants
Change component parameters (AddParameter): Name = "Component Type"; Value = "Standard"; VariantName = "[No Variations]"
Change component parameters (AddParameter): Name = "Designator"; Value = "CSMD402/100nF"; VariantName = "[No Variations]"
Change component parameters (AddParameter): Name = "Part Number"; Value = "CSMD402/100nF"; VariantName = "[No Variations]"
Change component parameters (AddParameter): Name = "Pin Count"; Value = "2"; VariantName = "[No Variations]"
Change component parameters (AddParameter): Name = "Supplier 1"; Value = "Farnell"; VariantName = "[No Variations]"
Change component parameters (AddParameter): Name = "Supplier Part Number 1"; Value = ""; VariantName = "[No Variations]"
Change component parameters: Designator = "C11"; Footprint = "smd C0402"; UniqueID = "\CHCMGKKC\RLYSLRCO"
Change component parameters. Clean all parameters for all variants
Change component parameters (AddParameter): Name = "Component Type"; Value = "Standard"; VariantName = "[No Variations]"
Change component parameters (AddParameter): Name = "Designator"; Value = "CSMD402/100nF"; VariantName = "[No Variations]"
Change component parameters (AddParameter): Name = "Part Number"; Value = "CSMD402/100nF"; VariantName = "[No Variations]"
Change component parameters (AddParameter): Name = "Pin Count"; Value = "2"; VariantName = "[No Variations]"
Change component parameters (AddParameter): Name = "Supplier 1"; Value = "Farnell"; VariantName = "[No Variations]"
Change component parameters (AddParameter): Name = "Supplier Part Number 1"; Value = ""; VariantName = "[No Variations]"
Change component parameters: Designator = "C12"; Footprint = "smd C0402"; UniqueID = "\CHCMGKKC\MFTXITOS"
Change component parameters. Clean all parameters for all variants
Change component parameters (AddParameter): Name = "Component Type"; Value = "Standard"; VariantName = "[No Variations]"
Change component parameters (AddParameter): Name = "Designator"; Value = "CSMD402/100nF"; VariantName = "[No Variations]"
Change component parameters (AddParameter): Name = "Part Number"; Value = "CSMD402/100nF"; VariantName = "[No Variations]"
Change component parameters (AddParameter): Name = "Pin Count"; Value = "2"; VariantName = "[No Variations]"
Change component parameters (AddParameter): Name = "Supplier 1"; Value = "Farnell"; VariantName = "[No Variations]"
Change component parameters (AddParameter): Name = "Supplier Part Number 1"; Value = ""; VariantName = "[No Variations]"
Change component parameters: Designator = "C13"; Footprint = "smd C0402"; UniqueID = "\CHCMGKKC\EILKROBX"
Change component parameters. Clean all parameters for all variants
Change component parameters (AddParameter): Name = "Component Type"; Value = "Standard"; VariantName = "[No Variations]"
Change component parameters (AddParameter): Name = "Designator"; Value = "CSMD402/100nF"; VariantName = "[No Variations]"
Change component parameters (AddParameter): Name = "Part Number"; Value = "CSMD402/100nF"; VariantName = "[No Variations]"
Change component parameters (AddParameter): Name = "Pin Count"; Value = "2"; VariantName = "[No Variations]"
Change component parameters (AddParameter): Name = "Supplier 1"; Value = "Farnell"; VariantName = "[No Variations]"
Change component parameters (AddParameter): Name = "Supplier Part Number 1"; Value = ""; VariantName = "[No Variations]"
Change component parameters: Designator = "C16"; Footprint = "smd C0402"; UniqueID = "\CHCMGKKC\MKSGXBBH"
Change component parameters. Clean all parameters for all variants
Change component parameters (AddParameter): Name = "Component Type"; Value = "Standard"; VariantName = "[No Variations]"
Change component parameters (AddParameter): Name = "Designator"; Value = "CSMD402/22pF"; VariantName = "[No Variations]"
Change component parameters (AddParameter): Name = "Part Number"; Value = "CSMD402/22pF"; VariantName = "[No Variations]"
Change component parameters (AddParameter): Name = "Pin Count"; Value = "2"; VariantName = "[No Variations]"
Change component parameters (AddParameter): Name = "Supplier 1"; Value = "Farnell"; VariantName = "[No Variations]"
Change component parameters (AddParameter): Name = "Supplier Part Number 1"; Value = ""; VariantName = "[No Variations]"
Change component parameters: Designator = "C17"; Footprint = "smd C0402"; UniqueID = "\CHCMGKKC\RJOITEHK"
Change component parameters. Clean all parameters for all variants
Change component parameters (AddParameter): Name = "Component Type"; Value = "Standard"; VariantName = "[No Variations]"
Change component parameters (AddParameter): Name = "Designator"; Value = "CSMD402/22pF"; VariantName = "[No Variations]"
Change component parameters (AddParameter): Name = "Part Number"; Value = "CSMD402/22pF"; VariantName = "[No Variations]"
Change component parameters (AddParameter): Name = "Pin Count"; Value = "2"; VariantName = "[No Variations]"
Change component parameters (AddParameter): Name = "Supplier 1"; Value = "Farnell"; VariantName = "[No Variations]"
Change component parameters (AddParameter): Name = "Supplier Part Number 1"; Value = ""; VariantName = "[No Variations]"
Change component parameters: Designator = "C22"; Footprint = "smd C0402"; UniqueID = "\CHCMGKKC\OEULLVPX"
Change component parameters. Clean all parameters for all variants
Change component parameters (AddParameter): Name = "Component Type"; Value = "Standard"; VariantName = "[No Variations]"
Change component parameters (AddParameter): Name = "Designator"; Value = "CSMD402/100nF"; VariantName = "[No Variations]"
Change component parameters (AddParameter): Name = "Part Number"; Value = "CSMD402/100nF"; VariantName = "[No Variations]"
Change component parameters (AddParameter): Name = "Pin Count"; Value = "2"; VariantName = "[No Variations]"
Change component parameters (AddParameter): Name = "Supplier 1"; Value = "Farnell"; VariantName = "[No Variations]"
Change component parameters (AddParameter): Name = "Supplier Part Number 1"; Value = ""; VariantName = "[No Variations]"
Change component parameters: Designator = "C23"; Footprint = "smd C0603_0.80"; UniqueID = "\CHCMGKKC\VLYRUEXX"
Change component parameters. Clean all parameters for all variants
Change component parameters (AddParameter): Name = "Component Type"; Value = "Standard"; VariantName = "[No Variations]"
Change component parameters (AddParameter): Name = "Designator"; Value = "CSMD603/100nF"; VariantName = "[No Variations]"
Change component parameters (AddParameter): Name = "Part Number"; Value = "CSMD603/100nF"; VariantName = "[No Variations]"
Change component parameters (AddParameter): Name = "Pin Count"; Value = "2"; VariantName = "[No Variations]"
Change component parameters (AddParameter): Name = "Supplier 1"; Value = "Farnell"; VariantName = "[No Variations]"
Change component parameters (AddParameter): Name = "Supplier Part Number 1"; Value = ""; VariantName = "[No Variations]"
Change component parameters: Designator = "C29"; Footprint = "smd C0603_0.80"; UniqueID = "\CHCMGKKC\SOHCIRFY"
Change component parameters. Clean all parameters for all variants
Change component parameters (AddParameter): Name = "Component Type"; Value = "Standard"; VariantName = "[No Variations]"
Change component parameters (AddParameter): Name = "Designator"; Value = "CSMD603/100nF"; VariantName = "[No Variations]"
Change component parameters (AddParameter): Name = "Part Number"; Value = "CSMD603/100nF"; VariantName = "[No Variations]"
Change component parameters (AddParameter): Name = "Pin Count"; Value = "2"; VariantName = "[No Variations]"
Change component parameters (AddParameter): Name = "Supplier 1"; Value = "Farnell"; VariantName = "[No Variations]"
Change component parameters (AddParameter): Name = "Supplier Part Number 1"; Value = ""; VariantName = "[No Variations]"
Change component parameters: Designator = "C30"; Footprint = "smd C0603_0.80"; UniqueID = "\CHCMGKKC\DRBAMVAU"
Change component parameters. Clean all parameters for all variants
Change component parameters (AddParameter): Name = "Component Type"; Value = "Standard"; VariantName = "[No Variations]"
Change component parameters (AddParameter): Name = "Designator"; Value = "CSMD603/100nF"; VariantName = "[No Variations]"
Change component parameters (AddParameter): Name = "Part Number"; Value = "CSMD603/100nF"; VariantName = "[No Variations]"
Change component parameters (AddParameter): Name = "Pin Count"; Value = "2"; VariantName = "[No Variations]"
Change component parameters (AddParameter): Name = "Supplier 1"; Value = "Farnell"; VariantName = "[No Variations]"
Change component parameters (AddParameter): Name = "Supplier Part Number 1"; Value = ""; VariantName = "[No Variations]"
Change component parameters: Designator = "C31"; Footprint = "smd C0603_0.80"; UniqueID = "\CHCMGKKC\EFSPJAWM"
Change component parameters. Clean all parameters for all variants
Change component parameters (AddParameter): Name = "Component Type"; Value = "Standard"; VariantName = "[No Variations]"
Change component parameters (AddParameter): Name = "Designator"; Value = "CSMD603/100nF"; VariantName = "[No Variations]"
Change component parameters (AddParameter): Name = "Part Number"; Value = "CSMD603/100nF"; VariantName = "[No Variations]"
Change component parameters (AddParameter): Name = "Pin Count"; Value = "2"; VariantName = "[No Variations]"
Change component parameters (AddParameter): Name = "Supplier 1"; Value = "Farnell"; VariantName = "[No Variations]"
Change component parameters (AddParameter): Name = "Supplier Part Number 1"; Value = ""; VariantName = "[No Variations]"
Change component parameters: Designator = "C32"; Footprint = "smd C0603_0.80"; UniqueID = "\CHCMGKKC\MBOJMBUI"
Change component parameters. Clean all parameters for all variants
Change component parameters (AddParameter): Name = "Component Type"; Value = "Standard"; VariantName = "[No Variations]"
Change component parameters (AddParameter): Name = "Designator"; Value = "CSMD603/100nF"; VariantName = "[No Variations]"
Change component parameters (AddParameter): Name = "Part Number"; Value = "CSMD603/100nF"; VariantName = "[No Variations]"
Change component parameters (AddParameter): Name = "Pin Count"; Value = "2"; VariantName = "[No Variations]"
Change component parameters (AddParameter): Name = "Supplier 1"; Value = "Farnell"; VariantName = "[No Variations]"
Change component parameters (AddParameter): Name = "Supplier Part Number 1"; Value = ""; VariantName = "[No Variations]"
Change component parameters: Designator = "C33"; Footprint = "smd C0603_0.80"; UniqueID = "\CHCMGKKC\NWEXQKRW"
Change component parameters. Clean all parameters for all variants
Change component parameters (AddParameter): Name = "Component Type"; Value = "Standard"; VariantName = "[No Variations]"
Change component parameters (AddParameter): Name = "Designator"; Value = "CSMD603/100nF"; VariantName = "[No Variations]"
Change component parameters (AddParameter): Name = "Part Number"; Value = "CSMD603/100nF"; VariantName = "[No Variations]"
Change component parameters (AddParameter): Name = "Pin Count"; Value = "2"; VariantName = "[No Variations]"
Change component parameters (AddParameter): Name = "Supplier 1"; Value = "Farnell"; VariantName = "[No Variations]"
Change component parameters (AddParameter): Name = "Supplier Part Number 1"; Value = ""; VariantName = "[No Variations]"
Change component parameters: Designator = "C34"; Footprint = "smd C0603_0.80"; UniqueID = "\CHCMGKKC\WWEQIESB"
Change component parameters. Clean all parameters for all variants
Change component parameters (AddParameter): Name = "Component Type"; Value = "Standard"; VariantName = "[No Variations]"
Change component parameters (AddParameter): Name = "Designator"; Value = "CSMD603/100nF"; VariantName = "[No Variations]"
Change component parameters (AddParameter): Name = "Part Number"; Value = "CSMD603/100nF"; VariantName = "[No Variations]"
Change component parameters (AddParameter): Name = "Pin Count"; Value = "2"; VariantName = "[No Variations]"
Change component parameters (AddParameter): Name = "Supplier 1"; Value = "Farnell"; VariantName = "[No Variations]"
Change component parameters (AddParameter): Name = "Supplier Part Number 1"; Value = ""; VariantName = "[No Variations]"
Change component parameters: Designator = "C35"; Footprint = "smd C0603_0.80"; UniqueID = "\CHCMGKKC\PANSHMHR"
Change component parameters. Clean all parameters for all variants
Change component parameters (AddParameter): Name = "Component Type"; Value = "Standard"; VariantName = "[No Variations]"
Change component parameters (AddParameter): Name = "Designator"; Value = "CSMD603/100nF"; VariantName = "[No Variations]"
Change component parameters (AddParameter): Name = "Part Number"; Value = "CSMD603/100nF"; VariantName = "[No Variations]"
Change component parameters (AddParameter): Name = "Pin Count"; Value = "2"; VariantName = "[No Variations]"
Change component parameters (AddParameter): Name = "Supplier 1"; Value = "Farnell"; VariantName = "[No Variations]"
Change component parameters (AddParameter): Name = "Supplier Part Number 1"; Value = ""; VariantName = "[No Variations]"
Change component parameters: Designator = "C01CPU"; Footprint = "smd C0603_0.80"; UniqueID = "\UNEDAOCQ\UQSUKLHR"
Change component parameters. Clean all parameters for all variants
Change component parameters (AddParameter): Name = "Component Type"; Value = "Standard"; VariantName = "[No Variations]"
Change component parameters (AddParameter): Name = "Designator"; Value = "CSMD603/100nF"; VariantName = "[No Variations]"
Change component parameters (AddParameter): Name = "Part Number"; Value = "CSMD603/100nF"; VariantName = "[No Variations]"
Change component parameters (AddParameter): Name = "Pin Count"; Value = "2"; VariantName = "[No Variations]"
Change component parameters (AddParameter): Name = "Supplier 1"; Value = "Farnell"; VariantName = "[No Variations]"
Change component parameters (AddParameter): Name = "Supplier Part Number 1"; Value = ""; VariantName = "[No Variations]"
Change component parameters: Designator = "C02CPU"; Footprint = "smd C0603_0.80"; UniqueID = "\UNEDAOCQ\IEXYPLMU"
Change component parameters. Clean all parameters for all variants
Change component parameters (AddParameter): Name = "Component Type"; Value = "Standard"; VariantName = "[No Variations]"
Change component parameters (AddParameter): Name = "Designator"; Value = "CSMD603/100nF"; VariantName = "[No Variations]"
Change component parameters (AddParameter): Name = "Part Number"; Value = "CSMD603/100nF"; VariantName = "[No Variations]"
Change component parameters (AddParameter): Name = "Pin Count"; Value = "2"; VariantName = "[No Variations]"
Change component parameters (AddParameter): Name = "Supplier 1"; Value = "Farnell"; VariantName = "[No Variations]"
Change component parameters (AddParameter): Name = "Supplier Part Number 1"; Value = ""; VariantName = "[No Variations]"
Change component parameters: Designator = "C03CPU"; Footprint = "smd C0603_0.80"; UniqueID = "\UNEDAOCQ\RLIBDJOU"
Change component parameters. Clean all parameters for all variants
Change component parameters (AddParameter): Name = "Component Type"; Value = "Standard"; VariantName = "[No Variations]"
Change component parameters (AddParameter): Name = "Designator"; Value = "CSMD603/100nF"; VariantName = "[No Variations]"
Change component parameters (AddParameter): Name = "Part Number"; Value = "CSMD603/100nF"; VariantName = "[No Variations]"
Change component parameters (AddParameter): Name = "Pin Count"; Value = "2"; VariantName = "[No Variations]"
Change component parameters (AddParameter): Name = "Supplier 1"; Value = "Farnell"; VariantName = "[No Variations]"
Change component parameters (AddParameter): Name = "Supplier Part Number 1"; Value = ""; VariantName = "[No Variations]"
Change component parameters: Designator = "C04CPU"; Footprint = "smd C0603_0.80"; UniqueID = "\UNEDAOCQ\DELGMSUJ"
Change component parameters. Clean all parameters for all variants
Change component parameters (AddParameter): Name = "Component Type"; Value = "Standard"; VariantName = "[No Variations]"
Change component parameters (AddParameter): Name = "Designator"; Value = "CSMD603/10pF"; VariantName = "[No Variations]"
Change component parameters (AddParameter): Name = "Part Number"; Value = "CSMD603/10pF"; VariantName = "[No Variations]"
Change component parameters (AddParameter): Name = "Pin Count"; Value = "2"; VariantName = "[No Variations]"
Change component parameters (AddParameter): Name = "Supplier 1"; Value = "Farnell"; VariantName = "[No Variations]"
Change component parameters (AddParameter): Name = "Supplier Part Number 1"; Value = ""; VariantName = "[No Variations]"
Change component parameters: Designator = "C05CPU"; Footprint = "smd C0603_0.80"; UniqueID = "\UNEDAOCQ\ESSNJMOF"
Change component parameters. Clean all parameters for all variants
Change component parameters (AddParameter): Name = "Component Type"; Value = "Standard"; VariantName = "[No Variations]"
Change component parameters (AddParameter): Name = "Designator"; Value = "CSMD603/10pF"; VariantName = "[No Variations]"
Change component parameters (AddParameter): Name = "Part Number"; Value = "CSMD603/10pF"; VariantName = "[No Variations]"
Change component parameters (AddParameter): Name = "Pin Count"; Value = "2"; VariantName = "[No Variations]"
Change component parameters (AddParameter): Name = "Supplier 1"; Value = "Farnell"; VariantName = "[No Variations]"
Change component parameters (AddParameter): Name = "Supplier Part Number 1"; Value = ""; VariantName = "[No Variations]"
Change component parameters: Designator = "C06CPU"; Footprint = "smd C0603_0.80"; UniqueID = "\UNEDAOCQ\FWISXJIC"
Change component parameters. Clean all parameters for all variants
Change component parameters (AddParameter): Name = "Component Type"; Value = "Standard"; VariantName = "[No Variations]"
Change component parameters (AddParameter): Name = "Designator"; Value = "CSMD603/100nF"; VariantName = "[No Variations]"
Change component parameters (AddParameter): Name = "Part Number"; Value = "CSMD603/100nF"; VariantName = "[No Variations]"
Change component parameters (AddParameter): Name = "Pin Count"; Value = "2"; VariantName = "[No Variations]"
Change component parameters (AddParameter): Name = "Supplier 1"; Value = "Farnell"; VariantName = "[No Variations]"
Change component parameters (AddParameter): Name = "Supplier Part Number 1"; Value = ""; VariantName = "[No Variations]"
Change component parameters: Designator = "C07CPU"; Footprint = "smd C1206 polar"; UniqueID = "\UNEDAOCQ\HANXGDEU"
Change component parameters. Clean all parameters for all variants
Change component parameters (AddParameter): Name = "Component Type"; Value = "Standard"; VariantName = "[No Variations]"
Change component parameters (AddParameter): Name = "Designator"; Value = "CSMD1206/10uF/10V"; VariantName = "[No Variations]"
Change component parameters (AddParameter): Name = "Part Number"; Value = "CSMD1206/10uF/10V"; VariantName = "[No Variations]"
Change component parameters (AddParameter): Name = "Pin Count"; Value = "2"; VariantName = "[No Variations]"
Change component parameters (AddParameter): Name = "Supplier 1"; Value = "Farnell"; VariantName = "[No Variations]"
Change component parameters (AddParameter): Name = "Supplier Part Number 1"; Value = ""; VariantName = "[No Variations]"
Change component parameters: Designator = "C08CPU"; Footprint = "smd C1206 polar"; UniqueID = "\UNEDAOCQ\CPALUAMA"
Change component parameters. Clean all parameters for all variants
Change component parameters (AddParameter): Name = "Component Type"; Value = "Standard"; VariantName = "[No Variations]"
Change component parameters (AddParameter): Name = "Designator"; Value = "CSMD1206/10uF/10V"; VariantName = "[No Variations]"
Change component parameters (AddParameter): Name = "Part Number"; Value = "CSMD1206/10uF/10V"; VariantName = "[No Variations]"
Change component parameters (AddParameter): Name = "Pin Count"; Value = "2"; VariantName = "[No Variations]"
Change component parameters (AddParameter): Name = "Supplier 1"; Value = "Farnell"; VariantName = "[No Variations]"
Change component parameters (AddParameter): Name = "Supplier Part Number 1"; Value = ""; VariantName = "[No Variations]"
Change component parameters: Designator = "C09CPU"; Footprint = "smd C0603_0.80"; UniqueID = "\UNEDAOCQ\OLLRKIBP"
Change component parameters. Clean all parameters for all variants
Change component parameters (AddParameter): Name = "Component Type"; Value = "Standard"; VariantName = "[No Variations]"
Change component parameters (AddParameter): Name = "Designator"; Value = "CSMD603/100nF"; VariantName = "[No Variations]"
Change component parameters (AddParameter): Name = "Part Number"; Value = "CSMD603/100nF"; VariantName = "[No Variations]"
Change component parameters (AddParameter): Name = "Pin Count"; Value = "2"; VariantName = "[No Variations]"
Change component parameters (AddParameter): Name = "Supplier 1"; Value = "Farnell"; VariantName = "[No Variations]"
Change component parameters (AddParameter): Name = "Supplier Part Number 1"; Value = ""; VariantName = "[No Variations]"
Change component parameters: Designator = "C10CPU"; Footprint = "smd C0603_0.80"; UniqueID = "\UNEDAOCQ\RRQXAGOF"
Change component parameters. Clean all parameters for all variants
Change component parameters (AddParameter): Name = "Component Type"; Value = "Standard"; VariantName = "[No Variations]"
Change component parameters (AddParameter): Name = "Designator"; Value = "CSMD603/100nF"; VariantName = "[No Variations]"
Change component parameters (AddParameter): Name = "Part Number"; Value = "CSMD603/100nF"; VariantName = "[No Variations]"
Change component parameters (AddParameter): Name = "Pin Count"; Value = "2"; VariantName = "[No Variations]"
Change component parameters (AddParameter): Name = "Supplier 1"; Value = "Farnell"; VariantName = "[No Variations]"
Change component parameters (AddParameter): Name = "Supplier Part Number 1"; Value = ""; VariantName = "[No Variations]"
Change component parameters: Designator = "C11CPU"; Footprint = "smd C0603_0.80"; UniqueID = "\UNEDAOCQ\ADNMIAGK"
Change component parameters. Clean all parameters for all variants
Change component parameters (AddParameter): Name = "Component Type"; Value = "Standard"; VariantName = "[No Variations]"
Change component parameters (AddParameter): Name = "Designator"; Value = "CSMD603/100nF"; VariantName = "[No Variations]"
Change component parameters (AddParameter): Name = "Part Number"; Value = "CSMD603/100nF"; VariantName = "[No Variations]"
Change component parameters (AddParameter): Name = "Pin Count"; Value = "2"; VariantName = "[No Variations]"
Change component parameters (AddParameter): Name = "Supplier 1"; Value = "Farnell"; VariantName = "[No Variations]"
Change component parameters (AddParameter): Name = "Supplier Part Number 1"; Value = ""; VariantName = "[No Variations]"
Change component parameters: Designator = "C49"; Footprint = "smd C0402"; UniqueID = "\RVAQQRVL\OTYDPEUA"
Change component parameters. Clean all parameters for all variants
Change component parameters (AddParameter): Name = "Component Type"; Value = "Standard"; VariantName = "[No Variations]"
Change component parameters (AddParameter): Name = "Designator"; Value = "CSMD402/100nF"; VariantName = "[No Variations]"
Change component parameters (AddParameter): Name = "Part Number"; Value = "CSMD402/100nF"; VariantName = "[No Variations]"
Change component parameters (AddParameter): Name = "Pin Count"; Value = "2"; VariantName = "[No Variations]"
Change component parameters (AddParameter): Name = "Supplier 1"; Value = "Farnell"; VariantName = "[No Variations]"
Change component parameters (AddParameter): Name = "Supplier Part Number 1"; Value = ""; VariantName = "[No Variations]"
Change component parameters: Designator = "C50"; Footprint = "smd C0402"; UniqueID = "\RVAQQRVL\GFALBBTD"
Change component parameters. Clean all parameters for all variants
Change component parameters (AddParameter): Name = "Component Type"; Value = "Standard"; VariantName = "[No Variations]"
Change component parameters (AddParameter): Name = "Designator"; Value = "CSMD402/100nF"; VariantName = "[No Variations]"
Change component parameters (AddParameter): Name = "Part Number"; Value = "CSMD402/100nF"; VariantName = "[No Variations]"
Change component parameters (AddParameter): Name = "Pin Count"; Value = "2"; VariantName = "[No Variations]"
Change component parameters (AddParameter): Name = "Supplier 1"; Value = "Farnell"; VariantName = "[No Variations]"
Change component parameters (AddParameter): Name = "Supplier Part Number 1"; Value = ""; VariantName = "[No Variations]"
Change component parameters: Designator = "C51"; Footprint = "smd C0603_0.80"; UniqueID = "\RVAQQRVL\EMDPPVSR"
Change component parameters. Clean all parameters for all variants
Change component parameters (AddParameter): Name = "Component Type"; Value = "Standard"; VariantName = "[No Variations]"
Change component parameters (AddParameter): Name = "Designator"; Value = "CSMD603/100nF"; VariantName = "[No Variations]"
Change component parameters (AddParameter): Name = "Part Number"; Value = "CSMD603/100nF"; VariantName = "[No Variations]"
Change component parameters (AddParameter): Name = "Pin Count"; Value = "2"; VariantName = "[No Variations]"
Change component parameters (AddParameter): Name = "Supplier 1"; Value = "Farnell"; VariantName = "[No Variations]"
Change component parameters (AddParameter): Name = "Supplier Part Number 1"; Value = ""; VariantName = "[No Variations]"
Change component parameters: Designator = "C52"; Footprint = "smd C0402"; UniqueID = "\RVAQQRVL\ASSVHVFR"
Change component parameters. Clean all parameters for all variants
Change component parameters (AddParameter): Name = "Component Type"; Value = "Standard"; VariantName = "[No Variations]"
Change component parameters (AddParameter): Name = "Designator"; Value = "CSMD402/22pF"; VariantName = "[No Variations]"
Change component parameters (AddParameter): Name = "Part Number"; Value = "CSMD402/22pF"; VariantName = "[No Variations]"
Change component parameters (AddParameter): Name = "Pin Count"; Value = "2"; VariantName = "[No Variations]"
Change component parameters (AddParameter): Name = "Supplier 1"; Value = "Farnell"; VariantName = "[No Variations]"
Change component parameters (AddParameter): Name = "Supplier Part Number 1"; Value = ""; VariantName = "[No Variations]"
Change component parameters: Designator = "C53"; Footprint = "smd C0402"; UniqueID = "\RVAQQRVL\DNCQQLBL"
Change component parameters. Clean all parameters for all variants
Change component parameters (AddParameter): Name = "Component Type"; Value = "Standard"; VariantName = "[No Variations]"
Change component parameters (AddParameter): Name = "Designator"; Value = "CSMD402/22pF"; VariantName = "[No Variations]"
Change component parameters (AddParameter): Name = "Part Number"; Value = "CSMD402/22pF"; VariantName = "[No Variations]"
Change component parameters (AddParameter): Name = "Pin Count"; Value = "2"; VariantName = "[No Variations]"
Change component parameters (AddParameter): Name = "Supplier 1"; Value = "Farnell"; VariantName = "[No Variations]"
Change component parameters (AddParameter): Name = "Supplier Part Number 1"; Value = ""; VariantName = "[No Variations]"
Change component parameters: Designator = "C54"; Footprint = "smd C0603_0.80"; UniqueID = "\RVAQQRVL\IDXVIGKI"
Change component parameters. Clean all parameters for all variants
Change component parameters (AddParameter): Name = "Component Type"; Value = "Standard"; VariantName = "[No Variations]"
Change component parameters (AddParameter): Name = "Designator"; Value = "CSMD603/100nF"; VariantName = "[No Variations]"
Change component parameters (AddParameter): Name = "Part Number"; Value = "CSMD603/100nF"; VariantName = "[No Variations]"
Change component parameters (AddParameter): Name = "Pin Count"; Value = "2"; VariantName = "[No Variations]"
Change component parameters (AddParameter): Name = "Supplier 1"; Value = "Farnell"; VariantName = "[No Variations]"
Change component parameters (AddParameter): Name = "Supplier Part Number 1"; Value = ""; VariantName = "[No Variations]"
Change component parameters: Designator = "C55"; Footprint = "smd C0402"; UniqueID = "\RVAQQRVL\LFTTHDAT"
Change component parameters. Clean all parameters for all variants
Change component parameters (AddParameter): Name = "Component Type"; Value = "Standard"; VariantName = "[No Variations]"
Change component parameters (AddParameter): Name = "Designator"; Value = "CSMD402/22pF"; VariantName = "[No Variations]"
Change component parameters (AddParameter): Name = "Part Number"; Value = "CSMD402/22pF"; VariantName = "[No Variations]"
Change component parameters (AddParameter): Name = "Pin Count"; Value = "2"; VariantName = "[No Variations]"
Change component parameters (AddParameter): Name = "Supplier 1"; Value = "Farnell"; VariantName = "[No Variations]"
Change component parameters (AddParameter): Name = "Supplier Part Number 1"; Value = ""; VariantName = "[No Variations]"
Change component parameters: Designator = "C56"; Footprint = "smd C0402"; UniqueID = "\RVAQQRVL\UYKGXXHC"
Change component parameters. Clean all parameters for all variants
Change component parameters (AddParameter): Name = "Component Type"; Value = "Standard"; VariantName = "[No Variations]"
Change component parameters (AddParameter): Name = "Designator"; Value = "CSMD402/22pF"; VariantName = "[No Variations]"
Change component parameters (AddParameter): Name = "Part Number"; Value = "CSMD402/22pF"; VariantName = "[No Variations]"
Change component parameters (AddParameter): Name = "Pin Count"; Value = "2"; VariantName = "[No Variations]"
Change component parameters (AddParameter): Name = "Supplier 1"; Value = "Farnell"; VariantName = "[No Variations]"
Change component parameters (AddParameter): Name = "Supplier Part Number 1"; Value = ""; VariantName = "[No Variations]"
Change component parameters: Designator = "C57"; Footprint = "smd C0402"; UniqueID = "\RVAQQRVL\TAODDUJI"
Change component parameters. Clean all parameters for all variants
Change component parameters (AddParameter): Name = "Component Type"; Value = "Standard"; VariantName = "[No Variations]"
Change component parameters (AddParameter): Name = "Designator"; Value = "CSMD402/22pF"; VariantName = "[No Variations]"
Change component parameters (AddParameter): Name = "Part Number"; Value = "CSMD402/22pF"; VariantName = "[No Variations]"
Change component parameters (AddParameter): Name = "Pin Count"; Value = "2"; VariantName = "[No Variations]"
Change component parameters (AddParameter): Name = "Supplier 1"; Value = "Farnell"; VariantName = "[No Variations]"
Change component parameters (AddParameter): Name = "Supplier Part Number 1"; Value = ""; VariantName = "[No Variations]"
Change component parameters: Designator = "C58"; Footprint = "smd C0402"; UniqueID = "\RVAQQRVL\PAPXSQJC"
Change component parameters. Clean all parameters for all variants
Change component parameters (AddParameter): Name = "Component Type"; Value = "Standard"; VariantName = "[No Variations]"
Change component parameters (AddParameter): Name = "Designator"; Value = "CSMD402/22pF"; VariantName = "[No Variations]"
Change component parameters (AddParameter): Name = "Part Number"; Value = "CSMD402/22pF"; VariantName = "[No Variations]"
Change component parameters (AddParameter): Name = "Pin Count"; Value = "2"; VariantName = "[No Variations]"
Change component parameters (AddParameter): Name = "Supplier 1"; Value = "Farnell"; VariantName = "[No Variations]"
Change component parameters (AddParameter): Name = "Supplier Part Number 1"; Value = ""; VariantName = "[No Variations]"
Change component parameters: Designator = "C59"; Footprint = "smd C0402"; UniqueID = "\RVAQQRVL\DDEQUYTX"
Change component parameters. Clean all parameters for all variants
Change component parameters (AddParameter): Name = "Component Type"; Value = "Standard"; VariantName = "[No Variations]"
Change component parameters (AddParameter): Name = "Designator"; Value = "CSMD402/22pF"; VariantName = "[No Variations]"
Change component parameters (AddParameter): Name = "Part Number"; Value = "CSMD402/22pF"; VariantName = "[No Variations]"
Change component parameters (AddParameter): Name = "Pin Count"; Value = "2"; VariantName = "[No Variations]"
Change component parameters (AddParameter): Name = "Supplier 1"; Value = "Farnell"; VariantName = "[No Variations]"
Change component parameters (AddParameter): Name = "Supplier Part Number 1"; Value = ""; VariantName = "[No Variations]"
Change component parameters: Designator = "C60"; Footprint = "smd C0402"; UniqueID = "\RVAQQRVL\BQQWHTYA"
Change component parameters. Clean all parameters for all variants
Change component parameters (AddParameter): Name = "Component Type"; Value = "Standard"; VariantName = "[No Variations]"
Change component parameters (AddParameter): Name = "Designator"; Value = "CSMD402/22pF"; VariantName = "[No Variations]"
Change component parameters (AddParameter): Name = "Part Number"; Value = "CSMD402/22pF"; VariantName = "[No Variations]"
Change component parameters (AddParameter): Name = "Pin Count"; Value = "2"; VariantName = "[No Variations]"
Change component parameters (AddParameter): Name = "Supplier 1"; Value = "Farnell"; VariantName = "[No Variations]"
Change component parameters (AddParameter): Name = "Supplier Part Number 1"; Value = ""; VariantName = "[No Variations]"
Change component parameters: Designator = "C62"; Footprint = "smd C0402"; UniqueID = "\RVAQQRVL\BNCLTVOI"
Change component parameters. Clean all parameters for all variants
Change component parameters (AddParameter): Name = "Component Type"; Value = "Standard"; VariantName = "[No Variations]"
Change component parameters (AddParameter): Name = "Designator"; Value = "CSMD402/22pF"; VariantName = "[No Variations]"
Change component parameters (AddParameter): Name = "Part Number"; Value = "CSMD402/22pF"; VariantName = "[No Variations]"
Change component parameters (AddParameter): Name = "Pin Count"; Value = "2"; VariantName = "[No Variations]"
Change component parameters (AddParameter): Name = "Supplier 1"; Value = "Farnell"; VariantName = "[No Variations]"
Change component parameters (AddParameter): Name = "Supplier Part Number 1"; Value = ""; VariantName = "[No Variations]"
Change component parameters: Designator = "C63"; Footprint = "smd C0402"; UniqueID = "\RVAQQRVL\XCXFJUDS"
Change component parameters. Clean all parameters for all variants
Change component parameters (AddParameter): Name = "Component Type"; Value = "Standard"; VariantName = "[No Variations]"
Change component parameters (AddParameter): Name = "Designator"; Value = "CSMD402/22pF"; VariantName = "[No Variations]"
Change component parameters (AddParameter): Name = "Part Number"; Value = "CSMD402/22pF"; VariantName = "[No Variations]"
Change component parameters (AddParameter): Name = "Pin Count"; Value = "2"; VariantName = "[No Variations]"
Change component parameters (AddParameter): Name = "Supplier 1"; Value = "Farnell"; VariantName = "[No Variations]"
Change component parameters (AddParameter): Name = "Supplier Part Number 1"; Value = ""; VariantName = "[No Variations]"
Change component parameters: Designator = "C64"; Footprint = "smd C0603_0.80"; UniqueID = "\RVAQQRVL\URJEQRNQ"
Change component parameters. Clean all parameters for all variants
Change component parameters (AddParameter): Name = "Component Type"; Value = "Standard"; VariantName = "[No Variations]"
Change component parameters (AddParameter): Name = "Designator"; Value = "CSMD603/100pF"; VariantName = "[No Variations]"
Change component parameters (AddParameter): Name = "Part Number"; Value = "CSMD603/100pF"; VariantName = "[No Variations]"
Change component parameters (AddParameter): Name = "Pin Count"; Value = "2"; VariantName = "[No Variations]"
Change component parameters (AddParameter): Name = "Supplier 1"; Value = "Farnell"; VariantName = "[No Variations]"
Change component parameters (AddParameter): Name = "Supplier Part Number 1"; Value = ""; VariantName = "[No Variations]"
Change component parameters: Designator = "C65"; Footprint = "smd C0603_0.80"; UniqueID = "\RVAQQRVL\QHBTEFKB"
Change component parameters. Clean all parameters for all variants
Change component parameters (AddParameter): Name = "Component Type"; Value = "Standard"; VariantName = "[No Variations]"
Change component parameters (AddParameter): Name = "Designator"; Value = "CSMD603/100pF"; VariantName = "[No Variations]"
Change component parameters (AddParameter): Name = "Part Number"; Value = "CSMD603/100pF"; VariantName = "[No Variations]"
Change component parameters (AddParameter): Name = "Pin Count"; Value = "2"; VariantName = "[No Variations]"
Change component parameters (AddParameter): Name = "Supplier 1"; Value = "Farnell"; VariantName = "[No Variations]"
Change component parameters (AddParameter): Name = "Supplier Part Number 1"; Value = ""; VariantName = "[No Variations]"
Change component parameters: Designator = "C66"; Footprint = "smd C0402"; UniqueID = "\RVAQQRVL\UBRIJQWP"
Change component parameters. Clean all parameters for all variants
Change component parameters (AddParameter): Name = "Component Type"; Value = "Standard"; VariantName = "[No Variations]"
Change component parameters (AddParameter): Name = "Designator"; Value = "CSMD402/22pF"; VariantName = "[No Variations]"
Change component parameters (AddParameter): Name = "Part Number"; Value = "CSMD402/22pF"; VariantName = "[No Variations]"
Change component parameters (AddParameter): Name = "Pin Count"; Value = "2"; VariantName = "[No Variations]"
Change component parameters (AddParameter): Name = "Supplier 1"; Value = "Farnell"; VariantName = "[No Variations]"
Change component parameters (AddParameter): Name = "Supplier Part Number 1"; Value = ""; VariantName = "[No Variations]"
Change component parameters: Designator = "C67"; Footprint = "smd C0402"; UniqueID = "\RVAQQRVL\BNNHDTXH"
Change component parameters. Clean all parameters for all variants
Change component parameters (AddParameter): Name = "Component Type"; Value = "Standard"; VariantName = "[No Variations]"
Change component parameters (AddParameter): Name = "Designator"; Value = "CSMD402/22pF"; VariantName = "[No Variations]"
Change component parameters (AddParameter): Name = "Part Number"; Value = "CSMD402/22pF"; VariantName = "[No Variations]"
Change component parameters (AddParameter): Name = "Pin Count"; Value = "2"; VariantName = "[No Variations]"
Change component parameters (AddParameter): Name = "Supplier 1"; Value = "Farnell"; VariantName = "[No Variations]"
Change component parameters (AddParameter): Name = "Supplier Part Number 1"; Value = ""; VariantName = "[No Variations]"
Change component parameters: Designator = "C70"; Footprint = "smd C0603_0.80"; UniqueID = "\RVAQQRVL\XFFVVHCK"
Change component parameters. Clean all parameters for all variants
Change component parameters (AddParameter): Name = "Component Type"; Value = "Standard"; VariantName = "[No Variations]"
Change component parameters (AddParameter): Name = "Designator"; Value = "CSMD603/100pF"; VariantName = "[No Variations]"
Change component parameters (AddParameter): Name = "Part Number"; Value = "CSMD603/100pF"; VariantName = "[No Variations]"
Change component parameters (AddParameter): Name = "Pin Count"; Value = "2"; VariantName = "[No Variations]"
Change component parameters (AddParameter): Name = "Supplier 1"; Value = "Farnell"; VariantName = "[No Variations]"
Change component parameters (AddParameter): Name = "Supplier Part Number 1"; Value = ""; VariantName = "[No Variations]"
Change component parameters: Designator = "C71"; Footprint = "smd C0603_0.80"; UniqueID = "\RVAQQRVL\WCWLFALU"
Change component parameters. Clean all parameters for all variants
Change component parameters (AddParameter): Name = "Component Type"; Value = "Standard"; VariantName = "[No Variations]"
Change component parameters (AddParameter): Name = "Designator"; Value = "CSMD603/100pF"; VariantName = "[No Variations]"
Change component parameters (AddParameter): Name = "Part Number"; Value = "CSMD603/100pF"; VariantName = "[No Variations]"
Change component parameters (AddParameter): Name = "Pin Count"; Value = "2"; VariantName = "[No Variations]"
Change component parameters (AddParameter): Name = "Supplier 1"; Value = "Farnell"; VariantName = "[No Variations]"
Change component parameters (AddParameter): Name = "Supplier Part Number 1"; Value = ""; VariantName = "[No Variations]"
Change component parameters: Designator = "C72"; Footprint = "smd C0603_0.80"; UniqueID = "\RVAQQRVL\JTBMFAAI"
Change component parameters. Clean all parameters for all variants
Change component parameters (AddParameter): Name = "Component Type"; Value = "Standard"; VariantName = "[No Variations]"
Change component parameters (AddParameter): Name = "Designator"; Value = "CSMD603/100pF"; VariantName = "[No Variations]"
Change component parameters (AddParameter): Name = "Part Number"; Value = "CSMD603/100pF"; VariantName = "[No Variations]"
Change component parameters (AddParameter): Name = "Pin Count"; Value = "2"; VariantName = "[No Variations]"
Change component parameters (AddParameter): Name = "Supplier 1"; Value = "Farnell"; VariantName = "[No Variations]"
Change component parameters (AddParameter): Name = "Supplier Part Number 1"; Value = ""; VariantName = "[No Variations]"
Change component parameters: Designator = "C73"; Footprint = "smd C0603_0.80"; UniqueID = "\TBICGSSQ\YPOTRBNB"
Change component parameters. Clean all parameters for all variants
Change component parameters (AddParameter): Name = "Component Type"; Value = "Standard"; VariantName = "[No Variations]"
Change component parameters (AddParameter): Name = "Designator"; Value = "CSMD603/100nF"; VariantName = "[No Variations]"
Change component parameters (AddParameter): Name = "Part Number"; Value = "CSMD603/100nF"; VariantName = "[No Variations]"
Change component parameters (AddParameter): Name = "Pin Count"; Value = "2"; VariantName = "[No Variations]"
Change component parameters (AddParameter): Name = "Supplier 1"; Value = "Farnell"; VariantName = "[No Variations]"
Change component parameters (AddParameter): Name = "Supplier Part Number 1"; Value = ""; VariantName = "[No Variations]"
Change component parameters: Designator = "C74"; Footprint = "smd C0603_0.80"; UniqueID = "\TBICGSSQ\EOEHNSMP"
Change component parameters. Clean all parameters for all variants
Change component parameters (AddParameter): Name = "Component Type"; Value = "Standard"; VariantName = "[No Variations]"
Change component parameters (AddParameter): Name = "Designator"; Value = "CSMD603/100nF"; VariantName = "[No Variations]"
Change component parameters (AddParameter): Name = "Part Number"; Value = "CSMD603/100nF"; VariantName = "[No Variations]"
Change component parameters (AddParameter): Name = "Pin Count"; Value = "2"; VariantName = "[No Variations]"
Change component parameters (AddParameter): Name = "Supplier 1"; Value = "Farnell"; VariantName = "[No Variations]"
Change component parameters (AddParameter): Name = "Supplier Part Number 1"; Value = ""; VariantName = "[No Variations]"
Change component parameters: Designator = "C75"; Footprint = "smd C0603_0.80"; UniqueID = "\TBICGSSQ\WKMHNHYW"
Change component parameters. Clean all parameters for all variants
Change component parameters (AddParameter): Name = "Component Type"; Value = "Standard"; VariantName = "[No Variations]"
Change component parameters (AddParameter): Name = "Designator"; Value = "CSMD603/100nF"; VariantName = "[No Variations]"
Change component parameters (AddParameter): Name = "Part Number"; Value = "CSMD603/100nF"; VariantName = "[No Variations]"
Change component parameters (AddParameter): Name = "Pin Count"; Value = "2"; VariantName = "[No Variations]"
Change component parameters (AddParameter): Name = "Supplier 1"; Value = "Farnell"; VariantName = "[No Variations]"
Change component parameters (AddParameter): Name = "Supplier Part Number 1"; Value = ""; VariantName = "[No Variations]"
Change component parameters: Designator = "C76"; Footprint = "smd C0603_0.80"; UniqueID = "\TBICGSSQ\NSBVBLOM"
Change component parameters. Clean all parameters for all variants
Change component parameters (AddParameter): Name = "Component Type"; Value = "Standard"; VariantName = "[No Variations]"
Change component parameters (AddParameter): Name = "Designator"; Value = "CSMD603/10pF"; VariantName = "[No Variations]"
Change component parameters (AddParameter): Name = "Part Number"; Value = "CSMD603/10pF"; VariantName = "[No Variations]"
Change component parameters (AddParameter): Name = "Pin Count"; Value = "2"; VariantName = "[No Variations]"
Change component parameters (AddParameter): Name = "Supplier 1"; Value = "Farnell"; VariantName = "[No Variations]"
Change component parameters (AddParameter): Name = "Supplier Part Number 1"; Value = ""; VariantName = "[No Variations]"
Change component parameters: Designator = "C77"; Footprint = "smd C0603_0.80"; UniqueID = "\TBICGSSQ\DNKSKEML"
Change component parameters. Clean all parameters for all variants
Change component parameters (AddParameter): Name = "Component Type"; Value = "Standard"; VariantName = "[No Variations]"
Change component parameters (AddParameter): Name = "Designator"; Value = "CSMD603/10pF"; VariantName = "[No Variations]"
Change component parameters (AddParameter): Name = "Part Number"; Value = "CSMD603/10pF"; VariantName = "[No Variations]"
Change component parameters (AddParameter): Name = "Pin Count"; Value = "2"; VariantName = "[No Variations]"
Change component parameters (AddParameter): Name = "Supplier 1"; Value = "Farnell"; VariantName = "[No Variations]"
Change component parameters (AddParameter): Name = "Supplier Part Number 1"; Value = ""; VariantName = "[No Variations]"
Change component parameters: Designator = "C78"; Footprint = "smd C0603_0.80"; UniqueID = "\TBICGSSQ\TUXJGTDB"
Change component parameters. Clean all parameters for all variants
Change component parameters (AddParameter): Name = "Component Type"; Value = "Standard"; VariantName = "[No Variations]"
Change component parameters (AddParameter): Name = "Designator"; Value = "CSMD603/10pF"; VariantName = "[No Variations]"
Change component parameters (AddParameter): Name = "Part Number"; Value = "CSMD603/10pF"; VariantName = "[No Variations]"
Change component parameters (AddParameter): Name = "Pin Count"; Value = "2"; VariantName = "[No Variations]"
Change component parameters (AddParameter): Name = "Supplier 1"; Value = "Farnell"; VariantName = "[No Variations]"
Change component parameters (AddParameter): Name = "Supplier Part Number 1"; Value = ""; VariantName = "[No Variations]"
Change component parameters: Designator = "C79"; Footprint = "smd C0603_0.80"; UniqueID = "\TBICGSSQ\OBKDVWHQ"
Change component parameters. Clean all parameters for all variants
Change component parameters (AddParameter): Name = "Component Type"; Value = "Standard"; VariantName = "[No Variations]"
Change component parameters (AddParameter): Name = "Designator"; Value = "CSMD603/10pF"; VariantName = "[No Variations]"
Change component parameters (AddParameter): Name = "Part Number"; Value = "CSMD603/10pF"; VariantName = "[No Variations]"
Change component parameters (AddParameter): Name = "Pin Count"; Value = "2"; VariantName = "[No Variations]"
Change component parameters (AddParameter): Name = "Supplier 1"; Value = "Farnell"; VariantName = "[No Variations]"
Change component parameters (AddParameter): Name = "Supplier Part Number 1"; Value = ""; VariantName = "[No Variations]"
Change component parameters: Designator = "C80"; Footprint = "smd C0603_0.80"; UniqueID = "\TBICGSSQ\MFENWGKY"
Change component parameters. Clean all parameters for all variants
Change component parameters (AddParameter): Name = "Component Type"; Value = "Standard"; VariantName = "[No Variations]"
Change component parameters (AddParameter): Name = "Designator"; Value = "CSMD603/100nF"; VariantName = "[No Variations]"
Change component parameters (AddParameter): Name = "Part Number"; Value = "CSMD603/100nF"; VariantName = "[No Variations]"
Change component parameters (AddParameter): Name = "Pin Count"; Value = "2"; VariantName = "[No Variations]"
Change component parameters (AddParameter): Name = "Supplier 1"; Value = "Farnell"; VariantName = "[No Variations]"
Change component parameters (AddParameter): Name = "Supplier Part Number 1"; Value = ""; VariantName = "[No Variations]"
Change component parameters: Designator = "C81"; Footprint = "smd C0603_0.80"; UniqueID = "\TBICGSSQ\MKJXREKL"
Change component parameters. Clean all parameters for all variants
Change component parameters (AddParameter): Name = "Component Type"; Value = "Standard"; VariantName = "[No Variations]"
Change component parameters (AddParameter): Name = "Designator"; Value = "CSMD603/100nF"; VariantName = "[No Variations]"
Change component parameters (AddParameter): Name = "Part Number"; Value = "CSMD603/100nF"; VariantName = "[No Variations]"
Change component parameters (AddParameter): Name = "Pin Count"; Value = "2"; VariantName = "[No Variations]"
Change component parameters (AddParameter): Name = "Supplier 1"; Value = "Farnell"; VariantName = "[No Variations]"
Change component parameters (AddParameter): Name = "Supplier Part Number 1"; Value = ""; VariantName = "[No Variations]"
Change component parameters: Designator = "C82"; Footprint = "smd C0603_0.80"; UniqueID = "\TBICGSSQ\UFLYBWFK"
Change component parameters. Clean all parameters for all variants
Change component parameters (AddParameter): Name = "Component Type"; Value = "Standard"; VariantName = "[No Variations]"
Change component parameters (AddParameter): Name = "Designator"; Value = "CSMD603/10pF"; VariantName = "[No Variations]"
Change component parameters (AddParameter): Name = "Part Number"; Value = "CSMD603/10pF"; VariantName = "[No Variations]"
Change component parameters (AddParameter): Name = "Pin Count"; Value = "2"; VariantName = "[No Variations]"
Change component parameters (AddParameter): Name = "Supplier 1"; Value = "Farnell"; VariantName = "[No Variations]"
Change component parameters (AddParameter): Name = "Supplier Part Number 1"; Value = ""; VariantName = "[No Variations]"
Change component parameters: Designator = "C83"; Footprint = "smd C0603_0.80"; UniqueID = "\TBICGSSQ\NGRWMYFF"
Change component parameters. Clean all parameters for all variants
Change component parameters (AddParameter): Name = "Component Type"; Value = "Standard"; VariantName = "[No Variations]"
Change component parameters (AddParameter): Name = "Designator"; Value = "CSMD603/10pF"; VariantName = "[No Variations]"
Change component parameters (AddParameter): Name = "Part Number"; Value = "CSMD603/10pF"; VariantName = "[No Variations]"
Change component parameters (AddParameter): Name = "Pin Count"; Value = "2"; VariantName = "[No Variations]"
Change component parameters (AddParameter): Name = "Supplier 1"; Value = "Farnell"; VariantName = "[No Variations]"
Change component parameters (AddParameter): Name = "Supplier Part Number 1"; Value = ""; VariantName = "[No Variations]"
Change component parameters: Designator = "C84"; Footprint = "smd C0603_0.80"; UniqueID = "\TBICGSSQ\YVMUHMXJ"
Change component parameters. Clean all parameters for all variants
Change component parameters (AddParameter): Name = "Component Type"; Value = "Standard"; VariantName = "[No Variations]"
Change component parameters (AddParameter): Name = "Designator"; Value = "CSMD603/100nF"; VariantName = "[No Variations]"
Change component parameters (AddParameter): Name = "Part Number"; Value = "CSMD603/100nF"; VariantName = "[No Variations]"
Change component parameters (AddParameter): Name = "Pin Count"; Value = "2"; VariantName = "[No Variations]"
Change component parameters (AddParameter): Name = "Supplier 1"; Value = "Farnell"; VariantName = "[No Variations]"
Change component parameters (AddParameter): Name = "Supplier Part Number 1"; Value = ""; VariantName = "[No Variations]"
Change component parameters: Designator = "C85"; Footprint = "smd C0603_0.80"; UniqueID = "\RVAQQRVL\JLMUAOKW"
Change component parameters. Clean all parameters for all variants
Change component parameters (AddParameter): Name = "Component Type"; Value = "Standard"; VariantName = "[No Variations]"
Change component parameters (AddParameter): Name = "Designator"; Value = "CSMD603/100pF"; VariantName = "[No Variations]"
Change component parameters (AddParameter): Name = "Part Number"; Value = "CSMD603/100pF"; VariantName = "[No Variations]"
Change component parameters (AddParameter): Name = "Pin Count"; Value = "2"; VariantName = "[No Variations]"
Change component parameters (AddParameter): Name = "Supplier 1"; Value = "Farnell"; VariantName = "[No Variations]"
Change component parameters (AddParameter): Name = "Supplier Part Number 1"; Value = ""; VariantName = "[No Variations]"
Change component parameters: Designator = "C86"; Footprint = "smd C0603_0.80"; UniqueID = "\RVAQQRVL\WTGLMXFY"
Change component parameters. Clean all parameters for all variants
Change component parameters (AddParameter): Name = "Component Type"; Value = "Standard"; VariantName = "[No Variations]"
Change component parameters (AddParameter): Name = "Designator"; Value = "CSMD603/100pF"; VariantName = "[No Variations]"
Change component parameters (AddParameter): Name = "Part Number"; Value = "CSMD603/100pF"; VariantName = "[No Variations]"
Change component parameters (AddParameter): Name = "Pin Count"; Value = "2"; VariantName = "[No Variations]"
Change component parameters (AddParameter): Name = "Supplier 1"; Value = "Farnell"; VariantName = "[No Variations]"
Change component parameters (AddParameter): Name = "Supplier Part Number 1"; Value = ""; VariantName = "[No Variations]"
Change component parameters: Designator = "GPS1"; Footprint = "hdr 2x4"; UniqueID = "\UNEDAOCQ\PMMNYMSI"
Change component parameters. Clean all parameters for all variants
Change component parameters (AddParameter): Name = "Component Type"; Value = "Standard"; VariantName = "[No Variations]"
Change component parameters (AddParameter): Name = "Designator"; Value = "CON HDR 2x4"; VariantName = "[No Variations]"
Change component parameters (AddParameter): Name = "Part Number"; Value = "CON HDR 2x4"; VariantName = "[No Variations]"
Change component parameters (AddParameter): Name = "Pin Count"; Value = "8"; VariantName = "[No Variations]"
Change component parameters (AddParameter): Name = "Supplier 1"; Value = "Farnell"; VariantName = "[No Variations]"
Change component parameters (AddParameter): Name = "Supplier Part Number 1"; Value = ""; VariantName = "[No Variations]"
Change component parameters: Designator = "HIGH"; Footprint = "con SMA (recht)"; UniqueID = "\RVAQQRVL\EAYNUAXA"
Change component parameters. Clean all parameters for all variants
Change component parameters (AddParameter): Name = "Component Type"; Value = "Standard"; VariantName = "[No Variations]"
Change component parameters (AddParameter): Name = "Designator"; Value = "CON SMA"; VariantName = "[No Variations]"
Change component parameters (AddParameter): Name = "Part Number"; Value = "CON SMA"; VariantName = "[No Variations]"
Change component parameters (AddParameter): Name = "Pin Count"; Value = "5"; VariantName = "[No Variations]"
Change component parameters (AddParameter): Name = "Supplier 1"; Value = "Farnell"; VariantName = "[No Variations]"
Change component parameters (AddParameter): Name = "Supplier Part Number 1"; Value = ""; VariantName = "[No Variations]"
Change component parameters: Designator = "LOW"; Footprint = "con SMA (recht)"; UniqueID = "\RVAQQRVL\QWCVQFXF"
Change component parameters. Clean all parameters for all variants
Change component parameters (AddParameter): Name = "Component Type"; Value = "Standard"; VariantName = "[No Variations]"
Change component parameters (AddParameter): Name = "Designator"; Value = "CON SMA"; VariantName = "[No Variations]"
Change component parameters (AddParameter): Name = "Part Number"; Value = "CON SMA"; VariantName = "[No Variations]"
Change component parameters (AddParameter): Name = "Pin Count"; Value = "5"; VariantName = "[No Variations]"
Change component parameters (AddParameter): Name = "Supplier 1"; Value = "Farnell"; VariantName = "[No Variations]"
Change component parameters (AddParameter): Name = "Supplier Part Number 1"; Value = ""; VariantName = "[No Variations]"
Change component parameters: Designator = "MID"; Footprint = "con SMA (recht)"; UniqueID = "\RVAQQRVL\XOPWKUEB"
Change component parameters. Clean all parameters for all variants
Change component parameters (AddParameter): Name = "Component Type"; Value = "Standard"; VariantName = "[No Variations]"
Change component parameters (AddParameter): Name = "Designator"; Value = "CON SMA"; VariantName = "[No Variations]"
Change component parameters (AddParameter): Name = "Part Number"; Value = "CON SMA"; VariantName = "[No Variations]"
Change component parameters (AddParameter): Name = "Pin Count"; Value = "5"; VariantName = "[No Variations]"
Change component parameters (AddParameter): Name = "Supplier 1"; Value = "Farnell"; VariantName = "[No Variations]"
Change component parameters (AddParameter): Name = "Supplier Part Number 1"; Value = ""; VariantName = "[No Variations]"
Change component parameters: Designator = "SDR1"; Footprint = "con SMA (recht)"; UniqueID = "\RVAQQRVL\FGLWHJTG"
Change component parameters. Clean all parameters for all variants
Change component parameters (AddParameter): Name = "Component Type"; Value = "Standard"; VariantName = "[No Variations]"
Change component parameters (AddParameter): Name = "Designator"; Value = "CON SMA"; VariantName = "[No Variations]"
Change component parameters (AddParameter): Name = "Part Number"; Value = "CON SMA"; VariantName = "[No Variations]"
Change component parameters (AddParameter): Name = "Pin Count"; Value = "5"; VariantName = "[No Variations]"
Change component parameters (AddParameter): Name = "Supplier 1"; Value = "Farnell"; VariantName = "[No Variations]"
Change component parameters (AddParameter): Name = "Supplier Part Number 1"; Value = ""; VariantName = "[No Variations]"
Change component parameters: Designator = "SW"; Footprint = "con SMA (recht)"; UniqueID = "\TBICGSSQ\ASQMLDWJ"
Change component parameters. Clean all parameters for all variants
Change component parameters (AddParameter): Name = "Component Type"; Value = "Standard"; VariantName = "[No Variations]"
Change component parameters (AddParameter): Name = "Designator"; Value = "CON SMA"; VariantName = "[No Variations]"
Change component parameters (AddParameter): Name = "Part Number"; Value = "CON SMA"; VariantName = "[No Variations]"
Change component parameters (AddParameter): Name = "Pin Count"; Value = "5"; VariantName = "[No Variations]"
Change component parameters (AddParameter): Name = "Supplier 1"; Value = "Farnell"; VariantName = "[No Variations]"
Change component parameters (AddParameter): Name = "Supplier Part Number 1"; Value = ""; VariantName = "[No Variations]"
Change component parameters: Designator = "TERM1"; Footprint = "hdr 1x2"; UniqueID = "\TBICGSSQ\PPJWRVKO"
Change component parameters. Clean all parameters for all variants
Change component parameters (AddParameter): Name = "Component Type"; Value = "Standard"; VariantName = "[No Variations]"
Change component parameters (AddParameter): Name = "Designator"; Value = "CON HDR 1x2"; VariantName = "[No Variations]"
Change component parameters (AddParameter): Name = "Part Number"; Value = "CON HDR 1x2"; VariantName = "[No Variations]"
Change component parameters (AddParameter): Name = "Pin Count"; Value = "2"; VariantName = "[No Variations]"
Change component parameters (AddParameter): Name = "Supplier 1"; Value = "Farnell"; VariantName = "[No Variations]"
Change component parameters (AddParameter): Name = "Supplier Part Number 1"; Value = ""; VariantName = "[No Variations]"
Change component parameters: Designator = "X2"; Footprint = "smd KTL 5x3.2"; UniqueID = "\UNEDAOCQ\IJLBDIMF"
Change component parameters. Clean all parameters for all variants
Change component parameters (AddParameter): Name = "Component Type"; Value = "Standard"; VariantName = "[No Variations]"
Change component parameters (AddParameter): Name = "Designator"; Value = "KTL/5x3.2mm 16MHz"; VariantName = "[No Variations]"
Change component parameters (AddParameter): Name = "Part Number"; Value = "KTL/5x3.2mm 16MHz"; VariantName = "[No Variations]"
Change component parameters (AddParameter): Name = "Pin Count"; Value = "4"; VariantName = "[No Variations]"
Change component parameters (AddParameter): Name = "Supplier 1"; Value = "Farnell"; VariantName = "[No Variations]"
Change component parameters (AddParameter): Name = "Supplier Part Number 1"; Value = ""; VariantName = "[No Variations]"
Change component parameters: Designator = "USB-B"; Footprint = "USB-B"; UniqueID = "\UNEDAOCQ\HRTPMJJU"
Change component parameters. Clean all parameters for all variants
Change component parameters (AddParameter): Name = "NI?"; Value = ""; VariantName = "[No Variations]"
Change component parameters (AddParameter): Name = "O?"; Value = ""; VariantName = "[No Variations]"
Change component parameters (AddParameter): Name = "Section"; Value = ""; VariantName = "[No Variations]"
Change component parameters (AddParameter): Name = "Text Field1"; Value = "Assmann"; VariantName = "[No Variations]"
Change component parameters (AddParameter): Name = "Text Field2"; Value = "AU-Y1007"; VariantName = "[No Variations]"
Change component parameters (AddParameter): Name = "Text Field3"; Value = "Digi-Key"; VariantName = "[No Variations]"
Change component parameters (AddParameter): Name = "Text Field4"; Value = "AE1085-ND"; VariantName = "[No Variations]"
Change component parameters (AddParameter): Name = "Text Field5"; Value = "Thru-Hole"; VariantName = "[No Variations]"
Change component parameters (AddParameter): Name = "Text Field6"; Value = "1.168"; VariantName = "[No Variations]"
Change Net Name : Old Net Name=NetC39_2 New Net Name=CPU_OSC_IN
Change Net Name : Old Net Name=NetC40_2 New Net Name=CPU_OSC_OUT
Change Net Name : Old Net Name=NetC41_2 New Net Name=NetC06CPU_2
Change Net Name : Old Net Name=NetC43_1 New Net Name=3V3RF_L01CPU
Change Net Name : Old Net Name=NetC83_2 New Net Name=MCO
Change Net Name : Old Net Name=NetLOCK_2 New Net Name=CPU_LOCK_LED
Change Net Name : Old Net Name=NetMIX_2 New Net Name=CPU_MIX_LED
Change Net Name : Old Net Name=NetR6_7 New Net Name=PLL_EN
Change Net Name : Old Net Name=NetR18_2 New Net Name=REF_CLK_IN
Change Net Name : Old Net Name=NetR20_1 New Net Name=NetR02CPU_1
Change Net Name : Old Net Name=NetR23_2 New Net Name=NetR05CPU_2
Change Net Name : Old Net Name=NetR24_2 New Net Name=USB_D+_CON
Change Net Name : Old Net Name=NetR25_2 New Net Name=USB_D-_CON
Change Net Name : Old Net Name=NetR33_1 New Net Name=UPCONV_EN#
Change Net Name : Old Net Name=NetU7_39 New Net Name=CPU_USB_LED
Change Net Name : Old Net Name=SCL New Net Name=CPU_SCL
Change Net Name : Old Net Name=SDA New Net Name=CPU_SDA
Added Room: Name=Toplevel
Added Room: Name=U_CPU
Added Room: Name=U_LO
Added Room: Name=U_Mixer
Added Room: Name=U_MixerHF
