Removed Pin From Net: NetName=GND Pin=C68-1
Removed Pin From Net: NetName=3V3 Pin=C68-2
Removed Pin From Net: NetName=3V3 Pin=C69-1
Removed Pin From Net: NetName=GND Pin=C69-2
Removed Pin From Net: NetName=SW_MIX Pin=R28-1
Removed Pin From Net: NetName=SW_BYPASS Pin=R30-1
Removed Pin From Net: NetName=3V3 Pin=R31-1
Removed Pin From Net: NetName=SW_SW Pin=R32-1
Removed Pin From Net: NetName=MIX_EN Pin=U12-7
Removed Pin From Net: NetName=MIX_X2 Pin=U12-8
Removed Pin From Net: NetName=3V3 Pin=U14-1
Removed Pin From Net: NetName=GND Pin=U14-2
Removed Pin From Net: NetName=SW_BYPASS Pin=U14-6
Removed Pin From Net: NetName=SW_MIX Pin=U14-7
Removed Pin From Net: NetName=GND Pin=U14-8
Removed Pin From Net: NetName=SW_SW Pin=U14-9
Removed Pin From Net: NetName=MIX_X2 Pin=U14-10
Removed Pin From Net: NetName=MIX_EN Pin=U14-11
Removed Pin From Net: NetName=GND Pin=U14-13
Removed Pin From Net: NetName=CPU_SCL Pin=U14-14
Removed Pin From Net: NetName=CPU_SDA Pin=U14-15
Removed Pin From Net: NetName=3V3 Pin=U14-16
Removed Member From Class: ClassName=U_Mixer Member=C68
Removed Member From Class: ClassName=U_Mixer Member=C69
Removed Member From Class: ClassName=U_Mixer Member=R31
Removed Member From Class: ClassName=U_Mixer Member=U14
Added Pin To Net: NetName=SW_SW Pin=U7_CPU-18
Added Pin To Net: NetName=SW_BYPASS Pin=U7_CPU-25
Added Pin To Net: NetName=SW_MIX Pin=U7_CPU-26
Added Pin To Net: NetName=MIX_X2 Pin=U7_CPU-27
Added Pin To Net: NetName=MIX_EN Pin=U7_CPU-28
