Removed Pin From Net: NetName=5V Pin=C48-1
Removed Pin From Net: NetName=GND Pin=C48-2
Removed Pin From Net: NetName=5V Pin=C49-1
Removed Pin From Net: NetName=GND Pin=C49-2
Removed Pin From Net: NetName=GND Pin=C50-1
Removed Pin From Net: NetName=5V Pin=C50-2
Removed Pin From Net: NetName=GND Pin=H2-0
Removed Pin From Net: NetName=5V Pin=L4-2
Removed Pin From Net: NetName=NetC51_2 Pin=U10-1
Removed Pin From Net: NetName=GND Pin=U10-2
Removed Member From Class: ClassName=U_Mixer Member=C48
Removed Member From Class: ClassName=U_Mixer Member=C49
Removed Member From Class: ClassName=U_Mixer Member=C50
Removed Member From Class: ClassName=U_Mixer Member=C52
Removed Member From Class: ClassName=U_Mixer Member=C59
Removed Member From Class: ClassName=U_Mixer Member=C60
Removed Member From Class: ClassName=U_Mixer Member=C67
Removed Member From Class: ClassName=U_Mixer Member=L4
Removed Member From Class: ClassName=U_Mixer Member=R28
Removed Member From Class: ClassName=U_Mixer Member=U10
Removed Member From Class: ClassName=RF Member=NetC52_1
Removed Member From Class: ClassName=RF Member=NetC52_2
Added Pin To Net: NetName=NetC51_2 Pin=U11-1
Added Member To Class: ClassName=U_MixerHF Member=Component C57 10nF
Added Member To Class: ClassName=U_MixerHF Member=Component C59 47pF
Added Member To Class: ClassName=U_MixerHF Member=Component C60 47pF
Added Member To Class: ClassName=U_MixerHF Member=Component C61 10nF
Added Member To Class: ClassName=U_MixerHF Member=Component C62 10nF
Added Member To Class: ClassName=U_MixerHF Member=Component C63 10nF
Added Member To Class: ClassName=U_MixerHF Member=Component C64 47pF
Added Member To Class: ClassName=U_MixerHF Member=Component C65 47pF
Added Member To Class: ClassName=U_MixerHF Member=Component C67 47pF
Added Member To Class: ClassName=U_MixerHF Member=Component C68 
Added Member To Class: ClassName=U_MixerHF Member=Component L6 470nH
Added Member To Class: ClassName=U_MixerHF Member=Component L7 470nH
Added Member To Class: ClassName=U_MixerHF Member=Component L8 470nH
Added Member To Class: ClassName=U_MixerHF Member=Component L9 470nH
Added Member To Class: ClassName=U_MixerHF Member=Component L10 470nH
Added Room: Name=Toplevel
Added Room: Name=U_CPU
Added Room: Name=U_LO
Added Room: Name=U_Mixer
Added Room: Name=U_MixerHF
