Change Component DesignItemId : Designator=C83HF Old DesignItemId=CSMD603/10pF New DesignItemId=CSMD402/47pF
Change Component DesignItemId : Designator=C76HF Old DesignItemId=CSMD603/10pF New DesignItemId=CSMD603/47pF
Change Component DesignItemId : Designator=C78HF Old DesignItemId=CSMD603/10pF New DesignItemId=CSMD603/47pF
Change Component DesignItemId : Designator=C79HF Old DesignItemId=CSMD603/10pF New DesignItemId=CSMD603/47pF
Change Component DesignItemId : Designator=C82HF Old DesignItemId=CSMD603/10pF New DesignItemId=CSMD603/47pF
Change Component DesignItemId : Designator=C73HF Old DesignItemId=CSMD603/100nF New DesignItemId=CSMD603/10nF
Change Component DesignItemId : Designator=C75HF Old DesignItemId=CSMD603/100nF New DesignItemId=CSMD603/10nF
Change Component DesignItemId : Designator=C80HF Old DesignItemId=CSMD603/100nF New DesignItemId=CSMD603/10nF
Change Component DesignItemId : Designator=C81HF Old DesignItemId=CSMD603/100nF New DesignItemId=CSMD603/10nF
Change Component DesignItemId : Designator=C84HF Old DesignItemId=CSMD603/100nF New DesignItemId=CSMD603/10pF
Change Component DesignItemId : Designator=L6HF Old DesignItemId=SPL805/250nH New DesignItemId=SPL805/470nH
Change Component DesignItemId : Designator=L7HF Old DesignItemId=SPL805/250nH New DesignItemId=SPL805/470nH
Change Component DesignItemId : Designator=L8HF Old DesignItemId=SPL805/250nH New DesignItemId=SPL805/470nH
Change Component DesignItemId : Designator=L9HF Old DesignItemId=SPL805/250nH New DesignItemId=SPL805/470nH
Change Component DesignItemId : Designator=L10HF Old DesignItemId=SPL805/250nH New DesignItemId=SPL805/470nH
Change Component Footprint: Designator=C83HF Old Footprint=smd C0603_0.80 New Footprint=smd C0402
Change Component Comment : Designator=C77HF Old Comment=6.8pF New Comment=
Change Component Comment : Designator=C84HF Old Comment=9.1pF New Comment=
Change Component Designator: OldDesignator=C73HF NewDesignator=C57
Change Component Designator: OldDesignator=C74HF NewDesignator=C58
Change Component Designator: OldDesignator=C75HF NewDesignator=C61
Change Component Designator: OldDesignator=C76HF NewDesignator=C65
Change Component Designator: OldDesignator=C77HF NewDesignator=C66
Change Component Designator: OldDesignator=C78HF NewDesignator=C59
Change Component Designator: OldDesignator=C79HF NewDesignator=C60
Change Component Designator: OldDesignator=C80HF NewDesignator=C62
Change Component Designator: OldDesignator=C81HF NewDesignator=C63
Change Component Designator: OldDesignator=C82HF NewDesignator=C64
Change Component Designator: OldDesignator=C83HF NewDesignator=C67
Change Component Designator: OldDesignator=C84HF NewDesignator=C68
Change Component Designator: OldDesignator=F_img_rj NewDesignator=F1
Change Component Designator: OldDesignator=L5HF NewDesignator=L5
Change Component Designator: OldDesignator=L6HF NewDesignator=L6
Change Component Designator: OldDesignator=L7HF NewDesignator=L7
Change Component Designator: OldDesignator=L8HF NewDesignator=L8
Change Component Designator: OldDesignator=L9HF NewDesignator=L9
Change Component Designator: OldDesignator=L10HF NewDesignator=L10
Change Component Designator: OldDesignator=R33HF NewDesignator=R25
Change Component Designator: OldDesignator=R34HF NewDesignator=R26
Change Component Designator: OldDesignator=R35HF NewDesignator=R24
Change Component Designator: OldDesignator=R37HF NewDesignator=R27
Change Component Designator: OldDesignator=R38HF NewDesignator=R28
Change Component Designator: OldDesignator=U15 NewDesignator=U12
Change Component Description : Designator=C67 Old Description=smd capaciteit, verp.0603, 10pF New Description=smd capaciteit, verp.0402, 47pF
Change Component Description : Designator=C65 Old Description=smd capaciteit, verp.0603, 10pF New Description=smd capaciteit, verp.0603, 47pF
Change Component Description : Designator=C59 Old Description=smd capaciteit, verp.0603, 10pF New Description=smd capaciteit, verp.0603, 47pF
Change Component Description : Designator=C60 Old Description=smd capaciteit, verp.0603, 10pF New Description=smd capaciteit, verp.0603, 47pF
Change Component Description : Designator=C64 Old Description=smd capaciteit, verp.0603, 10pF New Description=smd capaciteit, verp.0603, 47pF
Change Component Description : Designator=C57 Old Description=smd capaciteit, verp.0603, 100nF New Description=smd capaciteit, verp.0603, 10nF
Change Component Description : Designator=C61 Old Description=smd capaciteit, verp.0603, 100nF New Description=smd capaciteit, verp.0603, 10nF
Change Component Description : Designator=C62 Old Description=smd capaciteit, verp.0603, 100nF New Description=smd capaciteit, verp.0603, 10nF
Change Component Description : Designator=C63 Old Description=smd capaciteit, verp.0603, 100nF New Description=smd capaciteit, verp.0603, 10nF
Change Component Description : Designator=C68 Old Description=smd capaciteit, verp.0603, 100nF New Description=smd capaciteit, verp.0603, 10pF
Change Component Description : Designator=L6 Old Description=smd spoel, verpakking 805, 250nH New Description=smd spoel, verpakking 805, 470nH
Change Component Description : Designator=L7 Old Description=smd spoel, verpakking 805, 250nH New Description=smd spoel, verpakking 805, 470nH
Change Component Description : Designator=L8 Old Description=smd spoel, verpakking 805, 250nH New Description=smd spoel, verpakking 805, 470nH
Change Component Description : Designator=L9 Old Description=smd spoel, verpakking 805, 250nH New Description=smd spoel, verpakking 805, 470nH
Change Component Description : Designator=L10 Old Description=smd spoel, verpakking 805, 250nH New Description=smd spoel, verpakking 805, 470nH
Change component parameters: Designator = "C57"; Footprint = "smd C0603_0.80"; UniqueID = "\TBICGSSQ\YPOTRBNB"
Change component parameters. Clean all parameters for all variants
Change component parameters (AddParameter): Name = "Component Type"; Value = "Standard"; VariantName = "[No Variations]"
Change component parameters (AddParameter): Name = "Part Number"; Value = "CSMD603/10nF"; VariantName = "[No Variations]"
Change component parameters (AddParameter): Name = "Pin Count"; Value = "2"; VariantName = "[No Variations]"
Change component parameters (AddParameter): Name = "Supplier 1"; Value = "Farnell"; VariantName = "[No Variations]"
Change component parameters (AddParameter): Name = "Supplier Part Number 1"; Value = ""; VariantName = "[No Variations]"
Change component parameters: Designator = "C61"; Footprint = "smd C0603_0.80"; UniqueID = "\TBICGSSQ\WKMHNHYW"
Change component parameters. Clean all parameters for all variants
Change component parameters (AddParameter): Name = "Component Type"; Value = "Standard"; VariantName = "[No Variations]"
Change component parameters (AddParameter): Name = "Part Number"; Value = "CSMD603/10nF"; VariantName = "[No Variations]"
Change component parameters (AddParameter): Name = "Pin Count"; Value = "2"; VariantName = "[No Variations]"
Change component parameters (AddParameter): Name = "Supplier 1"; Value = "Farnell"; VariantName = "[No Variations]"
Change component parameters (AddParameter): Name = "Supplier Part Number 1"; Value = ""; VariantName = "[No Variations]"
Change component parameters: Designator = "C65"; Footprint = "smd C0603_0.80"; UniqueID = "\TBICGSSQ\NSBVBLOM"
Change component parameters. Clean all parameters for all variants
Change component parameters (AddParameter): Name = "Component Type"; Value = "Standard"; VariantName = "[No Variations]"
Change component parameters (AddParameter): Name = "Part Number"; Value = "CSMD603/47pF"; VariantName = "[No Variations]"
Change component parameters (AddParameter): Name = "Pin Count"; Value = "2"; VariantName = "[No Variations]"
Change component parameters (AddParameter): Name = "Supplier 1"; Value = "Farnell"; VariantName = "[No Variations]"
Change component parameters (AddParameter): Name = "Supplier Part Number 1"; Value = ""; VariantName = "[No Variations]"
Change component parameters: Designator = "C59"; Footprint = "smd C0603_0.80"; UniqueID = "\TBICGSSQ\TUXJGTDB"
Change component parameters. Clean all parameters for all variants
Change component parameters (AddParameter): Name = "Component Type"; Value = "Standard"; VariantName = "[No Variations]"
Change component parameters (AddParameter): Name = "Part Number"; Value = "CSMD603/47pF"; VariantName = "[No Variations]"
Change component parameters (AddParameter): Name = "Pin Count"; Value = "2"; VariantName = "[No Variations]"
Change component parameters (AddParameter): Name = "Supplier 1"; Value = "Farnell"; VariantName = "[No Variations]"
Change component parameters (AddParameter): Name = "Supplier Part Number 1"; Value = ""; VariantName = "[No Variations]"
Change component parameters: Designator = "C60"; Footprint = "smd C0603_0.80"; UniqueID = "\TBICGSSQ\OBKDVWHQ"
Change component parameters. Clean all parameters for all variants
Change component parameters (AddParameter): Name = "Component Type"; Value = "Standard"; VariantName = "[No Variations]"
Change component parameters (AddParameter): Name = "Part Number"; Value = "CSMD603/47pF"; VariantName = "[No Variations]"
Change component parameters (AddParameter): Name = "Pin Count"; Value = "2"; VariantName = "[No Variations]"
Change component parameters (AddParameter): Name = "Supplier 1"; Value = "Farnell"; VariantName = "[No Variations]"
Change component parameters (AddParameter): Name = "Supplier Part Number 1"; Value = ""; VariantName = "[No Variations]"
Change component parameters: Designator = "C62"; Footprint = "smd C0603_0.80"; UniqueID = "\TBICGSSQ\MFENWGKY"
Change component parameters. Clean all parameters for all variants
Change component parameters (AddParameter): Name = "Component Type"; Value = "Standard"; VariantName = "[No Variations]"
Change component parameters (AddParameter): Name = "Part Number"; Value = "CSMD603/10nF"; VariantName = "[No Variations]"
Change component parameters (AddParameter): Name = "Pin Count"; Value = "2"; VariantName = "[No Variations]"
Change component parameters (AddParameter): Name = "Supplier 1"; Value = "Farnell"; VariantName = "[No Variations]"
Change component parameters (AddParameter): Name = "Supplier Part Number 1"; Value = ""; VariantName = "[No Variations]"
Change component parameters: Designator = "C63"; Footprint = "smd C0603_0.80"; UniqueID = "\TBICGSSQ\MKJXREKL"
Change component parameters. Clean all parameters for all variants
Change component parameters (AddParameter): Name = "Component Type"; Value = "Standard"; VariantName = "[No Variations]"
Change component parameters (AddParameter): Name = "Part Number"; Value = "CSMD603/10nF"; VariantName = "[No Variations]"
Change component parameters (AddParameter): Name = "Pin Count"; Value = "2"; VariantName = "[No Variations]"
Change component parameters (AddParameter): Name = "Supplier 1"; Value = "Farnell"; VariantName = "[No Variations]"
Change component parameters (AddParameter): Name = "Supplier Part Number 1"; Value = ""; VariantName = "[No Variations]"
Change component parameters: Designator = "C64"; Footprint = "smd C0603_0.80"; UniqueID = "\TBICGSSQ\UFLYBWFK"
Change component parameters. Clean all parameters for all variants
Change component parameters (AddParameter): Name = "Component Type"; Value = "Standard"; VariantName = "[No Variations]"
Change component parameters (AddParameter): Name = "Part Number"; Value = "CSMD603/47pF"; VariantName = "[No Variations]"
Change component parameters (AddParameter): Name = "Pin Count"; Value = "2"; VariantName = "[No Variations]"
Change component parameters (AddParameter): Name = "Supplier 1"; Value = "Farnell"; VariantName = "[No Variations]"
Change component parameters (AddParameter): Name = "Supplier Part Number 1"; Value = ""; VariantName = "[No Variations]"
Change component parameters: Designator = "C67"; Footprint = "smd C0402"; UniqueID = "\TBICGSSQ\NGRWMYFF"
Change component parameters. Clean all parameters for all variants
Change component parameters (AddParameter): Name = "Component Type"; Value = "Standard"; VariantName = "[No Variations]"
Change component parameters (AddParameter): Name = "Part Number"; Value = "CSMD402/47pF"; VariantName = "[No Variations]"
Change component parameters (AddParameter): Name = "Pin Count"; Value = "2"; VariantName = "[No Variations]"
Change component parameters (AddParameter): Name = "Supplier 1"; Value = "Farnell"; VariantName = "[No Variations]"
Change component parameters (AddParameter): Name = "Supplier Part Number 1"; Value = ""; VariantName = "[No Variations]"
Change component parameters: Designator = "C68"; Footprint = "smd C0603_0.80"; UniqueID = "\TBICGSSQ\YVMUHMXJ"
Change component parameters. Clean all parameters for all variants
Change component parameters (AddParameter): Name = "Component Type"; Value = "Standard"; VariantName = "[No Variations]"
Change component parameters (AddParameter): Name = "Part Number"; Value = "CSMD603/10pF"; VariantName = "[No Variations]"
Change component parameters (AddParameter): Name = "Pin Count"; Value = "2"; VariantName = "[No Variations]"
Change component parameters (AddParameter): Name = "Supplier 1"; Value = "Farnell"; VariantName = "[No Variations]"
Change component parameters (AddParameter): Name = "Supplier Part Number 1"; Value = ""; VariantName = "[No Variations]"
Change Net Name : Old Net Name=NetC73HF_2 New Net Name=NetC57_2
Change Net Name : Old Net Name=NetC75HF_2 New Net Name=NetC61_2
Change Net Name : Old Net Name=NetC76HF_2 New Net Name=NetC65_2
Change Net Name : Old Net Name=NetC78HF_2 New Net Name=NetC59_2
Change Net Name : Old Net Name=NetC79HF_2 New Net Name=NetC60_2
Change Net Name : Old Net Name=NetC83HF_1 New Net Name=NetC67_1
Change Net Name : Old Net Name=NetC84HF_1 New Net Name=NetC68_1
Change Net Name : Old Net Name=NetC84HF_2 New Net Name=NetC68_2
Change Net Name : Old Net Name=NetL5HF_2 New Net Name=NetL5_2
Added Member To Class: ClassName=U_Mixer Member=Component L4 SPL805/470nH
Added Member To Class: ClassName=U_Mixer Member=Component R21 51
Added Member To Class: ClassName=U_Mixer Member=Component R22 51
Added Member To Class: ClassName=U_Mixer Member=Component R23 51
Added Member To Class: ClassName=U_Mixer Member=Component U11 SKY13322-375LF
Added Room: Name=Toplevel
Added Room: Name=U_CPU
Added Room: Name=U_LO
Added Room: Name=U_Mixer
Added Room: Name=U_MixerHF
