Change Component Designator: OldDesignator=C73 NewDesignator=C73HF
Change Component Designator: OldDesignator=C74 NewDesignator=C74HF
Change Component Designator: OldDesignator=C75 NewDesignator=C75HF
Change Component Designator: OldDesignator=C76 NewDesignator=C76HF
Change Component Designator: OldDesignator=C77 NewDesignator=C77HF
Change Component Designator: OldDesignator=C78 NewDesignator=C78HF
Change Component Designator: OldDesignator=C79 NewDesignator=C79HF
Change Component Designator: OldDesignator=C80 NewDesignator=C80HF
Change Component Designator: OldDesignator=C81 NewDesignator=C81HF
Change Component Designator: OldDesignator=C82 NewDesignator=C82HF
Change Component Designator: OldDesignator=C83 NewDesignator=C83HF
Change Component Designator: OldDesignator=C84 NewDesignator=C84HF
Change Component Designator: OldDesignator=L5 NewDesignator=L5HF
Change Component Designator: OldDesignator=L6 NewDesignator=L6HF
Change Component Designator: OldDesignator=L7 NewDesignator=L7HF
Change Component Designator: OldDesignator=L8 NewDesignator=L8HF
Change Component Designator: OldDesignator=L9 NewDesignator=L9HF
Change Component Designator: OldDesignator=L10 NewDesignator=L10HF
Change Component Designator: OldDesignator=R33 NewDesignator=R33HF
Change Component Designator: OldDesignator=R34 NewDesignator=R34HF
Change Component Designator: OldDesignator=R35 NewDesignator=R35HF
Change Component Designator: OldDesignator=R36 NewDesignator=R36HF
Change Component Designator: OldDesignator=R37 NewDesignator=R37HF
Change Component Designator: OldDesignator=R38 NewDesignator=R38HF
Change Component Designator: OldDesignator=SW NewDesignator=SW_HF
Change Component Designator: OldDesignator=T2 NewDesignator=T2HF
Change Net Name : Old Net Name=NetBAT1_3 New Net Name=SMA_SW
Change Net Name : Old Net Name=NetC73_2 New Net Name=NetC73HF_2
Change Net Name : Old Net Name=NetC75_1 New Net Name=U15_INA
Change Net Name : Old Net Name=NetC75_2 New Net Name=NetC75HF_2
Change Net Name : Old Net Name=NetC76_1 New Net Name=U15_OUTA
Change Net Name : Old Net Name=NetC76_2 New Net Name=NetC76HF_2
Change Net Name : Old Net Name=NetC77_2 New Net Name=UPCONV_OUT
Change Net Name : Old Net Name=NetC78_2 New Net Name=NetC78HF_2
Change Net Name : Old Net Name=NetC79_2 New Net Name=NetC79HF_2
Change Net Name : Old Net Name=NetC80_1 New Net Name=U15_INB
Change Net Name : Old Net Name=NetC81_1 New Net Name=U15_OSCB
Change Net Name : Old Net Name=NetC81_2 New Net Name=U15_OSCB_FILTERED
Change Net Name : Old Net Name=NetC82_2 New Net Name=U15_OUTB
Change Net Name : Old Net Name=NetC83_1 New Net Name=NetC83HF_1
Change Net Name : Old Net Name=NetC84_1 New Net Name=NetC84HF_1
Change Net Name : Old Net Name=NetC84_2 New Net Name=NetC84HF_2
Change Net Name : Old Net Name=NetL5_2 New Net Name=NetL5HF_2
Change Net Name : Old Net Name=NetR33_2 New Net Name=T2_BASE
Change Net Name : Old Net Name=NetR34_1 New Net Name=NetR34HF_1
