Removed Pin From Net: NetName=GND Pin=H2-0
Change Component Comment : Designator=R004LO Old Comment=50 New Comment=50R/402
Change Component Comment : Designator=R005LO Old Comment=50 New Comment=50R/402
Change Component Comment : Designator=R009LO Old Comment=50 New Comment=50R/402
Change component parameters: Designator = "R004LO"; Footprint = "smd C0402_0.35"; UniqueID = "\CHCMGKKC\XGXFTLHO"
Change component parameters. Clean all parameters for all variants
Change component parameters (AddParameter): Name = "Supplier 1"; Value = "Farnell"; VariantName = "[No Variations]"
Change component parameters (AddParameter): Name = "Supplier Part Number 1"; Value = ""; VariantName = "[No Variations]"
Change component parameters: Designator = "R005LO"; Footprint = "smd C0402_0.35"; UniqueID = "\CHCMGKKC\DZMHVVTE"
Change component parameters. Clean all parameters for all variants
Change component parameters (AddParameter): Name = "Supplier 1"; Value = "Farnell"; VariantName = "[No Variations]"
Change component parameters (AddParameter): Name = "Supplier Part Number 1"; Value = ""; VariantName = "[No Variations]"
Change component parameters: Designator = "R009LO"; Footprint = "smd C0402_0.35"; UniqueID = "\CHCMGKKC\ZAWOGSRP"
Change component parameters. Clean all parameters for all variants
Change component parameters (AddParameter): Name = "Supplier 1"; Value = "Farnell"; VariantName = "[No Variations]"
Change component parameters (AddParameter): Name = "Supplier Part Number 1"; Value = ""; VariantName = "[No Variations]"
Added Member To Class: ClassName=RF Member=Wire NetC001Mx_1
Added Room: Name=Toplevel
Added Room: Name=U_CPU
Added Room: Name=U_LO
Added Room: Name=U_Mixer
Added Room: Name=U_MixerHF
