Removed Member From Class: ClassName=RF Member=NetC001Mx_1
Removed Member From Class: ClassName=RF Member=NetC001Mx_2
Removed Member From Class: ClassName=RF Member=NetC002Mx_1
Removed Member From Class: ClassName=RF Member=NetC007Mx_1
Removed Member From Class: ClassName=RF Member=NetC007Mx_2
Removed Member From Class: ClassName=RF Member=NetC59_1
Removed Member From Class: ClassName=RF Member=NetC59_2
Removed Member From Class: ClassName=RF Member=NetC62_1
Removed Member From Class: ClassName=RF Member=NetC62_2
Removed Member From Class: ClassName=RF Member=NetC67_1
Removed Member From Class: ClassName=RF Member=NetC67_2
Change Component DesignItemId : Designator=C59 Old DesignItemId=CSMD402/22pF New DesignItemId=CSMD402/100pF
Change Component DesignItemId : Designator=C67 Old DesignItemId=CSMD402/22pF New DesignItemId=CSMD402/100pF
Change Component DesignItemId : Designator=C51 Old DesignItemId=CSMD603/100nF New DesignItemId=CSMD402/100nF
Change Component DesignItemId : Designator=C102 Old DesignItemId=CSMD603/100nF New DesignItemId=CSMD402/100nF
Change Component DesignItemId : Designator=C103 Old DesignItemId=CSMD603/100pF New DesignItemId=CSMD402/47pF
Change Component DesignItemId : Designator=C70 Old DesignItemId=CSMD603/100pF New DesignItemId=CSMD402/100pF
Change Component DesignItemId : Designator=C71 Old DesignItemId=CSMD603/100pF New DesignItemId=CSMD402/100pF
Change Component DesignItemId : Designator=C72 Old DesignItemId=CSMD603/100pF New DesignItemId=CSMD402/100pF
Change Component Footprint: Designator=C51 Old Footprint=smd C0603_0.80 New Footprint=smd C0402
Change Component Footprint: Designator=C70 Old Footprint=smd C0603_0.80 New Footprint=smd C0402
Change Component Footprint: Designator=C71 Old Footprint=smd C0603_0.80 New Footprint=smd C0402
Change Component Footprint: Designator=C72 Old Footprint=smd C0603_0.80 New Footprint=smd C0402
Change Component Footprint: Designator=C102 Old Footprint=smd C0603_0.80 New Footprint=smd C0402
Change Component Footprint: Designator=C103 Old Footprint=smd C0603_0.80 New Footprint=smd C0402
Change Component Designator: OldDesignator=C001Mx NewDesignator=C43
Change Component Designator: OldDesignator=C002Mx NewDesignator=C44
Change Component Designator: OldDesignator=C003Mx NewDesignator=C46
Change Component Designator: OldDesignator=C004Mx NewDesignator=C45
Change Component Designator: OldDesignator=C005Mx NewDesignator=C47
Change Component Designator: OldDesignator=C007Mx NewDesignator=C52
Change Component Designator: OldDesignator=C008Mx NewDesignator=C48
Change Component Designator: OldDesignator=C009Mx NewDesignator=C49
Change Component Designator: OldDesignator=C010Mx NewDesignator=C50
Change Component Designator: OldDesignator=C50 NewDesignator=C40
Change Component Designator: OldDesignator=C51 NewDesignator=C41
Change Component Designator: OldDesignator=C59 NewDesignator=C42
Change Component Designator: OldDesignator=C62 NewDesignator=C51
Change Component Designator: OldDesignator=C67 NewDesignator=C53
Change Component Designator: OldDesignator=C70 NewDesignator=C54
Change Component Designator: OldDesignator=C71 NewDesignator=C55
Change Component Designator: OldDesignator=C72 NewDesignator=C56
Change Component Designator: OldDesignator=C100 NewDesignator=C36
Change Component Designator: OldDesignator=C101 NewDesignator=C37
Change Component Designator: OldDesignator=C102 NewDesignator=C38
Change Component Designator: OldDesignator=C103 NewDesignator=C39
Change Component Description : Designator=C42 Old Description=smd capaciteit, verp.0402, 22pF New Description=smd capaciteit, verp.0402, 100pF
Change Component Description : Designator=C53 Old Description=smd capaciteit, verp.0402, 22pF New Description=smd capaciteit, verp.0402, 100pF
Change Component Description : Designator=C41 Old Description=smd capaciteit, verp.0603, 100nF New Description=smd capaciteit, verp.0402, 100nF
Change Component Description : Designator=C38 Old Description=smd capaciteit, verp.0603, 100nF New Description=smd capaciteit, verp.0402, 100nF
Change Component Description : Designator=C39 Old Description=smd capaciteit, verp.0603, 100pF New Description=smd capaciteit, verp.0402, 47pF
Change Component Description : Designator=C54 Old Description=smd capaciteit, verp.0603, 100pF New Description=smd capaciteit, verp.0402, 100pF
Change Component Description : Designator=C55 Old Description=smd capaciteit, verp.0603, 100pF New Description=smd capaciteit, verp.0402, 100pF
Change Component Description : Designator=C56 Old Description=smd capaciteit, verp.0603, 100pF New Description=smd capaciteit, verp.0402, 100pF
Change component parameters: Designator = "C38"; Footprint = "smd C0402"; UniqueID = "\RVAQQRVL\IBCFRVCE"
Change component parameters. Clean all parameters for all variants
Change component parameters (AddParameter): Name = "Component Type"; Value = "Standard"; VariantName = "[No Variations]"
Change component parameters (AddParameter): Name = "Part Number"; Value = "CSMD402/100nF"; VariantName = "[No Variations]"
Change component parameters (AddParameter): Name = "Pin Count"; Value = "2"; VariantName = "[No Variations]"
Change component parameters (AddParameter): Name = "Supplier 1"; Value = "Farnell"; VariantName = "[No Variations]"
Change component parameters (AddParameter): Name = "Supplier Part Number 1"; Value = ""; VariantName = "[No Variations]"
Change component parameters: Designator = "C39"; Footprint = "smd C0402"; UniqueID = "\RVAQQRVL\ATTPEBIE"
Change component parameters. Clean all parameters for all variants
Change component parameters (AddParameter): Name = "Component Type"; Value = "Standard"; VariantName = "[No Variations]"
Change component parameters (AddParameter): Name = "Part Number"; Value = "CSMD402/47pF"; VariantName = "[No Variations]"
Change component parameters (AddParameter): Name = "Pin Count"; Value = "2"; VariantName = "[No Variations]"
Change component parameters (AddParameter): Name = "Supplier 1"; Value = "Farnell"; VariantName = "[No Variations]"
Change component parameters (AddParameter): Name = "Supplier Part Number 1"; Value = ""; VariantName = "[No Variations]"
Change component parameters: Designator = "C41"; Footprint = "smd C0402"; UniqueID = "\RVAQQRVL\EMDPPVSR"
Change component parameters. Clean all parameters for all variants
Change component parameters (AddParameter): Name = "Component Type"; Value = "Standard"; VariantName = "[No Variations]"
Change component parameters (AddParameter): Name = "Part Number"; Value = "CSMD402/100nF"; VariantName = "[No Variations]"
Change component parameters (AddParameter): Name = "Pin Count"; Value = "2"; VariantName = "[No Variations]"
Change component parameters (AddParameter): Name = "Supplier 1"; Value = "Farnell"; VariantName = "[No Variations]"
Change component parameters (AddParameter): Name = "Supplier Part Number 1"; Value = ""; VariantName = "[No Variations]"
Change component parameters: Designator = "C42"; Footprint = "smd C0402"; UniqueID = "\RVAQQRVL\DDEQUYTX"
Change component parameters. Clean all parameters for all variants
Change component parameters (AddParameter): Name = "Component Type"; Value = "Standard"; VariantName = "[No Variations]"
Change component parameters (AddParameter): Name = "Part Number"; Value = "CSMD402/100pF"; VariantName = "[No Variations]"
Change component parameters (AddParameter): Name = "Pin Count"; Value = "2"; VariantName = "[No Variations]"
Change component parameters (AddParameter): Name = "Supplier 1"; Value = "Farnell"; VariantName = "[No Variations]"
Change component parameters (AddParameter): Name = "Supplier Part Number 1"; Value = ""; VariantName = "[No Variations]"
Change component parameters: Designator = "C53"; Footprint = "smd C0402"; UniqueID = "\RVAQQRVL\BNNHDTXH"
Change component parameters. Clean all parameters for all variants
Change component parameters (AddParameter): Name = "Component Type"; Value = "Standard"; VariantName = "[No Variations]"
Change component parameters (AddParameter): Name = "Part Number"; Value = "CSMD402/100pF"; VariantName = "[No Variations]"
Change component parameters (AddParameter): Name = "Pin Count"; Value = "2"; VariantName = "[No Variations]"
Change component parameters (AddParameter): Name = "Supplier 1"; Value = "Farnell"; VariantName = "[No Variations]"
Change component parameters (AddParameter): Name = "Supplier Part Number 1"; Value = ""; VariantName = "[No Variations]"
Change component parameters: Designator = "C54"; Footprint = "smd C0402"; UniqueID = "\RVAQQRVL\XFFVVHCK"
Change component parameters. Clean all parameters for all variants
Change component parameters (AddParameter): Name = "Component Type"; Value = "Standard"; VariantName = "[No Variations]"
Change component parameters (AddParameter): Name = "Part Number"; Value = "CSMD402/100pF"; VariantName = "[No Variations]"
Change component parameters (AddParameter): Name = "Pin Count"; Value = "2"; VariantName = "[No Variations]"
Change component parameters (AddParameter): Name = "Supplier 1"; Value = "Farnell"; VariantName = "[No Variations]"
Change component parameters (AddParameter): Name = "Supplier Part Number 1"; Value = ""; VariantName = "[No Variations]"
Change component parameters: Designator = "C55"; Footprint = "smd C0402"; UniqueID = "\RVAQQRVL\WCWLFALU"
Change component parameters. Clean all parameters for all variants
Change component parameters (AddParameter): Name = "Component Type"; Value = "Standard"; VariantName = "[No Variations]"
Change component parameters (AddParameter): Name = "Part Number"; Value = "CSMD402/100pF"; VariantName = "[No Variations]"
Change component parameters (AddParameter): Name = "Pin Count"; Value = "2"; VariantName = "[No Variations]"
Change component parameters (AddParameter): Name = "Supplier 1"; Value = "Farnell"; VariantName = "[No Variations]"
Change component parameters (AddParameter): Name = "Supplier Part Number 1"; Value = ""; VariantName = "[No Variations]"
Change component parameters: Designator = "C56"; Footprint = "smd C0402"; UniqueID = "\RVAQQRVL\JTBMFAAI"
Change component parameters. Clean all parameters for all variants
Change component parameters (AddParameter): Name = "Component Type"; Value = "Standard"; VariantName = "[No Variations]"
Change component parameters (AddParameter): Name = "Part Number"; Value = "CSMD402/100pF"; VariantName = "[No Variations]"
Change component parameters (AddParameter): Name = "Pin Count"; Value = "2"; VariantName = "[No Variations]"
Change component parameters (AddParameter): Name = "Supplier 1"; Value = "Farnell"; VariantName = "[No Variations]"
Change component parameters (AddParameter): Name = "Supplier Part Number 1"; Value = ""; VariantName = "[No Variations]"
Change Net Name : Old Net Name=NetC001Mx_1 New Net Name=NetC43_1
Change Net Name : Old Net Name=NetC001Mx_2 New Net Name=NetC43_2
Change Net Name : Old Net Name=NetC002Mx_1 New Net Name=NetC44_1
Change Net Name : Old Net Name=NetC007Mx_1 New Net Name=NetC52_1
Change Net Name : Old Net Name=NetC007Mx_2 New Net Name=NetC52_2
Change Net Name : Old Net Name=NetC59_1 New Net Name=NetC42_1
Change Net Name : Old Net Name=NetC59_2 New Net Name=NetC42_2
Change Net Name : Old Net Name=NetC62_1 New Net Name=NetC51_1
Change Net Name : Old Net Name=NetC62_2 New Net Name=NetC51_2
Change Net Name : Old Net Name=NetC67_1 New Net Name=NetC53_1
Change Net Name : Old Net Name=NetC67_2 New Net Name=NetC53_2
Change Net Name : Old Net Name=NetC70_2 New Net Name=NetC54_2
Change Net Name : Old Net Name=NetC71_2 New Net Name=NetC55_2
Change Net Name : Old Net Name=NetC72_2 New Net Name=NetC56_2
Added Member To Class: ClassName=U_Mixer Member=Component C32 
Added Member To Class: ClassName=U_Mixer Member=Component C34 100nF
Added Member To Class: ClassName=RF Member=Wire NetC42_1
Added Member To Class: ClassName=RF Member=Wire NetC42_2
Added Member To Class: ClassName=RF Member=Wire NetC43_1
Added Member To Class: ClassName=RF Member=Wire NetC43_2
Added Member To Class: ClassName=RF Member=Wire NetC44_1
Added Member To Class: ClassName=RF Member=Wire NetC51_1
Added Member To Class: ClassName=RF Member=Wire NetC51_2
Added Member To Class: ClassName=RF Member=Wire NetC52_1
Added Member To Class: ClassName=RF Member=Wire NetC52_2
Added Member To Class: ClassName=RF Member=Wire NetC53_1
Added Member To Class: ClassName=RF Member=Wire NetC53_2
Added Room: Name=Toplevel
Added Room: Name=U_CPU
Added Room: Name=U_LO
Added Room: Name=U_Mixer
Added Room: Name=U_MixerHF
