Removed Pin From Net: NetName=GND Pin=C022LO-1
Removed Pin From Net: NetName=3V3 Pin=C022LO-2
Removed Pin From Net: NetName=GND Pin=C023LO-1
Removed Pin From Net: NetName=3V3 Pin=C023LO-2
Removed Pin From Net: NetName=GND Pin=C025LO-1
Removed Pin From Net: NetName=GND Pin=C026LO-1
Removed Pin From Net: NetName=GND Pin=C027LO-1
Removed Pin From Net: NetName=GND Pin=C028LO-1
Removed Pin From Net: NetName=X1_OUT Pin=C030LO-2
Removed Pin From Net: NetName=GND Pin=C032LO-1
Removed Pin From Net: NetName=3V3 Pin=C032LO-2
Removed Pin From Net: NetName=GND Pin=C033LO-1
Removed Pin From Net: NetName=3V3 Pin=C033LO-2
Removed Pin From Net: NetName=GND Pin=C54-1
Removed Pin From Net: NetName=5V Pin=C54-2
Removed Pin From Net: NetName=GND Pin=C61-1
Removed Pin From Net: NetName=NetC59_1 Pin=C61-2
Removed Pin From Net: NetName=GND Pin=C62-1
Removed Pin From Net: NetName=GND Pin=C64-1
Removed Pin From Net: NetName=GND Pin=C65-1
Removed Pin From Net: NetName=GND Pin=C85-1
Removed Pin From Net: NetName=5V Pin=C85-2
Removed Pin From Net: NetName=GND Pin=C86-1
Removed Pin From Net: NetName=CPU_SDA Pin=CON_I2C-1
Removed Pin From Net: NetName=CPU_SCL Pin=CON_I2C-2
Removed Pin From Net: NetName=GND Pin=CON_I2C-3
Removed Pin From Net: NetName=GND Pin=D4-1
Removed Pin From Net: NetName=GND Pin=D4-2
Removed Pin From Net: NetName=NetC56_2 Pin=F1-2
Removed Pin From Net: NetName=GND Pin=F1-4
Removed Pin From Net: NetName=GND Pin=MID-2
Removed Pin From Net: NetName=GND Pin=MID-3
Removed Pin From Net: NetName=GND Pin=MID-4
Removed Pin From Net: NetName=GND Pin=MID-5
Removed Pin From Net: NetName=BSEL Pin=R7-1
Removed Pin From Net: NetName=ANT2 Pin=R8-1
Removed Pin From Net: NetName=REF_PLL Pin=R018LO-1
Removed Pin From Net: NetName=REF_CLK_IN Pin=R018LO-2
Removed Pin From Net: NetName=ANT1 Pin=R27-2
Removed Pin From Net: NetName=GND Pin=REF-0
Removed Pin From Net: NetName=GND Pin=REF-0
Removed Pin From Net: NetName=REF_CLK_IN Pin=REF-1
Removed Pin From Net: NetName=GND Pin=U2-1
Removed Pin From Net: NetName=GND Pin=U2-2
Removed Pin From Net: NetName=CPU_SCL Pin=U2-3
Removed Pin From Net: NetName=CPU_SDA Pin=U2-4
Removed Pin From Net: NetName=GND Pin=U2-5
Removed Pin From Net: NetName=3V3 Pin=U2-6
Removed Pin From Net: NetName=REF_VCC Pin=U2-7
Removed Pin From Net: NetName=GND Pin=U3-4
Removed Pin From Net: NetName=GND Pin=U3-5
Removed Pin From Net: NetName=3V3 Pin=U3-6
Removed Pin From Net: NetName=3V3 Pin=U3-8
Removed Pin From Net: NetName=GND Pin=U4-2
Removed Pin From Net: NetName=3V3 Pin=U4-3
Removed Pin From Net: NetName=3V3 Pin=U4-4
Removed Pin From Net: NetName=REF_VCC Pin=U4-5
Removed Pin From Net: NetName=GND Pin=U6-2
Removed Pin From Net: NetName=REF_CLK_IN Pin=U6-4
Removed Pin From Net: NetName=3V3 Pin=U6-5
Removed Pin From Net: NetName=NetC52_1 Pin=U10-5
Removed Pin From Net: NetName=GND Pin=U10-7
Removed Pin From Net: NetName=GND Pin=U10-9
Removed Pin From Net: NetName=GND Pin=U10-11
Removed Pin From Net: NetName=5V Pin=U16-1
Removed Pin From Net: NetName=GND Pin=U16-4
Removed Pin From Net: NetName=GND Pin=U16-5
Removed Pin From Net: NetName=GND Pin=U16-6
Removed Pin From Net: NetName=GND Pin=U16-7
Removed Pin From Net: NetName=GND Pin=U16-8
Removed Pin From Net: NetName=GND Pin=U16-10
Removed Pin From Net: NetName=GND Pin=U16-11
Removed Pin From Net: NetName=GND Pin=U16-13
Removed Pin From Net: NetName=GND Pin=U16-14
Removed Pin From Net: NetName=GND Pin=U16-15
Removed Pin From Net: NetName=GND Pin=U16-16
Removed Pin From Net: NetName=GND Pin=U16-17
Removed Member From Class: ClassName=U_LO Member=C021LO
Removed Member From Class: ClassName=U_LO Member=C022LO
Removed Member From Class: ClassName=U_LO Member=C023LO
Removed Member From Class: ClassName=U_LO Member=C024LO
Removed Member From Class: ClassName=U_LO Member=C025LO
Removed Member From Class: ClassName=U_LO Member=C026LO
Removed Member From Class: ClassName=U_LO Member=C027LO
Removed Member From Class: ClassName=U_LO Member=C028LO
Removed Member From Class: ClassName=U_LO Member=C030LO
Removed Member From Class: ClassName=U_LO Member=C032LO
Removed Member From Class: ClassName=U_LO Member=C033LO
Removed Member From Class: ClassName=U_Mixer Member=C53
Removed Member From Class: ClassName=U_Mixer Member=C54
Removed Member From Class: ClassName=U_Mixer Member=C55
Removed Member From Class: ClassName=U_Mixer Member=C57
Removed Member From Class: ClassName=U_Mixer Member=C58
Removed Member From Class: ClassName=U_Mixer Member=C61
Removed Member From Class: ClassName=U_Mixer Member=C62
Removed Member From Class: ClassName=U_Mixer Member=C63
Removed Member From Class: ClassName=U_Mixer Member=C64
Removed Member From Class: ClassName=U_Mixer Member=C65
Removed Member From Class: ClassName=U_Mixer Member=C85
Removed Member From Class: ClassName=U_Mixer Member=C86
Removed Member From Class: ClassName=U_Mixer Member=CON_I2C
Removed Member From Class: ClassName=U_Mixer Member=D4
Removed Member From Class: ClassName=U_Mixer Member=F1
Removed Member From Class: ClassName=U_LO Member=L001LO
Removed Member From Class: ClassName=U_Mixer Member=MID
Removed Member From Class: ClassName=U_Mixer Member=R7
Removed Member From Class: ClassName=U_Mixer Member=R8
Removed Member From Class: ClassName=U_LO Member=R013LO
Removed Member From Class: ClassName=U_LO Member=R014LO
Removed Member From Class: ClassName=U_LO Member=R015LO
Removed Member From Class: ClassName=U_LO Member=R016LO
Removed Member From Class: ClassName=U_LO Member=R017LO
Removed Member From Class: ClassName=U_LO Member=R018LO
Removed Member From Class: ClassName=U_Mixer Member=R27
Removed Member From Class: ClassName=U_LO Member=REF
Removed Member From Class: ClassName=U_LO Member=U2
Removed Member From Class: ClassName=U_LO Member=U3
Removed Member From Class: ClassName=U_LO Member=U4
Removed Member From Class: ClassName=U_LO Member=U6
Removed Member From Class: ClassName=U_Mixer Member=U10
Removed Member From Class: ClassName=U_Mixer Member=U16
Removed Member From Class: ClassName=RF Member=NetC002Mx_1
Removed Member From Class: ClassName=RF Member=NetC53_1
Removed Member From Class: ClassName=RF Member=NetC53_2
Removed Member From Class: ClassName=RF Member=NetC55_1
Removed Member From Class: ClassName=RF Member=NetC55_2
Removed Member From Class: ClassName=RF Member=NetC57_1
Removed Member From Class: ClassName=RF Member=NetC57_2
Removed Member From Class: ClassName=RF Member=NetC58_1
Removed Member From Class: ClassName=RF Member=NetC58_2
Removed Member From Class: ClassName=RF Member=NetC63_1
Removed Member From Class: ClassName=RF Member=NetC63_2
Change Component Comment : Designator=R002LO Old Comment=DNP New Comment=
Change Component Comment : Designator=R040LO Old Comment=DNP New Comment=
Change Component Comment : Designator=R041LO Old Comment=DNP New Comment=
Added Component: Designator=C002BPMx(smd C0402)
Add component. Clean all parameters for all variants
Add component (AddParameter): Name = "Component Type"; Value = "Standard"; VariantName = "[No Variations]"
Add component (AddParameter): Name = "Part Number"; Value = "CSMD402/100nF"; VariantName = "[No Variations]"
Add component (AddParameter): Name = "Pin Count"; Value = "2"; VariantName = "[No Variations]"
Add component (AddParameter): Name = "Supplier 1"; Value = "Farnell"; VariantName = "[No Variations]"
Add component (AddParameter): Name = "Supplier Part Number 1"; Value = ""; VariantName = "[No Variations]"
Added Pin To Net: NetName=NetC001Mx_1 Pin=C002BPMx-1
Added Pin To Net: NetName=NetC002Mx_1 Pin=C002BPMx-2
Added Pin To Net: NetName=NetC52_1 Pin=C60-2
Added Pin To Net: NetName=NetC52_1 Pin=U11-1
Added Pin To Net: NetName=NetC56_2 Pin=U12-5
Change Net Name : Old Net Name=NetC002Mx_1 New Net Name=NetC002BPMx_2
Added Member To Class: ClassName=U_Mixer Member=Component C002BPMx DNP
Added Member To Class: ClassName=RF Member=Wire NetC002BPMx_2
Added Member To Class: ClassName=RF Member=Wire NetC56_2
Added Room: Name=Toplevel
Added Room: Name=U_CPU
Added Room: Name=U_LO
Added Room: Name=U_Mixer
Added Room: Name=U_MixerHF
