ARM GAS  /tmp/ccYLIm2C.s 			page 1


   1              		.cpu cortex-m3
   2              		.eabi_attribute 20, 1
   3              		.eabi_attribute 21, 1
   4              		.eabi_attribute 23, 3
   5              		.eabi_attribute 24, 1
   6              		.eabi_attribute 25, 1
   7              		.eabi_attribute 26, 1
   8              		.eabi_attribute 30, 4
   9              		.eabi_attribute 34, 1
  10              		.eabi_attribute 18, 4
  11              		.file	"board.c"
  12              		.file 1 "/usr/arm-none-eabi/include/machine/_default_types.h"
  13              		.file 2 "/usr/arm-none-eabi/include/sys/_stdint.h"
  14              		.file 3 "../ChibiOS/os/common/ext/CMSIS/ST/STM32F1xx/stm32f103xb.h"
  15              		.file 4 "/usr/lib/gcc/arm-none-eabi/10.2.0/include/stddef.h"
  16              		.file 5 "../ChibiOS/os/hal/ports/STM32/LLD/GPIOv1/hal_pal_lld.h"
  17              		.file 6 "../ChibiOS/os/hal/boards/BERTOLD_F103_USB/board.c"
  18              		.section	.gnu.debuglto_.debug_info,"e",%progbits
  19              	.Ldebug_info0:
  20              		.hidden	board.c.f315b3e2
  21              		.weak	board.c.f315b3e2
  22              	board.c.f315b3e2:
  23 0000 CF010000 		.4byte	0x1cf
  24 0004 0400     		.2byte	0x4
  25 0006 00000000 		.4byte	.Ldebug_abbrev0
  26 000a 04       		.byte	0x4
  27 000b 01       		.uleb128 0x1
  28 000c D0000000 		.4byte	.LASF30
  29 0010 0C       		.byte	0xc
  30 0011 09020000 		.4byte	.LASF31
  31 0015 1B000000 		.4byte	.LASF32
  32 0019 00000000 		.4byte	.Ldebug_line0
  33 001d 02       		.uleb128 0x2
  34 001e 01       		.byte	0x1
  35 001f 06       		.byte	0x6
  36 0020 75020000 		.4byte	.LASF0
  37 0024 02       		.uleb128 0x2
  38 0025 01       		.byte	0x1
  39 0026 08       		.byte	0x8
  40 0027 96000000 		.4byte	.LASF1
  41 002b 02       		.uleb128 0x2
  42 002c 02       		.byte	0x2
  43 002d 05       		.byte	0x5
  44 002e 3B020000 		.4byte	.LASF2
  45 0032 02       		.uleb128 0x2
  46 0033 02       		.byte	0x2
  47 0034 07       		.byte	0x7
  48 0035 96010000 		.4byte	.LASF3
  49 0039 02       		.uleb128 0x2
  50 003a 04       		.byte	0x4
  51 003b 05       		.byte	0x5
  52 003c 5B020000 		.4byte	.LASF4
  53 0040 03       		.uleb128 0x3
  54 0041 C6010000 		.4byte	.LASF9
  55 0045 01       		.byte	0x1
  56 0046 4F       		.byte	0x4f
  57 0047 19       		.byte	0x19
ARM GAS  /tmp/ccYLIm2C.s 			page 2


  58 0048 4C000000 		.4byte	0x4c
  59 004c 02       		.uleb128 0x2
  60 004d 04       		.byte	0x4
  61 004e 07       		.byte	0x7
  62 004f BE000000 		.4byte	.LASF5
  63 0053 02       		.uleb128 0x2
  64 0054 08       		.byte	0x8
  65 0055 05       		.byte	0x5
  66 0056 FB010000 		.4byte	.LASF6
  67 005a 02       		.uleb128 0x2
  68 005b 08       		.byte	0x8
  69 005c 07       		.byte	0x7
  70 005d 78000000 		.4byte	.LASF7
  71 0061 04       		.uleb128 0x4
  72 0062 04       		.byte	0x4
  73 0063 05       		.byte	0x5
  74 0064 696E7400 		.ascii	"int\000"
  75 0068 02       		.uleb128 0x2
  76 0069 04       		.byte	0x4
  77 006a 07       		.byte	0x7
  78 006b 5C000000 		.4byte	.LASF8
  79 006f 03       		.uleb128 0x3
  80 0070 52020000 		.4byte	.LASF10
  81 0074 02       		.byte	0x2
  82 0075 30       		.byte	0x30
  83 0076 14       		.byte	0x14
  84 0077 40000000 		.4byte	0x40
  85 007b 05       		.uleb128 0x5
  86 007c 6F000000 		.4byte	0x6f
  87 0080 06       		.uleb128 0x6
  88 0081 20       		.byte	0x20
  89 0082 03       		.byte	0x3
  90 0083 8801     		.2byte	0x188
  91 0085 09       		.byte	0x9
  92 0086 D1000000 		.4byte	0xd1
  93 008a 07       		.uleb128 0x7
  94 008b 70020000 		.4byte	.LASF11
  95 008f 03       		.byte	0x3
  96 0090 8A01     		.2byte	0x18a
  97 0092 11       		.byte	0x11
  98 0093 7B000000 		.4byte	0x7b
  99 0097 00       		.byte	0
 100 0098 07       		.uleb128 0x7
 101 0099 69000000 		.4byte	.LASF12
 102 009d 03       		.byte	0x3
 103 009e 8B01     		.2byte	0x18b
 104 00a0 11       		.byte	0x11
 105 00a1 7B000000 		.4byte	0x7b
 106 00a5 04       		.byte	0x4
 107 00a6 07       		.uleb128 0x7
 108 00a7 D1010000 		.4byte	.LASF13
 109 00ab 03       		.byte	0x3
 110 00ac 8C01     		.2byte	0x18c
 111 00ae 11       		.byte	0x11
 112 00af E1000000 		.4byte	0xe1
 113 00b3 08       		.byte	0x8
 114 00b4 07       		.uleb128 0x7
ARM GAS  /tmp/ccYLIm2C.s 			page 3


 115 00b5 6E000000 		.4byte	.LASF14
 116 00b9 03       		.byte	0x3
 117 00ba 8D01     		.2byte	0x18d
 118 00bc 0C       		.byte	0xc
 119 00bd 6F000000 		.4byte	0x6f
 120 00c1 18       		.byte	0x18
 121 00c2 07       		.uleb128 0x7
 122 00c3 4C020000 		.4byte	.LASF15
 123 00c7 03       		.byte	0x3
 124 00c8 8E01     		.2byte	0x18e
 125 00ca 11       		.byte	0x11
 126 00cb 7B000000 		.4byte	0x7b
 127 00cf 1C       		.byte	0x1c
 128 00d0 00       		.byte	0
 129 00d1 08       		.uleb128 0x8
 130 00d2 7B000000 		.4byte	0x7b
 131 00d6 E1000000 		.4byte	0xe1
 132 00da 09       		.uleb128 0x9
 133 00db 68000000 		.4byte	0x68
 134 00df 03       		.byte	0x3
 135 00e0 00       		.byte	0
 136 00e1 05       		.uleb128 0x5
 137 00e2 D1000000 		.4byte	0xd1
 138 00e6 0A       		.uleb128 0xa
 139 00e7 00000000 		.4byte	.LASF16
 140 00eb 03       		.byte	0x3
 141 00ec 8F01     		.2byte	0x18f
 142 00ee 03       		.byte	0x3
 143 00ef 80000000 		.4byte	0x80
 144 00f3 03       		.uleb128 0x3
 145 00f4 0D000000 		.4byte	.LASF17
 146 00f8 04       		.byte	0x4
 147 00f9 D1       		.byte	0xd1
 148 00fa 17       		.byte	0x17
 149 00fb 68000000 		.4byte	0x68
 150 00ff 02       		.uleb128 0x2
 151 0100 08       		.byte	0x8
 152 0101 04       		.byte	0x4
 153 0102 64020000 		.4byte	.LASF18
 154 0106 02       		.uleb128 0x2
 155 0107 01       		.byte	0x1
 156 0108 08       		.byte	0x8
 157 0109 DF010000 		.4byte	.LASF19
 158 010d 02       		.uleb128 0x2
 159 010e 01       		.byte	0x1
 160 010f 02       		.byte	0x2
 161 0110 81020000 		.4byte	.LASF20
 162 0114 0B       		.uleb128 0xb
 163 0115 0C       		.byte	0xc
 164 0116 05       		.byte	0x5
 165 0117 68       		.byte	0x68
 166 0118 09       		.byte	0x9
 167 0119 45010000 		.4byte	0x145
 168 011d 0C       		.uleb128 0xc
 169 011e 6F647200 		.ascii	"odr\000"
 170 0122 05       		.byte	0x5
 171 0123 6A       		.byte	0x6a
ARM GAS  /tmp/ccYLIm2C.s 			page 4


 172 0124 11       		.byte	0x11
 173 0125 6F000000 		.4byte	0x6f
 174 0129 00       		.byte	0
 175 012a 0C       		.uleb128 0xc
 176 012b 63726C00 		.ascii	"crl\000"
 177 012f 05       		.byte	0x5
 178 0130 6C       		.byte	0x6c
 179 0131 11       		.byte	0x11
 180 0132 6F000000 		.4byte	0x6f
 181 0136 04       		.byte	0x4
 182 0137 0C       		.uleb128 0xc
 183 0138 63726800 		.ascii	"crh\000"
 184 013c 05       		.byte	0x5
 185 013d 6E       		.byte	0x6e
 186 013e 11       		.byte	0x11
 187 013f 6F000000 		.4byte	0x6f
 188 0143 08       		.byte	0x8
 189 0144 00       		.byte	0
 190 0145 03       		.uleb128 0x3
 191 0146 A4000000 		.4byte	.LASF21
 192 014a 05       		.byte	0x5
 193 014b 6F       		.byte	0x6f
 194 014c 03       		.byte	0x3
 195 014d 14010000 		.4byte	0x114
 196 0151 0B       		.uleb128 0xb
 197 0152 3C       		.byte	0x3c
 198 0153 05       		.byte	0x5
 199 0154 78       		.byte	0x78
 200 0155 09       		.byte	0x9
 201 0156 9C010000 		.4byte	0x19c
 202 015a 0D       		.uleb128 0xd
 203 015b B7000000 		.4byte	.LASF22
 204 015f 05       		.byte	0x5
 205 0160 7A       		.byte	0x7a
 206 0161 19       		.byte	0x19
 207 0162 45010000 		.4byte	0x145
 208 0166 00       		.byte	0
 209 0167 0D       		.uleb128 0xd
 210 0168 D8010000 		.4byte	.LASF23
 211 016c 05       		.byte	0x5
 212 016d 7C       		.byte	0x7c
 213 016e 19       		.byte	0x19
 214 016f 45010000 		.4byte	0x145
 215 0173 0C       		.byte	0xc
 216 0174 0D       		.uleb128 0xd
 217 0175 45020000 		.4byte	.LASF24
 218 0179 05       		.byte	0x5
 219 017a 7E       		.byte	0x7e
 220 017b 19       		.byte	0x19
 221 017c 45010000 		.4byte	0x145
 222 0180 18       		.byte	0x18
 223 0181 0D       		.uleb128 0xd
 224 0182 14000000 		.4byte	.LASF25
 225 0186 05       		.byte	0x5
 226 0187 80       		.byte	0x80
 227 0188 19       		.byte	0x19
 228 0189 45010000 		.4byte	0x145
ARM GAS  /tmp/ccYLIm2C.s 			page 5


 229 018d 24       		.byte	0x24
 230 018e 0D       		.uleb128 0xd
 231 018f 8F000000 		.4byte	.LASF26
 232 0193 05       		.byte	0x5
 233 0194 83       		.byte	0x83
 234 0195 19       		.byte	0x19
 235 0196 45010000 		.4byte	0x145
 236 019a 30       		.byte	0x30
 237 019b 00       		.byte	0
 238 019c 03       		.uleb128 0x3
 239 019d A9010000 		.4byte	.LASF27
 240 01a1 05       		.byte	0x5
 241 01a2 8D       		.byte	0x8d
 242 01a3 03       		.byte	0x3
 243 01a4 51010000 		.4byte	0x151
 244 01a8 0E       		.uleb128 0xe
 245 01a9 9C010000 		.4byte	0x19c
 246 01ad 0F       		.uleb128 0xf
 247 01ae B3010000 		.4byte	.LASF33
 248 01b2 05       		.byte	0x5
 249 01b3 6701     		.2byte	0x167
 250 01b5 18       		.byte	0x18
 251 01b6 A8010000 		.4byte	0x1a8
 252 01ba 10       		.uleb128 0x10
 253 01bb AD010000 		.4byte	0x1ad
 254 01bf 06       		.byte	0x6
 255 01c0 19       		.byte	0x19
 256 01c1 11       		.byte	0x11
 257 01c2 11       		.uleb128 0x11
 258 01c3 E4010000 		.4byte	.LASF28
 259 01c7 06       		.byte	0x6
 260 01c8 30       		.byte	0x30
 261 01c9 06       		.byte	0x6
 262 01ca 11       		.uleb128 0x11
 263 01cb EE010000 		.4byte	.LASF29
 264 01cf 06       		.byte	0x6
 265 01d0 28       		.byte	0x28
 266 01d1 06       		.byte	0x6
 267 01d2 00       		.byte	0
 268              		.section	.gnu.debuglto_.debug_abbrev,"e",%progbits
 269              	.Ldebug_abbrev0:
 270 0000 01       		.uleb128 0x1
 271 0001 11       		.uleb128 0x11
 272 0002 01       		.byte	0x1
 273 0003 25       		.uleb128 0x25
 274 0004 0E       		.uleb128 0xe
 275 0005 13       		.uleb128 0x13
 276 0006 0B       		.uleb128 0xb
 277 0007 03       		.uleb128 0x3
 278 0008 0E       		.uleb128 0xe
 279 0009 1B       		.uleb128 0x1b
 280 000a 0E       		.uleb128 0xe
 281 000b 10       		.uleb128 0x10
 282 000c 17       		.uleb128 0x17
 283 000d 00       		.byte	0
 284 000e 00       		.byte	0
 285 000f 02       		.uleb128 0x2
ARM GAS  /tmp/ccYLIm2C.s 			page 6


 286 0010 24       		.uleb128 0x24
 287 0011 00       		.byte	0
 288 0012 0B       		.uleb128 0xb
 289 0013 0B       		.uleb128 0xb
 290 0014 3E       		.uleb128 0x3e
 291 0015 0B       		.uleb128 0xb
 292 0016 03       		.uleb128 0x3
 293 0017 0E       		.uleb128 0xe
 294 0018 00       		.byte	0
 295 0019 00       		.byte	0
 296 001a 03       		.uleb128 0x3
 297 001b 16       		.uleb128 0x16
 298 001c 00       		.byte	0
 299 001d 03       		.uleb128 0x3
 300 001e 0E       		.uleb128 0xe
 301 001f 3A       		.uleb128 0x3a
 302 0020 0B       		.uleb128 0xb
 303 0021 3B       		.uleb128 0x3b
 304 0022 0B       		.uleb128 0xb
 305 0023 39       		.uleb128 0x39
 306 0024 0B       		.uleb128 0xb
 307 0025 49       		.uleb128 0x49
 308 0026 13       		.uleb128 0x13
 309 0027 00       		.byte	0
 310 0028 00       		.byte	0
 311 0029 04       		.uleb128 0x4
 312 002a 24       		.uleb128 0x24
 313 002b 00       		.byte	0
 314 002c 0B       		.uleb128 0xb
 315 002d 0B       		.uleb128 0xb
 316 002e 3E       		.uleb128 0x3e
 317 002f 0B       		.uleb128 0xb
 318 0030 03       		.uleb128 0x3
 319 0031 08       		.uleb128 0x8
 320 0032 00       		.byte	0
 321 0033 00       		.byte	0
 322 0034 05       		.uleb128 0x5
 323 0035 35       		.uleb128 0x35
 324 0036 00       		.byte	0
 325 0037 49       		.uleb128 0x49
 326 0038 13       		.uleb128 0x13
 327 0039 00       		.byte	0
 328 003a 00       		.byte	0
 329 003b 06       		.uleb128 0x6
 330 003c 13       		.uleb128 0x13
 331 003d 01       		.byte	0x1
 332 003e 0B       		.uleb128 0xb
 333 003f 0B       		.uleb128 0xb
 334 0040 3A       		.uleb128 0x3a
 335 0041 0B       		.uleb128 0xb
 336 0042 3B       		.uleb128 0x3b
 337 0043 05       		.uleb128 0x5
 338 0044 39       		.uleb128 0x39
 339 0045 0B       		.uleb128 0xb
 340 0046 01       		.uleb128 0x1
 341 0047 13       		.uleb128 0x13
 342 0048 00       		.byte	0
ARM GAS  /tmp/ccYLIm2C.s 			page 7


 343 0049 00       		.byte	0
 344 004a 07       		.uleb128 0x7
 345 004b 0D       		.uleb128 0xd
 346 004c 00       		.byte	0
 347 004d 03       		.uleb128 0x3
 348 004e 0E       		.uleb128 0xe
 349 004f 3A       		.uleb128 0x3a
 350 0050 0B       		.uleb128 0xb
 351 0051 3B       		.uleb128 0x3b
 352 0052 05       		.uleb128 0x5
 353 0053 39       		.uleb128 0x39
 354 0054 0B       		.uleb128 0xb
 355 0055 49       		.uleb128 0x49
 356 0056 13       		.uleb128 0x13
 357 0057 38       		.uleb128 0x38
 358 0058 0B       		.uleb128 0xb
 359 0059 00       		.byte	0
 360 005a 00       		.byte	0
 361 005b 08       		.uleb128 0x8
 362 005c 01       		.uleb128 0x1
 363 005d 01       		.byte	0x1
 364 005e 49       		.uleb128 0x49
 365 005f 13       		.uleb128 0x13
 366 0060 01       		.uleb128 0x1
 367 0061 13       		.uleb128 0x13
 368 0062 00       		.byte	0
 369 0063 00       		.byte	0
 370 0064 09       		.uleb128 0x9
 371 0065 21       		.uleb128 0x21
 372 0066 00       		.byte	0
 373 0067 49       		.uleb128 0x49
 374 0068 13       		.uleb128 0x13
 375 0069 2F       		.uleb128 0x2f
 376 006a 0B       		.uleb128 0xb
 377 006b 00       		.byte	0
 378 006c 00       		.byte	0
 379 006d 0A       		.uleb128 0xa
 380 006e 16       		.uleb128 0x16
 381 006f 00       		.byte	0
 382 0070 03       		.uleb128 0x3
 383 0071 0E       		.uleb128 0xe
 384 0072 3A       		.uleb128 0x3a
 385 0073 0B       		.uleb128 0xb
 386 0074 3B       		.uleb128 0x3b
 387 0075 05       		.uleb128 0x5
 388 0076 39       		.uleb128 0x39
 389 0077 0B       		.uleb128 0xb
 390 0078 49       		.uleb128 0x49
 391 0079 13       		.uleb128 0x13
 392 007a 00       		.byte	0
 393 007b 00       		.byte	0
 394 007c 0B       		.uleb128 0xb
 395 007d 13       		.uleb128 0x13
 396 007e 01       		.byte	0x1
 397 007f 0B       		.uleb128 0xb
 398 0080 0B       		.uleb128 0xb
 399 0081 3A       		.uleb128 0x3a
ARM GAS  /tmp/ccYLIm2C.s 			page 8


 400 0082 0B       		.uleb128 0xb
 401 0083 3B       		.uleb128 0x3b
 402 0084 0B       		.uleb128 0xb
 403 0085 39       		.uleb128 0x39
 404 0086 0B       		.uleb128 0xb
 405 0087 01       		.uleb128 0x1
 406 0088 13       		.uleb128 0x13
 407 0089 00       		.byte	0
 408 008a 00       		.byte	0
 409 008b 0C       		.uleb128 0xc
 410 008c 0D       		.uleb128 0xd
 411 008d 00       		.byte	0
 412 008e 03       		.uleb128 0x3
 413 008f 08       		.uleb128 0x8
 414 0090 3A       		.uleb128 0x3a
 415 0091 0B       		.uleb128 0xb
 416 0092 3B       		.uleb128 0x3b
 417 0093 0B       		.uleb128 0xb
 418 0094 39       		.uleb128 0x39
 419 0095 0B       		.uleb128 0xb
 420 0096 49       		.uleb128 0x49
 421 0097 13       		.uleb128 0x13
 422 0098 38       		.uleb128 0x38
 423 0099 0B       		.uleb128 0xb
 424 009a 00       		.byte	0
 425 009b 00       		.byte	0
 426 009c 0D       		.uleb128 0xd
 427 009d 0D       		.uleb128 0xd
 428 009e 00       		.byte	0
 429 009f 03       		.uleb128 0x3
 430 00a0 0E       		.uleb128 0xe
 431 00a1 3A       		.uleb128 0x3a
 432 00a2 0B       		.uleb128 0xb
 433 00a3 3B       		.uleb128 0x3b
 434 00a4 0B       		.uleb128 0xb
 435 00a5 39       		.uleb128 0x39
 436 00a6 0B       		.uleb128 0xb
 437 00a7 49       		.uleb128 0x49
 438 00a8 13       		.uleb128 0x13
 439 00a9 38       		.uleb128 0x38
 440 00aa 0B       		.uleb128 0xb
 441 00ab 00       		.byte	0
 442 00ac 00       		.byte	0
 443 00ad 0E       		.uleb128 0xe
 444 00ae 26       		.uleb128 0x26
 445 00af 00       		.byte	0
 446 00b0 49       		.uleb128 0x49
 447 00b1 13       		.uleb128 0x13
 448 00b2 00       		.byte	0
 449 00b3 00       		.byte	0
 450 00b4 0F       		.uleb128 0xf
 451 00b5 34       		.uleb128 0x34
 452 00b6 00       		.byte	0
 453 00b7 03       		.uleb128 0x3
 454 00b8 0E       		.uleb128 0xe
 455 00b9 3A       		.uleb128 0x3a
 456 00ba 0B       		.uleb128 0xb
ARM GAS  /tmp/ccYLIm2C.s 			page 9


 457 00bb 3B       		.uleb128 0x3b
 458 00bc 05       		.uleb128 0x5
 459 00bd 39       		.uleb128 0x39
 460 00be 0B       		.uleb128 0xb
 461 00bf 49       		.uleb128 0x49
 462 00c0 13       		.uleb128 0x13
 463 00c1 3F       		.uleb128 0x3f
 464 00c2 19       		.uleb128 0x19
 465 00c3 3C       		.uleb128 0x3c
 466 00c4 19       		.uleb128 0x19
 467 00c5 00       		.byte	0
 468 00c6 00       		.byte	0
 469 00c7 10       		.uleb128 0x10
 470 00c8 34       		.uleb128 0x34
 471 00c9 00       		.byte	0
 472 00ca 47       		.uleb128 0x47
 473 00cb 13       		.uleb128 0x13
 474 00cc 3A       		.uleb128 0x3a
 475 00cd 0B       		.uleb128 0xb
 476 00ce 3B       		.uleb128 0x3b
 477 00cf 0B       		.uleb128 0xb
 478 00d0 39       		.uleb128 0x39
 479 00d1 0B       		.uleb128 0xb
 480 00d2 00       		.byte	0
 481 00d3 00       		.byte	0
 482 00d4 11       		.uleb128 0x11
 483 00d5 2E       		.uleb128 0x2e
 484 00d6 00       		.byte	0
 485 00d7 3F       		.uleb128 0x3f
 486 00d8 19       		.uleb128 0x19
 487 00d9 03       		.uleb128 0x3
 488 00da 0E       		.uleb128 0xe
 489 00db 3A       		.uleb128 0x3a
 490 00dc 0B       		.uleb128 0xb
 491 00dd 3B       		.uleb128 0x3b
 492 00de 0B       		.uleb128 0xb
 493 00df 39       		.uleb128 0x39
 494 00e0 0B       		.uleb128 0xb
 495 00e1 27       		.uleb128 0x27
 496 00e2 19       		.uleb128 0x19
 497 00e3 00       		.byte	0
 498 00e4 00       		.byte	0
 499 00e5 00       		.byte	0
 500              		.section	.gnu.debuglto_.debug_line,"e",%progbits
 501              	.Ldebug_line0:
 502 0000 5F010000 		.4byte	.LELT0-.LSLT0
 503              	.LSLT0:
 504 0004 0400     		.2byte	0x4
 505 0006 59010000 		.4byte	.LELTP0-.LASLTP0
 506              	.LASLTP0:
 507 000a 01       		.byte	0x1
 508 000b 01       		.byte	0x1
 509 000c 01       		.byte	0x1
 510 000d F6       		.byte	0xf6
 511 000e F2       		.byte	0xf2
 512 000f 0D       		.byte	0xd
 513 0010 00       		.byte	0
ARM GAS  /tmp/ccYLIm2C.s 			page 10


 514 0011 01       		.byte	0x1
 515 0012 01       		.byte	0x1
 516 0013 01       		.byte	0x1
 517 0014 01       		.byte	0x1
 518 0015 00       		.byte	0
 519 0016 00       		.byte	0
 520 0017 00       		.byte	0
 521 0018 01       		.byte	0x1
 522 0019 00       		.byte	0
 523 001a 00       		.byte	0
 524 001b 01       		.byte	0x1
 525 001c 2E2E2F43 		.ascii	"../ChibiOS/os/common/ext/CMSIS/ST/STM32F1xx"
 525      68696269 
 525      4F532F6F 
 525      732F636F 
 525      6D6D6F6E 
 526 0047 00       		.byte	0
 527 0048 2E2E2F43 		.ascii	"../ChibiOS/os/hal/boards/BERTOLD_F103_USB"
 527      68696269 
 527      4F532F6F 
 527      732F6861 
 527      6C2F626F 
 528 0071 00       		.byte	0
 529 0072 2E2E2F43 		.ascii	"../ChibiOS/os/hal/ports/STM32/LLD/GPIOv1"
 529      68696269 
 529      4F532F6F 
 529      732F6861 
 529      6C2F706F 
 530 009a 00       		.byte	0
 531 009b 2F757372 		.ascii	"/usr/arm-none-eabi/include/machine"
 531      2F61726D 
 531      2D6E6F6E 
 531      652D6561 
 531      62692F69 
 532 00bd 00       		.byte	0
 533 00be 2F757372 		.ascii	"/usr/arm-none-eabi/include/sys"
 533      2F61726D 
 533      2D6E6F6E 
 533      652D6561 
 533      62692F69 
 534 00dc 00       		.byte	0
 535 00dd 2F757372 		.ascii	"/usr/lib/gcc/arm-none-eabi/10.2.0/include"
 535      2F6C6962 
 535      2F676363 
 535      2F61726D 
 535      2D6E6F6E 
 536 0106 00       		.byte	0
 537 0107 00       		.byte	0
 538 0108 5F646566 		.ascii	"_default_types.h\000"
 538      61756C74 
 538      5F747970 
 538      65732E68 
 538      00
 539 0119 04       		.uleb128 0x4
 540 011a 00       		.uleb128 0
 541 011b 00       		.uleb128 0
 542 011c 5F737464 		.ascii	"_stdint.h\000"
ARM GAS  /tmp/ccYLIm2C.s 			page 11


 542      696E742E 
 542      6800
 543 0126 05       		.uleb128 0x5
 544 0127 00       		.uleb128 0
 545 0128 00       		.uleb128 0
 546 0129 73746D33 		.ascii	"stm32f103xb.h\000"
 546      32663130 
 546      3378622E 
 546      6800
 547 0137 01       		.uleb128 0x1
 548 0138 00       		.uleb128 0
 549 0139 00       		.uleb128 0
 550 013a 73746464 		.ascii	"stddef.h\000"
 550      65662E68 
 550      00
 551 0143 06       		.uleb128 0x6
 552 0144 00       		.uleb128 0
 553 0145 00       		.uleb128 0
 554 0146 68616C5F 		.ascii	"hal_pal_lld.h\000"
 554      70616C5F 
 554      6C6C642E 
 554      6800
 555 0154 03       		.uleb128 0x3
 556 0155 00       		.uleb128 0
 557 0156 00       		.uleb128 0
 558 0157 626F6172 		.ascii	"board.c\000"
 558      642E6300 
 559 015f 02       		.uleb128 0x2
 560 0160 00       		.uleb128 0
 561 0161 00       		.uleb128 0
 562 0162 00       		.byte	0
 563              	.LELTP0:
 564              	.LELT0:
 565              		.section	.gnu.debuglto_.debug_str,"eMS",%progbits,1
 566              	.LASF16:
 567 0000 4146494F 		.ascii	"AFIO_TypeDef\000"
 567      5F547970 
 567      65446566 
 567      00
 568              	.LASF17:
 569 000d 73697A65 		.ascii	"size_t\000"
 569      5F7400
 570              	.LASF25:
 571 0014 50444461 		.ascii	"PDData\000"
 571      746100
 572              	.LASF32:
 573 001b 2F686F6D 		.ascii	"/home/framin/hardware/electrosense-converter-firmwa"
 573      652F6672 
 573      616D696E 
 573      2F686172 
 573      64776172 
 574 004e 72655632 		.ascii	"reV2/firmware\000"
 574      2F666972 
 574      6D776172 
 574      6500
 575              	.LASF8:
 576 005c 756E7369 		.ascii	"unsigned int\000"
ARM GAS  /tmp/ccYLIm2C.s 			page 12


 576      676E6564 
 576      20696E74 
 576      00
 577              	.LASF12:
 578 0069 4D415052 		.ascii	"MAPR\000"
 578      00
 579              	.LASF14:
 580 006e 52455345 		.ascii	"RESERVED0\000"
 580      52564544 
 580      3000
 581              	.LASF7:
 582 0078 6C6F6E67 		.ascii	"long long unsigned int\000"
 582      206C6F6E 
 582      6720756E 
 582      7369676E 
 582      65642069 
 583              	.LASF26:
 584 008f 50454461 		.ascii	"PEData\000"
 584      746100
 585              	.LASF1:
 586 0096 756E7369 		.ascii	"unsigned char\000"
 586      676E6564 
 586      20636861 
 586      7200
 587              	.LASF21:
 588 00a4 73746D33 		.ascii	"stm32_gpio_setup_t\000"
 588      325F6770 
 588      696F5F73 
 588      65747570 
 588      5F7400
 589              	.LASF22:
 590 00b7 50414461 		.ascii	"PAData\000"
 590      746100
 591              	.LASF5:
 592 00be 6C6F6E67 		.ascii	"long unsigned int\000"
 592      20756E73 
 592      69676E65 
 592      6420696E 
 592      7400
 593              	.LASF30:
 594 00d0 474E5520 		.ascii	"GNU C17 10.2.0 -mcpu=cortex-m3 -mno-thumb-interwork"
 594      43313720 
 594      31302E32 
 594      2E30202D 
 594      6D637075 
 595 0103 202D6D74 		.ascii	" -mthumb -mfloat-abi=soft -march=armv7-m -ggdb -Os "
 595      68756D62 
 595      202D6D66 
 595      6C6F6174 
 595      2D616269 
 596 0136 2D666F6D 		.ascii	"-fomit-frame-pointer -falign-functions=16 -ffunctio"
 596      69742D66 
 596      72616D65 
 596      2D706F69 
 596      6E746572 
 597 0169 6E2D7365 		.ascii	"n-sections -fdata-sections -fno-common -flto\000"
 597      6374696F 
ARM GAS  /tmp/ccYLIm2C.s 			page 13


 597      6E73202D 
 597      66646174 
 597      612D7365 
 598              	.LASF3:
 599 0196 73686F72 		.ascii	"short unsigned int\000"
 599      7420756E 
 599      7369676E 
 599      65642069 
 599      6E7400
 600              	.LASF27:
 601 01a9 50414C43 		.ascii	"PALConfig\000"
 601      6F6E6669 
 601      6700
 602              	.LASF33:
 603 01b3 70616C5F 		.ascii	"pal_default_config\000"
 603      64656661 
 603      756C745F 
 603      636F6E66 
 603      696700
 604              	.LASF9:
 605 01c6 5F5F7569 		.ascii	"__uint32_t\000"
 605      6E743332 
 605      5F7400
 606              	.LASF13:
 607 01d1 45585449 		.ascii	"EXTICR\000"
 607      435200
 608              	.LASF23:
 609 01d8 50424461 		.ascii	"PBData\000"
 609      746100
 610              	.LASF19:
 611 01df 63686172 		.ascii	"char\000"
 611      00
 612              	.LASF28:
 613 01e4 626F6172 		.ascii	"boardInit\000"
 613      64496E69 
 613      7400
 614              	.LASF29:
 615 01ee 5F5F6561 		.ascii	"__early_init\000"
 615      726C795F 
 615      696E6974 
 615      00
 616              	.LASF6:
 617 01fb 6C6F6E67 		.ascii	"long long int\000"
 617      206C6F6E 
 617      6720696E 
 617      7400
 618              	.LASF31:
 619 0209 2E2E2F43 		.ascii	"../ChibiOS/os/hal/boards/BERTOLD_F103_USB/board.c\000"
 619      68696269 
 619      4F532F6F 
 619      732F6861 
 619      6C2F626F 
 620              	.LASF2:
 621 023b 73686F72 		.ascii	"short int\000"
 621      7420696E 
 621      7400
 622              	.LASF24:
ARM GAS  /tmp/ccYLIm2C.s 			page 14


 623 0245 50434461 		.ascii	"PCData\000"
 623      746100
 624              	.LASF15:
 625 024c 4D415052 		.ascii	"MAPR2\000"
 625      3200
 626              	.LASF10:
 627 0252 75696E74 		.ascii	"uint32_t\000"
 627      33325F74 
 627      00
 628              	.LASF4:
 629 025b 6C6F6E67 		.ascii	"long int\000"
 629      20696E74 
 629      00
 630              	.LASF18:
 631 0264 6C6F6E67 		.ascii	"long double\000"
 631      20646F75 
 631      626C6500 
 632              	.LASF11:
 633 0270 45564352 		.ascii	"EVCR\000"
 633      00
 634              	.LASF0:
 635 0275 7369676E 		.ascii	"signed char\000"
 635      65642063 
 635      68617200 
 636              	.LASF20:
 637 0281 5F426F6F 		.ascii	"_Bool\000"
 637      6C00
 638              		.text
 639              		.section	.gnu.lto_.profile.a8fa9d08b29365e7,"e",%progbits
 640 0000 789C6362 		.ascii	"x\234cb\000\001\000\000\022\000\003"
 640      00010000 
 640      120003
 641              		.text
 642              		.section	.gnu.lto_.icf.a8fa9d08b29365e7,"e",%progbits
 643 0000 789C1366 		.ascii	"x\234\023f@\000f\206\031S\017,ae<8cO8S\357\316[\335"
 643      40006686 
 643      19530F2C 
 643      61653C38 
 643      634F3853 
 644 0018 3C0C004E 		.ascii	"<\014\000N;\007\323"
 644      3B07D3
 645              		.text
 646              		.section	.gnu.lto_.jmpfuncs.a8fa9d08b29365e7,"e",%progbits
 647 0000 789CE364 		.ascii	"x\234\343d@\000&\020\301\010\304\000\000\350\000\015"
 647      40002610 
 647      C108C400 
 647      00E8000D 
 648              		.text
 649              		.section	.gnu.lto_.ipa_sra.a8fa9d08b29365e7,"e",%progbits
 650 0000 789CE362 		.ascii	"x\234\343b@\000&\006\006F\006F b\000\000\001\030\000"
 650      40002606 
 650      06460646 
 650      20620000 
 650      011800
 651 0013 11       		.ascii	"\021"
 652              		.text
 653              		.section	.gnu.lto_.inline.a8fa9d08b29365e7,"e",%progbits
ARM GAS  /tmp/ccYLIm2C.s 			page 15


 654 0000 789CF361 		.ascii	"x\234\363a@\000&\006\006\226\006 `Nc\004\261\033\201"
 654      40002606 
 654      06960620 
 654      604E6304 
 654      B11B81
 655 0013 CC3A0606 		.ascii	"\314:\006\0066\220\020S\012\023H\210\201\221\013\244"
 655      36901053 
 655      0A134888 
 655      81910BA4 
 656 0023 9011AA2E 		.ascii	"\220\021\252.\005\250\216\011,\235\214\246\216\001\000"
 656      05A88E09 
 656      2C9D8CA6 
 656      8E0100
 657 0032 6A080EFF 		.ascii	"j\010\016\377"
 658              		.text
 659              		.section	.gnu.lto_.pureconst.a8fa9d08b29365e7,"e",%progbits
 660 0000 789C6367 		.ascii	"x\234cg```b\230\301\3028\213\005\000\004\251\001E"
 660      60606062 
 660      98C1C238 
 660      8B050004 
 660      A90145
 661              		.text
 662              		.section	.gnu.lto_.lto.a8fa9d08b29365e7,"e",%progbits
 663 0000 09000000 		.ascii	"\011\000\000\000\001\000\000\000"
 663      01000000 
 664              		.text
 665              		.section	.gnu.lto_pal_default_config.88.a8fa9d08b29365e7,"e",%progbits
 666 0000 789CF363 		.ascii	"x\234\363cd`\000\"0\230\315\314x\362\361\215\177\374"
 666      64600022 
 666      3098CDCC 
 666      78F2F18D 
 666      7FFC
 667 0012 93981733 		.ascii	"\223\230\027330vL\\t\204\003(\264\247\355\357>v\210"
 667      3330764C 
 667      5C748403 
 667      28B4A7ED 
 667      EF3E7688 
 668 0026 D07F20E0 		.ascii	"\320\177 \340\007\0125u\314\274\311b\271\275\241cA\203"
 668      070A3575 
 668      CCBCC962 
 668      B9BDA163 
 668      4183
 669 0038 C16266C6 		.ascii	"\301bf\3069@\251\255\214\322s\230\031\031\267\200(&"
 669      3940A9AD 
 669      8CD27398 
 669      1919B780 
 669      2826
 670 004a 10C53080 		.ascii	"\020\3050\200\352\016,Y\377\225\027\352\213V\210/V_"
 670      EA0E2C59 
 670      FF9517EA 
 670      8B56882F 
 670      565F
 671 005c 3C379B09 		.ascii	"<7\233\011\346\213\375\377@\276\370\363o\3634VT\323"
 671      E68BFDFF 
 671      40BEF8F3 
 671      6FF33456 
 671      54D3
ARM GAS  /tmp/ccYLIm2C.s 			page 16


 672 006e 76A398B6 		.ascii	"v\243\230\266\013bZ\333\357\356V~\210\272\200\305\314"
 672      0B625ADB 
 672      EFEE567E 
 672      88BA80C5 
 672      CC
 673 007f 4C739881 		.ascii	"Ls\230\201a\302h9\207\231\205q'\210be\334\001\242\330"
 673      61C26839 
 673      87998571 
 673      27886265 
 673      DC01A2D8 
 674 0093 18B78328 		.ascii	"\030\267\203(v\306m\214\226\014\214{\201\004\0008\330"
 674      76C66D8C 
 674      960C8C7B 
 674      81040038 
 674      D8
 675 00a4 6B1F     		.ascii	"k\037"
 676              		.text
 677              		.section	.gnu.lto___early_init.89.a8fa9d08b29365e7,"e",%progbits
 678 0000 789C3BC8 		.ascii	"x\234;\310\300\300`\002\304\262@\314\310\314\300\310"
 678      C0C06002 
 678      C4B240CC 
 678      C8CCC0C8 
 679 0010 D4D0D0E0 		.ascii	"\324\320\320\340\300\336\310\301\304\310\010f5p02\324"
 679      C0DEC8C1 
 679      C4C80866 
 679      35703032 
 679      D4
 680 0021 3331D633 		.ascii	"31\3263Nf\236\315\314x\250\375\331N&\315\345@\231\206"
 680      4E669ECD 
 680      CC78A8FD 
 680      D94E26CD 
 680      E5409986 
 681 0035 03D33748 		.ascii	"\003\3237H6\2548\300\270\230\231\201a.\020C\000\343"
 681      36AC38C0 
 681      B8989981 
 681      612E1043 
 681      00E3
 682 0047 16464D06 		.ascii	"\026FM\006\006\240\312G\033\377M\345ec\201J1nedc`\004"
 682      06A0CA47 
 682      1BFF4DE5 
 682      6563814A 
 682      316E6564 
 683 005e 32D65F62 		.ascii	"2\326_b=\320\360\347\177\177C\303L\367\367\\@\271~f"
 683      3DD0F0E7 
 683      7F7F43C3 
 683      4CF7F75C 
 683      40B97E66 
 684 0072 0690692C 		.ascii	"\006\220i,\214\015\007\030\030&03A8\215@\316+\306\206"
 684      8C0D0718 
 684      18263033 
 684      41388D40 
 684      CE2BC686 
 685 0086 45AFA5C0 		.ascii	"E\257\245\300:?06+\200\031@\203\347\2568\363\237\263"
 685      3A3F3036 
 685      2B801940 
 685      83E7AE38 
 685      F39FB3
ARM GAS  /tmp/ccYLIm2C.s 			page 17


 686 0099 85B1A991 		.ascii	"\205\261\251\221c1\220\303\0144\224q\033c\013#\303b"
 686      633190C3 
 686      0C349471 
 686      1B630B23 
 686      C362
 687 00ab 6626864F 		.ascii	"f&\206O\214M\013\336s\201U\202@?3#\302l\006\006#==}"
 687      8C4D0BDE 
 687      73815582 
 687      403F3323 
 687      C26C0606 
 688 00c3 E78CCCA4 		.ascii	"\347\214\314\244L\377`\375\374b\375\214\304\034\375"
 688      4CFF60FD 
 688      FC62FD8C 
 688      C41CFD
 689 00d2 A4FCC4A2 		.ascii	"\244\374\304\242\224b}'\327\240\020\177\037\227x7C\003"
 689      94627D27 
 689      D7A0107F 
 689      1F977837 
 689      4303
 690 00e4 E3F8D060 		.ascii	"\343\370\320`'\210\270^2\003\000{5O\017"
 690      2788B85E 
 690      3203007B 
 690      354F0F
 691              		.text
 692              		.section	.gnu.lto_boardInit.90.a8fa9d08b29365e7,"e",%progbits
 693 0000 789C2D50 		.ascii	"x\234-POK\002q\020\235\267\277\325\004\021\272\206\004"
 693      4F4B0271 
 693      109DB7BF 
 693      D50411BA 
 693      8604
 694 0012 1D93C0DD 		.ascii	"\035\223\300\335\376|\200\260\354\024HYg\321\"\024\002"
 694      FE7C80B0 
 694      EC144859 
 694      67D12214 
 694      02
 695 0023 213F80B3 		.ascii	"!?\200\263e\324)\303\212\016\025H\033\026\004-B\377"
 695      65D429C3 
 695      8A0E1548 
 695      1B16042D 
 695      42FF
 696 0035 ECB478B2 		.ascii	"\354\264x\262[\371\001:tH\352\220\3409\252\337\356:"
 696      5BF9013A 
 696      7448EA90 
 696      E039AADF 
 696      EE3A
 697 0047 30306FDE 		.ascii	"00o\336\314\233\307\204A4ED\3032!\010\0123O\017\030"
 697      CC9BC784 
 697      41344544 
 697      C3322108 
 697      0A334F0F 
 698 005c 0105702B 		.ascii	"\001\005p+\016\200\212\012\2128\020'\002\315\235\217"
 698      0E808A0A 
 698      8A381027 
 698      02CD9D8F 
 699 006c 8612B994 		.ascii	"\206\022\271\224\014\333\307/C|e\303\024Dg2\275\300"
 699      0CDBC72F 
 699      437C65C3 
ARM GAS  /tmp/ccYLIm2C.s 			page 18


 699      14446732 
 699      BDC0
 700 007e 2D224472 		.ascii	"-\"Dr\362\275\376{\024\362\253}\012w\360\223\274DV\333"
 700      F2BDFE7B 
 700      14F2AB7D 
 700      0A77F093 
 700      BC4456DB 
 701 0092 67F3CF5F 		.ascii	"g\363\317_\231\3713n\005%W\026\344\250\251`\233h_(\036"
 701      99F9336E 
 701      05255716 
 701      E4A8A960 
 701      9B685F28 
 702 00a7 3024F802 		.ascii	"0$\370\002\237_\217\271\233\337h\366Z\243N)\225\367"
 702      9F5F8FB9 
 702      9BDF68F6 
 702      5AA34E29 
 702      95F7
 703 00b9 B6BA6F81 		.ascii	"\266\272o\201\2120\005\340\034\332\356\232\207>\017"
 703      8A3005E0 
 703      1CDAEE9A 
 703      873E0F
 704 00c8 32975895 		.ascii	"2\227X\225\255\327zg\241\206\013CJU\327\310\024\012"
 704      ADD77A67 
 704      A1860B43 
 704      4A55D7C8 
 704      140A
 705 00da 1E10C63D 		.ascii	"\036\020\306=\302\256\263\335V\307\012\3517\\2x\304"
 705      C2AEB3DD 
 705      56C70AE9 
 705      375C3278 
 705      C4
 706 00eb 14028FA8 		.ascii	"\024\002\217\250\341\324s\331\200.\007:\265\347v\320"
 706      E1D473D9 
 706      802E073A 
 706      B5E776D0 
 707 00fb 5114CE0B 		.ascii	"Q\024\316\013\006\361$\027{\330\254ZA\327\214\023e\227"
 707      06F12417 
 707      7BD8AC5A 
 707      41D78C13 
 707      6597
 708 010d EABB269A 		.ascii	"\352\273&\232\210F\265\231l.\223K$\265|A\313\246\327"
 708      8846B599 
 708      6C2E934B 
 708      24B57C41 
 708      CBA6D7
 709 0120 B54C3EBD 		.ascii	"\265L>\275\261Z\320b\361\305\245\304\374ljn\\\237L-"
 709      B15AD062 
 709      F1C5A5C4 
 709      FC6C6A6E 
 709      5C9F4C2D 
 710 0134 27635E3F 		.ascii	"'c^?\272B\377^In\246"
 710      BA42FF5E 
 710      496EA6
 711              		.text
 712              		.section	.gnu.lto_.symbol_nodes.a8fa9d08b29365e7,"e",%progbits
 713 0000 789CCB66 		.ascii	"x\234\313f\000\002\246\233\014\365\014\015@\300\302"
 713      0002A69B 
ARM GAS  /tmp/ccYLIm2C.s 			page 19


 713      0CF50C0D 
 713      40C0C2
 714 000f 38E11C03 		.ascii	"8\341\034\003\220\315\260\253\241\221\221\201\221\001"
 714      90CDB0AB 
 714      A1919181 
 714      9101
 715 001d 2C798BA1 		.ascii	",y\213\241\236\021\227$\353\015\006\206F' \203\3616"
 715      9E119724 
 715      EB0D0686 
 715      46272083 
 715      F136
 716 002f 433DD37F 		.ascii	"C=\323\177(\220\007\253d\000\031\011R\306\314\300\014"
 716      289007AB 
 716      64001909 
 716      52C6CCC0 
 716      0C
 717 0040 D1EFC200 		.ascii	"\321\357\302\000\000V\330\036\243"
 717      0056D81E 
 717      A3
 718              		.text
 719              		.section	.gnu.lto_.refs.a8fa9d08b29365e7,"e",%progbits
 720 0000 789C6364 		.ascii	"x\234cd\000\002\000\000\012\000\002"
 720      00020000 
 720      0A0002
 721              		.text
 722              		.section	.gnu.lto_.decls.a8fa9d08b29365e7,"e",%progbits
 723 0000 789C9556 		.ascii	"x\234\225V}LT\307\026\237sg\331].[\226.X\315k\352\333"
 723      7D4C54C7 
 723      169F7367 
 723      D95D2E5B 
 723      962E58CD 
 724 0017 3434F24F 		.ascii	"44\362OYX\322\2324//(\037-\251V\002\3264\355\037\033"
 724      5958D29A 
 724      342F2F28 
 724      1F2DA956 
 724      02D634ED 
 725 002d E0422105 		.ascii	"\340B!\005\226\300\332`\232\227\214\200>\312\263J\325"
 725      96C0DA60 
 725      9A978C80 
 725      3ECAB34A 
 725      D5
 726 003e 7E24D86A 		.ascii	"~$\330j\245\264\326\252\245\265V\276\324\025\253 UK"
 726      A5B4D6AA 
 726      A5B556BE 
 726      D415AB20 
 726      554B
 727 0050 51AC1544 		.ascii	"Q\254\025D\374\000\026\253\210_X-\324\236\271s\227\275"
 727      FC0016AB 
 727      885F582D 
 727      D49EB973 
 727      97BD
 728 0062 3C78A6EF 		.ascii	"<x\246\357f\317\23593\277\363;g\316\314\234\273'eB&"
 728      66CF9D39 
 728      33BFF33B 
 728      67CECC9C 
 728      BB276542 
 729 0077 8090AB84 		.ascii	"\200\220\253\204\220\007\370\030\260\375\211\004\036"
ARM GAS  /tmp/ccYLIm2C.s 			page 20


 729      9007F818 
 729      B0FD8904 
 729      1E
 730 0084 8AD282B2 		.ascii	"\212\322\202\262\037\305\213\202P2H\246>\307A\340\346"
 730      1FC58B82 
 730      503248A6 
 730      3EC741E0 
 730      E6
 731 0095 A19C4119 		.ascii	"\241\234A\031@1\243t\243\234B9\215r\011\245\037\245"
 731      4031A374 
 731      A39C4239 
 731      8D7209A5 
 731      1FA5
 732 00a7 0FE502CA 		.ascii	"\017\345\002\312y2\363\263B\343\312E\031Bi\326\306%"
 732      7932F3B3 
 732      42E3CA45 
 732      194269D6 
 732      C625
 733 00b9 2D0EEF0C 		.ascii	"-\016\357\0146\377B\033\203f3\2012\216r]\213\365\256"
 733      36FF421B 
 733      83663381 
 733      328E725D 
 733      8BF5AE
 734 00cc D6EE9FC1 		.ascii	"\326\356\237\301\256\206\302/\307\266o\016\032\200K"
 734      AE86C22F 
 734      C7B66F0E 
 734      1A804B
 735 00db 20710E05 		.ascii	" q\016\005\000\316<\213/\231\274JI\004\223\230dT\250"
 735      00CE3C8B 
 735      2F99BC4A 
 735      49049398 
 735      6454A8
 736 00ee 2453992A 		.ascii	"$S\231*r;\314\215\272M\343\315R\224U6o;\004ar\220Y\222"
 736      723BCC8D 
 736      BA4DE3CD 
 736      52945536 
 736      6F3B0461 
 737 0106 7C26458E 		.ascii	"|&E\216\272\017;\244-F{<3(kf\371LL\252~)\".\036\337"
 737      BA0F3BA4 
 737      2D467B3C 
 737      33286B66 
 737      F94C4CAA 
 738 0120 3E533B28 		.ascii	">S;(h\225j0\207a\317g\222o\323-\357\030\225\343R\345"
 738      68956A30 
 738      8761CF67 
 738      926FD32D 
 738      EF1895E3 
 739 0136 3C680759 		.ascii	"<h\007YqF0\306\342\315\346\271\326V\332J\2231o\346\372"
 739      714630C6 
 739      E2CDE6B9 
 739      D656DA4A 
 739      93316FE6 
 740 014b 5DB3649F 		.ascii	"]\263d\237\311\212\024Q\212=L\261[\333!HQ\344\210(\202"
 740      C98A1451 
 740      8A3D4CB1 
 740      5BDB2148 
 740      51E48828 
ARM GAS  /tmp/ccYLIm2C.s 			page 21


 741 0160 41284E67 		.ascii	"A(Ng\274$#\263\301\334\016N\012\026'\273\360\353l\031"
 741      BC2423B3 
 741      C1DC0E4E 
 741      0A1627BB 
 741      F0EB6C19 
 742 0174 E4E0B9F6 		.ascii	"\344\340\271\366(B\024\222,!/}\340\177\300\204>\225"
 742      28421492 
 742      2C212F7D 
 742      E07FC084 
 742      3E95
 743 0186 800A1025 		.ascii	"\200\012\020%KN\211\276\3503aN%;!\314`\266X\200a\023"
 743      4B4E89BE 
 743      E833614E 
 743      253B21CC 
 743      60B65880 
 744 019c EC7A5149 		.ascii	"\354zQIu\312\304g\222p*\302\000L\202\200\245l\304<J"
 744      75CAC467 
 744      92702AC2 
 744      004C8280 
 744      A56CC43C 
 745 01b1 2271C07F 		.ascii	"\"q\300\177\300\177\342E\270B\364^\324q\216\304\274"
 745      C07FE245 
 745      B842F45E 
 745      D4718EC4 
 745      BC
 746 01c2 82D801FF 		.ascii	"\202\330\001\377\350d\243\365\005@\360h\374\252\255"
 746      E864A3F5 
 746      0540F068 
 746      FCAAAD
 747 01d1 7042B459 		.ascii	"pB\264Y\035y \006-\016?\217\337\217.\306@\254D\322\\"
 747      1D792006 
 747      2D0E3F8F 
 747      DF8F2EC6 
 747      40AC44D2 
 748 01e6 4A7A1BD5 		.ascii	"Jz\033\325nJ\340\001J2I\353\017\211\300\344\301\271"
 748      6E4AE001 
 748      4A3249EB 
 748      0F89C0E4 
 748      C1B9
 749 01f8 B7E6F6D1 		.ascii	"\267\346\366\321\320A\270\274\022\367\257\377\2370\253"
 749      D041B8BC 
 749      12F7AFFF 
 749      9F30AB
 750 0207 3A1E2771 		.ascii	":\036'q\374\306\265u'\254\364oj\277\314\373N2\235\247"
 750      FCC6B575 
 750      27ACF46F 
 750      6ABFCCFB 
 750      4E329DA7 
 751 021b 76BBC687 		.ascii	"v\273\306\207ke\307N&\036s#%\260\027\250J\226\031\302"
 751      6B65C74E 
 751      261E7323 
 751      25B017A8 
 751      4A9619C2 
 752 022f 01AB0F57 		.ascii	"\001\253\017W7?\262\236\202M\006\011\325O\272;\313\000"
 752      373FB29E 
 752      824D0609 
 752      D54FBA3B 
ARM GAS  /tmp/ccYLIm2C.s 			page 22


 752      CB00
 753 0241 D50819C2 		.ascii	"\325\010\031\302P\355\334=\322l\232\375\036\267\255"
 753      50EDDC3D 
 753      D26C9AFD 
 753      1EB7AD
 754 0250 2F676112 		.ascii	"/ga\022\344>\006M\36084\302\343\030T3\314&\3406\210"
 754      E43E064D 
 754      F03834C2 
 754      E3185433 
 754      CC26E036 
 755 0265 C07AC6FB 		.ascii	"\300z\306\373\352B\237\334\302\372\373\231w\350c\373"
 755      EA429FDC 
 755      C2FAFB99 
 755      77E863FB 
 756 0275 400363AB 		.ascii	"@\003c\253\270K\025\006\337\001\205\006p\250\013\302"
 756      B84B1506 
 756      DF018506 
 756      70A80BC2 
 757 0285 3E813D30 		.ascii	">\201=0\010\360-\014@f\007j-\360$R\034\033<\367\026"
 757      08F02D0C 
 757      4066076A 
 757      2DF02452 
 757      1C1B3CF7 
 758 029a FD1CD4C0 		.ascii	"\375\034\324\300/\324\355X\035\244\321\265\036\241l"
 758      2FD4ED58 
 758      1DA4D1B5 
 758      1EA16C
 759 02a9 2372D955 		.ascii	"#r\331U\252}:\252}S\251ZQ\333\257R1_s\257\225~-\270"
 759      AA7D3AAA 
 759      7D53A95A 
 759      51DBAF52 
 759      315F73AF 
 760 02c1 F68DF7F4 		.ascii	"\366\215\367\364Z9\027c\336\237\033\354\315\365\243"
 760      5A391763 
 760      DE9F1BEC 
 760      CDF5A3
 761 02d0 AC521671 		.ascii	"\254R\026q\035\320\221\035\320\022\003^\225\242\375"
 761      1DD0911D 
 761      D012035E 
 761      95A2FD
 762 02df D0AEB110 		.ascii	"\320\256\261\020zGP\354\234h\\-\2134\375\003\325\265"
 762      7A4750EC 
 762      9C685C2D 
 762      8B34FD03 
 762      D5B5
 763 02f1 DB6BAFC8 		.ascii	"\333k\257\310\"M\375\024\365C{{\206%1\035\203\352\027"
 763      224DFD14 
 763      F5437B7B 
 763      8625311D 
 763      83EA17
 764 0304 77D6D668 		.ascii	"w\326\326hh\013\252M\335?l\015\325\320\234lc\307\267"
 764      680BAA4D 
 764      DD3F6C0D 
 764      D5D09C6C 
 764      63C7B7
 765 0317 47356BBB 		.ascii	"G5k\273N\265\011u\355\272\335_\313\264RR\375\036x\360"
 765      4EB50975 
ARM GAS  /tmp/ccYLIm2C.s 			page 23


 765      EDBADD5F 
 765      CBB45252 
 765      FD1E78F0 
 766 032b FE018398 		.ascii	"\376\001\203\2303\243\332W\366\321o\026\241\032P\255"
 766      33A3DA57 
 766      F6D16F16 
 766      A11A50AD 
 767 033b 3DDC743F 		.ascii	"=\334t?\204\256\023\320\226\325\023\373M87OVo\217\025"
 767      84AE13D0 
 767      96D513FB 
 767      4D38374F 
 767      566F8F15 
 768 034f 87DAAE5F 		.ascii	"\207\332\256_;\005b\210#\276\370\364\335\255F\272A\300"
 768      3B056288 
 768      23BEF8F4 
 768      DDAD46BA 
 768      41C0
 769 0361 3B3E1E68 		.ascii	";>\036h\241r%ce\314[\316l/\020h\303\215\375\0017\026"
 769      A1722563 
 769      65CC5BCE 
 769      6C2F1068 
 769      C38DFD01 
 770 0377 7E04D504 		.ascii	"~\004\325\004\363\002'p\3548\216\241\301\305\246\336"
 770      F3022770 
 770      EC388EA1 
 770      C1C5A6DE 
 771 0387 9512DD24 		.ascii	"\225\022\335$\254\377\250j\031\245t\213\252\030\332"
 771      ACFFA86A 
 771      19A5748B 
 771      AA18DA
 772 0396 F61D5D15 		.ascii	"\366\035]\025\002\341\221\221\221\357\362\223\022\206"
 772      02E19191 
 772      91EFF293 
 772      1286
 773 03a4 5C47D0EE 		.ascii	"\\G\320\356\260zHNB\270\312\324\015\221p\012\3454D\362"
 773      B07A484E 
 773      42B8CAD4 
 773      0D91700A 
 773      E53444F2 
 774 03b8 246F551D 		.ascii	"$oU\035\017\035\213\371\250k\224\261\3651\320\0112\034"
 774      0F1D8BF9 
 774      A86B94B1 
 774      F531D009 
 774      321C
 775 03ca 43C71CEF 		.ascii	"C\307\034\357\217\204\200\203\277\332xW\030t=\261\211"
 775      8F848083 
 775      BFDA7857 
 775      18743DB1 
 775      89
 776 03db 792B2C2A 		.ascii	"y+,*\372\247\231\321\261\223\340\233:p\3274p\007\370"
 776      FAA799D1 
 776      B193E09B 
 776      3A70D734 
 776      7007F8
 777 03ee D13CCF7F 		.ascii	"\321<\317\177Tt\032i\257X\\\315\225\306\313r\370\264"
 777      54741A69 
 777      AF585CCD 
ARM GAS  /tmp/ccYLIm2C.s 			page 24


 777      95C6CB72 
 777      F8B4
 778 0400 B5C0CF1A 		.ascii	"\265\300\317\032\307\014\313\341G\344\27355&\2617sP"
 778      C70CCBE1 
 778      47E4BB35 
 778      3526B137 
 778      7350
 779 0412 DD73BCA1 		.ascii	"\335s\274\241/\210^\027\214\2757O\377;\204\216\011\345"
 779      2F885E17 
 779      8CBD374F 
 779      FF3B848E 
 779      09E5
 780 0424 ABF18D9F 		.ascii	"\253\361\215\237\033\351\204P\252\366l\250\265\322\012"
 780      1BE98450 
 780      AAF66CA8 
 780      B5D20A
 781 0433 CA15E3A5 		.ascii	"\312\025\343\245\315\235A\200i\214\014\217\334\312\275"
 781      CD9D4180 
 781      698C0C8F 
 781      DCCABD
 782 0442 7BC736DB 		.ascii	"{\3076\33360\326\356\305\317\003\372=\213\376/b\033"
 782      3630D6EE 
 782      C5CF03FA 
 782      3D8BFE2F 
 782      621B
 783 0454 48EE2FA0 		.ascii	"H\356/\240[1\342\317F\255TW\314\321\347\246\241\277"
 783      5B31E2CF 
 783      46AD5457 
 783      CCD1E7A6 
 783      A1BF
 784 0466 FF2FF4C5 		.ascii	"\377/\364\305\277\007\320=\323\320\"?\376\334#\274U"
 784      BF07D03D 
 784      D3D0223F 
 784      FEDC23BC 
 784      55
 785 0477 477E741A 		.ascii	"G~t\032\274=\000\237\314\334!\234mU\307/ji\273\204)"
 785      BC3D009F 
 785      CCDC219C 
 785      6D55C72F 
 785      6A69BB84 
 786 048c EB47E943 		.ascii	"\353G\351C\271\200r~\3624\240\203.]<\275\323\0348t\333"
 786      B980727E 
 786      F234A083 
 786      2E5D3CBD 
 786      D31C3874 
 787 04a1 75F0DED5 		.ascii	"u\360\336\325UV\372\0375k0z\346\263\223\026\261]\325"
 787      5556FA1F 
 787      356B307A 
 787      E6B39316 
 787      B15DD5
 788 04b4 4CD2B985 		.ascii	"L\322\271\205\313\032\311C<\243\375\356\373\225\037"
 788      CB1AC943 
 788      3CA3FDEE 
 788      FB951F
 789 04c3 589FAA65 		.ascii	"X\237\252e\243^^\271\"7\324!\017`9\011\207\203\242:"
 789      A35E5EB9 
 789      2237D421 
ARM GAS  /tmp/ccYLIm2C.s 			page 25


 789      0F603909 
 789      8783A23A 
 790 04d7 E8D6C147 		.ascii	"\350\326\301G\012\245\314&,4\203\360\024\032\373\356"
 790      0AA5CC26 
 790      2C3483F0 
 790      141AFBEE 
 791 04e7 369C0EB5 		.ascii	"6\234\016\265Ti\327(\370\005\265\252\004\016\331\020"
 791      5469D728 
 791      F805B5AA 
 791      040ED910 
 792 04f7 58447DE1 		.ascii	"XD}\341=^\326\316\015U\205\322\367D\340\376bk\023\305"
 792      3D5ED6CE 
 792      0D5585D2 
 792      F744E0FE 
 792      626B13C5 
 793 050b 76E783A1 		.ascii	"v\347\203\241\032\253(\013\014P\037\256\332\324g\241"
 793      1AAB280B 
 793      0C501FAE 
 793      DAD467A1 
 794 051b 9B05B6AC 		.ascii	"\233\005\266\254{\307\336P\201\345\005\347\323\017\357"
 794      7BC7DE50 
 794      81E505E7 
 794      D30FEF
 795 052a F6C8FCF6 		.ascii	"\366\310\374\3662q{\371x\300\3535\374#\201\371\202\253"
 795      32717BF9 
 795      78C0EB35 
 795      FC2381F9 
 795      82AB
 796 053c E2E61EB9 		.ascii	"\342\346\036\271\265\276<\304V-\022\304\030\030\324"
 796      B5BE3CC4 
 796      562D12C4 
 796      1818D4
 797 054b 1B7105E1 		.ascii	"\033q\005\341\303*|\004l\302FM\307\266\372m]ja(\377"
 797      C32A7C04 
 797      6CC2464D 
 797      C7B6FA6D 
 797      5D6A6128 
 798 0560 8B85E1C4 		.ascii	"\213\205\341\304\312\372\327\246\260_\177\010{\353\227"
 798      CAFAD7A6 
 798      B05F7F08 
 798      7BEB97
 799 056f 0DEB82E9 		.ascii	"\015\353\202\351gbQ\337\324\375\370\273\221~)\224\355"
 799      676251DF 
 799      D4FDF8BB 
 799      917E2994 
 799      ED
 800 0580 CDC31F4A 		.ascii	"\315\303\037J\332\362\371\247\250\247\356\3751J\353"
 800      DAF2F9A7 
 800      A8A7EEFD 
 800      314AEB
 801 058f C5CD58B5 		.ascii	"\305\315X\265\253q\331\344\315\250\300crk$f\270\214"
 801      AB71D9E4 
 801      CDA8C063 
 801      726B2466 
 801      B88C
 802 05a1 B1B7E7C0 		.ascii	"\261\267\347\300(\330\340W\014\354\036nX\300k\207\356"
 802      28D8E057 
ARM GAS  /tmp/ccYLIm2C.s 			page 26


 802      0CEC1E6E 
 802      58C06B87 
 802      EE
 803 05b2 AC57E04A 		.ascii	"\254W\340J\272\362D-\340\261\335\324\3203\026\016\016"
 803      BAF2442D 
 803      E0B1DDD4 
 803      D033160E 
 803      0E
 804 05c3 3EAB03DF 		.ascii	">\253\003\337\230\031\254\253I#\303s\016\226\253\227"
 804      9819ACAB 
 804      4923C373 
 804      0E96AB97 
 805 05d3 94A7D537 		.ascii	"\224\247\3257\015\037\270\244\223\027\343\026N\212\013"
 805      0D1FB8A4 
 805      9317E316 
 805      4E8A0B
 806 05e2 734F3B9E 		.ascii	"sO;\236cx$\357\242\334A\371\015\345\276\377b\360x\306"
 806      637824EF 
 806      A2DC41F9 
 806      0DE5BEFF 
 806      62F078C6 
 807 05f6 866DADC2 		.ascii	"\206m\255\302\003\217\350\366\377\360\240\206\304\277"
 807      038FE8F6 
 807      FFF0A086 
 807      C4BF
 808 0604 7D1F9C7A 		.ascii	"}\037\234z\333@o\210\254\216\234_\273\306\020>\3151"
 808      DB406F88 
 808      AC8E9C5F 
 808      BBC6103E 
 808      CD31
 809 0616 FCAE913C 		.ascii	"\374\256\221<\3047\337\240\266\2613\026\375\351\036"
 809      C437DFA0 
 809      B6B13316 
 809      FDE91E
 810 0625 9FE27702 		.ascii	"\237\342w\002,Dkh\354\263\304\234Q\\\360\346\374\247"
 810      2C446B68 
 810      ECB3C49C 
 810      515CF0E6 
 810      FCA7
 811 0637 0B889CE5 		.ascii	"\013\210\234\345.\366d\227>]\020G,.WvFq\376\012W^a\236"
 811      2EF66497 
 811      3E5D1047 
 811      2C2E5776 
 811      4671FE0A 
 812 064f 27363ADA 		.ascii	"'6:\332\221\220\233\227\231\267$\335\341.q\344f\344"
 812      91909B97 
 812      99B724DD 
 812      E12E71E4 
 812      66E4
 813 0661 3B32DD19 		.ascii	";2\335\031\305J\211caR\332\322%\213\022]\311\2611q\256"
 813      C54A8963 
 813      6152DAD2 
 813      258B125D 
 813      C9B13171 
 814 0676 97D3178A 		.ascii	"\227\323\027\212\361\350,\363\363/\275lO\210\235O\036"
 814      F1E82CF3 
 814      F32FBD6C 
ARM GAS  /tmp/ccYLIm2C.s 			page 27


 814      4F889D4F 
 814      1E
 815 0687 D506A273 		.ascii	"\325\006\242s\342b\237\311\214\313v\022\347\377MF\202"
 815      E2629FC9 
 815      8CCB7612 
 815      E7FF4D46 
 815      82
 816 0698 D54E0A46 		.ascii	"\325N\012F\022V\342)\210s\272\262\362\335Yo\250\241"
 816      1256E229 
 816      8873BAB2 
 816      F2DD596F 
 816      A8A1
 817 06aa CDC05684 		.ascii	"\315\300V\204\213(q\244/]\034\347\024\357\344\330\322"
 817      8B2871A4 
 817      2F5D1CE7 
 817      14EFE4D8 
 817      D2
 818 06bb 523EE3CA 		.ascii	"R>\343\312\317W\242s\211\255\010\273JvN\306\362|\217"
 818      CF57A273 
 818      89AD08BB 
 818      4A764EC6 
 818      F27C8F
 819 06ce 2BCB5D98 		.ascii	"+\313]\230\223\367\2721511\303\223A\263\212\363\315"
 819      93F7BA31 
 819      353131C3 
 819      9341B38A 
 819      F3CD
 820 06e0 CBF30A3D 		.ascii	"\313\363\012=\350\302C\335J1\016\344\316\177\270\207"
 820      E8C243DD 
 820      4A310EE4 
 820      CE7FB887 
 821 06f0 458B121D 		.ascii	"E\213\022\035\317\247\246,y3VuQ\024p#B}\275(\317\355"
 821      CFA7A62C 
 821      79335675 
 821      51147023 
 821      427DBD28 
 822 0706 2AC9F62C 		.ascii	"*\311\366,/ry\214\251\011\334\2151u\241h\026\210&\211"
 822      2F72798C 
 822      A909DC8D 
 822      3175A168 
 822      16882689 
 823 071a 37C1A90B 		.ascii	"7\301\251\013\026%\250\301\004\247%\245'\245-KJ\214"
 823      1625A8C1 
 823      04A725A5 
 823      27A52D4B 
 823      4A8C
 824 072c 3126BDB2 		.ascii	"1&\275\2624%!\315\260xAj\232!iYBZ\020\3579\237\233\032"
 824      342521CD 
 824      B078416A 
 824      9A216959 
 824      425A10EF 
 825 0744 5196BBA0 		.ascii	"Q\226\273\240\300]\350\310.\3658\022\026\247\247\244"
 825      C05DE8C8 
 825      2EF53812 
 825      16A7A7A4 
 826 0754 6360BA75 		.ascii	"c`\272u\253Q\344`FK31(\313\202\344\224%\256\245+\212"
 826      AB51E460 
ARM GAS  /tmp/ccYLIm2C.s 			page 28


 826      464B3331 
 826      28CB82E4 
 826      9425AEA5 
 827 076a B213B373 		.ascii	"\262\023\263s\376\004\273\035\274q"
 827      FE04BB1D 
 827      BC71
 828              		.text
 829              		.section	.gnu.lto_.symtab.a8fa9d08b29365e7,"e",%progbits
 830 0000 5F5F6561 		.ascii	"__early_init\000"
 830      726C795F 
 830      696E6974 
 830      00
 831 000d 00       		.ascii	"\000"
 832 000e 00       		.ascii	"\000"
 833 000f 00       		.ascii	"\000"
 834 0010 00000000 		.ascii	"\000\000\000\000\000\000\000\000"
 834      00000000 
 835 0018 BC000000 		.ascii	"\274\000\000\000"
 836 001c 626F6172 		.ascii	"boardInit\000"
 836      64496E69 
 836      7400
 837 0026 00       		.ascii	"\000"
 838 0027 00       		.ascii	"\000"
 839 0028 00       		.ascii	"\000"
 840 0029 00000000 		.ascii	"\000\000\000\000\000\000\000\000"
 840      00000000 
 841 0031 BE000000 		.ascii	"\276\000\000\000"
 842 0035 70616C5F 		.ascii	"pal_default_config\000"
 842      64656661 
 842      756C745F 
 842      636F6E66 
 842      696700
 843 0048 00       		.ascii	"\000"
 844 0049 00       		.ascii	"\000"
 845 004a 00       		.ascii	"\000"
 846 004b 00000000 		.ascii	"\000\000\000\000\000\000\000\000"
 846      00000000 
 847 0053 E6000000 		.ascii	"\346\000\000\000"
 848 0057 73746D33 		.ascii	"stm32_clock_init\000"
 848      325F636C 
 848      6F636B5F 
 848      696E6974 
 848      00
 849 0068 00       		.ascii	"\000"
 850 0069 02       		.ascii	"\002"
 851 006a 00       		.ascii	"\000"
 852 006b 00000000 		.ascii	"\000\000\000\000\000\000\000\000"
 852      00000000 
 853 0073 C0000000 		.ascii	"\300\000\000\000"
 854              		.text
 855              		.section	.gnu.lto_.ext_symtab.a8fa9d08b29365e7,"e",%progbits
 856 0000 01       		.ascii	"\001"
 857 0001 01       		.ascii	"\001"
 858 0002 00       		.ascii	"\000"
 859 0003 01       		.ascii	"\001"
 860 0004 00       		.ascii	"\000"
 861 0005 02       		.ascii	"\002"
ARM GAS  /tmp/ccYLIm2C.s 			page 29


 862 0006 00       		.ascii	"\000"
 863 0007 01       		.ascii	"\001"
 864 0008 00       		.ascii	"\000"
 865              		.text
 866              		.section	.gnu.lto_.opts,"e",%progbits
 867 0000 272D666E 		.ascii	"'-fno-openmp' '-fno-openacc' '-fno-pie' '-g' '-mcpu"
 867      6F2D6F70 
 867      656E6D70 
 867      2720272D 
 867      666E6F2D 
 868 0033 3D636F72 		.ascii	"=cortex-m3' '-mno-thumb-interwork' '-mthumb' '-mflo"
 868      7465782D 
 868      6D332720 
 868      272D6D6E 
 868      6F2D7468 
 869 0066 61742D61 		.ascii	"at-abi=soft' '-march=armv7-m' '-Os' '-fomit-frame-p"
 869      62693D73 
 869      6F667427 
 869      20272D6D 
 869      61726368 
 870 0099 6F696E74 		.ascii	"ointer' '-falign-functions=16' '-ffunction-sections"
 870      65722720 
 870      272D6661 
 870      6C69676E 
 870      2D66756E 
 871 00cc 2720272D 		.ascii	"' '-fdata-sections' '-fno-common' '-flto' '-Xassemb"
 871      66646174 
 871      612D7365 
 871      6374696F 
 871      6E732720 
 872 00ff 6C657227 		.ascii	"ler' '-alms=build/lst/board.lst'\000"
 872      20272D61 
 872      6C6D733D 
 872      6275696C 
 872      642F6C73 
 873              		.text
 874              		.comm	__gnu_lto_slim,1,1
 875              		.ident	"GCC: (Fedora 10.2.0-4.fc34) 10.2.0"
ARM GAS  /tmp/ccYLIm2C.s 			page 30


DEFINED SYMBOLS
                            *ABS*:0000000000000000 board.c
     /tmp/ccYLIm2C.s:22     .gnu.debuglto_.debug_info:0000000000000000 board.c.f315b3e2
                            *COM*:0000000000000001 __gnu_lto_slim

NO UNDEFINED SYMBOLS
