ARM GAS  /tmp/cc39rV5c.s 			page 1


   1              		.cpu cortex-m3
   2              		.eabi_attribute 20, 1
   3              		.eabi_attribute 21, 1
   4              		.eabi_attribute 23, 3
   5              		.eabi_attribute 24, 1
   6              		.eabi_attribute 25, 1
   7              		.eabi_attribute 26, 1
   8              		.eabi_attribute 30, 4
   9              		.eabi_attribute 34, 1
  10              		.eabi_attribute 18, 4
  11              		.file	"cmdgpio.c"
  12              		.file 1 "/usr/arm-none-eabi/include/machine/_default_types.h"
  13              		.file 2 "/usr/arm-none-eabi/include/sys/_stdint.h"
  14              		.file 3 "/usr/lib/gcc/arm-none-eabi/10.2.0/include/stddef.h"
  15              		.file 4 "../FreeRTOS/include/osal_ch.h"
  16              		.file 5 "../ChibiOS/os/hal/include/hal_streams.h"
  17              		.file 6 "shell/cmdgpio.c"
  18              		.section	.gnu.debuglto_.debug_info,"e",%progbits
  19              	.Ldebug_info0:
  20              		.hidden	cmdgpio.c.f0ff4269
  21              		.weak	cmdgpio.c.f0ff4269
  22              	cmdgpio.c.f0ff4269:
  23 0000 51020000 		.4byte	0x251
  24 0004 0400     		.2byte	0x4
  25 0006 00000000 		.4byte	.Ldebug_abbrev0
  26 000a 04       		.byte	0x4
  27 000b 01       		.uleb128 0x1
  28 000c A9000000 		.4byte	.LASF28
  29 0010 0C       		.byte	0xc
  30 0011 B2010000 		.4byte	.LASF29
  31 0015 20000000 		.4byte	.LASF30
  32 0019 00000000 		.4byte	.Ldebug_line0
  33 001d 02       		.uleb128 0x2
  34 001e 01       		.byte	0x1
  35 001f 06       		.byte	0x6
  36 0020 32020000 		.4byte	.LASF0
  37 0024 03       		.uleb128 0x3
  38 0025 00000000 		.4byte	.LASF3
  39 0029 01       		.byte	0x1
  40 002a 2B       		.byte	0x2b
  41 002b 18       		.byte	0x18
  42 002c 30000000 		.4byte	0x30
  43 0030 02       		.uleb128 0x2
  44 0031 01       		.byte	0x1
  45 0032 08       		.byte	0x8
  46 0033 94000000 		.4byte	.LASF1
  47 0037 02       		.uleb128 0x2
  48 0038 02       		.byte	0x2
  49 0039 05       		.byte	0x5
  50 003a 05020000 		.4byte	.LASF2
  51 003e 03       		.uleb128 0x3
  52 003f 95010000 		.4byte	.LASF4
  53 0043 01       		.byte	0x1
  54 0044 39       		.byte	0x39
  55 0045 19       		.byte	0x19
  56 0046 4A000000 		.4byte	0x4a
  57 004a 02       		.uleb128 0x2
ARM GAS  /tmp/cc39rV5c.s 			page 2


  58 004b 02       		.byte	0x2
  59 004c 07       		.byte	0x7
  60 004d 6F010000 		.4byte	.LASF5
  61 0051 03       		.uleb128 0x3
  62 0052 11000000 		.4byte	.LASF6
  63 0056 01       		.byte	0x1
  64 0057 4D       		.byte	0x4d
  65 0058 18       		.byte	0x18
  66 0059 5D000000 		.4byte	0x5d
  67 005d 02       		.uleb128 0x2
  68 005e 04       		.byte	0x4
  69 005f 05       		.byte	0x5
  70 0060 1D020000 		.4byte	.LASF7
  71 0064 02       		.uleb128 0x2
  72 0065 04       		.byte	0x4
  73 0066 07       		.byte	0x7
  74 0067 A0010000 		.4byte	.LASF8
  75 006b 02       		.uleb128 0x2
  76 006c 08       		.byte	0x8
  77 006d 05       		.byte	0x5
  78 006e EF010000 		.4byte	.LASF9
  79 0072 02       		.uleb128 0x2
  80 0073 08       		.byte	0x8
  81 0074 07       		.byte	0x7
  82 0075 68000000 		.4byte	.LASF10
  83 0079 04       		.uleb128 0x4
  84 007a 04       		.byte	0x4
  85 007b 05       		.byte	0x5
  86 007c 696E7400 		.ascii	"int\000"
  87 0080 02       		.uleb128 0x2
  88 0081 04       		.byte	0x4
  89 0082 07       		.byte	0x7
  90 0083 C7010000 		.4byte	.LASF11
  91 0087 03       		.uleb128 0x3
  92 0088 D9010000 		.4byte	.LASF12
  93 008c 02       		.byte	0x2
  94 008d 18       		.byte	0x18
  95 008e 13       		.byte	0x13
  96 008f 24000000 		.4byte	0x24
  97 0093 05       		.uleb128 0x5
  98 0094 87000000 		.4byte	0x87
  99 0098 03       		.uleb128 0x3
 100 0099 0F020000 		.4byte	.LASF13
 101 009d 02       		.byte	0x2
 102 009e 24       		.byte	0x24
 103 009f 14       		.byte	0x14
 104 00a0 3E000000 		.4byte	0x3e
 105 00a4 03       		.uleb128 0x3
 106 00a5 E7010000 		.4byte	.LASF14
 107 00a9 02       		.byte	0x2
 108 00aa 2C       		.byte	0x2c
 109 00ab 13       		.byte	0x13
 110 00ac 51000000 		.4byte	0x51
 111 00b0 03       		.uleb128 0x3
 112 00b1 0A000000 		.4byte	.LASF15
 113 00b5 03       		.byte	0x3
 114 00b6 D1       		.byte	0xd1
ARM GAS  /tmp/cc39rV5c.s 			page 3


 115 00b7 17       		.byte	0x17
 116 00b8 80000000 		.4byte	0x80
 117 00bc 02       		.uleb128 0x2
 118 00bd 08       		.byte	0x8
 119 00be 04       		.byte	0x4
 120 00bf 26020000 		.4byte	.LASF16
 121 00c3 06       		.uleb128 0x6
 122 00c4 04       		.byte	0x4
 123 00c5 07       		.uleb128 0x7
 124 00c6 04       		.byte	0x4
 125 00c7 87000000 		.4byte	0x87
 126 00cb 02       		.uleb128 0x2
 127 00cc 01       		.byte	0x1
 128 00cd 08       		.byte	0x8
 129 00ce D4010000 		.4byte	.LASF17
 130 00d2 03       		.uleb128 0x3
 131 00d3 E1010000 		.4byte	.LASF18
 132 00d7 04       		.byte	0x4
 133 00d8 5C       		.byte	0x5c
 134 00d9 11       		.byte	0x11
 135 00da A4000000 		.4byte	0xa4
 136 00de 08       		.uleb128 0x8
 137 00df 4A020000 		.4byte	.LASF31
 138 00e3 10       		.byte	0x10
 139 00e4 05       		.byte	0x5
 140 00e5 46       		.byte	0x46
 141 00e6 08       		.byte	0x8
 142 00e7 20010000 		.4byte	0x120
 143 00eb 09       		.uleb128 0x9
 144 00ec 82010000 		.4byte	.LASF19
 145 00f0 05       		.byte	0x5
 146 00f1 47       		.byte	0x47
 147 00f2 03       		.byte	0x3
 148 00f3 44010000 		.4byte	0x144
 149 00f7 00       		.byte	0
 150 00f8 09       		.uleb128 0x9
 151 00f9 C2010000 		.4byte	.LASF20
 152 00fd 05       		.byte	0x5
 153 00fe 47       		.byte	0x47
 154 00ff 03       		.byte	0x3
 155 0100 63010000 		.4byte	0x163
 156 0104 04       		.byte	0x4
 157 0105 0A       		.uleb128 0xa
 158 0106 70757400 		.ascii	"put\000"
 159 010a 05       		.byte	0x5
 160 010b 47       		.byte	0x47
 161 010c 03       		.byte	0x3
 162 010d 7D010000 		.4byte	0x17d
 163 0111 08       		.byte	0x8
 164 0112 0A       		.uleb128 0xa
 165 0113 67657400 		.ascii	"get\000"
 166 0117 05       		.byte	0x5
 167 0118 47       		.byte	0x47
 168 0119 03       		.byte	0x3
 169 011a 92010000 		.4byte	0x192
 170 011e 0C       		.byte	0xc
 171 011f 00       		.byte	0
ARM GAS  /tmp/cc39rV5c.s 			page 4


 172 0120 05       		.uleb128 0x5
 173 0121 DE000000 		.4byte	0xde
 174 0125 0B       		.uleb128 0xb
 175 0126 B0000000 		.4byte	0xb0
 176 012a 3E010000 		.4byte	0x13e
 177 012e 0C       		.uleb128 0xc
 178 012f C3000000 		.4byte	0xc3
 179 0133 0C       		.uleb128 0xc
 180 0134 3E010000 		.4byte	0x13e
 181 0138 0C       		.uleb128 0xc
 182 0139 B0000000 		.4byte	0xb0
 183 013d 00       		.byte	0
 184 013e 07       		.uleb128 0x7
 185 013f 04       		.byte	0x4
 186 0140 93000000 		.4byte	0x93
 187 0144 07       		.uleb128 0x7
 188 0145 04       		.byte	0x4
 189 0146 25010000 		.4byte	0x125
 190 014a 0B       		.uleb128 0xb
 191 014b B0000000 		.4byte	0xb0
 192 014f 63010000 		.4byte	0x163
 193 0153 0C       		.uleb128 0xc
 194 0154 C3000000 		.4byte	0xc3
 195 0158 0C       		.uleb128 0xc
 196 0159 C5000000 		.4byte	0xc5
 197 015d 0C       		.uleb128 0xc
 198 015e B0000000 		.4byte	0xb0
 199 0162 00       		.byte	0
 200 0163 07       		.uleb128 0x7
 201 0164 04       		.byte	0x4
 202 0165 4A010000 		.4byte	0x14a
 203 0169 0B       		.uleb128 0xb
 204 016a D2000000 		.4byte	0xd2
 205 016e 7D010000 		.4byte	0x17d
 206 0172 0C       		.uleb128 0xc
 207 0173 C3000000 		.4byte	0xc3
 208 0177 0C       		.uleb128 0xc
 209 0178 87000000 		.4byte	0x87
 210 017c 00       		.byte	0
 211 017d 07       		.uleb128 0x7
 212 017e 04       		.byte	0x4
 213 017f 69010000 		.4byte	0x169
 214 0183 0B       		.uleb128 0xb
 215 0184 D2000000 		.4byte	0xd2
 216 0188 92010000 		.4byte	0x192
 217 018c 0C       		.uleb128 0xc
 218 018d C3000000 		.4byte	0xc3
 219 0191 00       		.byte	0
 220 0192 07       		.uleb128 0x7
 221 0193 04       		.byte	0x4
 222 0194 83010000 		.4byte	0x183
 223 0198 0D       		.uleb128 0xd
 224 0199 04       		.byte	0x4
 225 019a 05       		.byte	0x5
 226 019b 4F       		.byte	0x4f
 227 019c 09       		.byte	0x9
 228 019d AF010000 		.4byte	0x1af
ARM GAS  /tmp/cc39rV5c.s 			page 5


 229 01a1 0A       		.uleb128 0xa
 230 01a2 766D7400 		.ascii	"vmt\000"
 231 01a6 05       		.byte	0x5
 232 01a7 51       		.byte	0x51
 233 01a8 29       		.byte	0x29
 234 01a9 AF010000 		.4byte	0x1af
 235 01ad 00       		.byte	0
 236 01ae 00       		.byte	0
 237 01af 07       		.uleb128 0x7
 238 01b0 04       		.byte	0x4
 239 01b1 20010000 		.4byte	0x120
 240 01b5 03       		.uleb128 0x3
 241 01b6 7F000000 		.4byte	.LASF21
 242 01ba 05       		.byte	0x5
 243 01bb 53       		.byte	0x53
 244 01bc 03       		.byte	0x3
 245 01bd 98010000 		.4byte	0x198
 246 01c1 02       		.uleb128 0x2
 247 01c2 01       		.byte	0x1
 248 01c3 02       		.byte	0x2
 249 01c4 44020000 		.4byte	.LASF22
 250 01c8 07       		.uleb128 0x7
 251 01c9 04       		.byte	0x4
 252 01ca B5010000 		.4byte	0x1b5
 253 01ce 07       		.uleb128 0x7
 254 01cf 04       		.byte	0x4
 255 01d0 D4010000 		.4byte	0x1d4
 256 01d4 07       		.uleb128 0x7
 257 01d5 04       		.byte	0x4
 258 01d6 CB000000 		.4byte	0xcb
 259 01da 0E       		.uleb128 0xe
 260 01db FD010000 		.4byte	.LASF32
 261 01df 06       		.byte	0x6
 262 01e0 31       		.byte	0x31
 263 01e1 06       		.byte	0x6
 264 01e2 3F020000 		.4byte	0x23f
 265 01e6 0F       		.uleb128 0xf
 266 01e7 63000000 		.4byte	.LASF23
 267 01eb 06       		.byte	0x6
 268 01ec 31       		.byte	0x31
 269 01ed 14       		.byte	0x14
 270 01ee C3000000 		.4byte	0xc3
 271 01f2 10       		.uleb128 0x10
 272 01f3 63687000 		.ascii	"chp\000"
 273 01f7 06       		.byte	0x6
 274 01f8 31       		.byte	0x31
 275 01f9 30       		.byte	0x30
 276 01fa C8010000 		.4byte	0x1c8
 277 01fe 0F       		.uleb128 0xf
 278 01ff 18020000 		.4byte	.LASF24
 279 0203 06       		.byte	0x6
 280 0204 31       		.byte	0x31
 281 0205 39       		.byte	0x39
 282 0206 79000000 		.4byte	0x79
 283 020a 0F       		.uleb128 0xf
 284 020b 1B000000 		.4byte	.LASF25
 285 020f 06       		.byte	0x6
ARM GAS  /tmp/cc39rV5c.s 			page 6


 286 0210 31       		.byte	0x31
 287 0211 45       		.byte	0x45
 288 0212 CE010000 		.4byte	0x1ce
 289 0216 11       		.uleb128 0x11
 290 0217 12       		.uleb128 0x12
 291 0218 A2000000 		.4byte	.LASF26
 292 021c 06       		.byte	0x6
 293 021d 41       		.byte	0x41
 294 021e 11       		.byte	0x11
 295 021f 87000000 		.4byte	0x87
 296 0223 11       		.uleb128 0x11
 297 0224 12       		.uleb128 0x12
 298 0225 3E020000 		.4byte	.LASF27
 299 0229 06       		.byte	0x6
 300 022a 4B       		.byte	0x4b
 301 022b 15       		.byte	0x15
 302 022c 87000000 		.4byte	0x87
 303 0230 13       		.uleb128 0x13
 304 0231 70696E00 		.ascii	"pin\000"
 305 0235 06       		.byte	0x6
 306 0236 4C       		.byte	0x4c
 307 0237 16       		.byte	0x16
 308 0238 98000000 		.4byte	0x98
 309 023c 00       		.byte	0
 310 023d 00       		.byte	0
 311 023e 00       		.byte	0
 312 023f 14       		.uleb128 0x14
 313 0240 88010000 		.4byte	.LASF33
 314 0244 06       		.byte	0x6
 315 0245 24       		.byte	0x24
 316 0246 0D       		.byte	0xd
 317 0247 10       		.uleb128 0x10
 318 0248 63687000 		.ascii	"chp\000"
 319 024c 06       		.byte	0x6
 320 024d 24       		.byte	0x24
 321 024e 30       		.byte	0x30
 322 024f C8010000 		.4byte	0x1c8
 323 0253 00       		.byte	0
 324 0254 00       		.byte	0
 325              		.section	.gnu.debuglto_.debug_abbrev,"e",%progbits
 326              	.Ldebug_abbrev0:
 327 0000 01       		.uleb128 0x1
 328 0001 11       		.uleb128 0x11
 329 0002 01       		.byte	0x1
 330 0003 25       		.uleb128 0x25
 331 0004 0E       		.uleb128 0xe
 332 0005 13       		.uleb128 0x13
 333 0006 0B       		.uleb128 0xb
 334 0007 03       		.uleb128 0x3
 335 0008 0E       		.uleb128 0xe
 336 0009 1B       		.uleb128 0x1b
 337 000a 0E       		.uleb128 0xe
 338 000b 10       		.uleb128 0x10
 339 000c 17       		.uleb128 0x17
 340 000d 00       		.byte	0
 341 000e 00       		.byte	0
 342 000f 02       		.uleb128 0x2
ARM GAS  /tmp/cc39rV5c.s 			page 7


 343 0010 24       		.uleb128 0x24
 344 0011 00       		.byte	0
 345 0012 0B       		.uleb128 0xb
 346 0013 0B       		.uleb128 0xb
 347 0014 3E       		.uleb128 0x3e
 348 0015 0B       		.uleb128 0xb
 349 0016 03       		.uleb128 0x3
 350 0017 0E       		.uleb128 0xe
 351 0018 00       		.byte	0
 352 0019 00       		.byte	0
 353 001a 03       		.uleb128 0x3
 354 001b 16       		.uleb128 0x16
 355 001c 00       		.byte	0
 356 001d 03       		.uleb128 0x3
 357 001e 0E       		.uleb128 0xe
 358 001f 3A       		.uleb128 0x3a
 359 0020 0B       		.uleb128 0xb
 360 0021 3B       		.uleb128 0x3b
 361 0022 0B       		.uleb128 0xb
 362 0023 39       		.uleb128 0x39
 363 0024 0B       		.uleb128 0xb
 364 0025 49       		.uleb128 0x49
 365 0026 13       		.uleb128 0x13
 366 0027 00       		.byte	0
 367 0028 00       		.byte	0
 368 0029 04       		.uleb128 0x4
 369 002a 24       		.uleb128 0x24
 370 002b 00       		.byte	0
 371 002c 0B       		.uleb128 0xb
 372 002d 0B       		.uleb128 0xb
 373 002e 3E       		.uleb128 0x3e
 374 002f 0B       		.uleb128 0xb
 375 0030 03       		.uleb128 0x3
 376 0031 08       		.uleb128 0x8
 377 0032 00       		.byte	0
 378 0033 00       		.byte	0
 379 0034 05       		.uleb128 0x5
 380 0035 26       		.uleb128 0x26
 381 0036 00       		.byte	0
 382 0037 49       		.uleb128 0x49
 383 0038 13       		.uleb128 0x13
 384 0039 00       		.byte	0
 385 003a 00       		.byte	0
 386 003b 06       		.uleb128 0x6
 387 003c 0F       		.uleb128 0xf
 388 003d 00       		.byte	0
 389 003e 0B       		.uleb128 0xb
 390 003f 0B       		.uleb128 0xb
 391 0040 00       		.byte	0
 392 0041 00       		.byte	0
 393 0042 07       		.uleb128 0x7
 394 0043 0F       		.uleb128 0xf
 395 0044 00       		.byte	0
 396 0045 0B       		.uleb128 0xb
 397 0046 0B       		.uleb128 0xb
 398 0047 49       		.uleb128 0x49
 399 0048 13       		.uleb128 0x13
ARM GAS  /tmp/cc39rV5c.s 			page 8


 400 0049 00       		.byte	0
 401 004a 00       		.byte	0
 402 004b 08       		.uleb128 0x8
 403 004c 13       		.uleb128 0x13
 404 004d 01       		.byte	0x1
 405 004e 03       		.uleb128 0x3
 406 004f 0E       		.uleb128 0xe
 407 0050 0B       		.uleb128 0xb
 408 0051 0B       		.uleb128 0xb
 409 0052 3A       		.uleb128 0x3a
 410 0053 0B       		.uleb128 0xb
 411 0054 3B       		.uleb128 0x3b
 412 0055 0B       		.uleb128 0xb
 413 0056 39       		.uleb128 0x39
 414 0057 0B       		.uleb128 0xb
 415 0058 01       		.uleb128 0x1
 416 0059 13       		.uleb128 0x13
 417 005a 00       		.byte	0
 418 005b 00       		.byte	0
 419 005c 09       		.uleb128 0x9
 420 005d 0D       		.uleb128 0xd
 421 005e 00       		.byte	0
 422 005f 03       		.uleb128 0x3
 423 0060 0E       		.uleb128 0xe
 424 0061 3A       		.uleb128 0x3a
 425 0062 0B       		.uleb128 0xb
 426 0063 3B       		.uleb128 0x3b
 427 0064 0B       		.uleb128 0xb
 428 0065 39       		.uleb128 0x39
 429 0066 0B       		.uleb128 0xb
 430 0067 49       		.uleb128 0x49
 431 0068 13       		.uleb128 0x13
 432 0069 38       		.uleb128 0x38
 433 006a 0B       		.uleb128 0xb
 434 006b 00       		.byte	0
 435 006c 00       		.byte	0
 436 006d 0A       		.uleb128 0xa
 437 006e 0D       		.uleb128 0xd
 438 006f 00       		.byte	0
 439 0070 03       		.uleb128 0x3
 440 0071 08       		.uleb128 0x8
 441 0072 3A       		.uleb128 0x3a
 442 0073 0B       		.uleb128 0xb
 443 0074 3B       		.uleb128 0x3b
 444 0075 0B       		.uleb128 0xb
 445 0076 39       		.uleb128 0x39
 446 0077 0B       		.uleb128 0xb
 447 0078 49       		.uleb128 0x49
 448 0079 13       		.uleb128 0x13
 449 007a 38       		.uleb128 0x38
 450 007b 0B       		.uleb128 0xb
 451 007c 00       		.byte	0
 452 007d 00       		.byte	0
 453 007e 0B       		.uleb128 0xb
 454 007f 15       		.uleb128 0x15
 455 0080 01       		.byte	0x1
 456 0081 27       		.uleb128 0x27
ARM GAS  /tmp/cc39rV5c.s 			page 9


 457 0082 19       		.uleb128 0x19
 458 0083 49       		.uleb128 0x49
 459 0084 13       		.uleb128 0x13
 460 0085 01       		.uleb128 0x1
 461 0086 13       		.uleb128 0x13
 462 0087 00       		.byte	0
 463 0088 00       		.byte	0
 464 0089 0C       		.uleb128 0xc
 465 008a 05       		.uleb128 0x5
 466 008b 00       		.byte	0
 467 008c 49       		.uleb128 0x49
 468 008d 13       		.uleb128 0x13
 469 008e 00       		.byte	0
 470 008f 00       		.byte	0
 471 0090 0D       		.uleb128 0xd
 472 0091 13       		.uleb128 0x13
 473 0092 01       		.byte	0x1
 474 0093 0B       		.uleb128 0xb
 475 0094 0B       		.uleb128 0xb
 476 0095 3A       		.uleb128 0x3a
 477 0096 0B       		.uleb128 0xb
 478 0097 3B       		.uleb128 0x3b
 479 0098 0B       		.uleb128 0xb
 480 0099 39       		.uleb128 0x39
 481 009a 0B       		.uleb128 0xb
 482 009b 01       		.uleb128 0x1
 483 009c 13       		.uleb128 0x13
 484 009d 00       		.byte	0
 485 009e 00       		.byte	0
 486 009f 0E       		.uleb128 0xe
 487 00a0 2E       		.uleb128 0x2e
 488 00a1 01       		.byte	0x1
 489 00a2 3F       		.uleb128 0x3f
 490 00a3 19       		.uleb128 0x19
 491 00a4 03       		.uleb128 0x3
 492 00a5 0E       		.uleb128 0xe
 493 00a6 3A       		.uleb128 0x3a
 494 00a7 0B       		.uleb128 0xb
 495 00a8 3B       		.uleb128 0x3b
 496 00a9 0B       		.uleb128 0xb
 497 00aa 39       		.uleb128 0x39
 498 00ab 0B       		.uleb128 0xb
 499 00ac 27       		.uleb128 0x27
 500 00ad 19       		.uleb128 0x19
 501 00ae 01       		.uleb128 0x1
 502 00af 13       		.uleb128 0x13
 503 00b0 00       		.byte	0
 504 00b1 00       		.byte	0
 505 00b2 0F       		.uleb128 0xf
 506 00b3 05       		.uleb128 0x5
 507 00b4 00       		.byte	0
 508 00b5 03       		.uleb128 0x3
 509 00b6 0E       		.uleb128 0xe
 510 00b7 3A       		.uleb128 0x3a
 511 00b8 0B       		.uleb128 0xb
 512 00b9 3B       		.uleb128 0x3b
 513 00ba 0B       		.uleb128 0xb
ARM GAS  /tmp/cc39rV5c.s 			page 10


 514 00bb 39       		.uleb128 0x39
 515 00bc 0B       		.uleb128 0xb
 516 00bd 49       		.uleb128 0x49
 517 00be 13       		.uleb128 0x13
 518 00bf 00       		.byte	0
 519 00c0 00       		.byte	0
 520 00c1 10       		.uleb128 0x10
 521 00c2 05       		.uleb128 0x5
 522 00c3 00       		.byte	0
 523 00c4 03       		.uleb128 0x3
 524 00c5 08       		.uleb128 0x8
 525 00c6 3A       		.uleb128 0x3a
 526 00c7 0B       		.uleb128 0xb
 527 00c8 3B       		.uleb128 0x3b
 528 00c9 0B       		.uleb128 0xb
 529 00ca 39       		.uleb128 0x39
 530 00cb 0B       		.uleb128 0xb
 531 00cc 49       		.uleb128 0x49
 532 00cd 13       		.uleb128 0x13
 533 00ce 00       		.byte	0
 534 00cf 00       		.byte	0
 535 00d0 11       		.uleb128 0x11
 536 00d1 0B       		.uleb128 0xb
 537 00d2 01       		.byte	0x1
 538 00d3 00       		.byte	0
 539 00d4 00       		.byte	0
 540 00d5 12       		.uleb128 0x12
 541 00d6 34       		.uleb128 0x34
 542 00d7 00       		.byte	0
 543 00d8 03       		.uleb128 0x3
 544 00d9 0E       		.uleb128 0xe
 545 00da 3A       		.uleb128 0x3a
 546 00db 0B       		.uleb128 0xb
 547 00dc 3B       		.uleb128 0x3b
 548 00dd 0B       		.uleb128 0xb
 549 00de 39       		.uleb128 0x39
 550 00df 0B       		.uleb128 0xb
 551 00e0 49       		.uleb128 0x49
 552 00e1 13       		.uleb128 0x13
 553 00e2 00       		.byte	0
 554 00e3 00       		.byte	0
 555 00e4 13       		.uleb128 0x13
 556 00e5 34       		.uleb128 0x34
 557 00e6 00       		.byte	0
 558 00e7 03       		.uleb128 0x3
 559 00e8 08       		.uleb128 0x8
 560 00e9 3A       		.uleb128 0x3a
 561 00ea 0B       		.uleb128 0xb
 562 00eb 3B       		.uleb128 0x3b
 563 00ec 0B       		.uleb128 0xb
 564 00ed 39       		.uleb128 0x39
 565 00ee 0B       		.uleb128 0xb
 566 00ef 49       		.uleb128 0x49
 567 00f0 13       		.uleb128 0x13
 568 00f1 00       		.byte	0
 569 00f2 00       		.byte	0
 570 00f3 14       		.uleb128 0x14
ARM GAS  /tmp/cc39rV5c.s 			page 11


 571 00f4 2E       		.uleb128 0x2e
 572 00f5 01       		.byte	0x1
 573 00f6 03       		.uleb128 0x3
 574 00f7 0E       		.uleb128 0xe
 575 00f8 3A       		.uleb128 0x3a
 576 00f9 0B       		.uleb128 0xb
 577 00fa 3B       		.uleb128 0x3b
 578 00fb 0B       		.uleb128 0xb
 579 00fc 39       		.uleb128 0x39
 580 00fd 0B       		.uleb128 0xb
 581 00fe 27       		.uleb128 0x27
 582 00ff 19       		.uleb128 0x19
 583 0100 00       		.byte	0
 584 0101 00       		.byte	0
 585 0102 00       		.byte	0
 586              		.section	.gnu.debuglto_.debug_line,"e",%progbits
 587              	.Ldebug_line0:
 588 0000 12010000 		.4byte	.LELT0-.LSLT0
 589              	.LSLT0:
 590 0004 0400     		.2byte	0x4
 591 0006 0C010000 		.4byte	.LELTP0-.LASLTP0
 592              	.LASLTP0:
 593 000a 01       		.byte	0x1
 594 000b 01       		.byte	0x1
 595 000c 01       		.byte	0x1
 596 000d F6       		.byte	0xf6
 597 000e F2       		.byte	0xf2
 598 000f 0D       		.byte	0xd
 599 0010 00       		.byte	0
 600 0011 01       		.byte	0x1
 601 0012 01       		.byte	0x1
 602 0013 01       		.byte	0x1
 603 0014 01       		.byte	0x1
 604 0015 00       		.byte	0
 605 0016 00       		.byte	0
 606 0017 00       		.byte	0
 607 0018 01       		.byte	0x1
 608 0019 00       		.byte	0
 609 001a 00       		.byte	0
 610 001b 01       		.byte	0x1
 611 001c 2E2E2F43 		.ascii	"../ChibiOS/os/hal/include"
 611      68696269 
 611      4F532F6F 
 611      732F6861 
 611      6C2F696E 
 612 0035 00       		.byte	0
 613 0036 2E2E2F46 		.ascii	"../FreeRTOS/include"
 613      72656552 
 613      544F532F 
 613      696E636C 
 613      756465
 614 0049 00       		.byte	0
 615 004a 7368656C 		.ascii	"shell"
 615      6C
 616 004f 00       		.byte	0
 617 0050 2F757372 		.ascii	"/usr/arm-none-eabi/include/machine"
 617      2F61726D 
ARM GAS  /tmp/cc39rV5c.s 			page 12


 617      2D6E6F6E 
 617      652D6561 
 617      62692F69 
 618 0072 00       		.byte	0
 619 0073 2F757372 		.ascii	"/usr/arm-none-eabi/include/sys"
 619      2F61726D 
 619      2D6E6F6E 
 619      652D6561 
 619      62692F69 
 620 0091 00       		.byte	0
 621 0092 2F757372 		.ascii	"/usr/lib/gcc/arm-none-eabi/10.2.0/include"
 621      2F6C6962 
 621      2F676363 
 621      2F61726D 
 621      2D6E6F6E 
 622 00bb 00       		.byte	0
 623 00bc 00       		.byte	0
 624 00bd 5F646566 		.ascii	"_default_types.h\000"
 624      61756C74 
 624      5F747970 
 624      65732E68 
 624      00
 625 00ce 04       		.uleb128 0x4
 626 00cf 00       		.uleb128 0
 627 00d0 00       		.uleb128 0
 628 00d1 5F737464 		.ascii	"_stdint.h\000"
 628      696E742E 
 628      6800
 629 00db 05       		.uleb128 0x5
 630 00dc 00       		.uleb128 0
 631 00dd 00       		.uleb128 0
 632 00de 73746464 		.ascii	"stddef.h\000"
 632      65662E68 
 632      00
 633 00e7 06       		.uleb128 0x6
 634 00e8 00       		.uleb128 0
 635 00e9 00       		.uleb128 0
 636 00ea 6F73616C 		.ascii	"osal_ch.h\000"
 636      5F63682E 
 636      6800
 637 00f4 02       		.uleb128 0x2
 638 00f5 00       		.uleb128 0
 639 00f6 00       		.uleb128 0
 640 00f7 68616C5F 		.ascii	"hal_streams.h\000"
 640      73747265 
 640      616D732E 
 640      6800
 641 0105 01       		.uleb128 0x1
 642 0106 00       		.uleb128 0
 643 0107 00       		.uleb128 0
 644 0108 636D6467 		.ascii	"cmdgpio.c\000"
 644      70696F2E 
 644      6300
 645 0112 03       		.uleb128 0x3
 646 0113 00       		.uleb128 0
 647 0114 00       		.uleb128 0
 648 0115 00       		.byte	0
ARM GAS  /tmp/cc39rV5c.s 			page 13


 649              	.LELTP0:
 650              	.LELT0:
 651              		.section	.gnu.debuglto_.debug_str,"eMS",%progbits,1
 652              	.LASF3:
 653 0000 5F5F7569 		.ascii	"__uint8_t\000"
 653      6E74385F 
 653      7400
 654              	.LASF15:
 655 000a 73697A65 		.ascii	"size_t\000"
 655      5F7400
 656              	.LASF6:
 657 0011 5F5F696E 		.ascii	"__int32_t\000"
 657      7433325F 
 657      7400
 658              	.LASF25:
 659 001b 61726776 		.ascii	"argv\000"
 659      00
 660              	.LASF30:
 661 0020 2F686F6D 		.ascii	"/home/fminucci/hardware/electrosense-converter-firm"
 661      652F666D 
 661      696E7563 
 661      63692F68 
 661      61726477 
 662 0053 77617265 		.ascii	"wareV2/firmware\000"
 662      56322F66 
 662      69726D77 
 662      61726500 
 663              	.LASF23:
 664 0063 75736572 		.ascii	"user\000"
 664      00
 665              	.LASF10:
 666 0068 6C6F6E67 		.ascii	"long long unsigned int\000"
 666      206C6F6E 
 666      6720756E 
 666      7369676E 
 666      65642069 
 667              	.LASF21:
 668 007f 42617365 		.ascii	"BaseSequentialStream\000"
 668      53657175 
 668      656E7469 
 668      616C5374 
 668      7265616D 
 669              	.LASF1:
 670 0094 756E7369 		.ascii	"unsigned char\000"
 670      676E6564 
 670      20636861 
 670      7200
 671              	.LASF26:
 672 00a2 706F7274 		.ascii	"portId\000"
 672      496400
 673              	.LASF28:
 674 00a9 474E5520 		.ascii	"GNU C17 10.2.0 -mcpu=cortex-m3 -mno-thumb-interwork"
 674      43313720 
 674      31302E32 
 674      2E30202D 
 674      6D637075 
 675 00dc 202D6D74 		.ascii	" -mthumb -mfloat-abi=soft -march=armv7-m -ggdb -Os "
ARM GAS  /tmp/cc39rV5c.s 			page 14


 675      68756D62 
 675      202D6D66 
 675      6C6F6174 
 675      2D616269 
 676 010f 2D666F6D 		.ascii	"-fomit-frame-pointer -falign-functions=16 -ffunctio"
 676      69742D66 
 676      72616D65 
 676      2D706F69 
 676      6E746572 
 677 0142 6E2D7365 		.ascii	"n-sections -fdata-sections -fno-common -flto\000"
 677      6374696F 
 677      6E73202D 
 677      66646174 
 677      612D7365 
 678              	.LASF5:
 679 016f 73686F72 		.ascii	"short unsigned int\000"
 679      7420756E 
 679      7369676E 
 679      65642069 
 679      6E7400
 680              	.LASF19:
 681 0182 77726974 		.ascii	"write\000"
 681      6500
 682              	.LASF33:
 683 0188 636D6447 		.ascii	"cmdGPIOUsage\000"
 683      50494F55 
 683      73616765 
 683      00
 684              	.LASF4:
 685 0195 5F5F7569 		.ascii	"__uint16_t\000"
 685      6E743136 
 685      5F7400
 686              	.LASF8:
 687 01a0 6C6F6E67 		.ascii	"long unsigned int\000"
 687      20756E73 
 687      69676E65 
 687      6420696E 
 687      7400
 688              	.LASF29:
 689 01b2 7368656C 		.ascii	"shell/cmdgpio.c\000"
 689      6C2F636D 
 689      64677069 
 689      6F2E6300 
 690              	.LASF20:
 691 01c2 72656164 		.ascii	"read\000"
 691      00
 692              	.LASF11:
 693 01c7 756E7369 		.ascii	"unsigned int\000"
 693      676E6564 
 693      20696E74 
 693      00
 694              	.LASF17:
 695 01d4 63686172 		.ascii	"char\000"
 695      00
 696              	.LASF12:
 697 01d9 75696E74 		.ascii	"uint8_t\000"
 697      385F7400 
ARM GAS  /tmp/cc39rV5c.s 			page 15


 698              	.LASF18:
 699 01e1 6D73675F 		.ascii	"msg_t\000"
 699      7400
 700              	.LASF14:
 701 01e7 696E7433 		.ascii	"int32_t\000"
 701      325F7400 
 702              	.LASF9:
 703 01ef 6C6F6E67 		.ascii	"long long int\000"
 703      206C6F6E 
 703      6720696E 
 703      7400
 704              	.LASF32:
 705 01fd 636D6447 		.ascii	"cmdGPIO\000"
 705      50494F00 
 706              	.LASF2:
 707 0205 73686F72 		.ascii	"short int\000"
 707      7420696E 
 707      7400
 708              	.LASF13:
 709 020f 75696E74 		.ascii	"uint16_t\000"
 709      31365F74 
 709      00
 710              	.LASF24:
 711 0218 61726763 		.ascii	"argc\000"
 711      00
 712              	.LASF7:
 713 021d 6C6F6E67 		.ascii	"long int\000"
 713      20696E74 
 713      00
 714              	.LASF16:
 715 0226 6C6F6E67 		.ascii	"long double\000"
 715      20646F75 
 715      626C6500 
 716              	.LASF0:
 717 0232 7369676E 		.ascii	"signed char\000"
 717      65642063 
 717      68617200 
 718              	.LASF27:
 719 023e 70696E49 		.ascii	"pinId\000"
 719      6400
 720              	.LASF22:
 721 0244 5F426F6F 		.ascii	"_Bool\000"
 721      6C00
 722              	.LASF31:
 723 024a 42617365 		.ascii	"BaseSequentialStreamVMT\000"
 723      53657175 
 723      656E7469 
 723      616C5374 
 723      7265616D 
 724              		.text
 725              		.section	.gnu.lto_.profile.a5ec596df45108a0,"e",%progbits
 726 0000 789C6362 		.ascii	"x\234cb\000\001\000\000\022\000\003"
 726      00010000 
 726      120003
 727              		.text
 728              		.section	.gnu.lto_.icf.a5ec596df45108a0,"e",%progbits
 729 0000 789CE363 		.ascii	"x\234\343c@\000&\206\247\247\227\035dd\\\322q\377 #"
ARM GAS  /tmp/cc39rV5c.s 			page 16


 729      40002686 
 729      A7A7971D 
 729      64645CD2 
 729      71FF2023 
 730 0014 03002EAC 		.ascii	"\003\000.\254\005\367"
 730      05F7
 731              		.text
 732              		.section	.gnu.lto_.jmpfuncs.a5ec596df45108a0,"e",%progbits
 733 0000 789C9593 		.ascii	"x\234\225\223\317O\023A\024\200\337\353,\333_\264{6"
 733      CF4F1341 
 733      1480DFEB 
 733      2CDB5FB4 
 733      7B36
 734 0012 2566E7E0 		.ascii	"%f\347\340\331\253\341\357P/M\017\325\224\246\011i\033"
 734      D9ABE1EF 
 734      502F4D0F 
 734      D594A609 
 734      691B
 735 0024 DABD2286 		.ascii	"\332\275\"\206\230h\251U\274\320j\010a7F\271xQ\250\012"
 735      9868A955 
 735      BCD06A08 
 735      613746B9 
 735      7851A80A 
 736 0038 2A2814F0 		.ascii	"*(\024\360`b\"\211\341\200\342\315\210m\324\233\036"
 736      60622289 
 736      E180E2CD 
 736      886DD49B 
 736      1E
 737 0049 EA5B76E8 		.ascii	"\352[v\350R\272\333\260\233l\2623\357\315\367\275\231"
 737      52BADBB0 
 737      9B6CB233 
 737      EFCDF7BD 
 737      99
 738 005a 793B2003 		.ascii	"y; \003\374\005\353\361\001\"\006\014\006\2224NC\\\225"
 738      FC05EBF1 
 738      0122060C 
 738      0692344E 
 738      435C95
 739 006d 10E86DD3 		.ascii	"\020\350m\323\243\000{\300\360`\366\3374\34387QU\015"
 739      A3007BC0 
 739      F060F6DF 
 739      34E33837 
 739      51550D
 740 0080 8680CF90 		.ascii	"\206\200\317\220wg\241\217\262\226n\375\\\010\336c\006"
 740      7767A18F 
 740      B2966EFD 
 740      5C08DE63 
 740      06
 741 0091 F3116E11 		.ascii	"\363\021n\021c4U\326w'\2315e\345-a\314MR\335\253\264"
 741      633455D6 
 741      77279935 
 741      65E52D61 
 741      CC4D52DD 
 742 00a7 FDFCAC25 		.ascii	"\375\374\254%a\200\365^\211I\355\207h\325\233\245\020"
 742      6180F55E 
 742      8949ED87 
 742      68D59BA5 
ARM GAS  /tmp/cc39rV5c.s 			page 17


 742      10
 743 00b8 BF602124 		.ascii	"\277`!$\300\347\336\021\323\253\365\222\302/v\252x\341"
 743      C0E7DE11 
 743      D3ABF592 
 743      C22F76AA 
 743      78E1
 744 00ca 1DB1BEB1 		.ascii	"\035\261\276\261xS\346\331N\025/\275#>=\321g\220\227"
 744      7853E6D9 
 744      4E152FBD 
 744      233E3DD1 
 744      679097
 745 00dd EC135FF6 		.ascii	"\354\023_\366\316\270?\277s'\310\037\011\306\000\340"
 745      CEB83FBF 
 745      7327C81F 
 745      09C600E0 
 746 00ed 4A7F063A 		.ascii	"J\177\006:0\032\217\027\346\302\274.\0302\340+w\006"
 746      301A8F17 
 746      E6C2BC2E 
 746      1832E02B 
 746      7706
 747 00ff 4A74ED18 		.ascii	"Jt\355\030\005\203\371%\352\245k\006\013\320\033\364"
 747      0583F925 
 747      EAA56B06 
 747      0BD01BF4 
 748 010f 49E37812 		.ascii	"I\343x\022-\323\234S\3117&\276\374P\370\232\320\205"
 748      2DD39C53 
 748      C93726BE 
 748      FC50F89A 
 748      D085
 749 0121 005FBBEB 		.ascii	"\000_\273\353\354\365H\015|,\213\332\270{h\366fe\262"
 749      ECF5480D 
 749      7C2C8BDA 
 749      B87B68F6 
 749      6665B2
 750 0134 B517301B 		.ascii	"\265\0270\0331L\265\274\241\325G\011\320\235}T\311\257"
 750      314CB5BC 
 750      A1D54709 
 750      D09D7D54 
 750      C9AF
 751 0146 EDFDA900 		.ascii	"\355\375\251\000\377 *\031\244\214>\207\327\253\353"
 751      FF202A19 
 751      A48C3E87 
 751      D7ABEB
 752 0155 FC0A613A 		.ascii	"\374\012a:\2225\241Cw][\237o\"\337\021\272\010\340["
 752      9235A143 
 752      775D5B9F 
 752      6F22DF11 
 752      BA08E05B 
 753 0169 4FBA8753 		.ascii	"O\272\207S\372r\304\324E)\355\235\320\371\334u\267\313"
 753      FA72C4D4 
 753      4529ED9D 
 753      D0F9DC75 
 753      B7CB
 754 017b 4643E1BB 		.ascii	"FC\341\273\366\356\326=\351\276\375^\251\311\226N\306"
 754      F6EED63D 
 754      E9BEFD5E 
 754      A9C9964E 
ARM GAS  /tmp/cc39rV5c.s 			page 18


 754      C6
 755 018c 0DA193DD 		.ascii	"\015\241\223\335u\007w7\237\206\371\276\320)\200\215"
 755      75077737 
 755      9F86F9BE 
 755      D029808D 
 756 019c 53EA4C80 		.ascii	"S\352L\200)\254\315\314~\024\302\020n\012a\250GH\215"
 756      29ACCDCC 
 756      7E14C210 
 756      6E0A61A8 
 756      47488D
 757 01af D0E76ECD 		.ascii	"\320\347n\315\350)\256\242Y6\256\007\370w\373*\266<"
 757      E829AEA2 
 757      5936AE07 
 757      F877FB2A 
 757      B63C
 758 01c1 146B022A 		.ascii	"\024k\002*\255ZU\346M\033\260\355e\267'\266\347\364"
 758      AD5A55E6 
 758      4D1BB0ED 
 758      65B727B6 
 758      E7F4
 759 01d3 F7385A3F 		.ascii	"\3678Z?\353_\267\242\374\217}\306\357\335\255NP\030"
 759      EB5FB7A2 
 759      FC8F7DC6 
 759      EFDDAD4E 
 759      5018
 760 01e5 0AA6F399 		.ascii	"\012\246\363\231\234\032\317\347\306\212\011\365\212"
 760      9C1ACFE7 
 760      C68A09F5 
 760      8A
 761 01f2 5650E3B9 		.ascii	"VP\343\271\354\371\334\310H\"\022\2023]\301x>\223M\250"
 761      ECF9DCC8 
 761      48221282 
 761      335DC178 
 761      3E934DA8 
 762 0206 E9549122 		.ascii	"\351T\221\"1\207\310\325\321Tr\314eU\301uU&\233\327"
 762      3187C8D5 
 762      D15472CC 
 762      6555C175 
 762      55269BD7 
 763 021a CCD89043 		.ascii	"\314\330\220C,\247\025\255\240b\005\013\305dQ+\3208"
 763      2CA715AD 
 763      A062050B 
 763      C564512B 
 763      D038
 764 022c 78A9904C 		.ascii	"x\251\220L\247\206\351k\360rrTK\015\253\3474\032\310"
 764      A786E96B 
 764      F0727254 
 764      4B0DABE7 
 764      341AC8
 765 023f 87258044 		.ascii	"\207%\200D6\220\017\301\340\267\030 \321\226@\242\375"
 765      36900FC1 
 765      E0B71820 
 765      D19640A2 
 765      FD
 766 0250 81DFA2C0 		.ascii	"\201\337\242\300\177\334[\014\352"
 766      7FDC5B0C 
 766      EA
ARM GAS  /tmp/cc39rV5c.s 			page 19


 767              		.text
 768              		.section	.gnu.lto_.ipa_sra.a5ec596df45108a0,"e",%progbits
 769 0000 789C3361 		.ascii	"x\2343ad\200\003&\006F\006\026\006vF&\306\006\026\210"
 769      64800326 
 769      06460616 
 769      06764626 
 769      C6061688 
 770 0014 0875983C 		.ascii	"\010u\230<P&#H\214\025d\005\003L\204\221\261\021(\310"
 770      50262348 
 770      8C156405 
 770      034C8491 
 770      B11128C8 
 771 0028 C80CA618 		.ascii	"\310\014\246\030\340\302P\3470\300\315`\206;\221\002"
 771      E0C250E7 
 771      30C0CD60 
 771      863B9102 
 772 0038 316CB2F8 		.ascii	"1l\262\370\325\301YPwb\0100\000\000\256\376\007\017"
 772      D5C15950 
 772      77620830 
 772      0000AEFE 
 772      070F
 773              		.text
 774              		.section	.gnu.lto_.inline.a5ec596df45108a0,"e",%progbits
 775 0000 789CA58F 		.ascii	"x\234\245\217\275\016AA\020\205\317\354\334\310\012"
 775      BD0E4141 
 775      1085CFEC 
 775      DCC80A
 776 000f 92DB6B68 		.ascii	"\222\333kh\305C\334'\270\317@(HHx\001\331\333)oB\241"
 776      C543DC27 
 776      B8CF4028 
 776      48487801 
 776      D9DB296F 
 777 0025 128942A5 		.ascii	"\022\211B\245\300\243h$$*\361\012\032\211\031?K!Q\330"
 777      C0A36824 
 777      242AF10A 
 777      1A89193F 
 777      4B2151D8 
 778 0039 6477BE39 		.ascii	"dw\2769{\212s.\004\177\014Pt\316\015\271M\312\211\360"
 778      7B8A732E 
 778      047F0C50 
 778      74CE0DB9 
 778      4DCA89F0 
 779 004d 00C8C870 		.ascii	"\000\310\310p\246iT\002\347\325\227\306\377\002\341"
 779      A6695402 
 779      E7D597C6 
 779      FF02E1
 780 005c 88ED7275 		.ascii	"\210\355ru0-\312\230\316\234-U\212\362\323\365\324S"
 780      302DCA98 
 780      CE9C2D55 
 780      8AF2D3F5 
 780      D453
 781 006e AA2AF53D 		.ascii	"\252*\365=\221\220f\220\031\202\201\354;c\3423\006\217"
 781      91906690 
 781      198281EC 
 781      3B63E233 
 781      068F
 782 0080 B88840BB 		.ascii	"\270\210@\273\321l\303uk\340H\236\327\252\033\202\373"
ARM GAS  /tmp/cc39rV5c.s 			page 20


 782      D16CC375 
 782      6BE0489E 
 782      D7AA1B82 
 782      FB
 783 0091 D2B0103C 		.ascii	"\322\260\020<%\343\275\021\214,x}Mw\\\013\305\256\267"
 783      25E3BD11 
 783      8C2C787D 
 783      4D775C0B 
 783      C5AEB7
 784 00a4 BC989E27 		.ascii	"\274\230\236'\334\010\255l\032<\007\224,(\215\203\002"
 784      DC08AD6C 
 784      1A3C0794 
 784      2C288D83 
 784      02
 785 00b5 54626992 		.ascii	"Tbi\222\306Z*\274\313O\322\202O\307\253\364\177\352"
 785      C65A2ABC 
 785      CB4FD282 
 785      4FC7ABF4 
 785      7FEA
 786 00c7 77C34FEF 		.ascii	"w\303O\357\007jt\237\374-\005*\341\006\263#M\251"
 786      076A749F 
 786      FC2D052A 
 786      E106B323 
 786      4DA9
 787              		.text
 788              		.section	.gnu.lto_.pureconst.a5ec596df45108a0,"e",%progbits
 789 0000 789C6367 		.ascii	"x\234cg```b\230\301\3028\223\005\000\004\247\001D"
 789      60606062 
 789      98C1C238 
 789      93050004 
 789      A70144
 790              		.text
 791              		.section	.gnu.lto_.lto.a5ec596df45108a0,"e",%progbits
 792 0000 09000000 		.ascii	"\011\000\000\000\001\000\000\000"
 792      01000000 
 793              		.text
 794              		.section	.gnu.lto_cmdGPIOUsage.88.a5ec596df45108a0,"e",%progbits
 795 0000 789C8DD3 		.ascii	"x\234\215\323_H\023q\034\000\360\337\367~\373w\333l"
 795      5F481371 
 795      1C00F0DF 
 795      F77EFB77 
 795      DB6C
 796 0012 810F152B 		.ascii	"\201\017\025+\330A!\026hD\006\365\324Ko\275\366$>\314"
 796      D8412116 
 796      684406F5 
 796      D44B6FBD 
 796      F6243ECC 
 797 0026 B5CDC172 		.ascii	"\265\315\301r\303m\257\371\333\322\022\037ZV\346*\206"
 797      C36DAFF9 
 797      DBD2121F 
 797      5A56E62A 
 797      86
 798 0037 BA433202 		.ascii	"\272C2\002c0\233f\3464\235i\2664\3621\037\024,,r\030"
 798      63309B66 
 798      E6349D69 
 798      B634F231 
 798      1F142C2C 
ARM GAS  /tmp/cc39rV5c.s 			page 21


 799 004d 5160B57E 		.ascii	"Q`\265~w\347u7P\270\203\343~\337\373~\277\277\317\357"
 799      77E77537 
 799      50B883E3 
 799      7EDFFB7E 
 799      BFBFCFEF 
 800 0061 0B771775 		.ascii	"\013w\027u\010m \204\216\320\0330\002\206\020r\336\030"
 800      086D2084 
 800      8ED01B30 
 800      02861072 
 800      DE18
 801 0073 353100E2 		.ascii	"51\000\342\212\230\000\2652\320\012w\360C\014S7\326"
 801      8A9800B5 
 801      32D00A77 
 801      F0430C53 
 801      37D6
 802 0085 4799EA47 		.ascii	"G\231\352G4Cr=\211\272(i?\310c\204\222\364\226.\310"
 802      3443723D 
 802      89BA2869 
 802      3FC86384 
 802      92F4962E 
 803 009a 4035AD5B 		.ascii	"@5\255[\211%\177Yoc\036\003\350hxw>3g\026B\006\0344"
 803      89257F59 
 803      6F631E03 
 803      E8687877 
 803      3E336716 
 804 00b2 4C6726DB 		.ascii	"Lg&\333X\\\011\210\256\257\255\026\227mU\003\204\304"
 804      585C0988 
 804      AEAFAD16 
 804      976D5503 
 804      84C4
 805 00c4 486E3A8F 		.ascii	"Hn:\217\311Q\036c\310\002\246[\3023\260\3030\330\021"
 805      C9511E63 
 805      C802A65B 
 805      C233B0C3 
 805      30D811
 806 00d7 A2EF0ECC 		.ascii	"\242\357\016\314\352\020\214@\025\022\232V\323\177\273"
 806      EA108C40 
 806      15129A56 
 806      D37FBB
 807 00e6 2B0CBA1D 		.ascii	"+\014\272\035\027F\301\200\200.\236\276\327\347\310"
 807      1746C180 
 807      802E9EBE 
 807      D7E7C8
 808 00f5 EF529C90 		.ascii	"\357R\234\220\217l\377\037\306Bg\020;\342\030\011'\326"
 808      8F6CFF1F 
 808      C6426710 
 808      3BE21809 
 808      27D6
 809 0107 01C92174 		.ascii	"\001\311!t\0133R\020\245\301\006\220\324\330qq\203\""
 809      0B335210 
 809      A5C10690 
 809      D4D87171 
 809      8322
 810 0119 B43BC405 		.ascii	"\264;\304\005\335?9\270Pb\333 \0265\361X\227\304tox"
 810      DD3F39B8 
 810      5062DB20 
 810      1635F158 
ARM GAS  /tmp/cc39rV5c.s 			page 22


 810      97C4746F 
 811 012e 0E6D80FA 		.ascii	"\016m\200\3721C\263\371\301\307\275\026\356D/I8x\254"
 811      3143B3F9 
 811      C1C7BD16 
 811      EE442F49 
 811      3878AC
 812 0141 17EAB7EE 		.ascii	"\027\352\267\356\217\317\231\204\372\004!}C\300c\003"
 812      8FCF9984 
 812      FA04217D 
 812      43C06303 
 813 0151 8C01279D 		.ascii	"\214\001'\235\353\005m\344\261Q\244&4Q\343\012\365\240"
 813      EB056DE4 
 813      B151A426 
 813      3451E30A 
 813      F5A0
 814 0163 7F39CE72 		.ascii	"\1779\316ru\022e\022\352c\003\305\014VS,\274\224\251"
 814      75126512 
 814      EA6303C5 
 814      0C56532C 
 814      BC94A9
 815 0176 0915B5A6 		.ascii	"\011\025\265\246\211\312)\324\207\241T\017p\027$\312"
 815      89CA29D4 
 815      87A1540F 
 815      701724CA 
 816 0186 2CD4173B 		.ascii	",\324\027;R\353eSY`R\246\246T\324'M\324+\205\232\236"
 816      52EB6553 
 816      596052A6 
 816      A654D427 
 816      4DD42B85 
 817 019c 19EE3070 		.ascii	"\031\3560p\215\022e\025\352\267\323\327\327\0305U\001"
 817      8D126515 
 817      EAB7D3D7 
 817      D7183555 
 817      01
 818 01ad D33235A3 		.ascii	"\32325\243\242\276h\242\362\012\325\225\313v\332\270"
 818      A2BE68A2 
 818      F20AD595 
 818      CB76DAB8 
 819 01bd AB12B54F 		.ascii	"\253\022\265O\250_*\344\217\251%\033\314\312\322k\225"
 819      A85F2AE4 
 819      8FA9251B 
 819      CCCAD26B 
 819      95
 820 01ce B4A9499A 		.ascii	"\264\251I\232S\244\315\354\267N3\227\000\325T\237\027"
 820      53A4CDEC 
 820      B74E3397 
 820      00D5549F 
 820      17
 821 01df 5323FAF2 		.ascii	"S#\372\362\251\346e\353\215\312\372\256\311ZP\254\304"
 821      A9E665EB 
 821      8DCAFAAE 
 821      C95A50AC 
 821      C4
 822 01f0 CACD9291 		.ascii	"\312\315\222\221\313\200j\254RWw\326X>\327[\331*\250"
 822      CB806AAC 
 822      525777D6 
 822      583ED75B 
ARM GAS  /tmp/cc39rV5c.s 			page 23


 822      D92AA8
 823 0203 AC9F9AAC 		.ascii	"\254\237\232\254w\212\3655\271\335\205\271\002\250>"
 823      778AF535 
 823      B9DD85B9 
 823      02A83E
 824 0212 8C1F4FEE 		.ascii	"\214\037O\356\021k\371\207\261([K;\326\026\304\372J"
 824      116BF987 
 824      B1285B4B 
 824      3BD616C4 
 824      FA4A
 825 0224 66F19D70 		.ascii	"f\361\235p\3051(\277 B\373CMn\277\277\326u\345\2627"
 825      C53128BF 
 825      2042FB43 
 825      4D6EBFBF 
 825      D675E5B2 
 826 0239 E80BD4B8 		.ascii	"\350\013\324\270\020v5\005+\377\2075\236\223\036\317"
 826      10763505 
 826      2BFF8735 
 826      9E931ECF 
 827 0249 E95367CE 		.ascii	"\351Sg\316\"\366R\310\351u\237\2530#\033+\344\034\241"
 827      22F652C8 
 827      E9759FAB 
 827      30231B2B 
 827      E41CA1
 828 025c B0331C09 		.ascii	"\2603\034\011\321\370\260\024\327\007\003-\341\006\372"
 828      D1F8B014 
 828      D707032D 
 828      E106FA
 829 026b F0353738 		.ascii	"\360578\002\221p0\022\246I\373.I_\263\224;\264K.\344"
 829      02917030 
 829      12A649FB 
 829      2E495FB3 
 829      943BB44B 
 830 0281 DEABCBE5 		.ascii	"\336\253\313\345w;[\366\350\362\212]\345\007i\214\204"
 830      773B5BF6 
 830      E8F28A5D 
 830      E507698C 
 830      84
 831 0292 1CF581E6 		.ascii	"\034\365\201\346\332\200\307\323@\223\377\000q\333\244"
 831      DA80C7D3 
 831      4093FF00 
 831      71DBA4
 832 02a1 3D       		.ascii	"="
 833              		.text
 834              		.section	.gnu.lto_cmdGPIO.89.a5ec596df45108a0,"e",%progbits
 835 0000 789C8D57 		.ascii	"x\234\215W}PT\327\025\277\347\335\367\336\276\335}\373"
 835      7D5054D7 
 835      15BFE7DD 
 835      F7DEBEDD 
 835      7DFB
 836 0012 0D761114 		.ascii	"\015v\021\024\266\215u\264N\3524\2553u\372G\373W'\323"
 836      B68D75B4 
 836      4EEA34AD 
 836      3375FA47 
 836      FB5727D3 
 837 0026 3F3BD3E9 		.ascii	"?;\323\351?\371\303\"$\316\320H\005:\375/\217\257\230"
 837      3FF9C322 
ARM GAS  /tmp/cc39rV5c.s 			page 24


 837      24CED048 
 837      053AFD2F 
 837      8FAF98
 838 0039 C022265A 		.ascii	"\300\"&Z\2056[]V\005\307$j\004\211%(Q\021\277\215\266"
 838      85365B5D 
 838      5605C724 
 838      6A048925 
 838      285111BF 
 839 004f 26A21481 		.ascii	"&\242\024\201\342\007\312\207\240%~Er\356\275o\337["
 839      E207CA87 
 839      A0257E45 
 839      72EEBD6F 
 839      DF5B
 840 0061 70A77167 		.ascii	"p\247qg\270{\356=\347\374\316\371\235s\336\345m\235"
 840      B87BEE3D 
 840      E7FCCEF9 
 840      9D73DEE5 
 840      6D9D
 841 0073 87902A42 		.ascii	"\207\220*B\310\012 \004\346\021\220\014\303\370\245"
 841      C80A2004 
 841      E611900C 
 841      C3F8A5
 842 0082 A35C9324 		.ascii	"\243\\\223$\332\375\315\031\247l\270\344\216\212\326"
 842      DAFDCD19 
 842      A76CB8E4 
 842      8E8AD6
 843 0091 15B2A153 		.ascii	"\025\262\241S\3104u\262\244\014\257\177\254\243N\375"
 843      C83475B2 
 843      A40CAF7F 
 843      ACA34EFD 
 844 00a1 E061F52B 		.ascii	"\340a\365+\250S,\235*9F\023\203\231\250\313\330\334"
 844      A8532C9D 
 844      2A394613 
 844      8399A8CB 
 844      D8DC
 845 00b3 F78FA5A8 		.ascii	"\367\217\245\250sH\332\364\305{(\271\3345\037\327\243"
 845      7348DAF4 
 845      C57B28B9 
 845      DC351FD7 
 845      A3
 846 00c4 46D72427 		.ascii	"F\327$'Z\347\341\211K|\353N\313\337eInI\027\366.\217"
 846      5AE7E189 
 846      4B7CEB4E 
 846      CBDF6549 
 846      6E4917F6 
 847 00da F0D7754B 		.ascii	"\360\327uK\347\221\274\246\316g\352\274\226\316'\371"
 847      E791BCA6 
 847      CE67EABC 
 847      96CE27F9 
 848 00ea 4D5DC0D4 		.ascii	"M]\300\324\371-]@\012\232\221Cf\344\240\245\013YR\206"
 848      F92D5D40 
 848      0A9A9143 
 848      66E4A0A5 
 848      0B595286 
 849 00fe 25650270 		.ascii	"%e\002p\311\320\200\274%QYQ\035\232\323\345\326=^\237"
 849      C9D080BC 
 849      25515951 
ARM GAS  /tmp/cc39rV5c.s 			page 25


 849      1D9AD3E5 
 849      D63D5E9F 
 850 0112 3F100C65 		.ascii	"?\020\014ed\302[\260\211\376\235\302\321\3657\017IK"
 850      64C25BB0 
 850      89FE9DC2 
 850      D1F5370F 
 850      494B
 851 0124 9AD1D8E8 		.ascii	"\232\321\330\350\332z)\313h\351\202\004%$\206\177\342"
 851      DA7A29CB 
 851      68E98204 
 851      2524867F 
 851      E2
 852 0135 03ADB004 		.ascii	"\003\255\260\004\355\372+b\017\365\367i\202\002\310"
 852      EDFA2B62 
 852      0FF5F769 
 852      8202C8
 853 0144 B8DD7CBA 		.ascii	"\270\335|\272\365\224\213m%\310\303\355\336\216\236"
 853      F5948B6D 
 853      25C8C3ED 
 853      DE8E9E
 854 0153 5A270D01 		.ascii	"Z'\015\001Ay\244\357j\257\262x\247aT\030]\303G\251\361"
 854      4179A4EF 
 854      6AAFB278 
 854      A7615418 
 854      5DC347A9 
 855 0168 52825268 		.ascii	"R\202Rh\007\212\220p\020\262\241\015\262\011\301\263"
 855      078A9070 
 855      10B2A10D 
 855      B209C1B3 
 856 0178 F04D3CF8 		.ascii	"\360M<\370\024\026\243\313\376\326\317\253\234t\031"
 856      1416A3CB 
 856      FED6CFAB 
 856      9C7419
 857 0187 77AF1CBA 		.ascii	"w\257\034\272w\331g\272\037?\301\335e8\364\234\273\034"
 857      77D967BA 
 857      1F3FC1DD 
 857      6538F49C 
 857      BB1C
 858 0199 9EC2837F 		.ascii	"\236\302\203\177r\367\361\366\335\345^\272\234\273G"
 858      72F7F1F6 
 858      DDE55EBA 
 858      9CBB47
 859 01a8 9B6F956B 		.ascii	"\233o\225k\314\035\371\234\355\341\356\012t<\347\256"
 859      CC1DF99C 
 859      EDE1EE0A 
 859      743CE7AE 
 860 01b8 849FE1C1 		.ascii	"\204\237\341\301g\334\375\301\301\341\225\364g\334\373"
 860      67DCFDC1 
 860      C1E195F4 
 860      67DCFB
 861 01c7 DDF35387 		.ascii	"\335\363S\207\250\031|4\374\201\321%'\250\012\235\317"
 861      A8197C34 
 861      FC81D125 
 861      27A80A9D 
 861      CF
 862 01d8 B9ABE11A 		.ascii	"\271\253\341\032\231\300aXL\230\327\320\376g\177\365"
 862      99C06158 
ARM GAS  /tmp/cc39rV5c.s 			page 26


 862      4C98D7D0 
 862      FE677FF5 
 863 01e8 A8B25934 		.ascii	"\250\262Y48\002*\301\241d\325\215\266^\350\364\320\225"
 863      38022AC1 
 863      A164D58D 
 863      B65EE8F4 
 863      D095
 864 01fa 1C7BACEE 		.ascii	"\034{\254\356\362]uQ\202c\237o\0106U\032\015\006\302"
 864      F25D7551 
 864      82639F6F 
 864      0836551A 
 864      0D06C2
 865 020d 3BA04BC0 		.ascii	";\240K\300\277\222\015\313\263\031@x+b\177\016\213\320"
 865      BF920DCB 
 865      B3194078 
 865      2B627F0E 
 865      8BD0
 866 021f E7C9DF2E 		.ascii	"\347\311\337.N\003\375\025\367o?\327R\3534\375\373\033"
 866      4E03FD15 
 866      F76F3FD7 
 866      52EB34FD 
 866      FB1B
 867 0231 E7DBFE47 		.ascii	"\347\333\376G\347\372\357@\377c\334\377\355\356\215"
 867      E7FAEF40 
 867      FF63DCFF 
 867      EDEE8D
 868 0240 1D1ED135 		.ascii	"\035\036\3215\011\267\361\313_T\200\350\232\037\267"
 868      09B7F1CB 
 868      5F5480E8 
 868      9A1FB7
 869 024f 9FC49FF4 		.ascii	"\237\304\237\364\002\375\265\310n\323\310\224l\242\337"
 869      02FDB5C8 
 869      6ED3C894 
 869      6CA2DF
 870 025e 6CCCF9A4 		.ascii	"l\314\371\244\322ha\350\032\234\020\350\335H\3768\010"
 870      D26861E8 
 870      1A9C10E8 
 870      DD48FE38 
 870      08
 871 026f FC7D88DF 		.ascii	"\374}\210\337\003\213\366^R\272\214\2473\365\206\361"
 871      038BF65E 
 871      52BA8CA7 
 871      33F586F1 
 872 027f 91271EF7 		.ascii	"\221'\036\367.\005,\214Sb\305\245\270\270d\266(\354"
 872      2E052C8C 
 872      5362C5A5 
 872      B8B864B6 
 872      28EC
 873 0291 4C65670E 		.ascii	"Leg\016&iLr2\205\213In\\\334:[<l\3612\023\037S\370\331"
 873      26694C72 
 873      32858B49 
 873      6E5CDC3A 
 873      5B3C6CF1 
 874 02ab 12604B90 		.ascii	"\022`K\220-!\\\364\014&\315\003\326\2640\260\332g\001"
 874      2D215CF4 
 874      0C26CD03 
 874      D6B430B0 
ARM GAS  /tmp/cc39rV5c.s 			page 27


 874      DA6701
 875 02be EB7F0EAF 		.ascii	"\353\177\016\257\325B\3168\227\347EH=%3\370\241`t\021"
 875      D542CE38 
 875      97E74548 
 875      3D2533F8 
 875      A1607411 
 876 02d2 B2914A62 		.ascii	"\262\221JbS\216\233;`4\355\375\021o\021\023\333(\027"
 876      538E9B3B 
 876      6034EDFD 
 876      116F1113 
 876      DB2817
 877 02e5 47A0AAEF 		.ascii	"G\240\252\357\330/\230\030\247\363`)g\211~\264e\364"
 877      D82F9818 
 877      A7F36029 
 877      67897EB4 
 877      65F4
 878 02f7 FA5962F9 		.ascii	"\372Yb\371u\234\001n}\017\252\362\270\200e\213\265\234"
 878      759C016E 
 878      7D0FAAF2 
 878      B880658B 
 878      B59C
 879 0309 9D715641 		.ascii	"\235qVAE\271\226\240\236\030ew\321I\250\002\022\247"
 879      45B996A0 
 879      9E186577 
 879      D149A802 
 879      12A7
 880 031b 5909EAE5 		.ascii	"Y\011\352\345n\235\"\006\003\224\277\332\264\375\200"
 880      6E9D2206 
 880      0394BFDA 
 880      B4FD80
 881 032a 9DC85D91 		.ascii	"\235\310]\221\3108T4\3246R\021\036\020tC\345D\277\306"
 881      C8385434 
 881      D4365211 
 881      1E107443 
 881      E544BFC6 
 882 033e DAA4F2D6 		.ascii	"\332\244\362\326l\336\377q\017\335\005;\312\331\223"
 882      6CDEFF71 
 882      0FDD053B 
 882      CAD993
 883 034d 8F158AD3 		.ascii	"\217\025\212\3230\234b\255\200\323\260\0130\235\352"
 883      309C62AD 
 883      80D3B00B 
 883      309DEA
 884 035c 3CE12BCD 		.ascii	"<\341+\315I\310\027\243\022Z\235\021\0111\344+M\003"
 884      49C817A3 
 884      125A9D11 
 884      0931E42B 
 884      4D03
 885 036e 27BD91DF 		.ascii	"'\275\221\337l3\032\020\310\317\300\217o\373\372K\215"
 885      6C331A10 
 885      C8CFC08F 
 885      6FFBFA4B 
 885      8D
 886 037f D93770F0 		.ascii	"\3317p\360\000\234\205\210\230\340s\350\226\240AV\234"
 886      009C8588 
 886      98E073E8 
 886      96A04156 
ARM GAS  /tmp/cc39rV5c.s 			page 28


 886      9C
 887 0390 DBC9E248 		.ascii	"\333\311\342Hvq\224\007\357E\257\330\305\231\370\356"
 887      76719407 
 887      EF45AFD8 
 887      C599F8EE 
 888 03a0 E2E0D301 		.ascii	"\342\340\323\001\347\347\024g\322.\216:\\\276\371\232"
 888      E7E71467 
 888      D22E8E3A 
 888      5CBEF99A 
 889 03b0 640126A2 		.ascii	"d\001&\242J\2627\267\355\336,K\206w|\270\255j\332\016"
 889      4AB237B7 
 889      EDDE2C4B 
 889      86777CB8 
 889      AD6ADA0E 
 890 03c4 DF1CCDB2 		.ascii	"\337\034\315\262\037D6\020\3421\014o\301Q\275\300\323"
 890      1F443610 
 890      E2310C6F 
 890      C151BDC0 
 890      D3
 891 03d5 AADE7E07 		.ascii	"\252\336~\007\230\030\247\362\234\324B1*cj_\330ej\334"
 891      9818A7F2 
 891      9CD44231 
 891      2A636A5F 
 891      D8656ADC 
 892 03e9 1ABBA8B2 		.ascii	"\032\273\250\262\0068\300\005\027!;A3X\227\236\256o"
 892      0638C005 
 892      17213B41 
 892      3358979E 
 892      AE6F
 893 03fb 5404440E 		.ascii	"T\004D\016\242`\334\212<\266e\341\360H\314V4\213\307"
 893      A260DC8A 
 893      3CB665E1 
 893      F048CC56 
 893      348BC7
 894 040e E33DEDA5 		.ascii	"\343=\355\245\302ZA\310]7\336\333\352\025=e\361\367"
 894      C25A41C8 
 894      5D37DEDB 
 894      EA153D65 
 894      F1F7
 895 0420 5D3ADDAC 		.ascii	"]:\335\254\314\351\351%\336\323\177Y=\345\276j\372\236"
 895      CCE9E925 
 895      DED37F59 
 895      3DE5BE6A 
 895      FA9E
 896 0432 FE5B24CB 		.ascii	"\376[$\313\2207L46\250\221\337\212\236f\362\272OLW\353"
 896      90374C34 
 896      36A891DF 
 896      8A9E66F2 
 896      BA4F4C57 
 897 0447 764FE7C1 		.ascii	"vO\347\301e\354)\313\012\276L\355i\237Y\017\325n\252"
 897      65EC29CB 
 897      0ABE4CED 
 897      699F590F 
 897      D56EAA
 898 045a 567BACE6 		.ascii	"V{\254\346\202]\325\003\321\0056\233$w\007Fx4\276\363"
 898      825DD503 
 898      D105369B 
ARM GAS  /tmp/cc39rV5c.s 			page 29


 898      24770746 
 898      7834BEF3 
 899 046e 0A156C34 		.ascii	"\012\025l4\334\326\324\336\330\343\233\303\346+\316"
 899      DCD6D4DE 
 899      D8E39BC3 
 899      E62BCE
 900 047d E6CA6C36 		.ascii	"\346\312l6Zz6\275\202\015C\036\217&\312\265\310\357"
 900      5A7A36BD 
 900      820D431E 
 900      8F26CAB5 
 900      C8EF
 901 048f 53D8F46F 		.ascii	"S\330\364o3\016k\251l\256&\331\\Ke\363\324d\243\331"
 901      330E6BA9 
 901      6CAE26D9 
 901      5C4B65F3 
 901      D464A3D9 
 902 04a3 6C9CDDF1 		.ascii	"l\234\335\361\356\305\026\231\366\350\222\344(\360l"
 902      EEC51699 
 902      F6E892E4 
 902      28F06C
 903 04b2 E64EE8F7 		.ascii	"\346N\350\367bT\301\\\372D.9\250=\370\356\330n'c\251"
 903      6254C15C 
 903      FA442E39 
 903      A83DF8EE 
 903      D86E2763 
 904 04c7 03C07FD8 		.ascii	"\003\300\177\330\030\2049\256k\026n\247\376\"\260\375"
 904      188439AE 
 904      6B166EA7 
 904      FE22B0FD 
 905 04d7 36ACF578 		.ascii	"6\254\365x\353@\340\272\015\353\216\367=\372\241\375"
 905      EB40E0BA 
 905      0DEB8EF7 
 905      3DFAA1FD 
 906 04e7 404517A4 		.ascii	"@E\027\244L4^n\374j\343\021\302\011\234\352\001s\252"
 906      4C345E6E 
 906      FC6AE311 
 906      C2099CEA 
 906      0173AA
 907 04fa A7818971 		.ascii	"\247\201\211q\352L?\325\203\346\240\314\032\343^E\370"
 907      EA4C3FD5 
 907      83E6A0CC 
 907      1AE35E45 
 907      F8
 908 050b 2C443731 		.ascii	",D71\306\270e1\360\210\007\277\217\215\037\340\215\257"
 908      C6B86531 
 908      F08807BF 
 908      8F8D1FE0 
 908      8DAF
 909 051d 7CACA23B 		.ascii	"|\254\242;\025O\315\221\231-Gd\226\271\002\032\014a"
 909      154FCD91 
 909      992D4764 
 909      96B9021A 
 909      0C61
 910 052f 8351BF65 		.ascii	"\203Q\277e\375)\207@s\241\035\032]m\213\356S\204\221"
 910      FD298740 
 910      73A11D1A 
 910      5D6D8BEE 
ARM GAS  /tmp/cc39rV5c.s 			page 30


 910      538491
 911 0542 F18CC27F 		.ascii	"\361\214\302\177\271\031\0065\363t\243\341\254\003\235"
 911      B9190635 
 911      F374A3E1 
 911      AC039D
 912 0551 0545A0F7 		.ascii	"\005E\240\367\223\007\036n\244\013\243\0213\325\\<\267"
 912      93071E6E 
 912      A40BA311 
 912      33D55C3C 
 912      B7
 913 0562 53ED61A9 		.ascii	"S\355a\251\346\362T\237X\251\212\031\345\326\336\377"
 913      E6F2549F 
 913      58A98A19 
 913      E5D6DEFF 
 914 0572 3B94C3D6 		.ascii	";\224\303\326Prc_\372\241\274!*\307\240F7\366\034pG"
 914      5072635F 
 914      FAA1BC21 
 914      2AC7A046 
 914      37F61C70 
 915 0587 5E4BB936 		.ascii	"^K\2716?\335\375\316a)\365\332\274\211C\311\322\200"
 915      3FDDFDCE 
 915      6129F5DA 
 915      BC8943C9 
 915      D280
 916 0599 5B738652 		.ascii	"[s\206R\204\260\207R\037\3351\246[]\236\301\241\034"
 916      84B08752 
 916      1FDD31A6 
 916      5B5D9EC1 
 916      A11C
 917 05ab 484ECFC0 		.ascii	"HN\317\300\363\323\223\025\243x;\302m\221K.\233\210"
 917      F3D39315 
 917      A3783BC2 
 917      6D914B2E 
 917      9B88
 918 05bd A9CF1ACD 		.ascii	"\251\317\032\315\273I\205\021\326\324\371\034\327\323"
 918      BB498511 
 918      D6D4F91C 
 918      D7D3
 919 05cb D61E9D6F 		.ascii	"\326\036\235o\337\236u\313\254\011\0312\223\360\247"
 919      DF9E75CB 
 919      AC091932 
 919      93F0A7
 920 05da E779C7E6 		.ascii	"\347y\307\346Y\027M\234\360E\012\004\317l\226\313`["
 920      59174D9C 
 920      F0450A04 
 920      CF6C96CB 
 920      605B
 921 05ec E384CFE6 		.ascii	"\343\204\317\346\231\003w\223<GSy>\220\314\0206O\357"
 921      99037793 
 921      3C475379 
 921      3E90CC10 
 921      364FEF
 922 05ff E49EF39A 		.ascii	"\344\236\363\232}?\327\275\020\3171\233\347\316\332"
 922      7D3FD7BD 
 922      10CF319B 
 922      E7CEDA
 923 060e 26F1EAE2 		.ascii	"&\361\352\342\000\011\306m\236\276\343\265\207\003\026"
ARM GAS  /tmp/cc39rV5c.s 			page 31


 923      0009C66D 
 923      9EBEE3B5 
 923      870316
 924 061d EE9E343C 		.ascii	"\356\2364<\003\351yN\330<g\232\342\343\020)J\271d\336"
 924      03E9794E 
 924      D83C679A 
 924      E2E31029 
 924      4AB964DE 
 925 0631 A9EC6875 		.ascii	"\251\354hu\244^2\367\222<'\323\361\014\330<\375\323"
 925      A45E32F7 
 925      923C27D3 
 925      F10CD83C 
 925      FDD3
 926 0643 278714FB 		.ascii	"'\207\024\373\335\342;x.\210Q\007\3462e\362\024\267"
 926      DDE23B78 
 926      2E885107 
 926      E63265F2 
 926      14B7
 927 0655 CA420E14 		.ascii	"\312B\016\0248w\364\232\333\276z\323\020\013\246'v\337"
 927      3877F49A 
 927      DBBE7AD3 
 927      100BA627 
 927      76DF
 928 0667 2636796A 		.ascii	"&6yj\260V\213\374)\245\201\267j\366\261k\322n\340\203"
 928      B0568BFC 
 928      29A581B7 
 928      6AF6B16B 
 928      D26EE083 
 929 067b 24B1FFA5 		.ascii	"$\261\377\245#\026\264\211\005\233\007\307lb\355/Fl"
 929      2316B489 
 929      059B07C7 
 929      6C62ED2F 
 929      466C
 930 068d 3A49ECBA 		.ascii	":I\354\272M,4\013\250\323c\342Tm\237\246\"hh\016Vn\214"
 930      4D2C340B 
 930      A8D363E2 
 930      546D9FA6 
 930      2268680E 
 931 06a4 6A88F5B5 		.ascii	"j\210\365\265\211\225\240y\326\177_n\237\201.\010\360"
 931      8995A079 
 931      D67F5F6E 
 931      9F812E08 
 931      F0
 932 06b5 76DA4422 		.ascii	"v\332D\"1\274\323\010<4_4P[m\\\277\353\213\374E\024"
 932      31BCD308 
 932      3C345F34 
 932      505B6D5C 
 932      BFEB8BFC 
 933 06cb E5FBCC7E 		.ascii	"\345\373\314~\367\206\304dr\252\267?\303*\374\000\036"
 933      F786C464 
 933      72AAB73F 
 933      C32AFC00 
 933      1E
 934 06dc 25CBF218 		.ascii	"%\313\362\030\0351D\202\276\304\223\317h\037\252\277"
 934      1D314482 
 934      BEC493CF 
 934      681FAABF 
ARM GAS  /tmp/cc39rV5c.s 			page 32


 935 06ec 0156F6F7 		.ascii	"\001V\366\367\353\262^\344\035\360I\312k\016Ca?\313"
 935      EBB25EE4 
 935      1DF049CA 
 935      6B0E4361 
 935      3FCB
 936 06fe 0C99A148 		.ascii	"\014\231\241HS \211\037V\365\024\304){I%\304_\362FA"
 936      5320891F 
 936      56F514C4 
 936      297B4925 
 936      C45FF246 
 937 0713 51D18FF3 		.ascii	"Q\321\217\363\377\270\372\365\3425k_\316'rYI\301\272"
 937      FFB8FAF5 
 937      E2356B5F 
 937      CE277259 
 937      49C1BA
 938 0726 90B57FB9 		.ascii	"\220\265\177\271pya\341O\177\262\342\347\204\346\277"
 938      707961E1 
 938      4F7FB2E2 
 938      E784E6BF 
 939 0736 512CAF5A 		.ascii	"Q,\257Z\367z>[\376\254\026\257]W\372\352j\245x\315\233"
 939      F77A3E5B 
 939      FEAC16AF 
 939      5D57FAEA 
 939      6AA578CD 
 940 074b AFAEA6B8 		.ascii	"\257\256\246\270:JJW\225\226\225\020\371\017lY[XH\034"
 940      3A4A4A57 
 940      95969510 
 940      F90F6C59 
 940      5B58481C 
 941 075f 6BCB4A8B 		.ascii	"k\313J\213\313J\211\272\346M\366%\227\024\240\234_T"
 941      CB4A89BA 
 941      E64DF625 
 941      9714A09C 
 941      5F54
 942 0771 B06A1DD1 		.ascii	"\260j\035\321\177\267\252\250\254`e\336\2422\217\213"
 942      7FB7AAA8 
 942      AC6065DE 
 942      A2328F8B 
 943 0781 7C0BE48A 		.ascii	"|\013\344\212\232\360"
 943      9AF0
 944              		.text
 945              		.section	.gnu.lto_.symbol_nodes.a5ec596df45108a0,"e",%progbits
 946 0000 789C7590 		.ascii	"x\234u\220\275J\003A\024\205\357\331\331\277\030Q\264"
 946      BD4A0341 
 946      1485EFD9 
 946      D9BF1851 
 946      B4
 947 0011 1122984E 		.ascii	"\021\"\230N[\337A\237\304<\310da*\023P\361\00142\240"
 947      5BDF419F 
 947      C43CC864 
 947      612A1350 
 947      F1013432 
 948 0026 A09D48D0 		.ascii	"\240\235H\320\302\"n\300Bci4\321\230\260vI!H\300*\336"
 948      C2226EC0 
 948      42636934 
 948      D198B076 
 948      492148C0 
ARM GAS  /tmp/cc39rV5c.s 			page 33


 949 003c DD4DB2D5 		.ascii	"\335M\262\325\234\352\343|g\006fv,\"\262\332$\251\314"
 949      9CEAE37C 
 949      67066676 
 949      2C22B2DA 
 949      24A9CC
 950 004f B171D822 		.ascii	"\261q\330\"f\272-\007\3016\201\342Xo$1\341\210\231\275"
 950      66BA2D07 
 950      C13681E2 
 950      586F2431 
 950      E18899BD 
 951 0063 2B07984A 		.ascii	"+\007\230J\364IZ\223i\212\311\200\342\253b\213/\222"
 951      F4495A93 
 951      698AC980 
 951      E2AB628B 
 951      2F92
 952 0075 C2E47A24 		.ascii	"\302\344z$m\223{'\351\230\334'I\327\344\272$=\223\373"
 952      6D937B27 
 952      E998DC27 
 952      49D7E4BA 
 952      243D93FB 
 953 0089 20E99B5C 		.ascii	" \351\233\\\207d\316\340\004Y\351\307\354\316Ia\216"
 953      8764CEE0 
 953      0459E9C7 
 953      ECCE4961 
 953      8E
 954 009a 6186CACD 		.ascii	"a\206\312\315\332\014\225\227\265\031\252\005\001\272"
 954      DA0C9597 
 954      B519AA05 
 954      01BA
 955 00a8 18F69E08 		.ascii	"\030\366\236\010g\020p^\217O\257\005\264+\220\373=\252"
 955      6710705E 
 955      8F4FAF05 
 955      B42B90FB 
 955      3DAA
 956 00ba B6293E06 		.ascii	"\266)>\006\357\352D\215\011\232\267N\212a\236\261\362"
 956      EFEA448D 
 956      099AB74E 
 956      8A619EB1 
 956      F2
 957 00cb B0FFC2B8 		.ascii	"\260\377\302\270$\3407k\315-\350\345\031EL^\255\373"
 957      24E0376B 
 957      CD2DE8E5 
 957      19454C5E 
 957      ADFB
 958 00dd B709BDCA 		.ascii	"\267\011\275\312\303\204\3025\001w\250G\213\320\005"
 958      C384C235 
 958      0177A847 
 958      8BD005
 959 00ec EE6EEAD5 		.ascii	"\356n\352\325\002\"&\367\347\262\345#\\\347.\254\334"
 959      022226F7 
 959      E7B2E523 
 959      5CE72EAC 
 959      DC
 960 00fd AF406D08 		.ascii	"\257@m\010\330\343\307\201\203\210\311ynt\362\320E\356"
 960      D8E3C781 
 960      8388C979 
 960      6E74F2D0 
ARM GAS  /tmp/cc39rV5c.s 			page 34


 960      45EE
 961 010f CEFB2307 		.ascii	"\316\373#\007jO@$\0242YiW\3427\324\007\007\337@\243"
 961      6A4F4024 
 961      14325969 
 961      57E237D4 
 961      0707DF40 
 962 0124 44FF607D 		.ascii	"D\377`}\315\275"
 962      CDBD
 963              		.text
 964              		.section	.gnu.lto_.refs.a5ec596df45108a0,"e",%progbits
 965 0000 789C6364 		.ascii	"x\234cd\000\002\000\000\012\000\002"
 965      00020000 
 965      0A0002
 966              		.text
 967              		.section	.gnu.lto_.decls.a5ec596df45108a0,"e",%progbits
 968 0000 789C7D58 		.ascii	"x\234}XkT\024G\026\356\333=03\315S\305h$\353rr\334,"
 968      6B541447 
 968      16EEDB3D 
 968      3033CD53 
 968      C56824EB 
 969 0018 BB1B4571 		.ascii	"\273\033Eq\217I\366\344\354\272I6\306\223Md\327d\177"
 969      8F49F6E4 
 969      ECBA4936 
 969      C6934D64 
 969      D7647F
 970 002b E48F079D 		.ascii	"\344\217\007\235Q8\007\301\300\220\315\376\332\006\202"
 970      513807C1 
 970      C090CDFE 
 970      DA0682
 971 003a A0820115 		.ascii	"\240\202\001\025\005|\200\217(\212(1(\012\002\003\250"
 971      057C808F 
 971      288A2831 
 971      280A0203 
 971      A8
 972 004b BC05E521 		.ascii	"\274\005\345!o\220\207 \242\"\202\342\013\366VU\367"
 972      6F908720 
 972      A22282E2 
 972      0BF65655 
 972      F7
 973 005c D01D323B 		.ascii	"\320\0352;\207\333\335U\365\325\275\337w\253\372N\015"
 973      87DBDD55 
 973      F5D5BDDF 
 973      77ABFA4E 
 973      0D
 974 006d AF3C386E 		.ascii	"\257<8n\0008\256\001m\012?\002\307q7\320f\241\025\243"
 974      0038AE01 
 974      6D0A3F02 
 974      C77137D0 
 974      66A115A3 
 975 0081 55A2D5A1 		.ascii	"U\242\325\2415\242\265\240u\242\365\242mB\373\012\255"
 975      35A2B5A0 
 975      75A2F5A2 
 975      6D42FB0A 
 975      AD
 976 0092 1F6D086D 		.ascii	"\037m\010m\030m\024m\034\355\031Z-Z\037\307>\"\232\016"
 976      186D146D 
 976      1CED195A 
ARM GAS  /tmp/cc39rV5c.s 			page 35


 976      2D5A1FC7 
 976      3E229A0E 
 977 00a6 FD3BA1CD 		.ascii	"\375;\241\315F[\200\366k\264\267\321\226\241\375\011"
 977      465B80F6 
 977      6BB4B7D1 
 977      96A1FD09 
 978 00b6 ED2F687F 		.ascii	"\355/h\177\005n\306\307\310s\234;\336\003\320f\243y"
 978      056EC6C7 
 978      C8739C3B 
 978      DE03D066 
 978      A379
 979 00c8 C8BC3E00 		.ascii	"\310\274>\000\306\343C\274\317\002\306\353#`|\377\006"
 979      C6E343BC 
 979      CF02C6EB 
 979      23607CFF 
 979      06
 980 00d9 8CEBC7C0 		.ascii	"\214\353\307\300x\257\222\375\3622\217\331\277\020g"
 980      78AF92FD 
 980      F2328FD9 
 980      BF1067
 981 00e8 1E0EFEE6 		.ascii	"\036\016\376\346gq6\311\261\024\235D\327<`\272\034\321"
 981      677136C9 
 981      B1149D44 
 981      D73C60BA 
 981      1CD1
 982 00fa 5603D3FD 		.ascii	"V\003\323\375)\336\005\264\277\003\323M\362\365\007"
 982      29DE05B4 
 982      BF03D34D 
 982      F2F507
 983 0109 7CFE0CED 		.ascii	"|\376\014\355=`9\371\034\357k\320\376\214\346\207\266"
 983      3D6039F9 
 983      1CEF6BD0 
 983      FE8CE687 
 983      B6
 984 011a 1458BEFE 		.ascii	"\024X\276\376\201\367\177\242-D[\213\366:0m$\247_\310"
 984      81F77FA2 
 984      2D445B8B 
 984      F63A306D 
 984      24A75FC8 
 985 012e DA941C92 		.ascii	"\332\224\034\222\374\351\344\274\375U\225\267er>\027"
 985      FCE9E4BC 
 985      FD5595B7 
 985      65723E17 
 986 013e D8D1B65F 		.ascii	"\330\321\266_\200\316\310\203\023\316\273\004\230-\202"
 986      80CEC883 
 986      13CEBB04 
 986      982D82
 987 014d 0E9B7B2A 		.ascii	"\016\233{*s*Dlz\210\340\205\315\206\276\037\012\014"
 987      732A446C 
 987      7A88E085 
 987      CD86BE1F 
 987      0A0C
 988 015f 020F0439 		.ascii	"\002\017\0049\332\036\227\356\352\223%\261\217\341\367"
 988      DA1E97EE 
 988      EA9325B1 
 988      8FE1F7
 989 016e 1C5C0081 		.ascii	"\034\\\000\201\272\361t\"\343\211S\307\032\214\202\017"
ARM GAS  /tmp/cc39rV5c.s 			page 36


 989      BAF17422 
 989      E38953C7 
 989      1A8C820F 
 990 017e C5BEF8BE 		.ascii	"\305\276\370\276\275J\020\226\323\347\2163#\245\374"
 990      BD4A1096 
 990      D3E78E33 
 990      23A5FC
 991 018d 9C59F309 		.ascii	"\234Y\363\011\022.\201\000y0\007r\301G&\220y \377\221"
 991      122E8100 
 991      79300772 
 991      C1472690 
 991      7920FF91 
 992 01a1 614E22F3 		.ascii	"aN\"\363\312\333C\325\336\351juv\336.I\221\2225J2~\002"
 992      CADB43D5 
 992      DEE96A75 
 992      76DE2E49 
 992      9192354A 
 993 01b8 F9387C1E 		.ascii	"\3718|\036<!\007<q\302ep\2468\276\251\252j\217\021\026"
 993      3C21073C 
 993      71C26570 
 993      A638BEA9 
 993      AA6A8F11 
 994 01cd CD394291 		.ascii	"\3159B\221])\213R\317=\222\244]K\011\002.\242\333B\315"
 994      5D298B52 
 994      CF3D92A4 
 994      5D4B0902 
 994      2EA2DB42 
 995 01e2 3C1F7259 		.ascii	"<\037rY\206\027\032\337*|\302\251\006\013\031\003(\200"
 995      86171ADF 
 995      2A7CC2A9 
 995      060B1903 
 995      2880
 996 01f4 45328B94 		.ascii	"E2\213\224\263\227~r\021,T\326\331'\017V\315\2319\015"
 996      B3977E72 
 996      112C54D6 
 996      D9270F56 
 996      CD99390D 
 997 0208 8AE420DA 		.ascii	"\212\344 \332\231\235\326\304\026\015\177\253\206G1"
 997      999DD6C4 
 997      160D7FAB 
 997      864731
 998 0217 E54F6E88 		.ascii	"\345On\210\355;^\371\037\266\"\236\330\032*)j\340\305"
 998      ED3B5EF9 
 998      1FB6229E 
 998      D81A2A29 
 998      6AE0C5
 999 022a 581A284A 		.ascii	"X\032(J\232\375\011\351\237\236X\012\"Q\001%\330B\360"
 999      9AFD09E9 
 999      9F9E580A 
 999      22510125 
 999      D842F0
 1000 023d C0D6EA49 		.ascii	"\300\326\352I=\233\373\0066\253_\026\027:\263\325\354"
 1000      3D9BFB06 
 1000      36AB5F16 
 1000      173AB3D5 
 1000      EC
 1001 024e 066C374E 		.ascii	"\006l7N\024<w\026\266\001\021 \364\026\237\212u\001"
ARM GAS  /tmp/cc39rV5c.s 			page 37


 1001      143C7716 
 1001      B6011120 
 1001      F4169F8A 
 1001      7501
 1002 0260 D113D019 		.ascii	"\321\023\320\031\304\022f\351Q\261\216\3639X\356\011"
 1002      C41266E9 
 1002      51B18EF3 
 1002      3958EE09 
 1003 0270 4B51C835 		.ascii	"KQ\3105\024RF\334\227#\240\002\375\247H\006\332\221"
 1003      145246DC 
 1003      9723A002 
 1003      FDA74806 
 1003      DA91
 1004 0282 22217AE4 		.ascii	"\"!z\344\277\364\031\2356E_\2161\314N \004\311\005\200"
 1004      BFF4199D 
 1004      36455F8E 
 1004      31CC4E20 
 1004      04C90580 
 1005 0296 0CC0559C 		.ascii	"\014\300U\234t\205R\254\204\331\214'{\306\031\271\265"
 1005      748552AC 
 1005      84D98C27 
 1005      7BC619B9 
 1005      B5
 1006 02a7 29FB1C19 		.ascii	")\373\034\031KGl\246\327\327\265\272\330UX-+\254b\012"
 1006      4B476CA6 
 1006      D7D7B5BA 
 1006      D855582D 
 1006      2BAC620A 
 1007 02bb BB538EED 		.ascii	"\273S\216\355\225\347\352\261ycwk\227\221)|\027\233"
 1007      95E7EAB1 
 1007      7963776B 
 1007      9791297C 
 1007      179B
 1008 02cd ED43A507 		.ascii	"\355C\245\007\335fp\271\216\316j\250\263Z\302\245\232"
 1008      DD6670B9 
 1008      8ECE6AA8 
 1008      B35AC2A5 
 1008      9A
 1009 02de 724174D4 		.ascii	"rAt\324\304\231L'\365\242\340\260*r\035[\224:\272(Y"
 1009      C4994C27 
 1009      F5A2E0B0 
 1009      2A721D5B 
 1009      943ABA28 
 1010 02f3 17E2F6CB 		.ascii	"\027\342\366\313\231\235O\336\223\303O\016\270\331\345"
 1010      999D4FDE 
 1010      93C34F0E 
 1010      B8D9E5
 1011 0302 7C53E67C 		.ascii	"|S\346|\203qN\177xvD\307\346\276\216\315\261Qk\201\374"
 1011      83714E7F 
 1011      787644C7 
 1011      E6BE8ECD 
 1011      B1516B81 
 1012 0317 8E959355 		.ascii	"\216\225\223U\211=t,V7\203t\003z\253\247\336\032\011"
 1012      893D742C 
 1012      56378374 
 1012      037AABA7 
 1012      DE1A09
ARM GAS  /tmp/cc39rV5c.s 			page 38


 1013 032a E99B2C81 		.ascii	"\351\233,\201\2154\201i\345\355\235\006\346p\0016\037"
 1013      8D348169 
 1013      E5ED9D06 
 1013      E6700136 
 1013      1F
 1014 033b 9FBC57E3 		.ascii	"\237\274W\343l\227\314-\231L\023#\223\224\032W\346\302"
 1014      6C97CC2D 
 1014      994C1323 
 1014      93941A57 
 1014      E6C2
 1015 034d A23793E8 		.ascii	"\2427\223\350\243\015\307\223\304\031\321\233\201\355"
 1015      A30DC793 
 1015      C419D19B 
 1015      81ED
 1016 035b 290E5A48 		.ascii	")\016ZH\364[,z\013\215\236\177xk\251\274\004\256\330"
 1016      F45B2C7A 
 1016      0B8D9E7F 
 1016      786BA9BC 
 1016      04AED8
 1017 036e 3C32FA38 		.ascii	"<2\3728S\264\033\275M\216\336\312\242[\263w\327\313"
 1017      53B41BBD 
 1017      4D8EDECA 
 1017      A25BB377 
 1017      D7CB
 1018 0380 6974C366 		.ascii	"it\303f\\|\322S7Ff\202\014\347%\367\235s\232A\246\003"
 1018      5C7CD253 
 1018      37466682 
 1018      0CE725F7 
 1018      9D739A41 
 1019 0396 BDB5536F 		.ascii	"\275\265So\235\204L\033#\323I\311\024M\355-\222sk\300"
 1019      9D844C1B 
 1019      23D349C9 
 1019      144DED2D 
 1019      92736BC0 
 1020 03aa 66CF4F17 		.ascii	"f\317O\027\313\354\357\245n\231L\027#\323[\233\266\025"
 1020      CBECEFA5 
 1020      6E994C17 
 1020      23D35B9B 
 1020      B615
 1021 03bc D85C2336 		.ascii	"\330\\#6\253\366\327E(\353B\206\247^5\034q\234A\246"
 1021      ABF6D745 
 1021      28EB4286 
 1021      A75E351C 
 1021      719C41A6 
 1022 03d0 07BDDDA6 		.ascii	"\007\275\335\246\336z\011\231nF\246\227\222\231\334"
 1022      DE7A0999 
 1022      6E46A697 
 1022      9299DC
 1023 03df DF16E1A8 		.ascii	"\337\026\341\250\336Pd\302t\370>\271J\301\320`t\214"
 1023      DE5064C2 
 1023      74F83EB9 
 1023      4AC1D060 
 1023      748C
 1024 03f1 4E8DC311 		.ascii	"N\215\303\021\025\256\237m\274~\272\361\252\256\015"
 1024      15AE9F6D 
 1024      BC7EBAF1 
 1024      AAAE0D
ARM GAS  /tmp/cc39rV5c.s 			page 39


 1025 0400 A40A8CA4 		.ascii	"\244\012\214\244\0236/|?\326m\177\343\015\310\002\357"
 1025      13362F7C 
 1025      3FD66D7F 
 1025      E30DC802 
 1025      EF
 1026 0411 308127C7 		.ascii	"0\201'\307w\356\027\331\\\342*\257\261\352\210\253\\"
 1026      77EE17D9 
 1026      5CE22AAF 
 1026      B1EA88AB 
 1026      5C
 1027 0422 0EE85638 		.ascii	"\016\350V8\025\2274s\343\335Eo\203\324\333\020\0218"
 1027      15973473 
 1027      E3DD456F 
 1027      83D4DB10 
 1027      1138
 1028 0434 C0040E51 		.ascii	"\300\004\016Q\2015W\353\223\365\302NV@j\006S\337\005"
 1028      813557EB 
 1028      93F5C24E 
 1028      56406A06 
 1028      53DF05
 1029 0447 23AB1F31 		.ascii	"#\253\0371\254~$\270\203\255~\334\303\3721\014F\016"
 1029      AC7E24B8 
 1029      83AD7EDC 
 1029      C3FA310C 
 1029      460E
 1030 0459 EE23E081 		.ascii	"\356#\340\201\\?H\007\255\037\356ll\230f\276\251\343"
 1030      5C3F4807 
 1030      AD1FEE6C 
 1030      6C9866BE 
 1030      A9E3
 1031 046b 68BABC10 		.ascii	"h\272\274\020\016\330\214\2717Ub\260\253qD\326\370\220"
 1031      0ED88CB9 
 1031      375562B0 
 1031      AB7144D6 
 1031      F890
 1032 047d 692CCD6D 		.ascii	"i,\315m\273\3133QK\261\331r=\367\353\031\222\036\001"
 1032      BBCB3351 
 1032      4BB1D972 
 1032      3DF7EB19 
 1032      921E01
 1033 0490 AB1F1C8C 		.ascii	"\253\037\034\214\022I#L\322(\225\024\331x:\327\225\305"
 1033      1249234C 
 1033      D2289514 
 1033      D9783AD7 
 1033      95C5
 1034 04a2 16B0792C 		.ascii	"\026\260y,\371i\233\375\335<&\307~\314b7E\016\324\317"
 1034      F9699BFD 
 1034      DD3C26C7 
 1034      7ECC6237 
 1034      450ED4CF 
 1035 04b6 DC21D3F0 		.ascii	"\334!\323\360q\022m\214E\033\247\321\254\335\361\317"
 1035      71126D8C 
 1035      451BA7D1 
 1035      ACDDF1CF 
 1036 04c6 C86ABE21 		.ascii	"\310j\276!\302\024y\373\312\036\336o\000\326\246\013"
 1036      C21479FB 
 1036      CA1EDE6F 
ARM GAS  /tmp/cc39rV5c.s 			page 40


 1036      00D6A60B 
 1037 04d6 969671C5 		.ascii	"\226\226q\305E\330C\363\013\215-/\023(\225\237W\346"
 1037      45D843F3 
 1037      0B8D2D2F 
 1037      1328959F 
 1037      57E6
 1038 04e8 09A013C8 		.ascii	"\011\240\023\3107\314S\214\365\204|\355<\003\221\250"
 1038      37CC538C 
 1038      F5847CED 
 1038      3C0391A8 
 1039 04f8 AF3E95E6 		.ascii	"\257>\225\346\320\217\273\221''\002\023\022j^\201\027"
 1039      D08FBB91 
 1039      27270213 
 1039      126A5E81 
 1039      17
 1040 0509 91FB4AE0 		.ascii	"\221\373J\340<$^\342\035M\002/\012\242`\022\313a\241"
 1040      3C245EE2 
 1040      1D4D022F 
 1040      0AA26012 
 1040      CB61A1
 1041 051c F798B0D2 		.ascii	"\367\230\260\322\300{\273\211\206\214Rp\027\035\014"
 1041      C07BBB89 
 1041      868C5270 
 1041      171D0C
 1042 052b 3C3FA837 		.ascii	"<?\2507\211\336\317\3414\237\356\350\265R\322\231\342"
 1042      89DECFE1 
 1042      349FEEE8 
 1042      B552D299 
 1042      E2
 1043 053c E60EEA25 		.ascii	"\346\016\352%>\341s\217\345+\361:\250/\007\023\316\362"
 1043      3EE1738F 
 1043      E52BF13A 
 1043      A82F0713 
 1043      CEF2
 1044 054e D319DCF1 		.ascii	"\323\031\334\361iP/\216\011\351\361\216\246\032>\366"
 1044      69502F8E 
 1044      09E9F18E 
 1044      A61A3EF6 
 1045 055e B758CB44 		.ascii	"\267X\313D\223\257\007\246a\245\301\260\320\255D(\021"
 1045      93AF07A6 
 1045      61A5C1B0 
 1045      D0AD4428 
 1045      11
 1046 056f 3EE63883 		.ascii	">\3468\203!\373\314\\qP\357\206.\274M^\356&/\267rp0"
 1046      21FBCC5C 
 1046      7150EF86 
 1046      2EBC4D5E 
 1046      EE262FB7 
 1047 0586 99440F6F 		.ascii	"\231D\017o\016I\230|}W\362\"z\326\031\312\301W\000g"
 1047      0E49987C 
 1047      7D57F222 
 1047      7AD619CA 
 1047      C1570067 
 1048 059a 5FE9F6BD 		.ascii	"_\351\366\275y\"\210\306\205^\336\034g\342>\346\321"
 1048      792288C6 
 1048      855EDE1C 
 1048      67E23EE6 
ARM GAS  /tmp/cc39rV5c.s 			page 41


 1048      D1
 1049 05ab AF30A57C 		.ascii	"\2570\245|@\2171M\323M\000o\221\367\345\205O\007\365"
 1049      408F314D 
 1049      D34D006F 
 1049      91F7E585 
 1049      4F07F5
 1050 05be 788AE3BD 		.ascii	"x\212\343\2758N\322\031\234\235A\302\233q\335\247&?"
 1050      384ED219 
 1050      9C9D41C2 
 1050      9B71DDA7 
 1050      263F
 1051 05d0 5F911BD4 		.ascii	"_\221\033\324\3638\344\241\003\211\207\351\231\242#"
 1051      F338E4A1 
 1051      038987E9 
 1051      99A223
 1052 05df 07DC6507 		.ascii	"\007\334e\007v\016\002\362\007\344\217]8\322\340\324"
 1052      760E02F2 
 1052      07E48F5D 
 1052      38D2E0D4 
 1053 05ef 61683F41 		.ascii	"ah?Abb)\232\343\224^\333M~f\000\346\207\227\017Z\000"
 1053      6262299A 
 1053      E3945EDB 
 1053      4D7E6600 
 1053      E687970F 
 1054 0605 4A104E1E 		.ascii	"J\020N\036U9\237\346 \363P\374(qT\034\247\271r\274\034"
 1054      55399FE6 
 1054      20F350FC 
 1054      2871541C 
 1054      A7B972BC 
 1055 061a 9257CFA1 		.ascii	"\222W\317\241\3634\304\247]r6\267\012%\016l\347\300"
 1055      F334C4A7 
 1055      5D7236B7 
 1055      0A250E6C 
 1055      E7C0
 1056 062c 67716315 		.ascii	"gqc\025\256w\240/\202l\346\226\276\3278\230\233\260"
 1056      AE77A02F 
 1056      826CE696 
 1056      BED73898 
 1056      9BB0
 1057 063e 92A3FBB0 		.ascii	"\222\243\373\260}\240x\267(\344\260M\331\026\375\343"
 1057      7DA078B7 
 1057      28E4B04D 
 1057      D916FDE3 
 1058 064e 4E904F73 		.ascii	"N\220Os\034\274\322\034\322\3566e\265\350\224\223\036"
 1058      1CBCD21C 
 1058      D2EE3665 
 1058      B5E89493 
 1058      1E
 1059 065f 39076987 		.ascii	"9\007i\207\037\266V$j\252\343\244\346\0144\245T\307"
 1059      1FB65624 
 1059      6AAAE3A4 
 1059      E60C34A5 
 1059      54C7
 1060 0671 81B1EA4A 		.ascii	"\201\261\352J\275\216g]\020\242#}[\257&\344\273\260"
 1060      BD8E675D 
 1060      10A2237D 
 1060      5BAF26E4 
ARM GAS  /tmp/cc39rV5c.s 			page 42


 1060      BBB0
 1061 0683 B794C7E6 		.ascii	"\267\224\307\346\341\306\272H`/\275;6#\232\3332\\\347"
 1061      E1C6BA48 
 1061      602FBD3B 
 1061      36239ADB 
 1061      325CE7
 1062 0696 2511EAD9 		.ascii	"%\021\352\331Q\222;\017\001\257A$\357\011\021<q\034"
 1062      51923B0F 
 1062      01AF4124 
 1062      EF09113C 
 1062      711C
 1063 06a8 C5CFE370 		.ascii	"\305\317\343p\361u\314{\314\255\334\255\374\233\351"
 1063      F175CC7B 
 1063      CCADDCAD 
 1063      FC9BE9
 1064 06b7 92B55BB2 		.ascii	"\222\265[\262\326^\\\332\020\025#\325\221\211@\201\360"
 1064      D65E5CDA 
 1064      101523D5 
 1064      91894081 
 1064      F0
 1065 06c8 1269CB94 		.ascii	"\022i\313\224\3113\007/\260\230\302s,\306\236E:\016"
 1065      C933072F 
 1065      B098C273 
 1065      2CC69E45 
 1065      3A0E
 1066 06da BEE3DF44 		.ascii	"\276\343\337D\037\255\217\307o\033\205\233,#\331\326"
 1066      1FAD8FC7 
 1066      6F1B859B 
 1066      2C23D9D6 
 1067 06ea A3771C28 		.ascii	"\243w\034(\335~\033\335G\317;r\234i\337W\"l\345i\337"
 1067      DD7E1BDD 
 1067      47CF3B72 
 1067      9C69DF57 
 1067      226CE569 
 1068 06ff 899ED831 		.ascii	"\211\236\3301\007\233\254\030\326\23102\231\341B;79"
 1068      079BAC18 
 1068      D6993032 
 1068      99E1423B 
 1068      3739
 1069 0711 432CEBCB 		.ascii	"C,\353\313+\355|%\330U\263\235\250\331\246\250)\030"
 1069      2BED7C25 
 1069      D855B39D 
 1069      A8D9A6A8 
 1069      2918
 1070 0723 7F3AE580 		.ascii	"\177:\345\200j\272Q\315\365\215\007$k$\316\322\021\020"
 1070      6ABA51CD 
 1070      F58D0724 
 1070      6B24CED2 
 1070      1110
 1071 0735 44F3D34A 		.ascii	"D\363\323J\360Y\255\244\025[;\250\222\303\367\017\326"
 1071      F059ADA4 
 1071      155B3BA8 
 1071      92C3F70F 
 1071      D6
 1072 0746 B908AD4C 		.ascii	"\271\010\255LI\337\355'\023\266\202\263\375\377\035"
 1072      49DFED27 
 1072      13B682B3 
ARM GAS  /tmp/cc39rV5c.s 			page 43


 1072      FDFF1D
 1073 0755 0511BCBD 		.ascii	"\005\021\274\275\360\350\260A\275\232\361\274\272\364"
 1073      F0E8B041 
 1073      BD9AF1BC 
 1073      BAF4
 1074 0763 EDE4E5D5 		.ascii	"\355\344\345\325\274n}\362\322\215*\244]\344\300\220"
 1074      BC6E7DF2 
 1074      D28D2AA4 
 1074      5DE4C090 
 1075 0773 1BAD5ADF 		.ascii	"\033\255Z\337\357\231\350\344\303ig4K\210\211\233\026"
 1075      EF99E8E4 
 1075      C3696734 
 1075      4B88899B 
 1075      16
 1076 0784 9D484427 		.ascii	"\235HD'(\242\223weHND4\326\350\256\313\213\306/J\337"
 1076      28A29377 
 1076      65484E44 
 1076      34D6E8AE 
 1076      CB8BC62F 
 1077 079a 39500CC4 		.ascii	"9P\014\304\2514\3433\333\244\273\250\322\201\242\223"
 1077      A934E333 
 1077      DBA4BBA8 
 1077      D281A293 
 1078 07aa 152E423C 		.ascii	"\025.B<\373-s\364|V\0069w\274\205exJP\325\341\267X\035"
 1078      FB2D73F4 
 1078      7C560639 
 1078      77BC8565 
 1078      784A50D5 
 1079 07c2 2E4C6CBB 		.ascii	".Ll\273#\012\311\014\374\240\1772\031X"
 1079      230AC90C 
 1079      FCA07F32 
 1079      1958
 1080 07d0 5A909AE8 		.ascii	"Z\220\232\350\315\331\210\301^\236N!\2258\011\373\366"
 1080      CDD988C1 
 1080      5E9E4E21 
 1080      953809FB 
 1080      F6
 1081 07e1 F0343505 		.ascii	"\36045\005\351\337e\262\225\336\2079a;\342\2205)\311"
 1081      E9DF65B2 
 1081      95DE8739 
 1081      613BE290 
 1081      3529C9
 1082 07f4 A8D687DF 		.ascii	"\250\326\207\337|*\201)D`\262\"\360V\343\266x7Y`m\365"
 1082      7C2A8129 
 1082      4460B222 
 1082      F056E3B6 
 1082      78375960 
 1083 080a FBC97131 		.ascii	"\373\311q1V?\212\201\335*\201\273\025\201\251T`z\351"
 1083      563F8A81 
 1083      DD2A81BB 
 1083      1581A954 
 1083      607AE9
 1084 081d AB074E42 		.ascii	"\253\007NB\021\343\034\333\266+B\244\024H\034F\341^"
 1084      11E31CDB 
 1084      B62B42A4 
 1084      14481C46 
 1084      E15E
ARM GAS  /tmp/cc39rV5c.s 			page 44


 1085 082f FEEE1837 		.ascii	"\376\356\0307\033\255\003,\3575\343\247\312\014\366"
 1085      1BAD032C 
 1085      EF35E3A7 
 1085      CA0CF6
 1086 083e 791D22BC 		.ascii	"y\035\"\274\016*\274\0063_\325\201\314kt\376\001\251"
 1086      0E2ABC06 
 1086      335FD581 
 1086      CC6B74FE 
 1086      01A9
 1087 0850 842700D8 		.ascii	"\204'\000\330\257\"\265_!\225FI\215\244\015\357q\022"
 1087      AF22B55F 
 1087      21954649 
 1087      8DA40DEF 
 1087      7112
 1088 0862 2A19A9E8 		.ascii	"*\031\251\350}\333\253\005\341\006k\234\332{\372\021"
 1088      7DDBAB05 
 1088      E1066B9C 
 1088      DA7BFA11 
 1089 0872 7945E030 		.ascii	"yE\3400\235A\250\234\275\273\303Qhb\303=\335;\217\003"
 1089      9D41A89C 
 1089      BDBBC351 
 1089      6862C33D 
 1089      DD3B8F03 
 1090 0886 193E4AB6 		.ascii	"\031>J\266\356\021F6;\302z\302Ehc\210\336\255\215\205"
 1090      EE114636 
 1090      3BC27AC2 
 1090      45686388 
 1090      DEAD8D85 
 1091 089a 4E04F103 		.ascii	"N\004\361\003A\034c\010\315n\223u'\\\254(\022m}'\030"
 1091      411C6308 
 1091      CD6E9375 
 1091      275CAC28 
 1091      126D7D27 
 1092 08af 70AC3DE5 		.ascii	"p\254=\345\262\203\320\313\\\025\214wT\360\304\325I"
 1092      B283D0CB 
 1092      5C158C77 
 1092      54F0C4D5 
 1092      49
 1093 08c0 854B5E5C 		.ascii	"\205K^\\\351#\361\227\267#\234B\017\220I\022\223\241"
 1093      E923F197 
 1093      B7239C42 
 1093      0F904912 
 1093      93A1
 1094 08d2 24E6D99D 		.ascii	"$\346\331\235\310^\201$\006\353J[\207\357\225\250\364"
 1094      C85E8124 
 1094      06EB4A5B 
 1094      87EF95A8 
 1094      F4
 1095 08e3 0CC91A21 		.ascii	"\014\311\032!\351\206\004\002\204t%Ap\234\314MWrt\232"
 1095      E9860402 
 1095      84742541 
 1095      709CCC4D 
 1095      5772749A 
 1096 08f7 E668B2B9 		.ascii	"\346h\262\271\377\226^H\020(\225\273=\015%<%\213\337"
 1096      FF965E48 
 1096      102895BB 
 1096      3D0D253C 
ARM GAS  /tmp/cc39rV5c.s 			page 45


 1096      258BDF
 1097 090a E8B28088 		.ascii	"\350\262\200\210'9\355N\266\205;#W\216]wo\272\331_\270"
 1097      2739ED4E 
 1097      B6853B23 
 1097      578E5D77 
 1097      6FBAD95F 
 1098 091f 6CC2EFAC 		.ascii	"l\302\357\254\302/\361\361\371Vgy\341\252\252\275R\330"
 1098      C22FF1F1 
 1098      F9566779 
 1098      E1AAAABD 
 1098      52D8
 1099 0931 1B8318C8 		.ascii	"\033\203\030\310R\255]\226\302\353G\312+\177t2A\020"
 1099      52AD5D96 
 1099      C2EB47CA 
 1099      2B7F7432 
 1099      4110
 1100 0943 D2ECF37A 		.ascii	"\322\354\363z\361\242\261\315H\373\310\371\365'\306"
 1100      F1A2B1CD 
 1100      48FBC8F9 
 1100      F527C6
 1101 0952 6BBCF840 		.ascii	"k\274\370@\0359\220;\212\364\333\226\374Hk\332W\366"
 1101      1D39903B 
 1101      8AF4DB96 
 1101      FC486BDA 
 1101      57F6
 1102 0964 0EEB216C 		.ascii	"\016\353!l\277%?:\236\215\344\350\204\014\346\272*f"
 1102      BF253F3A 
 1102      9E8DE4E8 
 1102      840CE6BA 
 1102      2A66
 1103 0976 E2BEFAE7 		.ascii	"\342\276\372\347\213\352\307t.O\247\221\367\353\002"
 1103      8BEAC774 
 1103      2E4FA791 
 1103      F7EB02
 1104 0985 4A3BCFDE 		.ascii	"J;\317\336\257\326\321=\251.j\351\027yu\261\270D\244"
 1104      AFD6D13D 
 1104      A92E6AE9 
 1104      177975B1 
 1104      B844A4
 1105 0998 E728D2A3 		.ascii	"\347(\322\243\233r\342\214\262\364\262\007\336{\243"
 1105      9B72E28C 
 1105      B2F4B207 
 1105      DE7BA3
 1106 09a7 E8BB8418 		.ascii	"\350\273\204\0308\247\222~N\221\236G\245wl\213ip\025"
 1106      38A7927E 
 1106      4E919E47 
 1106      A5776C8B 
 1106      697015
 1107 09ba AE0976DF 		.ascii	"\256\011v\337\245\301\361\261\014W[:.3\351w\352\006"
 1107      A5C1F1B1 
 1107      0C575B3A 
 1107      2E33E977 
 1107      EA06
 1108 09cc 7788760B 		.ascii	"w\210v\013w!\241U\240\320\032\311<q\335\305\366\212"
 1108      7721A155 
 1108      A0D01AC9 
 1108      3C71DDC5 
ARM GAS  /tmp/cc39rV5c.s 			page 46


 1108      F68A
 1109 09de BF9DC25E 		.ascii	"\277\235\302^q\304@\276\212V\276B\253\210\322\312\353"
 1109      71C440BE 
 1109      8A56BE42 
 1109      AB88D2CA 
 1109      EB
 1110 09ef EE197611 		.ascii	"\356\031v\021\232\031\255\035M#yJ\221(Y@_F\362\005f"
 1110      9A19AD1D 
 1110      4D23794A 
 1110      91285940 
 1110      5F46F205 
 1111 0a04 554DB72A 		.ascii	"UM\267*\323\213\351\364\244K;F]\324%\233\224\314\351"
 1111      D38BE9F4 
 1111      A44B3B46 
 1111      5DD4259B 
 1111      94CCE9
 1112 0a17 925D424B 		.ascii	"\222]BK6\271\221\267\253\274\364\231\253\032\333\253"
 1112      36B991B7 
 1112      ABBCF499 
 1112      AB1ADBAB 
 1113 0a27 F96D5CCA 		.ascii	"\371m\\\312\260\245\024\2338\2345&\250\261\235\032\354"
 1113      B0A5149B 
 1113      389C3526 
 1113      A8B19D1A 
 1113      EC
 1114 0a38 1586BD42 		.ascii	"\025\206\275B\261\315\343\361\365F5\266R\203\275\312"
 1114      B1CDE3F1 
 1114      F54635B6 
 1114      5283BDCA 
 1115 0a48 B0572976 		.ascii	"\260W)v{qf\007\250\261-\032\3545\206\275F\261\267\333"
 1115      7B716607 
 1115      A8B12D1A 
 1115      EC3586BD 
 1115      46B1B7DB 
 1116 0a5c 2653351C 		.ascii	"&S5\034\0325\3302\206-#X!\373\362\3515\344G\013\371"
 1116      1A35D832 
 1116      862D2358 
 1116      21FBF2E9 
 1116      35E4470B 
 1117 0a71 DF07FD31 		.ascii	"\337\007\3751\"%\036y\037*x\221\213\225\327N]\3449:"
 1117      22251E79 
 1117      1F2A7891 
 1117      8B95D74E 
 1117      5DE4393A 
 1118 0a85 02E5D8AC 		.ascii	"\002\345\330\254\344=\345\377~\340\306f\335x!\277\312"
 1118      E43DE5FF 
 1118      7EE0C666 
 1118      DD7821BF 
 1118      CA
 1119 0a96 EAD2FA1D 		.ascii	"\352\322\372\035\324\321\2434\231\255b\321\253(\323"
 1119      D4D1A334 
 1119      99AD62D1 
 1119      AB28D3
 1120 0aa5 1F4BAE54 		.ascii	"\037K\256Th\260\231\032l5\303VS\354\221\242\230m\274"
 1120      68B0991A 
 1120      6C35C356 
 1120      53EC91A2 
ARM GAS  /tmp/cc39rV5c.s 			page 47


 1120      986DBC
 1121 0ab8 1A7B4983 		.ascii	"\032{I\203\255a\330\032\212-H\217\230\320\254\330\270"
 1121      AD61D81A 
 1121      8A2D488F 
 1121      98D0ACD8 
 1121      B8
 1122 0ac9 2603D719 		.ascii	"&\003\327\031\366:[\335\203\345]\032\016\205\032\277"
 1122      F63A5BDD 
 1122      83E55D1A 
 1122      0E851ABF 
 1123 0ad9 B50C5B4B 		.ascii	"\265\014[K\261\321/\27325~\2635\330:\206\255\243\330"
 1123      B1D12FBB 
 1123      32357EB3 
 1123      35D83A86 
 1123      ADA3D8
 1124 0aec E1F89885 		.ascii	"\341\370\230\205j\350\250\206\302\015\006\275A\241\225"
 1124      6AE8A886 
 1124      C20D06BD 
 1124      41A195
 1125 0afb 37DA1F6B 		.ascii	"7\332\037k\026\354\220\306\355M\206\275I\261=]\023M"
 1125      16EC90C6 
 1125      ED4D86BD 
 1125      49B13D5D 
 1125      134D
 1126 0b0d 9AB3468A 		.ascii	"\232\263F\212\006[\317\260\365\024\273\2678\307\252"
 1126      065BCFB0 
 1126      F514BBB7 
 1126      38C7AA
 1127 0b1c 39650E69 		.ascii	"9e\016i840,\271\271\205\005\230\203\202|6l6m\332\022"
 1127      3834302C 
 1127      B9B98505 
 1127      9883827C 
 1127      366C366D 
 1128 0b32 18B26483 		.ascii	"\030\262d\203a\325\347_z}\270\354\035n\216\255k\311"
 1128      61D5E75F 
 1128      7A7DB8EC 
 1128      1D6E8EAD 
 1128      6BC9
 1129 0b44 C6A51B37 		.ascii	"\306\245\0337\376\321w\305{\234\360\315f\313\274\017"
 1129      FED177C5 
 1129      7B9CF0CD 
 1129      66CBBC0F 
 1130 0b54 FCC3CC6B 		.ascii	"\374\303\314k\315_\207\233\203-\201\376Ak-\241f\377"
 1130      CD5F879B 
 1130      832D81FE 
 1130      416B2DA1 
 1130      66FF
 1131 0b66 CDFFFAEC 		.ascii	"\315\377\372\354\013\357%K|>\014\010\\\037\270f\255"
 1131      0BEF254B 
 1131      7C3E0C08 
 1131      5C1FB866 
 1131      AD
 1132 0b77 4F48984F 		.ascii	"OH\230O\200\177\220O`\360\206\240p\223\231<\257\013"
 1132      807F904F 
 1132      60F086A0 
 1132      7093993C 
 1132      AF0B
ARM GAS  /tmp/cc39rV5c.s 			page 48


 1133 0b89 A3B8B025 		.ascii	"\243\270\260%\001\234\307/9\320m\010\360\017uX\367A"
 1133      019CC72F 
 1133      39D06D08 
 1133      F00F7558 
 1133      F741
 1134 0b9b 4848903E 		.ascii	"HH\220><0\330\362\356:\213\260l\005g\360\017\335\374"
 1134      3C30D8F2 
 1134      EE3A8BB0 
 1134      6C0567F0 
 1134      0FDDFC
 1135 0bae CD3B8B37 		.ascii	"\315;\2137s\342\206\220P\213\371\333\305\233\227s\316"
 1135      73E28690 
 1135      508BF9DB 
 1135      C59B9773 
 1135      CE
 1136 0bbf 486C95DF 		.ascii	"Hl\225\337\3525_\206\371o2\273\377\214>\247\227G\015"
 1136      EA355F86 
 1136      F96F32BB 
 1136      FF8C3EA7 
 1136      97470D
 1137 0bd2 1B02B684 		.ascii	"\033\002\266\204\242\243\215\277\233\311+(p\275\217"
 1137      A2A38DBF 
 1137      9BC92B28 
 1137      70BD8F
 1138 0be1 CCC74781 		.ascii	"\314\307G\201!1\221\270Xe\266\370\005\006\033\010\207"
 1138      213191B8 
 1138      5865B6F8 
 1138      05061B08 
 1138      87
 1139 0bf2 652BD659 		.ascii	"e+\326Y~\305\374\243\017Sh\3407\346\3200\037\002\242"
 1139      7EC5FCA3 
 1139      0F5368E0 
 1139      37E6D030 
 1139      1F02A2
 1140 0c05 1765C65A 		.ascii	"\027e\306Z:\303\021\035n\330\274E\267%<\324\254\013"
 1140      3AC3111D 
 1140      6ED8BC45 
 1140      B7253CD4 
 1140      AC0B
 1141 0c17 32FB6FD4 		.ascii	"2\373o\324\007\207X\002BC\376\215\367\340\340\360\240"
 1141      07875802 
 1141      4243FE8D 
 1141      F7E0E0F0 
 1141      A0
 1142 0c28 A0453EE1 		.ascii	"\240E>\341a\241>\250g1v\230\027\233\375\327\007\332"
 1142      61A13EA8 
 1142      67317698 
 1142      179BFDD7 
 1142      07DA
 1143 0c3a 12847303 		.ascii	"\022\204s\003\2037\241C\327i\207\237\205\230\314\006"
 1143      8337A143 
 1143      D769879F 
 1143      8598CC06 
 1144 0c4a 1CF82264 		.ascii	"\034\370\"du\260E\217t\226\373\256\263\314\265\321\011"
 1144      75B0458F 
 1144      7496FBAE 
 1144      B3CCB5D1 
ARM GAS  /tmp/cc39rV5c.s 			page 49


 1144      09
 1145 0c5b B70406D1 		.ascii	"\267\004\006\321\013\316\232Ef\371a\202V\207|\024\030"
 1145      0BCE9A45 
 1145      66F96182 
 1145      56877C14 
 1145      18
 1146 0c6c E6BF3EC8 		.ascii	"\346\277>\310\354F{\210\260\265\026\177Kx\330\377\000"
 1146      EC467B88 
 1146      B0B5167F 
 1146      4B78D8FF 
 1146      00
 1147 0c7d 9F7C9EF2 		.ascii	"\237|\236\362"
 1148              		.text
 1149              		.section	.gnu.lto_.symtab.a5ec596df45108a0,"e",%progbits
 1150 0000 636D6447 		.ascii	"cmdGPIO\000"
 1150      50494F00 
 1151 0008 00       		.ascii	"\000"
 1152 0009 00       		.ascii	"\000"
 1153 000a 00       		.ascii	"\000"
 1154 000b 00000000 		.ascii	"\000\000\000\000\000\000\000\000"
 1154      00000000 
 1155 0013 0B010000 		.ascii	"\013\001\000\000"
 1156 0017 63687072 		.ascii	"chprintf\000"
 1156      696E7466 
 1156      00
 1157 0020 00       		.ascii	"\000"
 1158 0021 02       		.ascii	"\002"
 1159 0022 00       		.ascii	"\000"
 1160 0023 00000000 		.ascii	"\000\000\000\000\000\000\000\000"
 1160      00000000 
 1161 002b 12010000 		.ascii	"\022\001\000\000"
 1162 002f 6770696F 		.ascii	"gpioGetPin\000"
 1162      47657450 
 1162      696E00
 1163 003a 00       		.ascii	"\000"
 1164 003b 02       		.ascii	"\002"
 1165 003c 00       		.ascii	"\000"
 1166 003d 00000000 		.ascii	"\000\000\000\000\000\000\000\000"
 1166      00000000 
 1167 0045 1A010000 		.ascii	"\032\001\000\000"
 1168 0049 6770696F 		.ascii	"gpioSetPin\000"
 1168      53657450 
 1168      696E00
 1169 0054 00       		.ascii	"\000"
 1170 0055 02       		.ascii	"\002"
 1171 0056 00       		.ascii	"\000"
 1172 0057 00000000 		.ascii	"\000\000\000\000\000\000\000\000"
 1172      00000000 
 1173 005f 1F010000 		.ascii	"\037\001\000\000"
 1174 0063 6770696F 		.ascii	"gpioSetPinMode\000"
 1174      53657450 
 1174      696E4D6F 
 1174      646500
 1175 0072 00       		.ascii	"\000"
 1176 0073 02       		.ascii	"\002"
 1177 0074 00       		.ascii	"\000"
 1178 0075 00000000 		.ascii	"\000\000\000\000\000\000\000\000"
ARM GAS  /tmp/cc39rV5c.s 			page 50


 1178      00000000 
 1179 007d 31010000 		.ascii	"1\001\000\000"
 1180 0081 73747254 		.ascii	"strToInt\000"
 1180      6F496E74 
 1180      00
 1181 008a 00       		.ascii	"\000"
 1182 008b 02       		.ascii	"\002"
 1183 008c 00       		.ascii	"\000"
 1184 008d 00000000 		.ascii	"\000\000\000\000\000\000\000\000"
 1184      00000000 
 1185 0095 3A010000 		.ascii	":\001\000\000"
 1186 0099 6770696F 		.ascii	"gpioPortIoDisable\000"
 1186      506F7274 
 1186      496F4469 
 1186      7361626C 
 1186      6500
 1187 00ab 00       		.ascii	"\000"
 1188 00ac 02       		.ascii	"\002"
 1189 00ad 00       		.ascii	"\000"
 1190 00ae 00000000 		.ascii	"\000\000\000\000\000\000\000\000"
 1190      00000000 
 1191 00b6 3F010000 		.ascii	"?\001\000\000"
 1192 00ba 6770696F 		.ascii	"gpioPrintStatus\000"
 1192      5072696E 
 1192      74537461 
 1192      74757300 
 1193 00ca 00       		.ascii	"\000"
 1194 00cb 02       		.ascii	"\002"
 1195 00cc 00       		.ascii	"\000"
 1196 00cd 00000000 		.ascii	"\000\000\000\000\000\000\000\000"
 1196      00000000 
 1197 00d5 41010000 		.ascii	"A\001\000\000"
 1198              		.text
 1199              		.section	.gnu.lto_.ext_symtab.a5ec596df45108a0,"e",%progbits
 1200 0000 01       		.ascii	"\001"
 1201 0001 01       		.ascii	"\001"
 1202 0002 00       		.ascii	"\000"
 1203 0003 01       		.ascii	"\001"
 1204 0004 00       		.ascii	"\000"
 1205 0005 01       		.ascii	"\001"
 1206 0006 00       		.ascii	"\000"
 1207 0007 01       		.ascii	"\001"
 1208 0008 00       		.ascii	"\000"
 1209 0009 01       		.ascii	"\001"
 1210 000a 00       		.ascii	"\000"
 1211 000b 01       		.ascii	"\001"
 1212 000c 00       		.ascii	"\000"
 1213 000d 01       		.ascii	"\001"
 1214 000e 00       		.ascii	"\000"
 1215 000f 01       		.ascii	"\001"
 1216 0010 00       		.ascii	"\000"
 1217              		.text
 1218              		.section	.gnu.lto_.opts,"e",%progbits
 1219 0000 272D666E 		.ascii	"'-fno-openmp' '-fno-openacc' '-fno-pie' '-g' '-mcpu"
 1219      6F2D6F70 
 1219      656E6D70 
 1219      2720272D 
ARM GAS  /tmp/cc39rV5c.s 			page 51


 1219      666E6F2D 
 1220 0033 3D636F72 		.ascii	"=cortex-m3' '-mno-thumb-interwork' '-mthumb' '-mflo"
 1220      7465782D 
 1220      6D332720 
 1220      272D6D6E 
 1220      6F2D7468 
 1221 0066 61742D61 		.ascii	"at-abi=soft' '-march=armv7-m' '-Os' '-fomit-frame-p"
 1221      62693D73 
 1221      6F667427 
 1221      20272D6D 
 1221      61726368 
 1222 0099 6F696E74 		.ascii	"ointer' '-falign-functions=16' '-ffunction-sections"
 1222      65722720 
 1222      272D6661 
 1222      6C69676E 
 1222      2D66756E 
 1223 00cc 2720272D 		.ascii	"' '-fdata-sections' '-fno-common' '-flto' '-Xassemb"
 1223      66646174 
 1223      612D7365 
 1223      6374696F 
 1223      6E732720 
 1224 00ff 6C657227 		.ascii	"ler' '-alms=build/lst/cmdgpio.lst'\000"
 1224      20272D61 
 1224      6C6D733D 
 1224      6275696C 
 1224      642F6C73 
 1225              		.text
 1226              		.comm	__gnu_lto_slim,1,1
 1227              		.ident	"GCC: (Fedora 10.2.0-4.fc34) 10.2.0"
ARM GAS  /tmp/cc39rV5c.s 			page 52


DEFINED SYMBOLS
                            *ABS*:0000000000000000 cmdgpio.c
     /tmp/cc39rV5c.s:22     .gnu.debuglto_.debug_info:0000000000000000 cmdgpio.c.f0ff4269
                            *COM*:0000000000000001 __gnu_lto_slim

NO UNDEFINED SYMBOLS
