ARM GAS  /tmp/cc8a3Qup.s 			page 1


   1              		.cpu cortex-m3
   2              		.eabi_attribute 20, 1
   3              		.eabi_attribute 21, 1
   4              		.eabi_attribute 23, 3
   5              		.eabi_attribute 24, 1
   6              		.eabi_attribute 25, 1
   7              		.eabi_attribute 26, 1
   8              		.eabi_attribute 30, 4
   9              		.eabi_attribute 34, 1
  10              		.eabi_attribute 18, 4
  11              		.file	"cmdsanity.c"
  12              		.file 1 "/usr/arm-none-eabi/include/machine/_default_types.h"
  13              		.file 2 "/usr/arm-none-eabi/include/sys/_stdint.h"
  14              		.file 3 "/usr/lib/gcc/arm-none-eabi/10.2.0/include/stddef.h"
  15              		.file 4 "../FreeRTOS/include/osal_ch.h"
  16              		.file 5 "../ChibiOS/os/hal/include/hal_streams.h"
  17              		.file 6 "shell/cmdsanity.c"
  18              		.file 7 "shell/../drivers/system.h"
  19              		.section	.gnu.debuglto_.debug_info,"e",%progbits
  20              	.Ldebug_info0:
  21              		.hidden	cmdsanity.c.917eb971
  22              		.weak	cmdsanity.c.917eb971
  23              	cmdsanity.c.917eb971:
  24 0000 46020000 		.4byte	0x246
  25 0004 0400     		.2byte	0x4
  26 0006 00000000 		.4byte	.Ldebug_abbrev0
  27 000a 04       		.byte	0x4
  28 000b 01       		.uleb128 0x1
  29 000c E2000000 		.4byte	.LASF26
  30 0010 0C       		.byte	0xc
  31 0011 00000000 		.4byte	.LASF27
  32 0015 3C000000 		.4byte	.LASF28
  33 0019 00000000 		.4byte	.Ldebug_line0
  34 001d 02       		.uleb128 0x2
  35 001e 01       		.byte	0x1
  36 001f 06       		.byte	0x6
  37 0020 46020000 		.4byte	.LASF0
  38 0024 03       		.uleb128 0x3
  39 0025 12000000 		.4byte	.LASF4
  40 0029 01       		.byte	0x1
  41 002a 2B       		.byte	0x2b
  42 002b 18       		.byte	0x18
  43 002c 30000000 		.4byte	0x30
  44 0030 02       		.uleb128 0x2
  45 0031 01       		.byte	0x1
  46 0032 08       		.byte	0x8
  47 0033 B0000000 		.4byte	.LASF1
  48 0037 02       		.uleb128 0x2
  49 0038 02       		.byte	0x2
  50 0039 05       		.byte	0x5
  51 003a 19020000 		.4byte	.LASF2
  52 003e 02       		.uleb128 0x2
  53 003f 02       		.byte	0x2
  54 0040 07       		.byte	0x7
  55 0041 A8010000 		.4byte	.LASF3
  56 0045 03       		.uleb128 0x3
  57 0046 23000000 		.4byte	.LASF5
ARM GAS  /tmp/cc8a3Qup.s 			page 2


  58 004a 01       		.byte	0x1
  59 004b 4D       		.byte	0x4d
  60 004c 18       		.byte	0x18
  61 004d 51000000 		.4byte	0x51
  62 0051 02       		.uleb128 0x2
  63 0052 04       		.byte	0x4
  64 0053 05       		.byte	0x5
  65 0054 31020000 		.4byte	.LASF6
  66 0058 03       		.uleb128 0x3
  67 0059 D3010000 		.4byte	.LASF7
  68 005d 01       		.byte	0x1
  69 005e 4F       		.byte	0x4f
  70 005f 19       		.byte	0x19
  71 0060 64000000 		.4byte	0x64
  72 0064 02       		.uleb128 0x2
  73 0065 04       		.byte	0x4
  74 0066 07       		.byte	0x7
  75 0067 C1010000 		.4byte	.LASF8
  76 006b 02       		.uleb128 0x2
  77 006c 08       		.byte	0x8
  78 006d 05       		.byte	0x5
  79 006e 0B020000 		.4byte	.LASF9
  80 0072 02       		.uleb128 0x2
  81 0073 08       		.byte	0x8
  82 0074 07       		.byte	0x7
  83 0075 84000000 		.4byte	.LASF10
  84 0079 04       		.uleb128 0x4
  85 007a 04       		.byte	0x4
  86 007b 05       		.byte	0x5
  87 007c 696E7400 		.ascii	"int\000"
  88 0080 02       		.uleb128 0x2
  89 0081 04       		.byte	0x4
  90 0082 07       		.byte	0x7
  91 0083 E3010000 		.4byte	.LASF11
  92 0087 03       		.uleb128 0x3
  93 0088 F5010000 		.4byte	.LASF12
  94 008c 02       		.byte	0x2
  95 008d 18       		.byte	0x18
  96 008e 13       		.byte	0x13
  97 008f 24000000 		.4byte	0x24
  98 0093 05       		.uleb128 0x5
  99 0094 87000000 		.4byte	0x87
 100 0098 03       		.uleb128 0x3
 101 0099 03020000 		.4byte	.LASF13
 102 009d 02       		.byte	0x2
 103 009e 2C       		.byte	0x2c
 104 009f 13       		.byte	0x13
 105 00a0 45000000 		.4byte	0x45
 106 00a4 03       		.uleb128 0x3
 107 00a5 28020000 		.4byte	.LASF14
 108 00a9 02       		.byte	0x2
 109 00aa 30       		.byte	0x30
 110 00ab 14       		.byte	0x14
 111 00ac 58000000 		.4byte	0x58
 112 00b0 06       		.uleb128 0x6
 113 00b1 A4000000 		.4byte	0xa4
 114 00b5 03       		.uleb128 0x3
ARM GAS  /tmp/cc8a3Qup.s 			page 3


 115 00b6 1C000000 		.4byte	.LASF15
 116 00ba 03       		.byte	0x3
 117 00bb D1       		.byte	0xd1
 118 00bc 17       		.byte	0x17
 119 00bd 80000000 		.4byte	0x80
 120 00c1 02       		.uleb128 0x2
 121 00c2 08       		.byte	0x8
 122 00c3 04       		.byte	0x4
 123 00c4 3A020000 		.4byte	.LASF16
 124 00c8 07       		.uleb128 0x7
 125 00c9 04       		.byte	0x4
 126 00ca 08       		.uleb128 0x8
 127 00cb 04       		.byte	0x4
 128 00cc 87000000 		.4byte	0x87
 129 00d0 02       		.uleb128 0x2
 130 00d1 01       		.byte	0x1
 131 00d2 08       		.byte	0x8
 132 00d3 F0010000 		.4byte	.LASF17
 133 00d7 03       		.uleb128 0x3
 134 00d8 FD010000 		.4byte	.LASF18
 135 00dc 04       		.byte	0x4
 136 00dd 5C       		.byte	0x5c
 137 00de 11       		.byte	0x11
 138 00df 98000000 		.4byte	0x98
 139 00e3 09       		.uleb128 0x9
 140 00e4 58020000 		.4byte	.LASF29
 141 00e8 10       		.byte	0x10
 142 00e9 05       		.byte	0x5
 143 00ea 46       		.byte	0x46
 144 00eb 08       		.byte	0x8
 145 00ec 25010000 		.4byte	0x125
 146 00f0 0A       		.uleb128 0xa
 147 00f1 BB010000 		.4byte	.LASF19
 148 00f5 05       		.byte	0x5
 149 00f6 47       		.byte	0x47
 150 00f7 03       		.byte	0x3
 151 00f8 49010000 		.4byte	0x149
 152 00fc 00       		.byte	0
 153 00fd 0A       		.uleb128 0xa
 154 00fe DE010000 		.4byte	.LASF20
 155 0102 05       		.byte	0x5
 156 0103 47       		.byte	0x47
 157 0104 03       		.byte	0x3
 158 0105 68010000 		.4byte	0x168
 159 0109 04       		.byte	0x4
 160 010a 0B       		.uleb128 0xb
 161 010b 70757400 		.ascii	"put\000"
 162 010f 05       		.byte	0x5
 163 0110 47       		.byte	0x47
 164 0111 03       		.byte	0x3
 165 0112 82010000 		.4byte	0x182
 166 0116 08       		.byte	0x8
 167 0117 0B       		.uleb128 0xb
 168 0118 67657400 		.ascii	"get\000"
 169 011c 05       		.byte	0x5
 170 011d 47       		.byte	0x47
 171 011e 03       		.byte	0x3
ARM GAS  /tmp/cc8a3Qup.s 			page 4


 172 011f 97010000 		.4byte	0x197
 173 0123 0C       		.byte	0xc
 174 0124 00       		.byte	0
 175 0125 05       		.uleb128 0x5
 176 0126 E3000000 		.4byte	0xe3
 177 012a 0C       		.uleb128 0xc
 178 012b B5000000 		.4byte	0xb5
 179 012f 43010000 		.4byte	0x143
 180 0133 0D       		.uleb128 0xd
 181 0134 C8000000 		.4byte	0xc8
 182 0138 0D       		.uleb128 0xd
 183 0139 43010000 		.4byte	0x143
 184 013d 0D       		.uleb128 0xd
 185 013e B5000000 		.4byte	0xb5
 186 0142 00       		.byte	0
 187 0143 08       		.uleb128 0x8
 188 0144 04       		.byte	0x4
 189 0145 93000000 		.4byte	0x93
 190 0149 08       		.uleb128 0x8
 191 014a 04       		.byte	0x4
 192 014b 2A010000 		.4byte	0x12a
 193 014f 0C       		.uleb128 0xc
 194 0150 B5000000 		.4byte	0xb5
 195 0154 68010000 		.4byte	0x168
 196 0158 0D       		.uleb128 0xd
 197 0159 C8000000 		.4byte	0xc8
 198 015d 0D       		.uleb128 0xd
 199 015e CA000000 		.4byte	0xca
 200 0162 0D       		.uleb128 0xd
 201 0163 B5000000 		.4byte	0xb5
 202 0167 00       		.byte	0
 203 0168 08       		.uleb128 0x8
 204 0169 04       		.byte	0x4
 205 016a 4F010000 		.4byte	0x14f
 206 016e 0C       		.uleb128 0xc
 207 016f D7000000 		.4byte	0xd7
 208 0173 82010000 		.4byte	0x182
 209 0177 0D       		.uleb128 0xd
 210 0178 C8000000 		.4byte	0xc8
 211 017c 0D       		.uleb128 0xd
 212 017d 87000000 		.4byte	0x87
 213 0181 00       		.byte	0
 214 0182 08       		.uleb128 0x8
 215 0183 04       		.byte	0x4
 216 0184 6E010000 		.4byte	0x16e
 217 0188 0C       		.uleb128 0xc
 218 0189 D7000000 		.4byte	0xd7
 219 018d 97010000 		.4byte	0x197
 220 0191 0D       		.uleb128 0xd
 221 0192 C8000000 		.4byte	0xc8
 222 0196 00       		.byte	0
 223 0197 08       		.uleb128 0x8
 224 0198 04       		.byte	0x4
 225 0199 88010000 		.4byte	0x188
 226 019d 0E       		.uleb128 0xe
 227 019e 04       		.byte	0x4
 228 019f 05       		.byte	0x5
ARM GAS  /tmp/cc8a3Qup.s 			page 5


 229 01a0 4F       		.byte	0x4f
 230 01a1 09       		.byte	0x9
 231 01a2 B4010000 		.4byte	0x1b4
 232 01a6 0B       		.uleb128 0xb
 233 01a7 766D7400 		.ascii	"vmt\000"
 234 01ab 05       		.byte	0x5
 235 01ac 51       		.byte	0x51
 236 01ad 29       		.byte	0x29
 237 01ae B4010000 		.4byte	0x1b4
 238 01b2 00       		.byte	0
 239 01b3 00       		.byte	0
 240 01b4 08       		.uleb128 0x8
 241 01b5 04       		.byte	0x4
 242 01b6 25010000 		.4byte	0x125
 243 01ba 03       		.uleb128 0x3
 244 01bb 9B000000 		.4byte	.LASF21
 245 01bf 05       		.byte	0x5
 246 01c0 53       		.byte	0x53
 247 01c1 03       		.byte	0x3
 248 01c2 9D010000 		.4byte	0x19d
 249 01c6 02       		.uleb128 0x2
 250 01c7 01       		.byte	0x1
 251 01c8 02       		.byte	0x2
 252 01c9 52020000 		.4byte	.LASF22
 253 01cd 08       		.uleb128 0x8
 254 01ce 04       		.byte	0x4
 255 01cf BA010000 		.4byte	0x1ba
 256 01d3 08       		.uleb128 0x8
 257 01d4 04       		.byte	0x4
 258 01d5 D9010000 		.4byte	0x1d9
 259 01d9 08       		.uleb128 0x8
 260 01da 04       		.byte	0x4
 261 01db D0000000 		.4byte	0xd0
 262 01df 0F       		.uleb128 0xf
 263 01e0 70020000 		.4byte	.LASF30
 264 01e4 07       		.byte	0x7
 265 01e5 4F       		.byte	0x4f
 266 01e6 1A       		.byte	0x1a
 267 01e7 B0000000 		.4byte	0xb0
 268 01eb 10       		.uleb128 0x10
 269 01ec BE000000 		.4byte	.LASF31
 270 01f0 06       		.byte	0x6
 271 01f1 24       		.byte	0x24
 272 01f2 0D       		.byte	0xd
 273 01f3 C6010000 		.4byte	0x1c6
 274 01f7 11       		.uleb128 0x11
 275 01f8 32000000 		.4byte	.LASF32
 276 01fc 06       		.byte	0x6
 277 01fd 2D       		.byte	0x2d
 278 01fe 06       		.byte	0x6
 279 01ff 34020000 		.4byte	0x234
 280 0203 12       		.uleb128 0x12
 281 0204 7F000000 		.4byte	.LASF23
 282 0208 06       		.byte	0x6
 283 0209 2D       		.byte	0x2d
 284 020a 16       		.byte	0x16
 285 020b C8000000 		.4byte	0xc8
ARM GAS  /tmp/cc8a3Qup.s 			page 6


 286 020f 13       		.uleb128 0x13
 287 0210 63687000 		.ascii	"chp\000"
 288 0214 06       		.byte	0x6
 289 0215 2D       		.byte	0x2d
 290 0216 32       		.byte	0x32
 291 0217 CD010000 		.4byte	0x1cd
 292 021b 12       		.uleb128 0x12
 293 021c 23020000 		.4byte	.LASF24
 294 0220 06       		.byte	0x6
 295 0221 2D       		.byte	0x2d
 296 0222 3B       		.byte	0x3b
 297 0223 79000000 		.4byte	0x79
 298 0227 12       		.uleb128 0x12
 299 0228 2D000000 		.4byte	.LASF25
 300 022c 06       		.byte	0x6
 301 022d 2D       		.byte	0x2d
 302 022e 47       		.byte	0x47
 303 022f D3010000 		.4byte	0x1d3
 304 0233 00       		.byte	0
 305 0234 14       		.uleb128 0x14
 306 0235 D3000000 		.4byte	.LASF33
 307 0239 06       		.byte	0x6
 308 023a 26       		.byte	0x26
 309 023b 06       		.byte	0x6
 310 023c 13       		.uleb128 0x13
 311 023d 63687000 		.ascii	"chp\000"
 312 0241 06       		.byte	0x6
 313 0242 26       		.byte	0x26
 314 0243 2B       		.byte	0x2b
 315 0244 CD010000 		.4byte	0x1cd
 316 0248 00       		.byte	0
 317 0249 00       		.byte	0
 318              		.section	.gnu.debuglto_.debug_abbrev,"e",%progbits
 319              	.Ldebug_abbrev0:
 320 0000 01       		.uleb128 0x1
 321 0001 11       		.uleb128 0x11
 322 0002 01       		.byte	0x1
 323 0003 25       		.uleb128 0x25
 324 0004 0E       		.uleb128 0xe
 325 0005 13       		.uleb128 0x13
 326 0006 0B       		.uleb128 0xb
 327 0007 03       		.uleb128 0x3
 328 0008 0E       		.uleb128 0xe
 329 0009 1B       		.uleb128 0x1b
 330 000a 0E       		.uleb128 0xe
 331 000b 10       		.uleb128 0x10
 332 000c 17       		.uleb128 0x17
 333 000d 00       		.byte	0
 334 000e 00       		.byte	0
 335 000f 02       		.uleb128 0x2
 336 0010 24       		.uleb128 0x24
 337 0011 00       		.byte	0
 338 0012 0B       		.uleb128 0xb
 339 0013 0B       		.uleb128 0xb
 340 0014 3E       		.uleb128 0x3e
 341 0015 0B       		.uleb128 0xb
 342 0016 03       		.uleb128 0x3
ARM GAS  /tmp/cc8a3Qup.s 			page 7


 343 0017 0E       		.uleb128 0xe
 344 0018 00       		.byte	0
 345 0019 00       		.byte	0
 346 001a 03       		.uleb128 0x3
 347 001b 16       		.uleb128 0x16
 348 001c 00       		.byte	0
 349 001d 03       		.uleb128 0x3
 350 001e 0E       		.uleb128 0xe
 351 001f 3A       		.uleb128 0x3a
 352 0020 0B       		.uleb128 0xb
 353 0021 3B       		.uleb128 0x3b
 354 0022 0B       		.uleb128 0xb
 355 0023 39       		.uleb128 0x39
 356 0024 0B       		.uleb128 0xb
 357 0025 49       		.uleb128 0x49
 358 0026 13       		.uleb128 0x13
 359 0027 00       		.byte	0
 360 0028 00       		.byte	0
 361 0029 04       		.uleb128 0x4
 362 002a 24       		.uleb128 0x24
 363 002b 00       		.byte	0
 364 002c 0B       		.uleb128 0xb
 365 002d 0B       		.uleb128 0xb
 366 002e 3E       		.uleb128 0x3e
 367 002f 0B       		.uleb128 0xb
 368 0030 03       		.uleb128 0x3
 369 0031 08       		.uleb128 0x8
 370 0032 00       		.byte	0
 371 0033 00       		.byte	0
 372 0034 05       		.uleb128 0x5
 373 0035 26       		.uleb128 0x26
 374 0036 00       		.byte	0
 375 0037 49       		.uleb128 0x49
 376 0038 13       		.uleb128 0x13
 377 0039 00       		.byte	0
 378 003a 00       		.byte	0
 379 003b 06       		.uleb128 0x6
 380 003c 35       		.uleb128 0x35
 381 003d 00       		.byte	0
 382 003e 49       		.uleb128 0x49
 383 003f 13       		.uleb128 0x13
 384 0040 00       		.byte	0
 385 0041 00       		.byte	0
 386 0042 07       		.uleb128 0x7
 387 0043 0F       		.uleb128 0xf
 388 0044 00       		.byte	0
 389 0045 0B       		.uleb128 0xb
 390 0046 0B       		.uleb128 0xb
 391 0047 00       		.byte	0
 392 0048 00       		.byte	0
 393 0049 08       		.uleb128 0x8
 394 004a 0F       		.uleb128 0xf
 395 004b 00       		.byte	0
 396 004c 0B       		.uleb128 0xb
 397 004d 0B       		.uleb128 0xb
 398 004e 49       		.uleb128 0x49
 399 004f 13       		.uleb128 0x13
ARM GAS  /tmp/cc8a3Qup.s 			page 8


 400 0050 00       		.byte	0
 401 0051 00       		.byte	0
 402 0052 09       		.uleb128 0x9
 403 0053 13       		.uleb128 0x13
 404 0054 01       		.byte	0x1
 405 0055 03       		.uleb128 0x3
 406 0056 0E       		.uleb128 0xe
 407 0057 0B       		.uleb128 0xb
 408 0058 0B       		.uleb128 0xb
 409 0059 3A       		.uleb128 0x3a
 410 005a 0B       		.uleb128 0xb
 411 005b 3B       		.uleb128 0x3b
 412 005c 0B       		.uleb128 0xb
 413 005d 39       		.uleb128 0x39
 414 005e 0B       		.uleb128 0xb
 415 005f 01       		.uleb128 0x1
 416 0060 13       		.uleb128 0x13
 417 0061 00       		.byte	0
 418 0062 00       		.byte	0
 419 0063 0A       		.uleb128 0xa
 420 0064 0D       		.uleb128 0xd
 421 0065 00       		.byte	0
 422 0066 03       		.uleb128 0x3
 423 0067 0E       		.uleb128 0xe
 424 0068 3A       		.uleb128 0x3a
 425 0069 0B       		.uleb128 0xb
 426 006a 3B       		.uleb128 0x3b
 427 006b 0B       		.uleb128 0xb
 428 006c 39       		.uleb128 0x39
 429 006d 0B       		.uleb128 0xb
 430 006e 49       		.uleb128 0x49
 431 006f 13       		.uleb128 0x13
 432 0070 38       		.uleb128 0x38
 433 0071 0B       		.uleb128 0xb
 434 0072 00       		.byte	0
 435 0073 00       		.byte	0
 436 0074 0B       		.uleb128 0xb
 437 0075 0D       		.uleb128 0xd
 438 0076 00       		.byte	0
 439 0077 03       		.uleb128 0x3
 440 0078 08       		.uleb128 0x8
 441 0079 3A       		.uleb128 0x3a
 442 007a 0B       		.uleb128 0xb
 443 007b 3B       		.uleb128 0x3b
 444 007c 0B       		.uleb128 0xb
 445 007d 39       		.uleb128 0x39
 446 007e 0B       		.uleb128 0xb
 447 007f 49       		.uleb128 0x49
 448 0080 13       		.uleb128 0x13
 449 0081 38       		.uleb128 0x38
 450 0082 0B       		.uleb128 0xb
 451 0083 00       		.byte	0
 452 0084 00       		.byte	0
 453 0085 0C       		.uleb128 0xc
 454 0086 15       		.uleb128 0x15
 455 0087 01       		.byte	0x1
 456 0088 27       		.uleb128 0x27
ARM GAS  /tmp/cc8a3Qup.s 			page 9


 457 0089 19       		.uleb128 0x19
 458 008a 49       		.uleb128 0x49
 459 008b 13       		.uleb128 0x13
 460 008c 01       		.uleb128 0x1
 461 008d 13       		.uleb128 0x13
 462 008e 00       		.byte	0
 463 008f 00       		.byte	0
 464 0090 0D       		.uleb128 0xd
 465 0091 05       		.uleb128 0x5
 466 0092 00       		.byte	0
 467 0093 49       		.uleb128 0x49
 468 0094 13       		.uleb128 0x13
 469 0095 00       		.byte	0
 470 0096 00       		.byte	0
 471 0097 0E       		.uleb128 0xe
 472 0098 13       		.uleb128 0x13
 473 0099 01       		.byte	0x1
 474 009a 0B       		.uleb128 0xb
 475 009b 0B       		.uleb128 0xb
 476 009c 3A       		.uleb128 0x3a
 477 009d 0B       		.uleb128 0xb
 478 009e 3B       		.uleb128 0x3b
 479 009f 0B       		.uleb128 0xb
 480 00a0 39       		.uleb128 0x39
 481 00a1 0B       		.uleb128 0xb
 482 00a2 01       		.uleb128 0x1
 483 00a3 13       		.uleb128 0x13
 484 00a4 00       		.byte	0
 485 00a5 00       		.byte	0
 486 00a6 0F       		.uleb128 0xf
 487 00a7 34       		.uleb128 0x34
 488 00a8 00       		.byte	0
 489 00a9 03       		.uleb128 0x3
 490 00aa 0E       		.uleb128 0xe
 491 00ab 3A       		.uleb128 0x3a
 492 00ac 0B       		.uleb128 0xb
 493 00ad 3B       		.uleb128 0x3b
 494 00ae 0B       		.uleb128 0xb
 495 00af 39       		.uleb128 0x39
 496 00b0 0B       		.uleb128 0xb
 497 00b1 49       		.uleb128 0x49
 498 00b2 13       		.uleb128 0x13
 499 00b3 3F       		.uleb128 0x3f
 500 00b4 19       		.uleb128 0x19
 501 00b5 3C       		.uleb128 0x3c
 502 00b6 19       		.uleb128 0x19
 503 00b7 00       		.byte	0
 504 00b8 00       		.byte	0
 505 00b9 10       		.uleb128 0x10
 506 00ba 34       		.uleb128 0x34
 507 00bb 00       		.byte	0
 508 00bc 03       		.uleb128 0x3
 509 00bd 0E       		.uleb128 0xe
 510 00be 3A       		.uleb128 0x3a
 511 00bf 0B       		.uleb128 0xb
 512 00c0 3B       		.uleb128 0x3b
 513 00c1 0B       		.uleb128 0xb
ARM GAS  /tmp/cc8a3Qup.s 			page 10


 514 00c2 39       		.uleb128 0x39
 515 00c3 0B       		.uleb128 0xb
 516 00c4 49       		.uleb128 0x49
 517 00c5 13       		.uleb128 0x13
 518 00c6 00       		.byte	0
 519 00c7 00       		.byte	0
 520 00c8 11       		.uleb128 0x11
 521 00c9 2E       		.uleb128 0x2e
 522 00ca 01       		.byte	0x1
 523 00cb 3F       		.uleb128 0x3f
 524 00cc 19       		.uleb128 0x19
 525 00cd 03       		.uleb128 0x3
 526 00ce 0E       		.uleb128 0xe
 527 00cf 3A       		.uleb128 0x3a
 528 00d0 0B       		.uleb128 0xb
 529 00d1 3B       		.uleb128 0x3b
 530 00d2 0B       		.uleb128 0xb
 531 00d3 39       		.uleb128 0x39
 532 00d4 0B       		.uleb128 0xb
 533 00d5 27       		.uleb128 0x27
 534 00d6 19       		.uleb128 0x19
 535 00d7 01       		.uleb128 0x1
 536 00d8 13       		.uleb128 0x13
 537 00d9 00       		.byte	0
 538 00da 00       		.byte	0
 539 00db 12       		.uleb128 0x12
 540 00dc 05       		.uleb128 0x5
 541 00dd 00       		.byte	0
 542 00de 03       		.uleb128 0x3
 543 00df 0E       		.uleb128 0xe
 544 00e0 3A       		.uleb128 0x3a
 545 00e1 0B       		.uleb128 0xb
 546 00e2 3B       		.uleb128 0x3b
 547 00e3 0B       		.uleb128 0xb
 548 00e4 39       		.uleb128 0x39
 549 00e5 0B       		.uleb128 0xb
 550 00e6 49       		.uleb128 0x49
 551 00e7 13       		.uleb128 0x13
 552 00e8 00       		.byte	0
 553 00e9 00       		.byte	0
 554 00ea 13       		.uleb128 0x13
 555 00eb 05       		.uleb128 0x5
 556 00ec 00       		.byte	0
 557 00ed 03       		.uleb128 0x3
 558 00ee 08       		.uleb128 0x8
 559 00ef 3A       		.uleb128 0x3a
 560 00f0 0B       		.uleb128 0xb
 561 00f1 3B       		.uleb128 0x3b
 562 00f2 0B       		.uleb128 0xb
 563 00f3 39       		.uleb128 0x39
 564 00f4 0B       		.uleb128 0xb
 565 00f5 49       		.uleb128 0x49
 566 00f6 13       		.uleb128 0x13
 567 00f7 00       		.byte	0
 568 00f8 00       		.byte	0
 569 00f9 14       		.uleb128 0x14
 570 00fa 2E       		.uleb128 0x2e
ARM GAS  /tmp/cc8a3Qup.s 			page 11


 571 00fb 01       		.byte	0x1
 572 00fc 3F       		.uleb128 0x3f
 573 00fd 19       		.uleb128 0x19
 574 00fe 03       		.uleb128 0x3
 575 00ff 0E       		.uleb128 0xe
 576 0100 3A       		.uleb128 0x3a
 577 0101 0B       		.uleb128 0xb
 578 0102 3B       		.uleb128 0x3b
 579 0103 0B       		.uleb128 0xb
 580 0104 39       		.uleb128 0x39
 581 0105 0B       		.uleb128 0xb
 582 0106 27       		.uleb128 0x27
 583 0107 19       		.uleb128 0x19
 584 0108 00       		.byte	0
 585 0109 00       		.byte	0
 586 010a 00       		.byte	0
 587              		.section	.gnu.debuglto_.debug_line,"e",%progbits
 588              	.Ldebug_line0:
 589 0000 31010000 		.4byte	.LELT0-.LSLT0
 590              	.LSLT0:
 591 0004 0400     		.2byte	0x4
 592 0006 2B010000 		.4byte	.LELTP0-.LASLTP0
 593              	.LASLTP0:
 594 000a 01       		.byte	0x1
 595 000b 01       		.byte	0x1
 596 000c 01       		.byte	0x1
 597 000d F6       		.byte	0xf6
 598 000e F2       		.byte	0xf2
 599 000f 0D       		.byte	0xd
 600 0010 00       		.byte	0
 601 0011 01       		.byte	0x1
 602 0012 01       		.byte	0x1
 603 0013 01       		.byte	0x1
 604 0014 01       		.byte	0x1
 605 0015 00       		.byte	0
 606 0016 00       		.byte	0
 607 0017 00       		.byte	0
 608 0018 01       		.byte	0x1
 609 0019 00       		.byte	0
 610 001a 00       		.byte	0
 611 001b 01       		.byte	0x1
 612 001c 2E2E2F43 		.ascii	"../ChibiOS/os/hal/include"
 612      68696269 
 612      4F532F6F 
 612      732F6861 
 612      6C2F696E 
 613 0035 00       		.byte	0
 614 0036 2E2E2F46 		.ascii	"../FreeRTOS/include"
 614      72656552 
 614      544F532F 
 614      696E636C 
 614      756465
 615 0049 00       		.byte	0
 616 004a 7368656C 		.ascii	"shell/../drivers"
 616      6C2F2E2E 
 616      2F647269 
 616      76657273 
ARM GAS  /tmp/cc8a3Qup.s 			page 12


 617 005a 00       		.byte	0
 618 005b 7368656C 		.ascii	"shell"
 618      6C
 619 0060 00       		.byte	0
 620 0061 2F757372 		.ascii	"/usr/arm-none-eabi/include/machine"
 620      2F61726D 
 620      2D6E6F6E 
 620      652D6561 
 620      62692F69 
 621 0083 00       		.byte	0
 622 0084 2F757372 		.ascii	"/usr/arm-none-eabi/include/sys"
 622      2F61726D 
 622      2D6E6F6E 
 622      652D6561 
 622      62692F69 
 623 00a2 00       		.byte	0
 624 00a3 2F757372 		.ascii	"/usr/lib/gcc/arm-none-eabi/10.2.0/include"
 624      2F6C6962 
 624      2F676363 
 624      2F61726D 
 624      2D6E6F6E 
 625 00cc 00       		.byte	0
 626 00cd 00       		.byte	0
 627 00ce 5F646566 		.ascii	"_default_types.h\000"
 627      61756C74 
 627      5F747970 
 627      65732E68 
 627      00
 628 00df 05       		.uleb128 0x5
 629 00e0 00       		.uleb128 0
 630 00e1 00       		.uleb128 0
 631 00e2 5F737464 		.ascii	"_stdint.h\000"
 631      696E742E 
 631      6800
 632 00ec 06       		.uleb128 0x6
 633 00ed 00       		.uleb128 0
 634 00ee 00       		.uleb128 0
 635 00ef 73746464 		.ascii	"stddef.h\000"
 635      65662E68 
 635      00
 636 00f8 07       		.uleb128 0x7
 637 00f9 00       		.uleb128 0
 638 00fa 00       		.uleb128 0
 639 00fb 6F73616C 		.ascii	"osal_ch.h\000"
 639      5F63682E 
 639      6800
 640 0105 02       		.uleb128 0x2
 641 0106 00       		.uleb128 0
 642 0107 00       		.uleb128 0
 643 0108 68616C5F 		.ascii	"hal_streams.h\000"
 643      73747265 
 643      616D732E 
 643      6800
 644 0116 01       		.uleb128 0x1
 645 0117 00       		.uleb128 0
 646 0118 00       		.uleb128 0
 647 0119 636D6473 		.ascii	"cmdsanity.c\000"
ARM GAS  /tmp/cc8a3Qup.s 			page 13


 647      616E6974 
 647      792E6300 
 648 0125 04       		.uleb128 0x4
 649 0126 00       		.uleb128 0
 650 0127 00       		.uleb128 0
 651 0128 73797374 		.ascii	"system.h\000"
 651      656D2E68 
 651      00
 652 0131 03       		.uleb128 0x3
 653 0132 00       		.uleb128 0
 654 0133 00       		.uleb128 0
 655 0134 00       		.byte	0
 656              	.LELTP0:
 657              	.LELT0:
 658              		.section	.gnu.debuglto_.debug_str,"eMS",%progbits,1
 659              	.LASF27:
 660 0000 7368656C 		.ascii	"shell/cmdsanity.c\000"
 660      6C2F636D 
 660      6473616E 
 660      6974792E 
 660      6300
 661              	.LASF4:
 662 0012 5F5F7569 		.ascii	"__uint8_t\000"
 662      6E74385F 
 662      7400
 663              	.LASF15:
 664 001c 73697A65 		.ascii	"size_t\000"
 664      5F7400
 665              	.LASF5:
 666 0023 5F5F696E 		.ascii	"__int32_t\000"
 666      7433325F 
 666      7400
 667              	.LASF25:
 668 002d 61726776 		.ascii	"argv\000"
 668      00
 669              	.LASF32:
 670 0032 636D6453 		.ascii	"cmdSanity\000"
 670      616E6974 
 670      7900
 671              	.LASF28:
 672 003c 2F686F6D 		.ascii	"/home/fminucci/hardware/electrosense-converter-firm"
 672      652F666D 
 672      696E7563 
 672      63692F68 
 672      61726477 
 673 006f 77617265 		.ascii	"wareV2/firmware\000"
 673      56322F66 
 673      69726D77 
 673      61726500 
 674              	.LASF23:
 675 007f 75736572 		.ascii	"user\000"
 675      00
 676              	.LASF10:
 677 0084 6C6F6E67 		.ascii	"long long unsigned int\000"
 677      206C6F6E 
 677      6720756E 
 677      7369676E 
ARM GAS  /tmp/cc8a3Qup.s 			page 14


 677      65642069 
 678              	.LASF21:
 679 009b 42617365 		.ascii	"BaseSequentialStream\000"
 679      53657175 
 679      656E7469 
 679      616C5374 
 679      7265616D 
 680              	.LASF1:
 681 00b0 756E7369 		.ascii	"unsigned char\000"
 681      676E6564 
 681      20636861 
 681      7200
 682              	.LASF31:
 683 00be 73616E69 		.ascii	"sanitySettingsLocked\000"
 683      74795365 
 683      7474696E 
 683      67734C6F 
 683      636B6564 
 684              	.LASF33:
 685 00d3 636D6453 		.ascii	"cmdSanityUsage\000"
 685      616E6974 
 685      79557361 
 685      676500
 686              	.LASF26:
 687 00e2 474E5520 		.ascii	"GNU C17 10.2.0 -mcpu=cortex-m3 -mno-thumb-interwork"
 687      43313720 
 687      31302E32 
 687      2E30202D 
 687      6D637075 
 688 0115 202D6D74 		.ascii	" -mthumb -mfloat-abi=soft -march=armv7-m -ggdb -Os "
 688      68756D62 
 688      202D6D66 
 688      6C6F6174 
 688      2D616269 
 689 0148 2D666F6D 		.ascii	"-fomit-frame-pointer -falign-functions=16 -ffunctio"
 689      69742D66 
 689      72616D65 
 689      2D706F69 
 689      6E746572 
 690 017b 6E2D7365 		.ascii	"n-sections -fdata-sections -fno-common -flto\000"
 690      6374696F 
 690      6E73202D 
 690      66646174 
 690      612D7365 
 691              	.LASF3:
 692 01a8 73686F72 		.ascii	"short unsigned int\000"
 692      7420756E 
 692      7369676E 
 692      65642069 
 692      6E7400
 693              	.LASF19:
 694 01bb 77726974 		.ascii	"write\000"
 694      6500
 695              	.LASF8:
 696 01c1 6C6F6E67 		.ascii	"long unsigned int\000"
 696      20756E73 
 696      69676E65 
ARM GAS  /tmp/cc8a3Qup.s 			page 15


 696      6420696E 
 696      7400
 697              	.LASF7:
 698 01d3 5F5F7569 		.ascii	"__uint32_t\000"
 698      6E743332 
 698      5F7400
 699              	.LASF20:
 700 01de 72656164 		.ascii	"read\000"
 700      00
 701              	.LASF11:
 702 01e3 756E7369 		.ascii	"unsigned int\000"
 702      676E6564 
 702      20696E74 
 702      00
 703              	.LASF17:
 704 01f0 63686172 		.ascii	"char\000"
 704      00
 705              	.LASF12:
 706 01f5 75696E74 		.ascii	"uint8_t\000"
 706      385F7400 
 707              	.LASF18:
 708 01fd 6D73675F 		.ascii	"msg_t\000"
 708      7400
 709              	.LASF13:
 710 0203 696E7433 		.ascii	"int32_t\000"
 710      325F7400 
 711              	.LASF9:
 712 020b 6C6F6E67 		.ascii	"long long int\000"
 712      206C6F6E 
 712      6720696E 
 712      7400
 713              	.LASF2:
 714 0219 73686F72 		.ascii	"short int\000"
 714      7420696E 
 714      7400
 715              	.LASF24:
 716 0223 61726763 		.ascii	"argc\000"
 716      00
 717              	.LASF14:
 718 0228 75696E74 		.ascii	"uint32_t\000"
 718      33325F74 
 718      00
 719              	.LASF6:
 720 0231 6C6F6E67 		.ascii	"long int\000"
 720      20696E74 
 720      00
 721              	.LASF16:
 722 023a 6C6F6E67 		.ascii	"long double\000"
 722      20646F75 
 722      626C6500 
 723              	.LASF0:
 724 0246 7369676E 		.ascii	"signed char\000"
 724      65642063 
 724      68617200 
 725              	.LASF22:
 726 0252 5F426F6F 		.ascii	"_Bool\000"
 726      6C00
ARM GAS  /tmp/cc8a3Qup.s 			page 16


 727              	.LASF29:
 728 0258 42617365 		.ascii	"BaseSequentialStreamVMT\000"
 728      53657175 
 728      656E7469 
 728      616C5374 
 728      7265616D 
 729              	.LASF30:
 730 0270 73616E69 		.ascii	"sanityRebootSeconds\000"
 730      74795265 
 730      626F6F74 
 730      5365636F 
 730      6E647300 
 731              		.text
 732              		.section	.gnu.lto_.profile.fc0040058d84843e,"e",%progbits
 733 0000 789C6362 		.ascii	"x\234cb\000\001\000\000\022\000\003"
 733      00010000 
 733      120003
 734              		.text
 735              		.section	.gnu.lto_.icf.fc0040058d84843e,"e",%progbits
 736 0000 789C9364 		.ascii	"x\234\223d@\000\026\206\236\236\355\374\214\2576\177"
 736      40001686 
 736      9E9EEDFC 
 736      8CAF367F 
 737 0010 B8C8C1DC 		.ascii	"\270\310\301\334y\243i\015\037\313\311\243\377\316p"
 737      79A3690D 
 737      1FCBC9A3 
 737      FFCE70
 738 001f 3000008F 		.ascii	"0\000\000\217\214\013g"
 738      8C0B67
 739              		.text
 740              		.section	.gnu.lto_.jmpfuncs.fc0040058d84843e,"e",%progbits
 741 0000 789C7D91 		.ascii	"x\234}\221?K\303@\030\306\337\347\336k5\221\332A:e\311"
 741      3F4BC340 
 741      18C6DFE7 
 741      DE6B3591 
 741      DA413A65 
 742 0015 7D045737 		.ascii	"}\004W7WWq\022\207\320\206\022,uH\226.Q\350$\010B\027"
 742      57577112 
 742      87D08612 
 742      2C754896 
 742      2E51E824 
 743 002c 1591A201 		.ascii	"\025\221\242\001mwm\255.\272\2709\010N::;\371\001\364"
 743      6D776DAD 
 743      2EBAB839 
 743      084E3A3A 
 743      3BF901F4 
 744 0040 CEC3C11A 		.ascii	"\316\303\301\032sp\360\336\363>\367\374\356OY\020\255"
 744      7370F0DE 
 744      F33EF7FC 
 744      EE4F5910 
 744      AD
 745 0051 901D4C02 		.ascii	"\220\035L\002`dL\333\031C\312\224@\270\223 =?\365\250"
 745      60644CDB 
 745      1943CA94 
 745      40B89320 
 745      3D3FF5A8 
 746 0065 121F3326 		.ascii	"\022\0373&\347\027\037\025\205\376\316\241\237\261 "
ARM GAS  /tmp/cc8a3Qup.s 			page 17


 746      E7171F15 
 746      85FECEA1 
 746      9FB120
 747 0074 5C42FD76 		.ascii	"\\B\375vAh\327h\367}\350\3648c\006p\005OK{g/]\266\222"
 747      4168D768 
 747      F77DE8F4 
 747      38630670 
 747      054F4B7B 
 748 008d F58DE049 		.ascii	"\365\215\340I\312!\274\335\367\036Y\325,A\022\306\177"
 748      CA21BCDD 
 748      F71E59D5 
 748      2C4112C6 
 748      7F
 749 009e 09263277 		.ascii	"\011&2w\277a\037\035\234<\225\015\250\004\027\327\360"
 749      BF611F1D 
 749      9C3C950D 
 749      A80417D7 
 749      F0
 750 00af BE2DAEB1 		.ascii	"\276-\256\261\2219\215n\220\271\\\036\372t\274\377\354"
 750      91398D6E 
 750      90B95C1E 
 750      FA74BCFF 
 750      EC
 751 00c0 28CFA2CB 		.ascii	"(\317\242\313\204I\001\372\237\210\327A7R\2136a\206"
 751      844901FA 
 751      9F88D741 
 751      37528B36 
 751      6186
 752 00d2 70539C90 		.ascii	"pS\234\220\367\302\017\203a\177N-\333\210Y\302mQ\204"
 752      F7C20F83 
 752      617F4E2D 
 752      DB8859C2 
 752      6D5184
 753 00e5 BE10E629 		.ascii	"\276\020\346)cG\330\177s\365\377A\310\024\323\3112O"
 753      6347D87F 
 753      73F5FF41 
 753      C814D3C9 
 753      324F
 754 00f7 4B795AA2 		.ascii	"KyZ\242\205\3250I\242v3\366[[\365\315\260\241*.\225"
 754      85D53049 
 754      A27633F6 
 754      5B5BF5CD 
 754      B0A12A2E 
 755 010c 4C493527 		.ascii	"LI5'\016\332Q\322\361\327\033a+\350\304a}C\367\252?"
 755      0EDA51D2 
 755      F1D71B61 
 755      2BE8C461 
 755      7D43F7AA 
 756 0121 AAF1E8B5 		.ascii	"\252\361\350\265\263\026\007\315pIW_\006\325\255q"
 756      B31607CD 
 756      7049575F 
 756      06D5AD71 
 757              		.text
 758              		.section	.gnu.lto_.ipa_sra.fc0040058d84843e,"e",%progbits
 759 0000 789C558B 		.ascii	"x\234U\213A\022\300 \010\003\023\211\323\203}t;>\305"
 759      4112C020 
 759      08031389 
ARM GAS  /tmp/cc8a3Qup.s 			page 18


 759      D3837D74 
 759      3B3EC5
 760 0013 8FD65067 		.ascii	"\217\326Pgl9\300\002\233\216]\201\002\341\340\2106\202"
 760      6C39C002 
 760      9B8E5D81 
 760      02E1E088 
 760      3682
 761 0025 1081CAC2 		.ascii	"\020\201\312\302K\357{\"\227\271\311\336\214\374\254"
 761      4BEF7B22 
 761      97B9C9DE 
 761      8CFCAC
 762 0034 2F9E0BE5 		.ascii	"/\236\013\345[\265\233\2733\344\255\224rt7<\261\212"
 762      5BB59BBB 
 762      33E4AD94 
 762      7274373C 
 762      B18A
 763 0046 05F5     		.ascii	"\005\365"
 764              		.text
 765              		.section	.gnu.lto_.inline.fc0040058d84843e,"e",%progbits
 766 0000 789CFBCE 		.ascii	"x\234\373\316\200\000\314\014\014b\273;\217\2671\247"
 766      8000CC0C 
 766      0C62BB3B 
 766      8FB731A7 
 767 0010 3302C162 		.ascii	"3\002\301bfn\220\010\013\337\265\027\023o2\24520\260"
 767      666E9008 
 767      0BDFB517 
 767      136F32A5 
 767      3230B0
 768 0023 35000153 		.ascii	"5\000\001S\012\023\003\023\003\343\303\203\353g0'21"
 768      0A130313 
 768      03E3C383 
 768      EB673027 
 768      3231
 769 0035 B0C0D90C 		.ascii	"\260\300\331\014, \023x\200\004\323\004?\006\026^t\006"
 769      2C201378 
 769      8004D304 
 769      3F06165E 
 769      7406
 770 0047 33030F50 		.ascii	"3\003\017P\373\006\246\014F\240~\206F \273\016\305H"
 770      FB06A60C 
 770      46A07E86 
 770      4620BB0E 
 770      C548
 771 0059 24CD980C 		.ascii	"$\315\230\014\026\006\256\226\017k?0\247123\025,f\346"
 771      1606AE96 
 771      0F6B3F30 
 771      A7313233 
 771      152C66E6 
 772 006d 62D49606 		.ascii	"b\324\226\006J\024\302Y@\307rA<\0003\270\021n0\013\304"
 772      4A14C259 
 772      40C77241 
 772      3C0033B8 
 772      116E300B 
 773 0082 0E060190 		.ascii	"\016\006\001\220Y\334\014\014\034\014\214\023\374@&"
 773      59DC0C0C 
 773      1C0C8C13 
 773      FC4026
ARM GAS  /tmp/cc8a3Qup.s 			page 19


 774 0091 B3808C06 		.ascii	"\263\200\214\006\032\016\000_\207/\372"
 774      1A0E005F 
 774      872FFA
 775              		.text
 776              		.section	.gnu.lto_.pureconst.fc0040058d84843e,"e",%progbits
 777 0000 789CE362 		.ascii	"x\234\343b```f\230\305\302<\203\205e\006\013\000\011"
 777      60606066 
 777      98C5C23C 
 777      83856506 
 777      0B0009
 778 0013 FE01EB   		.ascii	"\376\001\353"
 779              		.text
 780              		.section	.gnu.lto_.lto.fc0040058d84843e,"e",%progbits
 781 0000 09000000 		.ascii	"\011\000\000\000\001\000\000\000"
 781      01000000 
 782              		.text
 783              		.section	.gnu.lto_cmdSanityUsage.89.fc0040058d84843e,"e",%progbits
 784 0000 789C8D90 		.ascii	"x\234\215\220\315k\023a\020\306\347\331\331\246\273"
 784      CD6B1361 
 784      10C6E7D9 
 784      D9A6BB
 785 000f A92520E4 		.ascii	"\251% \344P\212\220\200P\352\241\245^J<y\365\017\360"
 785      508A9080 
 785      50EAA1A5 
 785      5E4A3C79 
 785      F50FF0
 786 0022 240A71BB 		.ascii	"$\012q\273\330b\374\200x\351\251\2234\322c\212\037X"
 786      D862FC80 
 786      78E9A993 
 786      34D2638A 
 786      1F58
 787 0034 D1D0C645 		.ascii	"\321\320\306E\032=(\205h\255\266\272-(T<\211\236\024"
 787      1A3D2885 
 787      68ADB6BA 
 787      2D28543C 
 787      899E14
 788 0047 0F156CAD 		.ascii	"\017\025l\255\210\245'\005k\235\335mH\216}\341\205y"
 788      88A52705 
 788      6B9DDD6D 
 788      488E7DE1 
 788      8579
 789 0059 669E99DF 		.ascii	"f\236\231\337\274\357Q\203\350\014\021\035\322\013&"
 789      BCEF5183 
 789      E80C111D 
 789      D20B26
 790 0068 182272BC 		.ascii	"\030\"r\274\275`\031@\030\211\005\03230\206\353|\207"
 790      BD601940 
 790      1889051A 
 790      333086EB 
 790      7C87
 791 007a B132F16D 		.ascii	"\2612\361m\301\350\235\325\212\370\267\356vI\315\207"
 791      C1E89DD5 
 791      8AF8B7EE 
 791      7649CD87 
 792 008a C74415BD 		.ascii	"\307D\025\275\321A\035\275\352\373R\254\374>p\215=\006"
 792      D1411DBD 
 792      EAFB52AC 
ARM GAS  /tmp/cc8a3Qup.s 			page 20


 792      FC3E708D 
 792      3D06
 793 009c 4C9537DE 		.ascii	"L\2257\336\326W\343\2014\220R9W_.\331\234\004i<\276"
 793      D657E381 
 793      34905239 
 793      575F2ED9 
 793      9C04693C 
 794 00b1 B6F531D1 		.ascii	"\266\3651\321s_\244(\376\347\327,\207=f\314\203u$\236"
 794      735FA428 
 794      FEE7D72C 
 794      873D66CC 
 794      8375249E 
 795 00c5 A21B4FD0 		.ascii	"\242\033O\320M\244\271\256E\223\360\014=\0244\255\315"
 795      4DA4B9AE 
 795      4593F00C 
 795      3D1434AD 
 795      CD
 796 00d6 FDBBD919 		.ascii	"\375\273\331\0313\367\270X@\214\240\301\343\367m\276"
 796      33F7B858 
 796      408CA0C1 
 796      E3F76DBE 
 797 00e6 FCDD2D8B 		.ascii	"\374\335-\213\354\330\325\237FL\337\020v\224\231\202"
 797      ECD8D59F 
 797      464CDF10 
 797      76949982 
 798 00f6 8D4D884F 		.ascii	"\215M\210O4\311F$\012*6!\367\276\036\011\007l\341j*"
 798      34C94624 
 798      0A2A3621 
 798      F7BE1E09 
 798      076CE16A 
 799 010b 0C747EA5 		.ascii	"\014t~\245\366n\327.\241X\260<6+\254\263\361\034%P\225"
 799      F66ED72E 
 799      A158B03C 
 799      362BACB3 
 799      F11C2550 
 800 0120 0DADBEA9 		.ascii	"\015\255\276\251=\230\356H\367O\313T\312\343\266\300"
 800      3D98EE48 
 800      F74FCB54 
 800      CAE3B6C0 
 801 0130 BF7D7B69 		.ascii	"\277}{i\325\012\374S\"3\217\364Kbx\201t\264\327\242"
 801      D50AFC53 
 801      22338FF4 
 801      4B627881 
 801      74B4D7A2 
 802 0144 367ADC1E 		.ascii	"6z\334\036\242\326\367\205Zj\242>\325\306G\322\231\210"
 802      A2D6F785 
 802      5A6AA23E 
 802      D5C647D2 
 802      9988
 803 0156 6405F68D 		.ascii	"d\005\366\215?;\233v+\311\306\313\006\351U\013\351\307"
 803      3F3B9B76 
 803      2BC9C6CB 
 803      06E9550B 
 803      E9C7
 804 0168 BE487E93 		.ascii	"\276H~\223T\235/\177\260\323'\"T<\360\177\237\235|\230"
 804      549D2F7F 
 804      B0D32722 
ARM GAS  /tmp/cc8a3Qup.s 			page 21


 804      543CF07F 
 804      9F9D7C98 
 805 017c 68457560 		.ascii	"hEu`\271\201Z\331Cm\2438\363+\036\346\202Sf4?\232\350"
 805      B9815AD9 
 805      436DA338 
 805      F32B1EE6 
 805      82536634 
 806 0193 607ED8CD 		.ascii	"`~\330\315\345\372\235\013C\371\354\305\221+\243}\016"
 806      E5FA9D0B 
 806      43F9ECC5 
 806      912BA37D 
 806      0E
 807 01a4 B1337C39 		.ascii	"\2613|9\331\222\350\313\014\014\272g3\203\003d\237\314"
 807      D992E8CB 
 807      0C0CBA67 
 807      33830364 
 807      9FCC
 808 01b6 67CFB9C7 		.ascii	"g\317\271\307:\343\224\260\243j*w\3119\257:\331\320"
 808      3AE394B0 
 808      A36A2A77 
 808      C939AF3A 
 808      D9D0
 809 01c8 A786DC5C 		.ascii	"\247\206\334\\v4\357:\2475\373\037y\220\317e"
 809      7634EF3A 
 809      A735FB1F 
 809      7990CF65 
 810              		.text
 811              		.section	.gnu.lto_cmdSanity.90.fc0040058d84843e,"e",%progbits
 812 0000 789C7592 		.ascii	"x\234u\222\335K\224A\024\306\347\2313\357\272kV\020"
 812      DD4B9441 
 812      14C6E799 
 812      33EFBA6B 
 812      5610
 813 0012 48B55EB4 		.ascii	"H\265^\264\027\201\270\202%\005\262Q\320M\177\210m\222"
 813      1781B882 
 813      2505B251 
 813      D04D7F88 
 813      6D92
 814 0024 81456805 		.ascii	"\201Eh\005]9\257nH\024\254\364A\027\272\324\366fkW\""
 814      5D39AF6E 
 814      4814ACF4 
 814      4117BAD4 
 814      F6666B57 
 815 0039 98DB6A1F 		.ascii	"\230\333j\037\257\012-Et\021uQ\211\230He`-\"\225!mg"
 815      AF0A2D45 
 815      74117551 
 815      89984865 
 815      602D2295 
 816 0050 663711A9 		.ascii	"f7\021\251\201\031\2363s\316o\316\2313\213R\210CB\210"
 816      81199E33 
 816      73CE6FCE 
 816      99338B52 
 816      88434288 
 817 0064 233C1110 		.ascii	"#<\021\020\220Z\353\303\025nPJ\352\231}\037Q\272R\255"
 817      905AEBC3 
 817      156E504A 
 817      EA997D1F 
ARM GAS  /tmp/cc8a3Qup.s 			page 22


 817      51BA52AD 
 818 0078 DCBCB34B 		.ascii	"\334\274\263K\351*\202c\317\240\312\302\015:\200U:\010"
 818      E92A8263 
 818      CFA0CAC2 
 818      0D3A8055 
 818      3A08
 819 008a D1294939 		.ascii	"\321)I9\350\304U\352#L\366|\314\311\272\014\037j\377"
 819      E8C455EA 
 819      234CF67C 
 819      CCC9BA0C 
 819      1F6AFF
 820 009d C6D84E3D 		.ascii	"\306\330N=\350\303#!R<K\003#\250c\277\231\256\324\317"
 820      E8C32321 
 820      523C4B03 
 820      23A863BF 
 820      99AED4CF 
 821 00b1 AA2BE411 		.ascii	"\252+\344\021\240\330\274\366|\344Y\2451%\"l\016\215"
 821      A0D8BCF6 
 821      7CE459A5 
 821      3125226C 
 821      0E8D
 822 00c3 E72F85A8 		.ascii	"\347/\205\250\032\202\365\302\364\273\267N\355\200\326"
 822      1A82F5C2 
 822      F4BBB74E 
 822      ED80D6
 823 00d2 5DDA5F9E 		.ascii	"]\332_\236$\275\333#B\026\304H\214\242\006\367Q#\360"
 823      24BDDB23 
 823      4216C448 
 823      8CA206F7 
 823      5123F0
 824 00e5 00B5BC1D 		.ascii	"\000\265\274\035\356VVr\324\360\310D\"D{-\241{\256\360"
 824      EE565672 
 824      D4F0C844 
 824      22447B2D 
 824      A17BAEF0 
 825 00f9 666B99F0 		.ascii	"fk\231\360\372\251%(\3446\020\306\014A\205\223\312J"
 825      FAA92528 
 825      E43610C6 
 825      0C418593 
 825      CA4A
 826 010b 8EFA9ABD 		.ascii	"\216\372\232\275\347n\241\375\226p9\363\311\015\032"
 826      E76EA1FD 
 826      967039F3 
 826      C90D1A
 827 011a 0257359D 		.ascii	"\002W5\235\267\004\007\343\033\010\017\015\301\011\367"
 827      B70407E3 
 827      1B080F0D 
 827      C109F7
 828 0129 292B396A 		.ascii	")+9jyt\376\000\305,\340\342\313\245\034\225SX\335\321"
 828      7974FE00 
 828      C52CE0E2 
 828      CBA51C95 
 828      5358DDD1 
 829 013d AF7DE551 		.ascii	"\257}\345Q\000\2176\020\036\033B \234QV\012\02387\374"
 829      008F3610 
 829      1E1B4220 
 829      9C51560A 
ARM GAS  /tmp/cc8a3Qup.s 			page 23


 829      133837FC 
 830 0151 FBFAE680 		.ascii	"\373\372\346\2002\017\210'\334\246\322\012~\310\241"
 830      320F8827 
 830      DCA6D20A 
 830      7EC8A1
 831 0160 578EAF57 		.ascii	"W\216\257W\213I\255\0277\245W(\004\230\322%\314\345"
 831      8B49AD17 
 831      37A55728 
 831      0498D225 
 831      CCE5
 832 0172 0AA68800 		.ascii	"\012\246\210\000J\230$\211\"\017\202\366\205\350%Y2"
 832      4A982489 
 832      220F82F6 
 832      85E82559 
 832      32
 833 0183 5C36BE40 		.ascii	"\\6\276@\337.F-\322\310\001\262r\001\211\317S\007\215"
 833      DF2E462D 
 833      D2C801B2 
 833      720189CF 
 833      53078D
 834 0196 4C733FEA 		.ascii	"Ls?\352kl\337z\211\262z\346\202,\307Is\314\371}\030"
 834      6B6CDF7A 
 834      89B27AE6 
 834      822CC749 
 834      73CCF97D 
 835 01ab EE1DA7E8 		.ascii	"\356\035\247\350\240}\231\357\333\373o\005\271\015\342"
 835      A07D99EF 
 835      DBFB6F05 
 835      B90DE2
 836 01ba EEDF6EC3 		.ascii	"\356\337n\303G4M\370\217\377\254+\371s8\353\334'\214"
 836      47344DF8 
 836      8FFFAC2B 
 836      F97338EB 
 836      DC278C
 837 01cd BB140538 		.ascii	"\273\024\00586\021\366O\015\276(\206\022\350r\031\\"
 837      3611F64F 
 837      0DBE2886 
 837      12E87219 
 837      5C
 838 01de 916294C0 		.ascii	"\221b\224\300$\022\020iRi\012x\024\264\251\251|1\375"
 838      24121069 
 838      52690A78 
 838      14B4A9A9 
 838      7C31FD
 839 01f1 0B6B257D 		.ascii	"\013k%}\333\267V\322\217z+\013HD\376\205\014\245\370"
 839      DBB756D2 
 839      8F7A2B0B 
 839      4844FE85 
 839      0CA5F8
 840 0204 3A81A932 		.ascii	":\201\2512\322\243J\3133\337\\+\313[\202,%\227$\224"
 840      D2A34ACB 
 840      33DF5C2B 
 840      CB5B822C 
 840      25972494 
 841 0218 76CD2B0A 		.ascii	"v\315+\012\261\255\243\265\245\255mO\374\344\261\216"
 841      B1ADA3B5 
 841      A5AD6D4F 
ARM GAS  /tmp/cc8a3Qup.s 			page 24


 841      FCE4B18E 
 842 0228 E65327CE 		.ascii	"\346S'\316\234o\210\013u\266\243\245\275z\335NC\254"
 842      9C6F880B 
 842      75B6A3A5 
 842      BD7ADD4E 
 842      43AC
 843 023a B1A9E568 		.ascii	"\261\251\345h\254\251QP\274\365\264jn?\0367\313\271"
 843      ACA95150 
 843      BCF5B46A 
 843      6E3F1E37 
 843      CBB9
 844 024c 3F280D03 		.ascii	"?(\015\003\315"
 844      CD
 845              		.text
 846              		.section	.gnu.lto_cmdSanity.part.0.95.fc0040058d84843e,"e",%progbits
 847 0000 789C8D54 		.ascii	"x\234\215T]L\034U\024\276\337\334;\263\263[~\264\025"
 847      5D4C1C55 
 847      14BEDFDC 
 847      3BB3B35B 
 847      7EB415
 848 0013 81E00324 		.ascii	"\201\340\003$\022\002\017m\032M\032|P\037\215\217\372"
 848      12020F6D 
 848      1A4D1A7C 
 848      501F8D8F 
 848      FA
 849 0024 E073A59B 		.ascii	"\340s\245\233\266)VS\320\350S\357\302V\002\030\027\261"
 849      B6295653 
 849      D0E853EF 
 849      C2560218 
 849      17B1
 850 0036 2D346523 		.ascii	"-4e#\270\312\322\230@\250\024\244(.\240\005\012\324"
 850      B8CAD298 
 850      40A814A4 
 850      282EA005 
 850      0AD4
 851 0048 D21F2B95 		.ascii	"\322\037+\225\326R\033\221\022W\202\2254\212\326s\357"
 851      D6521B91 
 851      12578295 
 851      348AD673 
 851      EF
 852 0059 CC2EB012 		.ascii	"\314.\260\022\343&3{\346\374}\337w\316\235\271l1\366"
 852      E326337B 
 852      E6FC7DDF 
 852      77CE9DB9 
 852      6C31F6
 853 006c 1263EC4D 		.ascii	"\022c\354M\272\340c\360J)\237\365\300\013\3031\014\203"
 853      BAE063F0 
 853      4A299FF5 
 853      C00BC331 
 853      0C83
 854 007e DFA9F923 		.ascii	"\337\251\371#MH\237h\271\177\344\011!\3238<:\024\260"
 854      4D489F68 
 854      B97FE409 
 854      21D3383C 
 854      3A14B0
 855 0091 8561AE4C 		.ascii	"\205a\256L/\225P\314\252\353\014eQ\314\204\355\306\254"
 855      2F9550CC 
ARM GAS  /tmp/cc8a3Qup.s 			page 25


 855      AAEB0C65 
 855      51CC84ED 
 855      C6AC
 856 00a3 649627E9 		.ascii	"d\226'\351\263\001mI\033\354\260\327\340\302\264<6\016"
 856      B3016D49 
 856      1BECB0D7 
 856      E0C2B43C 
 856      360E
 857 00b5 E37D7E92 		.ascii	"\343}~\222c\270\346\247~\2438J\0112\326t6Wv\304\020"
 857      63B8E6A7 
 857      7EA3384A 
 857      0932D674 
 857      365776C4 
 858 00ca E18C85E9 		.ascii	"\341\214\205\351r~)92f\3448\011P\324{P\254\376\316\240"
 858      727E2939 
 858      3266E438 
 858      0950D47B 
 858      50ACFECE 
 859 00df 98F26E56 		.ascii	"\230\362nV\205\357\2475\362\010\007\004=\036=\3373\356"
 859      85EFA735 
 859      F2080704 
 859      3D1E3DDF 
 859      33EE
 860 00f1 538F06F2 		.ascii	"S\217\006\362\351\261\273g(\350\345YP\035\253o/]\315"
 860      E9B1BB67 
 860      28E8E559 
 860      501DAB6F 
 860      2F5DCD
 861 0104 2CFA58CA 		.ascii	",\372X\312*\031\273r\216\313\307#\234\3433p\202E\037"
 861      2A19BB72 
 861      8ECBC723 
 861      9CE33370 
 861      82451F
 862 0117 F2D08B3C 		.ascii	"\362\320\213<\206~\024\221;7$R+n\341\271d>R\363\211"
 862      867E1491 
 862      3B372452 
 862      2B6EE1B9 
 862      643E52F3 
 863 012c CD591451 		.ascii	"\315Y\024Q\305\275\336;O\361\035\032\256\366\302r?w"
 863      C5BDDE3B 
 863      4FF11D1A 
 863      AEF6C272 
 863      3F77
 864 013e 8B57735A 		.ascii	"\213WsZdLD\270\300@\012\336\347\252^\344FEj\211\306"
 864      644C44B8 
 864      C0400ADE 
 864      E7AA5EE4 
 864      46456A89 
 865 0153 73F3919A 		.ascii	"s\363\221\232Ox_\240\210)\301]\003\243\365^\376\244"
 865      4F785FA0 
 865      8829C15D 
 865      03A3F55E 
 865      FEA4
 866 0165 865C98BD 		.ascii	"\206\\\230\275>c\272\365\367\206\265B\023\203)\210_"
 866      3E63BAF5 
 866      F786B542 
 866      13832988 
ARM GAS  /tmp/cc8a3Qup.s 			page 26


 866      5F
 867 0176 AA0E666E 		.ascii	"\252\016fn\265\320&U\315u7\014\360\222\016=\351\225"
 867      B5D02655 
 867      CD75370C 
 867      F0920E3D 
 867      E995
 868 0188 EC96569B 		.ascii	"\354\226V\233\302\254=\261\013\304PBI\361\276S\201\014"
 868      C2AC3DB1 
 868      0BC45042 
 868      49F1BE53 
 868      810C
 869 019a 5EAA61DE 		.ascii	"^\252a\336\211\316\007l\005C\005\3613\231\2164\013C"
 869      89CE076C 
 869      054305F1 
 869      33998E34 
 869      0B43
 870 01ac 2940C30A 		.ascii	")@\303\012\310\312=)\264\2719\220\265\016hD\003\335"
 870      C8CA3D29 
 870      B4B93990 
 870      B50E6844 
 870      03DD
 871 01be EEFEFB58 		.ascii	"\356\376\373X\272%\324a\300W\260\234\2630%\3533\012"
 871      BA25D461 
 871      C057B09C 
 871      B33025EB 
 871      330A
 872 01d0 235A57DC 		.ascii	"#ZW\334Ox\301\374\2442lP\346\036\236\306\356\037VLU"
 872      4F78C1FC 
 872      A4326C50 
 872      E61E9EC6 
 872      EE1F564C 
 873 01e5 20D520C7 		.ascii	" \325 \307\344\032?l\340\347\246\273\2308\207B|\215"
 873      E41A3F6C 
 873      E0E7A6BB 
 873      98388742 
 873      7C8D
 874 01f7 4275CE1C 		.ascii	"Bu\316\034l\214\322\235\316\234\221\010u]2\245\\}\020"
 874      6C8CD29D 
 874      CE9C9108 
 874      755D32A5 
 874      5C7D10
 875 020a 92B2E719 		.ascii	"\222\262\347\031d\202E\270\307\200\332=U\320F\0049l"
 875      648245B8 
 875      C780DA3D 
 875      55D04604 
 875      396C
 876 021c 936E9645 		.ascii	"\223n\226E7\257\207n>\306B\234)&\202\0325p\257crv\027"
 876      37AF876E 
 876      3EC6429C 
 876      2926821A 
 876      3570AF63 
 877 0233 557A9AEB 		.ascii	"Uz\232\353\247r+``\343\364\307P\242u\335\205\301\024"
 877      A7722B60 
 877      60E3F4C7 
 877      50A275DD 
 877      85C114
 878 0246 01E5F88F 		.ascii	"\001\345\370\217\322\365\363\034\247\322\341D\251\342"
ARM GAS  /tmp/cc8a3Qup.s 			page 27


 878      D2F5F31C 
 878      A7D2E144 
 878      A9E2
 879 0254 4F0EA628 		.ascii	"O\016\246(\030k\024\344\207\237L@\253\214\243\352\370"
 879      186B14E4 
 879      879F4C40 
 879      AB8CA3EA 
 879      F8
 880 0265 F863CA6C 		.ascii	"\370c\312l\343\240\336\357V\377z\323V/\322\026\015\025"
 880      E3A0DEEF 
 880      56FF7AD3 
 880      562FD216 
 880      0D15
 881 0277 EE987CE0 		.ascii	"\356\230|\340\015\242*@K\333\022U\357!9\007\247\203"
 881      0DA22A40 
 881      4BDB1255 
 881      EF213907 
 881      A783
 882 0289 C7D2DBF1 		.ascii	"\307\322\333\361\021\001{0\201 p\236\006\3130\211v\260"
 882      11017B30 
 882      8120709E 
 882      06CB3089 
 882      76B0
 883 029b 05041746 		.ascii	"\005\004\027Ff\261IG\017\030\246T\242f\303[\007/\316"
 883      66B14947 
 883      0F18A654 
 883      A266C35B 
 883      072FCE
 884 02ae 33974DD7 		.ascii	"3\227M\327\242\303f\011G\362\265\221\002\235\026\346"
 884      A2C36609 
 884      47F2B591 
 884      029D16E6 
 885 02be 06015C20 		.ascii	"\006\001\\ ,\326\306\015\212\366\267G\177K/x\372\003"
 885      2CD6C60D 
 885      8AF6B747 
 885      7F4B2F78 
 885      FA03
 886 02d0 D94C6722 		.ascii	"\331Lg\"]\3457M\317_\343*\277Y\312\3268q\313\3007(p"
 886      5DE5374D 
 886      CF5FE32A 
 886      BF59CAD6 
 886      3871CBC0 
 887 02e7 5679910A 		.ascii	"Vy\221\012#<S\003\213\271\241\256f\356\002\177\372g"
 887      233C5303 
 887      8BB9A1AE 
 887      66EE027F 
 887      FA67
 888 02f9 720CCDF5 		.ascii	"r\014\315\365\375\246\303Z\254g-\364\034\216vw\216r"
 888      FDA6C35A 
 888      AC672DF4 
 888      1C8E7677 
 888      8E72
 889 030b 47B2DD46 		.ascii	"G\262\335F\337\203i-\370\222\022\234\340\334\306\315"
 889      DF83692D 
 889      F892129C 
 889      E0DCC6CD 
 890 031b 14D60F85 		.ascii	"\024\326\017\205\365'\342\262\303Zu\375q\250q\212\027"
ARM GAS  /tmp/cc8a3Qup.s 			page 28


 890      F527E2B2 
 890      C35A75FD 
 890      71A8718A 
 890      17
 891 032c BCE0B07E 		.ascii	"\274\340\260~X5\036;\035?\340\222&\327V\\IP\276\252"
 891      58351E3B 
 891      1D3FE092 
 891      26D7565C 
 891      4950BEAA 
 892 0340 296F53F3 		.ascii	")oS\363\374yd\322p\021P\222\230\237\031\374}\352=\303"
 892      FC7964D2 
 892      70115092 
 892      989F19FC 
 892      7DEA3DC3 
 893 0354 95D1B798 		.ascii	"\225\321\267\230\224\261<\366\2742\377\327\356\276]"
 893      94B13CF6 
 893      BC32FFD7 
 893      EEBE5D
 894 0363 DBDD3592 		.ascii	"\333\3355\222B\341\336\332_Ny\235e\001\337QDu\037p\273"
 894      42E1DEDA 
 894      5F4E799D 
 894      6501DF51 
 894      44751F70 
 895 0378 3718724C 		.ascii	"7\030rLhK\021\260nL\316\275\015\227\300\034O\354\257"
 895      684B11B0 
 895      6E4CCEBD 
 895      0D97C01C 
 895      4FECAF
 896 038b B5D3E59A 		.ascii	"\265\323\345\232J\341\221\260\376\200\315\254M\343D"
 896      4AE191B0 
 896      FE80CDAC 
 896      4DE344
 897 039a 5378DA52 		.ascii	"Sx\332R`Y\360\341:\362\"\374Q\245`\265\306==\036jB\216"
 897      6059F0E1 
 897      3AF222FC 
 897      51A560B5 
 897      C63D3D1E 
 898 03b1 E1A5BA13 		.ascii	"\341\245\272\023^WSr-\331\377:\236\331QuF\3109\023:"
 898      5E575372 
 898      2DD9FF3A 
 898      9ED95175 
 898      46C83913 
 899 03c6 5EEB2389 		.ascii	"^\353#\211\001I\"s0\253D~\257E\336 \221\324V\323\367"
 899      01492273 
 899      30AB447E 
 899      AF45DE20 
 899      91D456D3 
 900 03db FC55773A 		.ascii	"\374Uw:\236\240\2778\261\231B;\361\302,\323\253\244"
 900      9EA0BF38 
 900      B199423B 
 900      F1C22CD3 
 900      ABA4
 901 03ed 7F210EC7 		.ascii	"\177!\016\307\247\236\267V\354\363\227\227\357({eO\305"
 901      A79EB756 
 901      ECF39797 
 901      EF287B65 
 901      4FC5
ARM GAS  /tmp/cc8a3Qup.s 			page 29


 902 03ff EE83FB2B 		.ascii	"\356\203\373+\337\332^\306x\331\276\327\262\3269\266"
 902      DFDA5EC6 
 902      78D9BED7 
 902      B2D639B6 
 903 040f 97EEDCE5 		.ascii	"\227\356\334\345\177\271t\327N&v\037\332\373\206x\275"
 903      7FB974D7 
 903      4E26761F 
 903      DAFB8678 
 903      BD
 904 0420 C27F4859 		.ascii	"\302\177HYe\333^\364WV\356?\270\267\"\277\374\325\262"
 904      65DB5EF4 
 904      5756EE3F 
 904      B8B722BF 
 904      FCD5B2
 905 0433 03FE3D05 		.ascii	"\003\376=\005\351>f*\223\375\003G\313A`"
 905      E93E662A 
 905      93FD0347 
 905      CB4160
 906              		.text
 907              		.section	.gnu.lto_.symbol_nodes.fc0040058d84843e,"e",%progbits
 908 0000 789C758E 		.ascii	"x\234u\216;\012\302@\024E\357\235\227I\300\015X\352"
 908      3B0AC240 
 908      1445EF9D 
 908      9749C00D 
 908      58EA
 909 0012 5AC47DCD 		.ascii	"Z\304}\315\004\242\265\245\245\212\275\245h!(\202\215"
 909      04A2B5A5 
 909      A58ABDA5 
 909      68212882 
 909      8D
 910 0023 88A5BF44 		.ascii	"\210\245\277D\002\202{\260\2113\032\002\202\271\325"
 910      02827BB0 
 910      89331A02 
 910      82B9D5
 911 0032 8173E0BD 		.ascii	"\201s\340\275&\001\250;\014\254[\300\301\001\216\261"
 911      2601A83B 
 911      0CAC5BC0 
 911      C1018EB1 
 912 0042 48E2D82A 		.ascii	"H\342\330*x\011\350\023`;\200\350\014l\373\376\014\303"
 912      7809E813 
 912      603B80E8 
 912      0C6CFBFE 
 912      0CC3
 913 0054 9F7E6963 		.ascii	"\237~ic\226\265\272\300\250\302M\376H^a\244(\327\372"
 913      96B5BAC0 
 913      A8C24DFE 
 913      485E61A4 
 913      28D7FA
 914 0067 04F097BD 		.ascii	"\004\360\227\275\345\015&\250s)\214\256q\202(\335\347"
 914      E50D26A8 
 914      73298CAE 
 914      718228DD 
 914      E7
 915 0078 7DF2D110 		.ascii	"}\362\321\020\204\371z6\024&\221@\217V\307'8\015E\364"
 915      84F97A36 
 915      14269140 
 915      8F56C727 
ARM GAS  /tmp/cc8a3Qup.s 			page 30


 915      380D45F4 
 916 008c F7D96E45 		.ascii	"\367\331nE\011+\334R\002\314m\326S\3348\224]1~\221\223"
 916      092BDC52 
 916      02CC6DD6 
 916      53DC3894 
 916      5D317E91 
 917 00a1 106FAFF2 		.ascii	"\020o\257\362ZF"
 917      5A46
 918              		.text
 919              		.section	.gnu.lto_.refs.fc0040058d84843e,"e",%progbits
 920 0000 789CE367 		.ascii	"x\234\343g```f``dc`d\344g`d\022e`\000\000\002q\000C"
 920      60606066 
 920      60606463 
 920      6064E467 
 920      60641265 
 921              		.text
 922              		.section	.gnu.lto_.decls.fc0040058d84843e,"e",%progbits
 923 0000 789C7D57 		.ascii	"x\234}WkP\024W\026\356\323w\230\351iy\205G\314\206\325"
 923      6B501457 
 923      16EED377 
 923      98E96979 
 923      8547CC86 
 924 0015 A25CB392 		.ascii	"\242\\\263\222\335\310(n\305\244j\177PIU\222\255\354"
 924      DDC8286E 
 924      C5A46A7F 
 924      50495592 
 924      ADEC
 925 0027 66536BB2 		.ascii	"fSk\262?\374\343\"3\021j\201q\231\301M~m#\341\021\203"
 925      3FFCE322 
 925      33116A81 
 925      7199C14D 
 925      7E6D23E1 
 926 003d 3A181FE0 		.ascii	":\030\037\340\013D6\216\250`\"IPTF\320\000\012\021\025"
 926      0B44368E 
 926      A8602249 
 926      505446D0 
 926      000A1115 
 927 0051 50400515 		.ascii	"P@\005\025\024\023\015\017Q\300\027{\356\275=3\335A"
 927      14130D0F 
 927      51C0177B 
 927      EEBD3D33 
 927      DD41
 928 0063 B6A76E77 		.ascii	"\266\247nw\337s\277\363\235\357\234\276\335\367\216"
 928      DF73BFF3 
 928      9DEF9CBE 
 928      DDF78E
 929 0072 3D5410AE 		.ascii	"=T\020\256\201 4c\233\304\303 \010\3029l\201\330N`k"
 929      81203463 
 929      9BC4C320 
 929      08C2396C 
 929      81D84E60 
 930 0087 C0D6ACDA 		.ascii	"\300\326\254\332Z\261\265c\353\302\326\203\255\017\333"
 930      5AB1B563 
 930      EBC2D683 
 930      AD0FDB
 931 0096 0A6C4BB1 		.ascii	"\012lK\261}/\360\303\210m\014\333#l\367\260\211\310"
 931      7D2FF0C3 
ARM GAS  /tmp/cc8a3Qup.s 			page 31


 931      886D0CDB 
 931      236CF7B0 
 931      89C8
 932 00a8 1B82ED05 		.ascii	"\033\202\355\005l\"\366g\343u.\010\272c\014x\274$la"
 932      6C22F667 
 932      E3752E08 
 932      BA630C78 
 932      BC246C61 
 933 00bc D822D4D8 		.ascii	"\330\"\324\330/\001\217\361[\274\002\360\230\363\200"
 933      2F018FF1 
 933      5BBC02F0 
 933      98F380
 934 00cb C78F5139 		.ascii	"\307\217Q9D5\226\370\013Nz\334B\333\214_\360\256P\271"
 934      443596F8 
 934      0B4E7ADC 
 934      42DB8C5F 
 934      F0AE50B9 
 935 00df 97AAB9BD 		.ascii	"\227\252\271\275\214\230\007x\375\035^\037\252~D\325"
 935      8C980778 
 935      FD1D5E1F 
 935      AA7E44D5 
 936 00ef EECD8352 		.ascii	"\356\315\203R\177\367\013\356A4\376\352\031\232\033"
 936      7FF70BEE 
 936      4134FEEA 
 936      199A1B
 937 00fe 34357911 		.ascii	"45y\021x]hM\346a\373=\360\234h=_Qs\232\017\274\256\264"
 937      785D684D 
 937      E661FB3D 
 937      F09C683D 
 937      5F51739A 
 938 0116 BEC1781F 		.ascii	"\276\301x\037\013\274\3063\361j\301\366\0335\257\000"
 938      0BBCC633 
 938      F16AC1F6 
 938      1B35AF00 
 939 0126 8D266D4D 		.ascii	"\215&mM\211\252\355Yu\335F\340\352\352\035\343\201\033"
 939      89AAED59 
 939      75DD46E0 
 939      EAEA1DE3 
 939      811B
 940 0138 0884C960 		.ascii	"\010\204\311`\300\356\306\323UM2v#d\210\306\356\211"
 940      C0EEC6D3 
 940      554D3276 
 940      236488C6 
 940      EE89
 941 014a 91B22882 		.ascii	"\221\262(\202lx\373\315\241\312\323\301\226\003\012"
 941      6C78FBCD 
 941      A1CAD3C1 
 941      96030A
 942 0159 3FA45704 		.ascii	"?\244W\004\370\026\010c\2315\203\216\027L\226\265\231"
 942      F8160863 
 942      9935838E 
 942      174C96B5 
 942      99
 943 016a C922867D 		.ascii	"\311\"\206}\264\376\362\031B\026\263\373+\025C\365b"
 943      B4FEF219 
 943      4216B3FB 
 943      2B1543F5 
ARM GAS  /tmp/cc8a3Qup.s 			page 32


 943      62
 944 017b F8732F50 		.ascii	"\370s/P$\034\006\002G \034\276\003\213\032\177\337\366"
 944      241C0602 
 944      47201CBE 
 944      038B1A7F 
 944      DFF6
 945 018d 9A6129BC 		.ascii	"\232a)\274\200\263\212\323\241\316\336\354\351\012\014"
 945      80B38AD3 
 945      A1CEDEEC 
 945      E90A0C
 946 019c 5CA328AB 		.ascii	"\\\243(\253\025O\226b~\007jp\370\033\210\202*\210B\207"
 946      154F9662 
 946      7E076A70 
 946      F81B8882 
 946      2A884287 
 947 01b0 A310C870 		.ascii	"\243\020\310pb\307\2313\033\31507\274\224!'\213\346"
 947      62C79933 
 947      1BCD3037 
 947      BC942127 
 947      8BE6
 948 01c2 6EFD7A58 		.ascii	"n\375zXQ6,\240\010\250F\332\343:?\013=-\304\023\213"
 948      51362CA0 
 948      08A846DA 
 948      E33A3F0B 
 948      3D2DC413 
 949 01d7 EF21EF08 		.ascii	"\357!\357\010\232\301\343\\\001\034\203\271\252\212"
 949      9AC1E35C 
 949      011C83B9 
 949      AA8A
 950 01e5 A2CAC387 		.ascii	"\242\312\303\207\202\310\307,\255\312\007?\277\035>"
 950      82C8C72C 
 950      ADCA073F 
 950      BF1D3E
 951 01f4 D50D6AD5 		.ascii	"\325\015j\325 z\317\253\236\202N\235~\217N\307\011\246"
 951      207ACFAB 
 951      9E824E9D 
 951      7E8F4EC7 
 951      09A6
 952 0206 9F5E10DB 		.ascii	"\237^\020\333>~\354a Y\0134\014\271q\242</\010\344("
 952      3E7EEC61 
 952      20590B34 
 952      0CB971A2 
 952      3C2F08E4 
 953 021b 402CE451 		.ascii	"@,\344Q\377\222\254<\343\013\002,\212\202\005\030\256"
 953      FF92AC3C 
 953      E30B022C 
 953      8A820518 
 953      AE
 954 022c 0EC3D583 		.ascii	"\016\303\325\203,\300I\004\234B\262\"Eb\206\"\005\321"
 954      2CC04904 
 954      9C42B222 
 954      45628622 
 954      05D1
 955 023e 43FF61F7 		.ascii	"C\377a\367H\372t[w\246Q+\000\355\032\001\337\253\005"
 955      48FA745B 
 955      77A6512B 
 955      00ED1A01 
ARM GAS  /tmp/cc8a3Qup.s 			page 33


 955      DFAB05
 956 0251 841F07B2 		.ascii	"\204\037\007\262s\015Z\034\216hp\015\\h\003\023\232"
 956      730D5A1C 
 956      8E68700D 
 956      5C680313 
 956      9A
 957 0262 57B3EF5B 		.ascii	"W\263\357[\340S'\014\273CO\006\235r\036\253H\226\022"
 957      E053270C 
 957      BB434F06 
 957      9D721EAB 
 957      489612
 958 0275 F60E35FB 		.ascii	"\366\0165\373\035\233\250FK\0244b\017\261g\362s\217"
 958      1D9BA846 
 958      4B143462 
 958      0FB167F2 
 958      738F
 959 0287 8570D770 		.ascii	"\205p\327p\354\336\276S|%\230\317\272B\300~\211\253"
 959      ECDEBE53 
 959      7C2598CF 
 959      BA42C07E 
 959      89AB
 960 0299 36470A73 		.ascii	"6G\012sQ.z\002`r\317 \333i\306\326\014a\234\222\337"
 960      512E7A02 
 960      6072CF20 
 960      DB69C6D6 
 960      0C619C92 
 961 02ae A3C7E6A7 		.ascii	"\243\307\346\247\303\325\306i\243\267\250\321\253x\364"
 961      C3D5C669 
 961      A3B7A8D1 
 961      AB78F4
 962 02bd 8E2BBB4B 		.ascii	"\216+\273KT\341\001\330\355/\275\023\311\203\307`\357"
 962      54E101D8 
 962      ED2FBD13 
 962      C983C760 
 962      EF
 963 02ce B0E7C1FA 		.ascii	"\260\347\301\372\251\261\317\"\327\017\214\253\225\306"
 963      A9B1CF22 
 963      D70F8CAB 
 963      95C6
 964 02dc 6E61B111 		.ascii	"na\261\021}i\357\272.\242\255\027\016k\002\237\343\365"
 964      7D69EFBA 
 964      2EA2AD17 
 964      0E6B029F 
 964      E3F5
 965 02ee 3AC7EAE5 		.ascii	":\307\352\345\351];A0\320\257e\230\244Y6\014\336m\003"
 965      E95D3B41 
 965      30D0AF65 
 965      98A45936 
 965      0CDE6D03 
 966 0302 DEA7547B 		.ascii	"\336\247T{\213\335'\203\310\006\366\334\241\275\363"
 966      8BDD2783 
 966      C806F6DC 
 966      A1BDF3
 967 0311 B14B969F 		.ascii	"\261K\226\237\361\300\333\2009\320\351u\001\303\234"
 967      F1C0DB80 
 967      39D0E975 
 967      01C39C
ARM GAS  /tmp/cc8a3Qup.s 			page 34


 968 0320 A773AE1D 		.ascii	"\247s\256\035dt\271<y\267/\230g\025\201\335N\367\365"
 968      6474B93C 
 968      79B72F98 
 968      671581DD 
 968      4EF7F5
 969 0333 4669DA8A 		.ascii	"Fi\332\212\\T+\322\301+2q\255n(\200\373Fb7\273\243'"
 969      5C542BD2 
 969      C12B3271 
 969      AD6E2880 
 969      FB466237 
 970 034a C7CC4BE2 		.ascii	"\307\314K\342\246J[\312*\316\033\247\324\244\023\331"
 970      A64A5BCA 
 970      2ACE1BA7 
 970      D4A413D9 
 971 035a 2E31B62E 		.ascii	".1\266.Z\223\213\374yt\261\347Q\263+\247\336\310\011"
 971      5A938BFC 
 971      7974B1E7 
 971      51B32BA7 
 971      DEC809
 972 036d 83B15B3A 		.ascii	"\203\261[:ro\237<\255\230\313\252\230n.\306s\360\213"
 972      726F9F3C 
 972      AD98CBAA 
 972      986E2EC6 
 972      73F08B
 973 0380 0B26EE1B 		.ascii	"\013&\356\033\202\335\374\265\233\306B\270\230q:|\244"
 973      82DDFCB5 
 973      9BC642B8 
 973      98713A7C 
 973      A4
 974 0391 B0EFEB19 		.ascii	"\260\357\353\031S\304\\E\266+\214\255\207\212\271\314"
 974      53C45C45 
 974      B62B8CAD 
 974      878AB9CC 
 975 03a1 C5F43031 		.ascii	"\305\36401\265\223\233k\015\234P\302\356\365C\325\015"
 975      B5939B6B 
 975      0D9C50C2 
 975      EEF543D5 
 975      0D
 976 03b2 41D38AB9 		.ascii	"A\323\212\271\246\212\351\345bn\234-\316Q\347\212\231"
 976      A68AE9E5 
 976      626E9C2D 
 976      CE51E78A 
 976      99
 977 03c3 4EDC6DAD 		.ascii	"N\334m\255\231\352\367\261\221\016O>i+\235Z\231\033"
 977      99EAF7B1 
 977      910E4F3E 
 977      692B9D5A 
 977      991B
 978 03d5 C8769DB1 		.ascii	"\310v\235\261\365Q1\327\270\230>&\246\263\271\2748\240"
 978      F55131D7 
 978      B8983E26 
 978      A6B3B9BC 
 978      38A0
 979 03e7 1F21F423 		.ascii	"\037!\364#m\260\242\307\245W\361$\013K\211\020\241\210"
 979      6DB0A2C7 
 979      A557F124 
 979      0B4B8910 
ARM GAS  /tmp/cc8a3Qup.s 			page 35


 979      A188
 980 03f9 8A68B412 		.ascii	"\212h\264\022Q&2\261\312\2150;f\224\304KbL\210,\271"
 980      512632B1 
 980      CA8D303B 
 980      6694C44B 
 980      624C882C 
 981 040e EB21540E 		.ascii	"\353!T\016\220Dq\300d\225c\036\302~\261\304\030\035"
 981      904471C0 
 981      6495631E 
 981      C27EB1C4 
 981      181D
 982 0420 AF18ACF9 		.ascii	"\257\030\254\371\221\003&Et\275\027\261(\036\317\003"
 982      91032645 
 982      74BD17B1 
 982      281ECF03 
 983 0430 A646B0A2 		.ascii	"\246F\260\242\327\373\006)\024\357\006L\362()Yk\264"
 983      D7FB0629 
 983      14EF064C 
 983      F2282959 
 983      6BB4
 984 0442 B68879F3 		.ascii	"\266\210y\363\360\355\223\255q\021\2503^\222f\207\324"
 984      F0ED93AD 
 984      7111A833 
 984      5E926687 
 984      D4
 985 0453 913AF296 		.ascii	"\221:\362\226 H\322\301\212Hy\300\024\202\0241\326\350"
 985      2048D2C1 
 985      8A4879C0 
 985      14821431 
 985      D6E8
 986 0465 506B7448 		.ascii	"PktH#\004X\255rD\214\200\"\254qq\361\242\214\314\006"
 986      230458AD 
 986      72448C80 
 986      22AC7171 
 986      F1A28CCC 
 987 047a A911E208 		.ascii	"\251\021\342\010\004\306)\327~\232)\203l\236\035\035"
 987      04C629D7 
 987      7E9A2983 
 987      6C9E1D1D 
 988 048a 230856E1 		.ascii	"#\010V\341-\021y\311\244\367\000\023\306\264\372\273"
 988      2D1179C9 
 988      A4F70013 
 988      C6B4FABB 
 989 049a 0031B218 		.ascii	"\0001\262\030'\222w\007L\2700\211\321\202\240\030\244"
 989      27927707 
 989      4CB83089 
 989      D182A018 
 989      A4
 990 04ab C04050F0 		.ascii	"\300@P\360b^\366\256\365\3758Y\0300\2118\024a\000E\004"
 990      625EF6AE 
 990      F5FD3859 
 990      18308938 
 990      14610045 
 991 04c0 BFA76CC4 		.ascii	"\277\247l\304\205\365H\000_\252\350jH\327C\344c'\276"
 991      85F54800 
 991      5FAAE86A 
 991      48D743E4 
ARM GAS  /tmp/cc8a3Qup.s 			page 36


 991      6327BE
 992 04d3 386AC330 		.ascii	"8j\3030;Eba\201\257\311^\253\357\242\336s\000\347\021"
 992      3B456261 
 992      81AFC95E 
 992      ABEFA2DE 
 992      7300E711 
 993 04e7 D5B510C0 		.ascii	"\325\265\020\300\033DPG5\344~\015\252\016/\2177\216"
 993      1B445047 
 993      35E47E0D 
 993      AA0E2F8F 
 993      378E
 994 04f9 46A35F2B 		.ascii	"F\243_+\256\303<\210\250\365a~:\341~J\301G\353\225$"
 994      AEC33C88 
 994      A8F5617E 
 994      3AE17E4A 
 994      C147EB95 
 995 050e 806FA99E 		.ascii	"\200o\251\236\310\037m\012\276\011}\231\370\000{/\036"
 995      C81F6D0A 
 995      BE097D99 
 995      F8007B2F 
 995      1E
 996 051f 7D5E8048 		.ascii	"}^\200HW\274\300>\027g]\325\375\301\344k\376\355X\273"
 996      57BCC03E 
 996      17675DD5 
 996      FDC1E46B 
 996      FEED58BB 
 997 0533 B3E5B191 		.ascii	"\263\345\261\221\324\363\316A\317\356\233\001\006\221"
 997      D4F3CE41 
 997      CFEE9B01 
 997      0691
 998 0541 7FB4C16E 		.ascii	"\177\264\301n\240\266\341\207W\252\002\231m\251\014"
 998      A0B6E187 
 998      57AA0299 
 998      6DA90C
 999 0550 B781D9BA 		.ascii	"\267\201\331\272\263\277Z\007\3522-\300O\272\325\367"
 999      B3BF5A07 
 999      EA322DC0 
 999      4FBAD5F7 
 1000 0560 76C7814E 		.ascii	"v\307\201N\203w\011\247\013\234~x\260\253\251@\267\266"
 1000      837709A7 
 1000      0B9C7E78 
 1000      B0ABA940 
 1000      B7B6
 1001 0572 DCD12D6E 		.ascii	"\334\321-nw\275k\313\236\353y\243\\\012\232\340G\036"
 1001      77BD6BCB 
 1001      9EEB79A3 
 1001      5C0A9AE0 
 1001      471E
 1002 0584 D735F4D4 		.ascii	"\3275\364\324\035\304\214+\002\341gn\3139\345\252\011"
 1002      1DC48C2B 
 1002      02E1676E 
 1002      CB39E5AA 
 1002      09
 1003 0595 E2EF9C88 		.ascii	"\342\357\234\210\335]\355\255\253\201\277s\241\364\375"
 1003      DD5DEDAD 
 1003      AB81BF73 
 1003      A1F4FD
ARM GAS  /tmp/cc8a3Qup.s 			page 37


 1004 05a4 AFBFFA84 		.ascii	"\257\277\372\204\314\334D_\271\203YJ\250\010I\317\303"
 1004      CCDC445F 
 1004      B983594A 
 1004      A80849CF 
 1004      C3
 1005 05b5 30461B62 		.ascii	"0F\033b\321F`\246\000\203`\340!\017o\035l\226\346\224"
 1005      D14660A6 
 1005      008360E0 
 1005      210F6F1D 
 1005      6C96E694 
 1006 05c9 28BDBD8A 		.ascii	"(\275\275\212g\360\360\037\372\253\025%\033uJ\014\007"
 1006      67F0F01F 
 1006      FAAB1525 
 1006      1B754A0C 
 1006      07
 1007 05da 03980A4F 		.ascii	"\003\230\012O\003\356\301\034\332\025\340&\376\240\037"
 1007      03EEC11C 
 1007      DA15E026 
 1007      FEA01F
 1008 05e9 7FB3C6C8 		.ascii	"\177\263\306\310t\365\353\356*\274\024\344Kd\224\213"
 1008      74F5EBEE 
 1008      2ABC14E4 
 1008      4B64948B 
 1009 05f9 DEDE3276 		.ascii	"\336\3362vC\236V\326\003*\353\276W\326\201\322\256~"
 1009      439E56D6 
 1009      032AEBBE 
 1009      57D681D2 
 1009      AE7E
 1010 060b 13CAF2A0 		.ascii	"\023\312\362\240\254\336L\321\215>\377\240\020\270\245"
 1010      ACDE4CD1 
 1010      8D3EFFA0 
 1010      10B8A5
 1011 061a 57744BA7 		.ascii	"WtK\247\010\215c0\007\335\037\227\215uH\244\227?\340"
 1011      088D6330 
 1011      07DD1F97 
 1011      8D7548A4 
 1011      973FE0
 1012 062d 5BA3CDA7 		.ascii	"[\243\315\247M>1\\`\346\245nw\360\264Z\036R-\023^-\367"
 1012      4D3E315C 
 1012      60E6A56E 
 1012      77F0B45A 
 1012      1E522D13 
 1013 0644 BAD7B784 		.ascii	"\272\327\267\204\250%\0329I\224\215\350\024M10\356\023"
 1013      A8251A39 
 1013      49948DE8 
 1013      144D3130 
 1013      EE13
 1014 0656 23D07B6D 		.ascii	"#\320{mm\252\014\002<bZv\335\335\321\032D\006\271\226"
 1014      6DAA0C02 
 1014      3C625A76 
 1014      DDDDD11A 
 1014      4406B996 
 1015 066a BE6B0FC6 		.ascii	"\276k\017\306}\253\326\232\377\267MA\360\232\343\273"
 1015      7DABD69A 
 1015      FFB74D41 
 1015      F09AE3BB 
 1016 067a EF48DA69 		.ascii	"\357H\332i\363D\267%y\352\2356?x\036<\016a\0112\023"
ARM GAS  /tmp/cc8a3Qup.s 			page 38


 1016      F344B725 
 1016      79EA9D36 
 1016      3F781E3C 
 1016      0E610932 
 1017 068f 5D4DBECB 		.ascii	"]M\276\313\326\244<\311\353_\270\253\270B\2273\316m"
 1017      D6A43CC9 
 1017      EB5FB8AB 
 1017      B8429733 
 1017      CE6D
 1018 06a1 7FCE9922 		.ascii	"\177\316\231\"\346\254\210j\316\205\033\334\312\014"
 1018      E6AC886A 
 1018      CE851BDC 
 1018      CA0C
 1019 06af 9A33AE00 		.ascii	"\2323\256\000\015\265s\357W+\237\0060\014<\326\344\374"
 1019      0DB573EF 
 1019      572B9F06 
 1019      300C3CD6 
 1019      E4FC
 1020 06c1 58DDDFC2 		.ascii	"X\335\337\302j\221f:T|g\343\014R\312w\303\331[\3264"
 1020      6A91663A 
 1020      547C67E3 
 1020      0C52CA77 
 1020      C3D95BD6 
 1021 06d6 13B29777 		.ascii	"\023\262\227w\3127\357\037\246\357\023|*\022\036\240"
 1021      CA37EF1F 
 1021      A6EF137C 
 1021      2A121EA0 
 1022 06e6 A5F2F6E7 		.ascii	"\245\362\366\347FR\301\207\257\367\256\373\022\350p"
 1022      4652C187 
 1022      AFF7AEFB 
 1022      12E870
 1023 06f5 0E0E43B6 		.ascii	"\016\016C\266\310\344\036\314\364\354\011\"\2078\342"
 1023      C8E41ECC 
 1023      F4EC0922 
 1023      8738E2
 1024 0704 464EFBF1 		.ascii	"FN\373\361\031\024\221G\021\271\034\241\313[}\260\256"
 1024      19149147 
 1024      11B91CA1 
 1024      CB5B7DB0 
 1024      AE
 1025 0715 EAA65AD9 		.ascii	"\352\246Z\331g[\303\201\243\227\213\216\006\220\032"
 1025      675BC381 
 1025      A3978B8E 
 1025      06901A
 1026 0724 4E75ECFE 		.ascii	"Nu\354\376\225&\221R\345{\265\034\311\257\037\226\237"
 1026      95269152 
 1026      E57BB51C 
 1026      C9AF1F96 
 1026      9F
 1027 0735 5D18588B 		.ascii	"]\030X\213\014\260\216\326\346som&n\256\276Ahmpz\366"
 1027      0CB08ED6 
 1027      E6736F6D 
 1027      266EAEBE 
 1027      41686D70 
 1028 074b 5C8AEBC3 		.ascii	"\\\212\353\303\332d+\205J|\233\211\002!KT\013\004\237"
 1028      DA642B85 
 1028      4A7C9B89 
ARM GAS  /tmp/cc8a3Qup.s 			page 39


 1028      02214B54 
 1028      0B049F
 1029 075e 51DF2C51 		.ascii	"Q\337,Q\255\321zV\243\232\221\247.B\006\270\224\333"
 1029      ADD17A56 
 1029      A39A91A7 
 1029      2E4206B8 
 1029      94DB
 1030 0770 D7DBEA44 		.ascii	"\327\333\352D&\0267(j\002\217\036\265w\233\231\215n"
 1030      26163728 
 1030      6A028F1E 
 1030      B5779B99 
 1030      8D6E
 1031 0782 2C0B7802 		.ascii	",\013x\002\367Olo\245\353\263Qf_\177\023\335\242miX"
 1031      F74F6C6F 
 1031      A5EBB351 
 1031      665F7F13 
 1031      DDA26D69 
 1032 0797 CC2D54F7 		.ascii	"\314-T\367\307h\031\231\030\2522\220aN}&w\374n\240f"
 1032      C7681999 
 1032      18AA3290 
 1032      614E7D26 
 1032      77FC6EA0 
 1033 07ac 09D76CC0 		.ascii	"\011\327l\3007\211\314\215n\2206\212Q\360\205\310&["
 1033      3789CC8D 
 1033      6E90368A 
 1033      51F085C8 
 1033      265B
 1034 07be D7C8C6AD 		.ascii	"\327\310\306\255A\332\"l\026\265\323c\013-\301\006o"
 1034      41DA226C 
 1034      16B5D363 
 1034      0B2DC106 
 1034      6F
 1035 07cf 09       		.ascii	"\011"
 1036 07d0 B23BAAF2 		.ascii	"\262;\252\362\315\352\3648\333\023\2639+\327\363>\303"
 1036      CDEAF438 
 1036      DB13B339 
 1036      2BD7F33E 
 1036      C3
 1037 07e1 804BF44F 		.ascii	"\200K\364O\017\2277\365B\226z\313\251\013\205&\262\236"
 1037      0F9737F5 
 1037      42967ACB 
 1037      A90B8526 
 1037      B29E
 1038 07f3 B06D7BCB 		.ascii	"\260m{\313\300\326\327\300\314w\355\271\374up\205\202"
 1038      C0D6D7C0 
 1038      CC77EDB9 
 1038      FC757085 
 1038      82
 1039 0804 EF752842 		.ascii	"\357u(B\232\255\242Y\200m\250p\273\310w\355\324\300"
 1039      9AADA259 
 1039      806DA870 
 1039      BBC877ED 
 1039      D4C0
 1040 0816 76EDA1EC 		.ascii	"v\355\241\354\226\376\373\372b\262\322D61Jh\334\335"
 1040      96FEFBFA 
 1040      62B2D244 
 1040      36314A68 
ARM GAS  /tmp/cc8a3Qup.s 			page 40


 1040      DCDD
 1041 0828 3824BFB4 		.ascii	"8$\277\264[Q\352\350\247lA[}\216\262\200\002a\007\327"
 1041      5B51EAE8 
 1041      A76C415B 
 1041      7D8EB280 
 1041      026107D7 
 1042 083c A4720BAC 		.ascii	"\244r\013\254\217\274\263~\302\251\264S|\211n\3247\225"
 1042      8FBCB37E 
 1042      C2A9B453 
 1042      7C896ED4 
 1042      3795
 1043 084e EF379172 		.ascii	"\3577\221r\316s4\347\311q\272\273\232\307\213\035\242"
 1043      CE7334E7 
 1043      C971BABB 
 1043      9AC78B1D 
 1043      A2
 1044 085f D988CE53 		.ascii	"\331\210\316S7\242e\005\245Fr\234\303\335\007\335\347"
 1044      37A26505 
 1044      A546729C 
 1044      C3DD07DD 
 1044      E7
 1045 0870 09AD74D6 		.ascii	"\011\255t\326\224J\227\212\314\205\306\336\205y\224"
 1045      944A978A 
 1045      CC85C6DE 
 1045      857994
 1046 087f F04AD7B7 		.ascii	"\360J\327\267\014w\032Qg\037:L\216\377\261htH\311\013"
 1046      0C771A51 
 1046      671F3A4C 
 1046      8EFFB168 
 1046      7448C90B 
 1047 0893 83DD58EE 		.ascii	"\203\335X\356bU\250\377\035G\2130\253\007u\2261\235"
 1047      6255A8FF 
 1047      1D478B30 
 1047      AB077596 
 1047      319D
 1048 08a5 9B0E7F3E 		.ascii	"\233\016\177>\022\244\375\"\3207\322\217\376\257\310"
 1048      12A4FD22 
 1048      D037D28F 
 1048      FEAFC8
 1049 08b4 36D378A1 		.ascii	"6\323x\241\257Lc\375D\260\026\333\247\333x\177\311\261"
 1049      AF4C63FD 
 1049      44B016DB 
 1049      A7DB787F 
 1049      C9B1
 1050 08c6 5F326CC1 		.ascii	"_2l\301\235\003\243\272Mz\217\016\273\207c\3670lw\331"
 1050      9D03A3BA 
 1050      4D7A8F0E 
 1050      BB8763F7 
 1050      306C77D9 
 1051 08da C927BA7F 		.ascii	"\311'\272\177j]:\254\233c\335\014[ZR\3556k\261\364\023"
 1051      6A5D3AAC 
 1051      9B63DD0C 
 1051      5B5A52ED 
 1051      366BB1F4 
 1052 08ef EEC7EEE5 		.ascii	"\356\307\356\345\330\275\014\373mkq\177\200\026\373"
 1052      D8BD0CFB 
 1052      6D6B717F 
ARM GAS  /tmp/cc8a3Qup.s 			page 41


 1052      8016FB
 1053 08fe 50872DE7 		.ascii	"P\207-\347\330r\206\355\252l\323}\030\351S\366C\367"
 1053      D87286ED 
 1053      AA6CD37D 
 1053      18E953F6 
 1053      43F7
 1054 0910 71E83E06 		.ascii	"q\350>\006\275WPqL\367\177\255Y'w?\307\356g\330\257"
 1054      BD575071 
 1054      4CF77FAD 
 1054      5927773F 
 1054      C7EE67D8 
 1055 0925 EA4E36E9 		.ascii	"\352N6\351$\254\323\225\367\000\307\036\340\251\325"
 1055      24ACD395 
 1055      F700C71E 
 1055      E0A9D5
 1056 0934 E67E266A 		.ascii	"\346~&j\261[t\330\012\216\255`\330];\357\266\352JF\037"
 1056      B15B74D8 
 1056      0A8EAD60 
 1056      D85D3BEF 
 1056      B6EA4A46 
 1057 0949 B61F5BC9 		.ascii	"\266\037[\311\261\364\362\234#\311\226\222bIL\265:\022"
 1057      B1F4F29C 
 1057      23C99692 
 1057      62494CB5 
 1057      3A12
 1058 095b D2929D9F 		.ascii	"\322\222\235\237\304&Jo\277\367a\364\233\013\027\013"
 1058      C4264A6F 
 1058      BFF761F4 
 1058      9B0B170B 
 1059 096b 911A63EC 		.ascii	"\221\032c\354\353\013\027\333\226\277\276x\241@V\245"
 1059      EB0B17DB 
 1059      96BFBE78 
 1059      A14056A5 
 1060 097b 3A67BE91 		.ascii	":g\276\221\340\260-\261\375+\303\226\346LNHY\342L\267"
 1060      E0B02DB1 
 1060      FD2BC396 
 1060      E64C4E48 
 1060      59E24CB7 
 1061 098f 25A4FEFD 		.ascii	"%\244\376\375/\037\304\304\306Z\336LJ^\236\374\327%"
 1061      2F1FC4C4 
 1061      C65ADE4C 
 1061      4A5E9EFC 
 1061      D725
 1062 09a1 16BBC392 		.ascii	"\026\273\303\222\224\220bINKL\311\260\332\350\3752\007"
 1062      94906249 
 1062      4E4B4CC9 
 1062      B0DAE8FD 
 1062      3207
 1063 09b3 C3396293 		.ascii	"\3039b\223\204\210g\021\030\022\223\022\322M\031\311"
 1063      84886711 
 1063      18129312 
 1063      D24D19C9 
 1064 09c3 69CED796 		.ascii	"i\316\327\2269\311\302W\005)!=u\325\342\371\251\202"
 1064      39C9C257 
 1064      0529213D 
 1064      75D5E2F9 
 1064      A982
ARM GAS  /tmp/cc8a3Qup.s 			page 42


 1065 09d5 9C684F77 		.ascii	"\234hOw\332>\236\237\272H\010EQK\270\250\225\011\351"
 1065      DA3E9E9F 
 1065      BA480845 
 1065      514BB8A8 
 1065      9509E9
 1066 09e8 CED80566 		.ascii	"\316\330\005f\237!lJ*B\260o\360CG\302\012\233\224\230"
 1066      9F216C4A 
 1066      2A42B06F 
 1066      F04347C2 
 1066      0A9B9498 
 1067 09fc B4321DF9 		.ascii	"\2642\035\371?zy\252\320\224\344\345\026U\240\305\013"
 1067      3F7A79AA 
 1067      D094E4E5 
 1067      1655A0C5 
 1067      0B
 1068 0a0d 43A546B4 		.ascii	"C\245F\264%\246\2564\254\314H\267\031Rl\011\037\231"
 1068      25A6AE34 
 1068      ACCC48B7 
 1068      19526C09 
 1068      1F99
 1069 0a1f D2ECCEA4 		.ascii	"\322\354\316\244t\373\277\361\232\226\226\221\2222\327"
 1069      74FBBFF1 
 1069      9A969691 
 1069      9232D7
 1070 0a2e 92E148B7 		.ascii	"\222\341H\267\240\322\371h\260\315\267%,O\366%\215\276"
 1070      A0D2F968 
 1070      B0CDB725 
 1070      2C4FF625 
 1070      8DBE
 1071 0a40 C9692B90 		.ascii	"\311i+\220E\302\273\017\354\177Js\232\220vQ\3342g$\327"
 1071      45C2BB0F 
 1071      EC7F4A73 
 1071      9A907651 
 1071      DC326724 
 1072 0a55 8A32329C 		.ascii	"\21222\234\311)\354\204\260\200eo\330\355)\021\\\376"
 1072      C929EC84 
 1072      B080656F 
 1072      D8ED2911 
 1072      5CFE
 1073 0a67 129BD389 		.ascii	"\022\233\323\211\336\216?\333\023\377i\263\206s\343"
 1073      DE8E3FDB 
 1073      13FF69B3 
 1073      8673E3
 1074 0a76 DF6CCBED 		.ascii	"\337l\313\355v\347\022[\242=\315\352\2202T\266\027}"
 1074      76E7125B 
 1074      A23DCDEA 
 1074      903254B6 
 1074      177D
 1075 0a88 6CD6F4E4 		.ascii	"l\326\364\344U\266t\207\305\361\211\303iKE\312\377\001"
 1075      55B67487 
 1075      C5F189C3 
 1075      694B45CA 
 1075      FF01
 1076 0a9a 9555638B 		.ascii	"\225Uc\213"
 1077              		.text
 1078              		.section	.gnu.lto_.symtab.fc0040058d84843e,"e",%progbits
 1079 0000 636D6453 		.ascii	"cmdSanityUsage\000"
ARM GAS  /tmp/cc8a3Qup.s 			page 43


 1079      616E6974 
 1079      79557361 
 1079      676500
 1080 000f 00       		.ascii	"\000"
 1081 0010 00       		.ascii	"\000"
 1082 0011 00       		.ascii	"\000"
 1083 0012 00000000 		.ascii	"\000\000\000\000\000\000\000\000"
 1083      00000000 
 1084 001a FB000000 		.ascii	"\373\000\000\000"
 1085 001e 636D6453 		.ascii	"cmdSanity\000"
 1085      616E6974 
 1085      7900
 1086 0028 00       		.ascii	"\000"
 1087 0029 00       		.ascii	"\000"
 1088 002a 00       		.ascii	"\000"
 1089 002b 00000000 		.ascii	"\000\000\000\000\000\000\000\000"
 1089      00000000 
 1090 0033 F3000000 		.ascii	"\363\000\000\000"
 1091 0037 73616E69 		.ascii	"sanityRebootSeconds\000"
 1091      74795265 
 1091      626F6F74 
 1091      5365636F 
 1091      6E647300 
 1092 004b 00       		.ascii	"\000"
 1093 004c 02       		.ascii	"\002"
 1094 004d 00       		.ascii	"\000"
 1095 004e 00000000 		.ascii	"\000\000\000\000\000\000\000\000"
 1095      00000000 
 1096 0056 24010000 		.ascii	"$\001\000\000"
 1097 005a 63687072 		.ascii	"chprintf\000"
 1097      696E7466 
 1097      00
 1098 0063 00       		.ascii	"\000"
 1099 0064 02       		.ascii	"\002"
 1100 0065 00       		.ascii	"\000"
 1101 0066 00000000 		.ascii	"\000\000\000\000\000\000\000\000"
 1101      00000000 
 1102 006e 02010000 		.ascii	"\002\001\000\000"
 1103 0072 73747254 		.ascii	"strToInt\000"
 1103      6F496E74 
 1103      00
 1104 007b 00       		.ascii	"\000"
 1105 007c 02       		.ascii	"\002"
 1106 007d 00       		.ascii	"\000"
 1107 007e 00000000 		.ascii	"\000\000\000\000\000\000\000\000"
 1107      00000000 
 1108 0086 18010000 		.ascii	"\030\001\000\000"
 1109              		.text
 1110              		.section	.gnu.lto_.ext_symtab.fc0040058d84843e,"e",%progbits
 1111 0000 01       		.ascii	"\001"
 1112 0001 01       		.ascii	"\001"
 1113 0002 00       		.ascii	"\000"
 1114 0003 01       		.ascii	"\001"
 1115 0004 00       		.ascii	"\000"
 1116 0005 02       		.ascii	"\002"
 1117 0006 01       		.ascii	"\001"
 1118 0007 01       		.ascii	"\001"
ARM GAS  /tmp/cc8a3Qup.s 			page 44


 1119 0008 00       		.ascii	"\000"
 1120 0009 01       		.ascii	"\001"
 1121 000a 00       		.ascii	"\000"
 1122              		.text
 1123              		.section	.gnu.lto_.opts,"e",%progbits
 1124 0000 272D666E 		.ascii	"'-fno-openmp' '-fno-openacc' '-fno-pie' '-g' '-mcpu"
 1124      6F2D6F70 
 1124      656E6D70 
 1124      2720272D 
 1124      666E6F2D 
 1125 0033 3D636F72 		.ascii	"=cortex-m3' '-mno-thumb-interwork' '-mthumb' '-mflo"
 1125      7465782D 
 1125      6D332720 
 1125      272D6D6E 
 1125      6F2D7468 
 1126 0066 61742D61 		.ascii	"at-abi=soft' '-march=armv7-m' '-Os' '-fomit-frame-p"
 1126      62693D73 
 1126      6F667427 
 1126      20272D6D 
 1126      61726368 
 1127 0099 6F696E74 		.ascii	"ointer' '-falign-functions=16' '-ffunction-sections"
 1127      65722720 
 1127      272D6661 
 1127      6C69676E 
 1127      2D66756E 
 1128 00cc 2720272D 		.ascii	"' '-fdata-sections' '-fno-common' '-flto' '-Xassemb"
 1128      66646174 
 1128      612D7365 
 1128      6374696F 
 1128      6E732720 
 1129 00ff 6C657227 		.ascii	"ler' '-alms=build/lst/cmdsanity.lst'\000"
 1129      20272D61 
 1129      6C6D733D 
 1129      6275696C 
 1129      642F6C73 
 1130              		.text
 1131              		.comm	__gnu_lto_slim,1,1
 1132              		.ident	"GCC: (Fedora 10.2.0-4.fc34) 10.2.0"
ARM GAS  /tmp/cc8a3Qup.s 			page 45


DEFINED SYMBOLS
                            *ABS*:0000000000000000 cmdsanity.c
     /tmp/cc8a3Qup.s:23     .gnu.debuglto_.debug_info:0000000000000000 cmdsanity.c.917eb971
                            *COM*:0000000000000001 __gnu_lto_slim

NO UNDEFINED SYMBOLS
