ARM GAS  /tmp/cc5z9TBg.s 			page 1


   1              		.cpu cortex-m3
   2              		.eabi_attribute 20, 1
   3              		.eabi_attribute 21, 1
   4              		.eabi_attribute 23, 3
   5              		.eabi_attribute 24, 1
   6              		.eabi_attribute 25, 1
   7              		.eabi_attribute 26, 1
   8              		.eabi_attribute 30, 4
   9              		.eabi_attribute 34, 1
  10              		.eabi_attribute 18, 4
  11              		.file	"cmdsof.c"
  12              		.file 1 "/usr/arm-none-eabi/include/machine/_default_types.h"
  13              		.file 2 "/usr/arm-none-eabi/include/sys/_stdint.h"
  14              		.file 3 "/usr/lib/gcc/arm-none-eabi/10.2.0/include/stddef.h"
  15              		.file 4 "../FreeRTOS/include/osal_ch.h"
  16              		.file 5 "../ChibiOS/os/hal/include/hal_streams.h"
  17              		.file 6 "shell/cmdsof.c"
  18              		.section	.gnu.debuglto_.debug_info,"e",%progbits
  19              	.Ldebug_info0:
  20              		.hidden	cmdsof.c.fed38843
  21              		.weak	cmdsof.c.fed38843
  22              	cmdsof.c.fed38843:
  23 0000 28020000 		.4byte	0x228
  24 0004 0400     		.2byte	0x4
  25 0006 00000000 		.4byte	.Ldebug_abbrev0
  26 000a 04       		.byte	0x4
  27 000b 01       		.uleb128 0x1
  28 000c AD000000 		.4byte	.LASF27
  29 0010 0C       		.byte	0xc
  30 0011 A9010000 		.4byte	.LASF28
  31 0015 1E000000 		.4byte	.LASF29
  32 0019 00000000 		.4byte	.Ldebug_line0
  33 001d 02       		.uleb128 0x2
  34 001e 01       		.byte	0x1
  35 001f 06       		.byte	0x6
  36 0020 27020000 		.4byte	.LASF0
  37 0024 03       		.uleb128 0x3
  38 0025 00000000 		.4byte	.LASF4
  39 0029 01       		.byte	0x1
  40 002a 2B       		.byte	0x2b
  41 002b 18       		.byte	0x18
  42 002c 30000000 		.4byte	0x30
  43 0030 02       		.uleb128 0x2
  44 0031 01       		.byte	0x1
  45 0032 08       		.byte	0x8
  46 0033 9F000000 		.4byte	.LASF1
  47 0037 02       		.uleb128 0x2
  48 0038 02       		.byte	0x2
  49 0039 05       		.byte	0x5
  50 003a FA010000 		.4byte	.LASF2
  51 003e 02       		.uleb128 0x2
  52 003f 02       		.byte	0x2
  53 0040 07       		.byte	0x7
  54 0041 73010000 		.4byte	.LASF3
  55 0045 03       		.uleb128 0x3
  56 0046 64000000 		.4byte	.LASF5
  57 004a 01       		.byte	0x1
ARM GAS  /tmp/cc5z9TBg.s 			page 2


  58 004b 4D       		.byte	0x4d
  59 004c 18       		.byte	0x18
  60 004d 51000000 		.4byte	0x51
  61 0051 02       		.uleb128 0x2
  62 0052 04       		.byte	0x4
  63 0053 05       		.byte	0x5
  64 0054 12020000 		.4byte	.LASF6
  65 0058 03       		.uleb128 0x3
  66 0059 8C010000 		.4byte	.LASF7
  67 005d 01       		.byte	0x1
  68 005e 4F       		.byte	0x4f
  69 005f 19       		.byte	0x19
  70 0060 64000000 		.4byte	0x64
  71 0064 02       		.uleb128 0x2
  72 0065 04       		.byte	0x4
  73 0066 07       		.byte	0x7
  74 0067 97010000 		.4byte	.LASF8
  75 006b 02       		.uleb128 0x2
  76 006c 08       		.byte	0x8
  77 006d 05       		.byte	0x5
  78 006e EC010000 		.4byte	.LASF9
  79 0072 02       		.uleb128 0x2
  80 0073 08       		.byte	0x8
  81 0074 07       		.byte	0x7
  82 0075 73000000 		.4byte	.LASF10
  83 0079 04       		.uleb128 0x4
  84 007a 04       		.byte	0x4
  85 007b 05       		.byte	0x5
  86 007c 696E7400 		.ascii	"int\000"
  87 0080 02       		.uleb128 0x2
  88 0081 04       		.byte	0x4
  89 0082 07       		.byte	0x7
  90 0083 BD010000 		.4byte	.LASF11
  91 0087 03       		.uleb128 0x3
  92 0088 CF010000 		.4byte	.LASF12
  93 008c 02       		.byte	0x2
  94 008d 18       		.byte	0x18
  95 008e 13       		.byte	0x13
  96 008f 24000000 		.4byte	0x24
  97 0093 05       		.uleb128 0x5
  98 0094 87000000 		.4byte	0x87
  99 0098 03       		.uleb128 0x3
 100 0099 E4010000 		.4byte	.LASF13
 101 009d 02       		.byte	0x2
 102 009e 2C       		.byte	0x2c
 103 009f 13       		.byte	0x13
 104 00a0 45000000 		.4byte	0x45
 105 00a4 03       		.uleb128 0x3
 106 00a5 09020000 		.4byte	.LASF14
 107 00a9 02       		.byte	0x2
 108 00aa 30       		.byte	0x30
 109 00ab 14       		.byte	0x14
 110 00ac 58000000 		.4byte	0x58
 111 00b0 03       		.uleb128 0x3
 112 00b1 0A000000 		.4byte	.LASF15
 113 00b5 03       		.byte	0x3
 114 00b6 D1       		.byte	0xd1
ARM GAS  /tmp/cc5z9TBg.s 			page 3


 115 00b7 17       		.byte	0x17
 116 00b8 80000000 		.4byte	0x80
 117 00bc 02       		.uleb128 0x2
 118 00bd 08       		.byte	0x8
 119 00be 04       		.byte	0x4
 120 00bf 1B020000 		.4byte	.LASF16
 121 00c3 06       		.uleb128 0x6
 122 00c4 04       		.byte	0x4
 123 00c5 07       		.uleb128 0x7
 124 00c6 04       		.byte	0x4
 125 00c7 87000000 		.4byte	0x87
 126 00cb 02       		.uleb128 0x2
 127 00cc 01       		.byte	0x1
 128 00cd 08       		.byte	0x8
 129 00ce CA010000 		.4byte	.LASF17
 130 00d2 03       		.uleb128 0x3
 131 00d3 DE010000 		.4byte	.LASF18
 132 00d7 04       		.byte	0x4
 133 00d8 5C       		.byte	0x5c
 134 00d9 11       		.byte	0x11
 135 00da 98000000 		.4byte	0x98
 136 00de 08       		.uleb128 0x8
 137 00df 39020000 		.4byte	.LASF30
 138 00e3 10       		.byte	0x10
 139 00e4 05       		.byte	0x5
 140 00e5 46       		.byte	0x46
 141 00e6 08       		.byte	0x8
 142 00e7 20010000 		.4byte	0x120
 143 00eb 09       		.uleb128 0x9
 144 00ec 86010000 		.4byte	.LASF19
 145 00f0 05       		.byte	0x5
 146 00f1 47       		.byte	0x47
 147 00f2 03       		.byte	0x3
 148 00f3 44010000 		.4byte	0x144
 149 00f7 00       		.byte	0
 150 00f8 09       		.uleb128 0x9
 151 00f9 B8010000 		.4byte	.LASF20
 152 00fd 05       		.byte	0x5
 153 00fe 47       		.byte	0x47
 154 00ff 03       		.byte	0x3
 155 0100 63010000 		.4byte	0x163
 156 0104 04       		.byte	0x4
 157 0105 0A       		.uleb128 0xa
 158 0106 70757400 		.ascii	"put\000"
 159 010a 05       		.byte	0x5
 160 010b 47       		.byte	0x47
 161 010c 03       		.byte	0x3
 162 010d 7D010000 		.4byte	0x17d
 163 0111 08       		.byte	0x8
 164 0112 0A       		.uleb128 0xa
 165 0113 67657400 		.ascii	"get\000"
 166 0117 05       		.byte	0x5
 167 0118 47       		.byte	0x47
 168 0119 03       		.byte	0x3
 169 011a 92010000 		.4byte	0x192
 170 011e 0C       		.byte	0xc
 171 011f 00       		.byte	0
ARM GAS  /tmp/cc5z9TBg.s 			page 4


 172 0120 05       		.uleb128 0x5
 173 0121 DE000000 		.4byte	0xde
 174 0125 0B       		.uleb128 0xb
 175 0126 B0000000 		.4byte	0xb0
 176 012a 3E010000 		.4byte	0x13e
 177 012e 0C       		.uleb128 0xc
 178 012f C3000000 		.4byte	0xc3
 179 0133 0C       		.uleb128 0xc
 180 0134 3E010000 		.4byte	0x13e
 181 0138 0C       		.uleb128 0xc
 182 0139 B0000000 		.4byte	0xb0
 183 013d 00       		.byte	0
 184 013e 07       		.uleb128 0x7
 185 013f 04       		.byte	0x4
 186 0140 93000000 		.4byte	0x93
 187 0144 07       		.uleb128 0x7
 188 0145 04       		.byte	0x4
 189 0146 25010000 		.4byte	0x125
 190 014a 0B       		.uleb128 0xb
 191 014b B0000000 		.4byte	0xb0
 192 014f 63010000 		.4byte	0x163
 193 0153 0C       		.uleb128 0xc
 194 0154 C3000000 		.4byte	0xc3
 195 0158 0C       		.uleb128 0xc
 196 0159 C5000000 		.4byte	0xc5
 197 015d 0C       		.uleb128 0xc
 198 015e B0000000 		.4byte	0xb0
 199 0162 00       		.byte	0
 200 0163 07       		.uleb128 0x7
 201 0164 04       		.byte	0x4
 202 0165 4A010000 		.4byte	0x14a
 203 0169 0B       		.uleb128 0xb
 204 016a D2000000 		.4byte	0xd2
 205 016e 7D010000 		.4byte	0x17d
 206 0172 0C       		.uleb128 0xc
 207 0173 C3000000 		.4byte	0xc3
 208 0177 0C       		.uleb128 0xc
 209 0178 87000000 		.4byte	0x87
 210 017c 00       		.byte	0
 211 017d 07       		.uleb128 0x7
 212 017e 04       		.byte	0x4
 213 017f 69010000 		.4byte	0x169
 214 0183 0B       		.uleb128 0xb
 215 0184 D2000000 		.4byte	0xd2
 216 0188 92010000 		.4byte	0x192
 217 018c 0C       		.uleb128 0xc
 218 018d C3000000 		.4byte	0xc3
 219 0191 00       		.byte	0
 220 0192 07       		.uleb128 0x7
 221 0193 04       		.byte	0x4
 222 0194 83010000 		.4byte	0x183
 223 0198 0D       		.uleb128 0xd
 224 0199 04       		.byte	0x4
 225 019a 05       		.byte	0x5
 226 019b 4F       		.byte	0x4f
 227 019c 09       		.byte	0x9
 228 019d AF010000 		.4byte	0x1af
ARM GAS  /tmp/cc5z9TBg.s 			page 5


 229 01a1 0A       		.uleb128 0xa
 230 01a2 766D7400 		.ascii	"vmt\000"
 231 01a6 05       		.byte	0x5
 232 01a7 51       		.byte	0x51
 233 01a8 29       		.byte	0x29
 234 01a9 AF010000 		.4byte	0x1af
 235 01ad 00       		.byte	0
 236 01ae 00       		.byte	0
 237 01af 07       		.uleb128 0x7
 238 01b0 04       		.byte	0x4
 239 01b1 20010000 		.4byte	0x120
 240 01b5 03       		.uleb128 0x3
 241 01b6 8A000000 		.4byte	.LASF21
 242 01ba 05       		.byte	0x5
 243 01bb 53       		.byte	0x53
 244 01bc 03       		.byte	0x3
 245 01bd 98010000 		.4byte	0x198
 246 01c1 02       		.uleb128 0x2
 247 01c2 01       		.byte	0x1
 248 01c3 02       		.byte	0x2
 249 01c4 33020000 		.4byte	.LASF22
 250 01c8 07       		.uleb128 0x7
 251 01c9 04       		.byte	0x4
 252 01ca B5010000 		.4byte	0x1b5
 253 01ce 07       		.uleb128 0x7
 254 01cf 04       		.byte	0x4
 255 01d0 D4010000 		.4byte	0x1d4
 256 01d4 07       		.uleb128 0x7
 257 01d5 04       		.byte	0x4
 258 01d6 CB000000 		.4byte	0xcb
 259 01da 0E       		.uleb128 0xe
 260 01db D7010000 		.4byte	.LASF31
 261 01df 06       		.byte	0x6
 262 01e0 24       		.byte	0x24
 263 01e1 06       		.byte	0x6
 264 01e2 0F       		.uleb128 0xf
 265 01e3 6E000000 		.4byte	.LASF23
 266 01e7 06       		.byte	0x6
 267 01e8 24       		.byte	0x24
 268 01e9 13       		.byte	0x13
 269 01ea C3000000 		.4byte	0xc3
 270 01ee 10       		.uleb128 0x10
 271 01ef 63687000 		.ascii	"chp\000"
 272 01f3 06       		.byte	0x6
 273 01f4 24       		.byte	0x24
 274 01f5 2F       		.byte	0x2f
 275 01f6 C8010000 		.4byte	0x1c8
 276 01fa 0F       		.uleb128 0xf
 277 01fb 04020000 		.4byte	.LASF24
 278 01ff 06       		.byte	0x6
 279 0200 24       		.byte	0x24
 280 0201 38       		.byte	0x38
 281 0202 79000000 		.4byte	0x79
 282 0206 0F       		.uleb128 0xf
 283 0207 5F000000 		.4byte	.LASF25
 284 020b 06       		.byte	0x6
 285 020c 24       		.byte	0x24
ARM GAS  /tmp/cc5z9TBg.s 			page 6


 286 020d 44       		.byte	0x44
 287 020e CE010000 		.4byte	0x1ce
 288 0212 11       		.uleb128 0x11
 289 0213 11000000 		.4byte	.LASF26
 290 0217 06       		.byte	0x6
 291 0218 30       		.byte	0x30
 292 0219 0A       		.byte	0xa
 293 021a C1010000 		.4byte	0x1c1
 294 021e 12       		.uleb128 0x12
 295 021f 636E7400 		.ascii	"cnt\000"
 296 0223 06       		.byte	0x6
 297 0224 31       		.byte	0x31
 298 0225 0E       		.byte	0xe
 299 0226 A4000000 		.4byte	0xa4
 300 022a 00       		.byte	0
 301 022b 00       		.byte	0
 302              		.section	.gnu.debuglto_.debug_abbrev,"e",%progbits
 303              	.Ldebug_abbrev0:
 304 0000 01       		.uleb128 0x1
 305 0001 11       		.uleb128 0x11
 306 0002 01       		.byte	0x1
 307 0003 25       		.uleb128 0x25
 308 0004 0E       		.uleb128 0xe
 309 0005 13       		.uleb128 0x13
 310 0006 0B       		.uleb128 0xb
 311 0007 03       		.uleb128 0x3
 312 0008 0E       		.uleb128 0xe
 313 0009 1B       		.uleb128 0x1b
 314 000a 0E       		.uleb128 0xe
 315 000b 10       		.uleb128 0x10
 316 000c 17       		.uleb128 0x17
 317 000d 00       		.byte	0
 318 000e 00       		.byte	0
 319 000f 02       		.uleb128 0x2
 320 0010 24       		.uleb128 0x24
 321 0011 00       		.byte	0
 322 0012 0B       		.uleb128 0xb
 323 0013 0B       		.uleb128 0xb
 324 0014 3E       		.uleb128 0x3e
 325 0015 0B       		.uleb128 0xb
 326 0016 03       		.uleb128 0x3
 327 0017 0E       		.uleb128 0xe
 328 0018 00       		.byte	0
 329 0019 00       		.byte	0
 330 001a 03       		.uleb128 0x3
 331 001b 16       		.uleb128 0x16
 332 001c 00       		.byte	0
 333 001d 03       		.uleb128 0x3
 334 001e 0E       		.uleb128 0xe
 335 001f 3A       		.uleb128 0x3a
 336 0020 0B       		.uleb128 0xb
 337 0021 3B       		.uleb128 0x3b
 338 0022 0B       		.uleb128 0xb
 339 0023 39       		.uleb128 0x39
 340 0024 0B       		.uleb128 0xb
 341 0025 49       		.uleb128 0x49
 342 0026 13       		.uleb128 0x13
ARM GAS  /tmp/cc5z9TBg.s 			page 7


 343 0027 00       		.byte	0
 344 0028 00       		.byte	0
 345 0029 04       		.uleb128 0x4
 346 002a 24       		.uleb128 0x24
 347 002b 00       		.byte	0
 348 002c 0B       		.uleb128 0xb
 349 002d 0B       		.uleb128 0xb
 350 002e 3E       		.uleb128 0x3e
 351 002f 0B       		.uleb128 0xb
 352 0030 03       		.uleb128 0x3
 353 0031 08       		.uleb128 0x8
 354 0032 00       		.byte	0
 355 0033 00       		.byte	0
 356 0034 05       		.uleb128 0x5
 357 0035 26       		.uleb128 0x26
 358 0036 00       		.byte	0
 359 0037 49       		.uleb128 0x49
 360 0038 13       		.uleb128 0x13
 361 0039 00       		.byte	0
 362 003a 00       		.byte	0
 363 003b 06       		.uleb128 0x6
 364 003c 0F       		.uleb128 0xf
 365 003d 00       		.byte	0
 366 003e 0B       		.uleb128 0xb
 367 003f 0B       		.uleb128 0xb
 368 0040 00       		.byte	0
 369 0041 00       		.byte	0
 370 0042 07       		.uleb128 0x7
 371 0043 0F       		.uleb128 0xf
 372 0044 00       		.byte	0
 373 0045 0B       		.uleb128 0xb
 374 0046 0B       		.uleb128 0xb
 375 0047 49       		.uleb128 0x49
 376 0048 13       		.uleb128 0x13
 377 0049 00       		.byte	0
 378 004a 00       		.byte	0
 379 004b 08       		.uleb128 0x8
 380 004c 13       		.uleb128 0x13
 381 004d 01       		.byte	0x1
 382 004e 03       		.uleb128 0x3
 383 004f 0E       		.uleb128 0xe
 384 0050 0B       		.uleb128 0xb
 385 0051 0B       		.uleb128 0xb
 386 0052 3A       		.uleb128 0x3a
 387 0053 0B       		.uleb128 0xb
 388 0054 3B       		.uleb128 0x3b
 389 0055 0B       		.uleb128 0xb
 390 0056 39       		.uleb128 0x39
 391 0057 0B       		.uleb128 0xb
 392 0058 01       		.uleb128 0x1
 393 0059 13       		.uleb128 0x13
 394 005a 00       		.byte	0
 395 005b 00       		.byte	0
 396 005c 09       		.uleb128 0x9
 397 005d 0D       		.uleb128 0xd
 398 005e 00       		.byte	0
 399 005f 03       		.uleb128 0x3
ARM GAS  /tmp/cc5z9TBg.s 			page 8


 400 0060 0E       		.uleb128 0xe
 401 0061 3A       		.uleb128 0x3a
 402 0062 0B       		.uleb128 0xb
 403 0063 3B       		.uleb128 0x3b
 404 0064 0B       		.uleb128 0xb
 405 0065 39       		.uleb128 0x39
 406 0066 0B       		.uleb128 0xb
 407 0067 49       		.uleb128 0x49
 408 0068 13       		.uleb128 0x13
 409 0069 38       		.uleb128 0x38
 410 006a 0B       		.uleb128 0xb
 411 006b 00       		.byte	0
 412 006c 00       		.byte	0
 413 006d 0A       		.uleb128 0xa
 414 006e 0D       		.uleb128 0xd
 415 006f 00       		.byte	0
 416 0070 03       		.uleb128 0x3
 417 0071 08       		.uleb128 0x8
 418 0072 3A       		.uleb128 0x3a
 419 0073 0B       		.uleb128 0xb
 420 0074 3B       		.uleb128 0x3b
 421 0075 0B       		.uleb128 0xb
 422 0076 39       		.uleb128 0x39
 423 0077 0B       		.uleb128 0xb
 424 0078 49       		.uleb128 0x49
 425 0079 13       		.uleb128 0x13
 426 007a 38       		.uleb128 0x38
 427 007b 0B       		.uleb128 0xb
 428 007c 00       		.byte	0
 429 007d 00       		.byte	0
 430 007e 0B       		.uleb128 0xb
 431 007f 15       		.uleb128 0x15
 432 0080 01       		.byte	0x1
 433 0081 27       		.uleb128 0x27
 434 0082 19       		.uleb128 0x19
 435 0083 49       		.uleb128 0x49
 436 0084 13       		.uleb128 0x13
 437 0085 01       		.uleb128 0x1
 438 0086 13       		.uleb128 0x13
 439 0087 00       		.byte	0
 440 0088 00       		.byte	0
 441 0089 0C       		.uleb128 0xc
 442 008a 05       		.uleb128 0x5
 443 008b 00       		.byte	0
 444 008c 49       		.uleb128 0x49
 445 008d 13       		.uleb128 0x13
 446 008e 00       		.byte	0
 447 008f 00       		.byte	0
 448 0090 0D       		.uleb128 0xd
 449 0091 13       		.uleb128 0x13
 450 0092 01       		.byte	0x1
 451 0093 0B       		.uleb128 0xb
 452 0094 0B       		.uleb128 0xb
 453 0095 3A       		.uleb128 0x3a
 454 0096 0B       		.uleb128 0xb
 455 0097 3B       		.uleb128 0x3b
 456 0098 0B       		.uleb128 0xb
ARM GAS  /tmp/cc5z9TBg.s 			page 9


 457 0099 39       		.uleb128 0x39
 458 009a 0B       		.uleb128 0xb
 459 009b 01       		.uleb128 0x1
 460 009c 13       		.uleb128 0x13
 461 009d 00       		.byte	0
 462 009e 00       		.byte	0
 463 009f 0E       		.uleb128 0xe
 464 00a0 2E       		.uleb128 0x2e
 465 00a1 01       		.byte	0x1
 466 00a2 3F       		.uleb128 0x3f
 467 00a3 19       		.uleb128 0x19
 468 00a4 03       		.uleb128 0x3
 469 00a5 0E       		.uleb128 0xe
 470 00a6 3A       		.uleb128 0x3a
 471 00a7 0B       		.uleb128 0xb
 472 00a8 3B       		.uleb128 0x3b
 473 00a9 0B       		.uleb128 0xb
 474 00aa 39       		.uleb128 0x39
 475 00ab 0B       		.uleb128 0xb
 476 00ac 27       		.uleb128 0x27
 477 00ad 19       		.uleb128 0x19
 478 00ae 00       		.byte	0
 479 00af 00       		.byte	0
 480 00b0 0F       		.uleb128 0xf
 481 00b1 05       		.uleb128 0x5
 482 00b2 00       		.byte	0
 483 00b3 03       		.uleb128 0x3
 484 00b4 0E       		.uleb128 0xe
 485 00b5 3A       		.uleb128 0x3a
 486 00b6 0B       		.uleb128 0xb
 487 00b7 3B       		.uleb128 0x3b
 488 00b8 0B       		.uleb128 0xb
 489 00b9 39       		.uleb128 0x39
 490 00ba 0B       		.uleb128 0xb
 491 00bb 49       		.uleb128 0x49
 492 00bc 13       		.uleb128 0x13
 493 00bd 00       		.byte	0
 494 00be 00       		.byte	0
 495 00bf 10       		.uleb128 0x10
 496 00c0 05       		.uleb128 0x5
 497 00c1 00       		.byte	0
 498 00c2 03       		.uleb128 0x3
 499 00c3 08       		.uleb128 0x8
 500 00c4 3A       		.uleb128 0x3a
 501 00c5 0B       		.uleb128 0xb
 502 00c6 3B       		.uleb128 0x3b
 503 00c7 0B       		.uleb128 0xb
 504 00c8 39       		.uleb128 0x39
 505 00c9 0B       		.uleb128 0xb
 506 00ca 49       		.uleb128 0x49
 507 00cb 13       		.uleb128 0x13
 508 00cc 00       		.byte	0
 509 00cd 00       		.byte	0
 510 00ce 11       		.uleb128 0x11
 511 00cf 34       		.uleb128 0x34
 512 00d0 00       		.byte	0
 513 00d1 03       		.uleb128 0x3
ARM GAS  /tmp/cc5z9TBg.s 			page 10


 514 00d2 0E       		.uleb128 0xe
 515 00d3 3A       		.uleb128 0x3a
 516 00d4 0B       		.uleb128 0xb
 517 00d5 3B       		.uleb128 0x3b
 518 00d6 0B       		.uleb128 0xb
 519 00d7 39       		.uleb128 0x39
 520 00d8 0B       		.uleb128 0xb
 521 00d9 49       		.uleb128 0x49
 522 00da 13       		.uleb128 0x13
 523 00db 00       		.byte	0
 524 00dc 00       		.byte	0
 525 00dd 12       		.uleb128 0x12
 526 00de 34       		.uleb128 0x34
 527 00df 00       		.byte	0
 528 00e0 03       		.uleb128 0x3
 529 00e1 08       		.uleb128 0x8
 530 00e2 3A       		.uleb128 0x3a
 531 00e3 0B       		.uleb128 0xb
 532 00e4 3B       		.uleb128 0x3b
 533 00e5 0B       		.uleb128 0xb
 534 00e6 39       		.uleb128 0x39
 535 00e7 0B       		.uleb128 0xb
 536 00e8 49       		.uleb128 0x49
 537 00e9 13       		.uleb128 0x13
 538 00ea 00       		.byte	0
 539 00eb 00       		.byte	0
 540 00ec 00       		.byte	0
 541              		.section	.gnu.debuglto_.debug_line,"e",%progbits
 542              	.Ldebug_line0:
 543 0000 11010000 		.4byte	.LELT0-.LSLT0
 544              	.LSLT0:
 545 0004 0400     		.2byte	0x4
 546 0006 0B010000 		.4byte	.LELTP0-.LASLTP0
 547              	.LASLTP0:
 548 000a 01       		.byte	0x1
 549 000b 01       		.byte	0x1
 550 000c 01       		.byte	0x1
 551 000d F6       		.byte	0xf6
 552 000e F2       		.byte	0xf2
 553 000f 0D       		.byte	0xd
 554 0010 00       		.byte	0
 555 0011 01       		.byte	0x1
 556 0012 01       		.byte	0x1
 557 0013 01       		.byte	0x1
 558 0014 01       		.byte	0x1
 559 0015 00       		.byte	0
 560 0016 00       		.byte	0
 561 0017 00       		.byte	0
 562 0018 01       		.byte	0x1
 563 0019 00       		.byte	0
 564 001a 00       		.byte	0
 565 001b 01       		.byte	0x1
 566 001c 2E2E2F43 		.ascii	"../ChibiOS/os/hal/include"
 566      68696269 
 566      4F532F6F 
 566      732F6861 
 566      6C2F696E 
ARM GAS  /tmp/cc5z9TBg.s 			page 11


 567 0035 00       		.byte	0
 568 0036 2E2E2F46 		.ascii	"../FreeRTOS/include"
 568      72656552 
 568      544F532F 
 568      696E636C 
 568      756465
 569 0049 00       		.byte	0
 570 004a 7368656C 		.ascii	"shell"
 570      6C
 571 004f 00       		.byte	0
 572 0050 2F757372 		.ascii	"/usr/arm-none-eabi/include/machine"
 572      2F61726D 
 572      2D6E6F6E 
 572      652D6561 
 572      62692F69 
 573 0072 00       		.byte	0
 574 0073 2F757372 		.ascii	"/usr/arm-none-eabi/include/sys"
 574      2F61726D 
 574      2D6E6F6E 
 574      652D6561 
 574      62692F69 
 575 0091 00       		.byte	0
 576 0092 2F757372 		.ascii	"/usr/lib/gcc/arm-none-eabi/10.2.0/include"
 576      2F6C6962 
 576      2F676363 
 576      2F61726D 
 576      2D6E6F6E 
 577 00bb 00       		.byte	0
 578 00bc 00       		.byte	0
 579 00bd 5F646566 		.ascii	"_default_types.h\000"
 579      61756C74 
 579      5F747970 
 579      65732E68 
 579      00
 580 00ce 04       		.uleb128 0x4
 581 00cf 00       		.uleb128 0
 582 00d0 00       		.uleb128 0
 583 00d1 5F737464 		.ascii	"_stdint.h\000"
 583      696E742E 
 583      6800
 584 00db 05       		.uleb128 0x5
 585 00dc 00       		.uleb128 0
 586 00dd 00       		.uleb128 0
 587 00de 73746464 		.ascii	"stddef.h\000"
 587      65662E68 
 587      00
 588 00e7 06       		.uleb128 0x6
 589 00e8 00       		.uleb128 0
 590 00e9 00       		.uleb128 0
 591 00ea 6F73616C 		.ascii	"osal_ch.h\000"
 591      5F63682E 
 591      6800
 592 00f4 02       		.uleb128 0x2
 593 00f5 00       		.uleb128 0
 594 00f6 00       		.uleb128 0
 595 00f7 68616C5F 		.ascii	"hal_streams.h\000"
 595      73747265 
ARM GAS  /tmp/cc5z9TBg.s 			page 12


 595      616D732E 
 595      6800
 596 0105 01       		.uleb128 0x1
 597 0106 00       		.uleb128 0
 598 0107 00       		.uleb128 0
 599 0108 636D6473 		.ascii	"cmdsof.c\000"
 599      6F662E63 
 599      00
 600 0111 03       		.uleb128 0x3
 601 0112 00       		.uleb128 0
 602 0113 00       		.uleb128 0
 603 0114 00       		.byte	0
 604              	.LELTP0:
 605              	.LELT0:
 606              		.section	.gnu.debuglto_.debug_str,"eMS",%progbits,1
 607              	.LASF4:
 608 0000 5F5F7569 		.ascii	"__uint8_t\000"
 608      6E74385F 
 608      7400
 609              	.LASF15:
 610 000a 73697A65 		.ascii	"size_t\000"
 610      5F7400
 611              	.LASF26:
 612 0011 616C6C6F 		.ascii	"allowDisable\000"
 612      77446973 
 612      61626C65 
 612      00
 613              	.LASF29:
 614 001e 2F686F6D 		.ascii	"/home/framin/hardware/electrosense-converter-firmwa"
 614      652F6672 
 614      616D696E 
 614      2F686172 
 614      64776172 
 615 0051 72655632 		.ascii	"reV2/firmware\000"
 615      2F666972 
 615      6D776172 
 615      6500
 616              	.LASF25:
 617 005f 61726776 		.ascii	"argv\000"
 617      00
 618              	.LASF5:
 619 0064 5F5F696E 		.ascii	"__int32_t\000"
 619      7433325F 
 619      7400
 620              	.LASF23:
 621 006e 75736572 		.ascii	"user\000"
 621      00
 622              	.LASF10:
 623 0073 6C6F6E67 		.ascii	"long long unsigned int\000"
 623      206C6F6E 
 623      6720756E 
 623      7369676E 
 623      65642069 
 624              	.LASF21:
 625 008a 42617365 		.ascii	"BaseSequentialStream\000"
 625      53657175 
 625      656E7469 
ARM GAS  /tmp/cc5z9TBg.s 			page 13


 625      616C5374 
 625      7265616D 
 626              	.LASF1:
 627 009f 756E7369 		.ascii	"unsigned char\000"
 627      676E6564 
 627      20636861 
 627      7200
 628              	.LASF27:
 629 00ad 474E5520 		.ascii	"GNU C17 10.2.0 -mcpu=cortex-m3 -mno-thumb-interwork"
 629      43313720 
 629      31302E32 
 629      2E30202D 
 629      6D637075 
 630 00e0 202D6D74 		.ascii	" -mthumb -mfloat-abi=soft -march=armv7-m -ggdb -Os "
 630      68756D62 
 630      202D6D66 
 630      6C6F6174 
 630      2D616269 
 631 0113 2D666F6D 		.ascii	"-fomit-frame-pointer -falign-functions=16 -ffunctio"
 631      69742D66 
 631      72616D65 
 631      2D706F69 
 631      6E746572 
 632 0146 6E2D7365 		.ascii	"n-sections -fdata-sections -fno-common -flto\000"
 632      6374696F 
 632      6E73202D 
 632      66646174 
 632      612D7365 
 633              	.LASF3:
 634 0173 73686F72 		.ascii	"short unsigned int\000"
 634      7420756E 
 634      7369676E 
 634      65642069 
 634      6E7400
 635              	.LASF19:
 636 0186 77726974 		.ascii	"write\000"
 636      6500
 637              	.LASF7:
 638 018c 5F5F7569 		.ascii	"__uint32_t\000"
 638      6E743332 
 638      5F7400
 639              	.LASF8:
 640 0197 6C6F6E67 		.ascii	"long unsigned int\000"
 640      20756E73 
 640      69676E65 
 640      6420696E 
 640      7400
 641              	.LASF28:
 642 01a9 7368656C 		.ascii	"shell/cmdsof.c\000"
 642      6C2F636D 
 642      64736F66 
 642      2E6300
 643              	.LASF20:
 644 01b8 72656164 		.ascii	"read\000"
 644      00
 645              	.LASF11:
 646 01bd 756E7369 		.ascii	"unsigned int\000"
ARM GAS  /tmp/cc5z9TBg.s 			page 14


 646      676E6564 
 646      20696E74 
 646      00
 647              	.LASF17:
 648 01ca 63686172 		.ascii	"char\000"
 648      00
 649              	.LASF12:
 650 01cf 75696E74 		.ascii	"uint8_t\000"
 650      385F7400 
 651              	.LASF31:
 652 01d7 636D6453 		.ascii	"cmdSof\000"
 652      6F6600
 653              	.LASF18:
 654 01de 6D73675F 		.ascii	"msg_t\000"
 654      7400
 655              	.LASF13:
 656 01e4 696E7433 		.ascii	"int32_t\000"
 656      325F7400 
 657              	.LASF9:
 658 01ec 6C6F6E67 		.ascii	"long long int\000"
 658      206C6F6E 
 658      6720696E 
 658      7400
 659              	.LASF2:
 660 01fa 73686F72 		.ascii	"short int\000"
 660      7420696E 
 660      7400
 661              	.LASF24:
 662 0204 61726763 		.ascii	"argc\000"
 662      00
 663              	.LASF14:
 664 0209 75696E74 		.ascii	"uint32_t\000"
 664      33325F74 
 664      00
 665              	.LASF6:
 666 0212 6C6F6E67 		.ascii	"long int\000"
 666      20696E74 
 666      00
 667              	.LASF16:
 668 021b 6C6F6E67 		.ascii	"long double\000"
 668      20646F75 
 668      626C6500 
 669              	.LASF0:
 670 0227 7369676E 		.ascii	"signed char\000"
 670      65642063 
 670      68617200 
 671              	.LASF22:
 672 0233 5F426F6F 		.ascii	"_Bool\000"
 672      6C00
 673              	.LASF30:
 674 0239 42617365 		.ascii	"BaseSequentialStreamVMT\000"
 674      53657175 
 674      656E7469 
 674      616C5374 
 674      7265616D 
 675              		.text
 676              		.section	.gnu.lto_.profile.c3c3eb3b1f578e7b,"e",%progbits
ARM GAS  /tmp/cc5z9TBg.s 			page 15


 677 0000 789C6362 		.ascii	"x\234cb\000\001\000\000\022\000\003"
 677      00010000 
 677      120003
 678              		.text
 679              		.section	.gnu.lto_.icf.c3c3eb3b1f578e7b,"e",%progbits
 680 0000 789CE360 		.ascii	"x\234\343`@\000F\206\331K\347\177\347d\000\000\015\012"
 680      40004686 
 680      D94BE77F 
 680      E7640000 
 680      0D0A
 681 0012 02E9     		.ascii	"\002\351"
 682              		.text
 683              		.section	.gnu.lto_.jmpfuncs.c3c3eb3b1f578e7b,"e",%progbits
 684 0000 789CD361 		.ascii	"x\234\323ab`\320f\200\000F\006\026F \340cX\314\314\300"
 684      6260D066 
 684      80004606 
 684      164620E0 
 684      6358CCCC 
 685 0015 B29899B1 		.ascii	"\262\230\231\261~13\023\0203\263\261\3241\002e\017\260"
 685      7E313313 
 685      1033B3B1 
 685      D4310265 
 685      0FB0
 686 0027 303200F1 		.ascii	"02\000\361\177 \340g`\236\315\314x\241\273\375\015\253"
 686      7F20E067 
 686      609ECDCC 
 686      78A1BBFD 
 686      0DAB
 687 0039 22E3FC86 		.ascii	"\"\343\374\206\031\012\213\231Y\030\030\2670*\242\252"
 687      190A8B99 
 687      591818B7 
 687      302AA2AA 
 688 0049 626402AA 		.ascii	"bd\002\252\332\326\371v%\347$\346\305\314\254@\263\267"
 688      DAD6F976 
 688      25E724E6 
 688      C5CCAC40 
 688      B3B7
 689 005b 324A0385 		.ascii	"2J\003\205z\026\335jf\206\010A\324mc\224F\267\000\233"
 689      7A16DD6A 
 689      66860841 
 689      D46D6394 
 689      46B7009B 
 690 006f A520E37E 		.ascii	"\245 \343~><\364\201\025\244\227\211Q\224q;P\037H\211"
 690      3E3CF481 
 690      15A49789 
 690      5194713B 
 690      501F4889 
 691 0083 284819D8 		.ascii	"(H\031\330M\017:\027\334gTd\207\270\211\215\201q\007"
 691      4D0F3A17 
 691      DC675464 
 691      87B8898D 
 691      817107
 692 0096 A69B408E 		.ascii	"\246\233@\216\000\331H\254\267v\3426\002\241\235\221"
 692      00D948AC 
 692      B776E236 
 692      02A19D91 
 693 00a6 81898114 		.ascii	"\201\211\201\024\213\230\260\270\375\346\315\257\333"
ARM GAS  /tmp/cc5z9TBg.s 			page 16


 693      8B98B0B8 
 693      FDE6CDAF 
 693      DB
 694 00b3 99148521 		.ascii	"\231\024\205!\026\26330\356\302m1\023((\372\232\337"
 694      16B33330 
 694      EEC26D31 
 694      132828FA 
 694      9ADF
 695 00c5 DFE30005 		.ascii	"\337\343\000\005\005\007#\003\343n\250q\014`\343\230"
 695      05072303 
 695      E36EA871 
 695      0C60E398 
 696 00d5 50429E03 		.ascii	"PB\236\003\030\362{\240\362`5\014,\330<\276\360\342"
 696      18F27BA0 
 696      F260350C 
 696      2CD83CBE 
 696      F0E2
 697 00e7 893B7C8A 		.ascii	"\211;|\212\232\020\3739\031\030\367\342\3618\253j)/"
 697      9A10FB39 
 697      1918F7E2 
 697      F138AB6A 
 697      292F
 698 00f9 17037770 		.ascii	"\027\003wp\276\233\202s~i^\211\025\203(\210\355\222"
 698      BE9B8273 
 698      7E695E89 
 698      15832888 
 698      ED92
 699 010b 599C9894 		.ascii	"Y\234\230\224\223\252\340\230\223\223_\236\232b\305"
 699      93AAE098 
 699      93935F9E 
 699      9A62C5
 700 011a C064C800 		.ascii	"\300d\310\000\000\034\016\2524"
 700      001C0EAA 
 700      34
 701              		.text
 702              		.section	.gnu.lto_.ipa_sra.c3c3eb3b1f578e7b,"e",%progbits
 703 0000 789C2B63 		.ascii	"x\234+c@\000F\006\026 \311\012$\331\301\334\305\314"
 703      40004606 
 703      1620C90A 
 703      24D9C1DC 
 703      C5CC
 704 0012 5C8B9999 		.ascii	"\\\213\231\231\031X\030\201\202\214\314\214\215,HJ\361"
 704      19581881 
 704      828CCC8C 
 704      8D2C484A 
 704      F1
 705 0023 7319C114 		.ascii	"s\031\301\0246A(\311\304\310\014\023\007\000Y\275\004"
 705      364128C9 
 705      C4C80C13 
 705      070059BD 
 705      04
 706 0034 24       		.ascii	"$"
 707              		.text
 708              		.section	.gnu.lto_.inline.c3c3eb3b1f578e7b,"e",%progbits
 709 0000 789CDBC9 		.ascii	"x\234\333\311\200\000\214\014\214*\373\246\334\271\314"
 709      80008C0C 
 709      8C2AFBA6 
ARM GAS  /tmp/cc5z9TBg.s 			page 17


 709      DCB9CC
 710 000f 94C9C8CC 		.ascii	"\224\311\310\314\224\273\230\231\211QK\232\201\201\211"
 710      94BB9899 
 710      89514B9A 
 710      818189
 711 001e 11C802CA 		.ascii	"\021\310\002\3122\003i.\006f\006\0066\246\006 `J\006"
 711      3203692E 
 711      06660606 
 711      36A60620 
 711      604A06
 712 0031 B2C08C14 		.ascii	"\262\300\214\024&\006&\006\026\010\223\201\203\201\361"
 712      26062606 
 712      16089381 
 712      8381F1
 713 0040 E1BCAE75 		.ascii	"\341\274\256uL\211,L\014\002@\014\343\0019\014,`v2\220"
 713      4C892C4C 
 713      0C02400C 
 713      E301390C 
 713      2C607632 
 714 0055 01348E85 		.ascii	"\0014\216\205\027d\346\004?\206\011~p&\262 3\017\330"
 714      1764E604 
 714      3F86097E 
 714      7026B220 
 714      330FD8
 715 0068 45083926 		.ascii	"E\0109&n\240<P\004F\203dX\030\230@R\000{\316\036\235"
 715      6EA03C50 
 715      04468364 
 715      58189840 
 715      52007BCE 
 716              		.text
 717              		.section	.gnu.lto_.pureconst.c3c3eb3b1f578e7b,"e",%progbits
 718 0000 789C6361 		.ascii	"x\234ca```d\230\311\002\000\001b\000\243"
 718      60606064 
 718      98C90200 
 718      016200A3 
 719              		.text
 720              		.section	.gnu.lto_.lto.c3c3eb3b1f578e7b,"e",%progbits
 721 0000 09000000 		.ascii	"\011\000\000\000\001\000\000\000"
 721      01000000 
 722              		.text
 723              		.section	.gnu.lto_cmdSof.88.c3c3eb3b1f578e7b,"e",%progbits
 724 0000 789C9554 		.ascii	"x\234\225TQL\034U\024}w\356\314\260\313.\213Rq\333\256"
 724      514C1C55 
 724      147D77EE 
 724      CCB0CB2E 
 724      8B5271DB 
 725 0015 1F4BE286 		.ascii	"\037K\342\206\024\022\324\340\007%\375\320hLL\374\363"
 725      1412D4E0 
 725      0725FDD0 
 725      684C4CFC 
 725      F3
 726 0026 CB4F0A54 		.ascii	"\313O\012TL\260\230R\364\313\364\355v[DL1\025,\251."
 726      4CB09852 
 726      F4CBF4ED 
 726      765B444C 
 726      31152CA9 
 727 003b 8263A1D5 		.ascii	"\202c\241\325\004\212\245l\021\255\323\245\224\026+"
ARM GAS  /tmp/cc5z9TBg.s 			page 18


 727      048AA56C 
 727      11ADD3A5 
 727      94162B
 728 004a B6D556B7 		.ascii	"\266\325V\267nW\226b\261P\221\022M\252!\305\373\336"
 728      6E579662 
 728      B1509112 
 728      4DAA21C5 
 728      FBDE
 729 005c CC420B6A 		.ascii	"\314B\013j\352$3\373\336\275\357\234{\317\231;\273G"
 729      EA2433FB 
 729      DEBDEF9C 
 729      7BCF993B 
 729      BB47
 730 006e 67AC9631 		.ascii	"g\254\2261\366\002\335\220\301@\341\234?\221\021t(\012"
 730      F602DD90 
 730      C140E19C 
 730      3F911174 
 730      280A
 731 0080 DE305201 		.ascii	"\3360R\001\225g\352\315\211\266\365*w\243\242R\316O"
 731      9567EACD 
 731      89B6F52A 
 731      77A3A252 
 731      CE4F
 732 0092 11CDFA75 		.ascii	"\021\315\372u\253\240\333\247\265\245\225\016 W\334"
 732      ABA0DBA7 
 732      B5A5950E 
 732      2057DC
 733 00a1 016C8782 		.ascii	"\001l\207\202\252\246\303\016x\007\337C\210\325_\033"
 733      AAA6C30E 
 733      7807DF43 
 733      88D55F1B 
 734 00b1 50367451 		.ascii	"P6tQ\226\233\373Z\327\361\203&\030\310X\204n\353\202"
 734      969BFB5A 
 734      D7F18326 
 734      18C85884 
 734      6EEB82
 735 00c4 3ED840E7 		.ascii	">\330@\347\222\241\310-\367^4\020@\245m\363h\337\231"
 735      92A1C82D 
 735      F75E3410 
 735      40A56DF3 
 735      68DF99
 736 00d7 4CB155C0 		.ascii	"L\261U\300O\333\236\301\221F'\346\000\243\365\365\304"
 736      4FDB9EC1 
 736      914627E6 
 736      00A3F5F5 
 736      C4
 737 00e8 E5B8967F 		.ascii	"\345\270\226\177\200\363\0207\0231\344\017\033\210\020"
 737      80F31037 
 737      1331E40F 
 737      1B8810
 738 00f7 05244AE8 		.ascii	"\005$J\350\007\037\034\005\037c\024\363NP\340\030\344"
 738      071F1C05 
 738      1F6314F3 
 738      4E50E018 
 738      E4
 739 0108 13A4B7EF 		.ascii	"\023\244\267\357D\330\211\005\022\276sb\356b\266\015"
 739      44D88905 
ARM GAS  /tmp/cc5z9TBg.s 			page 19


 739      12BE7362 
 739      EE62B60D 
 740 0118 5F189670 		.ascii	"_\030\226p\025\006V\301U\357,\005>\223\360\331\350\241"
 740      150656C1 
 740      55EF2C05 
 740      3E93F0D9 
 740      E8A1
 741 012a A0078B24 		.ascii	"\240\007\213$\374\255\256\251\240C\300I\317\311\021"
 741      FCADAEA9 
 741      A043C049 
 741      CFC911
 742 0139 09D76070 		.ascii	"\011\327`p\025\\\363\376E\201\317%\374\367\376\311R"
 742      155CF3FE 
 742      4581CF25 
 742      FCF7FEC9 
 742      52
 743 014a 2C96E886 		.ascii	",\226\350\206\261\371\001\264\213O\256}\237\233\252"
 743      B1F901B4 
 743      8B4FAE7D 
 743      9F9BAA
 744 0159 813A7CB1 		.ascii	"\201:|\261\012\256{w\253\014\216C>\023\250\350\376\333"
 744      0AAE7B77 
 744      AB0C8E43 
 744      3E13A8E8 
 744      FEDB
 745 016b A68A2592 		.ascii	"\246\212%\222aqf,\245\005\014\3110v\015\211\"\35470"
 745      6171662C 
 745      A5050CC9 
 745      30760D89 
 745      22EC3730 
 746 017f 03BE5CC1 		.ascii	"\003\276\\\301\301\230\267M\025\200\256\241\231\361"
 746      C198B74D 
 746      1580AEA1 
 746      99F1
 747 018d 0CDC24C1 		.ascii	"\014\334$\301\037\233\013\207\335\0046\011|\252\023"
 747      1F9B0B87 
 747      DD043609 
 747      7CAA13
 748 019c F7733348 		.ascii	"\367s3H`\007\234\260\300\305>x\324\202\356\225\320\211"
 748      60079CB0 
 748      C0C53E78 
 748      D482EE95 
 748      D089
 749 01ae DEDB2D59 		.ascii	"\336\333-Y\272\0121\010\200\011\001\373\245\301\020"
 749      BA0A3108 
 749      800901FB 
 749      A5C110
 750 01bd E80C1853 		.ascii	"\350\014\030S\322\361\236\013\232\311\027\026\2338\277"
 750      D2F19E0B 
 750      9AC91716 
 750      9B38BF
 751 01cc E2EC388A 		.ascii	"\342\3548\212k\200\0048\025a\002\322\303\241\212\025"
 751      6B800438 
 751      156102D2 
 751      C3A18A15 
 752 01dc 0D0899E1 		.ascii	"\015\010\231\341\000\241\311\005\302W\017\223\234\254"
 752      00A1C905 
ARM GAS  /tmp/cc5z9TBg.s 			page 20


 752      C2570F93 
 752      9CAC
 753 01ea 09993053 		.ascii	"\011\2310S\005n2\3666*\326&H\233i\340\037\016\026\310"
 753      056E32F6 
 753      362AD626 
 753      489B69E0 
 753      1F0E16C8 
 754 01fe 72629952 		.ascii	"rb\231R\344\362:\204\257\014m\022\313\016\262\256@\366"
 754      E4F23A84 
 754      AF0C6D12 
 754      CB0EB2AE 
 754      40F6
 755 0210 4B384CB5 		.ascii	"K8L\265\275\331\255,\341\246FA\236\236\205Pkc\034\255"
 755      BDD9AD2C 
 755      E1A64641 
 755      9E9E8550 
 755      6B631CAD 
 756 0224 E3409AF6 		.ascii	"\343@\232\366\354\374-\351\020\203\245KG\232{\273G\260"
 756      ECFC2DE9 
 756      1083A54B 
 756      479A7BBB 
 756      47B0
 757 0236 133E0A8A 		.ascii	"\023>\012\212\341\246\266;\310\215\223\302?\030\206"
 757      E1A6B63B 
 757      C88D93C2 
 757      3F1886
 758 0245 4E6073B0 		.ascii	"N`s\260\313oa\025:\0349xv\321\031\206P\320a`f\004\311"
 758      CB6F6115 
 758      3A1C3978 
 758      76D11986 
 758      50D06160 
 759 025c 03380561 		.ascii	"\0038\005a`\026s\307\371\323\011O\336\263\037\360V\""
 759      601673C7 
 759      F9D3094F 
 759      DEB31FF0 
 759      5622
 760 026e 7209F2F1 		.ascii	"r\011\362\361\226\237_\027\307[%\267\033F \3172\357"
 760      969F5F17 
 760      C75B25B7 
 760      1B4620CF 
 760      32EF
 761 0280 34A10CCC 		.ascii	"4\241\014\314\022Z~\031J\200]aY\214z\270i\327>X\022"
 761      125A7E19 
 761      4A805D61 
 761      598C7AB8 
 761      69D73E58 
 762 0295 33336D89 		.ascii	"33m\211\231\203\260\354\206\255\350\305\023A\205z9#"
 762      9983B0EC 
 762      86ADE8C5 
 762      1341857A 
 762      3923
 763 02a7 7AA1547F 		.ascii	"z\241T\177\303\257\207\234B\"\331\015\243\34030[\262"
 763      C3AF879C 
 763      4222D90D 
 763      A3E03330 
 763      5BB2
 764 02b9 6A77B3DE 		.ascii	"jw\263\336T\356\205\364+\233t\3117\372\302\341\3542"
ARM GAS  /tmp/cc5z9TBg.s 			page 21


 764      54EE85F4 
 764      2B9B74C9 
 764      37FAC2E1 
 764      EC32
 765 02cb A97EF7FB 		.ascii	"\251~\367\373Z,\260Iw\377#\351}\021\244\031\202\257"
 765      5A2CB049 
 765      77FF23E9 
 765      7D11A419 
 765      82AF
 766 02dd 2DD75C94 		.ascii	"-\327\\\224\3753\025\233\323\004\257\006\2710\006>\012"
 766      FD33159B 
 766      D304AF06 
 766      B930063E 
 766      0A
 767 02ee C5E37F44 		.ascii	"\305\343\177D\225\274\347,#\357\027\0247\207\217O\202"
 767      95BCE72C 
 767      23EF1714 
 767      37878F4F 
 767      82
 768 02ff ED64FB34 		.ascii	"\355d\3734Y\227\003\337\244\275<'\275\\#\253\033\205"
 768      599703DF 
 768      A4BD3C27 
 768      BD5C23AB 
 768      1B85
 769 0311 4BD37200 		.ascii	"K\323r\000\323\352\332?\265\015\366\254h\346\201\010"
 769      D3EADA3F 
 769      B50DF6AC 
 769      68E68108 
 770 0321 AAD4CC79 		.ascii	"\252\324\314y[\341\255KG\222Y\"e\215B\256\034oY\342"
 770      5BE1AD4B 
 770      47925922 
 770      658D42AE 
 770      1C6F59E2 
 771 0335 822CF120 		.ascii	"\202,\361 \361\206\244*1\270D'\353|R\230\236\263w\235"
 771      F186A42A 
 771      31B84427 
 771      EB7C5298 
 771      9EB3779D 
 772 0349 56191440 		.ascii	"V\031\024@\021X\250\267\013\253\024\374WK\274\021\324"
 772      1158A8B7 
 772      0BAB14FC 
 772      574BBC11 
 772      D4
 773 035a A88B6F97 		.ascii	"\250\213o\227-9\327X\177C\313\333l\351_+?\372\253\241"
 773      2D39D758 
 773      7F43CBDB 
 773      6CE95F2B 
 773      3FFAABA1 
 774 036e 982BADBF 		.ascii	"\230+\255\277\233zY\007\337\245\365_$ \2250p\275\354"
 774      9B7A5907 
 774      DFA5F55F 
 774      24209530 
 774      70BDEC
 775 0381 A7A7F05E 		.ascii	"\247\247\360^^\300%\273\232\355\370xC\373O\220WeU\364"
 775      5EC025BB 
 775      9AEDF878 
 775      43FB4F90 
ARM GAS  /tmp/cc5z9TBg.s 			page 22


 775      576555F4 
 776 0395 094C6AA2 		.ascii	"\011Lj\242e\304}\247\343\017\301\367\351\212?\334\341"
 776      65C47DA7 
 776      E30FC1F7 
 776      E98A3FDC 
 776      E1
 777 03a6 F891FF2E 		.ascii	"\370\221\377.g\213\213\377Oq\227\323\245~\224\342<B"
 777      678B8BFF 
 777      4F7197D3 
 777      A57E94E2 
 777      3C42
 778 03b8 DC2CC492 		.ascii	"\334,\304\222\322Oa/\301\246\346\257&]\033\243\374\015"
 778      D24F612F 
 778      C1A6E6AF 
 778      265D1BA3 
 778      FC0D
 779 03ca 42381824 		.ascii	"B8\030$`#\233\207P{\324%\221\342jBX\376ga,\273\266\252"
 779      60239B87 
 779      507BD425 
 779      91E26A42 
 779      58FE6761 
 780 03e2 B2BAFA91 		.ascii	"\262\272\372\221\362\227+jk\266\024\2253\265\256\266"
 780      F2972B6A 
 780      6BB61495 
 780      33B5AEB6 
 781 03f2 725B4E7A 		.ascii	"r[Nz[\264\245\262\242\270\244\344\361b\206\345U\257"
 781      5BB4A5B2 
 781      A2B8A4E4 
 781      F16286E5 
 781      55AF
 782 0404 A865DB5E 		.ascii	"\250e\333^,\027\217W\261|\353vwYuu\315kO\277T[\266\271"
 782      2C178F57 
 782      B17CEB76 
 782      77597575 
 782      CD6B4FBF 
 783 041c BA52798C 		.ascii	"\272Ry\214\345>_\363\214\337\336\372\237\024\271\312"
 783      E53E5FF3 
 783      8CDFDEFA 
 783      9F14B9CA 
 784 042c 8A52A605 		.ascii	"\212R\246\005\352\2622\231K\344\236\252\251\333\272"
 784      EAB23299 
 784      4BE49EAA 
 784      A9DBBA
 785 043b BD94FD0D 		.ascii	"\275\224\375\015\343*:\257"
 785      E32A3AAF 
 786              		.text
 787              		.section	.gnu.lto_.symbol_nodes.c3c3eb3b1f578e7b,"e",%progbits
 788 0000 789C758F 		.ascii	"x\234u\217!\016\302@\024D\337\354\337BB\023\256\300"
 788      210EC240 
 788      1444DFEC 
 788      DF424213 
 788      AEC0
 789 0012 517F49C0 		.ascii	"Q\177I\300`\300\341P\325\004\215F\243\201\202 \351="
 789      60C0E150 
 789      D5048D46 
 789      A3818220 
 789      E93D
ARM GAS  /tmp/cc5z9TBg.s 			page 23


 790 0024 A04B9BA2 		.ascii	"\240K\233\242v\324\313\2741c\002\302\015\247\352\022"
 790      76D4CBBC 
 790      316302C2 
 790      0DA7EA12 
 791 0034 B5BBD231 		.ascii	"\265\273\3221\347j)\222\002\275p}\206,~\003\3228Y5x"
 791      E76A2992 
 791      02BD707D 
 791      862C7E03 
 791      D2385935 
 792 0049 C8B9276E 		.ascii	"\310\271'n9\367\300c\316\335\361\"\343\214\342}\330"
 792      39F7C063 
 792      CEDDF122 
 792      E38CE27D 
 792      D8
 793 005a 1C832E32 		.ascii	"\034\203.2\342i\273\336K\365d\304\266\303\320\377\250"
 793      E269BBDE 
 793      4BF564C4 
 793      B6C3D0FF 
 793      A8
 794 006b A786F5B8 		.ascii	"\247\206\365\270\232\031\032\332r\034\264\345\277\235"
 794      9A191ADA 
 794      721CB4E5 
 794      BF9D
 795 0079 F3054A52 		.ascii	"\363\005JR\\C"
 795      5C43
 796              		.text
 797              		.section	.gnu.lto_.refs.c3c3eb3b1f578e7b,"e",%progbits
 798 0000 789C6364 		.ascii	"x\234cd\000\002\000\000\012\000\002"
 798      00020000 
 798      0A0002
 799              		.text
 800              		.section	.gnu.lto_.decls.c3c3eb3b1f578e7b,"e",%progbits
 801 0000 789C7D56 		.ascii	"x\234}VkPTG\026\356s{^\\\236\362\210n\254\265\250\224"
 801      6B505447 
 801      16EE737B 
 801      5E5C9EF2 
 801      886EACB5 
 802 0016 55213F74 		.ascii	"U!?t\024\266\214?\366\007\025\267\324\252\324&V\271"
 802      14B68C3F 
 802      F60715B7 
 802      D4AAD426 
 802      56B9
 803 0028 BB3FFC63 		.ascii	"\273?\374c!3\312T\015\340\016\340\346\337^D\204(Q@D"
 803      2133CA54 
 803      0DE00EE0 
 803      E6DF5E44 
 803      84285140 
 804 003d D02412B5 		.ascii	"\320$\022\265\"a\025\310\256\033\361\205\003\250\200"
 804      226115C8 
 804      AE1BF185 
 804      03A880
 805 004c 80121584 		.ascii	"\200\022\025\204AADq\024\037\240H\304\007\354\351\356"
 805      41414471 
 805      141FA048 
 805      C407ECE9 
 805      EE
 806 005d 7BE1DE42 		.ascii	"{\341\336Bvj\316\355\356\323\3379\347;g\316t\337\221"
ARM GAS  /tmp/cc5z9TBg.s 			page 24


 806      766ACEED 
 806      EED3DF39 
 806      E73B67CE 
 806      74DF91
 807 0070 60420E02 		.ascii	"`B\016\002!\221(\223\370\221\010!\277\242\004\242lB"
 807      21912893 
 807      F8910821 
 807      BFA204A2 
 807      6C42
 808 0082 A9435987 		.ascii	"\251CY\207\322\210\322\202\322\216\322\201\342C\271"
 808      D288D282 
 808      D28ED281 
 808      E243B9
 809 0091 857215E5 		.ascii	"\205r\025\345\022\021\037\013\312#\224\021\224\337\230"
 809      12111F0B 
 809      CA239411 
 809      94DF98
 810 00a0 027D9A50 		.ascii	"\002}\232P\346\000\231\361\351@\335\357qLB\011G\211"
 810      E60099F1 
 810      E940DDEF 
 810      714C4209 
 810      4789
 811 00b2 7C4FBC09 		.ascii	"|O\274\0115\006\363\037\016\"\026\213\037\206\363\010"
 811      3506F31F 
 811      0E22168B 
 811      1F86F308 
 812 00c2 14AAF266 		.ascii	"\024\252\362f\\\242p\034\303\361\003\034\307q\234D\231"
 812      5CA2701C 
 812      C3F1031C 
 812      C7719C44 
 812      99
 813 00d3 0B82F33C 		.ascii	"\013\202\363<\034\207U\336\277\003#\3279*G\215\357\310"
 813      1C8755DE 
 813      BF0323D7 
 813      392A478D 
 813      EFC8
 814 00e5 4CAAE400 		.ascii	"L\252\344\000\205\336\255\337\275\012*\244\020.\203"
 814      85DEADDF 
 814      BD0A2AA4 
 814      102E83
 815 00f4 09974597 		.ascii	"\011\227E\227O4\313\270\214\224!\032\227gjr\213\255"
 815      4F34CBB8 
 815      8C94211A 
 815      97676A72 
 815      8BAD
 816 0106 5402863C 		.ascii	"T\002\206<\360\350|\201\315~\\\021\037\333'\004~\001"
 816      F0E87C81 
 816      CD7E5C11 
 816      1FDB2704 
 816      7E01
 817 0118 CADD7C18 		.ascii	"\312\335|\030\310\366\013&\217\334\010\240\2138\366"
 817      C8F60B26 
 817      8FDC08A0 
 817      8B38F6
 818 0127 CDEE5B2D 		.ascii	"\315\356[-\224.\345\363\333\225\303\015R\304\234y\234"
 818      942EE5F3 
 818      DB95C30D 
ARM GAS  /tmp/cc5z9TBg.s 			page 25


 818      52C49C79 
 818      9C
 819 0138 C729A070 		.ascii	"\307)\240p\032\"\340$\330U\002\377\372\366\314\210-"
 819      1A22E024 
 819      D85502FF 
 819      FAF6CC88 
 819      2D
 820 0149 A2407895 		.ascii	"\242@x\225fC]\035\354\363\005\005\355P\224\255\2127"
 820      66435D1D 
 820      ECF30505 
 820      ED5094AD 
 820      8A37
 821 015b 4B09580D 		.ascii	"K\011X\015gp\373\2770\037N\300|48\013A\034'u\266\264"
 821      6770FBBF 
 821      301F4EC0 
 821      7C34380B 
 821      411C2775 
 822 0171 1405C0C2 		.ascii	"\024\005\300\302\210C\034y\265t\341\376\177\217(J\341"
 822      88431C79 
 822      B574E1FE 
 822      7F8F284A 
 822      E1
 823 0182 1286801A 		.ascii	"\022\206\200\032t[k\260\263\263\307R|\360\370^\272\232"
 823      745B6BB0 
 823      B3B3C752 
 823      7CF0F85E 
 823      BA9A
 824 0194 E8366B05 		.ascii	"\3506k\005\0038\007\013U\026\245U\247\376\023L=<\255"
 824      0338070B 
 824      5516A555 
 824      A7FE134C 
 824      3D3CAD
 825 01a7 AAB1A7AB 		.ascii	"\252\261\247\253\"f\232\301y5\210\321\262\327[\320m"
 825      22669AC1 
 825      793588D1 
 825      B2D75BD0 
 825      6D
 826 01b8 E0EF35F0 		.ascii	"\340\3575\360\250\343\374\331\200\330\216W\347^\007"
 826      A8E3FCD9 
 826      80D88E57 
 826      E75E07
 827 01c7 D11C6061 		.ascii	"\321\034`a\350@]En0\310\363\001\261\220\313\354\313"
 827      E8405D45 
 827      6E30C8F3 
 827      01B190CB 
 827      ECCB
 828 01d9 B2722DF3 		.ascii	"\262r-\363\010\304\315\207%\030\256\036\3035\200L\340"
 828      08C4CD87 
 828      2518AE1E 
 828      C335804C 
 828      E0
 829 01ea 02022EA2 		.ascii	"\002\002.\242\263R\305\306\025\245\012\242\207\377\311"
 829      B352C5C6 
 829      15A50AA2 
 829      87FFC9
 830 01f9 E7E874E2 		.ascii	"\347\350t\342@O\246EO\000\365:\002\227\324\002\302#"
 830      404FA645 
ARM GAS  /tmp/cc5z9TBg.s 			page 26


 830      4F00F53A 
 830      0297D402 
 830      C223
 831 020b 7F768E49 		.ascii	"\177v\216I\217\303\035\035\256Q\020m\344D\213'Fj,r."
 831      8FC31D1D 
 831      AE51106D 
 831      E4448B27 
 831      466A2C72 
 832 0220 AF419612 		.ascii	"\257A\226\022\276\2325\3214\264\211\261\262\213\025"
 832      BE9A35D1 
 832      34B489B1 
 832      B28B15
 833 022f 823B6F1F 		.ascii	"\202;o\037.\003\321hf\\\336?\3648J\364Y\014\256Ny\307"
 833      2E03D168 
 833      665CDE3F 
 833      F4384AF4 
 833      590CAE4E 
 834 0245 76DBC2F3 		.ascii	"v\333\302\363\231'\366\000\340\364.\243\257f\356\253"
 834      9927F600 
 834      E0F42EA3 
 834      AF66EEAB 
 835 0255 05C28543 		.ascii	"\005\302\205C1g\335\366\240\252\335<k\354V5\366\022"
 835      3167DDF6 
 835      A0AADD3C 
 835      6BEC5635 
 835      F612
 836 0267 1E7AFBC5 		.ascii	"\036z\373\305\3743\301\"\264\204\313\037:\332\267\202"
 836      FC33C122 
 836      B484CB1F 
 836      3ADAB782 
 837 0277 881D86CB 		.ascii	"\210\035\206\313\256\273\315C\322\214\330W\320W\033"
 837      AEBBCD43 
 837      D28CD857 
 837      D0571B
 838 0286 F77595C5 		.ascii	"\367u\225\305n\345\261\021\375}v\365\266P}}p[\027\270"
 838      6EE5B111 
 838      FD7D76F5 
 838      B6507D7D 
 838      705B17B8 
 839 029a 5DD4A79D 		.ascii	"]\324\247\235\327\247\256\241\260SMY\306\345\205\201"
 839      D7A7AEA1 
 839      B0534D59 
 839      C6E58581 
 840 02aa A2E7A659 		.ascii	"\242\347\246Y)_S)\377*\312\325r\351\301~*l\003q\371"
 840      295F5329 
 840      FF2ACAD5 
 840      72E9C17E 
 840      2A6C0371 
 841 02bf EE417DA5 		.ascii	"\356A}\245Yp\356b\333\343\327\253\007f\222\276\201\336"
 841      5970EE62 
 841      DBE3D7AB 
 841      076692BE 
 841      81DE
 842 02d1 AE736F1D 		.ascii	"\256so\035\214\3645Q\260\016^\260[\223O\356\205\010"
 842      8CF43551 
 842      B00E5EB0 
 842      5B934FEE 
ARM GAS  /tmp/cc5z9TBg.s 			page 27


 842      8508
 843 02e3 8791B8EC 		.ascii	"\207\221\270\354.\277\333d\233\225\314M\225L\247 3\336"
 843      2EBFDB64 
 843      9B95CC4D 
 843      954CA720 
 843      33DE
 844 02f5 5F3F6C16 		.ascii	"_?l\026\266Q\270\314\356\354\333\036 \310\224\003\256"
 844      B651B8CC 
 844      EEECDB1E 
 844      20C89403 
 844      AE
 845 0306 DB8E545E 		.ascii	"\333\216T^\263\314 \323\215\336\272\2707\037#sS\220"
 845      B3CC20D3 
 845      8DDEBAB8 
 845      371F2373 
 845      5390
 846 0318 F171326D 		.ascii	"\361q2m\027\257\227Xi\236h\3616\377\376\345\020 :<G"
 846      17AF9758 
 846      699E68F1 
 846      36FFFEE5 
 846      10203A3C 
 847 032d 74783E9E 		.ascii	"tx>\236\204Z\207\367`\207\337\202\000\002\267\021\320"
 847      845A87F7 
 847      6087DF82 
 847      0002B711 
 847      D0
 848 033e AB763853 		.ascii	"\253v8S\360\016\017\023{\370`I\265V\0344\337\207\001"
 848      F00E0F13 
 848      7BF86049 
 848      B5561C34 
 848      DF8701
 849 0351 90D8E1E7 		.ascii	"\220\330\341\347@\"]\313\360!\223u\224D*\222\"Y\034"
 849      40225DCB 
 849      F0219375 
 849      94442A92 
 849      22591C
 850 0364 5492A94C 		.ascii	"T\222\251L\035r\023,\210\031\245\3616)&T\266\2257@\230"
 850      1D72132C 
 850      8819A5F1 
 850      36292654 
 850      B6953740 
 851 0379 6CB64992 		.ascii	"l\266I\222\337\352\220c^\3031\251\314\022\035\257\230"
 851      DFEA9063 
 851      5EC331A9 
 851      CC121DAF 
 851      98
 852 038a 1C79517E 		.ascii	"\034yQ~\253\"\345\177\021\031\027\217O\277\265\011\034"
 852      AB22E57F 
 852      1119178F 
 852      4FBFB509 
 852      1C
 853 039b 68B5C664 		.ascii	"h\265\306d\013\303\231\337*\217\322\262o,\2166)\367"
 853      0BC399DF 
 853      2A8FD2B2 
 853      6F2C8E36 
 853      29F7
 854 03ad 63D69D8E 		.ascii	"c\326\235\216\330HL?\336f[\020ZO\353\351JBl\266\352"
ARM GAS  /tmp/cc5z9TBg.s 			page 28


 854      D8484C3F 
 854      DE665B10 
 854      5A4FEBE9 
 854      4A426CB6 
 855 03c2 CA28D96F 		.ascii	"\312(\331o\015E\0271\216\3500Gth\023\230\035\01692\206"
 855      0D451731 
 855      8EE83047 
 855      74681398 
 855      1D0E3932 
 856 03d7 2009476C 		.ascii	" \011Gll\274$\243g\223\255\011b)\004\305*\375Cs\261"
 856      6CBC24A3 
 856      6793AD09 
 856      622904C5 
 856      2AFD4373 
 857 03ec 5B021644 		.ascii	"[\002\026D\307\020\342 +%\364K'\265\017X1\246cz\011"
 857      C710E220 
 857      2B25F44B 
 857      27B50F58 
 857      31A6637A 
 858 0401 10234BB1 		.ascii	"\020#K\261\022\375\334o%D\222\242\011QL\266\240 Pp\010"
 858      12FDDC6F 
 858      254492A2 
 858      09514CB6 
 858      A0205070 
 859 0416 58FFB963 		.ascii	"X\377\271cM\254L\374V\011\267\"M\240H0m)[\360N\2500"
 859      4DAC4CFC 
 859      5609B722 
 859      4DA04830 
 859      6D295BF0 
 860 042d 8B6B00D8 		.ascii	"\213k\000\330\027\330W<\010[\020}\030\256gH,,G\023\242"
 860      17D8573C 
 860      085B107D 
 860      18AE6748 
 860      2C2C4713 
 861 0442 69A70675 		.ascii	"i\247\006u.\000\302\217\244\3363\000Z\020\242\356\352"
 861      2E00C28F 
 861      A4DE3300 
 861      5A10A2EE 
 861      EA
 862 0453 9C4F7350 		.ascii	"\234OsPyh~\2648:\216\323\\\211\244\206\224\3646\334"
 862      79687EB4 
 862      383A8ED3 
 862      5C89A486 
 862      94F436DC 
 863 0467 CE407CDA 		.ascii	"\316@|\332%\231r\253Q\"0u\015\216\347\2156\207\014\302"
 863      259972AB 
 863      51223075 
 863      0D8EE78D 
 863      36870CC2 
 864 047b BD4CFC01 		.ascii	"\275L\374\001\357t\274\215\"\020\225\037O\370A\177\360"
 864      EF74BC8D 
 864      2210951F 
 864      4FF8417F 
 864      F0
 865 048c EDC01B33 		.ascii	"\355\300\0333\255\340\275\012\325\336\303\203f\223$"
 865      ADE0BD0A 
 865      D5DEC383 
ARM GAS  /tmp/cc5z9TBg.s 			page 29


 865      669324
 866 049b 8E404835 		.ascii	"\216@H51\335\310\353\333'\202\270n\235\014w\201\353"
 866      31DDC8EB 
 866      DB2782B8 
 866      6E9D0C77 
 866      81EB
 867 04ad 7AB27FDE 		.ascii	"z\262\177\336\005\352\245G\340\236\341.{\330y\274\333"
 867      05EAA547 
 867      E09EE12E 
 867      7BD879BC 
 867      DB
 868 04be A45D88EC 		.ascii	"\244]\210\354\2720n?\3635\027\030N\352\373\206\253b"
 868      BA306E3F 
 868      F3351718 
 868      4EEAFB86 
 868      AB62
 869 04d0 503BA98F 		.ascii	"P;\251\217\336\315\035\025TP\205=\317\343\346\017O\224"
 869      DECD1D15 
 869      5450853D 
 869      CFE3E60F 
 869      4F94
 870 04e2 0773E5A6 		.ascii	"\007s\345\246 x t\247\033z\337\321\271{\331\337\263"
 870      20782074 
 870      A71B7ADF 
 870      D1B97BD9 
 870      DFB3
 871 04f4 3A4B0993 		.ascii	":K\011\223 \351\003\335\361\366\020\346\022\360#\222"
 871      20E903DD 
 871      F1F610E6 
 871      12F02392 
 872 0504 3BADF87A 		.ascii	";\255\370zb\324\364Q\231r\347\016\336\236\225K\356\325"
 872      62D4F451 
 872      9972E70E 
 872      DE9E954B 
 872      EED5
 873 0516 284A36BB 		.ascii	"(J6\273\3559\016\372\221\254J\224\315\011\334\301\330"
 873      ED390EFA 
 873      91AC4A94 
 873      CD09DCC1 
 873      D8
 874 0527 D0870C3F 		.ascii	"\320\207\014?\364\341\352\021|\304\216\327'\337\265"
 874      F4E1EA11 
 874      7CC48ED7 
 874      27DFB5
 875 0536 07D33A51 		.ascii	"\007\323:Q\257{\375c\257dY\275\267v\374\277{\013\301"
 875      AF7BFD63 
 875      AF6459BD 
 875      B776FCBF 
 875      7B0BC1
 876 0549 3B6A0F3F 		.ascii	";j\017?\266\3513\177l\270\243\236h\231_\361\216\275"
 876      B6E9337F 
 876      6CB8A39E 
 876      68995FF1 
 876      8EBD
 877 055b 0DE54972 		.ascii	"\015\345Ir\025j\016\235\314\276l\235\252\305S\221w\311"
 877      156A0E9D 
 877      CCBE6C9D 
ARM GAS  /tmp/cc5z9TBg.s 			page 30


 877      AAC55391 
 877      77C9
 878 056d 0F072B43 		.ascii	"\017\007+C\364y\257\323\037\353\303,\357gZ\336%\205"
 878      F479AFD3 
 878      1FEBC32C 
 878      EF675ADE 
 878      2585
 879 057f E54A20CB 		.ascii	"\345J \313\033\217\303\233\247\026\276\254Q\266\231"
 879      1B8FC39B 
 879      A716BEAC 
 879      51B699
 880 058e 39068674 		.ascii	"9\006\206t9\017\251/<0\3023->\371\372\246\205\216\212"
 880      390FA92F 
 880      3C30C233 
 880      2D3EF9FA 
 880      A6858E8A 
 881 05a2 4C67923A 		.ascii	"Lg\222:\337W3n\322\372\342\205\340\364\246,\247\315"
 881      DF57336E 
 881      D2FAE285 
 881      E0F4A62C 
 881      A7CD
 882 05b4 36457454 		.ascii	"6EtT('[\363\216\317Nt\214\021}\251\021}\232\225\367"
 882      28275BF3 
 882      8ECF4E74 
 882      8C117DA9 
 882      117D9A95 
 883 05c9 63884AB4 		.ascii	"c\210J\264\261\351\2177\004Q\304\300s\035\321\347\032"
 883      B1E98F37 
 883      0451C4C0 
 883      731DD1E7 
 883      1A
 884 05da D1DF38D1 		.ascii	"\321\3378\321_z\213+(-\026\357q\276\252\033\206\"\343"
 884      5F7A8B2B 
 884      282D16EF 
 884      71BEAA1B 
 884      8622E3
 885 05ed D1A92BF2 		.ascii	"\321\251+\362\270V\344\356\356#\247C8\323\361\251N?"
 885      B856E4EE 
 885      EE23A743 
 885      38D3F1A9 
 885      4E3F
 886 05ff BBFD5DAD 		.ascii	"\273\375]\255\025\017\376\217e~\224\204\242\252\361"
 886      150FFE8F 
 886      657E9484 
 886      A2AAF1
 887 060e D9931B20 		.ascii	"\331\223\033 T\014\361\323\221\202C\026zTD\272\374\375"
 887      540CF1D3 
 887      91824316 
 887      7A5444BA 
 887      FCFD
 888 0620 FDB354FC 		.ascii	"\375\263T\374\370\374\216\321\275%\275\003n\302^\222"
 888      F8FC8ED1 
 888      BD25BD03 
 888      6EC25E92 
 889 0630 DEA2EE8D 		.ascii	"\336\242\356\215h\200\276\356\352\001C!&\0147\361$\253"
 889      6880BEEE 
 889      EA014321 
ARM GAS  /tmp/cc5z9TBg.s 			page 31


 889      260C37F1 
 889      24AB
 890 0642 C46BAD12 		.ascii	"\304k\255\022J\301\320\031\355'k\274\262\344pV\216w"
 890      4AC1D019 
 890      ED276BBC 
 890      B2E47056 
 890      8E77
 891 0654 0DC7C02B 		.ascii	"\015\307\300+]%^i\225P$V\211\362\007\371u\241\264U\360"
 891      5D255E69 
 891      95502456 
 891      89F207F9 
 891      75A1B455 
 892 0669 CBED29CC 		.ascii	"\313\355)\314\224y\212\254\006\352\237\331\347\3572"
 892      94798AAC 
 892      06EA9FD9 
 892      E7EF32
 893 0678 CFFA67C9 		.ascii	"\317\372g\311\222\220\301VIep\254%k_\200\312\2407\361"
 893      9290C156 
 893      496570AC 
 893      256B5F80 
 893      CAA037F1 
 894 068c 5BA55E62 		.ascii	"[\245^b\000\310\224\246\303\343\\\204\337\306\303\017"
 894      00C894A6 
 894      C3E35C84 
 894      DFC6C30F 
 895 069c 1F7C5C14 		.ascii	"\037|\\\024H}\"|\366\276\035\255\224\366\213EE\361\261"
 895      487D227C 
 895      F6BE1DAD 
 895      94F68B45 
 895      45F1B1
 896 06af 117688C0 		.ascii	"\021v\210\300vn\301\356\310\252\207;-tPl\337\275\263"
 896      766EC1EE 
 896      C8AA873B 
 896      2D74506C 
 896      DFBDB3
 897 06c2 EB4760DB 		.ascii	"\353G`\333\271\270\0159\022\347Z\235\351=\032L\207\004"
 897      B9B80D39 
 897      12E75A9D 
 897      E93D1A4C 
 897      8704
 898 06d4 62607B47 		.ascii	"b`{Gm C\354`\210\257\005\302\320\224j\206\3715\315\347"
 898      6D2043EC 
 898      6088AF05 
 898      C2D0946A 
 898      86F935CD 
 899 06e9 E5295D9E 		.ascii	"\345)]\236\000\216\336*=k\246/\204\253s/o7K\314\325"
 899      008EDE2A 
 899      3D6BA62F 
 899      84AB732F 
 899      6F374BCC 
 900 06fe 2E8DCBE9 		.ascii	".\215\313\351\274\206\021\371\375\035\012\273\321\003"
 900      BC8611F9 
 900      FD1D0ABB 
 900      D103
 901 070c E4B3C27C 		.ascii	"\344\263\302|\243\025f|p\353\000e\205)S\274=}\261\027"
 901      A315667C 
 901      70EB0065 
ARM GAS  /tmp/cc5z9TBg.s 			page 32


 901      852953BC 
 901      3D7DB117 
 902 0720 B2CACA15 		.ascii	"\262\312\312\025o\246bzD\031\020\262\265\002\301Nf\233"
 902      6FA6627A 
 902      441910B2 
 902      B502C14E 
 902      669B
 903 0732 ADD5A880 		.ascii	"\255\325\250\200\327\350\347\372\013\315f}\2032\223"
 903      D7E8E7FA 
 903      0BCD667D 
 903      833293
 904 0741 E9062D94 		.ascii	"\351\006-\224\370\033\026\016\210\255|QUg8+\263\014"
 904      F81B160E 
 904      88AD7C51 
 904      5567382B 
 904      B30C
 905 0753 D83D02BB 		.ascii	"\330=\002\273\207ckK&3\251\036\313\3764\323\330\"\201"
 905      87636B4B 
 905      2633A91E 
 905      CBFE34D3 
 905      D82281
 906 0766 2DE2D89E 		.ascii	"-\342\330\236#\027\336\031^\327}\206\267\274\275\002"
 906      2317DE19 
 906      5ED77D86 
 906      B7BCBD02 
 907 0776 BB976307 		.ascii	"\273\227c\007\006\333\373\015o\204\223\006\277\305\002"
 907      06DBFB0D 
 907      6F849306 
 907      BFC502
 908 0785 5BCCB17B 		.ascii	"[\314\261{O\355|\036\254\307\016\033\260\373\004v\037"
 908      4FED7C1E 
 908      ACC70E1B 
 908      B0FB0476 
 908      1F
 909 0796 C776FDB4 		.ascii	"\307v\375\264\313g\340\333b\340P\"\260%\034\273\363"
 909      CB67E0DB 
 909      62E05022 
 909      B0251CBB 
 909      F3
 910 07a7 CA9E657A 		.ascii	"\312\236ezh\207\001Z*\240l\010IKr\272\335\366\304dG"
 910      6887015A 
 910      2AA06C08 
 910      494B72BA 
 910      DDF6C464 
 911 07bc 5AEAC6C5 		.ascii	"Z\352\306\305\211\266U_\3745z\305\322OI\270\246Y\274"
 911      89B6555F 
 911      FC357AC5 
 911      D24F49B8 
 911      A659BC
 912 07cf D1       		.ascii	"\321"
 913 07d0 E9885BBE 		.ascii	"\351\210[\276\374\017q\204nIN\237\373YB\232s\255\363"
 913      FC0F7184 
 913      6E494E9F 
 913      FB59429A 
 913      73ADF3
 914 07e3 EF19CE94 		.ascii	"\357\031\316\224tW\202{m\272\307\231\220\374\267?\377"
 914      7457827B 
ARM GAS  /tmp/cc5z9TBg.s 			page 33


 914      6DBAC799 
 914      90FCB73F 
 914      FF
 915 07f4 2566F162 		.ascii	"%f\361b\373\212$\327\006\327\227k\355\251i\366\244\004"
 915      FB8A24D7 
 915      06D7976B 
 915      EDA969F6 
 915      A404
 916 0806 B7DD9592 		.ascii	"\267\335\225\222\350\316p8\331|}\032\307\245-N\"\221"
 916      E8CE7038 
 916      D97C7D1A 
 916      C7A52D4E 
 916      2291
 917 0818 EF73604A 		.ascii	"\357s`JLJ\360\230\327\177\226\232\352\246K\227\021["
 917      4C4AF098 
 917      D77F969A 
 917      EAA64B97 
 917      115B
 918 082a 822779CB 		.ascii	"\202'y\313\247\213\222\211\234\230\352Iw~\265(9\216"
 918      A78B9289 
 918      9C98EA49 
 918      777EB528 
 918      398E
 919 083c 5890CFDA 		.ascii	"X\220\317\332\324\215\241F\272\304\226\230\264\331\343"
 919      D48DA146 
 919      BAC49698 
 919      B4D9E3
 920 084b 4A49DFF8 		.ascii	"JI\337\370\311L\002n\327\006\273\032\330\256\301\220"
 920      C94C026E 
 920      D706BB1A 
 920      D8AEC190 
 921 085b 41A098AD 		.ascii	"A\240\230\255t}\345tD\011wh\233\221\356r\363\007\"\302"
 921      747DE574 
 921      44097768 
 921      9B91EE72 
 921      F30722C2 
 922 086f 32D236AC 		.ascii	"2\3226\254r\246c\270\025\251\031)\351N\217-\003-\342"
 922      72A663B8 
 922      15A91929 
 922      E94E8F2D 
 922      032DE2
 923 0882 62D7A7CF 		.ascii	"b\327\247\317\237\302;<\256-NO\232\035\241L\320*\030"
 923      9FC23B3C 
 923      AE2D4E4F 
 923      9A1DA14C 
 923      D02A18
 924 0895 873FB9D2 		.ascii	"\207?\271\322\0226\270\235k\277\\i\301\310\211\311\233"
 924      1236B89D 
 924      6BBF5C69 
 924      C1C889C9 
 924      9B
 925 08a6 4D9B333C 		.ascii	"M\2333<N\223\333\231\260\321\232\222\232\236\344I\375"
 925      4E93DB99 
 925      B0D19A92 
 925      9A9EE449 
 925      FD
 926 08b7 078E2929 		.ascii	"\007\216))\031n\367B4\363\3301\323E\250p.r&lpM\225\014"
ARM GAS  /tmp/cc5z9TBg.s 			page 34


 926      196EF742 
 926      34F3D831 
 926      D345A870 
 926      2E72266C 
 927 08cf 6D5D299B 		.ascii	"m])\233\320\347\377\000\007ByW"
 927      D0E7FF00 
 927      07427957 
 928              		.text
 929              		.section	.gnu.lto_.symtab.c3c3eb3b1f578e7b,"e",%progbits
 930 0000 636D6453 		.ascii	"cmdSof\000"
 930      6F6600
 931 0007 00       		.ascii	"\000"
 932 0008 00       		.ascii	"\000"
 933 0009 00       		.ascii	"\000"
 934 000a 00000000 		.ascii	"\000\000\000\000\000\000\000\000"
 934      00000000 
 935 0012 EA000000 		.ascii	"\352\000\000\000"
 936 0016 63687072 		.ascii	"chprintf\000"
 936      696E7466 
 936      00
 937 001f 00       		.ascii	"\000"
 938 0020 02       		.ascii	"\002"
 939 0021 00       		.ascii	"\000"
 940 0022 00000000 		.ascii	"\000\000\000\000\000\000\000\000"
 940      00000000 
 941 002a F1000000 		.ascii	"\361\000\000\000"
 942 002e 7072696E 		.ascii	"printfFixed\000"
 942      74664669 
 942      78656400 
 943 003a 00       		.ascii	"\000"
 944 003b 02       		.ascii	"\002"
 945 003c 00       		.ascii	"\000"
 946 003d 00000000 		.ascii	"\000\000\000\000\000\000\000\000"
 946      00000000 
 947 0045 F7000000 		.ascii	"\367\000\000\000"
 948 0049 75736247 		.ascii	"usbGetSofCounter\000"
 948      6574536F 
 948      66436F75 
 948      6E746572 
 948      00
 949 005a 00       		.ascii	"\000"
 950 005b 02       		.ascii	"\002"
 951 005c 00       		.ascii	"\000"
 952 005d 00000000 		.ascii	"\000\000\000\000\000\000\000\000"
 952      00000000 
 953 0065 00010000 		.ascii	"\000\001\000\000"
 954 0069 75736244 		.ascii	"usbDisableSOF\000"
 954      69736162 
 954      6C65534F 
 954      4600
 955 0077 00       		.ascii	"\000"
 956 0078 02       		.ascii	"\002"
 957 0079 00       		.ascii	"\000"
 958 007a 00000000 		.ascii	"\000\000\000\000\000\000\000\000"
 958      00000000 
 959 0082 04010000 		.ascii	"\004\001\000\000"
 960              		.text
ARM GAS  /tmp/cc5z9TBg.s 			page 35


 961              		.section	.gnu.lto_.ext_symtab.c3c3eb3b1f578e7b,"e",%progbits
 962 0000 01       		.ascii	"\001"
 963 0001 01       		.ascii	"\001"
 964 0002 00       		.ascii	"\000"
 965 0003 01       		.ascii	"\001"
 966 0004 00       		.ascii	"\000"
 967 0005 01       		.ascii	"\001"
 968 0006 00       		.ascii	"\000"
 969 0007 01       		.ascii	"\001"
 970 0008 00       		.ascii	"\000"
 971 0009 01       		.ascii	"\001"
 972 000a 00       		.ascii	"\000"
 973              		.text
 974              		.section	.gnu.lto_.opts,"e",%progbits
 975 0000 272D666E 		.ascii	"'-fno-openmp' '-fno-openacc' '-fno-pie' '-g' '-mcpu"
 975      6F2D6F70 
 975      656E6D70 
 975      2720272D 
 975      666E6F2D 
 976 0033 3D636F72 		.ascii	"=cortex-m3' '-mno-thumb-interwork' '-mthumb' '-mflo"
 976      7465782D 
 976      6D332720 
 976      272D6D6E 
 976      6F2D7468 
 977 0066 61742D61 		.ascii	"at-abi=soft' '-march=armv7-m' '-Os' '-fomit-frame-p"
 977      62693D73 
 977      6F667427 
 977      20272D6D 
 977      61726368 
 978 0099 6F696E74 		.ascii	"ointer' '-falign-functions=16' '-ffunction-sections"
 978      65722720 
 978      272D6661 
 978      6C69676E 
 978      2D66756E 
 979 00cc 2720272D 		.ascii	"' '-fdata-sections' '-fno-common' '-flto' '-Xassemb"
 979      66646174 
 979      612D7365 
 979      6374696F 
 979      6E732720 
 980 00ff 6C657227 		.ascii	"ler' '-alms=build/lst/cmdsof.lst'\000"
 980      20272D61 
 980      6C6D733D 
 980      6275696C 
 980      642F6C73 
 981              		.text
 982              		.comm	__gnu_lto_slim,1,1
 983              		.ident	"GCC: (Fedora 10.2.0-4.fc34) 10.2.0"
ARM GAS  /tmp/cc5z9TBg.s 			page 36


DEFINED SYMBOLS
                            *ABS*:0000000000000000 cmdsof.c
     /tmp/cc5z9TBg.s:22     .gnu.debuglto_.debug_info:0000000000000000 cmdsof.c.fed38843
                            *COM*:0000000000000001 __gnu_lto_slim

NO UNDEFINED SYMBOLS
