ARM GAS  /tmp/cceUZGrl.s 			page 1


   1              		.cpu cortex-m3
   2              		.eabi_attribute 20, 1
   3              		.eabi_attribute 21, 1
   4              		.eabi_attribute 23, 3
   5              		.eabi_attribute 24, 1
   6              		.eabi_attribute 25, 1
   7              		.eabi_attribute 26, 1
   8              		.eabi_attribute 30, 4
   9              		.eabi_attribute 34, 1
  10              		.eabi_attribute 18, 4
  11              		.file	"converterSW.c"
  12              		.file 1 "/usr/arm-none-eabi/include/machine/_default_types.h"
  13              		.file 2 "/usr/arm-none-eabi/include/sys/_stdint.h"
  14              		.file 3 "/usr/lib/gcc/arm-none-eabi/10.2.0/include/stddef.h"
  15              		.file 4 "../FreeRTOS/include/osal_ch.h"
  16              		.file 5 "logic/converter/../../drivers/../logic/converter/converter.h"
  17              		.file 6 "logic/converter/converterSW.c"
  18              		.section	.gnu.debuglto_.debug_info,"e",%progbits
  19              	.Ldebug_info0:
  20              		.hidden	converterSW.c.8a07fbcd
  21              		.weak	converterSW.c.8a07fbcd
  22              	converterSW.c.8a07fbcd:
  23 0000 10030000 		.4byte	0x310
  24 0004 0400     		.2byte	0x4
  25 0006 00000000 		.4byte	.Ldebug_abbrev0
  26 000a 04       		.byte	0x4
  27 000b 01       		.uleb128 0x1
  28 000c 5E010000 		.4byte	.LASF47
  29 0010 0C       		.byte	0xc
  30 0011 DD020000 		.4byte	.LASF48
  31 0015 36000000 		.4byte	.LASF49
  32 0019 00000000 		.4byte	.Ldebug_line0
  33 001d 02       		.uleb128 0x2
  34 001e 01       		.byte	0x1
  35 001f 06       		.byte	0x6
  36 0020 82030000 		.4byte	.LASF0
  37 0024 03       		.uleb128 0x3
  38 0025 13000000 		.4byte	.LASF4
  39 0029 01       		.byte	0x1
  40 002a 2B       		.byte	0x2b
  41 002b 18       		.byte	0x18
  42 002c 30000000 		.4byte	0x30
  43 0030 02       		.uleb128 0x2
  44 0031 01       		.byte	0x1
  45 0032 08       		.byte	0x8
  46 0033 16010000 		.4byte	.LASF1
  47 0037 02       		.uleb128 0x2
  48 0038 02       		.byte	0x2
  49 0039 05       		.byte	0x5
  50 003a BF000000 		.4byte	.LASF2
  51 003e 02       		.uleb128 0x2
  52 003f 02       		.byte	0x2
  53 0040 07       		.byte	0x7
  54 0041 89000000 		.4byte	.LASF3
  55 0045 03       		.uleb128 0x3
  56 0046 F5000000 		.4byte	.LASF5
  57 004a 01       		.byte	0x1
ARM GAS  /tmp/cceUZGrl.s 			page 2


  58 004b 4D       		.byte	0x4d
  59 004c 18       		.byte	0x18
  60 004d 51000000 		.4byte	0x51
  61 0051 02       		.uleb128 0x2
  62 0052 04       		.byte	0x4
  63 0053 05       		.byte	0x5
  64 0054 5D030000 		.4byte	.LASF6
  65 0058 03       		.uleb128 0x3
  66 0059 6D020000 		.4byte	.LASF7
  67 005d 01       		.byte	0x1
  68 005e 4F       		.byte	0x4f
  69 005f 19       		.byte	0x19
  70 0060 64000000 		.4byte	0x64
  71 0064 02       		.uleb128 0x2
  72 0065 04       		.byte	0x4
  73 0066 07       		.byte	0x7
  74 0067 4C010000 		.4byte	.LASF8
  75 006b 02       		.uleb128 0x2
  76 006c 08       		.byte	0x8
  77 006d 05       		.byte	0x5
  78 006e 00030000 		.4byte	.LASF9
  79 0072 02       		.uleb128 0x2
  80 0073 08       		.byte	0x8
  81 0074 07       		.byte	0x7
  82 0075 FF000000 		.4byte	.LASF10
  83 0079 04       		.uleb128 0x4
  84 007a 04       		.byte	0x4
  85 007b 05       		.byte	0x5
  86 007c 696E7400 		.ascii	"int\000"
  87 0080 02       		.uleb128 0x2
  88 0081 04       		.byte	0x4
  89 0082 07       		.byte	0x7
  90 0083 A4020000 		.4byte	.LASF11
  91 0087 03       		.uleb128 0x3
  92 0088 C7020000 		.4byte	.LASF12
  93 008c 02       		.byte	0x2
  94 008d 18       		.byte	0x18
  95 008e 13       		.byte	0x13
  96 008f 24000000 		.4byte	0x24
  97 0093 03       		.uleb128 0x3
  98 0094 D5020000 		.4byte	.LASF13
  99 0098 02       		.byte	0x2
 100 0099 2C       		.byte	0x2c
 101 009a 13       		.byte	0x13
 102 009b 45000000 		.4byte	0x45
 103 009f 03       		.uleb128 0x3
 104 00a0 54030000 		.4byte	.LASF14
 105 00a4 02       		.byte	0x2
 106 00a5 30       		.byte	0x30
 107 00a6 14       		.byte	0x14
 108 00a7 58000000 		.4byte	0x58
 109 00ab 03       		.uleb128 0x3
 110 00ac 1D000000 		.4byte	.LASF15
 111 00b0 03       		.byte	0x3
 112 00b1 D1       		.byte	0xd1
 113 00b2 17       		.byte	0x17
 114 00b3 80000000 		.4byte	0x80
ARM GAS  /tmp/cceUZGrl.s 			page 3


 115 00b7 02       		.uleb128 0x2
 116 00b8 08       		.byte	0x8
 117 00b9 04       		.byte	0x4
 118 00ba 76030000 		.4byte	.LASF16
 119 00be 05       		.uleb128 0x5
 120 00bf 04       		.byte	0x4
 121 00c0 06       		.uleb128 0x6
 122 00c1 04       		.byte	0x4
 123 00c2 CD000000 		.4byte	0xcd
 124 00c6 02       		.uleb128 0x2
 125 00c7 01       		.byte	0x1
 126 00c8 08       		.byte	0x8
 127 00c9 C2020000 		.4byte	.LASF17
 128 00cd 07       		.uleb128 0x7
 129 00ce C6000000 		.4byte	0xc6
 130 00d2 03       		.uleb128 0x3
 131 00d3 CF020000 		.4byte	.LASF18
 132 00d7 04       		.byte	0x4
 133 00d8 5C       		.byte	0x5c
 134 00d9 11       		.byte	0x11
 135 00da 93000000 		.4byte	0x93
 136 00de 02       		.uleb128 0x2
 137 00df 01       		.byte	0x1
 138 00e0 02       		.byte	0x2
 139 00e1 8E030000 		.4byte	.LASF19
 140 00e5 08       		.uleb128 0x8
 141 00e6 14       		.byte	0x14
 142 00e7 05       		.byte	0x5
 143 00e8 37       		.byte	0x37
 144 00e9 09       		.byte	0x9
 145 00ea 3D010000 		.4byte	0x13d
 146 00ee 09       		.uleb128 0x9
 147 00ef 24020000 		.4byte	.LASF20
 148 00f3 05       		.byte	0x5
 149 00f4 39       		.byte	0x39
 150 00f5 0E       		.byte	0xe
 151 00f6 9F000000 		.4byte	0x9f
 152 00fa 00       		.byte	0
 153 00fb 09       		.uleb128 0x9
 154 00fc 78020000 		.4byte	.LASF21
 155 0100 05       		.byte	0x5
 156 0101 3A       		.byte	0x3a
 157 0102 0E       		.byte	0xe
 158 0103 9F000000 		.4byte	0x9f
 159 0107 04       		.byte	0x4
 160 0108 09       		.uleb128 0x9
 161 0109 63020000 		.4byte	.LASF22
 162 010d 05       		.byte	0x5
 163 010e 3D       		.byte	0x3d
 164 010f 0A       		.byte	0xa
 165 0110 DE000000 		.4byte	0xde
 166 0114 08       		.byte	0x8
 167 0115 09       		.uleb128 0x9
 168 0116 24000000 		.4byte	.LASF23
 169 011a 05       		.byte	0x5
 170 011b 3E       		.byte	0x3e
 171 011c 0D       		.byte	0xd
ARM GAS  /tmp/cceUZGrl.s 			page 4


 172 011d 87000000 		.4byte	0x87
 173 0121 09       		.byte	0x9
 174 0122 09       		.uleb128 0x9
 175 0123 00000000 		.4byte	.LASF24
 176 0127 05       		.byte	0x5
 177 0128 41       		.byte	0x41
 178 0129 0E       		.byte	0xe
 179 012a 9F000000 		.4byte	0x9f
 180 012e 0C       		.byte	0xc
 181 012f 09       		.uleb128 0x9
 182 0130 94030000 		.4byte	.LASF25
 183 0134 05       		.byte	0x5
 184 0135 42       		.byte	0x42
 185 0136 0A       		.byte	0xa
 186 0137 DE000000 		.4byte	0xde
 187 013b 10       		.byte	0x10
 188 013c 00       		.byte	0
 189 013d 03       		.uleb128 0x3
 190 013e 85020000 		.4byte	.LASF26
 191 0142 05       		.byte	0x5
 192 0143 43       		.byte	0x43
 193 0144 03       		.byte	0x3
 194 0145 E5000000 		.4byte	0xe5
 195 0149 03       		.uleb128 0x3
 196 014a CF000000 		.4byte	.LASF27
 197 014e 05       		.byte	0x5
 198 014f 45       		.byte	0x45
 199 0150 23       		.byte	0x23
 200 0151 5A010000 		.4byte	0x15a
 201 0155 07       		.uleb128 0x7
 202 0156 49010000 		.4byte	0x149
 203 015a 0A       		.uleb128 0xa
 204 015b 39010000 		.4byte	.LASF34
 205 015f 24       		.byte	0x24
 206 0160 05       		.byte	0x5
 207 0161 48       		.byte	0x48
 208 0162 08       		.byte	0x8
 209 0163 A9010000 		.4byte	0x1a9
 210 0167 09       		.uleb128 0x9
 211 0168 24010000 		.4byte	.LASF28
 212 016c 05       		.byte	0x5
 213 016d 49       		.byte	0x49
 214 016e 1A       		.byte	0x1a
 215 016f 3D010000 		.4byte	0x13d
 216 0173 00       		.byte	0
 217 0174 09       		.uleb128 0x9
 218 0175 C9000000 		.4byte	.LASF29
 219 0179 05       		.byte	0x5
 220 017a 4B       		.byte	0x4b
 221 017b 1A       		.byte	0x1a
 222 017c 09020000 		.4byte	0x209
 223 0180 14       		.byte	0x14
 224 0181 09       		.uleb128 0x9
 225 0182 2B000000 		.4byte	.LASF30
 226 0186 05       		.byte	0x5
 227 0187 4C       		.byte	0x4c
 228 0188 0D       		.byte	0xd
ARM GAS  /tmp/cceUZGrl.s 			page 5


 229 0189 87000000 		.4byte	0x87
 230 018d 18       		.byte	0x18
 231 018e 09       		.uleb128 0x9
 232 018f 2F030000 		.4byte	.LASF31
 233 0193 05       		.byte	0x5
 234 0194 4D       		.byte	0x4d
 235 0195 0E       		.byte	0xe
 236 0196 9F000000 		.4byte	0x9f
 237 019a 1C       		.byte	0x1c
 238 019b 09       		.uleb128 0x9
 239 019c B1020000 		.4byte	.LASF32
 240 01a0 05       		.byte	0x5
 241 01a1 4F       		.byte	0x4f
 242 01a2 0B       		.byte	0xb
 243 01a3 25020000 		.4byte	0x225
 244 01a7 20       		.byte	0x20
 245 01a8 00       		.byte	0
 246 01a9 03       		.uleb128 0x3
 247 01aa 3D030000 		.4byte	.LASF33
 248 01ae 05       		.byte	0x5
 249 01af 46       		.byte	0x46
 250 01b0 20       		.byte	0x20
 251 01b1 BA010000 		.4byte	0x1ba
 252 01b5 07       		.uleb128 0x7
 253 01b6 A9010000 		.4byte	0x1a9
 254 01ba 0A       		.uleb128 0xa
 255 01bb 1F030000 		.4byte	.LASF35
 256 01bf 14       		.byte	0x14
 257 01c0 05       		.byte	0x5
 258 01c1 57       		.byte	0x57
 259 01c2 08       		.byte	0x8
 260 01c3 09020000 		.4byte	0x209
 261 01c7 09       		.uleb128 0x9
 262 01c8 4B030000 		.4byte	.LASF36
 263 01cc 05       		.byte	0x5
 264 01cd 58       		.byte	0x58
 265 01ce 11       		.byte	0x11
 266 01cf C0000000 		.4byte	0xc0
 267 01d3 00       		.byte	0
 268 01d4 09       		.uleb128 0x9
 269 01d5 66030000 		.4byte	.LASF37
 270 01d9 05       		.byte	0x5
 271 01da 59       		.byte	0x59
 272 01db 0E       		.byte	0xe
 273 01dc 9F000000 		.4byte	0x9f
 274 01e0 04       		.byte	0x4
 275 01e1 09       		.uleb128 0x9
 276 01e2 36020000 		.4byte	.LASF38
 277 01e6 05       		.byte	0x5
 278 01e7 5A       		.byte	0x5a
 279 01e8 0E       		.byte	0xe
 280 01e9 9F000000 		.4byte	0x9f
 281 01ed 08       		.byte	0x8
 282 01ee 09       		.uleb128 0x9
 283 01ef 30010000 		.4byte	.LASF39
 284 01f3 05       		.byte	0x5
 285 01f4 5B       		.byte	0x5b
ARM GAS  /tmp/cceUZGrl.s 			page 6


 286 01f5 0B       		.byte	0xb
 287 01f6 BE000000 		.4byte	0xbe
 288 01fa 0C       		.byte	0xc
 289 01fb 09       		.uleb128 0x9
 290 01fc 59020000 		.4byte	.LASF40
 291 0200 05       		.byte	0x5
 292 0201 5D       		.byte	0x5d
 293 0202 1F       		.byte	0x1f
 294 0203 9F020000 		.4byte	0x29f
 295 0207 10       		.byte	0x10
 296 0208 00       		.byte	0
 297 0209 06       		.uleb128 0x6
 298 020a 04       		.byte	0x4
 299 020b B5010000 		.4byte	0x1b5
 300 020f 0B       		.uleb128 0xb
 301 0210 1F020000 		.4byte	0x21f
 302 0214 0C       		.uleb128 0xc
 303 0215 1F020000 		.4byte	0x21f
 304 0219 0C       		.uleb128 0xc
 305 021a 9F000000 		.4byte	0x9f
 306 021e 00       		.byte	0
 307 021f 06       		.uleb128 0x6
 308 0220 04       		.byte	0x4
 309 0221 55010000 		.4byte	0x155
 310 0225 06       		.uleb128 0x6
 311 0226 04       		.byte	0x4
 312 0227 0F020000 		.4byte	0x20f
 313 022b 08       		.uleb128 0x8
 314 022c 08       		.byte	0x8
 315 022d 05       		.byte	0x5
 316 022e 52       		.byte	0x52
 317 022f 09       		.byte	0x9
 318 0230 4F020000 		.4byte	0x24f
 319 0234 09       		.uleb128 0x9
 320 0235 77000000 		.4byte	.LASF41
 321 0239 05       		.byte	0x5
 322 023a 53       		.byte	0x53
 323 023b 0C       		.byte	0xc
 324 023c 6E020000 		.4byte	0x26e
 325 0240 00       		.byte	0
 326 0241 09       		.uleb128 0x9
 327 0242 AC000000 		.4byte	.LASF42
 328 0246 05       		.byte	0x5
 329 0247 54       		.byte	0x54
 330 0248 0C       		.byte	0xc
 331 0249 88020000 		.4byte	0x288
 332 024d 04       		.byte	0x4
 333 024e 00       		.byte	0
 334 024f 0D       		.uleb128 0xd
 335 0250 DE000000 		.4byte	0xde
 336 0254 68020000 		.4byte	0x268
 337 0258 0C       		.uleb128 0xc
 338 0259 1F020000 		.4byte	0x21f
 339 025d 0C       		.uleb128 0xc
 340 025e 09020000 		.4byte	0x209
 341 0262 0C       		.uleb128 0xc
 342 0263 68020000 		.4byte	0x268
ARM GAS  /tmp/cceUZGrl.s 			page 7


 343 0267 00       		.byte	0
 344 0268 06       		.uleb128 0x6
 345 0269 04       		.byte	0x4
 346 026a 3D010000 		.4byte	0x13d
 347 026e 06       		.uleb128 0x6
 348 026f 04       		.byte	0x4
 349 0270 4F020000 		.4byte	0x24f
 350 0274 0D       		.uleb128 0xd
 351 0275 DE000000 		.4byte	0xde
 352 0279 88020000 		.4byte	0x288
 353 027d 0C       		.uleb128 0xc
 354 027e 1F020000 		.4byte	0x21f
 355 0282 0C       		.uleb128 0xc
 356 0283 09020000 		.4byte	0x209
 357 0287 00       		.byte	0
 358 0288 06       		.uleb128 0x6
 359 0289 04       		.byte	0x4
 360 028a 74020000 		.4byte	0x274
 361 028e 03       		.uleb128 0x3
 362 028f 46020000 		.4byte	.LASF43
 363 0293 05       		.byte	0x5
 364 0294 55       		.byte	0x55
 365 0295 03       		.byte	0x3
 366 0296 2B020000 		.4byte	0x22b
 367 029a 07       		.uleb128 0x7
 368 029b 8E020000 		.4byte	0x28e
 369 029f 06       		.uleb128 0x6
 370 02a0 04       		.byte	0x4
 371 02a1 9A020000 		.4byte	0x29a
 372 02a5 0E       		.uleb128 0xe
 373 02a6 E0000000 		.4byte	.LASF50
 374 02aa 05       		.byte	0x5
 375 02ab 63       		.byte	0x63
 376 02ac 1B       		.byte	0x1b
 377 02ad 8E020000 		.4byte	0x28e
 378 02b1 0F       		.uleb128 0xf
 379 02b2 A5020000 		.4byte	0x2a5
 380 02b6 06       		.byte	0x6
 381 02b7 3A       		.byte	0x3a
 382 02b8 14       		.byte	0x14
 383 02b9 10       		.uleb128 0x10
 384 02ba 0E030000 		.4byte	.LASF51
 385 02be 06       		.byte	0x6
 386 02bf 2F       		.byte	0x2f
 387 02c0 0D       		.byte	0xd
 388 02c1 DE000000 		.4byte	0xde
 389 02c5 E2020000 		.4byte	0x2e2
 390 02c9 11       		.uleb128 0x11
 391 02ca 9A020000 		.4byte	.LASF44
 392 02ce 06       		.byte	0x6
 393 02cf 2F       		.byte	0x2f
 394 02d0 36       		.byte	0x36
 395 02d1 1F020000 		.4byte	0x21f
 396 02d5 11       		.uleb128 0x11
 397 02d6 FB020000 		.4byte	.LASF45
 398 02da 06       		.byte	0x6
 399 02db 2F       		.byte	0x2f
ARM GAS  /tmp/cceUZGrl.s 			page 8


 400 02dc 56       		.byte	0x56
 401 02dd 09020000 		.4byte	0x209
 402 02e1 00       		.byte	0
 403 02e2 12       		.uleb128 0x12
 404 02e3 9C000000 		.4byte	.LASF52
 405 02e7 06       		.byte	0x6
 406 02e8 22       		.byte	0x22
 407 02e9 0D       		.byte	0xd
 408 02ea DE000000 		.4byte	0xde
 409 02ee 11       		.uleb128 0x11
 410 02ef 9A020000 		.4byte	.LASF44
 411 02f3 06       		.byte	0x6
 412 02f4 22       		.byte	0x22
 413 02f5 35       		.byte	0x35
 414 02f6 1F020000 		.4byte	0x21f
 415 02fa 11       		.uleb128 0x11
 416 02fb FB020000 		.4byte	.LASF45
 417 02ff 06       		.byte	0x6
 418 0300 22       		.byte	0x22
 419 0301 55       		.byte	0x55
 420 0302 09020000 		.4byte	0x209
 421 0306 11       		.uleb128 0x11
 422 0307 A6030000 		.4byte	.LASF46
 423 030b 06       		.byte	0x6
 424 030c 22       		.byte	0x22
 425 030d 71       		.byte	0x71
 426 030e 68020000 		.4byte	0x268
 427 0312 00       		.byte	0
 428 0313 00       		.byte	0
 429              		.section	.gnu.debuglto_.debug_abbrev,"e",%progbits
 430              	.Ldebug_abbrev0:
 431 0000 01       		.uleb128 0x1
 432 0001 11       		.uleb128 0x11
 433 0002 01       		.byte	0x1
 434 0003 25       		.uleb128 0x25
 435 0004 0E       		.uleb128 0xe
 436 0005 13       		.uleb128 0x13
 437 0006 0B       		.uleb128 0xb
 438 0007 03       		.uleb128 0x3
 439 0008 0E       		.uleb128 0xe
 440 0009 1B       		.uleb128 0x1b
 441 000a 0E       		.uleb128 0xe
 442 000b 10       		.uleb128 0x10
 443 000c 17       		.uleb128 0x17
 444 000d 00       		.byte	0
 445 000e 00       		.byte	0
 446 000f 02       		.uleb128 0x2
 447 0010 24       		.uleb128 0x24
 448 0011 00       		.byte	0
 449 0012 0B       		.uleb128 0xb
 450 0013 0B       		.uleb128 0xb
 451 0014 3E       		.uleb128 0x3e
 452 0015 0B       		.uleb128 0xb
 453 0016 03       		.uleb128 0x3
 454 0017 0E       		.uleb128 0xe
 455 0018 00       		.byte	0
 456 0019 00       		.byte	0
ARM GAS  /tmp/cceUZGrl.s 			page 9


 457 001a 03       		.uleb128 0x3
 458 001b 16       		.uleb128 0x16
 459 001c 00       		.byte	0
 460 001d 03       		.uleb128 0x3
 461 001e 0E       		.uleb128 0xe
 462 001f 3A       		.uleb128 0x3a
 463 0020 0B       		.uleb128 0xb
 464 0021 3B       		.uleb128 0x3b
 465 0022 0B       		.uleb128 0xb
 466 0023 39       		.uleb128 0x39
 467 0024 0B       		.uleb128 0xb
 468 0025 49       		.uleb128 0x49
 469 0026 13       		.uleb128 0x13
 470 0027 00       		.byte	0
 471 0028 00       		.byte	0
 472 0029 04       		.uleb128 0x4
 473 002a 24       		.uleb128 0x24
 474 002b 00       		.byte	0
 475 002c 0B       		.uleb128 0xb
 476 002d 0B       		.uleb128 0xb
 477 002e 3E       		.uleb128 0x3e
 478 002f 0B       		.uleb128 0xb
 479 0030 03       		.uleb128 0x3
 480 0031 08       		.uleb128 0x8
 481 0032 00       		.byte	0
 482 0033 00       		.byte	0
 483 0034 05       		.uleb128 0x5
 484 0035 0F       		.uleb128 0xf
 485 0036 00       		.byte	0
 486 0037 0B       		.uleb128 0xb
 487 0038 0B       		.uleb128 0xb
 488 0039 00       		.byte	0
 489 003a 00       		.byte	0
 490 003b 06       		.uleb128 0x6
 491 003c 0F       		.uleb128 0xf
 492 003d 00       		.byte	0
 493 003e 0B       		.uleb128 0xb
 494 003f 0B       		.uleb128 0xb
 495 0040 49       		.uleb128 0x49
 496 0041 13       		.uleb128 0x13
 497 0042 00       		.byte	0
 498 0043 00       		.byte	0
 499 0044 07       		.uleb128 0x7
 500 0045 26       		.uleb128 0x26
 501 0046 00       		.byte	0
 502 0047 49       		.uleb128 0x49
 503 0048 13       		.uleb128 0x13
 504 0049 00       		.byte	0
 505 004a 00       		.byte	0
 506 004b 08       		.uleb128 0x8
 507 004c 13       		.uleb128 0x13
 508 004d 01       		.byte	0x1
 509 004e 0B       		.uleb128 0xb
 510 004f 0B       		.uleb128 0xb
 511 0050 3A       		.uleb128 0x3a
 512 0051 0B       		.uleb128 0xb
 513 0052 3B       		.uleb128 0x3b
ARM GAS  /tmp/cceUZGrl.s 			page 10


 514 0053 0B       		.uleb128 0xb
 515 0054 39       		.uleb128 0x39
 516 0055 0B       		.uleb128 0xb
 517 0056 01       		.uleb128 0x1
 518 0057 13       		.uleb128 0x13
 519 0058 00       		.byte	0
 520 0059 00       		.byte	0
 521 005a 09       		.uleb128 0x9
 522 005b 0D       		.uleb128 0xd
 523 005c 00       		.byte	0
 524 005d 03       		.uleb128 0x3
 525 005e 0E       		.uleb128 0xe
 526 005f 3A       		.uleb128 0x3a
 527 0060 0B       		.uleb128 0xb
 528 0061 3B       		.uleb128 0x3b
 529 0062 0B       		.uleb128 0xb
 530 0063 39       		.uleb128 0x39
 531 0064 0B       		.uleb128 0xb
 532 0065 49       		.uleb128 0x49
 533 0066 13       		.uleb128 0x13
 534 0067 38       		.uleb128 0x38
 535 0068 0B       		.uleb128 0xb
 536 0069 00       		.byte	0
 537 006a 00       		.byte	0
 538 006b 0A       		.uleb128 0xa
 539 006c 13       		.uleb128 0x13
 540 006d 01       		.byte	0x1
 541 006e 03       		.uleb128 0x3
 542 006f 0E       		.uleb128 0xe
 543 0070 0B       		.uleb128 0xb
 544 0071 0B       		.uleb128 0xb
 545 0072 3A       		.uleb128 0x3a
 546 0073 0B       		.uleb128 0xb
 547 0074 3B       		.uleb128 0x3b
 548 0075 0B       		.uleb128 0xb
 549 0076 39       		.uleb128 0x39
 550 0077 0B       		.uleb128 0xb
 551 0078 01       		.uleb128 0x1
 552 0079 13       		.uleb128 0x13
 553 007a 00       		.byte	0
 554 007b 00       		.byte	0
 555 007c 0B       		.uleb128 0xb
 556 007d 15       		.uleb128 0x15
 557 007e 01       		.byte	0x1
 558 007f 27       		.uleb128 0x27
 559 0080 19       		.uleb128 0x19
 560 0081 01       		.uleb128 0x1
 561 0082 13       		.uleb128 0x13
 562 0083 00       		.byte	0
 563 0084 00       		.byte	0
 564 0085 0C       		.uleb128 0xc
 565 0086 05       		.uleb128 0x5
 566 0087 00       		.byte	0
 567 0088 49       		.uleb128 0x49
 568 0089 13       		.uleb128 0x13
 569 008a 00       		.byte	0
 570 008b 00       		.byte	0
ARM GAS  /tmp/cceUZGrl.s 			page 11


 571 008c 0D       		.uleb128 0xd
 572 008d 15       		.uleb128 0x15
 573 008e 01       		.byte	0x1
 574 008f 27       		.uleb128 0x27
 575 0090 19       		.uleb128 0x19
 576 0091 49       		.uleb128 0x49
 577 0092 13       		.uleb128 0x13
 578 0093 01       		.uleb128 0x1
 579 0094 13       		.uleb128 0x13
 580 0095 00       		.byte	0
 581 0096 00       		.byte	0
 582 0097 0E       		.uleb128 0xe
 583 0098 34       		.uleb128 0x34
 584 0099 00       		.byte	0
 585 009a 03       		.uleb128 0x3
 586 009b 0E       		.uleb128 0xe
 587 009c 3A       		.uleb128 0x3a
 588 009d 0B       		.uleb128 0xb
 589 009e 3B       		.uleb128 0x3b
 590 009f 0B       		.uleb128 0xb
 591 00a0 39       		.uleb128 0x39
 592 00a1 0B       		.uleb128 0xb
 593 00a2 49       		.uleb128 0x49
 594 00a3 13       		.uleb128 0x13
 595 00a4 3F       		.uleb128 0x3f
 596 00a5 19       		.uleb128 0x19
 597 00a6 3C       		.uleb128 0x3c
 598 00a7 19       		.uleb128 0x19
 599 00a8 00       		.byte	0
 600 00a9 00       		.byte	0
 601 00aa 0F       		.uleb128 0xf
 602 00ab 34       		.uleb128 0x34
 603 00ac 00       		.byte	0
 604 00ad 47       		.uleb128 0x47
 605 00ae 13       		.uleb128 0x13
 606 00af 3A       		.uleb128 0x3a
 607 00b0 0B       		.uleb128 0xb
 608 00b1 3B       		.uleb128 0x3b
 609 00b2 0B       		.uleb128 0xb
 610 00b3 39       		.uleb128 0x39
 611 00b4 0B       		.uleb128 0xb
 612 00b5 00       		.byte	0
 613 00b6 00       		.byte	0
 614 00b7 10       		.uleb128 0x10
 615 00b8 2E       		.uleb128 0x2e
 616 00b9 01       		.byte	0x1
 617 00ba 03       		.uleb128 0x3
 618 00bb 0E       		.uleb128 0xe
 619 00bc 3A       		.uleb128 0x3a
 620 00bd 0B       		.uleb128 0xb
 621 00be 3B       		.uleb128 0x3b
 622 00bf 0B       		.uleb128 0xb
 623 00c0 39       		.uleb128 0x39
 624 00c1 0B       		.uleb128 0xb
 625 00c2 27       		.uleb128 0x27
 626 00c3 19       		.uleb128 0x19
 627 00c4 49       		.uleb128 0x49
ARM GAS  /tmp/cceUZGrl.s 			page 12


 628 00c5 13       		.uleb128 0x13
 629 00c6 01       		.uleb128 0x1
 630 00c7 13       		.uleb128 0x13
 631 00c8 00       		.byte	0
 632 00c9 00       		.byte	0
 633 00ca 11       		.uleb128 0x11
 634 00cb 05       		.uleb128 0x5
 635 00cc 00       		.byte	0
 636 00cd 03       		.uleb128 0x3
 637 00ce 0E       		.uleb128 0xe
 638 00cf 3A       		.uleb128 0x3a
 639 00d0 0B       		.uleb128 0xb
 640 00d1 3B       		.uleb128 0x3b
 641 00d2 0B       		.uleb128 0xb
 642 00d3 39       		.uleb128 0x39
 643 00d4 0B       		.uleb128 0xb
 644 00d5 49       		.uleb128 0x49
 645 00d6 13       		.uleb128 0x13
 646 00d7 00       		.byte	0
 647 00d8 00       		.byte	0
 648 00d9 12       		.uleb128 0x12
 649 00da 2E       		.uleb128 0x2e
 650 00db 01       		.byte	0x1
 651 00dc 03       		.uleb128 0x3
 652 00dd 0E       		.uleb128 0xe
 653 00de 3A       		.uleb128 0x3a
 654 00df 0B       		.uleb128 0xb
 655 00e0 3B       		.uleb128 0x3b
 656 00e1 0B       		.uleb128 0xb
 657 00e2 39       		.uleb128 0x39
 658 00e3 0B       		.uleb128 0xb
 659 00e4 27       		.uleb128 0x27
 660 00e5 19       		.uleb128 0x19
 661 00e6 49       		.uleb128 0x49
 662 00e7 13       		.uleb128 0x13
 663 00e8 00       		.byte	0
 664 00e9 00       		.byte	0
 665 00ea 00       		.byte	0
 666              		.section	.gnu.debuglto_.debug_line,"e",%progbits
 667              	.Ldebug_line0:
 668 0000 35010000 		.4byte	.LELT0-.LSLT0
 669              	.LSLT0:
 670 0004 0400     		.2byte	0x4
 671 0006 2F010000 		.4byte	.LELTP0-.LASLTP0
 672              	.LASLTP0:
 673 000a 01       		.byte	0x1
 674 000b 01       		.byte	0x1
 675 000c 01       		.byte	0x1
 676 000d F6       		.byte	0xf6
 677 000e F2       		.byte	0xf2
 678 000f 0D       		.byte	0xd
 679 0010 00       		.byte	0
 680 0011 01       		.byte	0x1
 681 0012 01       		.byte	0x1
 682 0013 01       		.byte	0x1
 683 0014 01       		.byte	0x1
 684 0015 00       		.byte	0
ARM GAS  /tmp/cceUZGrl.s 			page 13


 685 0016 00       		.byte	0
 686 0017 00       		.byte	0
 687 0018 01       		.byte	0x1
 688 0019 00       		.byte	0
 689 001a 00       		.byte	0
 690 001b 01       		.byte	0x1
 691 001c 2E2E2F46 		.ascii	"../FreeRTOS/include"
 691      72656552 
 691      544F532F 
 691      696E636C 
 691      756465
 692 002f 00       		.byte	0
 693 0030 6C6F6769 		.ascii	"logic/converter/../../drivers/../logic/converter"
 693      632F636F 
 693      6E766572 
 693      7465722F 
 693      2E2E2F2E 
 694 0060 00       		.byte	0
 695 0061 6C6F6769 		.ascii	"logic/converter"
 695      632F636F 
 695      6E766572 
 695      746572
 696 0070 00       		.byte	0
 697 0071 2F757372 		.ascii	"/usr/arm-none-eabi/include/machine"
 697      2F61726D 
 697      2D6E6F6E 
 697      652D6561 
 697      62692F69 
 698 0093 00       		.byte	0
 699 0094 2F757372 		.ascii	"/usr/arm-none-eabi/include/sys"
 699      2F61726D 
 699      2D6E6F6E 
 699      652D6561 
 699      62692F69 
 700 00b2 00       		.byte	0
 701 00b3 2F757372 		.ascii	"/usr/lib/gcc/arm-none-eabi/10.2.0/include"
 701      2F6C6962 
 701      2F676363 
 701      2F61726D 
 701      2D6E6F6E 
 702 00dc 00       		.byte	0
 703 00dd 00       		.byte	0
 704 00de 5F646566 		.ascii	"_default_types.h\000"
 704      61756C74 
 704      5F747970 
 704      65732E68 
 704      00
 705 00ef 04       		.uleb128 0x4
 706 00f0 00       		.uleb128 0
 707 00f1 00       		.uleb128 0
 708 00f2 5F737464 		.ascii	"_stdint.h\000"
 708      696E742E 
 708      6800
 709 00fc 05       		.uleb128 0x5
 710 00fd 00       		.uleb128 0
 711 00fe 00       		.uleb128 0
 712 00ff 73746464 		.ascii	"stddef.h\000"
ARM GAS  /tmp/cceUZGrl.s 			page 14


 712      65662E68 
 712      00
 713 0108 06       		.uleb128 0x6
 714 0109 00       		.uleb128 0
 715 010a 00       		.uleb128 0
 716 010b 6F73616C 		.ascii	"osal_ch.h\000"
 716      5F63682E 
 716      6800
 717 0115 01       		.uleb128 0x1
 718 0116 00       		.uleb128 0
 719 0117 00       		.uleb128 0
 720 0118 636F6E76 		.ascii	"converter.h\000"
 720      65727465 
 720      722E6800 
 721 0124 02       		.uleb128 0x2
 722 0125 00       		.uleb128 0
 723 0126 00       		.uleb128 0
 724 0127 636F6E76 		.ascii	"converterSW.c\000"
 724      65727465 
 724      7253572E 
 724      6300
 725 0135 03       		.uleb128 0x3
 726 0136 00       		.uleb128 0
 727 0137 00       		.uleb128 0
 728 0138 00       		.byte	0
 729              	.LELTP0:
 730              	.LELT0:
 731              		.section	.gnu.debuglto_.debug_str,"eMS",%progbits,1
 732              	.LASF24:
 733 0000 6F757470 		.ascii	"outputFrequencyKHz\000"
 733      75744672 
 733      65717565 
 733      6E63794B 
 733      487A00
 734              	.LASF4:
 735 0013 5F5F7569 		.ascii	"__uint8_t\000"
 735      6E74385F 
 735      7400
 736              	.LASF15:
 737 001d 73697A65 		.ascii	"size_t\000"
 737      5F7400
 738              	.LASF23:
 739 0024 62616E64 		.ascii	"bandId\000"
 739      496400
 740              	.LASF30:
 741 002b 61637469 		.ascii	"activeBand\000"
 741      76654261 
 741      6E6400
 742              	.LASF49:
 743 0036 2F686F6D 		.ascii	"/home/framin/hardware/electrosense-converter-firmwa"
 743      652F6672 
 743      616D696E 
 743      2F686172 
 743      64776172 
 744 0069 72655632 		.ascii	"reV2/firmware\000"
 744      2F666972 
 744      6D776172 
ARM GAS  /tmp/cceUZGrl.s 			page 15


 744      6500
 745              	.LASF41:
 746 0077 636F6E76 		.ascii	"converterTuneBand\000"
 746      65727465 
 746      7254756E 
 746      6542616E 
 746      6400
 747              	.LASF3:
 748 0089 73686F72 		.ascii	"short unsigned int\000"
 748      7420756E 
 748      7369676E 
 748      65642069 
 748      6E7400
 749              	.LASF52:
 750 009c 636F6E76 		.ascii	"converterTuneSW\000"
 750      65727465 
 750      7254756E 
 750      65535700 
 751              	.LASF42:
 752 00ac 636F6E76 		.ascii	"converterLeaveBand\000"
 752      65727465 
 752      724C6561 
 752      76654261 
 752      6E6400
 753              	.LASF2:
 754 00bf 73686F72 		.ascii	"short int\000"
 754      7420696E 
 754      7400
 755              	.LASF29:
 756 00c9 62616E64 		.ascii	"bands\000"
 756      7300
 757              	.LASF27:
 758 00cf 436F6E76 		.ascii	"ConverterManager\000"
 758      65727465 
 758      724D616E 
 758      61676572 
 758      00
 759              	.LASF50:
 760 00e0 636F6E76 		.ascii	"converterSWFunctions\000"
 760      65727465 
 760      72535746 
 760      756E6374 
 760      696F6E73 
 761              	.LASF5:
 762 00f5 5F5F696E 		.ascii	"__int32_t\000"
 762      7433325F 
 762      7400
 763              	.LASF10:
 764 00ff 6C6F6E67 		.ascii	"long long unsigned int\000"
 764      206C6F6E 
 764      6720756E 
 764      7369676E 
 764      65642069 
 765              	.LASF1:
 766 0116 756E7369 		.ascii	"unsigned char\000"
 766      676E6564 
 766      20636861 
ARM GAS  /tmp/cceUZGrl.s 			page 16


 766      7200
 767              	.LASF28:
 768 0124 63757272 		.ascii	"currentTune\000"
 768      656E7454 
 768      756E6500 
 769              	.LASF39:
 770 0130 75736572 		.ascii	"userData\000"
 770      44617461 
 770      00
 771              	.LASF34:
 772 0139 436F6E76 		.ascii	"ConverterManager_s\000"
 772      65727465 
 772      724D616E 
 772      61676572 
 772      5F7300
 773              	.LASF8:
 774 014c 6C6F6E67 		.ascii	"long unsigned int\000"
 774      20756E73 
 774      69676E65 
 774      6420696E 
 774      7400
 775              	.LASF47:
 776 015e 474E5520 		.ascii	"GNU C17 10.2.0 -mcpu=cortex-m3 -mno-thumb-interwork"
 776      43313720 
 776      31302E32 
 776      2E30202D 
 776      6D637075 
 777 0191 202D6D74 		.ascii	" -mthumb -mfloat-abi=soft -march=armv7-m -ggdb -Os "
 777      68756D62 
 777      202D6D66 
 777      6C6F6174 
 777      2D616269 
 778 01c4 2D666F6D 		.ascii	"-fomit-frame-pointer -falign-functions=16 -ffunctio"
 778      69742D66 
 778      72616D65 
 778      2D706F69 
 778      6E746572 
 779 01f7 6E2D7365 		.ascii	"n-sections -fdata-sections -fno-common -flto\000"
 779      6374696F 
 779      6E73202D 
 779      66646174 
 779      612D7365 
 780              	.LASF20:
 781 0224 696E7075 		.ascii	"inputFrequencyKHz\000"
 781      74467265 
 781      7175656E 
 781      63794B48 
 781      7A00
 782              	.LASF38:
 783 0236 6D617846 		.ascii	"maxFrequencyKHz\000"
 783      72657175 
 783      656E6379 
 783      4B487A00 
 784              	.LASF43:
 785 0246 436F6E76 		.ascii	"ConverterFunctions\000"
 785      65727465 
 785      7246756E 
ARM GAS  /tmp/cceUZGrl.s 			page 17


 785      6374696F 
 785      6E7300
 786              	.LASF40:
 787 0259 66756E63 		.ascii	"functions\000"
 787      74696F6E 
 787      7300
 788              	.LASF22:
 789 0263 666F7263 		.ascii	"forceBand\000"
 789      6542616E 
 789      6400
 790              	.LASF7:
 791 026d 5F5F7569 		.ascii	"__uint32_t\000"
 791      6E743332 
 791      5F7400
 792              	.LASF21:
 793 0278 616E7465 		.ascii	"antennaInput\000"
 793      6E6E6149 
 793      6E707574 
 793      00
 794              	.LASF26:
 795 0285 436F6E76 		.ascii	"ConverterTuneRequest\000"
 795      65727465 
 795      7254756E 
 795      65526571 
 795      75657374 
 796              	.LASF44:
 797 029a 636F6E76 		.ascii	"converter\000"
 797      65727465 
 797      7200
 798              	.LASF11:
 799 02a4 756E7369 		.ascii	"unsigned int\000"
 799      676E6564 
 799      20696E74 
 799      00
 800              	.LASF32:
 801 02b1 73657443 		.ascii	"setConverterGpio\000"
 801      6F6E7665 
 801      72746572 
 801      4770696F 
 801      00
 802              	.LASF17:
 803 02c2 63686172 		.ascii	"char\000"
 803      00
 804              	.LASF12:
 805 02c7 75696E74 		.ascii	"uint8_t\000"
 805      385F7400 
 806              	.LASF18:
 807 02cf 6D73675F 		.ascii	"msg_t\000"
 807      7400
 808              	.LASF13:
 809 02d5 696E7433 		.ascii	"int32_t\000"
 809      325F7400 
 810              	.LASF48:
 811 02dd 6C6F6769 		.ascii	"logic/converter/converterSW.c\000"
 811      632F636F 
 811      6E766572 
 811      7465722F 
ARM GAS  /tmp/cceUZGrl.s 			page 18


 811      636F6E76 
 812              	.LASF45:
 813 02fb 62616E64 		.ascii	"band\000"
 813      00
 814              	.LASF9:
 815 0300 6C6F6E67 		.ascii	"long long int\000"
 815      206C6F6E 
 815      6720696E 
 815      7400
 816              	.LASF51:
 817 030e 636F6E76 		.ascii	"converterLeaveSW\000"
 817      65727465 
 817      724C6561 
 817      76655357 
 817      00
 818              	.LASF35:
 819 031f 436F6E76 		.ascii	"ConverterBand_s\000"
 819      65727465 
 819      7242616E 
 819      645F7300 
 820              	.LASF31:
 821 032f 64697361 		.ascii	"disabledBands\000"
 821      626C6564 
 821      42616E64 
 821      7300
 822              	.LASF33:
 823 033d 436F6E76 		.ascii	"ConverterBand\000"
 823      65727465 
 823      7242616E 
 823      6400
 824              	.LASF36:
 825 034b 62616E64 		.ascii	"bandName\000"
 825      4E616D65 
 825      00
 826              	.LASF14:
 827 0354 75696E74 		.ascii	"uint32_t\000"
 827      33325F74 
 827      00
 828              	.LASF6:
 829 035d 6C6F6E67 		.ascii	"long int\000"
 829      20696E74 
 829      00
 830              	.LASF37:
 831 0366 6D696E46 		.ascii	"minFrequencyKHz\000"
 831      72657175 
 831      656E6379 
 831      4B487A00 
 832              	.LASF16:
 833 0376 6C6F6E67 		.ascii	"long double\000"
 833      20646F75 
 833      626C6500 
 834              	.LASF0:
 835 0382 7369676E 		.ascii	"signed char\000"
 835      65642063 
 835      68617200 
 836              	.LASF19:
 837 038e 5F426F6F 		.ascii	"_Bool\000"
ARM GAS  /tmp/cceUZGrl.s 			page 19


 837      6C00
 838              	.LASF25:
 839 0394 73706563 		.ascii	"spectrumInversion\000"
 839      7472756D 
 839      496E7665 
 839      7273696F 
 839      6E00
 840              	.LASF46:
 841 03a6 74756E65 		.ascii	"tuneRequest\000"
 841      52657175 
 841      65737400 
 842              		.text
 843              		.section	.gnu.lto_.profile.d8d82ed63c505574,"e",%progbits
 844 0000 789C6363 		.ascii	"x\234cc\000\002&\006\006F\006\000\000R\000\012"
 844      00022606 
 844      06460600 
 844      0052000A 
 845              		.text
 846              		.section	.gnu.lto_.icf.d8d82ed63c505574,"e",%progbits
 847 0000 789C1361 		.ascii	"x\234\023a@\000f\206;\017O\256\344e\334\367\343\360"
 847      40006686 
 847      3B0F4FAE 
 847      E465DCF7 
 847      E3F0
 848 0012 1B56A6EF 		.ascii	"\033V\246\357]\333\33612\000\000jO\011\347"
 848      5DDBDE31 
 848      3200006A 
 848      4F09E7
 849              		.text
 850              		.section	.gnu.lto_.jmpfuncs.d8d82ed63c505574,"e",%progbits
 851 0000 789C9BC8 		.ascii	"x\234\233\310\200\000L\014\314\214\214\214\254\365\213"
 851      80004C0C 
 851      CC8C8C8C 
 851      ACF58B
 852 000f 99191816 		.ascii	"\231\031\030\02633\002i&\026\226:\006F\006\306\003,"
 852      33330269 
 852      2616963A 
 852      064606C6 
 852      032C
 853 0021 8C0C40FC 		.ascii	"\214\014@\374\037\010\370\031\230f33^\334\262g\012\307"
 853      1F08F819 
 853      98663333 
 853      5EDCB267 
 853      0AC7
 854 0033 24E6C5CC 		.ascii	"$\346\305\314\314\214\015l\214[\030\245\301j\032\330"
 854      CC8C0D6C 
 854      8C5B18A5 
 854      C16A1AD8 
 855 0043 400A1918 		.ascii	"@\012\031\030\254\032\230\030\231\200F\301L\302eJ_\363"
 855      AC1A9818 
 855      998046C1 
 855      4CC2654A 
 855      5FF3
 856 0055 FB7B6053 		.ascii	"\373{`S\200\022\214[\241\2060\300\315`\000\000\365\222"
 856      80128C5B 
 856      A18630C0 
 856      CD600000 
ARM GAS  /tmp/cceUZGrl.s 			page 20


 856      F592
 857 0067 225F     		.ascii	"\"_"
 858              		.text
 859              		.section	.gnu.lto_.ipa_sra.d8d82ed63c505574,"e",%progbits
 860 0000 789C7361 		.ascii	"x\234sa@\000&\006f\306\305\314\254\213\231\331\024X"
 860      40002606 
 860      66C6C5CC 
 860      AC8B99D9 
 860      1458
 861 0012 185958D8 		.ascii	"\030YX\330\030X\030\330A\342\314L\214\015,\020%\214"
 861      185818D8 
 861      41E2CC4C 
 861      8C0D2C10 
 861      258C
 862 0024 8C4C184A 		.ascii	"\214L\030J\220\245\031\000\276\023\004\217"
 862      90A51900 
 862      BE13048F 
 863              		.text
 864              		.section	.gnu.lto_.inline.d8d82ed63c505574,"e",%progbits
 865 0000 789C9BC1 		.ascii	"x\234\233\301\200\000L\014\014\274\015@\300\234\316"
 865      80004C0C 
 865      0CBC0D40 
 865      C09CCE
 866 000f C8C8C0B8 		.ascii	"\310\310\300\270\230\231\225\201\271\201\211\201\205"
 866      98999581 
 866      B9818981 
 866      85
 867 001c 15287480 		.ascii	"\025(t\200)\205\201\201\023\304`Na\002*d\004\251cJ\002"
 867      29858181 
 867      13C4604E 
 867      61022A64 
 867      04A9634A 
 868 0031 CAC2D90C 		.ascii	"\312\302\331\014,@#X\005A\346L\360c`\204\250fB5\212"
 868      2C402358 
 868      0541E64C 
 868      F0636084 
 868      A8664235 
 869 0046 81A11128 		.ascii	"\201\241\021(Z\307\300\300\006\326C\234Q\014\000\223"
 869      5AC7C0C0 
 869      06D6439C 
 869      510C0093 
 870 0056 C81E19   		.ascii	"\310\036\031"
 871              		.text
 872              		.section	.gnu.lto_.pureconst.d8d82ed63c505574,"e",%progbits
 873 0000 789C6367 		.ascii	"x\234cg```b\230\305\3028\223\005\000\004\261\001F"
 873      60606062 
 873      98C5C238 
 873      93050004 
 873      B10146
 874              		.text
 875              		.section	.gnu.lto_.lto.d8d82ed63c505574,"e",%progbits
 876 0000 09000000 		.ascii	"\011\000\000\000\001\000\000\000"
 876      01000000 
 877              		.text
 878              		.section	.gnu.lto_converterTuneSW.88.d8d82ed63c505574,"e",%progbits
 879 0000 789C9D53 		.ascii	"x\234\235SMHTQ\024\276\337;\357\315\217?\270\253hH\014"
 879      4D485451 
ARM GAS  /tmp/cceUZGrl.s 			page 21


 879      14BEDF3B 
 879      EFCD8F3F 
 879      B8AB6848 
 880 0015 0251C106 		.ascii	"\002Q\301\006\"j\031\264i\321*\027\255u\234\"\010%\323"
 880      226A19B4 
 880      69D12A17 
 880      AD759C22 
 880      0825D3
 881 0028 B6DE9961 		.ascii	"\266\336\231a\014\243\322\312~(\245\231ye\324\302\262"
 881      0CA3D2CA 
 881      7E28A599 
 881      7965D4C2 
 881      B2
 882 0039 26FB1BF3 		.ascii	"&\373\033\363U\346\250\005\221\253\202p\021\270)\235"
 882      55E6A805 
 882      91AB8270 
 882      11B8299D 
 883 0049 C408CCA4 		.ascii	"\304\010\314\244:\367\2761-\243E\017\356\345\234w\316"
 883      3AF7BE31 
 883      2DA3450F 
 883      EEE59C77 
 883      CE
 884 005a F7730EEF 		.ascii	"\367s\016\357\305I\210\032!\304\006> \001CJ\271\303"
 884      C549881A 
 884      21C4063E 
 884      2001434A 
 884      B9C3
 885 006c 1BF11980 		.ascii	"\033\361\031\200\216\244\017\242\325@+\316\320%B6\233"
 885      8EA40FA2 
 885      D5402BCE 
 885      D0254236 
 885      9B
 886 007d 9B372BAE 		.ascii	"\2337+\256I\031\225\316\371\256\255\311X|\235\315\004"
 886      491995CE 
 886      F9AEADC9 
 886      587C9DCD 
 886      04
 887 008e 3D0CDC12 		.ascii	"=\014\334\022@0 \324\2034*\270w2\3323_t\232l\002LN\273"
 887      403020D4 
 887      83342AB8 
 887      7732DA33 
 887      5F749A6C 
 888 00a6 C6D36305 		.ascii	"\306\323c\005*5P\306\351\005;>b\320F\010UZ\\h/*\277"
 888      2A3550C6 
 888      E9053B3E 
 888      62D04608 
 888      555A5C68 
 889 00bd AA59A747 		.ascii	"\252Y\247GHn\262\211p\017\244h\007\020\300]01\277\253"
 889      486EB289 
 889      700FA468 
 889      0710C05D 
 889      3031BFAB 
 890 00d1 CA5902F7 		.ascii	"\312Y\002\367Q\256\310\337\245\336\024\323N\015?zk\356"
 890      51AEC8DF 
 890      A5DE14D3 
 890      4E0D3F7A 
 890      6BEE
ARM GAS  /tmp/cceUZGrl.s 			page 22


 891 00e3 9C6F09BE 		.ascii	"\234o\011\276\276[:\246M&\036\254\302\233U\013\214\177"
 891      BE5B3AA6 
 891      4D261EAC 
 891      C29B550B 
 891      8C7F
 892 00f5 A8F1D3C7 		.ascii	"\250\361\323\307\277\235\"\332\245\361\027#\331\313"
 892      BF9D22DA 
 892      A5F11723 
 892      D9CB
 893 0103 2579FCCB 		.ascii	"%y\374\313R\027o\341\321*\274U\325\346\021\310\240\\"
 893      52176FE1 
 893      D12ABC55 
 893      D5E611C8 
 893      A05C
 894 0115 28D4FBFE 		.ascii	"(\324\373\376\357g\213=\246\232]\315<\010\256qps\302"
 894      EF678B3D 
 894      A69A5DCD 
 894      3C08AE71 
 894      7073C2
 895 0128 72E4E28F 		.ascii	"r\344\342\217\016)\007\375\311/F\001\030\3501\370\362"
 895      0E2907FD 
 895      C92F4601 
 895      18E831F8 
 895      F2
 896 0139 92BA2CA8 		.ascii	"\222\272,\250\001\274pi:H\360\222\245\011\351\010\321"
 896      01BC7069 
 896      3A48F092 
 896      A509E908 
 896      D1
 897 014a 49869B44 		.ascii	"I\206\233D8\371\000\231\272S\251YU8h\3500\207hf\254"
 897      38F90099 
 897      BA53A959 
 897      553868E8 
 897      30876866 
 898 015f 54854902 		.ascii	"T\205I\002{8\031\3734\351S;%w\217\375}Y\352\305\225"
 898      7B3819FB 
 898      34E9533B 
 898      25778FFD 
 898      7D59EAC5 
 899 0174 08D394D9 		.ascii	"\010\323\224\331\344K\362\030\217\225w\256\015\305N"
 899      E44BF218 
 899      8F9577AE 
 899      0DC54E
 900 0183 BCF206FB 		.ascii	"\274\362\006\373d\247.\3711\204^t\273\326\035\004\305"
 900      64A72EF9 
 900      31845E74 
 900      BBD61D04 
 900      C5
 901 0194 2CE28935 		.ascii	",\342\2115Z\203\231\371X\014y\235\316tiv/\244\007O\020"
 901      5A8399F9 
 901      580C799D 
 901      CE746976 
 901      2FA4074F 
 902 01a9 B0A940BB 		.ascii	"\260\251@\273\231Z\341\206\373\264\035c\245\035\353"
 902      995AE186 
 902      FBB41D63 
 902      A51DEB
ARM GAS  /tmp/cceUZGrl.s 			page 23


 903 01b8 6F760A93 		.ascii	"ov\012\223L\3644ogb\306\351\001\333qKEx\246\355\250"
 903      4CF4346F 
 903      6762C6E9 
 903      01DB714B 
 903      4578A6ED 
 904 01cd 056298ED 		.ascii	"\005b\230\355\344\020\353n\373Z\342R\223\313\336{cj"
 904      E410EB6E 
 904      FB5AE252 
 904      93CBDE7B 
 904      636A
 905 01df B8C4B5E3 		.ascii	"\270\304\265\343\3346\361\234\231\330\301\354\261\267"
 905      DC36F19C 
 905      99D8C1EC 
 905      B1B7
 906 01ed 7ED5F687 		.ascii	"~\325\366\207^\"\245\026\377O\311\021-i(\311,\202,\243"
 906      5E22A516 
 906      FF4FC911 
 906      2D6928C9 
 906      2C822CA3 
 907 0201 67FB58B9 		.ascii	"g\373X\2714\333\334\350\356\377!\026\030\325\304j\267"
 907      34DBDCE8 
 907      EEFF2116 
 907      18D5C46A 
 907      B7
 908 0212 184370E5 		.ascii	"\030Cp\345^\370\013\3018\243\224\320gWh\016\321DS^g"
 908      5EF80BC1 
 908      38A394D0 
 908      6757680E 
 908      D144535E 
 909 0227 A07DE6BA 		.ascii	"\240}\346\272\337\355\003^@\377M\035\204\345OD\210\322"
 909      DFED035E 
 909      40FF4D1D 
 909      84E54F44 
 909      88D2
 910 0239 838DFB0F 		.ascii	"\203\215\373\017\2046\207\032\033\216\204\233\232\303"
 910      8436871A 
 910      1B8E849B 
 910      9AC3
 911 0247 4DCB51CD 		.ascii	"M\313Q\315\336\352\220\360\377J\327\376V\250\336^\033"
 911      DEEA90F0 
 911      FF4AD7FE 
 911      56A8DE5E 
 911      1B
 912 0258 DCB6AF2E 		.ascii	"\334\266\257.T/\314\272\332\206\372\302\346\226\206"
 912      542FCCBA 
 912      DA86FAC2 
 912      E69686
 913 0267 F09EF0A1 		.ascii	"\360\236\360\241\226\360\341\346\237\276\030:\021"
 913      96F0E1E6 
 913      9FBE183A 
 913      11
 914              		.text
 915              		.section	.gnu.lto_converterLeaveSW.89.d8d82ed63c505574,"e",%progbits
 916 0000 789C6551 		.ascii	"x\234eQMK[A\024\275\347\335\027\223H\262\265\245AQ("
 916      4D4B5B41 
 916      14BDE7DD 
 916      179348B2 
ARM GAS  /tmp/cceUZGrl.s 			page 24


 916      B5A54151 
 917 0015 0409D880 		.ascii	"\004\011\330\200H\273,t\321\037\320\205k\023?\020\212"
 917      48BB2C74 
 917      D11FD085 
 917      6B133F10 
 917      8A
 918 0026 42906E33 		.ascii	"B\220n3I\010\342B#\325~@\015$>\215\270\361\003\022?"
 918      4908E242 
 918      23D57E40 
 918      0D243E8D 
 918      B8F10312 
 919 003b DA44DFCA 		.ascii	"\332D\337\312\220n\012\205B\027E\250K\241*\342BDl\357"
 919      906E0A85 
 919      421745A8 
 919      4BA12AE2 
 919      42446CEF 
 920 004f BC875F74 		.ascii	"\274\207_t`\340\234\271\367\2349s\347\002D/\211\250"
 920      60E09CB9 
 920      F79C3973 
 920      E702442F 
 920      89A8
 921 0061 55369860 		.ascii	"U6\230`(\245\236{S>\003p\220\362\201\222\006\222\230"
 921      28A59E7B 
 921      533E0370 
 921      90F28192 
 921      069298
 922 0074 E14F8C7A 		.ascii	"\341O\214z\375\350\334\354\\R*\255\354\017;=\305L\366"
 922      FDE8DCEC 
 922      5C522AAD 
 922      EC0F3B3D 
 922      C54CF6
 923 0087 A1C54479 		.ascii	"\241\305Dy\021v\207\020\015\221^(\243Sz\367\323\371"
 923      11768710 
 923      0D915E28 
 923      A3537AF7 
 923      D3F9
 924 0099 F3C05BB6 		.ascii	"\363\300[\266\0300\205\316~-7\23255\320.\364\243\225"
 924      183085CE 
 924      7E2D379A 
 924      3535D02E 
 924      F4A395
 925 00ac DD33B803 		.ascii	"\3353\270\003\244K\227\027\023\201\360\242\343z\266"
 925      A44B9717 
 925      1381F0A2 
 925      E37AB6
 926 00bb C7EAB1C5 		.ascii	"\307\352\261\305\214M\260\266\335@\010\025\210\261\234"
 926      8C4DB0B6 
 926      DD400815 
 926      88B19C
 927 00ca 451A1EC2 		.ascii	"E\032\036\302\026\302\332\374\327\374\317 \277p\344"
 927      16C2DAFC 
 927      D7FCCF20 
 927      BF70E4
 928 00d9 E36BA7EF 		.ascii	"\343k\247\357}\327\362Gs\3126-6\261\375\237\336\214"
 928      7DD7F247 
 928      73CA362D 
 928      36B1FD9F 
ARM GAS  /tmp/cceUZGrl.s 			page 25


 928      DE8C
 929 00eb FC10FD67 		.ascii	"\374\020\375g\204I\253\016\326\257\336\005\233L\235"
 929      8449AB0E 
 929      D6AFDE05 
 929      9B4C9D
 930 00fa 5D67FE82 		.ascii	"]g\376\202&\222Q\320\352w\217\255.\377\346\224\232\014"
 930      269251D0 
 930      EA778FAD 
 930      2EFFE694 
 930      9A0C
 931 010c 167FB307 		.ascii	"\026\177\263\007\"\364\310\023\266\264,\307$CQ&\224"
 931      22F4C813 
 931      B6B42CC7 
 931      24435126 
 931      94
 932 011d 4D34CD86 		.ascii	"M4\315\206KRB\016\241\346\227\"\216\213\206\313|\003"
 932      4B52420E 
 932      A1E69722 
 932      8E8B86CB 
 932      7C03
 933 012f 2B2E3C42 		.ascii	"+.<B\272\332h\323\260\310\220\353\2472\307\373>=\016"
 933      BADA68D3 
 933      B0C890EB 
 933      A732C7FB 
 933      3E3D0E
 934 0142 7647B0BE 		.ascii	"vG\260\276R\347\022\026R\342\330n\26141\252:\266\324"
 934      52E71216 
 934      52E2D86E 
 934      B13431AA 
 934      3AB6D4
 935 0155 763393DF 		.ascii	"v3\223\337\274\321\0255\355\224\274\250\241\20497\365"
 935      BCD11535 
 935      ED94BCA8 
 935      A1843937 
 935      F5
 936 0166 0EA27482 		.ascii	"\016\242t\202l\241\305\271C\234e\363]w\371=\354\"d\261"
 936      6CA1C5B9 
 936      439C65F3 
 936      5D77F93D 
 936      EC2264B1 
 937 017a DF095373 		.ascii	"\337\011Ss\303\234\"]Hh$\255\033\023\177\226\375\272"
 937      C39C225D 
 937      486824AD 
 937      1B137F96 
 937      FDBA
 938 018c 9500D870 		.ascii	"\225\000\330p\2760\307\270}'Q\333\353\321\241\341\370"
 938      BE30C7B8 
 938      7D2751DB 
 938      EBD1A1E1 
 938      F8
 939 019d 93F8E8C8 		.ascii	"\223\370\350\310\233\201\304\330@\342\026\275\352\355"
 939      9B81C4D8 
 939      40E216BD 
 939      EAED
 940 01ab 8A93FF86 		.ascii	"\212\223\377\206>\270W\350z\326\027}:\030\213\367\223"
 940      3EB857E8 
 940      7AD6177D 
ARM GAS  /tmp/cceUZGrl.s 			page 26


 940      3A188BF7 
 940      93
 941 01bc 19EB1BE9 		.ascii	"\031\353\033\351\377\007Y\201\267\373"
 941      FF075981 
 941      B7FB
 942              		.text
 943              		.section	.gnu.lto_converterSWFunctions.90.d8d82ed63c505574,"e",%progbits
 944 0000 789C8B65 		.ascii	"x\234\213e``P`\200\200\331\314\214sW\234\371\317\331"
 944      60605060 
 944      8080D9CC 
 944      8C73579C 
 944      F9CFD9
 945 0013 C2D8D4D8 		.ascii	"\302\330\324\330\321\320\360\240\373\227\024\373bf\206"
 945      D1D0F0A0 
 945      FB9714FB 
 945      626686
 946 0022 B9CC9872 		.ascii	"\271\314\230r\013>1-\006\21203\202e\036=\\\322\312m"
 946      0B3E312D 
 946      068A3033 
 946      82651E3D 
 946      5CD2CA6D 
 947 0036 B9BDA163 		.ascii	"\271\275\241cA\203\302bf\2469\314\014\214[\031[\030"
 947      4183C262 
 947      66A639CC 
 947      0C8C5B19 
 947      5B18
 948 0048 E7303332 		.ascii	"\347032n\001\322\014\214\333\030-\031\344r\362\3233"
 948      6E01D20C 
 948      8CDB182D 
 948      19E472F2 
 948      D333
 949 005a 93F593F3 		.ascii	"\223\365\223\363\363\312R\213JR\213\020\254\340p\275"
 949      F3CA528B 
 949      4A528B10 
 949      ACE070BD 
 950 006a 6406009B 		.ascii	"d\006\000\233\015,H"
 950      0D2C48
 951              		.text
 952              		.section	.gnu.lto_.symbol_nodes.d8d82ed63c505574,"e",%progbits
 953 0000 789C8B66 		.ascii	"x\234\213f\000\002\246\033\014\365\014\015@\300\302"
 953      0002A61B 
 953      0CF50C0D 
 953      40C0C2
 954 000f 38E11C03 		.ascii	"8\341\034\003\220\315\260cAc\243\001\003#\003X\366&"
 954      90CDB063 
 954      4163A301 
 954      03230358 
 954      F626
 955 0021 433D234E 		.ascii	"C=#NY\326[\014\014\215N@\006\013\324\204\251\214,P\325"
 955      59D65B0C 
 955      0C8D4E40 
 955      060BD484 
 955      A98C2C50 
 956 0036 5B191900 		.ascii	"[\031\031\000i[\026\353"
 956      695B16EB 
 957              		.text
 958              		.section	.gnu.lto_.refs.d8d82ed63c505574,"e",%progbits
ARM GAS  /tmp/cceUZGrl.s 			page 27


 959 0000 789C6367 		.ascii	"x\234cg```bbb`bd\000\000\000\204\000\021"
 959      60606062 
 959      62626062 
 959      64000000 
 959      840011
 960              		.text
 961              		.section	.gnu.lto_.decls.d8d82ed63c505574,"e",%progbits
 962 0000 789C8557 		.ascii	"x\234\205W}PT\327\025\277\347\335ewy.\356\212kt\242"
 962      7D5054D7 
 962      15BFE7DD 
 962      6577792E 
 962      EE8A6B74 
 963 0015 75480647 		.ascii	"uH\006G\332&~\340L\264\177d\206\211\035\243cc3M\333"
 963      DA267EE0 
 963      4CB47F64 
 963      86891DA3 
 963      6363334D 
 964 002a B4FDA376 		.ascii	"\264\375\243v\335]\225\251,\006\026'\355?}\202\362U"
 964      DD5D95A9 
 964      2C061627 
 964      ED3F7D82 
 964      F255
 965 003c 40448D20 		.ascii	"@D\215 Q\021?PL\242fD\243(\254\012\010\250D\374\006"
 965      51113F50 
 965      4CA26644 
 965      A328AC0A 
 965      08A844FC 
 966 0051 11511157 		.ascii	"\021Q\021W\243H\215\212\342\007=\367\336\267\273o\027"
 966      A3488D8A 
 966      E2073DF7 
 966      DEB7BB6F 
 966      17
 967 0062 D4377BF7 		.ascii	"\3247{\367\335s\356\357\234\363\273\367\236\373\361"
 967      DD73EEEF 
 967      9CF3BBF7 
 967      9EFBF1
 968 0071 165A08B1 		.ascii	"\026Z\010\261K\204\304\001!\375\370\350\010!\315X\014"
 968      4B84C401 
 968      21FDF8E8 
 968      0821CD58 
 968      0C
 969 0082 587AB10C 		.ascii	"Xz\261\014E\275\031\313x\254Wa\261`}\030\026\366\240"
 969      45BD19CB 
 969      78AC5761 
 969      B1607D18 
 969      16F6A0
 970 0095 191983F5 		.ascii	"\031\031\203\365w\2600\325{\252\336\367\374\006\001"
 970      77B030D5 
 970      7BAADEF7 
 970      FC0601
 971 00a4 11F83E8B 		.ascii	"\021\370>\213%\022\2135\304\347}\"\374>V\375v\343\373"
 971      25128B35 
 971      C4E77D22 
 971      FC3E56FD 
 971      76E3FB
 972 00b7 9A1A87F1 		.ascii	"\232\032\207\361\350\301\322\212\245\015K\013\0211\306"
 972      E8C1D28A 
ARM GAS  /tmp/cceUZGrl.s 			page 28


 972      A50D4B0B 
 972      1131C6
 973 00c6 84C460CF 		.ascii	"\204\304`\317t\214#\277\"\316}\215\177\346\267[\365"
 973      748C23BF 
 973      22CE7D8D 
 973      7FE6B75B 
 973      F5
 974 00d7 D3A3BEDF 		.ascii	"\323\243\276\337\031\304\337_\321\037e\334\260m\034"
 974      19C4DF5F 
 974      D11F65DC 
 974      B06D1C
 975 00e6 965F83E8 		.ascii	"\226_\203\350\353/\361\375+\265\316\354\006\343RL\241"
 975      EB2FF1FD 
 975      2BB5CEEC 
 975      06E3524C 
 975      A1
 976 00f7 3D75FD13 		.ascii	"=u\375\023S\001\205H\031t(\256n\334\333 \243h\225!J"
 976      53018548 
 976      197428AE 
 976      6EDCDB20 
 976      A3689521 
 977 010c 23460AF1 		.ascii	"#F\012\361\333}9\305\006!\216B\361\253K\331\341T\002"
 977      DB7D39C5 
 977      06218E42 
 977      F1AB4BD9 
 977      E15402
 978 011f E6E650FA 		.ascii	"\346\346P\372\213*\3262^\00661fT\035\277\177\357\034"
 978      8B2AD632 
 978      5E063631 
 978      66541DBF 
 978      7FEF1C
 979 0132 0815433C 		.ascii	"\010\025C<m\255\2510Q\013\257\247{\276W\314\023\277"
 979      6DADA930 
 979      510BAFA7 
 979      7BBE57CC 
 979      13BF
 980 0144 55C463FC 		.ascii	"U\304c\374;\201J\240\234\321\324!\254}\307\226\225\245"
 980      3B814AA0 
 980      9CD1D421 
 980      AC7DC796 
 980      95A5
 981 0156 7AFA7B8E 		.ascii	"z\372{\216m\334p\363\020\2253\025%U\361\244)\2213\011"
 981      6DDC70F3 
 981      10953315 
 981      2555F1A4 
 981      29913309 
 982 016a 54C068D8 		.ascii	"T\300h\330\013\243\011\034\006\356\375\020L\204\203"
 982      0BA3091C 
 982      06EEFD10 
 982      4C8483
 983 0179 A83B803A 		.ascii	"\250;\200:4\310\272[{U\246\177\341\306\236\216\334\247"
 983      34C8BA5B 
 983      7B55A67F 
 983      E1C69E8E 
 983      DCA7
 984 018b 14398C41 		.ascii	"\0249\214AZ\240\3414Fp\332\261q{M\004\265\363\372\371"
 984      5AA0E134 
ARM GAS  /tmp/cceUZGrl.s 			page 29


 984      4670DAB1 
 984      717B4D04 
 984      B5F3FAF9 
 985 019f 96E7F9B2 		.ascii	"\226\347\371\262\210S\222\226\251\037E`\312h\230\204"
 985      88539296 
 985      A91F4560 
 985      CA689884 
 986 01af 518E02C7 		.ascii	"Q\216\002\307\263(G0\212GD\331t\376t*\210\241\260\240"
 986      B3284730 
 986      8A4744D9 
 986      74FE742A 
 986      88A1B0A0 
 987 01c3 E86DBE76 		.ascii	"\350m\276v{\010\375'\367\224\237\3257\224~\301\253g"
 987      7B08FD27 
 987      F7949FD5 
 987      37947EC1 
 987      AB67
 988 01d5 CFBC6830 		.ascii	"\317\274h0\015\0376\212u\015\352\320\321q\030\316<\251"
 988      0D1F368A 
 988      750DEAD0 
 988      D17118CE 
 988      3CA9
 989 01e7 835F71EF 		.ascii	"\203_q\357\311c\003]\012\034{\367\321\371m0|\245\030"
 989      C963035D 
 989      0A1C7BF7 
 989      D1F96D30 
 989      7CA518
 990 01fa 134998D4 		.ascii	"\023I\230\324\0170\271x{[\257d\312V\207#|&4`\263oD\010"
 990      0F30B978 
 990      7B5BAF64 
 990      CA568723 
 990      7C263460 
 991 0212 348249E0 		.ascii	"4\202I\340\332\372\357u\016\025\374\254(\336\256+\356"
 991      DAFAEF75 
 991      0E15FCAC 
 991      28DEAE2B 
 991      EE
 992 0223 8A10F35A 		.ascii	"\212\020\363Z\302\006\242\2750#K\242+D\344\352\376\257"
 992      C206A2BD 
 992      30234BA2 
 992      2B44E4EA 
 992      FEAF
 993 0235 AA75026B 		.ascii	"\252u\002kD\261\241-o\255\231\026\213\266\333\351\271"
 993      44B1A12D 
 993      6FAD9916 
 993      8BB6DBE9 
 993      B9
 994 0246 57C3E977 		.ascii	"W\303\351wB8pf\327\317&Z!\204S\265g\013\015\264\232"
 994      42387066 
 994      D7CF265A 
 994      218453B5 
 994      670B0DB4 
 995 025b 0BF49477 		.ascii	"\013\364\224w\3354\010\037\015H\0042\304\030\346\343"
 995      DD34081F 
 995      0D480432 
 995      C418E6E3 
 996 026b 5CFBC6F0 		.ascii	"\\\373\306\360\014\366\343,\204\0238\207\200\363\310"
ARM GAS  /tmp/cceUZGrl.s 			page 30


 996      0CF6E32C 
 996      84133887 
 996      80F3C8
 997 027a B4483172 		.ascii	"\264H1rE\221\202#n\341Ut\371\260\350\376\3010Z+\374"
 997      45918223 
 997      6EE15574 
 997      F9B0E8FE 
 997      C1305A2B 
 998 028f B7B41FC9 		.ascii	"\267\264\037\311\323\3233j\260\246\323\373\200vr\301"
 998      D3D3336A 
 998      B0A6D3FB 
 998      807672C1 
 999 029f D05A5354 		.ascii	"\320ZST\020\006\321\370\014\217\216.\345C\321[\025S"
 999      1006D1F8 
 999      0C8F8E2E 
 999      E543D15B 
 999      1553
 1000 02b1 B8D7AB28 		.ascii	"\270\327\253(\351\223\230/\270\204\361\256\340\300\210"
 1000      E993982F 
 1000      B884F1AE 
 1000      E0C088
 1001 02c0 F0046AF8 		.ascii	"\360\004j\370\340L\306?\001o\272E\277V<\313LP\0052\\"
 1001      E04CC63F 
 1001      016FBA45 
 1001      BF563CCB 
 1001      4C500532 
 1002 02d5 54C18151 		.ascii	"T\301\201Q\234\030\214>s\234*[\376\301\261\027\006\307"
 1002      9C188C3E 
 1002      739C2A5B 
 1002      FEC1B117 
 1002      06C7
 1003 02e7 56801FDC 		.ascii	"V\200\037\3348*\340\371\307\001\350&\360\303\371L[0"
 1003      382AE0F9 
 1003      C701E826 
 1003      F0C3F94C 
 1003      5B30
 1004 02f9 9F4F62EB 		.ascii	"\237Ob\353\011\256\277\"\246\032Z!\032.ci\307r\025K"
 1004      09AEBF22 
 1004      A61A5A21 
 1004      1A2E6369 
 1004      C772154B 
 1005 030d 1B961688 		.ascii	"\033\226\026\210f) \202t\227\321u\212g\251\211w\266"
 1005      66292082 
 1005      7497D175 
 1005      8A67A989 
 1005      77B6
 1006 031f 39A4B34D 		.ascii	"9\244\263M!\235}|Q\005\037CJ\247\007\005O\031\315\223"
 1006      219D7D7C 
 1006      51051F43 
 1006      4AA70705 
 1006      4F19CD93 
 1007 0333 26A3A7BB 		.ascii	"&\243\247\273\335H\367\212%}\2641\367\234~\370\000\226"
 1007      DD48F78A 
 1007      257DB431 
 1007      F79C7EF8 
 1007      0096
 1008 0345 D0A17A78 		.ascii	"\320\241zx\003Q\364P\272aO\226\2016\010w\375\245\033"
ARM GAS  /tmp/cceUZGrl.s 			page 31


 1008      0351F450 
 1008      BA614F96 
 1008      81360877 
 1008      FDA51B
 1009 0358 9ACD22C9 		.ascii	"\232\315\"\311\242Q\334\177\370\305&\203\232\220\022"
 1009      A251DC7F 
 1009      F8C52683 
 1009      9A9012
 1010 0367 CA55A5A9 		.ascii	"\312U\245\251\275@\333\004\266$\247\340\271Y\207;\027"
 1010      BD40DB04 
 1010      B624A7E0 
 1010      B959873B 
 1010      17
 1011 0378 1FC5441D 		.ascii	"\037\305D\035\267\357\252\262\373V\322u\244p+hY\264"
 1011      B7EFAAB2 
 1011      FB56D275 
 1011      A4702B68 
 1011      59B4
 1012 038a F73D3F19 		.ascii	"\367=?\031F\357\011\363\232\374\354\014)d%y\007\230"
 1012      46EF09F3 
 1012      9AFCEC0C 
 1012      29642579 
 1012      0798
 1013 039c E43DAD57 		.ascii	"\344=\255W\250v%\335\016\232\251;\276\225t\242\341a"
 1013      A87625DD 
 1013      0E9AA93B 
 1013      BE9574A2 
 1013      E161
 1014 03ae 8D919341 		.ascii	"\215\221\223A\025t\001g\223^\233_\031!z#iv\003\253\330"
 1014      15740167 
 1014      935E9B5F 
 1014      19217A23 
 1014      697603AB 
 1015 03c3 0D2A77FD 		.ascii	"\015*w\375X\0311r\015\013\277;M\261H\260\360-\270\207"
 1015      58193172 
 1015      0D0BBF3B 
 1015      4DB148B0 
 1015      F02DB887 
 1016 03d7 9EEF72CF 		.ascii	"\236\357r\317\3350\222\300O\240\023\356/\327\245\365"
 1016      DD3092C0 
 1016      4FA013EE 
 1016      2FD7A5F5 
 1017 03e7 82960636 		.ascii	"\202\226\0066kh\334Wi\350\017\237^_`P\223^\314\353\313"
 1017      6B68DC57 
 1017      69E80F9F 
 1017      5E5F6050 
 1017      935ECCEB 
 1018 03fc A2B78EA4 		.ascii	"\242\267\216\244)\365\036` \270\211\035|\030\324\203"
 1018      29F51E60 
 1018      20B8891D 
 1018      7C18D483 
 1019 040c 7DDA3C50 		.ascii	"}\332<P0\351\213\254\253\024\216\277\206\270S*>\220"
 1019      30E98BAC 
 1019      AB148EBF 
 1019      86B8532A 
 1019      3E90
 1020 041e 7D2159DF 		.ascii	"}!Y\337U\364\366\2464\245\020\341,o\252U\270/o\366\207"
ARM GAS  /tmp/cceUZGrl.s 			page 32


 1020      55F4F6A6 
 1020      34A510E1 
 1020      2C6FAA55 
 1020      B82F6FF6 
 1021 0433 245977D1 		.ascii	"$Yw\321\030\225\014\233\262\037\006\220\331?H\342wb"
 1021      18950C9B 
 1021      B21F0690 
 1021      D93F48E2 
 1021      7762
 1022 0445 EB0D9652 		.ascii	"\353\015\226R\327U8K\251\377a\012=\302\362\000\313\317"
 1022      D755384B 
 1022      A9FF610A 
 1022      3DC2F200 
 1022      CBCF
 1023 0457 587AB479 		.ascii	"Xz\264y\337^d=&\242\340F\007\265\003\242\324\004\242"
 1023      DF5E643D 
 1023      26A2E046 
 1023      07B503A2 
 1023      D404A2
 1024 046a E0D06E5C 		.ascii	"\340\320n\\za\235\272\243\346+\2226\240\367\315\001"
 1024      7A619DBA 
 1024      A3E62B92 
 1024      36A0F7CD 
 1024      01
 1025 047b D17EFBF7 		.ascii	"\321~\373\367\245u\021\332\251y\034\024\254\227O\015"
 1025      A57511DA 
 1025      A9791C14 
 1025      AC974F0D 
 1026 048b 7BB14D3F 		.ascii	"{\261M?gO\353\020\372R$\340J\317\362\215\006\232A\271"
 1026      674FEB10 
 1026      FA5224E0 
 1026      4ACFF28D 
 1026      069A41B9 
 1027 049f 70B0E359 		.ascii	"p\260\343Y\255\231\256\025\302\203+\347\373dZ&\204\363"
 1027      AD99AE15 
 1027      C2832BE7 
 1027      FB645A26 
 1027      84F3
 1028 04b1 4F0EF799 		.ascii	"O\016\367\231\350n.\320\033G\3123#@\026[\350 \307\320"
 1028      E86E2ED0 
 1028      1B47CA33 
 1028      2340165B 
 1028      E820C7D0 
 1029 04c5 73A4FC02 		.ascii	"s\244\374\002d\002/\021\320\257n\241L\301\267\320\236"
 1029      64022F11 
 1029      D0AF6EA1 
 1029      4CC1B7D0 
 1029      9E
 1030 04d6 FFF03A3A 		.ascii	"\377\360::\355\274\366\370\211\377\034\313~\235\003"
 1030      EDBCF6F8 
 1030      89FF1CCB 
 1030      7E9D03
 1031 04e5 0467576D 		.ascii	"\004gWm\276k\324\366P\221dM\017\227J\352\032P*Z\362"
 1031      BE6BD4F6 
 1031      5091644D 
 1031      0F974AEA 
 1031      1A502A5A 
ARM GAS  /tmp/cceUZGrl.s 			page 33


 1032 04fa 0CB442D0 		.ascii	"\014\264B\320\276\274|O\036\250K\221@\232\244]T\033"
 1032      BEBC7C4F 
 1032      1EA84B91 
 1032      409AA45D 
 1032      541B
 1033 050c 721E2946 		.ascii	"r\036)FZ-\200\231;\262\262L!\353p\231DCLj\256x\327\006"
 1033      5A2D8099 
 1033      3BB2B24C 
 1033      21EB7099 
 1033      44434C6A 
 1034 0524 71582E69 		.ascii	"qX.iG9]\345\240\257\354)\277h\002\266\345\3736\375\356"
 1034      47395DE5 
 1034      A0AFEC29 
 1034      BF6802B6 
 1034      E5FB36FD 
 1035 0539 E2B16A36 		.ascii	"\342\261j6 \010R\321s\24640\033&\017\266\327\362\303"
 1035      200852D1 
 1035      73A63430 
 1035      1B260FB6 
 1035      D7F2C3
 1036 054c 3853F080 		.ascii	"8S\360\200\377J\321\220\203%\013K6\226\014I\223r\027"
 1036      FF4AD190 
 1036      83250B4B 
 1036      36960C49 
 1036      937217
 1037 055f 8AB589FD 		.ascii	"\212\265\211\375\024B\203\204\356\266\355\305\276U\271"
 1037      14428384 
 1037      EEB6EDC5 
 1037      BE55B9
 1038 056e C0044F5E 		.ascii	"\300\004O^\001\327\234\027u\305\221G\005\036G\033\236"
 1038      01D79C17 
 1038      75C59147 
 1038      051E471B 
 1038      9E
 1039 057f 0D300859 		.ascii	"\0150\010Y\225MAt\372\006\207\373\026@v^\331\211p\355"
 1039      954D4174 
 1039      FA0687FB 
 1039      1640765E 
 1039      D98970ED 
 1040 0593 02F077BF 		.ascii	"\002\360w\277\376\315\335G\373\272\365\331'\303\264"
 1040      FECDDD47 
 1040      FBBAF5D9 
 1040      27C3B4
 1041 05a2 53931B14 		.ascii	"S\223\033\024+\217O\015{!\266kS\247W\326b\257\005-\226"
 1041      2B8F4F0D 
 1041      7B21B66B 
 1041      53A757D6 
 1041      62AF052D 
 1042 05b7 1502BB82 		.ascii	"\025\002\273\202c\263[\017f\015\361aS_\261\347A>\307"
 1042      63B35B0F 
 1042      660DF161 
 1042      535FB1E7 
 1042      413EC7
 1043 05ca BECC7F79 		.ascii	"\276\314\177y\325\240\365\3136\273\000v\245\360\273"
 1043      D5A0F5CB 
 1043      36BB0076 
 1043      A5F0BB
ARM GAS  /tmp/cceUZGrl.s 			page 34


 1044 05d9 92635B4E 		.ascii	"\222c[N\226o\014\273\211K\034\227!\3219\000\340\322"
 1044      966F0CBB 
 1044      894B1C97 
 1044      21D13900 
 1044      E0D2
 1045 05eb 07F82793 		.ascii	"\007\370'\223\277QbU$E\322;\250$S\231:\344z\030\033"
 1045      BF516255 
 1045      2445D23B 
 1045      A8245399 
 1045      3AE47A18 
 1046 0600 F390C619 		.ascii	"\363\220\306\031\245\030\263l\334~\014,r\230Q\222\274"
 1046      A518B36C 
 1046      DC7E0C2C 
 1046      72985192 
 1046      BC
 1047 0611 06871CD3 		.ascii	"\006\207\034\323\007\337H%\372\2508E\347\310\031\341"
 1047      07DF4825 
 1047      FAA83845 
 1047      E7C819E1 
 1048 0621 352852FE 		.ascii	"5(R\376\034\353\2248\374\367\032\352\301\201V\237\352"
 1048      1CEB9438 
 1048      FCF71AEA 
 1048      C181569F 
 1048      EA
 1049 0632 8C16AC79 		.ascii	"\214\026\254y\015\362CZ\222\253w\234\2222\307\343\210"
 1049      0DF2435A 
 1049      92AB779C 
 1049      9232C7E3 
 1049      88
 1050 0643 CA8E582B 		.ascii	"\312\216X+\216t\234\3218\326|\224\036\2453\0101\032"
 1050      8E749CD1 
 1050      38D67C94 
 1050      1EA53308 
 1050      311A
 1051 0655 777F3742 		.ascii	"w\1777B\366\032\314\350\"\306\021eqD\231\353!\314\341"
 1051      F61ACCE8 
 1051      22C61165 
 1051      714499EB 
 1051      21CCE1
 1052 0668 90AD3104 		.ascii	"\220\2551\004I8bc\343$\031=\353\214\365\020K\301\024"
 1052      49386263 
 1052      E324193D 
 1052      EB8CF510 
 1052      4BC114
 1053 067b AB5CFB69 		.ascii	"\253\\\373i\244\014r\370\330\250\030B\034d\206\304f"
 1053      A40C72F8 
 1053      D8A81842 
 1053      1C6486C4 
 1053      66
 1054 068c AADFF780 		.ascii	"\252\337\367\200\001c:\002\"@\214,\305Jt\266\027\277"
 1054      01633A02 
 1054      22408C2C 
 1054      C54A74B6 
 1054      17BF
 1055 069e 8024298A 		.ascii	"\200$)\212\020Eg4\231@\301W\370\334\331\216Oce\3425"
 1055      10456734 
 1055      9940C157 
ARM GAS  /tmp/cceUZGrl.s 			page 35


 1055      F8DCD98E 
 1055      4F6365E2 
 1056 06b3 48D864D5 		.ascii	"H\330d\325\341\322\206\200\245\254\307\017\212r\263"
 1056      E1D28680 
 1056      A5ACC70F 
 1056      8A72B3
 1057 06c2 F80CE05F 		.ascii	"\370\014\340_D\300~\342\2170\201h\303p=C\342\300\252"
 1057      44C07EE2 
 1057      8F308168 
 1057      C3703D43 
 1057      E2C0AA
 1058 06d5 DF4F3EAD 		.ascii	"\337O>\255\377\245\326\005@\370\221\324\357\014\000"
 1058      FFA5D605 
 1058      40F891D4 
 1058      EF0C00
 1059 06e4 5F10A2B6 		.ascii	"_\020\242\266j\234\0078\250<|~|q4\034\003\\\211\244"
 1059      6A9C0738 
 1059      A83C7C7E 
 1059      7C71341C 
 1059      035C89A4 
 1060 06f8 8694B436 		.ascii	"\206\224\2646\334.\210x\300%\361\273\365Q\"\340\377"
 1060      DC2E8878 
 1060      C025F1BB 
 1060      F55122E0 
 1060      FF
 1061 0709 0C7A9AF3 		.ascii	"\014z\232\363\260ah\027t.\305\011\354x\364\342C\002"
 1061      B0616817 
 1061      742EC509 
 1061      EC78F4E2 
 1061      4302
 1062 071b 23F2E308 		.ascii	"#\362\343\010\337\305\232\225\306?\323;\203m}k\202\366"
 1062      DFC59A95 
 1062      C63FD33B 
 1062      836D7D6B 
 1062      82F6
 1063 072d B18C63A9 		.ascii	"\261\214c\251\273\207\370n(\354\222\024\334\2746\253"
 1063      BB87F86E 
 1063      28EC9214 
 1063      DCBC36AB 
 1064 073d 3037E8BA 		.ascii	"07\350\272\361U\320ZZ\353\333j\227o\335\265\"\234_7"
 1064      F155D05A 
 1064      5AEBDB6A 
 1064      976FDDB5 
 1064      229C5F37 
 1065 0751 50A5DE7D 		.ascii	"P\245\336}\266\3646/\323q\035;\366\012%\256||\351N\272"
 1065      B6F4362F 
 1065      D3711D3B 
 1065      F60A25AE 
 1065      7C7CE94E 
 1066 0766 DE7F2F29 		.ascii	"\336\177/)\022\312\374\202]uC\2657\017vA\014\\=\212"
 1066      12CAFC82 
 1066      5D7543B5 
 1066      370F7641 
 1066      0C5C3D8A 
 1067 077a 25BC7AAC 		.ascii	"%\274z\254\223\324\253G\313\326gMC\337-Q<\035\212\347"
 1067      93D4AB47 
 1067      CBD6674D 
ARM GAS  /tmp/cceUZGrl.s 			page 36


 1067      43DF2D51 
 1067      3C1D8AE7 
 1068 078e 627FCCB9 		.ascii	"b\177\314\271\264\014\3454\263\004\016\204\325\270\241"
 1068      B40CE534 
 1068      B3040E84 
 1068      D5B8A1
 1069 079d AAFC599D 		.ascii	"\252\374Y\235\300*\251\013\240@\272\011S\257\207\021"
 1069      C02AA90B 
 1069      A040BA09 
 1069      53AF8711 
 1070 07ad F85A7A97 		.ascii	"\370Zz\227\235\261e[\226\233h\221N\334\333\012{o\311"
 1070      9DB1655B 
 1070      969B6891 
 1070      4EDCDB0A 
 1070      7B6FC9
 1071 07c0 7E9E82FB 		.ascii	"~\236\202\373\251\347\007\357\232\37447\010\232U\253"
 1071      A9E707EF 
 1071      9AFC3437 
 1071      089A55AB 
 1072 07d0 5715C2AB 		.ascii	"W\025\302\253i\2260\232\033}4\017\346*{t*\315\276Z\252"
 1072      6996309A 
 1072      1B7D340F 
 1072      E62A7B74 
 1072      2ACDBE5A 
 1073 07e5 AC46AB28 		.ascii	"\254F\253(\206\201\365\032\206\353\203\031\036@\206"
 1073      8681F51A 
 1073      86EB8319 
 1073      1E4086
 1074 07f4 9B38C3EA 		.ascii	"\2338\303\352\003;\227\231i\271`\270\246\374\310s\223"
 1074      033B9799 
 1074      69B960B8 
 1074      A6FCC873 
 1074      93
 1075 0805 B8A87998 		.ascii	"\270\250y\230\\t\246\254\037h\265h\254\334V\370(\350"
 1075      5C74A6AC 
 1075      1F68B568 
 1075      ACDC56F8 
 1075      28E8
 1076 0817 BC67A310 		.ascii	"\274g\243\020\230\242\255\276)*\253<\327a\242\315\302"
 1076      98A2ADBE 
 1076      292AAB3C 
 1076      D761A2CD 
 1076      C2
 1077 0828 A8B8F3E6 		.ascii	"\250\270\363\346\316\240}\257$\310\250L5\242\333o<8"
 1077      CEA07DAF 
 1077      24C8A84C 
 1077      35A2DB6F 
 1077      3C38
 1078 083a AE033CBD 		.ascii	"\256\003<\275\374g\321fi\264z\034lWw\342\035\270\373"
 1078      FC67D166 
 1078      69B47A1C 
 1078      6C5777E2 
 1078      1DB8FB
 1079 084d 966B0F9F 		.ascii	"\226k\017\237\336\252\367\326\375\320\243(\005\223X"
 1079      DEAAF7D6 
 1079      FDD0A328 
 1079      059358
ARM GAS  /tmp/cceUZGrl.s 			page 37


 1080 085c 74D882FD 		.ascii	"t\330\202\375\335\376\272\323\341\372\333\342\343\003"
 1080      DDFEBAD3 
 1080      E1FADBE2 
 1080      E303
 1081 086a A3C2B6C1 		.ascii	"\243\302\266\301\301\276\263\341H\333\345u\306\341\003"
 1081      C1BEB3E1 
 1081      48DBE575 
 1081      C6E103
 1082 0879 C8F0037A 		.ascii	"\310\360\003z\020>hQ[\265\357d\304\270\315J\207\207"
 1082      103E6851 
 1082      5BB5EF64 
 1082      C4B8CD4A 
 1082      8787
 1083 088b A7CBF1AD 		.ascii	"\247\313\361\255x\252\000\354Dl\251\230\007M\217\230"
 1083      78AA00EC 
 1083      446CA998 
 1083      074D8F98 
 1084 089b C6254DDD 		.ascii	"\306%M\335\203\263\360\2154\216D8\342\223m\363\0269"
 1084      83B3F08D 
 1084      348E4438 
 1084      E2936DF3 
 1084      1639
 1085 08ad 1D1FD95C 		.ascii	"\035\037\331\\\216\344_,J\\\020o\237hOt-q&\271\235I"
 1085      8EE45F2C 
 1085      4A5C106F 
 1085      9F684F74 
 1085      2D7126B9 
 1086 08c3 81DA679F 		.ascii	"\201\332g\237O\260\033?\236\363\247\250\351\223\247"
 1086      4FB01B3F 
 1086      9EF3A7A8 
 1086      E993A7
 1087 08d2 929141EA 		.ascii	"\222\221A\352\011\323l\223\246\316\237gw\020cJ\274\313"
 1087      09D36C93 
 1087      A6CE9F67 
 1087      7710634A 
 1087      BCCB
 1088 08e4 3D2576AE 		.ascii	"=%v\256[\266\331\335\361K\234\314\247\201\351\246\315"
 1088      5BB6D9DD 
 1088      F14B9CCC 
 1088      A781E9A6 
 1088      CD
 1089 08f5 7587CD63 		.ascii	"u\207\315c\001\314\323}\226\254mnrD\220<\304\236\222"
 1089      01CCD37D 
 1089      96AC6D6E 
 1089      7244903C 
 1089      C49E92
 1090 0908 94E474B9 		.ascii	"\224\344t\271\377\230\342rF&\246\270\027\247\270g$9"
 1090      FF98E272 
 1090      4626A6B8 
 1090      17A7B867 
 1090      2439
 1091 091a BF4871BA 		.ascii	"\277Hq\272\354\377\232=\363\337z\346b\226#|~b\222\235"
 1091      ECFF9A3D 
 1091      F3DF7AE6 
 1091      6296237C 
 1091      7E62929D 
 1092 092e FB0E9BFB 		.ascii	"\373\016\233\373Qb\342\"\223\315\345v\272\\\266Y.\304"
ARM GAS  /tmp/cceUZGrl.s 			page 38


 1092      5162E222 
 1092      93CDE576 
 1092      BA5CB659 
 1092      2EC4
 1093 0940 0F8B7785 		.ascii	"\017\213w\205X\015K^\354\264\273\223R\022f\261H\311"
 1093      580D4B5E 
 1093      ECB4BB93 
 1093      521266B1 
 1093      48C9
 1094 0952 F189AE0F 		.ascii	"\361\211\256\017C{9a\002\3739\222\342\031\200U_9\014"
 1094      437B3961 
 1094      02FB3992 
 1094      E2198055 
 1094      5F390C
 1095 0965 131612AB 		.ascii	"\023\026\022\253\2372\243\371\007\026(\331\035\351W"
 1095      9F32A3F9 
 1095      071628D9 
 1095      1DE957
 1096 0974 7E6273D9 		.ascii	"~bs\331\0268\223\346&[\222\235n\277\366\343\305\361"
 1096      163893E6 
 1096      265B929D 
 1096      6EBFF6E3 
 1096      C5F1
 1097 0986 8996508C 		.ascii	"\211\226P\2141%\331\231\364[\233\333fN\260}\251\245"
 1097      3125D999 
 1097      F45B9BDB 
 1097      664EB07D 
 1097      A9A5
 1098 0998 6C4E8877 		.ascii	"lN\210wie#\353\370\034[\202Sg_hK\012\237\237\342\302"
 1098      696523EB 
 1098      F81C5B82 
 1098      53675F68 
 1098      4B0A9F9F 
 1099 09ae E14D7425 		.ascii	"\341Mt%\007\242\316\360\251\350\344\017\210\321\226"
 1099      07A2CEF0 
 1099      A9E8E40F 
 1099      88D196
 1100 09bd 94B064EA 		.ascii	"\224\260d\352\373\011D\266'b\343\227\357'L!f\273\226"
 1100      FB0944B6 
 1100      2762E397 
 1100      EF274C21 
 1100      66BB96
 1101 09d0 F5679F8F 		.ascii	"\365g\237\217}\355L\023\213_\374\235\323\266\004\361"
 1101      7DED4C13 
 1101      8B5FFC9D 
 1101      D3B604F1 
 1102 09e0 564DBB3F 		.ascii	"VM\273?\330\260 \247lF\"\203\355\230\352\377\034&j#"
 1102      D8B020A7 
 1102      6C462283 
 1102      ED98EAFF 
 1102      1C266A23 
 1103              		.text
 1104              		.section	.gnu.lto_.symtab.d8d82ed63c505574,"e",%progbits
 1105 0000 636F6E76 		.ascii	"converterSWFunctions\000"
 1105      65727465 
 1105      72535746 
 1105      756E6374 
ARM GAS  /tmp/cceUZGrl.s 			page 39


 1105      696F6E73 
 1106 0015 00       		.ascii	"\000"
 1107 0016 00       		.ascii	"\000"
 1108 0017 00       		.ascii	"\000"
 1109 0018 00000000 		.ascii	"\000\000\000\000\000\000\000\000"
 1109      00000000 
 1110 0020 2C010000 		.ascii	",\001\000\000"
 1111              		.text
 1112              		.section	.gnu.lto_.ext_symtab.d8d82ed63c505574,"e",%progbits
 1113 0000 01       		.ascii	"\001"
 1114 0001 02       		.ascii	"\002"
 1115 0002 00       		.ascii	"\000"
 1116              		.text
 1117              		.section	.gnu.lto_.opts,"e",%progbits
 1118 0000 272D666E 		.ascii	"'-fno-openmp' '-fno-openacc' '-fno-pie' '-g' '-mcpu"
 1118      6F2D6F70 
 1118      656E6D70 
 1118      2720272D 
 1118      666E6F2D 
 1119 0033 3D636F72 		.ascii	"=cortex-m3' '-mno-thumb-interwork' '-mthumb' '-mflo"
 1119      7465782D 
 1119      6D332720 
 1119      272D6D6E 
 1119      6F2D7468 
 1120 0066 61742D61 		.ascii	"at-abi=soft' '-march=armv7-m' '-Os' '-fomit-frame-p"
 1120      62693D73 
 1120      6F667427 
 1120      20272D6D 
 1120      61726368 
 1121 0099 6F696E74 		.ascii	"ointer' '-falign-functions=16' '-ffunction-sections"
 1121      65722720 
 1121      272D6661 
 1121      6C69676E 
 1121      2D66756E 
 1122 00cc 2720272D 		.ascii	"' '-fdata-sections' '-fno-common' '-flto' '-Xassemb"
 1122      66646174 
 1122      612D7365 
 1122      6374696F 
 1122      6E732720 
 1123 00ff 6C657227 		.ascii	"ler' '-alms=build/lst/converterSW.lst'\000"
 1123      20272D61 
 1123      6C6D733D 
 1123      6275696C 
 1123      642F6C73 
 1124              		.text
 1125              		.comm	__gnu_lto_slim,1,1
 1126              		.ident	"GCC: (Fedora 10.2.0-4.fc34) 10.2.0"
ARM GAS  /tmp/cceUZGrl.s 			page 40


DEFINED SYMBOLS
                            *ABS*:0000000000000000 converterSW.c
     /tmp/cceUZGrl.s:22     .gnu.debuglto_.debug_info:0000000000000000 converterSW.c.8a07fbcd
                            *COM*:0000000000000001 __gnu_lto_slim

NO UNDEFINED SYMBOLS
