ARM GAS  /tmp/ccLEoHr0.s 			page 1


   1              		.cpu cortex-m3
   2              		.eabi_attribute 20, 1
   3              		.eabi_attribute 21, 1
   4              		.eabi_attribute 23, 3
   5              		.eabi_attribute 24, 1
   6              		.eabi_attribute 25, 1
   7              		.eabi_attribute 26, 1
   8              		.eabi_attribute 30, 4
   9              		.eabi_attribute 34, 1
  10              		.eabi_attribute 18, 4
  11              		.file	"converterBypass.c"
  12              		.file 1 "/usr/arm-none-eabi/include/machine/_default_types.h"
  13              		.file 2 "/usr/arm-none-eabi/include/sys/_stdint.h"
  14              		.file 3 "/usr/lib/gcc/arm-none-eabi/10.2.0/include/stddef.h"
  15              		.file 4 "../FreeRTOS/include/osal_ch.h"
  16              		.file 5 "logic/converter/../../drivers/../logic/converter/converter.h"
  17              		.file 6 "logic/converter/converterBypass.c"
  18              		.section	.gnu.debuglto_.debug_info,"e",%progbits
  19              	.Ldebug_info0:
  20              		.hidden	converterBypass.c.808c5680
  21              		.weak	converterBypass.c.808c5680
  22              	converterBypass.c.808c5680:
  23 0000 E7020000 		.4byte	0x2e7
  24 0004 0400     		.2byte	0x4
  25 0006 00000000 		.4byte	.Ldebug_abbrev0
  26 000a 04       		.byte	0x4
  27 000b 01       		.uleb128 0x1
  28 000c 53010000 		.4byte	.LASF47
  29 0010 0C       		.byte	0xc
  30 0011 C9020000 		.4byte	.LASF48
  31 0015 A7000000 		.4byte	.LASF49
  32 0019 00000000 		.4byte	.Ldebug_line0
  33 001d 02       		.uleb128 0x2
  34 001e 01       		.byte	0x1
  35 001f 06       		.byte	0x6
  36 0020 7F030000 		.4byte	.LASF0
  37 0024 03       		.uleb128 0x3
  38 0025 24000000 		.4byte	.LASF4
  39 0029 01       		.byte	0x1
  40 002a 2B       		.byte	0x2b
  41 002b 18       		.byte	0x18
  42 002c 30000000 		.4byte	0x30
  43 0030 02       		.uleb128 0x2
  44 0031 01       		.byte	0x1
  45 0032 08       		.byte	0x8
  46 0033 0B010000 		.4byte	.LASF1
  47 0037 02       		.uleb128 0x2
  48 0038 02       		.byte	0x2
  49 0039 05       		.byte	0x5
  50 003a 97000000 		.4byte	.LASF2
  51 003e 02       		.uleb128 0x2
  52 003f 02       		.byte	0x2
  53 0040 07       		.byte	0x7
  54 0041 63000000 		.4byte	.LASF3
  55 0045 03       		.uleb128 0x3
  56 0046 47000000 		.4byte	.LASF5
  57 004a 01       		.byte	0x1
ARM GAS  /tmp/ccLEoHr0.s 			page 2


  58 004b 4D       		.byte	0x4d
  59 004c 18       		.byte	0x18
  60 004d 51000000 		.4byte	0x51
  61 0051 02       		.uleb128 0x2
  62 0052 04       		.byte	0x4
  63 0053 05       		.byte	0x5
  64 0054 5A030000 		.4byte	.LASF6
  65 0058 03       		.uleb128 0x3
  66 0059 58020000 		.4byte	.LASF7
  67 005d 01       		.byte	0x1
  68 005e 4F       		.byte	0x4f
  69 005f 19       		.byte	0x19
  70 0060 64000000 		.4byte	0x64
  71 0064 02       		.uleb128 0x2
  72 0065 04       		.byte	0x4
  73 0066 07       		.byte	0x7
  74 0067 41010000 		.4byte	.LASF8
  75 006b 02       		.uleb128 0x2
  76 006c 08       		.byte	0x8
  77 006d 05       		.byte	0x5
  78 006e F8020000 		.4byte	.LASF9
  79 0072 02       		.uleb128 0x2
  80 0073 08       		.byte	0x8
  81 0074 07       		.byte	0x7
  82 0075 F4000000 		.4byte	.LASF10
  83 0079 04       		.uleb128 0x4
  84 007a 04       		.byte	0x4
  85 007b 05       		.byte	0x5
  86 007c 696E7400 		.ascii	"int\000"
  87 0080 02       		.uleb128 0x2
  88 0081 04       		.byte	0x4
  89 0082 07       		.byte	0x7
  90 0083 8F020000 		.4byte	.LASF11
  91 0087 03       		.uleb128 0x3
  92 0088 B2020000 		.4byte	.LASF12
  93 008c 02       		.byte	0x2
  94 008d 18       		.byte	0x18
  95 008e 13       		.byte	0x13
  96 008f 24000000 		.4byte	0x24
  97 0093 03       		.uleb128 0x3
  98 0094 EB020000 		.4byte	.LASF13
  99 0098 02       		.byte	0x2
 100 0099 2C       		.byte	0x2c
 101 009a 13       		.byte	0x13
 102 009b 45000000 		.4byte	0x45
 103 009f 03       		.uleb128 0x3
 104 00a0 51030000 		.4byte	.LASF14
 105 00a4 02       		.byte	0x2
 106 00a5 30       		.byte	0x30
 107 00a6 14       		.byte	0x14
 108 00a7 58000000 		.4byte	0x58
 109 00ab 03       		.uleb128 0x3
 110 00ac 2E000000 		.4byte	.LASF15
 111 00b0 03       		.byte	0x3
 112 00b1 D1       		.byte	0xd1
 113 00b2 17       		.byte	0x17
 114 00b3 80000000 		.4byte	0x80
ARM GAS  /tmp/ccLEoHr0.s 			page 3


 115 00b7 02       		.uleb128 0x2
 116 00b8 08       		.byte	0x8
 117 00b9 04       		.byte	0x4
 118 00ba 73030000 		.4byte	.LASF16
 119 00be 05       		.uleb128 0x5
 120 00bf 04       		.byte	0x4
 121 00c0 06       		.uleb128 0x6
 122 00c1 04       		.byte	0x4
 123 00c2 CD000000 		.4byte	0xcd
 124 00c6 02       		.uleb128 0x2
 125 00c7 01       		.byte	0x1
 126 00c8 08       		.byte	0x8
 127 00c9 AD020000 		.4byte	.LASF17
 128 00cd 07       		.uleb128 0x7
 129 00ce C6000000 		.4byte	0xc6
 130 00d2 03       		.uleb128 0x3
 131 00d3 C3020000 		.4byte	.LASF18
 132 00d7 04       		.byte	0x4
 133 00d8 5C       		.byte	0x5c
 134 00d9 11       		.byte	0x11
 135 00da 93000000 		.4byte	0x93
 136 00de 02       		.uleb128 0x2
 137 00df 01       		.byte	0x1
 138 00e0 02       		.byte	0x2
 139 00e1 8B030000 		.4byte	.LASF19
 140 00e5 08       		.uleb128 0x8
 141 00e6 14       		.byte	0x14
 142 00e7 05       		.byte	0x5
 143 00e8 37       		.byte	0x37
 144 00e9 09       		.byte	0x9
 145 00ea 3D010000 		.4byte	0x13d
 146 00ee 09       		.uleb128 0x9
 147 00ef 19020000 		.4byte	.LASF20
 148 00f3 05       		.byte	0x5
 149 00f4 39       		.byte	0x39
 150 00f5 0E       		.byte	0xe
 151 00f6 9F000000 		.4byte	0x9f
 152 00fa 00       		.byte	0
 153 00fb 09       		.uleb128 0x9
 154 00fc 63020000 		.4byte	.LASF21
 155 0100 05       		.byte	0x5
 156 0101 3A       		.byte	0x3a
 157 0102 0E       		.byte	0xe
 158 0103 9F000000 		.4byte	0x9f
 159 0107 04       		.byte	0x4
 160 0108 09       		.uleb128 0x9
 161 0109 4E020000 		.4byte	.LASF22
 162 010d 05       		.byte	0x5
 163 010e 3D       		.byte	0x3d
 164 010f 0A       		.byte	0xa
 165 0110 DE000000 		.4byte	0xde
 166 0114 08       		.byte	0x8
 167 0115 09       		.uleb128 0x9
 168 0116 35000000 		.4byte	.LASF23
 169 011a 05       		.byte	0x5
 170 011b 3E       		.byte	0x3e
 171 011c 0D       		.byte	0xd
ARM GAS  /tmp/ccLEoHr0.s 			page 4


 172 011d 87000000 		.4byte	0x87
 173 0121 09       		.byte	0x9
 174 0122 09       		.uleb128 0x9
 175 0123 11000000 		.4byte	.LASF24
 176 0127 05       		.byte	0x5
 177 0128 41       		.byte	0x41
 178 0129 0E       		.byte	0xe
 179 012a 9F000000 		.4byte	0x9f
 180 012e 0C       		.byte	0xc
 181 012f 09       		.uleb128 0x9
 182 0130 91030000 		.4byte	.LASF25
 183 0134 05       		.byte	0x5
 184 0135 42       		.byte	0x42
 185 0136 0A       		.byte	0xa
 186 0137 DE000000 		.4byte	0xde
 187 013b 10       		.byte	0x10
 188 013c 00       		.byte	0
 189 013d 03       		.uleb128 0x3
 190 013e 70020000 		.4byte	.LASF26
 191 0142 05       		.byte	0x5
 192 0143 43       		.byte	0x43
 193 0144 03       		.byte	0x3
 194 0145 E5000000 		.4byte	0xe5
 195 0149 03       		.uleb128 0x3
 196 014a 00000000 		.4byte	.LASF27
 197 014e 05       		.byte	0x5
 198 014f 45       		.byte	0x45
 199 0150 23       		.byte	0x23
 200 0151 5A010000 		.4byte	0x15a
 201 0155 07       		.uleb128 0x7
 202 0156 49010000 		.4byte	0x149
 203 015a 0A       		.uleb128 0xa
 204 015b 2E010000 		.4byte	.LASF34
 205 015f 24       		.byte	0x24
 206 0160 05       		.byte	0x5
 207 0161 48       		.byte	0x48
 208 0162 08       		.byte	0x8
 209 0163 A9010000 		.4byte	0x1a9
 210 0167 09       		.uleb128 0x9
 211 0168 19010000 		.4byte	.LASF28
 212 016c 05       		.byte	0x5
 213 016d 49       		.byte	0x49
 214 016e 1A       		.byte	0x1a
 215 016f 3D010000 		.4byte	0x13d
 216 0173 00       		.byte	0
 217 0174 09       		.uleb128 0x9
 218 0175 A1000000 		.4byte	.LASF29
 219 0179 05       		.byte	0x5
 220 017a 4B       		.byte	0x4b
 221 017b 1A       		.byte	0x1a
 222 017c 09020000 		.4byte	0x209
 223 0180 14       		.byte	0x14
 224 0181 09       		.uleb128 0x9
 225 0182 3C000000 		.4byte	.LASF30
 226 0186 05       		.byte	0x5
 227 0187 4C       		.byte	0x4c
 228 0188 0D       		.byte	0xd
ARM GAS  /tmp/ccLEoHr0.s 			page 5


 229 0189 87000000 		.4byte	0x87
 230 018d 18       		.byte	0x18
 231 018e 09       		.uleb128 0x9
 232 018f 76000000 		.4byte	.LASF31
 233 0193 05       		.byte	0x5
 234 0194 4D       		.byte	0x4d
 235 0195 0E       		.byte	0xe
 236 0196 9F000000 		.4byte	0x9f
 237 019a 1C       		.byte	0x1c
 238 019b 09       		.uleb128 0x9
 239 019c 9C020000 		.4byte	.LASF32
 240 01a0 05       		.byte	0x5
 241 01a1 4F       		.byte	0x4f
 242 01a2 0B       		.byte	0xb
 243 01a3 25020000 		.4byte	0x225
 244 01a7 20       		.byte	0x20
 245 01a8 00       		.byte	0
 246 01a9 03       		.uleb128 0x3
 247 01aa 2F030000 		.4byte	.LASF33
 248 01ae 05       		.byte	0x5
 249 01af 46       		.byte	0x46
 250 01b0 20       		.byte	0x20
 251 01b1 BA010000 		.4byte	0x1ba
 252 01b5 07       		.uleb128 0x7
 253 01b6 A9010000 		.4byte	0x1a9
 254 01ba 0A       		.uleb128 0xa
 255 01bb 06030000 		.4byte	.LASF35
 256 01bf 14       		.byte	0x14
 257 01c0 05       		.byte	0x5
 258 01c1 57       		.byte	0x57
 259 01c2 08       		.byte	0x8
 260 01c3 09020000 		.4byte	0x209
 261 01c7 09       		.uleb128 0x9
 262 01c8 BA020000 		.4byte	.LASF36
 263 01cc 05       		.byte	0x5
 264 01cd 58       		.byte	0x58
 265 01ce 11       		.byte	0x11
 266 01cf C0000000 		.4byte	0xc0
 267 01d3 00       		.byte	0
 268 01d4 09       		.uleb128 0x9
 269 01d5 63030000 		.4byte	.LASF37
 270 01d9 05       		.byte	0x5
 271 01da 59       		.byte	0x59
 272 01db 0E       		.byte	0xe
 273 01dc 9F000000 		.4byte	0x9f
 274 01e0 04       		.byte	0x4
 275 01e1 09       		.uleb128 0x9
 276 01e2 2B020000 		.4byte	.LASF38
 277 01e6 05       		.byte	0x5
 278 01e7 5A       		.byte	0x5a
 279 01e8 0E       		.byte	0xe
 280 01e9 9F000000 		.4byte	0x9f
 281 01ed 08       		.byte	0x8
 282 01ee 09       		.uleb128 0x9
 283 01ef 25010000 		.4byte	.LASF39
 284 01f3 05       		.byte	0x5
 285 01f4 5B       		.byte	0x5b
ARM GAS  /tmp/ccLEoHr0.s 			page 6


 286 01f5 0B       		.byte	0xb
 287 01f6 BE000000 		.4byte	0xbe
 288 01fa 0C       		.byte	0xc
 289 01fb 09       		.uleb128 0x9
 290 01fc EA000000 		.4byte	.LASF40
 291 0200 05       		.byte	0x5
 292 0201 5D       		.byte	0x5d
 293 0202 1F       		.byte	0x1f
 294 0203 9F020000 		.4byte	0x29f
 295 0207 10       		.byte	0x10
 296 0208 00       		.byte	0
 297 0209 06       		.uleb128 0x6
 298 020a 04       		.byte	0x4
 299 020b B5010000 		.4byte	0x1b5
 300 020f 0B       		.uleb128 0xb
 301 0210 1F020000 		.4byte	0x21f
 302 0214 0C       		.uleb128 0xc
 303 0215 1F020000 		.4byte	0x21f
 304 0219 0C       		.uleb128 0xc
 305 021a 9F000000 		.4byte	0x9f
 306 021e 00       		.byte	0
 307 021f 06       		.uleb128 0x6
 308 0220 04       		.byte	0x4
 309 0221 55010000 		.4byte	0x155
 310 0225 06       		.uleb128 0x6
 311 0226 04       		.byte	0x4
 312 0227 0F020000 		.4byte	0x20f
 313 022b 08       		.uleb128 0x8
 314 022c 08       		.byte	0x8
 315 022d 05       		.byte	0x5
 316 022e 52       		.byte	0x52
 317 022f 09       		.byte	0x9
 318 0230 4F020000 		.4byte	0x24f
 319 0234 09       		.uleb128 0x9
 320 0235 51000000 		.4byte	.LASF41
 321 0239 05       		.byte	0x5
 322 023a 53       		.byte	0x53
 323 023b 0C       		.byte	0xc
 324 023c 6E020000 		.4byte	0x26e
 325 0240 00       		.byte	0
 326 0241 09       		.uleb128 0x9
 327 0242 84000000 		.4byte	.LASF42
 328 0246 05       		.byte	0x5
 329 0247 54       		.byte	0x54
 330 0248 0C       		.byte	0xc
 331 0249 88020000 		.4byte	0x288
 332 024d 04       		.byte	0x4
 333 024e 00       		.byte	0
 334 024f 0D       		.uleb128 0xd
 335 0250 DE000000 		.4byte	0xde
 336 0254 68020000 		.4byte	0x268
 337 0258 0C       		.uleb128 0xc
 338 0259 1F020000 		.4byte	0x21f
 339 025d 0C       		.uleb128 0xc
 340 025e 09020000 		.4byte	0x209
 341 0262 0C       		.uleb128 0xc
 342 0263 68020000 		.4byte	0x268
ARM GAS  /tmp/ccLEoHr0.s 			page 7


 343 0267 00       		.byte	0
 344 0268 06       		.uleb128 0x6
 345 0269 04       		.byte	0x4
 346 026a 3D010000 		.4byte	0x13d
 347 026e 06       		.uleb128 0x6
 348 026f 04       		.byte	0x4
 349 0270 4F020000 		.4byte	0x24f
 350 0274 0D       		.uleb128 0xd
 351 0275 DE000000 		.4byte	0xde
 352 0279 88020000 		.4byte	0x288
 353 027d 0C       		.uleb128 0xc
 354 027e 1F020000 		.4byte	0x21f
 355 0282 0C       		.uleb128 0xc
 356 0283 09020000 		.4byte	0x209
 357 0287 00       		.byte	0
 358 0288 06       		.uleb128 0x6
 359 0289 04       		.byte	0x4
 360 028a 74020000 		.4byte	0x274
 361 028e 03       		.uleb128 0x3
 362 028f 3B020000 		.4byte	.LASF43
 363 0293 05       		.byte	0x5
 364 0294 55       		.byte	0x55
 365 0295 03       		.byte	0x3
 366 0296 2B020000 		.4byte	0x22b
 367 029a 07       		.uleb128 0x7
 368 029b 8E020000 		.4byte	0x28e
 369 029f 06       		.uleb128 0x6
 370 02a0 04       		.byte	0x4
 371 02a1 9A020000 		.4byte	0x29a
 372 02a5 0E       		.uleb128 0xe
 373 02a6 16030000 		.4byte	.LASF50
 374 02aa 05       		.byte	0x5
 375 02ab 62       		.byte	0x62
 376 02ac 1B       		.byte	0x1b
 377 02ad 8E020000 		.4byte	0x28e
 378 02b1 0F       		.uleb128 0xf
 379 02b2 A5020000 		.4byte	0x2a5
 380 02b6 06       		.byte	0x6
 381 02b7 2D       		.byte	0x2d
 382 02b8 14       		.byte	0x14
 383 02b9 10       		.uleb128 0x10
 384 02ba 3D030000 		.4byte	.LASF51
 385 02be 06       		.byte	0x6
 386 02bf 21       		.byte	0x21
 387 02c0 0D       		.byte	0xd
 388 02c1 DE000000 		.4byte	0xde
 389 02c5 11       		.uleb128 0x11
 390 02c6 85020000 		.4byte	.LASF44
 391 02ca 06       		.byte	0x6
 392 02cb 21       		.byte	0x21
 393 02cc 39       		.byte	0x39
 394 02cd 1F020000 		.4byte	0x21f
 395 02d1 11       		.uleb128 0x11
 396 02d2 F3020000 		.4byte	.LASF45
 397 02d6 06       		.byte	0x6
 398 02d7 21       		.byte	0x21
 399 02d8 59       		.byte	0x59
ARM GAS  /tmp/ccLEoHr0.s 			page 8


 400 02d9 09020000 		.4byte	0x209
 401 02dd 11       		.uleb128 0x11
 402 02de A3030000 		.4byte	.LASF46
 403 02e2 06       		.byte	0x6
 404 02e3 21       		.byte	0x21
 405 02e4 75       		.byte	0x75
 406 02e5 68020000 		.4byte	0x268
 407 02e9 00       		.byte	0
 408 02ea 00       		.byte	0
 409              		.section	.gnu.debuglto_.debug_abbrev,"e",%progbits
 410              	.Ldebug_abbrev0:
 411 0000 01       		.uleb128 0x1
 412 0001 11       		.uleb128 0x11
 413 0002 01       		.byte	0x1
 414 0003 25       		.uleb128 0x25
 415 0004 0E       		.uleb128 0xe
 416 0005 13       		.uleb128 0x13
 417 0006 0B       		.uleb128 0xb
 418 0007 03       		.uleb128 0x3
 419 0008 0E       		.uleb128 0xe
 420 0009 1B       		.uleb128 0x1b
 421 000a 0E       		.uleb128 0xe
 422 000b 10       		.uleb128 0x10
 423 000c 17       		.uleb128 0x17
 424 000d 00       		.byte	0
 425 000e 00       		.byte	0
 426 000f 02       		.uleb128 0x2
 427 0010 24       		.uleb128 0x24
 428 0011 00       		.byte	0
 429 0012 0B       		.uleb128 0xb
 430 0013 0B       		.uleb128 0xb
 431 0014 3E       		.uleb128 0x3e
 432 0015 0B       		.uleb128 0xb
 433 0016 03       		.uleb128 0x3
 434 0017 0E       		.uleb128 0xe
 435 0018 00       		.byte	0
 436 0019 00       		.byte	0
 437 001a 03       		.uleb128 0x3
 438 001b 16       		.uleb128 0x16
 439 001c 00       		.byte	0
 440 001d 03       		.uleb128 0x3
 441 001e 0E       		.uleb128 0xe
 442 001f 3A       		.uleb128 0x3a
 443 0020 0B       		.uleb128 0xb
 444 0021 3B       		.uleb128 0x3b
 445 0022 0B       		.uleb128 0xb
 446 0023 39       		.uleb128 0x39
 447 0024 0B       		.uleb128 0xb
 448 0025 49       		.uleb128 0x49
 449 0026 13       		.uleb128 0x13
 450 0027 00       		.byte	0
 451 0028 00       		.byte	0
 452 0029 04       		.uleb128 0x4
 453 002a 24       		.uleb128 0x24
 454 002b 00       		.byte	0
 455 002c 0B       		.uleb128 0xb
 456 002d 0B       		.uleb128 0xb
ARM GAS  /tmp/ccLEoHr0.s 			page 9


 457 002e 3E       		.uleb128 0x3e
 458 002f 0B       		.uleb128 0xb
 459 0030 03       		.uleb128 0x3
 460 0031 08       		.uleb128 0x8
 461 0032 00       		.byte	0
 462 0033 00       		.byte	0
 463 0034 05       		.uleb128 0x5
 464 0035 0F       		.uleb128 0xf
 465 0036 00       		.byte	0
 466 0037 0B       		.uleb128 0xb
 467 0038 0B       		.uleb128 0xb
 468 0039 00       		.byte	0
 469 003a 00       		.byte	0
 470 003b 06       		.uleb128 0x6
 471 003c 0F       		.uleb128 0xf
 472 003d 00       		.byte	0
 473 003e 0B       		.uleb128 0xb
 474 003f 0B       		.uleb128 0xb
 475 0040 49       		.uleb128 0x49
 476 0041 13       		.uleb128 0x13
 477 0042 00       		.byte	0
 478 0043 00       		.byte	0
 479 0044 07       		.uleb128 0x7
 480 0045 26       		.uleb128 0x26
 481 0046 00       		.byte	0
 482 0047 49       		.uleb128 0x49
 483 0048 13       		.uleb128 0x13
 484 0049 00       		.byte	0
 485 004a 00       		.byte	0
 486 004b 08       		.uleb128 0x8
 487 004c 13       		.uleb128 0x13
 488 004d 01       		.byte	0x1
 489 004e 0B       		.uleb128 0xb
 490 004f 0B       		.uleb128 0xb
 491 0050 3A       		.uleb128 0x3a
 492 0051 0B       		.uleb128 0xb
 493 0052 3B       		.uleb128 0x3b
 494 0053 0B       		.uleb128 0xb
 495 0054 39       		.uleb128 0x39
 496 0055 0B       		.uleb128 0xb
 497 0056 01       		.uleb128 0x1
 498 0057 13       		.uleb128 0x13
 499 0058 00       		.byte	0
 500 0059 00       		.byte	0
 501 005a 09       		.uleb128 0x9
 502 005b 0D       		.uleb128 0xd
 503 005c 00       		.byte	0
 504 005d 03       		.uleb128 0x3
 505 005e 0E       		.uleb128 0xe
 506 005f 3A       		.uleb128 0x3a
 507 0060 0B       		.uleb128 0xb
 508 0061 3B       		.uleb128 0x3b
 509 0062 0B       		.uleb128 0xb
 510 0063 39       		.uleb128 0x39
 511 0064 0B       		.uleb128 0xb
 512 0065 49       		.uleb128 0x49
 513 0066 13       		.uleb128 0x13
ARM GAS  /tmp/ccLEoHr0.s 			page 10


 514 0067 38       		.uleb128 0x38
 515 0068 0B       		.uleb128 0xb
 516 0069 00       		.byte	0
 517 006a 00       		.byte	0
 518 006b 0A       		.uleb128 0xa
 519 006c 13       		.uleb128 0x13
 520 006d 01       		.byte	0x1
 521 006e 03       		.uleb128 0x3
 522 006f 0E       		.uleb128 0xe
 523 0070 0B       		.uleb128 0xb
 524 0071 0B       		.uleb128 0xb
 525 0072 3A       		.uleb128 0x3a
 526 0073 0B       		.uleb128 0xb
 527 0074 3B       		.uleb128 0x3b
 528 0075 0B       		.uleb128 0xb
 529 0076 39       		.uleb128 0x39
 530 0077 0B       		.uleb128 0xb
 531 0078 01       		.uleb128 0x1
 532 0079 13       		.uleb128 0x13
 533 007a 00       		.byte	0
 534 007b 00       		.byte	0
 535 007c 0B       		.uleb128 0xb
 536 007d 15       		.uleb128 0x15
 537 007e 01       		.byte	0x1
 538 007f 27       		.uleb128 0x27
 539 0080 19       		.uleb128 0x19
 540 0081 01       		.uleb128 0x1
 541 0082 13       		.uleb128 0x13
 542 0083 00       		.byte	0
 543 0084 00       		.byte	0
 544 0085 0C       		.uleb128 0xc
 545 0086 05       		.uleb128 0x5
 546 0087 00       		.byte	0
 547 0088 49       		.uleb128 0x49
 548 0089 13       		.uleb128 0x13
 549 008a 00       		.byte	0
 550 008b 00       		.byte	0
 551 008c 0D       		.uleb128 0xd
 552 008d 15       		.uleb128 0x15
 553 008e 01       		.byte	0x1
 554 008f 27       		.uleb128 0x27
 555 0090 19       		.uleb128 0x19
 556 0091 49       		.uleb128 0x49
 557 0092 13       		.uleb128 0x13
 558 0093 01       		.uleb128 0x1
 559 0094 13       		.uleb128 0x13
 560 0095 00       		.byte	0
 561 0096 00       		.byte	0
 562 0097 0E       		.uleb128 0xe
 563 0098 34       		.uleb128 0x34
 564 0099 00       		.byte	0
 565 009a 03       		.uleb128 0x3
 566 009b 0E       		.uleb128 0xe
 567 009c 3A       		.uleb128 0x3a
 568 009d 0B       		.uleb128 0xb
 569 009e 3B       		.uleb128 0x3b
 570 009f 0B       		.uleb128 0xb
ARM GAS  /tmp/ccLEoHr0.s 			page 11


 571 00a0 39       		.uleb128 0x39
 572 00a1 0B       		.uleb128 0xb
 573 00a2 49       		.uleb128 0x49
 574 00a3 13       		.uleb128 0x13
 575 00a4 3F       		.uleb128 0x3f
 576 00a5 19       		.uleb128 0x19
 577 00a6 3C       		.uleb128 0x3c
 578 00a7 19       		.uleb128 0x19
 579 00a8 00       		.byte	0
 580 00a9 00       		.byte	0
 581 00aa 0F       		.uleb128 0xf
 582 00ab 34       		.uleb128 0x34
 583 00ac 00       		.byte	0
 584 00ad 47       		.uleb128 0x47
 585 00ae 13       		.uleb128 0x13
 586 00af 3A       		.uleb128 0x3a
 587 00b0 0B       		.uleb128 0xb
 588 00b1 3B       		.uleb128 0x3b
 589 00b2 0B       		.uleb128 0xb
 590 00b3 39       		.uleb128 0x39
 591 00b4 0B       		.uleb128 0xb
 592 00b5 00       		.byte	0
 593 00b6 00       		.byte	0
 594 00b7 10       		.uleb128 0x10
 595 00b8 2E       		.uleb128 0x2e
 596 00b9 01       		.byte	0x1
 597 00ba 03       		.uleb128 0x3
 598 00bb 0E       		.uleb128 0xe
 599 00bc 3A       		.uleb128 0x3a
 600 00bd 0B       		.uleb128 0xb
 601 00be 3B       		.uleb128 0x3b
 602 00bf 0B       		.uleb128 0xb
 603 00c0 39       		.uleb128 0x39
 604 00c1 0B       		.uleb128 0xb
 605 00c2 27       		.uleb128 0x27
 606 00c3 19       		.uleb128 0x19
 607 00c4 49       		.uleb128 0x49
 608 00c5 13       		.uleb128 0x13
 609 00c6 00       		.byte	0
 610 00c7 00       		.byte	0
 611 00c8 11       		.uleb128 0x11
 612 00c9 05       		.uleb128 0x5
 613 00ca 00       		.byte	0
 614 00cb 03       		.uleb128 0x3
 615 00cc 0E       		.uleb128 0xe
 616 00cd 3A       		.uleb128 0x3a
 617 00ce 0B       		.uleb128 0xb
 618 00cf 3B       		.uleb128 0x3b
 619 00d0 0B       		.uleb128 0xb
 620 00d1 39       		.uleb128 0x39
 621 00d2 0B       		.uleb128 0xb
 622 00d3 49       		.uleb128 0x49
 623 00d4 13       		.uleb128 0x13
 624 00d5 00       		.byte	0
 625 00d6 00       		.byte	0
 626 00d7 00       		.byte	0
 627              		.section	.gnu.debuglto_.debug_line,"e",%progbits
ARM GAS  /tmp/ccLEoHr0.s 			page 12


 628              	.Ldebug_line0:
 629 0000 39010000 		.4byte	.LELT0-.LSLT0
 630              	.LSLT0:
 631 0004 0400     		.2byte	0x4
 632 0006 33010000 		.4byte	.LELTP0-.LASLTP0
 633              	.LASLTP0:
 634 000a 01       		.byte	0x1
 635 000b 01       		.byte	0x1
 636 000c 01       		.byte	0x1
 637 000d F6       		.byte	0xf6
 638 000e F2       		.byte	0xf2
 639 000f 0D       		.byte	0xd
 640 0010 00       		.byte	0
 641 0011 01       		.byte	0x1
 642 0012 01       		.byte	0x1
 643 0013 01       		.byte	0x1
 644 0014 01       		.byte	0x1
 645 0015 00       		.byte	0
 646 0016 00       		.byte	0
 647 0017 00       		.byte	0
 648 0018 01       		.byte	0x1
 649 0019 00       		.byte	0
 650 001a 00       		.byte	0
 651 001b 01       		.byte	0x1
 652 001c 2E2E2F46 		.ascii	"../FreeRTOS/include"
 652      72656552 
 652      544F532F 
 652      696E636C 
 652      756465
 653 002f 00       		.byte	0
 654 0030 6C6F6769 		.ascii	"logic/converter/../../drivers/../logic/converter"
 654      632F636F 
 654      6E766572 
 654      7465722F 
 654      2E2E2F2E 
 655 0060 00       		.byte	0
 656 0061 6C6F6769 		.ascii	"logic/converter"
 656      632F636F 
 656      6E766572 
 656      746572
 657 0070 00       		.byte	0
 658 0071 2F757372 		.ascii	"/usr/arm-none-eabi/include/machine"
 658      2F61726D 
 658      2D6E6F6E 
 658      652D6561 
 658      62692F69 
 659 0093 00       		.byte	0
 660 0094 2F757372 		.ascii	"/usr/arm-none-eabi/include/sys"
 660      2F61726D 
 660      2D6E6F6E 
 660      652D6561 
 660      62692F69 
 661 00b2 00       		.byte	0
 662 00b3 2F757372 		.ascii	"/usr/lib/gcc/arm-none-eabi/10.2.0/include"
 662      2F6C6962 
 662      2F676363 
 662      2F61726D 
ARM GAS  /tmp/ccLEoHr0.s 			page 13


 662      2D6E6F6E 
 663 00dc 00       		.byte	0
 664 00dd 00       		.byte	0
 665 00de 5F646566 		.ascii	"_default_types.h\000"
 665      61756C74 
 665      5F747970 
 665      65732E68 
 665      00
 666 00ef 04       		.uleb128 0x4
 667 00f0 00       		.uleb128 0
 668 00f1 00       		.uleb128 0
 669 00f2 5F737464 		.ascii	"_stdint.h\000"
 669      696E742E 
 669      6800
 670 00fc 05       		.uleb128 0x5
 671 00fd 00       		.uleb128 0
 672 00fe 00       		.uleb128 0
 673 00ff 73746464 		.ascii	"stddef.h\000"
 673      65662E68 
 673      00
 674 0108 06       		.uleb128 0x6
 675 0109 00       		.uleb128 0
 676 010a 00       		.uleb128 0
 677 010b 6F73616C 		.ascii	"osal_ch.h\000"
 677      5F63682E 
 677      6800
 678 0115 01       		.uleb128 0x1
 679 0116 00       		.uleb128 0
 680 0117 00       		.uleb128 0
 681 0118 636F6E76 		.ascii	"converter.h\000"
 681      65727465 
 681      722E6800 
 682 0124 02       		.uleb128 0x2
 683 0125 00       		.uleb128 0
 684 0126 00       		.uleb128 0
 685 0127 636F6E76 		.ascii	"converterBypass.c\000"
 685      65727465 
 685      72427970 
 685      6173732E 
 685      6300
 686 0139 03       		.uleb128 0x3
 687 013a 00       		.uleb128 0
 688 013b 00       		.uleb128 0
 689 013c 00       		.byte	0
 690              	.LELTP0:
 691              	.LELT0:
 692              		.section	.gnu.debuglto_.debug_str,"eMS",%progbits,1
 693              	.LASF27:
 694 0000 436F6E76 		.ascii	"ConverterManager\000"
 694      65727465 
 694      724D616E 
 694      61676572 
 694      00
 695              	.LASF24:
 696 0011 6F757470 		.ascii	"outputFrequencyKHz\000"
 696      75744672 
 696      65717565 
ARM GAS  /tmp/ccLEoHr0.s 			page 14


 696      6E63794B 
 696      487A00
 697              	.LASF4:
 698 0024 5F5F7569 		.ascii	"__uint8_t\000"
 698      6E74385F 
 698      7400
 699              	.LASF15:
 700 002e 73697A65 		.ascii	"size_t\000"
 700      5F7400
 701              	.LASF23:
 702 0035 62616E64 		.ascii	"bandId\000"
 702      496400
 703              	.LASF30:
 704 003c 61637469 		.ascii	"activeBand\000"
 704      76654261 
 704      6E6400
 705              	.LASF5:
 706 0047 5F5F696E 		.ascii	"__int32_t\000"
 706      7433325F 
 706      7400
 707              	.LASF41:
 708 0051 636F6E76 		.ascii	"converterTuneBand\000"
 708      65727465 
 708      7254756E 
 708      6542616E 
 708      6400
 709              	.LASF3:
 710 0063 73686F72 		.ascii	"short unsigned int\000"
 710      7420756E 
 710      7369676E 
 710      65642069 
 710      6E7400
 711              	.LASF31:
 712 0076 64697361 		.ascii	"disabledBands\000"
 712      626C6564 
 712      42616E64 
 712      7300
 713              	.LASF42:
 714 0084 636F6E76 		.ascii	"converterLeaveBand\000"
 714      65727465 
 714      724C6561 
 714      76654261 
 714      6E6400
 715              	.LASF2:
 716 0097 73686F72 		.ascii	"short int\000"
 716      7420696E 
 716      7400
 717              	.LASF29:
 718 00a1 62616E64 		.ascii	"bands\000"
 718      7300
 719              	.LASF49:
 720 00a7 2F686F6D 		.ascii	"/home/fminucci/hardware/electrosense-converter-firm"
 720      652F666D 
 720      696E7563 
 720      63692F68 
 720      61726477 
 721 00da 77617265 		.ascii	"wareV2/firmware\000"
ARM GAS  /tmp/ccLEoHr0.s 			page 15


 721      56322F66 
 721      69726D77 
 721      61726500 
 722              	.LASF40:
 723 00ea 66756E63 		.ascii	"functions\000"
 723      74696F6E 
 723      7300
 724              	.LASF10:
 725 00f4 6C6F6E67 		.ascii	"long long unsigned int\000"
 725      206C6F6E 
 725      6720756E 
 725      7369676E 
 725      65642069 
 726              	.LASF1:
 727 010b 756E7369 		.ascii	"unsigned char\000"
 727      676E6564 
 727      20636861 
 727      7200
 728              	.LASF28:
 729 0119 63757272 		.ascii	"currentTune\000"
 729      656E7454 
 729      756E6500 
 730              	.LASF39:
 731 0125 75736572 		.ascii	"userData\000"
 731      44617461 
 731      00
 732              	.LASF34:
 733 012e 436F6E76 		.ascii	"ConverterManager_s\000"
 733      65727465 
 733      724D616E 
 733      61676572 
 733      5F7300
 734              	.LASF8:
 735 0141 6C6F6E67 		.ascii	"long unsigned int\000"
 735      20756E73 
 735      69676E65 
 735      6420696E 
 735      7400
 736              	.LASF47:
 737 0153 474E5520 		.ascii	"GNU C17 10.2.0 -mcpu=cortex-m3 -mno-thumb-interwork"
 737      43313720 
 737      31302E32 
 737      2E30202D 
 737      6D637075 
 738 0186 202D6D74 		.ascii	" -mthumb -mfloat-abi=soft -march=armv7-m -ggdb -Os "
 738      68756D62 
 738      202D6D66 
 738      6C6F6174 
 738      2D616269 
 739 01b9 2D666F6D 		.ascii	"-fomit-frame-pointer -falign-functions=16 -ffunctio"
 739      69742D66 
 739      72616D65 
 739      2D706F69 
 739      6E746572 
 740 01ec 6E2D7365 		.ascii	"n-sections -fdata-sections -fno-common -flto\000"
 740      6374696F 
 740      6E73202D 
ARM GAS  /tmp/ccLEoHr0.s 			page 16


 740      66646174 
 740      612D7365 
 741              	.LASF20:
 742 0219 696E7075 		.ascii	"inputFrequencyKHz\000"
 742      74467265 
 742      7175656E 
 742      63794B48 
 742      7A00
 743              	.LASF38:
 744 022b 6D617846 		.ascii	"maxFrequencyKHz\000"
 744      72657175 
 744      656E6379 
 744      4B487A00 
 745              	.LASF43:
 746 023b 436F6E76 		.ascii	"ConverterFunctions\000"
 746      65727465 
 746      7246756E 
 746      6374696F 
 746      6E7300
 747              	.LASF22:
 748 024e 666F7263 		.ascii	"forceBand\000"
 748      6542616E 
 748      6400
 749              	.LASF7:
 750 0258 5F5F7569 		.ascii	"__uint32_t\000"
 750      6E743332 
 750      5F7400
 751              	.LASF21:
 752 0263 616E7465 		.ascii	"antennaInput\000"
 752      6E6E6149 
 752      6E707574 
 752      00
 753              	.LASF26:
 754 0270 436F6E76 		.ascii	"ConverterTuneRequest\000"
 754      65727465 
 754      7254756E 
 754      65526571 
 754      75657374 
 755              	.LASF44:
 756 0285 636F6E76 		.ascii	"converter\000"
 756      65727465 
 756      7200
 757              	.LASF11:
 758 028f 756E7369 		.ascii	"unsigned int\000"
 758      676E6564 
 758      20696E74 
 758      00
 759              	.LASF32:
 760 029c 73657443 		.ascii	"setConverterGpio\000"
 760      6F6E7665 
 760      72746572 
 760      4770696F 
 760      00
 761              	.LASF17:
 762 02ad 63686172 		.ascii	"char\000"
 762      00
 763              	.LASF12:
ARM GAS  /tmp/ccLEoHr0.s 			page 17


 764 02b2 75696E74 		.ascii	"uint8_t\000"
 764      385F7400 
 765              	.LASF36:
 766 02ba 62616E64 		.ascii	"bandName\000"
 766      4E616D65 
 766      00
 767              	.LASF18:
 768 02c3 6D73675F 		.ascii	"msg_t\000"
 768      7400
 769              	.LASF48:
 770 02c9 6C6F6769 		.ascii	"logic/converter/converterBypass.c\000"
 770      632F636F 
 770      6E766572 
 770      7465722F 
 770      636F6E76 
 771              	.LASF13:
 772 02eb 696E7433 		.ascii	"int32_t\000"
 772      325F7400 
 773              	.LASF45:
 774 02f3 62616E64 		.ascii	"band\000"
 774      00
 775              	.LASF9:
 776 02f8 6C6F6E67 		.ascii	"long long int\000"
 776      206C6F6E 
 776      6720696E 
 776      7400
 777              	.LASF35:
 778 0306 436F6E76 		.ascii	"ConverterBand_s\000"
 778      65727465 
 778      7242616E 
 778      645F7300 
 779              	.LASF50:
 780 0316 636F6E76 		.ascii	"converterBypassFunctions\000"
 780      65727465 
 780      72427970 
 780      61737346 
 780      756E6374 
 781              	.LASF33:
 782 032f 436F6E76 		.ascii	"ConverterBand\000"
 782      65727465 
 782      7242616E 
 782      6400
 783              	.LASF51:
 784 033d 636F6E76 		.ascii	"converterTuneBypass\000"
 784      65727465 
 784      7254756E 
 784      65427970 
 784      61737300 
 785              	.LASF14:
 786 0351 75696E74 		.ascii	"uint32_t\000"
 786      33325F74 
 786      00
 787              	.LASF6:
 788 035a 6C6F6E67 		.ascii	"long int\000"
 788      20696E74 
 788      00
 789              	.LASF37:
ARM GAS  /tmp/ccLEoHr0.s 			page 18


 790 0363 6D696E46 		.ascii	"minFrequencyKHz\000"
 790      72657175 
 790      656E6379 
 790      4B487A00 
 791              	.LASF16:
 792 0373 6C6F6E67 		.ascii	"long double\000"
 792      20646F75 
 792      626C6500 
 793              	.LASF0:
 794 037f 7369676E 		.ascii	"signed char\000"
 794      65642063 
 794      68617200 
 795              	.LASF19:
 796 038b 5F426F6F 		.ascii	"_Bool\000"
 796      6C00
 797              	.LASF25:
 798 0391 73706563 		.ascii	"spectrumInversion\000"
 798      7472756D 
 798      496E7665 
 798      7273696F 
 798      6E00
 799              	.LASF46:
 800 03a3 74756E65 		.ascii	"tuneRequest\000"
 800      52657175 
 800      65737400 
 801              		.text
 802              		.section	.gnu.lto_.profile.134c109edeefafb8,"e",%progbits
 803 0000 789C6361 		.ascii	"x\234ca\000\002F\006\006\000\000+\000\006"
 803      00024606 
 803      0600002B 
 803      0006
 804              		.text
 805              		.section	.gnu.lto_.icf.134c109edeefafb8,"e",%progbits
 806 0000 789CE363 		.ascii	"x\234\343c@\000&\206\257\207g6\3623\376\335~\372=#\003"
 806      40002686 
 806      AF876736 
 806      F233FEDD 
 806      7EFA3D23 
 807 0015 002FFD06 		.ascii	"\000/\375\006b"
 807      62
 808              		.text
 809              		.section	.gnu.lto_.jmpfuncs.134c109edeefafb8,"e",%progbits
 810 0000 789CF366 		.ascii	"x\234\363f@\000F\006fFFF\326\372\305\314\014\014\213"
 810      40004606 
 810      66464646 
 810      D6FAC5CC 
 810      0C0C8B
 811 0013 99198134 		.ascii	"\231\031\2014\023\013K\035P\230\361\000\013#\003\020"
 811      130B4B1D 
 811      5098F100 
 811      0B230310 
 812 0023 FF07027E 		.ascii	"\377\007\002~\006\246\331\314\214}\315\357\357qLb^\314"
 812      06A6D9CC 
 812      8C7DCDEF 
 812      EF714C62 
 812      5ECC
 813 0035 CC0C94DD 		.ascii	"\314\014\224\335\302(\015W\0024\306\252\201\211\001"
ARM GAS  /tmp/ccLEoHr0.s 			page 19


 813      C2280D57 
 813      0234C6AA 
 813      818901
 814 0044 0092AD11 		.ascii	"\000\222\255\021F"
 814      46
 815              		.text
 816              		.section	.gnu.lto_.ipa_sra.134c109edeefafb8,"e",%progbits
 817 0000 789C5365 		.ascii	"x\234Se@\000F\006f\306\305\314,\213\231Y\025X\030YX"
 817      40004606 
 817      66C6C5CC 
 817      2C8B9959 
 817      15581859 
 818 0015 D8185818 		.ascii	"\330\030X\030\330A\342\314L\214\015,0%\000=1\002I"
 818      D841E2CC 
 818      4C8C0D2C 
 818      3025003D 
 818      310249
 819              		.text
 820              		.section	.gnu.lto_.inline.134c109edeefafb8,"e",%progbits
 821 0000 789CF365 		.ascii	"x\234\363e@\000F\006\006\236\206\206\206\017L\351\214"
 821      40004606 
 821      069E8686 
 821      860F4CE9 
 821      8C
 822 0011 8C0C8C8B 		.ascii	"\214\014\214\213\231Y\030\230\033\230\030X\230\201b"
 822      99591898 
 822      1B981858 
 822      988162
 823 0020 0DCCC90C 		.ascii	"\015\314\311\014\014\234@\372\000s\012\023\003\023\003"
 823      0C9C40FA 
 823      00730A13 
 823      031303
 824 002f 23488C29 		.ascii	"#H\214)\011(\013g3\260\000\215`\025\004\022L\023\374"
 824      09280B67 
 824      33B0008D 
 824      60150412 
 824      4C13FC
 825 0042 1818009A 		.ascii	"\030\030\000\232e\017S"
 825      650F53
 826              		.text
 827              		.section	.gnu.lto_.pureconst.134c109edeefafb8,"e",%progbits
 828 0000 789C6361 		.ascii	"x\234ca```d\230\305\002\000\001d\000\244"
 828      60606064 
 828      98C50200 
 828      016400A4 
 829              		.text
 830              		.section	.gnu.lto_.lto.134c109edeefafb8,"e",%progbits
 831 0000 09000000 		.ascii	"\011\000\000\000\001\000\000\000"
 831      01000000 
 832              		.text
 833              		.section	.gnu.lto_converterTuneBypass.88.134c109edeefafb8,"e",%progbits
 834 0000 789C9D93 		.ascii	"x\234\235\223Mh\023A\024\307\347\277\263\371l\2127\021"
 834      4D681341 
 834      14C7E7BF 
 834      B3F96C8A 
 834      3711
 835 0012 164B1125 		.ascii	"\026K\021%\264\207fA*9\212W=\210\027\017\236j\014\242"
ARM GAS  /tmp/ccLEoHr0.s 			page 20


 835      B4876641 
 835      2A398A57 
 835      3D88170F 
 835      9E6A0CA2 
 836 0026 48AA492A 		.ascii	"H\252I*x\352$!HEM\255\237h\203IV+\036l-\264\365\253"
 836      78EA2421 
 836      48454DAD 
 836      9F688349 
 836      562B1E6C 
 837 003e B5F1A34D 		.ascii	"\265\361\243M[\004\261'\005\355Ao\332\324\222S\321\242"
 837      5B04B127 
 837      05ED416F 
 837      DAD49253 
 837      D1A2
 838 0050 BE994D6D 		.ascii	"\276\231Mm0\342\301\205Y\336\2337\377\337\373\317[v"
 838      30E2C185 
 838      59DE9B37 
 838      FFDFFBCF 
 838      5B76
 839 0062 3F67EC00 		.ascii	"?g\354\000cl3-p\006M\010\261\323\225pk\200\212\204\033"
 839      636C332D 
 839      70064D08 
 839      B1D39570 
 839      6B808A84 
 840 0077 AC5B4337 		.ascii	"\254[C7.\362\033\034\245\322\322\212\336rG\210\244("
 840      2EF21B1C 
 840      A5D2D28A 
 840      DE724788 
 840      A428
 841 0089 5EED6BCF 		.ascii	"^\355k\317\247\322\233,\002dI\270\335\200i0\371`\004"
 841      A7D29B2C 
 841      026449B8 
 841      DD806930 
 841      F96004
 842 009c 2D747621 		.ascii	"-tv!\231]\361\365q\213\003:\245\227\346Ff\2752\325\320"
 842      995DF1F5 
 842      718B033A 
 842      A597E646 
 842      66BD32D5 
 843 00b1 4CE9352B 		.ascii	"L\3515+=\255\361m`\262\264\372\255\307\347\277\255\250"
 843      3DADF16D 
 843      60B2B4FA 
 843      ADC7E7BF 
 843      ADA8
 844 00c3 AF4A5C6C 		.ascii	"\257J\\l\2658\307\003p\211\035\203\201Q\020\230\366"
 844      B538C703 
 844      70891D83 
 844      81511098 
 844      F6
 845 00d4 02530E86 		.ascii	"\002S\016\206\207\360K\370\373\302\333F\276[\311O\337"
 845      87F04BF8 
 845      FBC2DB46 
 845      BE5BC94F 
 845      DF
 846 00e5 AF5C71AF 		.ascii	"\257\\q\257\311\215~Q\324-\256\343Q\235^\017\274!\375"
 846      C98D7E51 
 846      D42DAEE3 
ARM GAS  /tmp/ccLEoHr0.s 			page 21


 846      519D5E0F 
 846      BC21FD
 847 00f8 63A55F3C 		.ascii	"c\245_<\373\375\002\347{\225\376z\242tsCU\277\330d\353"
 847      FBFD02E7 
 847      7B95FE7A 
 847      A2747343 
 847      55BFD864 
 848 010d 1D7852A7 		.ascii	"\035xR\247w\004>\220~\034~&U\037\207\177\\nt\352\362"
 848      77043E90 
 848      7E1C7E26 
 848      551F877F 
 848      5C6E74EA 
 849 0122 EEF2CE13 		.ascii	"\356\362\316\023p2P04\357(\212\325\237\031!\356y\362"
 849      70325030 
 849      34EF288A 
 849      D59F1921 
 849      EE79F2
 850 0135 65CD0312 		.ascii	"e\315\003\022:5z\271tH\357N\330\204\014g4_\241C\024"
 850      3A357AB9 
 850      7448EF4E 
 850      D8840C67 
 850      345FA143 
 851 014a 19EBE59A 		.ascii	"\031\353\345\232\235$(\371\014Q\030jU@\031\216j*\\B"
 851      9D2428F9 
 851      0C51186A 
 851      5540198E 
 851      6A2A5C42 
 852 015e 727CB649 		.ascii	"r|\266I\206y\016j\177>\365u\301-\307\311\355\021\016"
 852      86790E6A 
 852      7F3EF575 
 852      C12DC7C9 
 852      ED110E
 853 0171 0F96F800 		.ascii	"\017\226\370\000n%\010\323lqw\236&\360T\332\246\332"
 853      6E2508D3 
 853      6C71779E 
 853      26F054DA 
 853      A6DA
 854 0183 64EADC6B 		.ascii	"d\352\334k\2279(zU\311\203I\014\240\337v]\204\311\226"
 854      9739287A 
 854      55C98349 
 854      0CA0DF76 
 854      5D84C996 
 855 0197 91CE6D54 		.ascii	"\221\316mT=\210LK\257\245{\301\360\014\206\305\033\224"
 855      3D884C4B 
 855      AFA57BC1 
 855      F00C86C5 
 855      1B94
 856 01a9 99891A33 		.ascii	"\231\211\0323Gm3Z\355q\307\337\314\370\362\334\211\347"
 856      476D335A 
 856      ED71C7DF 
 856      CCF8F2DC 
 856      89E7
 857 01bb 5533F3E5 		.ascii	"U3\363\345b\026d\306.y\361B\231\221\223\303K2C\344\345"
 857      621664C6 
 857      2E79F142 
 857      999193C3 
 857      4B3243E4 
ARM GAS  /tmp/ccLEoHr0.s 			page 22


 858 01d0 33EF3C12 		.ascii	"3\357<\022\375\007(W\220\243\374'kJ\2614\311\232\206"
 858      FD072857 
 858      90A3FC27 
 858      6B4AB134 
 858      C99A86
 859 01e3 49D694E7 		.ascii	"I\326\224\347O\255k\236+3{\376\007\314PR`92\314\300"
 859      4FAD6B9E 
 859      2B337BFE 
 859      07CC5052 
 859      603932CC 
 860 01f8 ACBD307D 		.ascii	"\254\2750}s\314\222J6\372b7\252 \231\213V\373\214\365"
 860      73CC924A 
 860      36FA6237 
 860      AA20998B 
 860      56FB8CF5 
 861 020c 94EF7AEC 		.ascii	"\224\357z\354s\300\034\324\377\221\341X\377\362\214"
 861      73C01CD4 
 861      FF91E158 
 861      FFF28C
 862 021b 6D39D679 		.ascii	"m9\326y\370H(\020\352\214\234\014G\343\341\350z\264"
 862      F8482810 
 862      EA8C9C0C 
 862      47E3E1E8 
 862      7AB4
 863 022d EBD4F18E 		.ascii	"\353\324\361\216X\254-\304<\277\267\214\272b[\320\014"
 863      58AC2DC4 
 863      3CBFB78C 
 863      BA625BD0 
 863      0C
 864 023e 86DA7704 		.ascii	"\206\332w\004M\246\037\354\210\034j\210wE\302\373\302"
 864      4DA61FEC 
 864      881C6A88 
 864      7745C2FB 
 864      C2
 865 024f 27BAC2B1 		.ascii	"'\272\302\261\370/\205\277.\025"
 865      F82F85BF 
 865      2E15
 866              		.text
 867              		.section	.gnu.lto_converterBypassFunctions.89.134c109edeefafb8,"e",%progbits
 868 0000 789C0B64 		.ascii	"x\234\013d``Pa\200\200\331\314\214}\315\357\357qLb^"
 868      60605061 
 868      8080D9CC 
 868      8C7DCDEF 
 868      EF714C62 
 869 0015 CCCCC008 		.ascii	"\314\314\300\010\342\316]q\346?g\013cScGC\303\203\356"
 869      E2CE5D71 
 869      E63F670B 
 869      63536347 
 869      43C383EE 
 870 0029 BB026C8B 		.ascii	"\273\002l\213\201b\314\020\245\347/\267\277c\262\334"
 870      8162CC10 
 870      A5E72FB7 
 870      BF63B2DC 
 871 0039 DED0B1A0 		.ascii	"\336\320\261\240Aa13\323\034\240\226\255\214-\214s\230"
 871      41613133 
 871      D31CA096 
 871      AD8C2D8C 
ARM GAS  /tmp/ccLEoHr0.s 			page 23


 871      7398
 872 004b 1919B730 		.ascii	"\031\031\2670J30nc\264dP\312\311O\317L\326O\316\317"
 872      4A33306E 
 872      63B46450 
 872      CAC94FCF 
 872      4CD64FCE 
 873 0060 2B4B2D2A 		.ascii	"+K-*I-B\260\234*\013\022\213\213\365\222\031\000\264"
 873      492D42B0 
 873      9C2A0B12 
 873      8B8BF592 
 873      1900B4
 874 0073 2728BA   		.ascii	"'(\272"
 875              		.text
 876              		.section	.gnu.lto_.symbol_nodes.134c109edeefafb8,"e",%progbits
 877 0000 789C3366 		.ascii	"x\2343f\000\002\246\033\014\365\014\015@\300\3028\341"
 877      0002A61B 
 877      0CF50C0D 
 877      40C0C238 
 877      E1
 878 0011 1C0390CD 		.ascii	"\034\003\220\315\260cAc\243\001\003#H\222\201\365&\003"
 878      B0634163 
 878      A3010323 
 878      489281F5 
 878      2603
 879 0023 43A31390 		.ascii	"C\243\023\220\301\002U3\225\221\001\000d\334\014:"
 879      C1025533 
 879      95910100 
 879      64DC0C3A 
 880              		.text
 881              		.section	.gnu.lto_.refs.134c109edeefafb8,"e",%progbits
 882 0000 789C6365 		.ascii	"x\234ce```ddb`\000\000\000E\000\012"
 882      60606064 
 882      64626000 
 882      00004500 
 882      0A
 883              		.text
 884              		.section	.gnu.lto_.decls.134c109edeefafb8,"e",%progbits
 885 0000 789C8557 		.ascii	"x\234\205WkPT\311\025\356s{\230\271s\035\234\021p5\213"
 885      6B5054C9 
 885      15EE737B 
 885      98B9731D 
 885      9C117035 
 886 0015 65110B4B 		.ascii	"e\021\013K\222\312\372\300\212k\312J\312rS\256\226\033"
 886      92CAFAC0 
 886      8A6BCA4A 
 886      CA7253AE 
 886      961B
 887 0027 6B2B95AD 		.ascii	"k+\225\255T\345\217;;3*\211\014\206\031\2545\177r\005"
 887      54E58F3B 
 887      3B332A89 
 887      0C8619AC 
 887      357F7205 
 888 003b 45208888 		.ascii	"E \210\210/\036*\210\256\257d\243n\371\004AT\344\241"
 888      2F1E2A88 
 888      AEAF64A3 
 888      6EF90441 
 888      54E4A1
ARM GAS  /tmp/ccLEoHr0.s 			page 24


 889 004e E2FA7EA0 		.ascii	"\342\372~\240\"(\342\270\213H\\\024uQr\272\373\316\314"
 889      2228E2B8 
 889      8B485C14 
 889      755172BA 
 889      FBCECC
 890 0061 9D01D75B 		.ascii	"\235\001\327[s\346\366\351\376\372\274\372\364\351\276"
 890      73E6F6E9 
 890      FEFABCFA 
 890      F4E9BE
 891 0070 3FB31132 		.ascii	"?\263\0212_\"\244\235\020\322\217\017\305\367E$#R/\322"
 891      5F22A49D 
 891      10D28F0F 
 891      C5F74524 
 891      23522FD2 
 892 0084 5020C48A 		.ascii	"P \304\212T\215m\033\276\207!\261\207\275F\201x\377"
 892      548D6D1B 
 892      BE8721B1 
 892      87BD4681 
 892      78FF
 893 0096 52EBF33F 		.ascii	"R\353\363?\277Ay\221\370\276\214\024\205\024\023&\353"
 893      BF417991 
 893      F8BE8C14 
 893      85141326 
 893      EB
 894 00a7 09B6C721 		.ascii	"\011\266\307!=\327d2\331]HmH\006\244n\244f\244\333H"
 894      3DD76432 
 894      D95D486D 
 894      4806A46E 
 894      A466A4DB 
 895 00bc 3775BAC2 		.ascii	"7u\272\302\237\317P\017\263w,\216\305!\375\002Ib\262"
 895      9FCF500F 
 895      B3772C8E 
 895      C521FD02 
 895      4962B2
 896 00cf F19D006F 		.ascii	"\361\235\000o\237WB\241%}\363\013K\001\205(\005\014"
 896      9F5742A1 
 896      257DF30B 
 896      4B018528 
 896      050C
 897 00e1 C8AE3B73 		.ascii	"\310\256;s\240QA6F\2018\035\033%\330\257\017\345\226"
 897      A0514136 
 897      4681381D 
 897      1B25D8AF 
 897      0FE596
 898 00f4 98043B12 		.ascii	"\230\004;\022\331\0157r\314T\002&\346X\346\353j62N\001"
 898      D90D3772 
 898      CC540226 
 898      E658E6EB 
 898      6A36324E 
 899 0109 163C2B76 		.ascii	"\026<+v\325?y|\005D\027Cl\357\\_\"S\033o\357-\\\273"
 899      D53F797C 
 899      05441743 
 899      6CEF5C5F 
 899      22531B6F 
 900 0121 8F4EF85A 		.ascii	"\217N\370Z\025\217\374W\002\225@\271E\323\206\260\361"
 900      158FFC57 
 900      029540B9 
ARM GAS  /tmp/ccLEoHr0.s 			page 25


 900      45D386B0 
 900      F1
 901 0132 DDDBD794 		.ascii	"\335\333\327\224\033\351\2379\366\314\226\007\307\250"
 901      1BE99F39 
 901      F6CC9607 
 901      C7A8
 902 0140 92A5AAE9 		.ascii	"\222\245\252\351jM\206\0325\213\300A\210\205\003\020"
 902      6A4D861A 
 902      358BC041 
 902      88850310 
 903 0150 4BA00AB8 		.ascii	"K\240\012\270\364c0\001*\260\357(\366\341\204\354\316"
 903      F4633001 
 903      2AB0EF28 
 903      F6E184EC 
 903      CE
 904 0161 D37715FA 		.ascii	"\323w\025\3729\237\\\323\272\352%E\033F\241Y\240\263"
 904      399F5CD3 
 904      BAEA2545 
 904      1B46A159 
 904      A0B3
 905 0173 6994B069 		.ascii	"i\224\260iw\351\256\332H\3727\336\276z\263/_\021z\312"
 905      77E9AEDA 
 905      48FA37DE 
 905      BE7AB32F 
 905      5F117ACA 
 906 0187 32B28C23 		.ascii	"2\262\214#\011L\216\205\211\250\345$p<\323r\002\265"
 906      094C8E85 
 906      89A8E524 
 906      703CD372 
 906      02B5
 907 0199 D4082D5B 		.ascii	"\324\010-[\257^H\007\021\012\033\262\276\213m\217\206"
 907      AF5E4807 
 907      110A1BB2 
 907      BE8B6D8F 
 907      86
 908 01aa 500F9794 		.ascii	"P\017\227\224\237\375j(]\312\233\227/\275n\264D\017"
 908      9FFD6A28 
 908      5DCA9B97 
 908      2FBD6EB4 
 908      440F
 909 01bc 1BC913A5 		.ascii	"\033\311\023\245\016\005\325C4\223\244\005\377\340\343"
 909      0E05D543 
 909      3493A405 
 909      FFE0E3
 910 01cb 17CF4D34 		.ascii	"\027\317M4\0338\266\363\331\325\035\020\275F\304D\022"
 910      1B38B6F3 
 910      D9D51D10 
 910      BD46C444 
 910      12
 911 01dc 531A064C 		.ascii	"S\032\006L\271\376hG\257d\311\321\302a\236\005\2158"
 911      B9FE6847 
 911      AF64C9D1 
 911      C2619E05 
 911      8D38
 912 01ee EC8F0881 		.ascii	"\354\217\010\2013`\021\270\333\375\217\333\207\012\373"
 912      336011B8 
 912      DBFD8FDB 
ARM GAS  /tmp/ccLEoHr0.s 			page 26


 912      870AFB
 913 01fd 62907D54 		.ascii	"b\220}TW\322\021)\326\265\214\005\242\245pe\266D7\012"
 913      57D21129 
 913      D6B58C05 
 913      A2A57065 
 913      B644370A 
 914 0211 CDC7FB37 		.ascii	"\315\307\3737\0347\010\254\214l\343\355\274\215V\272"
 914      1C3708AC 
 914      8C6CE3ED 
 914      BC8D56BA 
 915 0221 4D8C3DCA 		.ascii	"M\214=\312\\u\327L\017\011\346\350\245\275?Xh\225`\232"
 915      5C75D74C 
 915      0F09E6E8 
 915      A5BD3F58 
 915      6895609A 
 916 0235 4E5F2E34 		.ascii	"N_.4\321z\316\320&_\361T0\307\002\032\002+E\014\363"
 916      D17ACED0 
 916      265FF154 
 916      30C7021A 
 916      022B450C 
 917 024a 71ADFD31 		.ascii	"q\255\3751\274\204~\\\0063\201+\010\270\212\226\026"
 917      BC847E5C 
 917      0633812B 
 917      08B88A96 
 917      16
 918 025b A932EF28 		.ascii	"\2512\357(R1\3426\336D\221=EO*\"h\223\220\177\263\345"
 918      5231E236 
 918      DE44913D 
 918      454F2A22 
 918      6893907F 
 919 0271 449E9136 		.ascii	"D\236\2216k\312\316_8\004\264\2233\246\346\332\242\202"
 919      6BCACE5F 
 919      3804B493 
 919      33A6E6DA 
 919      A282
 920 0283 0888C727 		.ascii	"\010\210\307':>\276\234\207\242\367xB\341\001\237\252"
 920      3A3EBE9C 
 920      87A2F778 
 920      42E1019F 
 920      AA
 921 0294 664E64B2 		.ascii	"fNd\262\340\006\352\273\203\201\021\352\011\324\362"
 921      E006EABB 
 921      838111EA 
 921      09D4F2
 922 02a3 E04CC23F 		.ascii	"\340L\302?\001?\377\220nRk\226[\240\032\024\270\256"
 922      013FFF90 
 922      6E526B96 
 922      5BA01A14 
 922      B8AE
 923 02b5 8183519C 		.ascii	"\201\203Q\234\020\212\276TO\325\355\237s\354\265\301"
 923      108ABE54 
 923      4FD5ED9F 
 923      73ECB5C1 
 924 02c5 B1072100 		.ascii	"\261\007!\000>32(\371\333\001\350\363\020\200\363\225"
 924      3E333228 
 924      F9DB01E8 
 924      F31080F3 
ARM GAS  /tmp/ccLEoHr0.s 			page 27


 924      95
 925 02d6 B6613E9F 		.ascii	"\266a>\237\303\321\263\274\377\216Xjh\206x\270\205\324"
 925      C3D1B3BC 
 925      FF8E586A 
 925      688678B8 
 925      85D4
 926 02e8 827417E9 		.ascii	"\202t\027\3516\322M\210g) \224t\355\244\305j\3152\013"
 926      36D24D88 
 926      67292094 
 926      74EDA4C5 
 926      6ACD320B 
 927 02fc 77F66298 		.ascii	"w\366b\230\263\347\303\234}~]\003\237B\223.\014\012"
 927      B3E7C39C 
 927      7D7E5D03 
 927      9F42932E 
 927      0C0A
 928 030e 9E1CCB93 		.ascii	"\236\034\313\223fewW\213L\217\211-}\362\314\252+\306"
 928      66657757 
 928      8B4C8F89 
 928      2D7DF2CC 
 928      AA2BC6
 929 0321 E8015642 		.ascii	"\350\001VB\253&\341\035\206\242\204\362-\373\263M\364"
 929      AB26E11D 
 929      86A284F2 
 929      2DFBB34D 
 929      F4
 930 0332 A210D75F 		.ascii	"\242\020\327_\276\345\242U$Y<\262\207\253^o5i\011)!"
 930      BEE5A255 
 930      24593CB2 
 930      87AB5E6F 
 930      35690929 
 931 0347 5F5D9EDE 		.ascii	"_]\236\336\013\264]`\313r\013\372\254\006\254`<\212"
 931      0BB45D60 
 931      CB720BFA 
 931      AC06AC60 
 931      3C8A
 932 0359 29063EBF 		.ascii	")\006>\277\243\332\341\337I\367\320\204\207!\333\242"
 932      A3DAE1DF 
 932      49F7D084 
 932      8721DBA2 
 933 0369 E555DFB9 		.ascii	"\345U\337\271\010\372LL\257\315\317Y)\205\355$\337\200"
 933      08FA4C4C 
 933      AFCDCF59 
 933      2985ED24 
 933      DF80
 934 037b 29792F1B 		.ascii	")y/\033T\252\337I\217BV\352;\377N:\333\330S+sc\260\013"
 934      54AADF49 
 934      8F4256EA 
 934      3BFF4E3A 
 934      DBD8532B 
 935 0393 3A805B93 		.ascii	":\200[\223y:\2772Rx#\351\252A\214\250\006\225{\277\255"
 935      793ABF32 
 935      527823E9 
 935      AA418CA8 
 935      06957BBF 
 936 03a8 8C1CB19E 		.ascii	"\214\034\261\236\251\337\227\241\332$X\370\036<F\311"
 936      A9DF97A1 
ARM GAS  /tmp/ccLEoHr0.s 			page 28


 936      DA2458F8 
 936      1E3C46C9 
 937 03b8 9D5C7217 		.ascii	"\235\\r\027\214 \360=\030\204\370[u\031\275\2407\003"
 937      8C20F03D 
 937      1884F85B 
 937      7519BDA0 
 937      3703
 938 03ca 8775663C 		.ascii	"\207uf<\321\3140V]\330\\`\322\222^\254\353\233\242\367"
 938      D1CC3056 
 938      5DD85C60 
 938      D2925EAC 
 938      EB9BA2F7 
 939 03de 4E64A80D 		.ascii	"Nd\250\0155\300@\360\000\035\354\011\361\340\220>\017"
 939      35C040F0 
 939      001DEC09 
 939      F1E0903E 
 939      0F
 940 03ef 544CFAA2 		.ascii	"TL\372\242\230\265*\307\267!\256I\303\007\263/,\353"
 940      98B52AC7 
 940      B721AE49 
 940      C307B32F 
 940      2CEB
 941 0401 3B8ADEDF 		.ascii	";\212\336\337\232\241\026\"\234\345\315q\015\356\317"
 941      9AA11622 
 941      9CE5CD71 
 941      0DEECF
 942 0410 9BC36149 		.ascii	"\233\303aI\326U4J3\206-\331\221\001\306\034\036$\361"
 942      D655344A 
 942      33862DD9 
 942      9101C61C 
 942      1E24F1
 943 0423 DB71F43E 		.ascii	"\333q\364>K\251{\032\234\245\324\3770\205\236!=E\372"
 943      4BA97B1A 
 943      9CA5D4FF 
 943      30859E21 
 943      3D45FA
 944 0436 01A95B9F 		.ascii	"\001\251[\237\367-E1\247\204\026,tpz\200\226\332\240"
 944      F72D4531 
 944      A784162C 
 944      74707A80 
 944      96DAA0
 945 0449 160C6DE9 		.ascii	"\026\014m\351\262k\305ZE\315W%\275B\337\273\025\342"
 945      B26BC55A 
 945      45CD5725 
 945      BD42DFBB 
 945      15E2
 946 045b FC5DDF94 		.ascii	"\374]\337\224\327E\352\227\346y\210\262^\2764\354\305"
 946      D745EA97 
 946      E67988B2 
 946      5EBE34EC 
 946      C5
 947 046c 8A7EEEFE 		.ascii	"\212~\356\376\346!4\223\362\004\\S\263\242\324DW\013"
 947      E6213493 
 947      F2045C53 
 947      B3A2D444 
 947      570B
 948 047e A6A2F5C7 		.ascii	"\246\242\365\307\323VZ*\230\247w\256\276R\350^\301\\"
ARM GAS  /tmp/ccLEoHr0.s 			page 29


 948      D3565A2A 
 948      98A777AE 
 948      BE52E85E 
 948      C15C
 949 0490 7D51F5CA 		.ascii	"}Q\365\312B\217p\206\336?\261'+\022\024QB\0079\206\372"
 949      428F7086 
 949      DE3FB127 
 949      2B121451 
 949      42073986 
 950 04a5 D0E4D7A0 		.ascii	"\320\344\327\240\020x\203\200~\255\204\262\016^B\273"
 950      10788380 
 950      7EAD84B2 
 950      0E5E42BB 
 951 04b5 FFC9DB28 		.ascii	"\377\311\333(\264\275\355\371\213\3009\226\363S\002"
 951      B4BDEDF9 
 951      8BC03996 
 951      F35302
 952 04c4 109C53BD 		.ascii	"\020\234S\275\255S\326{\250J\212\316\303e\222\266\007"
 952      AD53D67B 
 952      A84A8ACE 
 952      C36592B6 
 952      07
 953 04d5 D48337F3 		.ascii	"\324\2037\363L\264J\230}k\305\376<\320\266\"\201\014"
 953      4CB44A98 
 953      7D6BC5FE 
 953      3CD0B622 
 953      810C
 954 04e7 49BFA9B6 		.ascii	"I\277\251\266\344>SeZ/\200Y\273\263\263-a\373p\271D"
 954      E43E5365 
 954      5A2F8059 
 954      BBB3B32D 
 954      61FB70B9 
 955 04fc C3A6D4DE 		.ascii	"\303\246\324\336\361m\014\261a\205\244\217r\246f\203"
 955      F16D0CB1 
 955      6185A48F 
 955      72A66683 
 956 050c B1B27BCF 		.ascii	"\261\262{\317u\013\260\222\357/\372]%\243\265l@\020"
 956      750BB092 
 956      EF2FFA5D 
 956      25A3B56C 
 956      4010
 957 051e A4A3E42C 		.ascii	"\244\243\344,i`6L\032\254\326\362\3038K\330\001\377"
 957      6960364C 
 957      1AACD6F2 
 957      C3384BD8 
 957      01FF
 958 0530 92E22117 		.ascii	"\222\342!\027)\033)\007i\245\244K\271k%\372\304~\011"
 958      291B2907 
 958      69A5A44B 
 958      B96B25FA 
 958      C47E09
 959 0543 E14AC2AB 		.ascii	"\341J\302\253mK\211\177W.\260\300\213\267\300u\347E"
 959      6D4B897F 
 959      572EB0C0 
 959      8BB7C075 
 959      E745
 960 0555 5D49D449 		.ascii	"]I\324I\201\307h\303\217\003&\204\355\312\363!\346\274"
ARM GAS  /tmp/ccLEoHr0.s 			page 30


 960      81C768C3 
 960      8F032684 
 960      EDCAF321 
 960      E6BC
 961 0567 1A1CEEDF 		.ascii	"\032\034\356\337\0009y;\317\232\365\033 \340~\303\273"
 961      0039793B 
 961      CF9AF51B 
 961      20E07EC3 
 961      BB
 962 0578 DDC7F975 		.ascii	"\335\307\371u\233s\316E\350\227fU\210\256<\2764\354"
 962      9B73CE45 
 962      E8976655 
 962      88AE3CBE 
 962      34EC
 963 058a 85D88EAD 		.ascii	"\205\330\216\255\355>E\217m\013\331,\253\005v5\307\346"
 963      ED3E458F 
 963      6D0BD92C 
 963      AB057635 
 963      C7E6
 964 059c 3457640F 		.ascii	"4Wd\017\361c\323\337R\363 \237c\337\344\277\271k\322"
 964      F163D3DF 
 964      52F3209F 
 964      63DFE4BF 
 964      B96BD2
 965 05af CB65C52E 		.ascii	"\313e\305.\210]#\344\256\341\330\233\347\366\224F<\300"
 965      885D23E4 
 965      AEE1D89B 
 965      E7F69446 
 965      3CC0
 966 05c1 2D8EE700 		.ascii	"-\216\347\00018\001\340\306\024\374S\310_(\211Q%U2:"
 966      313801E0 
 966      C614FC53 
 966      C85F2889 
 966      51255532 
 967 05d6 A9A45085 		.ascii	"\251\244P\205:\225\006\030\235\320C\247\313R\202U\221"
 967      3A950618 
 967      9DD043A7 
 967      CB528255 
 967      91
 968 05e7 779D029B 		.ascii	"w\235\002\233\022!K\222\317\344T\022^\301\177\2442c"
 968      12214B92 
 968      CFE45412 
 968      5EC17FA4 
 968      3263
 969 05f9 DC74D5E0 		.ascii	"\334t\325\340\314\035\3563\251R\376\334\230\311\323"
 969      CC1DEE33 
 969      A952FEDC 
 969      98C9D3
 970 0608 F1DF676A 		.ascii	"\361\337gj\000'\316\372\324 \333\260\3453)=\264l\225"
 970      0027CEFA 
 970      D420DBB0 
 970      E533293D 
 970      B46C95
 971 061b D1D92465 		.ascii	"\321\331$e\215\303\210*\316\304\030\214\364tY\036m="
 971      8DC3882A 
 971      CEC4188C 
 971      F474591E 
ARM GAS  /tmp/ccLEoHr0.s 			page 31


 971      6D3D
 972 062d 494FD299 		.ascii	"IO\322\231\204\310\362\276\377\016W|&+\212Hp\306\331"
 972      84C8F2BE 
 972      FF0E577C 
 972      262B8A48 
 972      70C6D9
 973 0640 9C71D606 		.ascii	"\234q\326\006\210p:\225\230\004\202F8\023\023\247K\012"
 973      88703A95 
 973      98048246 
 973      381313A7 
 973      4B0A
 974 0652 4A36C80D 		.ascii	"J6\310\015\220H\301\222\250\266}?B\001\305<:.\201\020"
 974      9048C192 
 974      A8B67D3F 
 974      4201C53C 
 974      3A2E8110 
 975 0666 279929B1 		.ascii	"'\231)\261\225\352\367?`B\235\316 \013\220\240H\211"
 975      95EAF73F 
 975      60429DCE 
 975      200B90A0 
 975      4889
 976 0678 129DE333 		.ascii	"\022\235\3433\341\205_\212#D5\310\026\013\250\3702\317"
 976      E1855F8A 
 976      234435C8 
 976      160BA8F8 
 976      32CF
 977 068a 9BE3FC34 		.ascii	"\233\343\3744Q!>\223\204C1\006\334\332\020\234\251\030"
 977      51213E93 
 977      84433106 
 977      DCDA109C 
 977      A918
 978 069c F1A3A0C2 		.ascii	"\361\243\240\302\032\370\204\301\253\032\373\211?\302"
 978      1AF884C1 
 978      AB1AFB89 
 978      3FC2
 979 06aa 18A257C3 		.ascii	"\030\242W\303\373\031\022\003\253}O\370{\003/\255-\000"
 979      FB191203 
 979      AB7D4FF8 
 979      7B032FAD 
 979      2D00
 980 06bc 428EA47D 		.ascii	"B\216\244}g\000\370\225\020mT'<h\203f\207_\216_\217"
 980      6700F895 
 980      106D5427 
 980      3C688366 
 980      875F8E5F 
 981 06d1 CEC6A0AD 		.ascii	"\316\306\240\255D\322TJ\3729|^\210\341A\221$ \326o\022"
 981      44D2544A 
 981      FA397C5E 
 981      88E14191 
 981      2420D66F 
 982 06e6 81C067D0 		.ascii	"\201\300g\320\313\334\236\306\241\035\320\276\014\027"
 982      CBDC9EC6 
 982      A11DD0BE 
 982      0C17
 983 06f4 B0B5B7EA 		.ascii	"\260\265\267\352w\004\206\347O'\274\212\365mj\373\306"
 983      770486E7 
 983      4F27BC8A 
ARM GAS  /tmp/ccLEoHr0.s 			page 32


 983      F56D6AFB 
 983      C6
 984 0705 4A9F0E56 		.ascii	"J\237\016V\373\326\207\024\262\225\247\322\367\015\361"
 984      FBD68714 
 984      B295A7D2 
 984      F70DF1
 985 0714 5F51D82D 		.ascii	"_Q\330-)txcv\341\252\220\373\306\206\220\315\264\321"
 985      29747863 
 985      76E1AA90 
 985      FBC68690 
 985      CDB4D1
 986 0727 5F6B577C 		.ascii	"_kW|\265w\265\231\3377\260K\273\374l\357\275\270\334"
 986      B577B599 
 986      DF37B04B 
 986      BBFC6CEF 
 986      BDB8DC
 987 073a C0FBD8B9 		.ascii	"\300\373\330\271W(\361\316\3477\276\3134\006.&E\242"
 987      5728F1CE 
 987      E737BECB 
 987      34062E26 
 987      45A2
 988 074c 33BF606F 		.ascii	"3\277`o\335P\375\325\203\335\020\203w\217\022\011\357"
 988      DD50FDD5 
 988      83DD1083 
 988      778F1209 
 988      EF
 989 075d 1EC59276 		.ascii	"\036\305\222v\367\310>^\264\321<\246L\255i\305\033t"
 989      F7C83E5E 
 989      B4D13CA6 
 989      4CAD69C5 
 989      1B74
 990 076f 166DACE8 		.ascii	"\026m\254\350VUEf X\207\325T\263\235\265\011\254\225"
 990      56554566 
 990      205887D5 
 990      54B39DB5 
 990      09AC95
 991 0782 3A000AA4 		.ascii	":\000\012\244\0070\355h\004\201M\322\030V\3407\335\272"
 991      0730ED68 
 991      04814DD2 
 991      1856E037 
 991      DDBA
 992 0794 61A1BB0D 		.ascii	"a\241\273\015<4\353\367\234\350\263\210;P\015\343\213"
 992      3C34EBF7 
 992      9CE8B388 
 992      3B500DE3 
 992      8B
 993 07a5 2EEDEC07 		.ascii	".\355\354\007zR\014V\356(|\026r\2242\035A\347\313\374"
 993      7A520C56 
 993      EE287C16 
 993      7294321D 
 993      41E7CBFC 
 994 07b9 CEEFACBC 		.ascii	"\316\357\254\274\322j\241W\304\244\262\302\336\207J"
 994      D26AA157 
 994      C4A4B2C2 
 994      DE874A
 995 07c8 C06B1189 		.ascii	"\300k\021\211\246\276\212N"
 995      A6BE8A4E 
ARM GAS  /tmp/ccLEoHr0.s 			page 33


 996 07d0 4BC0E972 		.ascii	"K\300\351r\341t\365\272\265\205\360v\247\2673\247\267"
 996      E174F5BA 
 996      B585F076 
 996      A7B733A7 
 996      B7
 997 07e1 F99D2E69 		.ascii	"\371\235.i\177\360\357\220B\265=\304\224\2574S\350\256"
 997      7FF0EF90 
 997      42B53DC4 
 997      94AF3453 
 997      E8AE
 998 07f3 FB4FEB0D 		.ascii	"\373O\353\015\200\307M\340\360\330\"\305j\365{\207V"
 998      80C74DE0 
 998      F0D822C5 
 998      6AF57B87 
 998      56
 999 0804 3A7762B9 		.ascii	":wb\271\334\245?-z\217\377\252\370\010F\261`\"\363\011"
 999      DCA53F2D 
 999      7A8FFFAA 
 999      F80846B1 
 999      6022F309 
 1000 0818 4A318A3B 		.ascii	"J1\212;~\252\234\337{_|-\240V\330:8\330_\314O\334\276"
 1000      7EAA9CDF 
 1000      7B5F7C2D 
 1000      A056D83A 
 1000      38D85FCC 
 1001 082f 552C470F 		.ascii	"U,G\0170\206\237\250\203\330\3032\251\260\356\230u\354"
 1001      30869FA8 
 1001      83D8C332 
 1001      A9B0EE98 
 1001      75EC
 1002 0841 36B5B586 		.ascii	"6\265\265\206/\357\235\033\313U5\012v#v\263X]\235G\254"
 1002      2FEF9D1B 
 1002      CB55350A 
 1002      762376B3 
 1002      585D9D47 
 1003 0856 C72D4DDB 		.ascii	"\307-M\333\217k\273G\032K\"\235I\036\373\027\213\\\316"
 1003      8F6BBB47 
 1003      1A4B229D 
 1003      491EFB17 
 1003      8B5CCE
 1004 0869 1976B7D3 		.ascii	"\031v\267\323\363\363E)\013\222\034\023\034)\356%\256"
 1004      F3F34529 
 1004      0B921C13 
 1004      1C29EE25 
 1004      AE
 1005 087a 54AF2B35 		.ascii	"T\257+5\330\232\261t\261\335\343\031\357\220?\236\373"
 1005      D89AB174 
 1005      B1DDE319 
 1005      EF903F9E 
 1005      FB
 1006 088b 59DC4793 		.ascii	"Y\334G\223>$\261\003\206\306O\2358\325\361\353)S'\022"
 1006      3E24B103 
 1006      86C64F9D 
 1006      38D5F1EB 
 1006      29532712 
 1007 089f 392DC9ED 		.ascii	"9-\311\355\235\2348\317\253\330\035\336\244%.&\333\304"
 1007      9D9C38CF 
ARM GAS  /tmp/ccLEoHr0.s 			page 34


 1007      ABD81DDE 
 1007      A4252E26 
 1007      DBC4
 1008 08b1 FAA6CEF3 		.ascii	"\372\246\316\363F|\301\024Y?\012\314Fv\236'2\204\037"
 1008      467CC114 
 1008      593F0ACC 
 1008      46769E27 
 1008      32841F
 1009 08c4 E2484B4D 		.ascii	"\342HKMu\271\275\177Js\273\242R\322\274\213\323\274"
 1009      75B9BD7F 
 1009      4A73BBA2 
 1009      52D2BC8B 
 1009      D3BC
 1010 08d6 33535D7F 		.ascii	"3S]\177Os\271\035K\347\314\372\207\221\211\230\3554"
 1010      4F73B91D 
 1010      4BE7CCFA 
 1010      87918998 
 1010      ED34
 1011 08e8 CF4F4975 		.ascii	"\317OIup\331\021\363f\244\244,\262\330\335^\227\333"
 1011      70D911F3 
 1011      66A4A42C 
 1011      B2D8DD5E 
 1011      97DB
 1012 08fa 6D9FED46 		.ascii	"m\237\355F\374\260$w\330\254a\236\305.\20775-y6\323"
 1012      FCB02477 
 1012      D8AC619E 
 1012      C52E8737 
 1012      352D7936 
 1013 090f E4494A71 		.ascii	"\344IJq\3776\334\333\361\343\331\317\231\232\304\000"
 1013      FF36DCDB 
 1013      F1E3D9CF 
 1013      999AC400 
 1014 091f ACF9D670 		.ascii	"\254\371\326p\214_Hb\002&33\377\310\024y\274Q\201\316"
 1014      8C5F4862 
 1014      02263333 
 1014      FFC81479 
 1014      BC5181CE 
 1015 0933 3FD8DDF6 		.ascii	"?\330\335\366\005\256\324y\036\233\307\345\015\364~"
 1015      05AED479 
 1015      1E9BC7E5 
 1015      0DF47E
 1016 0942 BC3829C5 		.ascii	"\2748)\305\026\216\221\323<\256\324\337\333\275vk\262"
 1016      168E91D3 
 1016      3CAED4DF 
 1016      DBBD766B 
 1016      B2
 1017 0953 FD4BBDC9 		.ascii	"\375K\275\311\326\344$\267\236\227\231\343s\355\311"
 1017      D6E424B7 
 1017      9E9799E3 
 1017      73EDC9
 1018 0962 2E8363A1 		.ascii	".\203c\241=\325<?\315\215\341Mq{\202Zg\372\273\350\244"
 1018      3DD53C3F 
 1018      CD8DE14D 
 1018      717B825A 
 1018      67FABBE8 
 1019 0977 2944B6A7 		.ascii	")D\266\247&/\371\360\203d\2428Rp\360\313\017\222'\223"
 1019      262FF9F0 
ARM GAS  /tmp/ccLEoHr0.s 			page 35


 1019      8364A238 
 1019      5270F0CB 
 1019      0F922793 
 1020 098b 6887DE6A 		.ascii	"h\207\336j\261tc\336\271\352ddXW@\317\260Pyh_T\240\347"
 1020      B17463DE 
 1020      B9EA6464 
 1020      585740CF 
 1020      B0507968 
 1021 09a3 13975DAC 		.ascii	"\023\227]\254\375\377\001\250\354Jo"
 1021      FDFF01A8 
 1021      EC4A6F
 1022              		.text
 1023              		.section	.gnu.lto_.symtab.134c109edeefafb8,"e",%progbits
 1024 0000 636F6E76 		.ascii	"converterBypassFunctions\000"
 1024      65727465 
 1024      72427970 
 1024      61737346 
 1024      756E6374 
 1025 0019 00       		.ascii	"\000"
 1026 001a 00       		.ascii	"\000"
 1027 001b 00       		.ascii	"\000"
 1028 001c 00000000 		.ascii	"\000\000\000\000\000\000\000\000"
 1028      00000000 
 1029 0024 2A010000 		.ascii	"*\001\000\000"
 1030              		.text
 1031              		.section	.gnu.lto_.ext_symtab.134c109edeefafb8,"e",%progbits
 1032 0000 01       		.ascii	"\001"
 1033 0001 02       		.ascii	"\002"
 1034 0002 00       		.ascii	"\000"
 1035              		.text
 1036              		.section	.gnu.lto_.opts,"e",%progbits
 1037 0000 272D666E 		.ascii	"'-fno-openmp' '-fno-openacc' '-fno-pie' '-g' '-mcpu"
 1037      6F2D6F70 
 1037      656E6D70 
 1037      2720272D 
 1037      666E6F2D 
 1038 0033 3D636F72 		.ascii	"=cortex-m3' '-mno-thumb-interwork' '-mthumb' '-mflo"
 1038      7465782D 
 1038      6D332720 
 1038      272D6D6E 
 1038      6F2D7468 
 1039 0066 61742D61 		.ascii	"at-abi=soft' '-march=armv7-m' '-Os' '-fomit-frame-p"
 1039      62693D73 
 1039      6F667427 
 1039      20272D6D 
 1039      61726368 
 1040 0099 6F696E74 		.ascii	"ointer' '-falign-functions=16' '-ffunction-sections"
 1040      65722720 
 1040      272D6661 
 1040      6C69676E 
 1040      2D66756E 
 1041 00cc 2720272D 		.ascii	"' '-fdata-sections' '-fno-common' '-flto' '-Xassemb"
 1041      66646174 
 1041      612D7365 
 1041      6374696F 
 1041      6E732720 
 1042 00ff 6C657227 		.ascii	"ler' '-alms=build/lst/converterBypass.lst'\000"
ARM GAS  /tmp/ccLEoHr0.s 			page 36


 1042      20272D61 
 1042      6C6D733D 
 1042      6275696C 
 1042      642F6C73 
 1043              		.text
 1044              		.comm	__gnu_lto_slim,1,1
 1045              		.ident	"GCC: (Fedora 10.2.0-4.fc34) 10.2.0"
ARM GAS  /tmp/ccLEoHr0.s 			page 37


DEFINED SYMBOLS
                            *ABS*:0000000000000000 converterBypass.c
     /tmp/ccLEoHr0.s:22     .gnu.debuglto_.debug_info:0000000000000000 converterBypass.c.808c5680
                            *COM*:0000000000000001 __gnu_lto_slim

NO UNDEFINED SYMBOLS
