ARM GAS  /tmp/ccgzle1V.s 			page 1


   1              		.cpu cortex-m3
   2              		.eabi_attribute 20, 1
   3              		.eabi_attribute 21, 1
   4              		.eabi_attribute 23, 3
   5              		.eabi_attribute 24, 1
   6              		.eabi_attribute 25, 1
   7              		.eabi_attribute 26, 1
   8              		.eabi_attribute 30, 4
   9              		.eabi_attribute 34, 1
  10              		.eabi_attribute 18, 4
  11              		.file	"converterSHF.c"
  12              		.file 1 "/usr/arm-none-eabi/include/machine/_default_types.h"
  13              		.file 2 "/usr/arm-none-eabi/include/sys/_stdint.h"
  14              		.file 3 "/usr/lib/gcc/arm-none-eabi/10.2.0/include/stddef.h"
  15              		.file 4 "../FreeRTOS/include/osal_ch.h"
  16              		.file 5 "logic/converter/../../drivers/../logic/converter/converterSHF.h"
  17              		.file 6 "logic/converter/../../drivers/../logic/converter/converter.h"
  18              		.file 7 "logic/converter/converterSHF.c"
  19              		.section	.gnu.debuglto_.debug_info,"e",%progbits
  20              	.Ldebug_info0:
  21              		.hidden	converterSHF.c.d96b79aa
  22              		.weak	converterSHF.c.d96b79aa
  23              	converterSHF.c.d96b79aa:
  24 0000 B5030000 		.4byte	0x3b5
  25 0004 0400     		.2byte	0x4
  26 0006 00000000 		.4byte	.Ldebug_abbrev0
  27 000a 04       		.byte	0x4
  28 000b 01       		.uleb128 0x1
  29 000c F5020000 		.4byte	.LASF56
  30 0010 0C       		.byte	0xc
  31 0011 06020000 		.4byte	.LASF57
  32 0015 CC000000 		.4byte	.LASF58
  33 0019 00000000 		.4byte	.Ldebug_line0
  34 001d 02       		.uleb128 0x2
  35 001e 01       		.byte	0x1
  36 001f 06       		.byte	0x6
  37 0020 E7030000 		.4byte	.LASF2
  38 0024 03       		.uleb128 0x3
  39 0025 24000000 		.4byte	.LASF0
  40 0029 01       		.byte	0x1
  41 002a 29       		.byte	0x29
  42 002b 17       		.byte	0x17
  43 002c 1D000000 		.4byte	0x1d
  44 0030 03       		.uleb128 0x3
  45 0031 2D000000 		.4byte	.LASF1
  46 0035 01       		.byte	0x1
  47 0036 2B       		.byte	0x2b
  48 0037 18       		.byte	0x18
  49 0038 3C000000 		.4byte	0x3c
  50 003c 02       		.uleb128 0x2
  51 003d 01       		.byte	0x1
  52 003e 08       		.byte	0x8
  53 003f 49010000 		.4byte	.LASF3
  54 0043 02       		.uleb128 0x2
  55 0044 02       		.byte	0x2
  56 0045 05       		.byte	0x5
  57 0046 BC000000 		.4byte	.LASF4
ARM GAS  /tmp/ccgzle1V.s 			page 2


  58 004a 02       		.uleb128 0x2
  59 004b 02       		.byte	0x2
  60 004c 07       		.byte	0x7
  61 004d 88000000 		.4byte	.LASF5
  62 0051 03       		.uleb128 0x3
  63 0052 6C000000 		.4byte	.LASF6
  64 0056 01       		.byte	0x1
  65 0057 4D       		.byte	0x4d
  66 0058 18       		.byte	0x18
  67 0059 5D000000 		.4byte	0x5d
  68 005d 02       		.uleb128 0x2
  69 005e 04       		.byte	0x4
  70 005f 05       		.byte	0x5
  71 0060 C2030000 		.4byte	.LASF7
  72 0064 03       		.uleb128 0x3
  73 0065 FB010000 		.4byte	.LASF8
  74 0069 01       		.byte	0x1
  75 006a 4F       		.byte	0x4f
  76 006b 19       		.byte	0x19
  77 006c 70000000 		.4byte	0x70
  78 0070 02       		.uleb128 0x2
  79 0071 04       		.byte	0x4
  80 0072 07       		.byte	0x7
  81 0073 7F010000 		.4byte	.LASF9
  82 0077 02       		.uleb128 0x2
  83 0078 08       		.byte	0x8
  84 0079 05       		.byte	0x5
  85 007a AF020000 		.4byte	.LASF10
  86 007e 02       		.uleb128 0x2
  87 007f 08       		.byte	0x8
  88 0080 07       		.byte	0x7
  89 0081 32010000 		.4byte	.LASF11
  90 0085 04       		.uleb128 0x4
  91 0086 04       		.byte	0x4
  92 0087 05       		.byte	0x5
  93 0088 696E7400 		.ascii	"int\000"
  94 008c 02       		.uleb128 0x2
  95 008d 04       		.byte	0x4
  96 008e 07       		.byte	0x7
  97 008f 58020000 		.4byte	.LASF12
  98 0093 03       		.uleb128 0x3
  99 0094 2B010000 		.4byte	.LASF13
 100 0098 02       		.byte	0x2
 101 0099 14       		.byte	0x14
 102 009a 12       		.byte	0x12
 103 009b 24000000 		.4byte	0x24
 104 009f 03       		.uleb128 0x3
 105 00a0 7B020000 		.4byte	.LASF14
 106 00a4 02       		.byte	0x2
 107 00a5 18       		.byte	0x18
 108 00a6 13       		.byte	0x13
 109 00a7 30000000 		.4byte	0x30
 110 00ab 03       		.uleb128 0x3
 111 00ac A2020000 		.4byte	.LASF15
 112 00b0 02       		.byte	0x2
 113 00b1 2C       		.byte	0x2c
 114 00b2 13       		.byte	0x13
ARM GAS  /tmp/ccgzle1V.s 			page 3


 115 00b3 51000000 		.4byte	0x51
 116 00b7 03       		.uleb128 0x3
 117 00b8 B6010000 		.4byte	.LASF16
 118 00bc 02       		.byte	0x2
 119 00bd 30       		.byte	0x30
 120 00be 14       		.byte	0x14
 121 00bf 64000000 		.4byte	0x64
 122 00c3 03       		.uleb128 0x3
 123 00c4 37000000 		.4byte	.LASF17
 124 00c8 03       		.byte	0x3
 125 00c9 D1       		.byte	0xd1
 126 00ca 17       		.byte	0x17
 127 00cb 8C000000 		.4byte	0x8c
 128 00cf 02       		.uleb128 0x2
 129 00d0 08       		.byte	0x8
 130 00d1 04       		.byte	0x4
 131 00d2 DB030000 		.4byte	.LASF18
 132 00d6 05       		.uleb128 0x5
 133 00d7 04       		.byte	0x4
 134 00d8 06       		.uleb128 0x6
 135 00d9 04       		.byte	0x4
 136 00da E5000000 		.4byte	0xe5
 137 00de 02       		.uleb128 0x2
 138 00df 01       		.byte	0x1
 139 00e0 08       		.byte	0x8
 140 00e1 76020000 		.4byte	.LASF19
 141 00e5 07       		.uleb128 0x7
 142 00e6 DE000000 		.4byte	0xde
 143 00ea 03       		.uleb128 0x3
 144 00eb 95020000 		.4byte	.LASF20
 145 00ef 04       		.byte	0x4
 146 00f0 5C       		.byte	0x5c
 147 00f1 11       		.byte	0x11
 148 00f2 AB000000 		.4byte	0xab
 149 00f6 02       		.uleb128 0x2
 150 00f7 01       		.byte	0x1
 151 00f8 02       		.byte	0x2
 152 00f9 F3030000 		.4byte	.LASF21
 153 00fd 08       		.uleb128 0x8
 154 00fe 0C       		.byte	0xc
 155 00ff 05       		.byte	0x5
 156 0100 22       		.byte	0x22
 157 0101 09       		.byte	0x9
 158 0102 2E010000 		.4byte	0x12e
 159 0106 09       		.uleb128 0x9
 160 0107 0F010000 		.4byte	.LASF22
 161 010b 05       		.byte	0x5
 162 010c 23       		.byte	0x23
 163 010d 0A       		.byte	0xa
 164 010e F6000000 		.4byte	0xf6
 165 0112 00       		.byte	0
 166 0113 09       		.uleb128 0x9
 167 0114 E2010000 		.4byte	.LASF23
 168 0118 05       		.byte	0x5
 169 0119 24       		.byte	0x24
 170 011a 0E       		.byte	0xe
 171 011b B7000000 		.4byte	0xb7
ARM GAS  /tmp/ccgzle1V.s 			page 4


 172 011f 04       		.byte	0x4
 173 0120 09       		.uleb128 0x9
 174 0121 51020000 		.4byte	.LASF24
 175 0125 05       		.byte	0x5
 176 0126 26       		.byte	0x26
 177 0127 0C       		.byte	0xc
 178 0128 42010000 		.4byte	0x142
 179 012c 08       		.byte	0x8
 180 012d 00       		.byte	0
 181 012e 0A       		.uleb128 0xa
 182 012f F6000000 		.4byte	0xf6
 183 0133 42010000 		.4byte	0x142
 184 0137 0B       		.uleb128 0xb
 185 0138 B7000000 		.4byte	0xb7
 186 013c 0B       		.uleb128 0xb
 187 013d 93000000 		.4byte	0x93
 188 0141 00       		.byte	0
 189 0142 06       		.uleb128 0x6
 190 0143 04       		.byte	0x4
 191 0144 2E010000 		.4byte	0x12e
 192 0148 03       		.uleb128 0x3
 193 0149 91010000 		.4byte	.LASF25
 194 014d 05       		.byte	0x5
 195 014e 27       		.byte	0x27
 196 014f 03       		.byte	0x3
 197 0150 FD000000 		.4byte	0xfd
 198 0154 08       		.uleb128 0x8
 199 0155 14       		.byte	0x14
 200 0156 06       		.byte	0x6
 201 0157 37       		.byte	0x37
 202 0158 09       		.byte	0x9
 203 0159 AC010000 		.4byte	0x1ac
 204 015d 09       		.uleb128 0x9
 205 015e A4010000 		.4byte	.LASF26
 206 0162 06       		.byte	0x6
 207 0163 39       		.byte	0x39
 208 0164 0E       		.byte	0xe
 209 0165 B7000000 		.4byte	0xb7
 210 0169 00       		.byte	0
 211 016a 09       		.uleb128 0x9
 212 016b 25020000 		.4byte	.LASF27
 213 016f 06       		.byte	0x6
 214 0170 3A       		.byte	0x3a
 215 0171 0E       		.byte	0xe
 216 0172 B7000000 		.4byte	0xb7
 217 0176 04       		.byte	0x4
 218 0177 09       		.uleb128 0x9
 219 0178 F1010000 		.4byte	.LASF28
 220 017c 06       		.byte	0x6
 221 017d 3D       		.byte	0x3d
 222 017e 0A       		.byte	0xa
 223 017f F6000000 		.4byte	0xf6
 224 0183 08       		.byte	0x8
 225 0184 09       		.uleb128 0x9
 226 0185 54000000 		.4byte	.LASF29
 227 0189 06       		.byte	0x6
 228 018a 3E       		.byte	0x3e
ARM GAS  /tmp/ccgzle1V.s 			page 5


 229 018b 0D       		.byte	0xd
 230 018c 9F000000 		.4byte	0x9f
 231 0190 09       		.byte	0x9
 232 0191 09       		.uleb128 0x9
 233 0192 11000000 		.4byte	.LASF30
 234 0196 06       		.byte	0x6
 235 0197 41       		.byte	0x41
 236 0198 0E       		.byte	0xe
 237 0199 B7000000 		.4byte	0xb7
 238 019d 0C       		.byte	0xc
 239 019e 09       		.uleb128 0x9
 240 019f F9030000 		.4byte	.LASF31
 241 01a3 06       		.byte	0x6
 242 01a4 42       		.byte	0x42
 243 01a5 0A       		.byte	0xa
 244 01a6 F6000000 		.4byte	0xf6
 245 01aa 10       		.byte	0x10
 246 01ab 00       		.byte	0
 247 01ac 03       		.uleb128 0x3
 248 01ad 32020000 		.4byte	.LASF32
 249 01b1 06       		.byte	0x6
 250 01b2 43       		.byte	0x43
 251 01b3 03       		.byte	0x3
 252 01b4 54010000 		.4byte	0x154
 253 01b8 03       		.uleb128 0x3
 254 01b9 00000000 		.4byte	.LASF33
 255 01bd 06       		.byte	0x6
 256 01be 45       		.byte	0x45
 257 01bf 23       		.byte	0x23
 258 01c0 C9010000 		.4byte	0x1c9
 259 01c4 07       		.uleb128 0x7
 260 01c5 B8010000 		.4byte	0x1b8
 261 01c9 0C       		.uleb128 0xc
 262 01ca 6C010000 		.4byte	.LASF40
 263 01ce 24       		.byte	0x24
 264 01cf 06       		.byte	0x6
 265 01d0 48       		.byte	0x48
 266 01d1 08       		.byte	0x8
 267 01d2 18020000 		.4byte	0x218
 268 01d6 09       		.uleb128 0x9
 269 01d7 57010000 		.4byte	.LASF34
 270 01db 06       		.byte	0x6
 271 01dc 49       		.byte	0x49
 272 01dd 1A       		.byte	0x1a
 273 01de AC010000 		.4byte	0x1ac
 274 01e2 00       		.byte	0
 275 01e3 09       		.uleb128 0x9
 276 01e4 C6000000 		.4byte	.LASF35
 277 01e8 06       		.byte	0x6
 278 01e9 4B       		.byte	0x4b
 279 01ea 1A       		.byte	0x1a
 280 01eb 78020000 		.4byte	0x278
 281 01ef 14       		.byte	0x14
 282 01f0 09       		.uleb128 0x9
 283 01f1 5B000000 		.4byte	.LASF36
 284 01f5 06       		.byte	0x6
 285 01f6 4C       		.byte	0x4c
ARM GAS  /tmp/ccgzle1V.s 			page 6


 286 01f7 0D       		.byte	0xd
 287 01f8 9F000000 		.4byte	0x9f
 288 01fc 18       		.byte	0x18
 289 01fd 09       		.uleb128 0x9
 290 01fe 9B000000 		.4byte	.LASF37
 291 0202 06       		.byte	0x6
 292 0203 4D       		.byte	0x4d
 293 0204 0E       		.byte	0xe
 294 0205 B7000000 		.4byte	0xb7
 295 0209 1C       		.byte	0x1c
 296 020a 09       		.uleb128 0x9
 297 020b 65020000 		.4byte	.LASF38
 298 020f 06       		.byte	0x6
 299 0210 4F       		.byte	0x4f
 300 0211 0B       		.byte	0xb
 301 0212 94020000 		.4byte	0x294
 302 0216 20       		.byte	0x20
 303 0217 00       		.byte	0
 304 0218 03       		.uleb128 0x3
 305 0219 DE020000 		.4byte	.LASF39
 306 021d 06       		.byte	0x6
 307 021e 46       		.byte	0x46
 308 021f 20       		.byte	0x20
 309 0220 29020000 		.4byte	0x229
 310 0224 07       		.uleb128 0x7
 311 0225 18020000 		.4byte	0x218
 312 0229 0C       		.uleb128 0xc
 313 022a BD020000 		.4byte	.LASF41
 314 022e 14       		.byte	0x14
 315 022f 06       		.byte	0x6
 316 0230 57       		.byte	0x57
 317 0231 08       		.byte	0x8
 318 0232 78020000 		.4byte	0x278
 319 0236 09       		.uleb128 0x9
 320 0237 EC020000 		.4byte	.LASF42
 321 023b 06       		.byte	0x6
 322 023c 58       		.byte	0x58
 323 023d 11       		.byte	0x11
 324 023e D8000000 		.4byte	0xd8
 325 0242 00       		.byte	0
 326 0243 09       		.uleb128 0x9
 327 0244 CB030000 		.4byte	.LASF43
 328 0248 06       		.byte	0x6
 329 0249 59       		.byte	0x59
 330 024a 0E       		.byte	0xe
 331 024b B7000000 		.4byte	0xb7
 332 024f 04       		.byte	0x4
 333 0250 09       		.uleb128 0x9
 334 0251 BF010000 		.4byte	.LASF44
 335 0255 06       		.byte	0x6
 336 0256 5A       		.byte	0x5a
 337 0257 0E       		.byte	0xe
 338 0258 B7000000 		.4byte	0xb7
 339 025c 08       		.byte	0x8
 340 025d 09       		.uleb128 0x9
 341 025e 63010000 		.4byte	.LASF45
 342 0262 06       		.byte	0x6
ARM GAS  /tmp/ccgzle1V.s 			page 7


 343 0263 5B       		.byte	0x5b
 344 0264 0B       		.byte	0xb
 345 0265 D6000000 		.4byte	0xd6
 346 0269 0C       		.byte	0xc
 347 026a 09       		.uleb128 0x9
 348 026b 21010000 		.4byte	.LASF46
 349 026f 06       		.byte	0x6
 350 0270 5D       		.byte	0x5d
 351 0271 1F       		.byte	0x1f
 352 0272 0E030000 		.4byte	0x30e
 353 0276 10       		.byte	0x10
 354 0277 00       		.byte	0
 355 0278 06       		.uleb128 0x6
 356 0279 04       		.byte	0x4
 357 027a 24020000 		.4byte	0x224
 358 027e 0D       		.uleb128 0xd
 359 027f 8E020000 		.4byte	0x28e
 360 0283 0B       		.uleb128 0xb
 361 0284 8E020000 		.4byte	0x28e
 362 0288 0B       		.uleb128 0xb
 363 0289 B7000000 		.4byte	0xb7
 364 028d 00       		.byte	0
 365 028e 06       		.uleb128 0x6
 366 028f 04       		.byte	0x4
 367 0290 C4010000 		.4byte	0x1c4
 368 0294 06       		.uleb128 0x6
 369 0295 04       		.byte	0x4
 370 0296 7E020000 		.4byte	0x27e
 371 029a 08       		.uleb128 0x8
 372 029b 08       		.byte	0x8
 373 029c 06       		.byte	0x6
 374 029d 52       		.byte	0x52
 375 029e 09       		.byte	0x9
 376 029f BE020000 		.4byte	0x2be
 377 02a3 09       		.uleb128 0x9
 378 02a4 76000000 		.4byte	.LASF47
 379 02a8 06       		.byte	0x6
 380 02a9 53       		.byte	0x53
 381 02aa 0C       		.byte	0xc
 382 02ab DD020000 		.4byte	0x2dd
 383 02af 00       		.byte	0
 384 02b0 09       		.uleb128 0x9
 385 02b1 A9000000 		.4byte	.LASF48
 386 02b5 06       		.byte	0x6
 387 02b6 54       		.byte	0x54
 388 02b7 0C       		.byte	0xc
 389 02b8 F7020000 		.4byte	0x2f7
 390 02bc 04       		.byte	0x4
 391 02bd 00       		.byte	0
 392 02be 0A       		.uleb128 0xa
 393 02bf F6000000 		.4byte	0xf6
 394 02c3 D7020000 		.4byte	0x2d7
 395 02c7 0B       		.uleb128 0xb
 396 02c8 8E020000 		.4byte	0x28e
 397 02cc 0B       		.uleb128 0xb
 398 02cd 78020000 		.4byte	0x278
 399 02d1 0B       		.uleb128 0xb
ARM GAS  /tmp/ccgzle1V.s 			page 8


 400 02d2 D7020000 		.4byte	0x2d7
 401 02d6 00       		.byte	0
 402 02d7 06       		.uleb128 0x6
 403 02d8 04       		.byte	0x4
 404 02d9 AC010000 		.4byte	0x1ac
 405 02dd 06       		.uleb128 0x6
 406 02de 04       		.byte	0x4
 407 02df BE020000 		.4byte	0x2be
 408 02e3 0A       		.uleb128 0xa
 409 02e4 F6000000 		.4byte	0xf6
 410 02e8 F7020000 		.4byte	0x2f7
 411 02ec 0B       		.uleb128 0xb
 412 02ed 8E020000 		.4byte	0x28e
 413 02f1 0B       		.uleb128 0xb
 414 02f2 78020000 		.4byte	0x278
 415 02f6 00       		.byte	0
 416 02f7 06       		.uleb128 0x6
 417 02f8 04       		.byte	0x4
 418 02f9 E3020000 		.4byte	0x2e3
 419 02fd 03       		.uleb128 0x3
 420 02fe CF010000 		.4byte	.LASF49
 421 0302 06       		.byte	0x6
 422 0303 55       		.byte	0x55
 423 0304 03       		.byte	0x3
 424 0305 9A020000 		.4byte	0x29a
 425 0309 07       		.uleb128 0x7
 426 030a FD020000 		.4byte	0x2fd
 427 030e 06       		.uleb128 0x6
 428 030f 04       		.byte	0x4
 429 0310 09030000 		.4byte	0x309
 430 0314 0E       		.uleb128 0xe
 431 0315 3E000000 		.4byte	.LASF59
 432 0319 06       		.byte	0x6
 433 031a 64       		.byte	0x64
 434 031b 1B       		.byte	0x1b
 435 031c FD020000 		.4byte	0x2fd
 436 0320 0F       		.uleb128 0xf
 437 0321 14030000 		.4byte	0x314
 438 0325 07       		.byte	0x7
 439 0326 54       		.byte	0x54
 440 0327 14       		.byte	0x14
 441 0328 10       		.uleb128 0x10
 442 0329 83020000 		.4byte	.LASF60
 443 032d 07       		.byte	0x7
 444 032e 49       		.byte	0x49
 445 032f 0D       		.byte	0xd
 446 0330 F6000000 		.4byte	0xf6
 447 0334 5D030000 		.4byte	0x35d
 448 0338 11       		.uleb128 0x11
 449 0339 47020000 		.4byte	.LASF50
 450 033d 07       		.byte	0x7
 451 033e 49       		.byte	0x49
 452 033f 37       		.byte	0x37
 453 0340 8E020000 		.4byte	0x28e
 454 0344 11       		.uleb128 0x11
 455 0345 AA020000 		.4byte	.LASF51
 456 0349 07       		.byte	0x7
ARM GAS  /tmp/ccgzle1V.s 			page 9


 457 034a 49       		.byte	0x49
 458 034b 57       		.byte	0x57
 459 034c 78020000 		.4byte	0x278
 460 0350 12       		.uleb128 0x12
 461 0351 9B020000 		.4byte	.LASF53
 462 0355 07       		.byte	0x7
 463 0356 4B       		.byte	0x4b
 464 0357 19       		.byte	0x19
 465 0358 5D030000 		.4byte	0x35d
 466 035c 00       		.byte	0
 467 035d 06       		.uleb128 0x6
 468 035e 04       		.byte	0x4
 469 035f 48010000 		.4byte	0x148
 470 0363 13       		.uleb128 0x13
 471 0364 CD020000 		.4byte	.LASF61
 472 0368 07       		.byte	0x7
 473 0369 20       		.byte	0x20
 474 036a 0D       		.byte	0xd
 475 036b F6000000 		.4byte	0xf6
 476 036f 11       		.uleb128 0x11
 477 0370 47020000 		.4byte	.LASF50
 478 0374 07       		.byte	0x7
 479 0375 20       		.byte	0x20
 480 0376 36       		.byte	0x36
 481 0377 8E020000 		.4byte	0x28e
 482 037b 11       		.uleb128 0x11
 483 037c AA020000 		.4byte	.LASF51
 484 0380 07       		.byte	0x7
 485 0381 20       		.byte	0x20
 486 0382 56       		.byte	0x56
 487 0383 78020000 		.4byte	0x278
 488 0387 11       		.uleb128 0x11
 489 0388 0B040000 		.4byte	.LASF52
 490 038c 07       		.byte	0x7
 491 038d 20       		.byte	0x20
 492 038e 72       		.byte	0x72
 493 038f D7020000 		.4byte	0x2d7
 494 0393 12       		.uleb128 0x12
 495 0394 9B020000 		.4byte	.LASF53
 496 0398 07       		.byte	0x7
 497 0399 22       		.byte	0x22
 498 039a 19       		.byte	0x19
 499 039b 5D030000 		.4byte	0x35d
 500 039f 12       		.uleb128 0x12
 501 03a0 66000000 		.4byte	.LASF54
 502 03a4 07       		.byte	0x7
 503 03a5 23       		.byte	0x23
 504 03a6 0E       		.byte	0xe
 505 03a7 B7000000 		.4byte	0xb7
 506 03ab 12       		.uleb128 0x12
 507 03ac BB030000 		.4byte	.LASF55
 508 03b0 07       		.byte	0x7
 509 03b1 24       		.byte	0x24
 510 03b2 0E       		.byte	0xe
 511 03b3 B7000000 		.4byte	0xb7
 512 03b7 00       		.byte	0
 513 03b8 00       		.byte	0
ARM GAS  /tmp/ccgzle1V.s 			page 10


 514              		.section	.gnu.debuglto_.debug_abbrev,"e",%progbits
 515              	.Ldebug_abbrev0:
 516 0000 01       		.uleb128 0x1
 517 0001 11       		.uleb128 0x11
 518 0002 01       		.byte	0x1
 519 0003 25       		.uleb128 0x25
 520 0004 0E       		.uleb128 0xe
 521 0005 13       		.uleb128 0x13
 522 0006 0B       		.uleb128 0xb
 523 0007 03       		.uleb128 0x3
 524 0008 0E       		.uleb128 0xe
 525 0009 1B       		.uleb128 0x1b
 526 000a 0E       		.uleb128 0xe
 527 000b 10       		.uleb128 0x10
 528 000c 17       		.uleb128 0x17
 529 000d 00       		.byte	0
 530 000e 00       		.byte	0
 531 000f 02       		.uleb128 0x2
 532 0010 24       		.uleb128 0x24
 533 0011 00       		.byte	0
 534 0012 0B       		.uleb128 0xb
 535 0013 0B       		.uleb128 0xb
 536 0014 3E       		.uleb128 0x3e
 537 0015 0B       		.uleb128 0xb
 538 0016 03       		.uleb128 0x3
 539 0017 0E       		.uleb128 0xe
 540 0018 00       		.byte	0
 541 0019 00       		.byte	0
 542 001a 03       		.uleb128 0x3
 543 001b 16       		.uleb128 0x16
 544 001c 00       		.byte	0
 545 001d 03       		.uleb128 0x3
 546 001e 0E       		.uleb128 0xe
 547 001f 3A       		.uleb128 0x3a
 548 0020 0B       		.uleb128 0xb
 549 0021 3B       		.uleb128 0x3b
 550 0022 0B       		.uleb128 0xb
 551 0023 39       		.uleb128 0x39
 552 0024 0B       		.uleb128 0xb
 553 0025 49       		.uleb128 0x49
 554 0026 13       		.uleb128 0x13
 555 0027 00       		.byte	0
 556 0028 00       		.byte	0
 557 0029 04       		.uleb128 0x4
 558 002a 24       		.uleb128 0x24
 559 002b 00       		.byte	0
 560 002c 0B       		.uleb128 0xb
 561 002d 0B       		.uleb128 0xb
 562 002e 3E       		.uleb128 0x3e
 563 002f 0B       		.uleb128 0xb
 564 0030 03       		.uleb128 0x3
 565 0031 08       		.uleb128 0x8
 566 0032 00       		.byte	0
 567 0033 00       		.byte	0
 568 0034 05       		.uleb128 0x5
 569 0035 0F       		.uleb128 0xf
 570 0036 00       		.byte	0
ARM GAS  /tmp/ccgzle1V.s 			page 11


 571 0037 0B       		.uleb128 0xb
 572 0038 0B       		.uleb128 0xb
 573 0039 00       		.byte	0
 574 003a 00       		.byte	0
 575 003b 06       		.uleb128 0x6
 576 003c 0F       		.uleb128 0xf
 577 003d 00       		.byte	0
 578 003e 0B       		.uleb128 0xb
 579 003f 0B       		.uleb128 0xb
 580 0040 49       		.uleb128 0x49
 581 0041 13       		.uleb128 0x13
 582 0042 00       		.byte	0
 583 0043 00       		.byte	0
 584 0044 07       		.uleb128 0x7
 585 0045 26       		.uleb128 0x26
 586 0046 00       		.byte	0
 587 0047 49       		.uleb128 0x49
 588 0048 13       		.uleb128 0x13
 589 0049 00       		.byte	0
 590 004a 00       		.byte	0
 591 004b 08       		.uleb128 0x8
 592 004c 13       		.uleb128 0x13
 593 004d 01       		.byte	0x1
 594 004e 0B       		.uleb128 0xb
 595 004f 0B       		.uleb128 0xb
 596 0050 3A       		.uleb128 0x3a
 597 0051 0B       		.uleb128 0xb
 598 0052 3B       		.uleb128 0x3b
 599 0053 0B       		.uleb128 0xb
 600 0054 39       		.uleb128 0x39
 601 0055 0B       		.uleb128 0xb
 602 0056 01       		.uleb128 0x1
 603 0057 13       		.uleb128 0x13
 604 0058 00       		.byte	0
 605 0059 00       		.byte	0
 606 005a 09       		.uleb128 0x9
 607 005b 0D       		.uleb128 0xd
 608 005c 00       		.byte	0
 609 005d 03       		.uleb128 0x3
 610 005e 0E       		.uleb128 0xe
 611 005f 3A       		.uleb128 0x3a
 612 0060 0B       		.uleb128 0xb
 613 0061 3B       		.uleb128 0x3b
 614 0062 0B       		.uleb128 0xb
 615 0063 39       		.uleb128 0x39
 616 0064 0B       		.uleb128 0xb
 617 0065 49       		.uleb128 0x49
 618 0066 13       		.uleb128 0x13
 619 0067 38       		.uleb128 0x38
 620 0068 0B       		.uleb128 0xb
 621 0069 00       		.byte	0
 622 006a 00       		.byte	0
 623 006b 0A       		.uleb128 0xa
 624 006c 15       		.uleb128 0x15
 625 006d 01       		.byte	0x1
 626 006e 27       		.uleb128 0x27
 627 006f 19       		.uleb128 0x19
ARM GAS  /tmp/ccgzle1V.s 			page 12


 628 0070 49       		.uleb128 0x49
 629 0071 13       		.uleb128 0x13
 630 0072 01       		.uleb128 0x1
 631 0073 13       		.uleb128 0x13
 632 0074 00       		.byte	0
 633 0075 00       		.byte	0
 634 0076 0B       		.uleb128 0xb
 635 0077 05       		.uleb128 0x5
 636 0078 00       		.byte	0
 637 0079 49       		.uleb128 0x49
 638 007a 13       		.uleb128 0x13
 639 007b 00       		.byte	0
 640 007c 00       		.byte	0
 641 007d 0C       		.uleb128 0xc
 642 007e 13       		.uleb128 0x13
 643 007f 01       		.byte	0x1
 644 0080 03       		.uleb128 0x3
 645 0081 0E       		.uleb128 0xe
 646 0082 0B       		.uleb128 0xb
 647 0083 0B       		.uleb128 0xb
 648 0084 3A       		.uleb128 0x3a
 649 0085 0B       		.uleb128 0xb
 650 0086 3B       		.uleb128 0x3b
 651 0087 0B       		.uleb128 0xb
 652 0088 39       		.uleb128 0x39
 653 0089 0B       		.uleb128 0xb
 654 008a 01       		.uleb128 0x1
 655 008b 13       		.uleb128 0x13
 656 008c 00       		.byte	0
 657 008d 00       		.byte	0
 658 008e 0D       		.uleb128 0xd
 659 008f 15       		.uleb128 0x15
 660 0090 01       		.byte	0x1
 661 0091 27       		.uleb128 0x27
 662 0092 19       		.uleb128 0x19
 663 0093 01       		.uleb128 0x1
 664 0094 13       		.uleb128 0x13
 665 0095 00       		.byte	0
 666 0096 00       		.byte	0
 667 0097 0E       		.uleb128 0xe
 668 0098 34       		.uleb128 0x34
 669 0099 00       		.byte	0
 670 009a 03       		.uleb128 0x3
 671 009b 0E       		.uleb128 0xe
 672 009c 3A       		.uleb128 0x3a
 673 009d 0B       		.uleb128 0xb
 674 009e 3B       		.uleb128 0x3b
 675 009f 0B       		.uleb128 0xb
 676 00a0 39       		.uleb128 0x39
 677 00a1 0B       		.uleb128 0xb
 678 00a2 49       		.uleb128 0x49
 679 00a3 13       		.uleb128 0x13
 680 00a4 3F       		.uleb128 0x3f
 681 00a5 19       		.uleb128 0x19
 682 00a6 3C       		.uleb128 0x3c
 683 00a7 19       		.uleb128 0x19
 684 00a8 00       		.byte	0
ARM GAS  /tmp/ccgzle1V.s 			page 13


 685 00a9 00       		.byte	0
 686 00aa 0F       		.uleb128 0xf
 687 00ab 34       		.uleb128 0x34
 688 00ac 00       		.byte	0
 689 00ad 47       		.uleb128 0x47
 690 00ae 13       		.uleb128 0x13
 691 00af 3A       		.uleb128 0x3a
 692 00b0 0B       		.uleb128 0xb
 693 00b1 3B       		.uleb128 0x3b
 694 00b2 0B       		.uleb128 0xb
 695 00b3 39       		.uleb128 0x39
 696 00b4 0B       		.uleb128 0xb
 697 00b5 00       		.byte	0
 698 00b6 00       		.byte	0
 699 00b7 10       		.uleb128 0x10
 700 00b8 2E       		.uleb128 0x2e
 701 00b9 01       		.byte	0x1
 702 00ba 03       		.uleb128 0x3
 703 00bb 0E       		.uleb128 0xe
 704 00bc 3A       		.uleb128 0x3a
 705 00bd 0B       		.uleb128 0xb
 706 00be 3B       		.uleb128 0x3b
 707 00bf 0B       		.uleb128 0xb
 708 00c0 39       		.uleb128 0x39
 709 00c1 0B       		.uleb128 0xb
 710 00c2 27       		.uleb128 0x27
 711 00c3 19       		.uleb128 0x19
 712 00c4 49       		.uleb128 0x49
 713 00c5 13       		.uleb128 0x13
 714 00c6 01       		.uleb128 0x1
 715 00c7 13       		.uleb128 0x13
 716 00c8 00       		.byte	0
 717 00c9 00       		.byte	0
 718 00ca 11       		.uleb128 0x11
 719 00cb 05       		.uleb128 0x5
 720 00cc 00       		.byte	0
 721 00cd 03       		.uleb128 0x3
 722 00ce 0E       		.uleb128 0xe
 723 00cf 3A       		.uleb128 0x3a
 724 00d0 0B       		.uleb128 0xb
 725 00d1 3B       		.uleb128 0x3b
 726 00d2 0B       		.uleb128 0xb
 727 00d3 39       		.uleb128 0x39
 728 00d4 0B       		.uleb128 0xb
 729 00d5 49       		.uleb128 0x49
 730 00d6 13       		.uleb128 0x13
 731 00d7 00       		.byte	0
 732 00d8 00       		.byte	0
 733 00d9 12       		.uleb128 0x12
 734 00da 34       		.uleb128 0x34
 735 00db 00       		.byte	0
 736 00dc 03       		.uleb128 0x3
 737 00dd 0E       		.uleb128 0xe
 738 00de 3A       		.uleb128 0x3a
 739 00df 0B       		.uleb128 0xb
 740 00e0 3B       		.uleb128 0x3b
 741 00e1 0B       		.uleb128 0xb
ARM GAS  /tmp/ccgzle1V.s 			page 14


 742 00e2 39       		.uleb128 0x39
 743 00e3 0B       		.uleb128 0xb
 744 00e4 49       		.uleb128 0x49
 745 00e5 13       		.uleb128 0x13
 746 00e6 00       		.byte	0
 747 00e7 00       		.byte	0
 748 00e8 13       		.uleb128 0x13
 749 00e9 2E       		.uleb128 0x2e
 750 00ea 01       		.byte	0x1
 751 00eb 03       		.uleb128 0x3
 752 00ec 0E       		.uleb128 0xe
 753 00ed 3A       		.uleb128 0x3a
 754 00ee 0B       		.uleb128 0xb
 755 00ef 3B       		.uleb128 0x3b
 756 00f0 0B       		.uleb128 0xb
 757 00f1 39       		.uleb128 0x39
 758 00f2 0B       		.uleb128 0xb
 759 00f3 27       		.uleb128 0x27
 760 00f4 19       		.uleb128 0x19
 761 00f5 49       		.uleb128 0x49
 762 00f6 13       		.uleb128 0x13
 763 00f7 00       		.byte	0
 764 00f8 00       		.byte	0
 765 00f9 00       		.byte	0
 766              		.section	.gnu.debuglto_.debug_line,"e",%progbits
 767              	.Ldebug_line0:
 768 0000 48010000 		.4byte	.LELT0-.LSLT0
 769              	.LSLT0:
 770 0004 0400     		.2byte	0x4
 771 0006 42010000 		.4byte	.LELTP0-.LASLTP0
 772              	.LASLTP0:
 773 000a 01       		.byte	0x1
 774 000b 01       		.byte	0x1
 775 000c 01       		.byte	0x1
 776 000d F6       		.byte	0xf6
 777 000e F2       		.byte	0xf2
 778 000f 0D       		.byte	0xd
 779 0010 00       		.byte	0
 780 0011 01       		.byte	0x1
 781 0012 01       		.byte	0x1
 782 0013 01       		.byte	0x1
 783 0014 01       		.byte	0x1
 784 0015 00       		.byte	0
 785 0016 00       		.byte	0
 786 0017 00       		.byte	0
 787 0018 01       		.byte	0x1
 788 0019 00       		.byte	0
 789 001a 00       		.byte	0
 790 001b 01       		.byte	0x1
 791 001c 2E2E2F46 		.ascii	"../FreeRTOS/include"
 791      72656552 
 791      544F532F 
 791      696E636C 
 791      756465
 792 002f 00       		.byte	0
 793 0030 6C6F6769 		.ascii	"logic/converter/../../drivers/../logic/converter"
 793      632F636F 
ARM GAS  /tmp/ccgzle1V.s 			page 15


 793      6E766572 
 793      7465722F 
 793      2E2E2F2E 
 794 0060 00       		.byte	0
 795 0061 6C6F6769 		.ascii	"logic/converter"
 795      632F636F 
 795      6E766572 
 795      746572
 796 0070 00       		.byte	0
 797 0071 2F757372 		.ascii	"/usr/arm-none-eabi/include/machine"
 797      2F61726D 
 797      2D6E6F6E 
 797      652D6561 
 797      62692F69 
 798 0093 00       		.byte	0
 799 0094 2F757372 		.ascii	"/usr/arm-none-eabi/include/sys"
 799      2F61726D 
 799      2D6E6F6E 
 799      652D6561 
 799      62692F69 
 800 00b2 00       		.byte	0
 801 00b3 2F757372 		.ascii	"/usr/lib/gcc/arm-none-eabi/10.2.0/include"
 801      2F6C6962 
 801      2F676363 
 801      2F61726D 
 801      2D6E6F6E 
 802 00dc 00       		.byte	0
 803 00dd 00       		.byte	0
 804 00de 5F646566 		.ascii	"_default_types.h\000"
 804      61756C74 
 804      5F747970 
 804      65732E68 
 804      00
 805 00ef 04       		.uleb128 0x4
 806 00f0 00       		.uleb128 0
 807 00f1 00       		.uleb128 0
 808 00f2 5F737464 		.ascii	"_stdint.h\000"
 808      696E742E 
 808      6800
 809 00fc 05       		.uleb128 0x5
 810 00fd 00       		.uleb128 0
 811 00fe 00       		.uleb128 0
 812 00ff 73746464 		.ascii	"stddef.h\000"
 812      65662E68 
 812      00
 813 0108 06       		.uleb128 0x6
 814 0109 00       		.uleb128 0
 815 010a 00       		.uleb128 0
 816 010b 6F73616C 		.ascii	"osal_ch.h\000"
 816      5F63682E 
 816      6800
 817 0115 01       		.uleb128 0x1
 818 0116 00       		.uleb128 0
 819 0117 00       		.uleb128 0
 820 0118 636F6E76 		.ascii	"converterSHF.h\000"
 820      65727465 
 820      72534846 
ARM GAS  /tmp/ccgzle1V.s 			page 16


 820      2E6800
 821 0127 02       		.uleb128 0x2
 822 0128 00       		.uleb128 0
 823 0129 00       		.uleb128 0
 824 012a 636F6E76 		.ascii	"converter.h\000"
 824      65727465 
 824      722E6800 
 825 0136 02       		.uleb128 0x2
 826 0137 00       		.uleb128 0
 827 0138 00       		.uleb128 0
 828 0139 636F6E76 		.ascii	"converterSHF.c\000"
 828      65727465 
 828      72534846 
 828      2E6300
 829 0148 03       		.uleb128 0x3
 830 0149 00       		.uleb128 0
 831 014a 00       		.uleb128 0
 832 014b 00       		.byte	0
 833              	.LELTP0:
 834              	.LELT0:
 835              		.section	.gnu.debuglto_.debug_str,"eMS",%progbits,1
 836              	.LASF33:
 837 0000 436F6E76 		.ascii	"ConverterManager\000"
 837      65727465 
 837      724D616E 
 837      61676572 
 837      00
 838              	.LASF30:
 839 0011 6F757470 		.ascii	"outputFrequencyKHz\000"
 839      75744672 
 839      65717565 
 839      6E63794B 
 839      487A00
 840              	.LASF0:
 841 0024 5F5F696E 		.ascii	"__int8_t\000"
 841      74385F74 
 841      00
 842              	.LASF1:
 843 002d 5F5F7569 		.ascii	"__uint8_t\000"
 843      6E74385F 
 843      7400
 844              	.LASF17:
 845 0037 73697A65 		.ascii	"size_t\000"
 845      5F7400
 846              	.LASF59:
 847 003e 636F6E76 		.ascii	"converterSHFFunctions\000"
 847      65727465 
 847      72534846 
 847      46756E63 
 847      74696F6E 
 848              	.LASF29:
 849 0054 62616E64 		.ascii	"bandId\000"
 849      496400
 850              	.LASF36:
 851 005b 61637469 		.ascii	"activeBand\000"
 851      76654261 
 851      6E6400
ARM GAS  /tmp/ccgzle1V.s 			page 17


 852              	.LASF54:
 853 0066 696F4F75 		.ascii	"ioOut\000"
 853      7400
 854              	.LASF6:
 855 006c 5F5F696E 		.ascii	"__int32_t\000"
 855      7433325F 
 855      7400
 856              	.LASF47:
 857 0076 636F6E76 		.ascii	"converterTuneBand\000"
 857      65727465 
 857      7254756E 
 857      6542616E 
 857      6400
 858              	.LASF5:
 859 0088 73686F72 		.ascii	"short unsigned int\000"
 859      7420756E 
 859      7369676E 
 859      65642069 
 859      6E7400
 860              	.LASF37:
 861 009b 64697361 		.ascii	"disabledBands\000"
 861      626C6564 
 861      42616E64 
 861      7300
 862              	.LASF48:
 863 00a9 636F6E76 		.ascii	"converterLeaveBand\000"
 863      65727465 
 863      724C6561 
 863      76654261 
 863      6E6400
 864              	.LASF4:
 865 00bc 73686F72 		.ascii	"short int\000"
 865      7420696E 
 865      7400
 866              	.LASF35:
 867 00c6 62616E64 		.ascii	"bands\000"
 867      7300
 868              	.LASF58:
 869 00cc 2F686F6D 		.ascii	"/home/fminucci/hardware/electrosense-converter-firm"
 869      652F666D 
 869      696E7563 
 869      63692F68 
 869      61726477 
 870 00ff 77617265 		.ascii	"wareV2/firmware\000"
 870      56322F66 
 870      69726D77 
 870      61726500 
 871              	.LASF22:
 872 010f 75736548 		.ascii	"useHighSideMixing\000"
 872      69676853 
 872      6964654D 
 872      6978696E 
 872      6700
 873              	.LASF46:
 874 0121 66756E63 		.ascii	"functions\000"
 874      74696F6E 
 874      7300
ARM GAS  /tmp/ccgzle1V.s 			page 18


 875              	.LASF13:
 876 012b 696E7438 		.ascii	"int8_t\000"
 876      5F7400
 877              	.LASF11:
 878 0132 6C6F6E67 		.ascii	"long long unsigned int\000"
 878      206C6F6E 
 878      6720756E 
 878      7369676E 
 878      65642069 
 879              	.LASF3:
 880 0149 756E7369 		.ascii	"unsigned char\000"
 880      676E6564 
 880      20636861 
 880      7200
 881              	.LASF34:
 882 0157 63757272 		.ascii	"currentTune\000"
 882      656E7454 
 882      756E6500 
 883              	.LASF45:
 884 0163 75736572 		.ascii	"userData\000"
 884      44617461 
 884      00
 885              	.LASF40:
 886 016c 436F6E76 		.ascii	"ConverterManager_s\000"
 886      65727465 
 886      724D616E 
 886      61676572 
 886      5F7300
 887              	.LASF9:
 888 017f 6C6F6E67 		.ascii	"long unsigned int\000"
 888      20756E73 
 888      69676E65 
 888      6420696E 
 888      7400
 889              	.LASF25:
 890 0191 436F6E76 		.ascii	"ConverterSHFConfig\000"
 890      65727465 
 890      72534846 
 890      436F6E66 
 890      696700
 891              	.LASF26:
 892 01a4 696E7075 		.ascii	"inputFrequencyKHz\000"
 892      74467265 
 892      7175656E 
 892      63794B48 
 892      7A00
 893              	.LASF16:
 894 01b6 75696E74 		.ascii	"uint32_t\000"
 894      33325F74 
 894      00
 895              	.LASF44:
 896 01bf 6D617846 		.ascii	"maxFrequencyKHz\000"
 896      72657175 
 896      656E6379 
 896      4B487A00 
 897              	.LASF49:
 898 01cf 436F6E76 		.ascii	"ConverterFunctions\000"
ARM GAS  /tmp/ccgzle1V.s 			page 19


 898      65727465 
 898      7246756E 
 898      6374696F 
 898      6E7300
 899              	.LASF23:
 900 01e2 69664672 		.ascii	"ifFrequencyKHz\000"
 900      65717565 
 900      6E63794B 
 900      487A00
 901              	.LASF28:
 902 01f1 666F7263 		.ascii	"forceBand\000"
 902      6542616E 
 902      6400
 903              	.LASF8:
 904 01fb 5F5F7569 		.ascii	"__uint32_t\000"
 904      6E743332 
 904      5F7400
 905              	.LASF57:
 906 0206 6C6F6769 		.ascii	"logic/converter/converterSHF.c\000"
 906      632F636F 
 906      6E766572 
 906      7465722F 
 906      636F6E76 
 907              	.LASF27:
 908 0225 616E7465 		.ascii	"antennaInput\000"
 908      6E6E6149 
 908      6E707574 
 908      00
 909              	.LASF32:
 910 0232 436F6E76 		.ascii	"ConverterTuneRequest\000"
 910      65727465 
 910      7254756E 
 910      65526571 
 910      75657374 
 911              	.LASF50:
 912 0247 636F6E76 		.ascii	"converter\000"
 912      65727465 
 912      7200
 913              	.LASF24:
 914 0251 6C6F5475 		.ascii	"loTune\000"
 914      6E6500
 915              	.LASF12:
 916 0258 756E7369 		.ascii	"unsigned int\000"
 916      676E6564 
 916      20696E74 
 916      00
 917              	.LASF38:
 918 0265 73657443 		.ascii	"setConverterGpio\000"
 918      6F6E7665 
 918      72746572 
 918      4770696F 
 918      00
 919              	.LASF19:
 920 0276 63686172 		.ascii	"char\000"
 920      00
 921              	.LASF14:
 922 027b 75696E74 		.ascii	"uint8_t\000"
ARM GAS  /tmp/ccgzle1V.s 			page 20


 922      385F7400 
 923              	.LASF60:
 924 0283 636F6E76 		.ascii	"converterLeaveSHF\000"
 924      65727465 
 924      724C6561 
 924      76655348 
 924      4600
 925              	.LASF20:
 926 0295 6D73675F 		.ascii	"msg_t\000"
 926      7400
 927              	.LASF53:
 928 029b 636F6E66 		.ascii	"config\000"
 928      696700
 929              	.LASF15:
 930 02a2 696E7433 		.ascii	"int32_t\000"
 930      325F7400 
 931              	.LASF51:
 932 02aa 62616E64 		.ascii	"band\000"
 932      00
 933              	.LASF10:
 934 02af 6C6F6E67 		.ascii	"long long int\000"
 934      206C6F6E 
 934      6720696E 
 934      7400
 935              	.LASF41:
 936 02bd 436F6E76 		.ascii	"ConverterBand_s\000"
 936      65727465 
 936      7242616E 
 936      645F7300 
 937              	.LASF61:
 938 02cd 636F6E76 		.ascii	"converterTuneSHF\000"
 938      65727465 
 938      7254756E 
 938      65534846 
 938      00
 939              	.LASF39:
 940 02de 436F6E76 		.ascii	"ConverterBand\000"
 940      65727465 
 940      7242616E 
 940      6400
 941              	.LASF42:
 942 02ec 62616E64 		.ascii	"bandName\000"
 942      4E616D65 
 942      00
 943              	.LASF56:
 944 02f5 474E5520 		.ascii	"GNU C17 10.2.0 -mcpu=cortex-m3 -mno-thumb-interwork"
 944      43313720 
 944      31302E32 
 944      2E30202D 
 944      6D637075 
 945 0328 202D6D74 		.ascii	" -mthumb -mfloat-abi=soft -march=armv7-m -ggdb -Os "
 945      68756D62 
 945      202D6D66 
 945      6C6F6174 
 945      2D616269 
 946 035b 2D666F6D 		.ascii	"-fomit-frame-pointer -falign-functions=16 -ffunctio"
 946      69742D66 
ARM GAS  /tmp/ccgzle1V.s 			page 21


 946      72616D65 
 946      2D706F69 
 946      6E746572 
 947 038e 6E2D7365 		.ascii	"n-sections -fdata-sections -fno-common -flto\000"
 947      6374696F 
 947      6E73202D 
 947      66646174 
 947      612D7365 
 948              	.LASF55:
 949 03bb 6C6F4672 		.ascii	"loFreq\000"
 949      657100
 950              	.LASF7:
 951 03c2 6C6F6E67 		.ascii	"long int\000"
 951      20696E74 
 951      00
 952              	.LASF43:
 953 03cb 6D696E46 		.ascii	"minFrequencyKHz\000"
 953      72657175 
 953      656E6379 
 953      4B487A00 
 954              	.LASF18:
 955 03db 6C6F6E67 		.ascii	"long double\000"
 955      20646F75 
 955      626C6500 
 956              	.LASF2:
 957 03e7 7369676E 		.ascii	"signed char\000"
 957      65642063 
 957      68617200 
 958              	.LASF21:
 959 03f3 5F426F6F 		.ascii	"_Bool\000"
 959      6C00
 960              	.LASF31:
 961 03f9 73706563 		.ascii	"spectrumInversion\000"
 961      7472756D 
 961      496E7665 
 961      7273696F 
 961      6E00
 962              	.LASF52:
 963 040b 74756E65 		.ascii	"tuneRequest\000"
 963      52657175 
 963      65737400 
 964              		.text
 965              		.section	.gnu.lto_.profile.ad6149a2a8495ef0,"e",%progbits
 966 0000 789CE364 		.ascii	"x\234\343d\000\002&\020\301\310\300\000\000\000\225"
 966      00022610 
 966      C1C8C000 
 966      000095
 967 000f 000D     		.ascii	"\000\015"
 968              		.text
 969              		.section	.gnu.lto_.icf.ad6149a2a8495ef0,"e",%progbits
 970 0000 789C1361 		.ascii	"x\234\023a@\000f\206\251\353.\255\344e|~\350\323:v\246"
 970      40006686 
 970      A9EB2EAD 
 970      E4657C7E 
 970      E8D33A76 
 971 0015 EF5DDBDE 		.ascii	"\357]\333\33612\000\000a\320\011\\"
 971      31320000 
ARM GAS  /tmp/ccgzle1V.s 			page 22


 971      61D0095C 
 972              		.text
 973              		.section	.gnu.lto_.jmpfuncs.ad6149a2a8495ef0,"e",%progbits
 974 0000 789C6D8F 		.ascii	"x\234m\217=\012\302@\020\205\347\315\254\230Fr\2004"
 974      3D0AC240 
 974      1085E7CD 
 974      AC984672 
 974      8034
 975 0012 D61EC623 		.ascii	"\326\036\306#\231\004\261\012XD\260\2613(\010\202\215"
 975      9904B10A 
 975      5844B0B1 
 975      33280882 
 975      8D
 976 0023 7FC1C623 		.ascii	"\177\301\306#\330\013\342\015\304V\020\235\315\037\032"
 976      D80BE20D 
 976      C456109D 
 976      CD1F1A
 977 0032 1D9862BF 		.ascii	"\035\230b\277y\363\366M\027T\025\223\000h\372\211\220"
 977      79F3F64D 
 977      17541593 
 977      0068FA89 
 977      90
 978 0043 36B4D998 		.ascii	"6\264\331\230\236\016p4 \355\227\226\373\361\016\002"
 978      9E0E7034 
 978      20ED9796 
 978      FBF10E02 
 979 0053 014F04AB 		.ascii	"\001O\004\253\3509j\304\222\210(b\254\341)\214\307\347"
 979      E8396AC4 
 979      92882862 
 979      ACE1298C 
 979      C7E7
 980 0065 855342C1 		.ascii	"\205SB\301\006\036u\0026\337n\315l\177\330\277]\012"
 980      061E7502 
 980      36DF6ECD 
 980      6C7FD8BF 
 980      5D0A
 981 0077 29619B6D 		.ascii	")a\233m\317\227\327\201\233\243\\\267\203g\245\263h"
 981      CF97D781 
 981      9BA35CB7 
 981      8367A5B3 
 981      68
 982 0088 7A68596E 		.ascii	"zhYn\300\330\253\247uc\353H~\333\324\243\376Jt\013R"
 982      C0D8ABA7 
 982      7563EB48 
 982      7EDBD4A3 
 982      FE4A740B 
 983 009d 5EF8EF3A 		.ascii	"^\370\357:\266\001*\246c\033\272\016m\222\364\364\270"
 983      B6012AA6 
 983      631BBA0E 
 983      6D92F4F4 
 983      B8
 984 00ae 3B7992D0 		.ascii	";y\222\320GZ\314C\277\370\210\336\330 W\017"
 984      475ACC43 
 984      BFF888DE 
 984      D820570F 
 985              		.text
 986              		.section	.gnu.lto_.ipa_sra.ad6149a2a8495ef0,"e",%progbits
ARM GAS  /tmp/ccgzle1V.s 			page 23


 987 0000 789C0B62 		.ascii	"x\234\013b@\000&\006f \311\302\270\230\231u13\033\017"
 987      40002606 
 987      6620C9C2 
 987      B8989975 
 987      31331B0F 
 988 0014 0B230B0B 		.ascii	"\013#\013\013\033H\234\231\211\261\201\005\242\204\021"
 988      1B489C99 
 988      89B18105 
 988      A28411
 989 0023 4C306128 		.ascii	"L0a(CV\302\0043\217\221\001\000\344\234\004j"
 989      4356C204 
 989      338F9101 
 989      00E49C04 
 989      6A
 990              		.text
 991              		.section	.gnu.lto_.inline.ad6149a2a8495ef0,"e",%progbits
 992 0000 789CBBC0 		.ascii	"x\234\273\300\200\000L\014\014:\335\237\327\315a\316"
 992      80004C0C 
 992      0C3ADD9F 
 992      D7CD61CE 
 993 0010 60646264 		.ascii	"`dbd\\\314\314\312\300\234\300\300\004d03030\260\251"
 993      5CCCCCCA 
 993      C09CC0C0 
 993      04643033 
 993      303330B0 
 994 0025 CF9D7CA8 		.ascii	"\317\235|\250\2079\215\201\201\263y\313\242\026\346"
 994      87398D81 
 994      81B379CB 
 994      A216E6
 995 0034 1426A006 		.ascii	"\024&\240\006\306\006 `Jbb`\201\263\031X\030\230\376"
 995      C6062060 
 995      4A626260 
 995      81B31958 
 995      1898FE
 996 0047 03017322 		.ascii	"\003\001s\"\023\003\007\023\214\315\300\001\264\200"
 996      13030713 
 996      8CCDC001 
 996      B480
 997 0055 551064CB 		.ascii	"U\020d\313\004\277\011~lB\020\026\003\234\301\310 \000"
 997      04BF097E 
 997      6C421016 
 997      039CC1C8 
 997      2000
 998 0067 D4BE8329 		.ascii	"\324\276\203)\203\221\021n7\0133\310H\346d\006\006v"
 998      8391116E 
 998      370B33C8 
 998      48E66406 
 998      0676
 999 0079 207D8009 		.ascii	" }\200\011\217\225\010\303\241\014 \006\000\006\233"
 999      8F9508C3 
 999      A10C2006 
 999      00069B
 1000 0088 2C12     		.ascii	",\022"
 1001              		.text
 1002              		.section	.gnu.lto_.pureconst.ad6149a2a8495ef0,"e",%progbits
 1003 0000 789C6367 		.ascii	"x\234cg```b\230\305\3028\223\005\000\004\261\001F"
 1003      60606062 
ARM GAS  /tmp/ccgzle1V.s 			page 24


 1003      98C5C238 
 1003      93050004 
 1003      B10146
 1004              		.text
 1005              		.section	.gnu.lto_.lto.ad6149a2a8495ef0,"e",%progbits
 1006 0000 09000000 		.ascii	"\011\000\000\000\001\000\000\000"
 1006      01000000 
 1007              		.text
 1008              		.section	.gnu.lto_converterTuneSHF.88.ad6149a2a8495ef0,"e",%progbits
 1009 0000 789C9D56 		.ascii	"x\234\235V}L\225U\030?\317{\336\317\313\275\334J\001"
 1009      7D4C9555 
 1009      183FCF7B 
 1009      DECFCBBD 
 1009      DC4A01
 1010 0013 F16EC25A 		.ascii	"\361n\302Z\214\251L\331Z5\266\332\372'\327\372\247\255"
 1010      8CA94CD9 
 1010      5A35B6DA 
 1010      FA27D7FA 
 1010      A7AD
 1011 0025 B6FECA3F 		.ascii	"\266\376\312?\020\321\261\234L\002\267\372#_>\314i\226"
 1011      10D1B19C 
 1011      4C02B7FA 
 1011      235F3ECC 
 1011      6996
 1012 0037 A414A5A0 		.ascii	"\244\024\245\240\\.B\345\022YJ\012\2427\021\010\255"
 1012      5C2E42E5 
 1012      12594A0A 
 1012      A2371108 
 1012      AD
 1013 0048 30325344 		.ascii	"02SD\302\217@\034~\314\3322p\330\363\234\363\336\373"
 1013      C28F401C 
 1013      7ECCDA32 
 1013      70D8F39C 
 1013      F3DEFB
 1014 005b 5E3ED676 		.ascii	"^>\326v\273\333=\367\234\3679\277\337\363\374\236\363"
 1014      BBDB3DF7 
 1014      9CF739BF 
 1014      DFF3FC9E 
 1014      F3
 1015 006c 3CE7BD37 		.ascii	"<\347\2757-\306\012\030c\333\360\013\036\006\212m\333"
 1015      2DC60A18 
 1015      63DBF00B 
 1015      1E068A6D 
 1015      DB
 1016 007d 2F1AA5A6 		.ascii	"/\032\245\246\242p\234\245\253\266G\225\277^\016\272"
 1016      A2709CA5 
 1016      ABB64795 
 1016      BF5E0EBA 
 1017 008d 6353156B 		.ascii	"cS\025k<t5\011mZ\325\340\336%h\323\2426]1\234\375\246"
 1017      3C743509 
 1017      6D5AD5E0 
 1017      DE2568D3 
 1017      A2365D31 
 1018 00a4 833722BB 		.ascii	"\2037\"\273\275\246\334\3551\301rv[\000bf\233\3006)"
 1018      BDA6DCED 
 1018      31C17276 
 1018      5B006266 
ARM GAS  /tmp/ccgzle1V.s 			page 25


 1018      9BC03629 
 1019 00b8 5CD57403 		.ascii	"\\\325t\003\237m\202]|\017\207\236\236;\017\324\305"
 1019      9F6D825D 
 1019      7C0F879E 
 1019      9E3B0FD4 
 1019      C5
 1020 00c9 4DB65D66 		.ascii	"M\266]f\207\253+\237\011\226o^\020\342\214\325r\006"
 1020      87AB2B9F 
 1020      09966F5E 
 1020      10E28CD5 
 1020      7206
 1021 00db 4F07203B 		.ascii	"O\007 ;\300\350\003\207a1\356\035*\253}\340\335\311"
 1021      C0E80387 
 1021      6131EE1D 
 1021      2AAB7DE0 
 1021      DDC9
 1022 00ed 431C40C5 		.ascii	"C\034@\305e\325\231\303\275\036Z*\220\216\313\317B\233"
 1022      65D599C3 
 1022      BD1E5A2A 
 1022      908ECBCF 
 1022      429B
 1023 00ff BB15FE24 		.ascii	"\273\025\376$02=\234\330\352\315\334/X\377\352\346\366"
 1023      30323D9C 
 1023      D8EACDDC 
 1023      2F58FFEA 
 1023      E6F6
 1024 0111 5321CEE1 		.ascii	"S!\316\341[\340D\333\012\0018\002H\214\317\262\356\352"
 1024      5BE044DB 
 1024      0A013802 
 1024      488CCFB2 
 1024      EEEA
 1025 0123 0C8E4226 		.ascii	"\014\216B&\221\017\326_\364\361\227\004|\313\241\373"
 1025      910FD65F 
 1025      F4F19704 
 1025      7CCBA1FB 
 1026 0133 9F9A11F8 		.ascii	"\237\232\021\370\302\032;\254\206\270\012\307f\341\325"
 1026      C21A3BAC 
 1026      86B80AC7 
 1026      66E1D5
 1027 0142 AC49C4B7 		.ascii	"\254I\304\267\011\374\370\366\311\2179\177E\340w\227"
 1027      09FCF8F6 
 1027      C98F397F 
 1027      45E07797 
 1028 0152 F6ECF33B 		.ascii	"\366\354\363;\370\363\213$^\203\366Yx-k\213\301\340"
 1028      F8F38B24 
 1028      5E83F659 
 1028      782D6B8B 
 1028      C1E0
 1029 0164 38643242 		.ascii	"8d2Bu\355\371\274A\341o\010\206\276\352\177\372\265"
 1029      75EDF9BC 
 1029      41E16F08 
 1029      86BEEA7F 
 1029      FAB5
 1030 0176 8C906018 		.ascii	"\214\220`\030\271\301\221\242\"=\304u\350\230\301\301"
 1030      B9C191A2 
 1030      223DC475 
 1030      E898C1C1 
ARM GAS  /tmp/ccgzle1V.s 			page 26


 1031 0186 58D60183 		.ascii	"X\326\001\203\000-]\325\0274\276R\200\307\037u\236\342"
 1031      002D5DD5 
 1031      1734BE52 
 1031      80C71F75 
 1031      9EE2
 1032 0198 0E78E034 		.ascii	"\016x\3404\267\033l\205\260'gc\367\011\354\330T\363"
 1032      B71B6C85 
 1032      B0276763 
 1032      F709ECD8 
 1032      54F3
 1033 01aa A8CAF304 		.ascii	"\250\312\363\004\366X\351\225\301\004\007{\241\312p"
 1033      F658E995 
 1033      C104077B 
 1033      A1CA70
 1034 01b9 1C1BF0DD 		.ascii	"\034\033\360\335l\360.\001\276\3262\365\211OW\341\024"
 1034      6CF02E01 
 1034      BED632F5 
 1034      894F57E1 
 1034      14
 1035 01ca 644018BF 		.ascii	"d@\030\277' \203N\217N\255\0230;\214\361X[s\277\026"
 1035      2720834E 
 1035      8F4EAD13 
 1035      303B8CF1 
 1035      585B73BF 
 1036 01df B61F3EDA 		.ascii	"\266\037>\332a\333\265V\260\303\233\006\230\006\246"
 1036      61DBB556 
 1036      B0C39B06 
 1036      9806A6
 1037 01ee E060721A 		.ascii	"\340`r\032T\0324\032t\034,\203\254&\315,\232yp\360$"
 1037      541A341A 
 1037      741C2C83 
 1037      AC26CD2C 
 1037      9A7970F0 
 1038 0203 90D54B4B 		.ascii	"\220\325KK\037#\326DF\274~z0\017\3500\3463r\230\004"
 1038      1F23D644 
 1038      46BC7E7A 
 1038      300FE830 
 1038      E6337298 
 1039 0218 94D86461 		.ascii	"\224\330daL\021c\252\030\003@\007\316\330\016\316\036"
 1039      4C1163AA 
 1039      18034007 
 1039      CED80ECE 
 1039      1E
 1040 0229 E187831D 		.ascii	"\341\207\203\035f\254\222+rQ\212\213[`\327\037X\"\242"
 1040      66AC922B 
 1040      72518A8B 
 1040      5B60D71F 
 1040      5822A2
 1041 023c BF0365C7 		.ascii	"\277\003e\307{sh\032\344\363Q\354G\345w\207L*9U\226"
 1041      7B73681A 
 1041      E4F351EC 
 1041      47E57787 
 1041      4C2A3955 
 1042 0251 59CBC11E 		.ascii	"Y\313\301\036\336\010\015\245X\337uwH@B\220\317\203"
 1042      DE080DA5 
 1042      58DF7577 
 1042      48404290 
ARM GAS  /tmp/ccgzle1V.s 			page 27


 1042      CF83
 1043 0263 D3942034 		.ascii	"\323\224 4\237,\377\260\317\310>hWb\217\204\270\027"
 1043      9F2CFFB0 
 1043      CFC83E68 
 1043      57628F84 
 1043      B817
 1044 0275 BAA0116A 		.ascii	"\272\240\021jdj\272!\033\375\224\325\215\000\221S\274"
 1044      646ABA21 
 1044      1BFD94D5 
 1044      8D009153 
 1044      BC
 1045 0286 E840786E 		.ascii	"\350@xn\226\236\311\370\256\260\241D\344:2q\2631\201"
 1045      969EC9F8 
 1045      AEB0A144 
 1045      E43A3271 
 1045      B33181
 1046 0299 3C9BD84C 		.ascii	"<\233\330L\012\364\240\013\332\375\315\314\335'\304"
 1046      0AF4A00B 
 1046      DAFDCDCC 
 1046      DD27C4
 1047 02a8 EE689C3A 		.ascii	"\356h\234:0\370\336\331\373w\214\246ER\023\304\3565"
 1047      30F8DED9 
 1047      FB778CA6 
 1047      455213C4 
 1047      EE35
 1048 02ba 6669C2A8 		.ascii	"fi\302\250}\030\027\364:\202\372o\207k\001\005I\023"
 1048      7D1817F4 
 1048      3A82FA6F 
 1048      876B0105 
 1048      4913
 1049 02cc 83334210 		.ascii	"\2033B\020\220\240\263(h\014*\306:\237\237\203\031\253"
 1049      90A0B328 
 1049      680C2AC6 
 1049      3A9F9F83 
 1049      19AB
 1050 02de 007E9055 		.ascii	"\000~\220U\203\251\346\224j\210\246z\362\014\270q\275"
 1050      83A9E694 
 1050      6A88A67A 
 1050      F20CB871 
 1050      BD
 1051 02ef 20D14A2C 		.ascii	" \321J,Z\233+\256\304 O\202\037\347\214K\207\237D\\"
 1051      5A9B2BAE 
 1051      C4204F82 
 1051      1FE78C4B 
 1051      879F445C 
 1052 0303 0AC5D587 		.ascii	"\012\305\325\207q\011\346w$3\217K\242\016\347\004\025"
 1052      7109E677 
 1052      24338F4B 
 1052      A20EE704 
 1052      15
 1053 0314 1D1AFC2C 		.ascii	"\035\032\374,\250\312k\336\337\252I\256\024\014\024"
 1053      A8CA6BDE 
 1053      DFAA49AE 
 1053      140C14
 1054 0323 1929FBE9 		.ascii	"\031)\373\351\221\344\343S!R\235.2t6F\344r\011W\343"
 1054      91E4E353 
 1054      21529D2E 
ARM GAS  /tmp/ccgzle1V.s 			page 28


 1054      32743646 
 1054      E4720957 
 1055 0338 54D5EFAA 		.ascii	"T\325\357\252\372%\242\352-I\245\305\251\352\274\253"
 1055      FA25A2EA 
 1055      2D49A5C5 
 1055      A9EABCAB 
 1056 0348 EA577970 		.ascii	"\352Wyp\227;\007\301\011\013\351\234\223\322\316\335"
 1056      973B07C1 
 1056      090BE99C 
 1056      93D2CEDD 
 1057 0358 9BF8C215 		.ascii	"\233\370\302\025\321\034\025Q\2767\232\204d\0071=\011"
 1057      D11C1551 
 1057      BE379A84 
 1057      6407313D 
 1057      09
 1058 0369 C902AFF7 		.ascii	"\311\002\257\367!>\322T\012\223\246D\301ur\251\233\217"
 1058      213ED254 
 1058      0A93A644 
 1058      C17572A9 
 1058      9B8F
 1059 037b 34C9A4C7 		.ascii	"4\311\244\307%\302\202\013B\204J\"~C\021\367`s\335\032"
 1059      25C2820B 
 1059      42844A22 
 1059      7E4311F7 
 1059      6073DD1A 
 1060 038f C9642019 		.ascii	"\311d \031CO\010\332\377A}\273\217\252\310\017\012\\"
 1060      434F08DA 
 1060      FF417DBB 
 1060      8FAAC80F 
 1060      0A5C
 1061 03a1 8440883F 		.ascii	"\204@\210?6\255N\215HaN\000&?\205\017T\317\307\350\265"
 1061      36AD4E8D 
 1061      48614E00 
 1061      263F850F 
 1061      54CFC7E8 
 1062 03b6 5B0B317C 		.ascii	"[\0131|\243\351h\307yW\376uW\376\303\250\374Tt\003K"
 1062      A3E968C7 
 1062      7957FE75 
 1062      57FEC3A8 
 1062      FC547403 
 1063 03cb 0333E4A7 		.ascii	"\0033\344\247\012\300\250\003\240\356|/\246\227'\247"
 1063      0AC0A803 
 1063      A0EE7C2F 
 1063      A69727A7 
 1064 03db 5AAFE891 		.ascii	"Z\257\350\221^\346p\311\351\317?ckd\251\2447\343\314"
 1064      5EE670C9 
 1064      E9CF3F63 
 1064      6B64A9A4 
 1064      37E3CC
 1065 03ee C9809B93 		.ascii	"\311\200\233\223\313NN6J&\013\3110'\251\323\222\020"
 1065      CB4E4E36 
 1065      4A260BC9 
 1065      3027A9D3 
 1065      9210
 1066 0400 39732BA6 		.ascii	"9s+\246=\315\212\341\313\303\212{ha\022\344\023\021"
 1066      3DCD8AE1 
 1066      CBC38A7B 
ARM GAS  /tmp/ccgzle1V.s 			page 29


 1066      686112E4 
 1066      1311
 1067 0412 366DD766 		.ascii	"6m\327f]!\236\330V\345s\265\352\343A\036\200\3019\357"
 1067      5D219ED8 
 1067      56E573B5 
 1067      EAE3411E 
 1067      80C139EF 
 1068 0426 C427E08A 		.ascii	"\304'\340\212\010\230\012\016\206\234\200\223\205\017"
 1068      08980A0E 
 1068      869C8093 
 1068      850F
 1069 0434 64C66F00 		.ascii	"d\306o\000]\207\370<\341\375k\257\353|\245t\236\020"
 1069      5D87F83C 
 1069      E1FD6BAF 
 1069      EB7CA574 
 1069      9E10
 1070 0446 67DDFFEE 		.ascii	"g\335\377\356\326\375\260l\241{\333.Y\3045\3636\257"
 1070      D6FDB06C 
 1070      A17BDB2E 
 1070      59C435F3 
 1070      36AF
 1071 0458 A717D37F 		.ascii	"\247\027\323\177\266\343U\301\245\023\3275\310\306X"
 1071      B6E355C1 
 1071      A513D735 
 1071      C8C658
 1072 0467 E4851C9B 		.ascii	"\344\205\034\233\2427e\224\3368\257\325\353\356\265"
 1072      A2376594 
 1072      DE38AFD5 
 1072      EBEEB5
 1073 0476 7A231265 		.ascii	"z#\022e\357\377\212\222\301\037\202\313 \256\021\212"
 1073      EFFF8A92 
 1073      C11F82CB 
 1073      20AE118A 
 1074 0486 D22BA26C 		.ascii	"\322+\242lw\242\304\252\367\321\273D\237\330\351\247"
 1074      77A2C4AA 
 1074      F7D1BB44 
 1074      9FD8E9A7 
 1075 0496 3A34DA86 		.ascii	":4\332\206\374X\002\364\317\315VE\011\334\307\022\010"
 1075      FC5802F4 
 1075      CFCD5645 
 1075      09DCC712 
 1075      08
 1076 04a7 72BF6810 		.ascii	"r\277h\020?U\211\332\266;\231~\215\257\322\320]\353"
 1076      3F5589DA 
 1076      B63B997E 
 1076      8DAFD2D0 
 1076      5DEB
 1077 04b9 D6DB5F5A 		.ascii	"\326\333_Z\362\212\007\030\205\2009p}\030\360\335\012"
 1077      F28A0718 
 1077      85803970 
 1077      7D18F0DD 
 1077      0A
 1078 04ca 9281DEAD 		.ascii	"\222\201\336\255\214\245\255+\\[\220\267<\257p\375\306"
 1078      8CA5AD2B 
 1078      5C5B90B7 
 1078      3CAF70FD 
 1078      C6
ARM GAS  /tmp/ccgzle1V.s 			page 30


 1079 04db FCA2E2FC 		.ascii	"\374\242\342\374\"w\366\372\313+\226\3451+\272^0\335"
 1079      2277F6FA 
 1079      CB2B96E5 
 1079      312BBA5E 
 1079      30DD
 1080 04ed B26C75CE 		.ascii	"\262lu\316\263\253\236\313\311\315e\352\252\334\365"
 1080      B3AB9ECB 
 1080      C9CD65EA 
 1080      AADCF5
 1081 04fc AB138A4B 		.ascii	"\253\023\212K\326\347\277\226\277\241$\377\355b}]\341"
 1081      D6E7BF96 
 1081      BFA124FF 
 1081      ED627D5D 
 1081      E1
 1082 050d 8AA2FC0D 		.ascii	"\212\242\374\015ZA\341\253%\305:\302\326\024\254\375"
 1082      5A41E1AB 
 1082      25C53AC2 
 1082      D614ACFD 
 1083 051d 17287759 		.ascii	"\027(wY%"
 1083      25
 1084              		.text
 1085              		.section	.gnu.lto_converterLeaveSHF.89.ad6149a2a8495ef0,"e",%progbits
 1086 0000 789C6D92 		.ascii	"x\234m\222\317KTQ\024\307\317\367\3357oft\246\242 \242"
 1086      CF4B5451 
 1086      14C7CFF7 
 1086      DD376F66 
 1086      74A6A220 
 1087 0015 A1924844 		.ascii	"\241\222HD\020\023\202\302]\233BZ\005\375\005\376J\204"
 1087      101382C2 
 1087      5D9B425A 
 1087      05FD05FE 
 1087      4A84
 1088 0027 509068EB 		.ascii	"P\220h\353\235\021\011\241\032+\373E\016\250/\215\026"
 1088      9D1109A1 
 1088      1A2BFB45 
 1088      0EA82F8D 
 1088      16
 1089 0038 69869996 		.ascii	"i\206\231\226\345\224\346h\233D\020Z\230\213\026E\201"
 1089      E594E668 
 1089      9B44105A 
 1089      988B1645 
 1089      81
 1090 0049 63B9129B 		.ascii	"c\271\022\233\254s\356\253fR\007\336\274{\356y\337\357"
 1090      AC73EEAB 
 1090      665207DE 
 1090      BC7BEE79 
 1090      DFEF
 1091 005b E77BCF7B 		.ascii	"\347{\317{\025\212\3504\021\355\343\013\212`i\255\217"
 1091      158AE834 
 1091      11EDE30B 
 1091      8A6069AD 
 1091      8F
 1092 006c FBA3010B 		.ascii	"\373\243\001\0130+\035\0005[h\306uuW!\225J\257\332\305"
 1092      302B1D00 
 1092      355B68C6 
 1092      75755721 
 1092      954AAFDA 
ARM GAS  /tmp/ccgzle1V.s 			page 31


 1093 0081 F7B58EE9 		.ascii	"\367\265\216\351\344\255\307NbhV+\227\035\022\254<\022"
 1093      E4ADC74E 
 1093      6268562B 
 1093      971D12AC 
 1093      3C12
 1094 0093 415984E4 		.ascii	"AY\204\344\207!\024\363\303\213\261\304j\350\032\367"
 1094      872114F3 
 1094      C38BB1C4 
 1094      6AE81AF7 
 1095 00a3 019BCB8E 		.ascii	"\001\233\313\216\267C3yRZ(\340\362\266\333:e\251\203"
 1095      B7433379 
 1095      525A28E0 
 1095      F2B6DB3A 
 1095      65A983
 1096 00b6 206965D6 		.ascii	" ie\326\332BE\275\30663\245\364!W)<\205\022\333aD\360"
 1096      DA4245BD 
 1096      C63633A5 
 1096      F4215729 
 1096      3C8512DB 
 1097 00cd 046CCC7B 		.ascii	"\004l\314{%#\016a\004Eb\276\320\363>\254N\030\371\305"
 1097      25230E61 
 1097      044562BE 
 1097      D0F33EAC 
 1097      4E18F9C5 
 1098 00e1 472B3703 		.ascii	"G+7\003\177\345{;u\322v\225\215\321Mz\273d\222\365\317"
 1098      7FE57B3B 
 1098      75D27695 
 1098      8DD14D7A 
 1098      BB6492F5 
 1099 00f6 5044A2FA 		.ascii	"PD\242\372\262>\360\331V\247\214\303h\364\303B~\241"
 1099      B23EF0D9 
 1099      56A78CC3 
 1099      68F4C342 
 1099      7EA1
 1100 0108 6B1C16EF 		.ascii	"k\034\026\357\354\234h\321\323\232M|x\276\301\204\250"
 1100      EC9C68D1 
 1100      D39A4D7C 
 1100      78BEC184 
 1100      A8
 1101 0119 64D611C5 		.ascii	"d\326\021\305\307\301\365\033a\307\306\030\012\345\364"
 1101      C7C1F51B 
 1101      61C7C618 
 1101      0AE5F4
 1102 0128 72EA1760 		.ascii	"r\352\027`w\276\313\336\300\234/\2513\277\342Z?\334"
 1102      77BECBDE 
 1102      C09C2FA9 
 1102      33BFE25A 
 1102      3FDC
 1103 013a 75B5631E 		.ascii	"u\265c\036A0\337\261\370\317oC\"\370H\036\363C\216C"
 1103      4130DFB1 
 1103      F8CF6F43 
 1103      22F8481E 
 1103      F3438E43 
 1104 014e 1457C4D3 		.ascii	"\024W\304\323\3266t\222\250]Y^\021\345\342+t\317\362"
 1104      D6367492 
 1104      A85D595E 
 1104      11E5E22B 
ARM GAS  /tmp/ccgzle1V.s 			page 32


 1104      74CFF2
 1105 0161 259F314F 		.ascii	"%\2371O#66S.\313n\345\343\014WZ\226\027\0032Q\333\233"
 1105      23363653 
 1105      2ECB6EE5 
 1105      E30C575A 
 1105      96170332 
 1106 0178 E2607F4A 		.ascii	"\342`\177J\365\341^\224\305]i\305\254@7\267^Jnn\217"
 1106      F5E15E94 
 1106      C55D69C5 
 1106      AC4037B7 
 1106      5E4A6E6E 
 1107 018d B75C7EE7 		.ascii	"\267\\~\347/\353\327\355Z\027\270*\210q\364\241\323"
 1107      2FEBD7ED 
 1107      5A17B82A 
 1107      8871F4A1 
 1107      D3
 1108 019e 4B9E4419 		.ascii	"K\236D\031\203b]\237 \346\022\214\001\006\375#\027\035"
 1108      83625D9F 
 1108      20E6128C 
 1108      0106FD23 
 1108      171D
 1109 01b0 F1D0C845 		.ascii	"\361\320\310E\3736\241\331<\217\345x\365\207;\267\224"
 1109      FB36A1D9 
 1109      3C8FE578 
 1109      F5873BB7 
 1109      94
 1110 01c1 4C80B95E 		.ascii	"L\200\271^\313\301k\303\205p'\230\373\015\255]\273\015"
 1110      CBC16BC3 
 1110      85702798 
 1110      FB0DAD5D 
 1110      BB0D
 1111 01d3 839D29D7 		.ascii	"\203\235)\327:\037\204ID\344\365\314\256}7[!D\233\361"
 1111      3A1F8449 
 1111      44E4F5CC 
 1111      AE7D375B 
 1111      21449BF1 
 1112 01e7 06115785 		.ascii	"\006\021W\205M\274\237\241l\272\375^:+\327Bm\225n[\267"
 1112      4DBC9FA1 
 1112      6CBAFD5E 
 1112      3A2BD742 
 1112      6D956E5B 
 1113 01fc F2636ACB 		.ascii	"\362cj\313\251lG\312\244\263$\335\364\206t\026\211p"
 1113      A96C47CA 
 1113      A4B324DD 
 1113      F4867416 
 1113      8970
 1114 020e 52E83B0C 		.ascii	"R\350;\014\2757l:+<\271&Y\261\335p\333\322\203\240\220"
 1114      BD376C3A 
 1114      2B3CB926 
 1114      59B1DD70 
 1114      DBD283A0 
 1115 0223 F933C08C 		.ascii	"\3713\300\214\367\305\304\025\262/\227\350\300\271\306"
 1115      F7C5C415 
 1115      B22F97E8 
 1115      C0B9C6
 1116 0232 BAFAEAC3 		.ascii	"\272\372\352\303\325\215\015\027j\233\316\3276eWg*N"
 1116      D58D0D17 
ARM GAS  /tmp/ccgzle1V.s 			page 33


 1116      6A9BCED7 
 1116      36655767 
 1116      2A4E
 1117 0244 965653F0 		.ascii	"\226VS\360_\275\347\377NiM\371\321\252c\345\225\225"
 1117      5FBDE7FF 
 1117      4E694DF9 
 1117      D1AA63E5 
 1117      9595
 1118 0256 64575536 		.ascii	"dWU6\3248\334=[_\367\033Fm\"\344"
 1118      D438DC3D 
 1118      5B5FF71B 
 1118      466D22E4 
 1119              		.text
 1120              		.section	.gnu.lto_converterSHFFunctions.90.ad6149a2a8495ef0,"e",%progbits
 1121 0000 789C8B65 		.ascii	"x\234\213e``Pd\200\200\331\314\214sW\234\371\317\331"
 1121      60605064 
 1121      8080D9CC 
 1121      8C73579C 
 1121      F9CFD9
 1122 0013 C2D8D4D8 		.ascii	"\302\330\324\330\321\320\360\240{\015s\375bf\206\271"
 1122      D1D0F0A0 
 1122      7B0D73FD 
 1122      626686B9 
 1123 0023 CC98720B 		.ascii	"\314\230r\013\2761-\006\21203\202e\036=\\\322\312m\271"
 1123      BE312D06 
 1123      8A303382 
 1123      651E3D5C 
 1123      D2CA6DB9 
 1124 0037 BDA16341 		.ascii	"\275\241cA\203\302bf\2469\314\014\214[\031[\030\347"
 1124      83C26266 
 1124      A639CC0C 
 1124      8C5B195B 
 1124      18E7
 1125 0049 3033326E 		.ascii	"032n\001\322\014\214\333\030-\031\344s\362\3233\223"
 1125      01D20C8C 
 1125      DB182D19 
 1125      E473F2D3 
 1125      3393
 1126 005b F593F3F3 		.ascii	"\365\223\363\363\312R\213JR\213\020\254`\0177\275d\006"
 1126      CA528B4A 
 1126      528B10AC 
 1126      600F37BD 
 1126      6406
 1127 006d 00D0BD2C 		.ascii	"\000\320\275,\230"
 1127      98
 1128              		.text
 1129              		.section	.gnu.lto_.symbol_nodes.ad6149a2a8495ef0,"e",%progbits
 1130 0000 789CAB64 		.ascii	"x\234\253d\000\002\246\033\014\365\014\377\201\200\231"
 1130      0002A61B 
 1130      0CF50CFF 
 1130      818099
 1131 000f 71C23906 		.ascii	"q\3029\006 \233a\307\202\306F\003\006F\006\260\354M"
 1131      209B61C7 
 1131      82C64603 
 1131      064606B0 
 1131      EC4D
 1132 0021 867AC606 		.ascii	"\206z\306\006 `\301&\313z\213\201\241\321\011\310`a"
ARM GAS  /tmp/ccgzle1V.s 			page 34


 1132      2060C126 
 1132      CB7A8B81 
 1132      A1D109C8 
 1132      6061
 1133 0033 38FFE1D7 		.ascii	"8\377\341\327\012f\306\257|,\014\313w\354\275\302\310"
 1133      0A66C6AF 
 1133      7C2C0CCB 
 1133      77ECBDC2 
 1133      C8
 1134 0044 38559885 		.ascii	"8U\230\205\241\345\301\355\007L\214W\305X\240&\\e\204"
 1134      A1E5C1ED 
 1134      074C8C57 
 1134      C558A026 
 1134      5C6584
 1135 0057 B1B6B231 		.ascii	"\261\266\2621\000\000'\376%e"
 1135      000027FE 
 1135      2565
 1136              		.text
 1137              		.section	.gnu.lto_.refs.ad6149a2a8495ef0,"e",%progbits
 1138 0000 789C6367 		.ascii	"x\234cg```bbb`bd\000\000\000\204\000\021"
 1138      60606062 
 1138      62626062 
 1138      64000000 
 1138      840011
 1139              		.text
 1140              		.section	.gnu.lto_.decls.ad6149a2a8495ef0,"e",%progbits
 1141 0000 789C9D58 		.ascii	"x\234\235XkP\024W\026\356\323w\230\351i\006\006aLLL"
 1141      6B501457 
 1141      16EED377 
 1141      98E96906 
 1141      06614C4C 
 1142 0015 B9540A2B 		.ascii	"\271T\012+l\355\306\007V%\246v\263\313&[\306\224\233"
 1142      6CEDC607 
 1142      5625A676 
 1142      B3CB265B 
 1142      C6949B
 1143 0028 5476B3FB 		.ascii	"Tv\263\373'\177\330\0113\342T\311\220\205\301\312\356"
 1143      277FD809 
 1143      33E254C9 
 1143      9085C1CA 
 1143      EE
 1144 0039 9FB4A008 		.ascii	"\237\264\240\010\004\0211F\036Q\021_\370H\324\254\210"
 1144      04113146 
 1144      1E51115F 
 1144      F848D4AC 
 1144      88
 1145 004a 82C280C8 		.ascii	"\202\302\200\310\323\267\240\202J@\001\307\304\007Q"
 1145      D3B7A082 
 1145      4A4001C7 
 1145      C40751
 1146 0059 01252A7B 		.ascii	"\001%*{n\337\236\231\356aH\252\266\213;}\357\355\357"
 1146      6EDF9E99 
 1146      EE6148AA 
 1146      B68B3B7D 
 1146      EFEDEF
 1147 006c 9CF3DD73 		.ascii	"\234\363\335s\316}1\020\311q\267y\216+\000\216\033\307"
 1147      CE7D3110 
ARM GAS  /tmp/ccgzle1V.s 			page 35


 1147      C971B779 
 1147      8E2B008E 
 1147      1BC7
 1148 007e 47C771DC 		.ascii	"G\307q\3349,\006,\243X\302\261\337\214\245\026\353Q"
 1148      392C062C 
 1148      A358C2B1 
 1148      DF8CA516 
 1148      EB51
 1149 0090 F8B66099 		.ascii	"\370\266`\231\212\205>(\306Ec}&\026\3325G\351\367>\177"
 1149      8A853E28 
 1149      C645637D 
 1149      2616DA35 
 1149      47E9F73E 
 1150 00a5 428005DF 		.ascii	"B\200\005\337\027\260\240\031\271\036\2503\036\337\257"
 1150      17B0A019 
 1150      B91EA833 
 1150      1EDFAF
 1151 00b4 E0FB0D7C 		.ascii	"\340\373\015|\337\303w\230b\343\217X\372\024\233\363"
 1151      DFC37798 
 1151      62E38F58 
 1151      FA149BF3 
 1152 00c4 B18C507D 		.ascii	"\261\214P}\370\276\213o\001\213\210\365\337a\351\306"
 1152      F8BE8B6F 
 1152      018B88F5 
 1152      DF61E9C6 
 1153 00d4 FA9BF8FE 		.ascii	"\372\233\370\376=\226!\254_\305\322\3051>\321\001|\350"
 1153      3D9621AC 
 1153      5FC5D2C5 
 1153      313ED101 
 1153      7CE8
 1154 00e6 B308394D 		.ascii	"\263\0109M\231\204\023\345\022\214G\355$<\210\302\303"
 1154      998413E5 
 1154      128C47ED 
 1154      243C88C2 
 1154      C3
 1155 00f7 6B9B9A9B 		.ascii	"k\233\232\233\031\304\246\225g\330\337\340\267_c\231"
 1155      19C4A695 
 1155      67D8DFE0 
 1155      B75F6399 
 1156 0107 0DCC77AF 		.ascii	"\015\314w\257\342{\226R\247r\301\370\226\022\350\311"
 1156      E27B9652 
 1156      A772C1F8 
 1156      9612E8C9 
 1157 0117 D8F8C854 		.ascii	"\330\370\310TH R\004\0356\277h;\330*b\323\"B\264\252"
 1157      48205204 
 1157      1D36BF68 
 1157      3BD82A62 
 1157      D32242B4 
 1158 012c 19C99A5F 		.ascii	"\031\311\232_\037\312+5\260\3464l~y9\327Hx\240j\216"
 1158      1FCA2B35 
 1158      B0E6346C 
 1158      7E7939D7 
 1158      4878A06A 
 1159 0141 663DADA5 		.ascii	"f=\255\245_^\021\201\006\332\214]\315\367\356t\000\353"
 1159      5F5E1181 
 1159      06DA8C5D 
 1159      CDF7EE74 
ARM GAS  /tmp/ccgzle1V.s 			page 36


 1159      00EB
 1160 0153 A288CEFB 		.ascii	"\242\210\316\373\015\245\341$B\256o_q\371\247\360\331"
 1160      0DA5E124 
 1160      42AE6F5F 
 1160      71F9A7F0 
 1160      D9
 1161 0164 5F4BEC11 		.ascii	"_K\354\021\0228\250\001\"3\232\037J\277\357\332\266"
 1161      1238A801 
 1161      22339A1F 
 1161      4ABFEFDA 
 1161      B6
 1162 0175 B65C4FFE 		.ascii	"\266\\O\376*c\3336\015\034%b\266$eH\356L)r!\007\225"
 1162      2A63DB36 
 1162      0D1C2562 
 1162      B6246548 
 1162      EE4C2972 
 1163 018c 301D0EC2 		.ascii	"0\035\016\302t\016\216\201\254\375(\314\206j\354;\202"
 1163      740E8E81 
 1163      ACFD28CC 
 1163      866AEC3B 
 1163      82
 1164 019d 7D289073 		.ascii	"}(\220s\373\304w\"\371H\026v\367\256~L\220\303KH\013"
 1164      FBC47722 
 1164      F9481676 
 1164      F7AE7E4C 
 1164      90C34B48 
 1165 01b2 549C5E62 		.ascii	"T\234^b\234vm\256h\014#v\306\257\353I\201\310\354\224"
 1165      9C766DAE 
 1165      680C2376 
 1165      C6AFEB49 
 1165      81C8EC94 
 1166 01c6 6566EBA7 		.ascii	"ef\353\247q0o:\314A+\015 \343\251\225z\264\342fV\266"
 1166      71306F3A 
 1166      CC412B0D 
 1166      20E3A995 
 1166      7AB4E266 
 1167 01dc 749ECD00 		.ascii	"t\236\315\000\346\212\010lz\316\365\335\012%\311\262"
 1167      E68A086C 
 1167      7ACEF5DD 
 1167      0A25C9B2 
 1168 01ec A6829CB1 		.ascii	"\246\202\234\261p\222&W/\234\177\332j\212\2322\215\016"
 1168      70922657 
 1168      2F9C7FDA 
 1168      6A8A9A32 
 1168      8D0E
 1169 01fe 0D9A5051 		.ascii	"\015\232PQ3DQM\212\363+\357<\0321\220L\220\261\267\207"
 1169      3344514D 
 1169      8AF32BEF 
 1169      3C1A3190 
 1169      4C90B1B7 
 1170 0213 3B7740D4 		.ascii	";w@\324Z\346\023\236\211\264L\020\271tk\307(o\312U\334"
 1170      5AE6139E 
 1170      89B44C10 
 1170      B9746BC7 
 1170      286FCA55 
 1171 0228 615C08AD 		.ascii	"a\\\010\255\370\331\353\021\016\332\300\304pW\307\357"
 1171      F8D9EB11 
ARM GAS  /tmp/ccgzle1V.s 			page 37


 1171      0EDAC0C4 
 1171      7057C7EF 
 1172 0238 F487337E 		.ascii	"\364\2073~\026l\336j*\035\014cq-\243\216\350)Z\225\303"
 1172      166CDE6A 
 1172      2A1D0C63 
 1172      712DA38E 
 1172      E8295A95 
 1173 024d 93B5CC72 		.ascii	"\223\265\314r\335\370\227u:\206\025\260\331z5\177\203"
 1173      DDF89775 
 1173      3A8615B0 
 1173      D97A357F 
 1173      83
 1174 025e 996C64DF 		.ascii	"\231ld\337ne\255\376\316H\366\263\306\221\363\373\036"
 1174      6E65ADFE 
 1174      CE48F6B3 
 1174      C691F3FB 
 1174      1E
 1175 026f 9848156B 		.ascii	"\230H\025k\234:q\241\310@\352\345\0069\345)\231\017"
 1175      9C3A71A1 
 1175      C840EAE5 
 1175      0639E529 
 1175      990F
 1176 0281 C6E98044 		.ascii	"\306\351\200D`\025\363a\001\306\332\353\303\3638\216"
 1176      6015F361 
 1176      01C6DAEB 
 1176      C3F3388E 
 1177 0291 0B60E4A0 		.ascii	"\013`\344\240\003\001\235\310\264X\022\344\216b\011"
 1177      03019DC8 
 1177      B45812E4 
 1177      8E6209
 1178 02a0 3D1E2157 		.ascii	"=\036!WQ\345\303\342{\325!\244\231\351\357\352\251\317"
 1178      51E5C3E2 
 1178      7BD521A4 
 1178      99E9EFEA 
 1178      A9CF
 1179 02b2 D7930EC5 		.ascii	"\327\223\016\305\330\351\263\207\200\014\312\015Cwc"
 1179      D8E9B387 
 1179      800CCA0D 
 1179      437763
 1180 02c1 716108C4 		.ascii	"qa\010\304\340\023\025\023S.\273\242\271.\266\350\240"
 1180      E0131513 
 1180      532EBBA2 
 1180      B92EB6E8 
 1180      A0
 1181 02d2 4792B2E6 		.ascii	"G\222\262\346P]p\031\355]C\3070\363\0344\312\316\231"
 1181      505D7019 
 1181      ED5D43C7 
 1181      30F31C34 
 1181      CACE99
 1182 02e5 8B3F0C7E 		.ascii	"\213?\014~\372&\371Jr\2570A-\210pI\001\373\2758[\213"
 1182      FA26F94A 
 1182      72AF3041 
 1182      2D887049 
 1182      01FBBD38 
 1183 02fb 3EDF4CA4 		.ascii	">\337L\244m\377\224\261\027\203c+\301\007n\233\346\327"
 1183      6DFF94B1 
 1183      1783632B 
ARM GAS  /tmp/ccgzle1V.s 			page 38


 1183      C1076E9B 
 1183      E6D7
 1184 030d 7C6602FA 		.ascii	"|f\002\3724\370\340r\244#0\237O\342\327v\271\377\032"
 1184      34F8E072 
 1184      A423309F 
 1184      4FE2D776 
 1184      B9FF1A
 1185 0320 0B357443 		.ascii	"\0135tC\014\\\301\322\203\345;,W\261tA\014M\001f\344"
 1185      0C5CC1D2 
 1185      83E53B2C 
 1185      57B17441 
 1185      0C4D0166 
 1186 0335 EE4E5222 		.ascii	"\356NR\"\271\227\233\344\301\236\013\030\354\351\200"
 1186      B9979BE4 
 1186      C19E0B18 
 1186      ECE980
 1187 0344 C18E5C52 		.ascii	"\301\216\\R\300\307\221\322\331\240\340y\323\345\244"
 1187      C0C791D2 
 1187      D9A0E079 
 1187      D3E5A4
 1188 0353 593574B7 		.ascii	"Y5t\267G \207\330\224nh[\335\241\217\232\300\022z\025"
 1188      472087D8 
 1188      946E685B 
 1188      DDA18F9A 
 1188      C0127A15 
 1189 0367 0DBF4014 		.ascii	"\015\277@\0245\224o:\220c \355L\335x\371\246sf\226d"
 1189      35946F3A 
 1189      906320ED 
 1189      4CDD78F9 
 1189      A6736696 
 1190 037c 31D8AC3A 		.ascii	"1\330\254:\366t\213AIH\036\333\265\345\031\243@z\030"
 1190      F6748B41 
 1190      49481EDB 
 1190      B5E519A3 
 1190      407A18
 1191 038f B62CAFF0 		.ascii	"\266,\257\360\211Y\207+\227\354\305\024\235,?X\233\350"
 1191      8959872B 
 1191      97ECC514 
 1191      9D2C3F58 
 1191      9BE8
 1192 03a1 9D49D791 		.ascii	"\235I\327\221\302M\315\264\350\031{r2\204\334c\342\215"
 1192      C24DCDB4 
 1192      E8197B72 
 1192      3284DC63 
 1192      E28D
 1193 03b3 05B9ABF8 		.ascii	"\005\271\253\370\200\231\344\231 \222\377\270E\"\352"
 1193      8099E499 
 1193      2092FFB8 
 1193      4522EA
 1194 03c2 99744B13 		.ascii	"\231tK\023\251\357\2753\251\275\365a\243 \223\301.\030"
 1194      A9EFBD33 
 1194      A9BDF561 
 1194      A32093C1 
 1194      2E18
 1195 03d4 04994DD6 		.ascii	"\004\231M\326\211\202\23206\032^\265\032X\330jP\263"
 1195      89829A30 
 1195      361A5EB5 
ARM GAS  /tmp/ccgzle1V.s 			page 39


 1195      1A58D86A 
 1195      50B3
 1196 03e6 EF4C4DD8 		.ascii	"\357LM\330\363\353\251\371\375\231R\004\017K\236\203"
 1196      F3EBA9F9 
 1196      FD995204 
 1196      0F4B9E83 
 1197 03f6 3BA8F9B6 		.ascii	";\250\371\266\254\371.<\317\301\017\240c\352\2574e\216"
 1197      ACF92E3C 
 1197      CFC10FA0 
 1197      63EAAF34 
 1197      658E
 1198 0408 829A067E 		.ascii	"\202\232\006~V\321\270\247\320\320\037;\273\261\320"
 1198      56D1B8A7 
 1198      D0D01F3B 
 1198      BBB1D0
 1199 0417 A0243D8B 		.ascii	"\240$=\213\353\263\342\347\3523\245\0267P\020\014\340"
 1199      EBB3E2E7 
 1199      EA33A516 
 1199      3750100C 
 1199      E0
 1200 0428 001F6A46 		.ascii	"\000\037jFpH\235\007\022&}\261e\235$\343\373\020wJ\301"
 1200      70489D07 
 1200      12267DB1 
 1200      659D24E3 
 1200      FB10774A 
 1201 043d FBB32F20 		.ascii	"\373\263/ \353\007\213_\334\222)\025!\234\346M\235\002"
 1201      EB078B5F 
 1201      DC922915 
 1201      219CE64D 
 1201      9D02
 1202 044f F7E64D55 		.ascii	"\367\346MU@\222\335-~I!CCvx\002\231\252 \211\337\217"
 1202      4092DD2D 
 1202      7E492143 
 1202      43767802 
 1202      99AA2089 
 1203 0465 5F6FD094 		.ascii	"_o\320\224\272\256\300iJ\375\210)4\214\345>\226\007"
 1203      BAAEC069 
 1203      4AFD8829 
 1203      348CE53E 
 1203      9607
 1204 0477 5886D479 		.ascii	"X\206\324y\337Sl9\316\254\340B\007'&Xi\364[A\327n^~"
 1204      DF536C39 
 1204      CEACE042 
 1204      07272658 
 1204      69F45B41 
 1205 048f B1445951 		.ascii	"\261DYQ\013$^m\320\363\313\006Q\276\342\333\362\246"
 1205      0B245E6D 
 1205      D0F3CB06 
 1205      51BEE2DB 
 1205      F2A6
 1206 04a1 30756846 		.ascii	"0uhF4\306F\345\320\320\027]\364\363\016t\207\022\211"
 1206      34C646E5 
 1206      D0D0175D 
 1206      F4F30E74 
 1206      871289
 1207 04b4 C809B8D6 		.ascii	"\310\011\270\326\275r\263\201\344\260Fu\357O'\314\244"
 1207      BD72B381 
ARM GAS  /tmp/ccgzle1V.s 			page 40


 1207      E4B04675 
 1207      EF4F27CC 
 1207      A4
 1208 04c5 9835EE5F 		.ascii	"\2305\356_\353\034\023\311.\326\350|tl\314D\276\225"
 1208      EB1C13C9 
 1208      2ED6E87C 
 1208      746CCC44 
 1208      BE95
 1209 04d7 1BE446FD 		.ascii	"\033\344F\375\356\3540\020\331\022\032d\033z\202\224"
 1209      EEEC3010 
 1209      D9121A64 
 1209      1B7A8294 
 1210 04e7 9F82C8C1 		.ascii	"\237\202\310\3013\004\214+K(\355\220\227\320\241\317"
 1210      33048C2B 
 1210      4B28ED90 
 1210      97D0A1CF 
 1211 04f7 E43A2AED 		.ascii	"\344:*\355\357\033y\344\333\307r\177N\001\202sk\267"
 1211      EF1B79E4 
 1211      DBC7727F 
 1211      4E018273 
 1211      6BB7
 1212 0509 DE16D423 		.ascii	"\336\026\324#\224xQ5\302\345\2742\007\244\312\256|\003"
 1212      94785135 
 1212      C2E5BC32 
 1212      07A4CAAE 
 1212      7C03
 1213 051b A962B4AF 		.ascii	"\251b\264\257\254<\220\017\312T\344 \223WO\252My\303"
 1213      AC3C900F 
 1213      CA54E420 
 1213      93574FAA 
 1213      4D79C3
 1214 052e 9240EA19 		.ascii	"\222@\352\0310{WN\216)`\036\256\340I\200H\3435\317\006"
 1214      307B574E 
 1214      8E29601E 
 1214      AEE04980 
 1214      48E335CF 
 1215 0543 0D8795BC 		.ascii	"\015\207\225\274\332\313Y\012\007}\315\320\356K&\240"
 1215      DACB590A 
 1215      077DCDD0 
 1215      EE4B26A0 
 1216 0553 4BBE77D1 		.ascii	"K\276w\321\277[:C\311\006\004A\006j\316\346'f\303\334"
 1216      BF5B3A43 
 1216      C9060441 
 1216      066ACEE6 
 1216      2766C3DC 
 1217 0567 606BADBC 		.ascii	"`k\255\274\031g3\036\3609\037\003yXr\260\344bY\305\253"
 1217      1967331E 
 1217      F0391F03 
 1217      795872B0 
 1217      E46259C5 
 1218 057c 52EE62A9 		.ascii	"R\356b\251:\261\037C\240\221\300\325\266\247\324;+\223"
 1218      3AB11F43 
 1218      A091C0D5 
 1218      B6A7D43B 
 1218      2B93
 1219 058e 4CF06812 		.ascii	"L\360h\022\270j\277h*\215l`x\3646\3744A `V\236\326\320"
 1219      B86ABF68 
ARM GAS  /tmp/ccgzle1V.s 			page 41


 1219      2A8D6C60 
 1219      78F436FC 
 1219      34412060 
 1220 05a6 190B0EF7 		.ascii	"\031\013\016\367N\200\334\374\235\355F\365\004\360\015"
 1220      4E80DCFC 
 1220      9DED46F5 
 1220      04F00D
 1221 05b5 BFE59787 		.ascii	"\277\345\227\207\217\362M\033sO\206\250C\263Zc+_\016"
 1221      8FF24D1B 
 1221      734F86A8 
 1221      43B35A63 
 1221      2B5F0E
 1222 05c8 0D7D2176 		.ascii	"\015}!vpK\277GTc\3734\223e\015\303\256\221\261G\263"
 1222      704BBF47 
 1222      5463FB34 
 1222      93650DC3 
 1222      AE91B147 
 1223 05dd 86DBE9A1 		.ascii	"\206\333\351\241\363y<\226Q;\027?_\327n`m\3513zl\272"
 1223      F3793C96 
 1223      513B173F 
 1223      5FD76E60 
 1223      6DE9337A 
 1224 05f3 3AE61648 		.ascii	":\346\026H\007\313\242\247e+\216\030hBK\0013\242\220"
 1224      07CBA2A7 
 1224      652B8E18 
 1224      68424B01 
 1224      33A290
 1225 0606 9725E810 		.ascii	"\227%\350\020\326\362\323\241\200\307\276u\274\210\""
 1225      D6F2D3A1 
 1225      80C7BE75 
 1225      BC8822
 1226 0615 DD37B7EF 		.ascii	"\3357\267\357\325{\271d \027\\\177\375T0.r\366\301\027"
 1226      D57BB964 
 1226      20175C7F 
 1226      FD54302E 
 1226      72F6C117 
 1227 0629 32992BE3 		.ascii	"2\231+\3437\3324\373\000~\367\203\3273\336\353eh\327"
 1227      37DA34FB 
 1227      007EF783 
 1227      D733DEEB 
 1227      6568D7
 1228 063c C9DD9B43 		.ascii	"\311\335\233C\006p\011\301}\206\323\331\000\340\362"
 1228      067009C1 
 1228      7D86D3D9 
 1228      00E0F2
 1229 064b 6BF82372 		.ascii	"k\370#r\037\021\316\"\361\022\257\267\021^$\"\261\211"
 1229      1F11CE22 
 1229      F112AFB7 
 1229      115E2422 
 1229      B189
 1230 065d 2D3023F6 		.ascii	"-0#\366!\211\027\370X\263(T\034\207\0101D\340y\217\301"
 1230      218917F8 
 1230      58B32854 
 1230      1C870831 
 1230      44E0798F 
 1231 0672 26C68EC1 		.ascii	"&\306\216\301^\276L\037\035/\351lyS=\006\211/x\3372"
 1231      5EBE4C1F 
ARM GAS  /tmp/ccgzle1V.s 			page 42


 1231      1D2FE96C 
 1231      79533D06 
 1231      892F78DF 
 1232 0687 2F1E7F3D 		.ascii	"/\036\177=\206\026\260\241\324\007:!\002k\036\203\370"
 1232      8616B0A1 
 1232      D4073A21 
 1232      026B1E83 
 1232      F8
 1233 0698 9094ADD6 		.ascii	"\220\224\255\326\333N\361\331\257`\304D[\234\005\235"
 1233      DB4EF1D9 
 1233      AF60C444 
 1233      5B9C059D 
 1234 06a8 102F0833 		.ascii	"\020/\0103\314\015\244\201,\300\313\212\260\377\233"
 1234      CC0DA481 
 1234      2CC0CB8A 
 1234      B0FF9B
 1235 06b7 A9A2C760 		.ascii	"\251\242\307`F\025\261\266\350\010[\264\271\005Bl6\321"
 1235      4615B1B6 
 1235      E8085BB4 
 1235      B905426C 
 1235      36D1
 1236 06c9 12CB2109 		.ascii	"\022\313!\011[\\\\</\242f\235\320\002q\004LqR\337\017"
 1236      5B5C5C3C 
 1236      2FA2669D 
 1236      D0027104 
 1236      4C7152DF 
 1237 06de E832D138 		.ascii	"\3502\3218#:\226\343l\334\002\236f\302\270\367\001\003"
 1237      233A96E3 
 1237      6CDC029E 
 1237      66C2B8F7 
 1237      0103
 1238 06f0 DAB4F99B 		.ascii	"\332\264\371\233\000\261\"\037\307\223E\036\274\261"
 1238      00B1221F 
 1238      C793451E 
 1238      BCB1
 1239 06fe F17C34C7 		.ascii	"\361|4\307I:\301d\002\011_\306\204E\266\017\342D\316"
 1239      493AC164 
 1239      02095FC6 
 1239      8445B60F 
 1239      E244CE
 1240 0711 63E0F193 		.ascii	"c\340\361\223E\207K\007\370%E=^Xj\314\354\232!\337\340"
 1240      45874B07 
 1240      F825453D 
 1240      5E586ACC 
 1240      EC9A21DF 
 1241 0726 80FEB11F 		.ascii	"\200\376\261\037\21668\265\031\271\237\"\321\261\312"
 1241      8E3638B5 
 1241      19B99F22 
 1241      D1B1CA
 1242 0735 7DCFDBEB 		.ascii	"}\317\333\353{)u\006`zx\345\036\003\3405\302)_U\312"
 1242      7B297506 
 1242      607A78E5 
 1242      1E03E035 
 1242      C2295F55 
 1243 074a FD1C141E 		.ascii	"\375\034\024\036^=^;*\216~\256\034\257\230\344\3252"
 1243      5E3D5E3B 
 1243      2A8E7EAE 
ARM GAS  /tmp/ccgzle1V.s 			page 43


 1243      1CAF98E4 
 1243      D532
 1244 075c B29C86B8 		.ascii	"\262\234\206\270_%\347S\353\245\304\201\357\232\365"
 1244      5F25E753 
 1244      EBA5C481 
 1244      EF9AF5
 1245 076b 38EF616B 		.ascii	"8\357ak\370 \364/\307\000\016\215\366\375\201\203\251"
 1245      F820F42F 
 1245      C7000E8D 
 1245      F6FD8183 
 1245      A9
 1246 077c 05F19C9C 		.ascii	"\005\361\234\234\337\033rZ\223\310\203`Kk\261f\235\\"
 1246      DF1B725A 
 1246      93C88360 
 1246      4B6BB166 
 1246      9D5C
 1247 078e 753C637F 		.ascii	"u<c\177\250\367\004D\017a\332\317\033r\212Vk\322\270"
 1247      A8F70444 
 1247      0F61DACF 
 1247      1B728A56 
 1247      6BD2B8
 1248 07a1 4433574B 		.ascii	"D3WK\275K\371\312\355\373\326\030\345\343\014v)g\253"
 1248      BD4BF9CA 
 1248      EDFBD618 
 1248      E5E30C76 
 1248      2967AB
 1249 07b4 6DA3E756 		.ascii	"m\243\347V\350\344>\272\255~\305\313\235#\227\277\317"
 1249      E8E43EBA 
 1249      AD7EC5CB 
 1249      9D2397BF 
 1249      CF
 1250 07c5 D2FBCE3D 		.ascii	"\322\373\316=\033YgA\341\276\246"
 1250      1B596741 
 1250      E1BEA6
 1251 07d0 70F5C986 		.ascii	"p\365\311\206\036@\375G\233\315<\036m6\361\312\321\346"
 1251      1E40FD47 
 1251      9BCD3C1E 
 1251      6D36F1CA 
 1251      D1E6
 1252 07e2 D9CA932D 		.ascii	"\331\312\223-\342\313e\222\273Wr\337\314&-\325C\222"
 1252      E2CB6592 
 1252      BB5772DF 
 1252      CC262DD5 
 1252      4392
 1253 07f4 240A1404 		.ascii	"$\012\024\004E8w\025\356\264\316\301\006\036\017\367"
 1253      45387715 
 1253      EEB4CEC1 
 1253      061E0FF7 
 1254 0804 5FF20330 		.ascii	"_\362\0030\377\006\246N\031\3772\312\217n\337SA\310"
 1254      FF06A64E 
 1254      19FF32CA 
 1254      8F6EDF53 
 1254      41C8
 1255 0816 361D3B13 		.ascii	"6\035;\023\026\215\336\024}\034\031\357SO\252o\233|"
 1255      168DDE14 
 1255      7D1C19EF 
 1255      534FAA6F 
ARM GAS  /tmp/ccgzle1V.s 			page 44


 1255      9B7C
 1256 0828 14CB19C5 		.ascii	"\024\313\031\305\332/\326\025\301\344\024\267Q\212["
 1256      DA2FD615 
 1256      C1E414B7 
 1256      518A5B
 1257 0837 BD143B1E 		.ascii	"\275\024;\036\014t\231\024\212m/\340\311=\003\305t\024"
 1257      0C749914 
 1257      8A6D2FE0 
 1257      C93D03C5 
 1257      7414
 1258 0849 045B5414 		.ascii	"\004[T\024\267h)V \305\3552\305\261\272\215\353\364"
 1258      B7682956 
 1258      20C5ED32 
 1258      C5B1BA8D 
 1258      EBF4
 1259 085b E410A3B8 		.ascii	"\344\020\243\270~w\375\023\023;\005\272i\273\370\374"
 1259      7E77FD13 
 1259      133B05BA 
 1259      69BBF8FC 
 1260 086b CE712027 		.ascii	"\316q '\331\307\232\035E\303\232\303\004u\203?>\273"
 1260      D9C79A1D 
 1260      45C39AC3 
 1260      0475833F 
 1260      3EBB
 1261 087d BCF1D959 		.ascii	"\274\361\331Y\323\321k\"=L\250\264\177`\217fQ\335\246"
 1261      D3D16B22 
 1261      3D4CA8B4 
 1261      7F608F66 
 1261      51DDA6
 1262 0890 11DAA308 		.ascii	"\021\332\243\010\221\212\033\367\233u\200[\243o\243"
 1262      918A1BF7 
 1262      9B75805B 
 1262      A36FA3
 1263 089f DB892B22 		.ascii	"\333\211+\"\333k\366*\313\374\327\270\264\177\243\336"
 1263      DB6BF62A 
 1263      CBFCD7B8 
 1263      B47FA3DE 
 1264 08af D99AEB7E 		.ascii	"\331\232\353~[r\030CR8\207Z\207\012\034\357\336\237"
 1264      5B721843 
 1264      5238875A 
 1264      870A1CEF 
 1264      DE9F
 1265 08c1 DB7AAEBF 		.ascii	"\333z\256\277\310n6h\025v\007\007{7\236\372\253WJ\204"
 1265      C86E3668 
 1265      15760707 
 1265      7B379EFA 
 1265      AB574A84 
 1266 08d5 A80964E4 		.ascii	"\250\011d\344\335?\010\037\272\005TT\356\206\231[\245"
 1266      DD3F081F 
 1266      BA055454 
 1266      EE86995B 
 1266      A5
 1267 08e6 5EB7E41E 		.ascii	"^\267\344\036\310&{1\016F\330\207\320\035,\014\252\001"
 1267      C8267B31 
 1267      0E46D887 
 1267      D01D2C0C 
 1267      AA01
ARM GAS  /tmp/ccgzle1V.s 			page 45


 1268 08f8 D11E273F 		.ascii	"\321\036'?\277\014\203\260\237\237\211\262%\015[\263"
 1268      BF0C83B0 
 1268      9F9F89B2 
 1268      250D5BB3 
 1269 0908 4DE447E6 		.ascii	"M\344G\346\262\3737\006\017\350\211\024\302.\370\303"
 1269      B2FB3706 
 1269      0FE88914 
 1269      C22EF8C3 
 1270 0918 F9A5CAFF 		.ascii	"\371\245\312\377/\350\372]\335\331^\036\316\002\324"
 1270      2FE8FA5D 
 1270      DDD95E1E 
 1270      CE02D4
 1271 0927 2B1FED33 		.ascii	"+\037\3553+\273\005R\250`+n\325\033\344d\302MDI\260"
 1271      2BBB0552 
 1271      A8602B6E 
 1271      D51BE464 
 1271      C24D4449 
 1272 093c 96AFBEFF 		.ascii	"\226\257\276\377&\324w\0219\304\022\254h\254\177\215"
 1272      26D47711 
 1272      39C412AC 
 1272      68AC7F8D 
 1273 094c 7EF2043B 		.ascii	"~\362\004;L\023\254\312\233`\217\037\2349\2479\336\037"
 1273      4C13ACCA 
 1273      9B608F1F 
 1273      9C39A739 
 1273      DE1F
 1274 095e D644F088 		.ascii	"\326D\360\210\022A\335\365\216\314gf\032A\177\010\017"
 1274      1241DDF5 
 1274      8ECC6766 
 1274      1A417F08 
 1274      0F
 1275 096f E288FFCB 		.ascii	"\342\210\377\313ST\265\342\262\032t\3311,G\325a<\263"
 1275      5354B5E2 
 1275      B21A74D9 
 1275      312C47D5 
 1275      613CB3
 1276 0982 87B4ABAE 		.ascii	"\207\264\253\256\276\337\242w(\336{P\017\010\342H\243"
 1276      BEDFA277 
 1276      28DE7B50 
 1276      0F08E248 
 1276      A3
 1277 0993 72F345CB 		.ascii	"r\363E\313P\251`'?\315\014\366\253.\312\007&\3005A\337"
 1277      50A96027 
 1277      3FCD0CF6 
 1277      AB2ECA07 
 1277      26C03541 
 1278 09a8 55F52CCB 		.ascii	"U\365,\313H\272\2317\233N\017\277\0205a(P\253\250\010"
 1278      48BA9937 
 1278      9B4E0FBF 
 1278      10356128 
 1278      50ABA808 
 1279 09bc 321AFA5F 		.ascii	"2\032\372_\224\266\252\307\232\177n\324i\254\271\331"
 1279      94B6AAC7 
 1279      9A7F6ED4 
 1279      69ACB9D9 
 1280 09cc 5EEC96F7 		.ascii	"^\354\226\367\342\334\356\352\234P\365\036\037\354\336"
 1280      E2DCEEEA 
ARM GAS  /tmp/ccgzle1V.s 			page 46


 1280      9C50F51E 
 1280      1FECDE
 1281 09db 04F52812 		.ascii	"\004\365(\022fs\244Y?^j\267\275eu\332\322f,MIr$\316"
 1281      6673A459 
 1281      3F5E6AB7 
 1281      BD6575DA 
 1281      D2662C4D 
 1282 09f3 4E4C712E 		.ascii	"NLq.\263\247\272\354\251\376\332\207\013\027\314J\024"
 1282      B3A7BAEC 
 1282      A9FEDA87 
 1282      0B17CC4A 
 1282      14
 1283 0a04 DE79FF1F 		.ascii	"\336y\377\037\321o\317}\235\233\246\355\237e{\343\265"
 1283      D16FCF7D 
 1283      9D9BA6ED 
 1283      9F657BE3 
 1283      B5
 1284 0a15 8F5F7FC3 		.ascii	"\217_\177\303j\345\204t\207\3235/.\301%Z\023]\216ev"
 1284      6AE58474 
 1284      87D3352F 
 1284      2EC1255A 
 1284      135D8E65 
 1285 0a2a AAD540FB 		.ascii	"\252\325@\373\346'\270B>\246&\314o{E\351\267\204\264"
 1285      E627B842 
 1285      3EA626CC 
 1285      6F7B45E9 
 1285      B784B4
 1286 0a3d 304D3B34 		.ascii	"0M;41=5\325\356t\375=\335i\217LIw}\222\356Z\220j\377"
 1286      313D35D5 
 1286      EE74FD3D 
 1286      DD698F4C 
 1286      49777D92 
 1287 0a56 57BADD99 		.ascii	"W\272\335\231\370\357E\013\377\243\247*\336\265\031"
 1287      F8EF450B 
 1287      FFA3A72A 
 1287      DEB519
 1288 0a65 17A7A426 		.ascii	"\027\247\244&\312\272C\022\336JIYj\262:]v\247\323\372"
 1288      CABA4312 
 1288      DE4A4959 
 1288      6AB23A5D 
 1288      76A7D3FA 
 1289 0a79 AE13F153 		.ascii	"\256\023\361S\034\316\000\251)i\237\330\023]\251\351"
 1289      1CCE00A9 
 1289      29699FD8 
 1289      135DA9E9 
 1290 0a89 C9EF524B 		.ascii	"\311\357RKi\216\024\347\233\201\343\2345\213\376\331"
 1290      698E14E7 
 1290      9B81E39C 
 1290      358BFED9 
 1291 0a99 521D1440 		.ascii	"R\035\024@\253\223:b\326\022\316\342\243Li\376\215\032"
 1291      AB933A62 
 1291      D612CEE2 
 1291      A34C69FE 
 1291      8D1A
 1292 0aab 4A7345FA 		.ascii	"JsE\372:\337\263:\255I\366\324\204\264\2104\273\313"
 1292      3ADFB33A 
 1292      AD49F6D4 
ARM GAS  /tmp/ccgzle1V.s 			page 47


 1292      84B48834 
 1292      BBCB
 1293 0abd D7FBCE27 		.ascii	"\327\373\316'\216\224\210@\214\220\236fO\375\263\325"
 1293      8E948840 
 1293      8C909E66 
 1293      4FFDB3D5 
 1294 0acd 6535275B 		.ascii	"e5'[?US6';\234\352\266@\007\376\2765\331\256K\\bM5."
 1294      3F555336 
 1294      273B9CEA 
 1294      B64007FE 
 1294      BE35D9AE 
 1295 0ae7 4E77A27B 		.ascii	"Nw\242{S\234i~\253\013\274]z\346m2\3675N\260\246&/{"
 1295      539C697E 
 1295      AB0BBC5D 
 1295      7AE66D32 
 1295      F7354EB0 
 1296 0aff FDD5644E 		.ascii	"\375\325dNLLA\314\247\257&\317\343\"\022\325\3441|\277"
 1296      4C4C41CC 
 1296      A7AF26CF 
 1296      E32212D5 
 1296      E4317CBF 
 1297 0b13 FAF99873 		.ascii	"\372\371\230sS|\355\277\330\255\313\250\304T5\302gw"
 1297      537CEDBF 
 1297      D8ADCBA8 
 1297      C45435C2 
 1297      6777
 1298 0b25 8A46310D 		.ascii	"\212F1\015N\244V\222v\205;\026k\"\203\343_\350HZ\362"
 1298      4EA45692 
 1298      76853B16 
 1298      6B2283E3 
 1298      5FE8485A 
 1299 0b3a A1C3667F 		.ascii	"\241\303f\177\317\361\251\303\231\244_\232B\305\343"
 1299      CFF1A9C3 
 1299      99A45F9A 
 1299      42C5E3
 1300 0b49 FFFF0051 		.ascii	"\377\377\000Q\326K8\277c\260\215\365\305\216\244\377"
 1300      D64B38BF 
 1300      63B08DF5 
 1300      C58EA4FF 
 1301 0b59 01B73950 		.ascii	"\001\2679P\347"
 1301      E7
 1302              		.text
 1303              		.section	.gnu.lto_.symtab.ad6149a2a8495ef0,"e",%progbits
 1304 0000 636F6E76 		.ascii	"converterSHFFunctions\000"
 1304      65727465 
 1304      72534846 
 1304      46756E63 
 1304      74696F6E 
 1305 0016 00       		.ascii	"\000"
 1306 0017 00       		.ascii	"\000"
 1307 0018 00       		.ascii	"\000"
 1308 0019 00000000 		.ascii	"\000\000\000\000\000\000\000\000"
 1308      00000000 
 1309 0021 30010000 		.ascii	"0\001\000\000"
 1310              		.text
 1311              		.section	.gnu.lto_.ext_symtab.ad6149a2a8495ef0,"e",%progbits
 1312 0000 01       		.ascii	"\001"
ARM GAS  /tmp/ccgzle1V.s 			page 48


 1313 0001 02       		.ascii	"\002"
 1314 0002 00       		.ascii	"\000"
 1315              		.text
 1316              		.section	.gnu.lto_.opts,"e",%progbits
 1317 0000 272D666E 		.ascii	"'-fno-openmp' '-fno-openacc' '-fno-pie' '-g' '-mcpu"
 1317      6F2D6F70 
 1317      656E6D70 
 1317      2720272D 
 1317      666E6F2D 
 1318 0033 3D636F72 		.ascii	"=cortex-m3' '-mno-thumb-interwork' '-mthumb' '-mflo"
 1318      7465782D 
 1318      6D332720 
 1318      272D6D6E 
 1318      6F2D7468 
 1319 0066 61742D61 		.ascii	"at-abi=soft' '-march=armv7-m' '-Os' '-fomit-frame-p"
 1319      62693D73 
 1319      6F667427 
 1319      20272D6D 
 1319      61726368 
 1320 0099 6F696E74 		.ascii	"ointer' '-falign-functions=16' '-ffunction-sections"
 1320      65722720 
 1320      272D6661 
 1320      6C69676E 
 1320      2D66756E 
 1321 00cc 2720272D 		.ascii	"' '-fdata-sections' '-fno-common' '-flto' '-Xassemb"
 1321      66646174 
 1321      612D7365 
 1321      6374696F 
 1321      6E732720 
 1322 00ff 6C657227 		.ascii	"ler' '-alms=build/lst/converterSHF.lst'\000"
 1322      20272D61 
 1322      6C6D733D 
 1322      6275696C 
 1322      642F6C73 
 1323              		.text
 1324              		.comm	__gnu_lto_slim,1,1
 1325              		.ident	"GCC: (Fedora 10.2.0-4.fc34) 10.2.0"
ARM GAS  /tmp/ccgzle1V.s 			page 49


DEFINED SYMBOLS
                            *ABS*:0000000000000000 converterSHF.c
     /tmp/ccgzle1V.s:23     .gnu.debuglto_.debug_info:0000000000000000 converterSHF.c.d96b79aa
                            *COM*:0000000000000001 __gnu_lto_slim

NO UNDEFINED SYMBOLS
