ARM GAS  /tmp/ccc4ABnt.s 			page 1


   1              		.cpu cortex-m3
   2              		.eabi_attribute 20, 1
   3              		.eabi_attribute 21, 1
   4              		.eabi_attribute 23, 3
   5              		.eabi_attribute 24, 1
   6              		.eabi_attribute 25, 1
   7              		.eabi_attribute 26, 1
   8              		.eabi_attribute 30, 4
   9              		.eabi_attribute 34, 1
  10              		.eabi_attribute 18, 4
  11              		.file	"hal.c"
  12              		.file 1 "/usr/arm-none-eabi/include/machine/_default_types.h"
  13              		.file 2 "/usr/arm-none-eabi/include/sys/_stdint.h"
  14              		.file 3 "../ChibiOS/os/hal/ports/STM32/LLD/GPIOv1/hal_pal_lld.h"
  15              		.file 4 "../ChibiOS/os/hal/src/hal.c"
  16              		.file 5 "../FreeRTOS/include/osal_ch.h"
  17              		.section	.gnu.debuglto_.debug_info,"e",%progbits
  18              	.Ldebug_info0:
  19              		.hidden	hal.c.d9f5485d
  20              		.weak	hal.c.d9f5485d
  21              	hal.c.d9f5485d:
  22 0000 44010000 		.4byte	0x144
  23 0004 0400     		.2byte	0x4
  24 0006 00000000 		.4byte	.Ldebug_abbrev0
  25 000a 04       		.byte	0x4
  26 000b 01       		.uleb128 0x1
  27 000c B7000000 		.4byte	.LASF21
  28 0010 0C       		.byte	0xc
  29 0011 B8010000 		.4byte	.LASF22
  30 0015 00000000 		.4byte	.LASF23
  31 0019 00000000 		.4byte	.Ldebug_line0
  32 001d 02       		.uleb128 0x2
  33 001e 01       		.byte	0x1
  34 001f 06       		.byte	0x6
  35 0020 26020000 		.4byte	.LASF0
  36 0024 02       		.uleb128 0x2
  37 0025 01       		.byte	0x1
  38 0026 08       		.byte	0x8
  39 0027 7D000000 		.4byte	.LASF1
  40 002b 02       		.uleb128 0x2
  41 002c 02       		.byte	0x2
  42 002d 05       		.byte	0x5
  43 002e F7010000 		.4byte	.LASF2
  44 0032 02       		.uleb128 0x2
  45 0033 02       		.byte	0x2
  46 0034 07       		.byte	0x7
  47 0035 7D010000 		.4byte	.LASF3
  48 0039 02       		.uleb128 0x2
  49 003a 04       		.byte	0x4
  50 003b 05       		.byte	0x5
  51 003c 11020000 		.4byte	.LASF4
  52 0040 03       		.uleb128 0x3
  53 0041 AD010000 		.4byte	.LASF9
  54 0045 01       		.byte	0x1
  55 0046 4F       		.byte	0x4f
  56 0047 19       		.byte	0x19
  57 0048 4C000000 		.4byte	0x4c
ARM GAS  /tmp/ccc4ABnt.s 			page 2


  58 004c 02       		.uleb128 0x2
  59 004d 04       		.byte	0x4
  60 004e 07       		.byte	0x7
  61 004f A5000000 		.4byte	.LASF5
  62 0053 02       		.uleb128 0x2
  63 0054 08       		.byte	0x8
  64 0055 05       		.byte	0x5
  65 0056 E9010000 		.4byte	.LASF6
  66 005a 02       		.uleb128 0x2
  67 005b 08       		.byte	0x8
  68 005c 07       		.byte	0x7
  69 005d 5F000000 		.4byte	.LASF7
  70 0061 04       		.uleb128 0x4
  71 0062 04       		.byte	0x4
  72 0063 05       		.byte	0x5
  73 0064 696E7400 		.ascii	"int\000"
  74 0068 02       		.uleb128 0x2
  75 0069 04       		.byte	0x4
  76 006a 07       		.byte	0x7
  77 006b 4A000000 		.4byte	.LASF8
  78 006f 03       		.uleb128 0x3
  79 0070 08020000 		.4byte	.LASF10
  80 0074 02       		.byte	0x2
  81 0075 30       		.byte	0x30
  82 0076 14       		.byte	0x14
  83 0077 40000000 		.4byte	0x40
  84 007b 02       		.uleb128 0x2
  85 007c 08       		.byte	0x8
  86 007d 04       		.byte	0x4
  87 007e 1A020000 		.4byte	.LASF11
  88 0082 02       		.uleb128 0x2
  89 0083 01       		.byte	0x1
  90 0084 08       		.byte	0x8
  91 0085 DB010000 		.4byte	.LASF12
  92 0089 02       		.uleb128 0x2
  93 008a 01       		.byte	0x1
  94 008b 02       		.byte	0x2
  95 008c 32020000 		.4byte	.LASF13
  96 0090 05       		.uleb128 0x5
  97 0091 0C       		.byte	0xc
  98 0092 03       		.byte	0x3
  99 0093 68       		.byte	0x68
 100 0094 09       		.byte	0x9
 101 0095 C1000000 		.4byte	0xc1
 102 0099 06       		.uleb128 0x6
 103 009a 6F647200 		.ascii	"odr\000"
 104 009e 03       		.byte	0x3
 105 009f 6A       		.byte	0x6a
 106 00a0 11       		.byte	0x11
 107 00a1 6F000000 		.4byte	0x6f
 108 00a5 00       		.byte	0
 109 00a6 06       		.uleb128 0x6
 110 00a7 63726C00 		.ascii	"crl\000"
 111 00ab 03       		.byte	0x3
 112 00ac 6C       		.byte	0x6c
 113 00ad 11       		.byte	0x11
 114 00ae 6F000000 		.4byte	0x6f
ARM GAS  /tmp/ccc4ABnt.s 			page 3


 115 00b2 04       		.byte	0x4
 116 00b3 06       		.uleb128 0x6
 117 00b4 63726800 		.ascii	"crh\000"
 118 00b8 03       		.byte	0x3
 119 00b9 6E       		.byte	0x6e
 120 00ba 11       		.byte	0x11
 121 00bb 6F000000 		.4byte	0x6f
 122 00bf 08       		.byte	0x8
 123 00c0 00       		.byte	0
 124 00c1 03       		.uleb128 0x3
 125 00c2 8B000000 		.4byte	.LASF14
 126 00c6 03       		.byte	0x3
 127 00c7 6F       		.byte	0x6f
 128 00c8 03       		.byte	0x3
 129 00c9 90000000 		.4byte	0x90
 130 00cd 05       		.uleb128 0x5
 131 00ce 3C       		.byte	0x3c
 132 00cf 03       		.byte	0x3
 133 00d0 78       		.byte	0x78
 134 00d1 09       		.byte	0x9
 135 00d2 18010000 		.4byte	0x118
 136 00d6 07       		.uleb128 0x7
 137 00d7 9E000000 		.4byte	.LASF15
 138 00db 03       		.byte	0x3
 139 00dc 7A       		.byte	0x7a
 140 00dd 19       		.byte	0x19
 141 00de C1000000 		.4byte	0xc1
 142 00e2 00       		.byte	0
 143 00e3 07       		.uleb128 0x7
 144 00e4 D4010000 		.4byte	.LASF16
 145 00e8 03       		.byte	0x3
 146 00e9 7C       		.byte	0x7c
 147 00ea 19       		.byte	0x19
 148 00eb C1000000 		.4byte	0xc1
 149 00ef 0C       		.byte	0xc
 150 00f0 07       		.uleb128 0x7
 151 00f1 01020000 		.4byte	.LASF17
 152 00f5 03       		.byte	0x3
 153 00f6 7E       		.byte	0x7e
 154 00f7 19       		.byte	0x19
 155 00f8 C1000000 		.4byte	0xc1
 156 00fc 18       		.byte	0x18
 157 00fd 07       		.uleb128 0x7
 158 00fe 43000000 		.4byte	.LASF18
 159 0102 03       		.byte	0x3
 160 0103 80       		.byte	0x80
 161 0104 19       		.byte	0x19
 162 0105 C1000000 		.4byte	0xc1
 163 0109 24       		.byte	0x24
 164 010a 07       		.uleb128 0x7
 165 010b 76000000 		.4byte	.LASF19
 166 010f 03       		.byte	0x3
 167 0110 83       		.byte	0x83
 168 0111 19       		.byte	0x19
 169 0112 C1000000 		.4byte	0xc1
 170 0116 30       		.byte	0x30
 171 0117 00       		.byte	0
ARM GAS  /tmp/ccc4ABnt.s 			page 4


 172 0118 03       		.uleb128 0x3
 173 0119 90010000 		.4byte	.LASF20
 174 011d 03       		.byte	0x3
 175 011e 8D       		.byte	0x8d
 176 011f 03       		.byte	0x3
 177 0120 CD000000 		.4byte	0xcd
 178 0124 08       		.uleb128 0x8
 179 0125 18010000 		.4byte	0x118
 180 0129 09       		.uleb128 0x9
 181 012a 9A010000 		.4byte	.LASF24
 182 012e 03       		.byte	0x3
 183 012f 6701     		.2byte	0x167
 184 0131 18       		.byte	0x18
 185 0132 24010000 		.4byte	0x124
 186 0136 0A       		.uleb128 0xa
 187 0137 57000000 		.4byte	.LASF25
 188 013b 04       		.byte	0x4
 189 013c 38       		.byte	0x38
 190 013d 06       		.byte	0x6
 191 013e 0B       		.uleb128 0xb
 192 013f E0010000 		.4byte	.LASF26
 193 0143 05       		.byte	0x5
 194 0144 4E01     		.2byte	0x14e
 195 0146 14       		.byte	0x14
 196 0147 00       		.byte	0
 197              		.section	.gnu.debuglto_.debug_abbrev,"e",%progbits
 198              	.Ldebug_abbrev0:
 199 0000 01       		.uleb128 0x1
 200 0001 11       		.uleb128 0x11
 201 0002 01       		.byte	0x1
 202 0003 25       		.uleb128 0x25
 203 0004 0E       		.uleb128 0xe
 204 0005 13       		.uleb128 0x13
 205 0006 0B       		.uleb128 0xb
 206 0007 03       		.uleb128 0x3
 207 0008 0E       		.uleb128 0xe
 208 0009 1B       		.uleb128 0x1b
 209 000a 0E       		.uleb128 0xe
 210 000b 10       		.uleb128 0x10
 211 000c 17       		.uleb128 0x17
 212 000d 00       		.byte	0
 213 000e 00       		.byte	0
 214 000f 02       		.uleb128 0x2
 215 0010 24       		.uleb128 0x24
 216 0011 00       		.byte	0
 217 0012 0B       		.uleb128 0xb
 218 0013 0B       		.uleb128 0xb
 219 0014 3E       		.uleb128 0x3e
 220 0015 0B       		.uleb128 0xb
 221 0016 03       		.uleb128 0x3
 222 0017 0E       		.uleb128 0xe
 223 0018 00       		.byte	0
 224 0019 00       		.byte	0
 225 001a 03       		.uleb128 0x3
 226 001b 16       		.uleb128 0x16
 227 001c 00       		.byte	0
 228 001d 03       		.uleb128 0x3
ARM GAS  /tmp/ccc4ABnt.s 			page 5


 229 001e 0E       		.uleb128 0xe
 230 001f 3A       		.uleb128 0x3a
 231 0020 0B       		.uleb128 0xb
 232 0021 3B       		.uleb128 0x3b
 233 0022 0B       		.uleb128 0xb
 234 0023 39       		.uleb128 0x39
 235 0024 0B       		.uleb128 0xb
 236 0025 49       		.uleb128 0x49
 237 0026 13       		.uleb128 0x13
 238 0027 00       		.byte	0
 239 0028 00       		.byte	0
 240 0029 04       		.uleb128 0x4
 241 002a 24       		.uleb128 0x24
 242 002b 00       		.byte	0
 243 002c 0B       		.uleb128 0xb
 244 002d 0B       		.uleb128 0xb
 245 002e 3E       		.uleb128 0x3e
 246 002f 0B       		.uleb128 0xb
 247 0030 03       		.uleb128 0x3
 248 0031 08       		.uleb128 0x8
 249 0032 00       		.byte	0
 250 0033 00       		.byte	0
 251 0034 05       		.uleb128 0x5
 252 0035 13       		.uleb128 0x13
 253 0036 01       		.byte	0x1
 254 0037 0B       		.uleb128 0xb
 255 0038 0B       		.uleb128 0xb
 256 0039 3A       		.uleb128 0x3a
 257 003a 0B       		.uleb128 0xb
 258 003b 3B       		.uleb128 0x3b
 259 003c 0B       		.uleb128 0xb
 260 003d 39       		.uleb128 0x39
 261 003e 0B       		.uleb128 0xb
 262 003f 01       		.uleb128 0x1
 263 0040 13       		.uleb128 0x13
 264 0041 00       		.byte	0
 265 0042 00       		.byte	0
 266 0043 06       		.uleb128 0x6
 267 0044 0D       		.uleb128 0xd
 268 0045 00       		.byte	0
 269 0046 03       		.uleb128 0x3
 270 0047 08       		.uleb128 0x8
 271 0048 3A       		.uleb128 0x3a
 272 0049 0B       		.uleb128 0xb
 273 004a 3B       		.uleb128 0x3b
 274 004b 0B       		.uleb128 0xb
 275 004c 39       		.uleb128 0x39
 276 004d 0B       		.uleb128 0xb
 277 004e 49       		.uleb128 0x49
 278 004f 13       		.uleb128 0x13
 279 0050 38       		.uleb128 0x38
 280 0051 0B       		.uleb128 0xb
 281 0052 00       		.byte	0
 282 0053 00       		.byte	0
 283 0054 07       		.uleb128 0x7
 284 0055 0D       		.uleb128 0xd
 285 0056 00       		.byte	0
ARM GAS  /tmp/ccc4ABnt.s 			page 6


 286 0057 03       		.uleb128 0x3
 287 0058 0E       		.uleb128 0xe
 288 0059 3A       		.uleb128 0x3a
 289 005a 0B       		.uleb128 0xb
 290 005b 3B       		.uleb128 0x3b
 291 005c 0B       		.uleb128 0xb
 292 005d 39       		.uleb128 0x39
 293 005e 0B       		.uleb128 0xb
 294 005f 49       		.uleb128 0x49
 295 0060 13       		.uleb128 0x13
 296 0061 38       		.uleb128 0x38
 297 0062 0B       		.uleb128 0xb
 298 0063 00       		.byte	0
 299 0064 00       		.byte	0
 300 0065 08       		.uleb128 0x8
 301 0066 26       		.uleb128 0x26
 302 0067 00       		.byte	0
 303 0068 49       		.uleb128 0x49
 304 0069 13       		.uleb128 0x13
 305 006a 00       		.byte	0
 306 006b 00       		.byte	0
 307 006c 09       		.uleb128 0x9
 308 006d 34       		.uleb128 0x34
 309 006e 00       		.byte	0
 310 006f 03       		.uleb128 0x3
 311 0070 0E       		.uleb128 0xe
 312 0071 3A       		.uleb128 0x3a
 313 0072 0B       		.uleb128 0xb
 314 0073 3B       		.uleb128 0x3b
 315 0074 05       		.uleb128 0x5
 316 0075 39       		.uleb128 0x39
 317 0076 0B       		.uleb128 0xb
 318 0077 49       		.uleb128 0x49
 319 0078 13       		.uleb128 0x13
 320 0079 3F       		.uleb128 0x3f
 321 007a 19       		.uleb128 0x19
 322 007b 3C       		.uleb128 0x3c
 323 007c 19       		.uleb128 0x19
 324 007d 00       		.byte	0
 325 007e 00       		.byte	0
 326 007f 0A       		.uleb128 0xa
 327 0080 2E       		.uleb128 0x2e
 328 0081 00       		.byte	0
 329 0082 3F       		.uleb128 0x3f
 330 0083 19       		.uleb128 0x19
 331 0084 03       		.uleb128 0x3
 332 0085 0E       		.uleb128 0xe
 333 0086 3A       		.uleb128 0x3a
 334 0087 0B       		.uleb128 0xb
 335 0088 3B       		.uleb128 0x3b
 336 0089 0B       		.uleb128 0xb
 337 008a 39       		.uleb128 0x39
 338 008b 0B       		.uleb128 0xb
 339 008c 27       		.uleb128 0x27
 340 008d 19       		.uleb128 0x19
 341 008e 00       		.byte	0
 342 008f 00       		.byte	0
ARM GAS  /tmp/ccc4ABnt.s 			page 7


 343 0090 0B       		.uleb128 0xb
 344 0091 2E       		.uleb128 0x2e
 345 0092 00       		.byte	0
 346 0093 03       		.uleb128 0x3
 347 0094 0E       		.uleb128 0xe
 348 0095 3A       		.uleb128 0x3a
 349 0096 0B       		.uleb128 0xb
 350 0097 3B       		.uleb128 0x3b
 351 0098 05       		.uleb128 0x5
 352 0099 39       		.uleb128 0x39
 353 009a 0B       		.uleb128 0xb
 354 009b 27       		.uleb128 0x27
 355 009c 19       		.uleb128 0x19
 356 009d 00       		.byte	0
 357 009e 00       		.byte	0
 358 009f 00       		.byte	0
 359              		.section	.gnu.debuglto_.debug_line,"e",%progbits
 360              	.Ldebug_line0:
 361 0000 F7000000 		.4byte	.LELT0-.LSLT0
 362              	.LSLT0:
 363 0004 0400     		.2byte	0x4
 364 0006 F1000000 		.4byte	.LELTP0-.LASLTP0
 365              	.LASLTP0:
 366 000a 01       		.byte	0x1
 367 000b 01       		.byte	0x1
 368 000c 01       		.byte	0x1
 369 000d F6       		.byte	0xf6
 370 000e F2       		.byte	0xf2
 371 000f 0D       		.byte	0xd
 372 0010 00       		.byte	0
 373 0011 01       		.byte	0x1
 374 0012 01       		.byte	0x1
 375 0013 01       		.byte	0x1
 376 0014 01       		.byte	0x1
 377 0015 00       		.byte	0
 378 0016 00       		.byte	0
 379 0017 00       		.byte	0
 380 0018 01       		.byte	0x1
 381 0019 00       		.byte	0
 382 001a 00       		.byte	0
 383 001b 01       		.byte	0x1
 384 001c 2E2E2F43 		.ascii	"../ChibiOS/os/hal/ports/STM32/LLD/GPIOv1"
 384      68696269 
 384      4F532F6F 
 384      732F6861 
 384      6C2F706F 
 385 0044 00       		.byte	0
 386 0045 2E2E2F43 		.ascii	"../ChibiOS/os/hal/src"
 386      68696269 
 386      4F532F6F 
 386      732F6861 
 386      6C2F7372 
 387 005a 00       		.byte	0
 388 005b 2E2E2F46 		.ascii	"../FreeRTOS/include"
 388      72656552 
 388      544F532F 
 388      696E636C 
ARM GAS  /tmp/ccc4ABnt.s 			page 8


 388      756465
 389 006e 00       		.byte	0
 390 006f 2F757372 		.ascii	"/usr/arm-none-eabi/include/machine"
 390      2F61726D 
 390      2D6E6F6E 
 390      652D6561 
 390      62692F69 
 391 0091 00       		.byte	0
 392 0092 2F757372 		.ascii	"/usr/arm-none-eabi/include/sys"
 392      2F61726D 
 392      2D6E6F6E 
 392      652D6561 
 392      62692F69 
 393 00b0 00       		.byte	0
 394 00b1 00       		.byte	0
 395 00b2 5F646566 		.ascii	"_default_types.h\000"
 395      61756C74 
 395      5F747970 
 395      65732E68 
 395      00
 396 00c3 04       		.uleb128 0x4
 397 00c4 00       		.uleb128 0
 398 00c5 00       		.uleb128 0
 399 00c6 5F737464 		.ascii	"_stdint.h\000"
 399      696E742E 
 399      6800
 400 00d0 05       		.uleb128 0x5
 401 00d1 00       		.uleb128 0
 402 00d2 00       		.uleb128 0
 403 00d3 68616C5F 		.ascii	"hal_pal_lld.h\000"
 403      70616C5F 
 403      6C6C642E 
 403      6800
 404 00e1 01       		.uleb128 0x1
 405 00e2 00       		.uleb128 0
 406 00e3 00       		.uleb128 0
 407 00e4 68616C2E 		.ascii	"hal.c\000"
 407      6300
 408 00ea 02       		.uleb128 0x2
 409 00eb 00       		.uleb128 0
 410 00ec 00       		.uleb128 0
 411 00ed 6F73616C 		.ascii	"osal_ch.h\000"
 411      5F63682E 
 411      6800
 412 00f7 03       		.uleb128 0x3
 413 00f8 00       		.uleb128 0
 414 00f9 00       		.uleb128 0
 415 00fa 00       		.byte	0
 416              	.LELTP0:
 417              	.LELT0:
 418              		.section	.gnu.debuglto_.debug_str,"eMS",%progbits,1
 419              	.LASF23:
 420 0000 2F686F6D 		.ascii	"/home/fminucci/hardware/electrosense-converter-firm"
 420      652F666D 
 420      696E7563 
 420      63692F68 
 420      61726477 
ARM GAS  /tmp/ccc4ABnt.s 			page 9


 421 0033 77617265 		.ascii	"wareV2/firmware\000"
 421      56322F66 
 421      69726D77 
 421      61726500 
 422              	.LASF18:
 423 0043 50444461 		.ascii	"PDData\000"
 423      746100
 424              	.LASF8:
 425 004a 756E7369 		.ascii	"unsigned int\000"
 425      676E6564 
 425      20696E74 
 425      00
 426              	.LASF25:
 427 0057 68616C49 		.ascii	"halInit\000"
 427      6E697400 
 428              	.LASF7:
 429 005f 6C6F6E67 		.ascii	"long long unsigned int\000"
 429      206C6F6E 
 429      6720756E 
 429      7369676E 
 429      65642069 
 430              	.LASF19:
 431 0076 50454461 		.ascii	"PEData\000"
 431      746100
 432              	.LASF1:
 433 007d 756E7369 		.ascii	"unsigned char\000"
 433      676E6564 
 433      20636861 
 433      7200
 434              	.LASF14:
 435 008b 73746D33 		.ascii	"stm32_gpio_setup_t\000"
 435      325F6770 
 435      696F5F73 
 435      65747570 
 435      5F7400
 436              	.LASF15:
 437 009e 50414461 		.ascii	"PAData\000"
 437      746100
 438              	.LASF5:
 439 00a5 6C6F6E67 		.ascii	"long unsigned int\000"
 439      20756E73 
 439      69676E65 
 439      6420696E 
 439      7400
 440              	.LASF21:
 441 00b7 474E5520 		.ascii	"GNU C17 10.2.0 -mcpu=cortex-m3 -mno-thumb-interwork"
 441      43313720 
 441      31302E32 
 441      2E30202D 
 441      6D637075 
 442 00ea 202D6D74 		.ascii	" -mthumb -mfloat-abi=soft -march=armv7-m -ggdb -Os "
 442      68756D62 
 442      202D6D66 
 442      6C6F6174 
 442      2D616269 
 443 011d 2D666F6D 		.ascii	"-fomit-frame-pointer -falign-functions=16 -ffunctio"
 443      69742D66 
ARM GAS  /tmp/ccc4ABnt.s 			page 10


 443      72616D65 
 443      2D706F69 
 443      6E746572 
 444 0150 6E2D7365 		.ascii	"n-sections -fdata-sections -fno-common -flto\000"
 444      6374696F 
 444      6E73202D 
 444      66646174 
 444      612D7365 
 445              	.LASF3:
 446 017d 73686F72 		.ascii	"short unsigned int\000"
 446      7420756E 
 446      7369676E 
 446      65642069 
 446      6E7400
 447              	.LASF20:
 448 0190 50414C43 		.ascii	"PALConfig\000"
 448      6F6E6669 
 448      6700
 449              	.LASF24:
 450 019a 70616C5F 		.ascii	"pal_default_config\000"
 450      64656661 
 450      756C745F 
 450      636F6E66 
 450      696700
 451              	.LASF9:
 452 01ad 5F5F7569 		.ascii	"__uint32_t\000"
 452      6E743332 
 452      5F7400
 453              	.LASF22:
 454 01b8 2E2E2F43 		.ascii	"../ChibiOS/os/hal/src/hal.c\000"
 454      68696269 
 454      4F532F6F 
 454      732F6861 
 454      6C2F7372 
 455              	.LASF16:
 456 01d4 50424461 		.ascii	"PBData\000"
 456      746100
 457              	.LASF12:
 458 01db 63686172 		.ascii	"char\000"
 458      00
 459              	.LASF26:
 460 01e0 6F73616C 		.ascii	"osalInit\000"
 460      496E6974 
 460      00
 461              	.LASF6:
 462 01e9 6C6F6E67 		.ascii	"long long int\000"
 462      206C6F6E 
 462      6720696E 
 462      7400
 463              	.LASF2:
 464 01f7 73686F72 		.ascii	"short int\000"
 464      7420696E 
 464      7400
 465              	.LASF17:
 466 0201 50434461 		.ascii	"PCData\000"
 466      746100
 467              	.LASF10:
ARM GAS  /tmp/ccc4ABnt.s 			page 11


 468 0208 75696E74 		.ascii	"uint32_t\000"
 468      33325F74 
 468      00
 469              	.LASF4:
 470 0211 6C6F6E67 		.ascii	"long int\000"
 470      20696E74 
 470      00
 471              	.LASF11:
 472 021a 6C6F6E67 		.ascii	"long double\000"
 472      20646F75 
 472      626C6500 
 473              	.LASF0:
 474 0226 7369676E 		.ascii	"signed char\000"
 474      65642063 
 474      68617200 
 475              	.LASF13:
 476 0232 5F426F6F 		.ascii	"_Bool\000"
 476      6C00
 477              		.text
 478              		.section	.gnu.lto_.profile.c504bad99ef3068,"e",%progbits
 479 0000 789C6362 		.ascii	"x\234cb\000\001\000\000\022\000\003"
 479      00010000 
 479      120003
 480              		.text
 481              		.section	.gnu.lto_.icf.c504bad99ef3068,"e",%progbits
 482 0000 789CE360 		.ascii	"x\234\343`@\000F\206\267\337\016,fe\000\000\020\013"
 482      40004686 
 482      B7DF0E2C 
 482      66650000 
 482      100B
 483 0012 0355     		.ascii	"\003U"
 484              		.text
 485              		.section	.gnu.lto_.jmpfuncs.c504bad99ef3068,"e",%progbits
 486 0000 789CF361 		.ascii	"x\234\363a@\000F\004\223\211y93P\340\000\013#\003\020"
 486      40004604 
 486      93897939 
 486      3350E000 
 486      0B230310 
 487 0014 FFF9FFFF 		.ascii	"\377\371\377\377??#\323lf\306m\235oWrNb^\314\314\300"
 487      3F3F23D3 
 487      6C66C66D 
 487      9D6F5772 
 487      4E625ECC 
 488 002a C8C8B885 		.ascii	"\310\310\270\205Q\032(\324\263\350V33D\350?X\335VFi"
 488      511A28D4 
 488      B3E85633 
 488      3344E83F 
 488      58DD5646 
 489 003f 060600B4 		.ascii	"\006\006\000\264\017\025d"
 489      0F1564
 490              		.text
 491              		.section	.gnu.lto_.ipa_sra.c504bad99ef3068,"e",%progbits
 492 0000 789C1367 		.ascii	"x\234\023g@\000F\020\302\204\000\003\315\000#"
 492      40004610 
 492      C2840003 
 492      CD0023
 493              		.text
ARM GAS  /tmp/ccc4ABnt.s 			page 12


 494              		.section	.gnu.lto_.inline.c504bad99ef3068,"e",%progbits
 495 0000 789C8B66 		.ascii	"x\234\213f@\000F\006\006\336\206\206\206/L\231\214\014"
 495      40004606 
 495      06DE8686 
 495      862F4C99 
 495      8C0C
 496 0012 4C0C0C8D 		.ascii	"L\014\014\215@v\035\003\003\033\220j`Ja\002\01110r1"
 496      40761D03 
 496      031B906A 
 496      604A6102 
 496      09313072 
 497 0027 10493271 		.ascii	"\020I2q\203M\204p\030\000\203\305\010\241"
 497      834D8470 
 497      180083C5 
 497      08A1
 498              		.text
 499              		.section	.gnu.lto_.pureconst.c504bad99ef3068,"e",%progbits
 500 0000 789C6361 		.ascii	"x\234ca```d\230\301\002\000\001`\000\242"
 500      60606064 
 500      98C10200 
 500      016000A2 
 501              		.text
 502              		.section	.gnu.lto_.lto.c504bad99ef3068,"e",%progbits
 503 0000 09000000 		.ascii	"\011\000\000\000\001\000\000\000"
 503      01000000 
 504              		.text
 505              		.section	.gnu.lto_halInit.88.c504bad99ef3068,"e",%progbits
 506 0000 789C8592 		.ascii	"x\234\205\222\317+DQ\024\307\317\367\335\231\361\374"
 506      CF2B4451 
 506      14C7CFF7 
 506      DD99F1FC 
 507 0010 B6B0203F 		.ascii	"\266\260 ?\262\265\231\371\013\224\022[\205\275\030"
 507      B2B599F9 
 507      0B94125B 
 507      85BD18
 508 001f 53333551 		.ascii	"S35Qd\355\316\217\262PF~D1\205\207\261\221\344\2671"
 508      64EDCE8F 
 508      B250467E 
 508      44318587 
 508      B191E4B7 
 509 0034 3C76CACA 		.ascii	"<v\312\312\302J\012e\241Db'\343\274\373\250\247\324"
 509      C24A0A65 
 509      A1446227 
 509      E3BCFBA8 
 509      A7D4
 510 0046 BB75BBE7 		.ascii	"\273u\273\347\234\357\367sn\347vo4\242&\"\252\343\015"
 510      9CEFF773 
 510      6EE7766F 
 510      34A22622 
 510      AAE30D
 511 0059 41D0A494 		.ascii	"A\320\244\224\315\0051]\003T$u\320\210\206\021L\211"
 511      CD05315D 
 511      03542475 
 511      D0888611 
 511      4C89
 512 006b 7981F3D1 		.ascii	"y\201\363\321\307C\2551\303\2124g_\253\345\272\011C"
 512      C743AD31 
ARM GAS  /tmp/ccc4ABnt.s 			page 13


 512      C38A3467 
 512      5FABE5BA 
 512      0943
 513 007d 10A579DB 		.ascii	"\020\245y\333\013;h$b\347\375\326\327L\251\317\363#"
 513      0B3B6824 
 513      62E7FDD6 
 513      D74CA9CF 
 513      F323
 514 008f 61173E02 		.ascii	"a\027>\002\007\233W^S~\346SR^\264ffPL\224\022d\265\363"
 514      079B575E 
 514      537EE653 
 514      525EB466 
 514      66504C94 
 515 00a7 409A4413 		.ascii	"@\232D\023B\263\223\004'O\220\313/5\012\345\360!\177"
 515      42B39304 
 515      274F90CB 
 515      2F350AE5 
 515      F0217F
 516 00ba B7BD05BB 		.ascii	"\267\275\005\273jl\330\301\375\330\227O\351\257H4\250"
 516      6A6CD8C1 
 516      FDD8974F 
 516      E9AF4834 
 516      A8
 517 00cb 806F4EAF 		.ascii	"\200oN\257_\346\013\223\210\307t\203\023\301N\354!\011"
 517      5FE60B93 
 517      88C77483 
 517      13C14EEC 
 517      2109
 518 00dd 3284A6E0 		.ascii	"2\204\246\340\325\222\037$\371/\"\322\354#\354[\010"
 518      D5921F24 
 518      F92F22D2 
 518      EC23EC5B 
 518      08
 519 00ee 4BE38997 		.ascii	"K\343\211\227[}R\030\302\243\322\354{\356I9\253\270"
 519      5B7D5218 
 519      C2A3D2EC 
 519      7BEE4939 
 519      ABB8
 520 0100 92B166E3 		.ascii	"\222\261f\343\342\331uv\251d\015+\261\012Cxq\310$\016"
 520      E2D97576 
 520      A9640D2B 
 520      B10A4378 
 520      71C8240E 
 521 0114 50A3A4E9 		.ascii	"P\243\244\351\205\253\305\"\313?'e\203\325\344\010k"
 521      85ABC522 
 521      CB3F2765 
 521      83D5E408 
 521      6B
 522 0125 B05F23CB 		.ascii	"\260_#\313>C\250\331\2267J\335\306\340\253p\354\034"
 522      3E43A8D9 
 522      96374ADD 
 522      C6E0AB70 
 522      EC1C
 523 0137 63B7CC0D 		.ascii	"c\267\314\015\3610\222s\"\317\256\210\227\221\223?\217"
 523      F1309273 
 523      22CFAE88 
 523      9791933F 
ARM GAS  /tmp/ccc4ABnt.s 			page 14


 523      8F
 524 0148 55EE86F8 		.ascii	"U\356\206\370\0309u\"9W\244\200\021\323\211|\270\":"
 524      18397522 
 524      3957A480 
 524      11D3897C 
 524      B8223A
 525 015b 23674EE4 		.ascii	"#gN\344\256\322\015)d\344\374\027yC|\221\377\233\262"
 525      AED20D29 
 525      64E4FC17 
 525      79437C91 
 525      FF9BB2
 526 016e 5A2B2560 		.ascii	"Z+%`\177\264\270i\245\265~\177\240%\034\351\215\264"
 526      7FB4B869 
 526      A5B57E7F 
 526      A0251CE9 
 526      8DB4
 527 0180 77060686 		.ascii	"w\006\006\206\002\341\236h`h0h\235\376 \325\263\330"
 527      02E19E68 
 527      60683068 
 527      9DFE20D5 
 527      B3D8
 528 0192 36180A75 		.ascii	"6\030\012ut\261\032\351\017F\207\373B\354\352\211v\007"
 528      74B11AE9 
 528      0F4687FB 
 528      42ECEA89 
 528      7607
 529 01a4 C3FE307D 		.ascii	"\303\3760}\0035\304\363&"
 529      0335C4F3 
 529      26
 530              		.text
 531              		.section	.gnu.lto_.symbol_nodes.c504bad99ef3068,"e",%progbits
 532 0000 789C7590 		.ascii	"x\234u\220\271\021\302@\014\000W\226\355\263M\021\320"
 532      B911C240 
 532      0C005796 
 532      EDB34D11 
 532      D0
 533 0011 A94C424C 		.ascii	"\251LBL\021TA\021\304\374\337\320\007\310X\251\224\334"
 533      11544111 
 533      C4FCDFD0 
 533      07C858A9 
 533      94DC
 534 0023 CEAE2ED1 		.ascii	"\316\256.\321F\200\352\2101\372\324\262=\340\314~\\"
 534      4680EA88 
 534      31FAD4B2 
 534      3DE0CC7E 
 534      5C
 535 0034 0B5382E6 		.ascii	"\013S\202\346\002+\177\345\215\3117f\371_d\3724m\311"
 535      022B7FE5 
 535      8DC93766 
 535      F95F64FA 
 535      346DC9
 536 0047 0BABB2F6 		.ascii	"\013\253\262\366\3044k\017\254\316\332\035k\262v\303"
 536      C4346B0F 
 536      ACCEDA1D 
 536      6BB276C3 
 537 0057 DAAC5DB1 		.ascii	"\332\254]\261\222\2653\326e\355\204\365IS\206\371<;"
 537      92B533D6 
ARM GAS  /tmp/ccc4ABnt.s 			page 15


 537      65ED84F5 
 537      495386F9 
 537      3C3B
 538 0069 51FA193F 		.ascii	"Q\372\031?\216]\330V)a\035\333\260Ei\302:\326a\007E"
 538      8E5DD856 
 538      29611DDB 
 538      B04569C2 
 538      3AD66107 
 539 007e C33A5661 		.ascii	"\303:Va\027\374\000U?\221%"
 539      17FC0055 
 539      3F9125
 540              		.text
 541              		.section	.gnu.lto_.refs.c504bad99ef3068,"e",%progbits
 542 0000 789C6367 		.ascii	"x\234cg```d`bdg`\000\000\000\202\000\023"
 542      60606064 
 542      60626467 
 542      60000000 
 542      820013
 543              		.text
 544              		.section	.gnu.lto_.decls.c504bad99ef3068,"e",%progbits
 545 0000 789C8D96 		.ascii	"x\234\215\226\177P\024G\026\307\373M/\273\313\260\010"
 545      7F501447 
 545      16C7FB4D 
 545      2FBBCBB0 
 545      08
 546 0011 0778A6CA 		.ascii	"\007x\246\312\213G\245H\271UWaa1\321\253\312\037D\215"
 546      8B47A548 
 546      B9555761 
 546      6131D1AB 
 546      CA1F448D 
 547 0025 492A5EA4 		.ascii	"I*^\244\316\344\217\344\376\240\220A\331*\024\212]r"
 547      CEE48FE4 
 547      FEA09041 
 547      D92A148A 
 547      5D72
 548 0037 56DD3F83 		.ascii	"V\335?\203\210\022\343\2511\232\012b\224H.\027(\374"
 548      8812E3A9 
 548      319A0A62 
 548      94482E17 
 548      28FC
 549 0049 91200601 		.ascii	"\221 \006\001\225\210\036?\324\204\230\200?\000E~.\240"
 549      95881E3F 
 549      D4849880 
 549      3F00457E 
 549      2EA0
 550 005b 4294DF1A 		.ascii	"B\224\337\032\271\327\3353\273C0\226[\274\351\351\356"
 550      B9D7DD33 
 550      BB433096 
 550      5BBCE9E9 
 550      EE
 551 006c 6F7FDEEB 		.ascii	"o\177\336\3537oz\250\222\011)\227\010\251&\204L\343"
 551      376F7AA8 
 551      92092997 
 551      08A92684 
 551      4CE3
 552 007e 0F6FC98F 		.ascii	"\017o\311\217h\200v\235\210\037J\310-\264.\264\036\264"
 552      6880769D 
ARM GAS  /tmp/ccc4ABnt.s 			page 16


 552      881F4AC8 
 552      2DB42EB4 
 552      1EB4
 553 0090 3EB47EB4 		.ascii	">\264~\264A\264;hChch\023\332\272)2\363W\213\203\026"
 553      41B43B68 
 553      43686368 
 553      13DABA29 
 553      32F3578B 
 554 00a6 6C53D11E 		.ascii	"lS\321\036\240u\240=\324\370\327\320F\177\343gB\343"
 554      A075A03D 
 554      D4F8D7D0 
 554      467FE367 
 554      42E3
 555 00b8 0D69FC41 		.ascii	"\015i\374A\315_\237\346\277\353w\374\024P\270\261\351"
 555      CD5F9FE6 
 555      BFEB77FC 
 555      1450B8B1 
 555      E9
 556 00c9 B309DB6E 		.ascii	"\263\011\333n\012a2\230\260\273\247\361x\203\214\335"
 556      0A613298 
 556      B0BBA7F1 
 556      78838CDD 
 557 00d9 081922B1 		.ascii	"\010\031\"\261[\373mk\277$fc\260[<\272\243@\026]\033"
 557      5BFB6D6B 
 557      BF246663 
 557      B05B3CBA 
 557      A340165D 
 558 00ee 762B9B2F 		.ascii	"v+\233/\034\232#\304\035\304\2608L,\336\261\263\354"
 558      1C9A23C4 
 558      1DC4B038 
 558      4C2CDEB1 
 558      B3EC
 559 0100 6B994AC0 		.ascii	"k\231J\300\246\316L\177r\306$\246\254\330-:_9\025D\003"
 559      A6CE4C7F 
 559      72C624A6 
 559      ACD82D3A 
 559      5F391544 
 560 0115 F954F596 		.ascii	"\371T\365\226_O[pj\241\014,\237!8T7t\347g\020CL\361"
 560      5F4F5B70 
 560      6AA10C2C 
 560      9F213854 
 560      3774E767 
 561 012d 61CFD1E3 		.ascii	"a\317\321\343f\032\314\357{r/L\330\034\207U\361\263"
 561      661ACCEF 
 561      7B722F4C 
 561      D81C8755 
 561      F1B3
 562 013f BE4BE00C 		.ascii	"\276K\340\014P\276\031g\020\233/\376\342\243Cf\272\224"
 562      50BE1967 
 562      109B2FFE 
 562      E2A34366 
 562      BA94
 563 0151 6B1B0FF4 		.ascii	"k\033\017\364TS9OU7\25159j\330\353\004\312a>\034\207"
 563      5453394F 
 563      5537A935 
 563      396AD8EB 
 563      04CA613E 
ARM GAS  /tmp/ccc4ABnt.s 			page 17


 564 0167 F904BE03 		.ascii	"\371\004\276\003N\257\001\007\234\306\261S8\206\013"
 564      4EAF0107 
 564      9CC6B153 
 564      38860B
 565 0176 3A2BDBB2 		.ascii	":+\333\262%\372&_\374h[\3650\245\253\330\275\251\356"
 565      25FA265F 
 565      FC685BF5 
 565      30A5ABD8 
 565      BDA9EE
 566 0189 54436E10 		.ascii	"TCn\020\204GEE}\304\274\206\"\251\002W}\213\253\010"
 566      84474545 
 566      7DC4BC86 
 566      22A90257 
 566      7D8BAB08 
 567 019d 9C8770CE 		.ascii	"\234\207p\316\251\203(\370\037Z=D\261p\016q\2677\367"
 567      A98328F8 
 567      1F5A3D44 
 567      B1700E71 
 567      B737F7
 568 01b0 C57C7679 		.ascii	"\305|vyXUw\307\300Y\220\241\032\3352\275\036\007\001"
 568      585577C7 
 568      C05990A1 
 568      1ADD32BD 
 568      1E0701
 569 01c3 07BB94B3 		.ascii	"\007\273\224\263[\261\340\362\263\373\325\232\3156\256"
 569      5BB1E0F2 
 569      B3FBD59A 
 569      CD36AE
 570 01d2 AE7DBC3A 		.ascii	"\256}\274:\326'\276g\020\237\233%\256\002]\315\036\300"
 570      D627BE67 
 570      109F9B25 
 570      AE025DCD 
 570      1EC0
 571 01e4 A3CD4D66 		.ascii	"\243\315Mf\372!\360\275\025\014\234\354\226\303g\355"
 571      FA21F0BD 
 571      150C9CEC 
 571      96C367ED 
 572 01f4 051A34C6 		.ascii	"\005\0324\306c\266\203\253\016\237\330^`\021\317\360"
 572      63B683AB 
 572      0E9FD85E 
 572      6011CFF0 
 573 0204 19EC965F 		.ascii	"\031\354\226_\252\270\021@\017\010b\333\275\226\255"
 573      AAB81140 
 573      0F0862DB 
 573      BD96AD
 574 0213 41F43FA2 		.ascii	"A\364?\242s\364\341\236\377\232i\251\350\034\376\365"
 574      73F4E19E 
 574      FF9A69A9 
 574      E81CFEF5 
 575 0223 E416AD28 		.ascii	"\344\026\255(^fEQR4\240\025X\007\305\376\266\362\217"
 575      5E664551 
 575      5234A015 
 575      5807C5FE 
 575      B6F28F
 576 0236 8B426819 		.ascii	"\213Bh\031\327\232\273\0166\005\000f9*<\352\020\013"
 576      D79ABB0E 
 576      36050066 
ARM GAS  /tmp/ccc4ABnt.s 			page 18


 576      392A3CEA 
 576      100B
 577 0248 AE66EC60 		.ascii	"\256f\354`\330\307\252Z_\003\320\210a]\304\360Z\260"
 577      D8C7AA5A 
 577      5F03D088 
 577      615DC4F0 
 577      5AB0
 578 025a F5E7FE02 		.ascii	"\365\347\376\002\030\022\202\372\353\366l\236\020\246"
 578      181282FA 
 578      EBF66C9E 
 578      10A6
 579 0268 FE7196FA 		.ascii	"\376q\226\372\304o\324\235\177\366\253/\315R\213\364"
 579      C46FD49D 
 579      7FF6AB2F 
 579      CD528BF4 
 580 0278 E98F06E5 		.ascii	"\351\217\006\345g\015\360\312Y\362\223~\271/\261M8\373"
 580      670DF0CA 
 580      59F2937E 
 580      B92FB14D 
 580      38FB
 581 028a 031F6FD1 		.ascii	"\003\037o\321\262z\0053\3723\332e\264f\264\237|\305"
 581      B27A0533 
 581      FA33DA65 
 581      B466B49F 
 581      7CC5
 582 029c 820E2E1B 		.ascii	"\202\016.\033\342\371~\226\003\207\341i~7y;7\204V\212"
 582      E2F97E96 
 582      0387E169 
 582      7E37793B 
 582      3784568A 
 583 02b0 0C0F5FFD 		.ascii	"\014\017_\375\362'\233x\232\273T\311\340\026\256j\220"
 583      F2279B78 
 583      9ABB54C9 
 583      E016AE6A 
 583      90
 584 02c1 2778C6F5 		.ascii	"'x\306\365\367v\177Y\036l\333\246\275&\201\257\303\265"
 584      F7767F59 
 584      1E6CDBA6 
 584      BD2681AF 
 584      C3B5
 585 02d3 1965741D 		.ascii	"\031et\035lD4\250\275v\261\344`@\017t\001\276\326\304"
 585      6C4434A8 
 585      BD76B1E4 
 585      60400F74 
 585      01BED6C4 
 586 02e7 A400C0D5 		.ascii	"\244\000\300\325\227\360\"\223\367(\211P%U2+T\222\251"
 586      97F02293 
 586      F7288950 
 586      2555322B 
 586      5492A9
 587 02fa 4C15B91E 		.ascii	"L\025\271\036\026\330Gh\274U\262\207\310\326\257j!T"
 587      16D84768 
 587      BC55B287 
 587      C8D6AF6A 
 587      2154
 588 030c 0EB04A92 		.ascii	"\016\260J\222\327\242\310\366)(\225\012\315\221\361"
 588      D7A2C8F6 
ARM GAS  /tmp/ccc4ABnt.s 			page 19


 588      2928950A 
 588      CD91F1
 589 031b AA49D93E 		.ascii	"\252I\331>\327kQ\245]oE\304\305\343\325k\251\007\005"
 589      D76B51A5 
 589      5D6F45C4 
 589      C5E3D56B 
 589      A90705
 590 032e 572598AC 		.ascii	"W%\230\254\241x\347\265\310#\264\360\337f\345\222\224"
 590      A178E7B5 
 590      C823B4F0 
 590      DF66E592 
 590      94
 591 033f B7102B51 		.ascii	"\267\020+QV\234\021\270\313x\253uA\310Yz\226\256 \304"
 591      569C11B8 
 591      CB78AB75 
 591      41C8597A 
 591      96AE20C4 
 592 0353 6A3D7664 		.ascii	"j=vd\256\354\265\204 \302\256D\206*\221!\365\020\240"
 592      AEECB584 
 592      20C2AE44 
 592      862A9121 
 592      F510A0
 593 0366 2872849D 		.ascii	"(r\204\235`\020\212\323\031/\311H6Y\353\301I\301\346"
 593      60108AD3 
 593      192FC948 
 593      3659EBC1 
 593      49C1E6
 594 0379 546F0DCE 		.ascii	"To\015\316\223A\016\\\020i'D!+$\344\322i\375\007\026"
 594      93410E5C 
 594      10692744 
 594      212B24E4 
 594      D269FD07 
 595 038e F4A9F8BB 		.ascii	"\364\251\370\273\000vYr\342\231\340\305\363X\222\"\011"
 595      00765972 
 595      E299E0C5 
 595      F3589222 
 595      09
 596 039f 514D569B 		.ascii	"QMV\233\015Tl\002\023\337T\022\2342\361Z$\234\2120\201"
 596      0D546C02 
 596      13DF5412 
 596      9C32F15A 
 596      249C8A30 
 597 03b4 2A817FA5 		.ascii	"*\201\177\245l\306#w\273E\034\264\300\376\200\375\211"
 597      6CC62377 
 597      BB451CB4 
 597      C0FE80FD 
 597      89
 598 03c5 0B611D62 		.ascii	"\013a\035bt\303\307\231\022\023\013\342\264\326G}\215"
 598      74C3C799 
 598      12130BE2 
 598      B4D6477D 
 598      8D
 599 03d6 762F0482 		.ascii	"v/\004\202#i'9\200\356\204h\263\006\270?\006-\016\235"
 599      23692739 
 599      80EE8468 
 599      B306B83F 
 599      062D0E9D 
ARM GAS  /tmp/ccc4ABnt.s 			page 20


 600 03ea A3FB31C4 		.ascii	"\243\3731\304\350\217\225H\232K\311\270\206\257\233"
 600      E88F9548 
 600      9A4BC9B8 
 600      86AF9B
 601 03f9 11B81F49 		.ascii	"\021\270\037I|X=$\002\276\017\315\344\366\221\2069\275"
 601      7C583D24 
 601      02BE0FCD 
 601      E4F69186 
 601      39BD
 602 040b D09DCDEA 		.ascii	"\320\235\315\352\364\376\027\317\022\230\273+\236\210"
 602      F4FE17CF 
 602      1298BB2B 
 602      9E88
 603 0419 022E533B 		.ascii	"\002.S;e\332&\252y\313\371]U\301\342\274\220\260\373"
 603      65DA26AA 
 603      79CBF95D 
 603      55C1E2BC 
 603      90B0FB
 604 042c 7973D326 		.ascii	"ys\323&\020\347E(v\233\312\356VY\346\355e\214c9j\250"
 604      10E74528 
 604      769BCAEE 
 604      5659E6ED 
 604      658C6339 
 605 0442 04A97F84 		.ascii	"\004\251\177\204\233X\2527x\251v\300<\002\351&\341\260"
 605      9B58AA37 
 605      78A976C0 
 605      3C02E926 
 605      E1B0
 606 0454 F44A5D8B 		.ascii	"\364J]\213\365\271B\265\243C\255\351\253\216\354\253"
 606      F5B942B5 
 606      A343ADE9 
 606      AB8EECAB 
 607 0464 50D55CF6 		.ascii	"P\325\\\366\311\3402h\307W\003_\013\036(\336\023h\203"
 607      C9E03268 
 607      C757035F 
 607      0B1E28DE 
 607      136883
 608 0477 5E8056E8 		.ascii	"^\200V\350\001\347\011\334\360-x\016\021\027{\333\377"
 608      01E709DC 
 608      F02D780E 
 608      11177BDB 
 608      FF
 609 0488 45B3C517 		.ascii	"E\263\305\027\254}\357\251|`8|Qo6,)96\254\346\311\202"
 609      AC7DEFA9 
 609      7C60387C 
 609      516F362C 
 609      293936AC 
 610 049f D5696075 		.ascii	"\325i`uj_#|E\030\341\323\352v\325JO\013\304\236\013"
 610      6A5F237C 
 610      4518E1D3 
 610      EA76D54A 
 610      4F0BC49E 
 611 04b4 8D5EAB86 		.ascii	"\215^\253\206\270\177uQ~\205\2729@\020\272\015\204n"
 611      B87F7551 
 611      7E85BA39 
 611      4010BA0D 
 611      846E
ARM GAS  /tmp/ccc4ABnt.s 			page 21


 612 04c6 9DD0C309 		.ascii	"\235\320\303\011\373\307\013\312%:(\010\327\262[O\004"
 612      FBC70BCA 
 612      253A2808 
 612      D7B25B4F 
 612      04
 613 04d7 6B84D61B 		.ascii	"k\204\326\033\213\216\370\011\275\006B\257N\350\343"
 613      8B8EF809 
 613      BD0642AF 
 613      4EE8E3
 614 04e6 84B2C9BC 		.ascii	"\204\262\311\274\002\240\007)'\\).\333\037\240\021\036"
 614      02A00729 
 614      275C292E 
 614      DB1FA011 
 614      1E
 615 04f7 DCB617E4 		.ascii	"\334\266\027\344l\255I\020\004\257\201\340\325\011\375"
 615      6CAD4910 
 615      04AF81E0 
 615      D509FD
 616 0506 9C70AE79 		.ascii	"\234p\256y /\200^\024\204\317\273s\352L\032\241kjI\275"
 616      202F805E 
 616      1484CFBB 
 616      73EA4C1A 
 616      A16B6A49 
 617 051b 3F860103 		.ascii	"?\206\001\003a@'\014r\302\017\215E\017\203\351\244 "
 617      6140270C 
 617      72C20F8D 
 617      450F83E9 
 617      A420
 618 052d 944C1F9F 		.ascii	"\224L\037\237\326\363P\233G\213?\360\305p\333@\270\255"
 618      D6F3509B 
 618      478B3FF0 
 618      C570DB40 
 618      B8AD
 619 053f 13EE7042 		.ascii	"\023\356pBU\313\367\377\240_\2318\240\350\233O\363}"
 619      55CBF7FF 
 619      A05F9938 
 619      A0E89B4F 
 619      F37D
 620 0551 801DB420 		.ascii	"\200\035\264 \327\007\270k\000\334\325\001C\034PR\232"
 620      D707B86B 
 620      00DCD501 
 620      431C5052 
 620      9A
 621 0562 DF13489B 		.ascii	"\337\023H\233\005\2415\367\353\035\020\376\207g\204"
 621      05A135F7 
 621      EB1D10FE 
 621      876784
 622 0571 E0177146 		.ascii	"\340\027qFj\225:T;2\026$\316SU\225\270\204\237\2443"
 622      6A953A54 
 622      3B321624 
 622      CE535595 
 622      B8849FA4 
 623 0586 5539ED8F 		.ascii	"U9\355\217F\202\214\247\346\275\031\247\346}~j\242\256"
 623      46828CA7 
 623      E6BD19A7 
 623      E67D7E6A 
 623      A2AE
ARM GAS  /tmp/ccc4ABnt.s 			page 22


 624 0598 77EF07BD 		.ascii	"w\357\007\275A&I\014\261\342\304\261}\336\302R\323\357"
 624      4126490C 
 624      B1E2C4B1 
 624      7DDEC252 
 624      D3EF
 625 05aa 56F128AB 		.ascii	"V\361(\253\342\021\320\312\370\\\341\335~Y\177\344\373"
 625      E211D0CA 
 625      F85CE1DD 
 625      7E597FE4 
 625      FB
 626 05bb 62DA45BA 		.ascii	"b\332E\272Q\003\303\206\275\016\353{\035\343{\315?\260"
 626      5103C386 
 626      BD0EEB7B 
 626      1DE37BCD 
 626      3FB0
 627 05cd F318A55D 		.ascii	"\363\030\245]b\257\343\277\214v\317\321\263u\200\036"
 627      62AFE3BF 
 627      8C76CFD1 
 627      B375801E 
 628 05dd DDEACBD6 		.ascii	"\335\352\313\326\270\2010\256\023&8\241\276\366\310"
 628      B88130AE 
 628      132638A1 
 628      BEF6C8
 629 05ec 58102D0A 		.ascii	"X\020-\012\020\377\275\365\177\363\300\366|\221:\314"
 629      10FFBDF5 
 629      7FF3C0F6 
 629      7C913ACC 
 630 05fc 6A7FDFCB 		.ascii	"j\177\337\313m\303\233\325\2740\376\231\230\024\004"
 630      6DC39BD5 
 630      BC30FE99 
 630      981404
 631 060b C3970E47 		.ascii	"\303\227\016G\210\263\030_\241)x\036\227z\307+Z\346"
 631      88B3185F 
 631      A129781E 
 631      977AC72B 
 631      5AE6
 632 061d 18D3C4FC 		.ascii	"\030\323\304\374\372\323\364\000s\302#`w\254\270\212"
 632      FAD3F400 
 632      73C22360 
 632      77ACB88A 
 633 062d 3ED92919 		.ascii	">\331)\031\345\2433\344\017\305\267\2105\346\204\345"
 633      E5A333E4 
 633      0FC5B788 
 633      35E684E5 
 634 063d CB933C49 		.ascii	"\313\223<I493m~t\264cY\252k\215k\325jG\272\333\221\232"
 634      3439336D 
 634      7E74B463 
 634      59AA6B8D 
 634      6BD56A47 
 635 0655 94E67067 		.ascii	"\224\346pg&\2636:\331\372\332[\357D.\213]LBx7Z\371\353"
 635      26B3363A 
 635      D9FADA5B 
 635      EF442E8B 
 635      5D4C4278 
 636 066d DA17172D 		.ascii	"\332\027\027-yQ!\326,\327\006O\2343\321C\323\225L\244"
 636      795121D6 
 636      2CD7064F 
ARM GAS  /tmp/ccc4ABnt.s 			page 23


 636      9C33D143 
 636      D3954CA4 
 637 0681 A42E9E4D 		.ascii	"\244.\236M\311H\317\364\270\035\253\337\376[\234\323"
 637      C948CFF4 
 637      B81DABDF 
 637      FE5B9CD3 
 638 0691 B172E572 		.ascii	"\261r\345r\307k\011o\254z?\226M%f\240\245\245)\321\251"
 638      C76B096F 
 638      AC7A3F96 
 638      4D2566A0 
 638      A5A529D1 
 639 06a6 24CCED59 		.ascii	"$\314\355Y\217\234u\031\256\364Dw\212'+#\321cNX\306"
 639      8F9C7519 
 639      AEF44477 
 639      8A272B23 
 639      D1634E58 
 640 06bb 6233272C 		.ascii	"b3',\025\315+\242y\2255\201\011\257\254\\\226\276a\255"
 640      15CD2BA2 
 640      79953581 
 640      09AFAC5C 
 640      96BE61AD 
 641 06cf 6B1D8D7D 		.ascii	"k\035\215}\211X\2232\327\277\277\370\205\365DNF_)\033"
 641      89589332 
 641      D7BFBFF8 
 641      85F5444E 
 641      465F291B 
 642 06e3 5F581F47 		.ascii	"_X\037G,\310\177c\203\313\363\247'l\213\004\256IO\312"
 642      2CC87F63 
 642      83CBF3A7 
 642      276C8B04 
 642      AE494FCA 
 643 06f7 5498CC39 		.ascii	"T\230\3149[\306\347\334\216\245\257\376\375\355U+\227"
 643      5BC6E7DC 
 643      8EA5AFFE 
 643      FDED552B 
 643      97
 644 0708 27AE888D 		.ascii	"'\256\210\215\211K|g\365R1\216![\376\251\254cK\243f"
 644      894B7C67 
 644      F552318E 
 644      215BFEA9 
 644      AC634BA3 
 645 071d 2F756D48 		.ascii	"/umHN\313RR\370\036Q\305\304n%\213\211\377\362d\261"
 645      4ECB5252 
 645      F81E51C5 
 645      C46E258B 
 645      89FFF264 
 646 0732 3B25D385 		.ascii	";%\323\205M\226{\015[\203\315S8\320\304\356\014\327"
 646      4D967B0D 
 646      5B83CD53 
 646      38D0C4EE 
 646      0CD7
 647 0744 53885185 		.ascii	"S\210Q\205b\263\233oz\341\323\004\303\330.g\362S\260"
 647      62B39B6F 
 647      7AE1D304 
 647      C3D82E67 
 647      F253B0
 648 0757 5185E260 		.ascii	"Q\205\342`\375\251&\272p\211-\325\320yL\222\215\305"
ARM GAS  /tmp/ccc4ABnt.s 			page 24


 648      FDA926BA 
 648      70892DD5 
 648      D0794C92 
 648      8DC5
 649 0769 C1AF2B62 		.ascii	"\301\257+b7nt\244\372\353\202\301\224\224\265IYi\236"
 649      376E74A4 
 649      FAEB82C1 
 649      9494B549 
 649      59699E
 650 077c C464FEC4 		.ascii	"\304d\376\304\377\017\317\034\003\212"
 650      FF0FCF1C 
 650      038A
 651              		.text
 652              		.section	.gnu.lto_.symtab.c504bad99ef3068,"e",%progbits
 653 0000 68616C49 		.ascii	"halInit\000"
 653      6E697400 
 654 0008 00       		.ascii	"\000"
 655 0009 00       		.ascii	"\000"
 656 000a 00       		.ascii	"\000"
 657 000b 00000000 		.ascii	"\000\000\000\000\000\000\000\000"
 657      00000000 
 658 0013 E1000000 		.ascii	"\341\000\000\000"
 659 0017 70616C5F 		.ascii	"pal_default_config\000"
 659      64656661 
 659      756C745F 
 659      636F6E66 
 659      696700
 660 002a 00       		.ascii	"\000"
 661 002b 02       		.ascii	"\002"
 662 002c 00       		.ascii	"\000"
 663 002d 00000000 		.ascii	"\000\000\000\000\000\000\000\000"
 663      00000000 
 664 0035 FA000000 		.ascii	"\372\000\000\000"
 665 0039 626F6172 		.ascii	"boardInit\000"
 665      64496E69 
 665      7400
 666 0043 00       		.ascii	"\000"
 667 0044 02       		.ascii	"\002"
 668 0045 00       		.ascii	"\000"
 669 0046 00000000 		.ascii	"\000\000\000\000\000\000\000\000"
 669      00000000 
 670 004e E3000000 		.ascii	"\343\000\000\000"
 671 0052 77646749 		.ascii	"wdgInit\000"
 671      6E697400 
 672 005a 00       		.ascii	"\000"
 673 005b 02       		.ascii	"\002"
 674 005c 00       		.ascii	"\000"
 675 005d 00000000 		.ascii	"\000\000\000\000\000\000\000\000"
 675      00000000 
 676 0065 E5000000 		.ascii	"\345\000\000\000"
 677 0069 73647549 		.ascii	"sduInit\000"
 677      6E697400 
 678 0071 00       		.ascii	"\000"
 679 0072 02       		.ascii	"\002"
 680 0073 00       		.ascii	"\000"
 681 0074 00000000 		.ascii	"\000\000\000\000\000\000\000\000"
 681      00000000 
ARM GAS  /tmp/ccc4ABnt.s 			page 25


 682 007c E7000000 		.ascii	"\347\000\000\000"
 683 0080 75736249 		.ascii	"usbInit\000"
 683      6E697400 
 684 0088 00       		.ascii	"\000"
 685 0089 02       		.ascii	"\002"
 686 008a 00       		.ascii	"\000"
 687 008b 00000000 		.ascii	"\000\000\000\000\000\000\000\000"
 687      00000000 
 688 0093 E9000000 		.ascii	"\351\000\000\000"
 689 0097 73706949 		.ascii	"spiInit\000"
 689      6E697400 
 690 009f 00       		.ascii	"\000"
 691 00a0 02       		.ascii	"\002"
 692 00a1 00       		.ascii	"\000"
 693 00a2 00000000 		.ascii	"\000\000\000\000\000\000\000\000"
 693      00000000 
 694 00aa EB000000 		.ascii	"\353\000\000\000"
 695 00ae 7364496E 		.ascii	"sdInit\000"
 695      697400
 696 00b5 00       		.ascii	"\000"
 697 00b6 02       		.ascii	"\002"
 698 00b7 00       		.ascii	"\000"
 699 00b8 00000000 		.ascii	"\000\000\000\000\000\000\000\000"
 699      00000000 
 700 00c0 ED000000 		.ascii	"\355\000\000\000"
 701 00c4 69326349 		.ascii	"i2cInit\000"
 701      6E697400 
 702 00cc 00       		.ascii	"\000"
 703 00cd 02       		.ascii	"\002"
 704 00ce 00       		.ascii	"\000"
 705 00cf 00000000 		.ascii	"\000\000\000\000\000\000\000\000"
 705      00000000 
 706 00d7 EF000000 		.ascii	"\357\000\000\000"
 707 00db 5F70616C 		.ascii	"_pal_lld_init\000"
 707      5F6C6C64 
 707      5F696E69 
 707      7400
 708 00e9 00       		.ascii	"\000"
 709 00ea 02       		.ascii	"\002"
 710 00eb 00       		.ascii	"\000"
 711 00ec 00000000 		.ascii	"\000\000\000\000\000\000\000\000"
 711      00000000 
 712 00f4 F6000000 		.ascii	"\366\000\000\000"
 713 00f8 68616C5F 		.ascii	"hal_lld_init\000"
 713      6C6C645F 
 713      696E6974 
 713      00
 714 0105 00       		.ascii	"\000"
 715 0106 02       		.ascii	"\002"
 716 0107 00       		.ascii	"\000"
 717 0108 00000000 		.ascii	"\000\000\000\000\000\000\000\000"
 717      00000000 
 718 0110 F8000000 		.ascii	"\370\000\000\000"
 719              		.text
 720              		.section	.gnu.lto_.ext_symtab.c504bad99ef3068,"e",%progbits
 721 0000 01       		.ascii	"\001"
 722 0001 01       		.ascii	"\001"
ARM GAS  /tmp/ccc4ABnt.s 			page 26


 723 0002 00       		.ascii	"\000"
 724 0003 02       		.ascii	"\002"
 725 0004 00       		.ascii	"\000"
 726 0005 01       		.ascii	"\001"
 727 0006 00       		.ascii	"\000"
 728 0007 01       		.ascii	"\001"
 729 0008 00       		.ascii	"\000"
 730 0009 01       		.ascii	"\001"
 731 000a 00       		.ascii	"\000"
 732 000b 01       		.ascii	"\001"
 733 000c 00       		.ascii	"\000"
 734 000d 01       		.ascii	"\001"
 735 000e 00       		.ascii	"\000"
 736 000f 01       		.ascii	"\001"
 737 0010 00       		.ascii	"\000"
 738 0011 01       		.ascii	"\001"
 739 0012 00       		.ascii	"\000"
 740 0013 01       		.ascii	"\001"
 741 0014 00       		.ascii	"\000"
 742 0015 01       		.ascii	"\001"
 743 0016 00       		.ascii	"\000"
 744              		.text
 745              		.section	.gnu.lto_.opts,"e",%progbits
 746 0000 272D666E 		.ascii	"'-fno-openmp' '-fno-openacc' '-fno-pie' '-g' '-mcpu"
 746      6F2D6F70 
 746      656E6D70 
 746      2720272D 
 746      666E6F2D 
 747 0033 3D636F72 		.ascii	"=cortex-m3' '-mno-thumb-interwork' '-mthumb' '-mflo"
 747      7465782D 
 747      6D332720 
 747      272D6D6E 
 747      6F2D7468 
 748 0066 61742D61 		.ascii	"at-abi=soft' '-march=armv7-m' '-Os' '-fomit-frame-p"
 748      62693D73 
 748      6F667427 
 748      20272D6D 
 748      61726368 
 749 0099 6F696E74 		.ascii	"ointer' '-falign-functions=16' '-ffunction-sections"
 749      65722720 
 749      272D6661 
 749      6C69676E 
 749      2D66756E 
 750 00cc 2720272D 		.ascii	"' '-fdata-sections' '-fno-common' '-flto' '-Xassemb"
 750      66646174 
 750      612D7365 
 750      6374696F 
 750      6E732720 
 751 00ff 6C657227 		.ascii	"ler' '-alms=build/lst/hal.lst'\000"
 751      20272D61 
 751      6C6D733D 
 751      6275696C 
 751      642F6C73 
 752              		.text
 753              		.comm	__gnu_lto_slim,1,1
 754              		.ident	"GCC: (Fedora 10.2.0-4.fc34) 10.2.0"
ARM GAS  /tmp/ccc4ABnt.s 			page 27


DEFINED SYMBOLS
                            *ABS*:0000000000000000 hal.c
     /tmp/ccc4ABnt.s:21     .gnu.debuglto_.debug_info:0000000000000000 hal.c.d9f5485d
                            *COM*:0000000000000001 __gnu_lto_slim

NO UNDEFINED SYMBOLS
