ARM GAS  /tmp/ccSWdfQk.s 			page 1


   1              		.cpu cortex-m3
   2              		.eabi_attribute 20, 1
   3              		.eabi_attribute 21, 1
   4              		.eabi_attribute 23, 3
   5              		.eabi_attribute 24, 1
   6              		.eabi_attribute 25, 1
   7              		.eabi_attribute 26, 1
   8              		.eabi_attribute 30, 4
   9              		.eabi_attribute 34, 1
  10              		.eabi_attribute 18, 4
  11              		.file	"hal_wdg_lld.c"
  12              		.file 1 "/usr/arm-none-eabi/include/machine/_default_types.h"
  13              		.file 2 "/usr/arm-none-eabi/include/sys/_stdint.h"
  14              		.file 3 "../ChibiOS/os/common/ext/CMSIS/ST/STM32F1xx/stm32f103xb.h"
  15              		.file 4 "/usr/lib/gcc/arm-none-eabi/10.2.0/include/stddef.h"
  16              		.file 5 "../ChibiOS/os/hal/include/hal_wdg.h"
  17              		.file 6 "../ChibiOS/os/hal/ports/STM32/LLD/xWDGv1/hal_wdg_lld.h"
  18              		.file 7 "../ChibiOS/os/hal/ports/STM32/LLD/xWDGv1/hal_wdg_lld.c"
  19              		.section	.gnu.debuglto_.debug_info,"e",%progbits
  20              	.Ldebug_info0:
  21              		.hidden	hal_wdg_lld.c.8d9cbafb
  22              		.weak	hal_wdg_lld.c.8d9cbafb
  23              	hal_wdg_lld.c.8d9cbafb:
  24 0000 06020000 		.4byte	0x206
  25 0004 0400     		.2byte	0x4
  26 0006 00000000 		.4byte	.Ldebug_abbrev0
  27 000a 04       		.byte	0x4
  28 000b 01       		.uleb128 0x1
  29 000c E9000000 		.4byte	.LASF28
  30 0010 0C       		.byte	0xc
  31 0011 08020000 		.4byte	.LASF29
  32 0015 1B000000 		.4byte	.LASF30
  33 0019 00000000 		.4byte	.Ldebug_line0
  34 001d 02       		.uleb128 0x2
  35 001e 01       		.byte	0x1
  36 001f 06       		.byte	0x6
  37 0020 71020000 		.4byte	.LASF0
  38 0024 02       		.uleb128 0x2
  39 0025 01       		.byte	0x1
  40 0026 08       		.byte	0x8
  41 0027 BE000000 		.4byte	.LASF1
  42 002b 02       		.uleb128 0x2
  43 002c 02       		.byte	0x2
  44 002d 05       		.byte	0x5
  45 002e 3F020000 		.4byte	.LASF2
  46 0032 02       		.uleb128 0x2
  47 0033 02       		.byte	0x2
  48 0034 07       		.byte	0x7
  49 0035 AF010000 		.4byte	.LASF3
  50 0039 02       		.uleb128 0x2
  51 003a 04       		.byte	0x4
  52 003b 05       		.byte	0x5
  53 003c 5C020000 		.4byte	.LASF4
  54 0040 03       		.uleb128 0x3
  55 0041 C2010000 		.4byte	.LASF9
  56 0045 01       		.byte	0x1
  57 0046 4F       		.byte	0x4f
ARM GAS  /tmp/ccSWdfQk.s 			page 2


  58 0047 19       		.byte	0x19
  59 0048 4C000000 		.4byte	0x4c
  60 004c 02       		.uleb128 0x2
  61 004d 04       		.byte	0x4
  62 004e 07       		.byte	0x7
  63 004f D7000000 		.4byte	.LASF5
  64 0053 02       		.uleb128 0x2
  65 0054 08       		.byte	0x8
  66 0055 05       		.byte	0x5
  67 0056 00000000 		.4byte	.LASF6
  68 005a 02       		.uleb128 0x2
  69 005b 08       		.byte	0x8
  70 005c 07       		.byte	0x7
  71 005d 9C000000 		.4byte	.LASF7
  72 0061 04       		.uleb128 0x4
  73 0062 04       		.byte	0x4
  74 0063 05       		.byte	0x5
  75 0064 696E7400 		.ascii	"int\000"
  76 0068 02       		.uleb128 0x2
  77 0069 04       		.byte	0x4
  78 006a 07       		.byte	0x7
  79 006b DF010000 		.4byte	.LASF8
  80 006f 03       		.uleb128 0x3
  81 0070 53020000 		.4byte	.LASF10
  82 0074 02       		.byte	0x2
  83 0075 30       		.byte	0x30
  84 0076 14       		.byte	0x14
  85 0077 40000000 		.4byte	0x40
  86 007b 05       		.uleb128 0x5
  87 007c 6F000000 		.4byte	0x6f
  88 0080 06       		.uleb128 0x6
  89 0081 10       		.byte	0x10
  90 0082 03       		.byte	0x3
  91 0083 A501     		.2byte	0x1a5
  92 0085 09       		.byte	0x9
  93 0086 C0000000 		.4byte	0xc0
  94 008a 07       		.uleb128 0x7
  95 008b 4B5200   		.ascii	"KR\000"
  96 008e 03       		.byte	0x3
  97 008f A701     		.2byte	0x1a7
  98 0091 11       		.byte	0x11
  99 0092 7B000000 		.4byte	0x7b
 100 0096 00       		.byte	0
 101 0097 07       		.uleb128 0x7
 102 0098 505200   		.ascii	"PR\000"
 103 009b 03       		.byte	0x3
 104 009c A801     		.2byte	0x1a8
 105 009e 11       		.byte	0x11
 106 009f 7B000000 		.4byte	0x7b
 107 00a3 04       		.byte	0x4
 108 00a4 07       		.uleb128 0x7
 109 00a5 524C5200 		.ascii	"RLR\000"
 110 00a9 03       		.byte	0x3
 111 00aa A901     		.2byte	0x1a9
 112 00ac 11       		.byte	0x11
 113 00ad 7B000000 		.4byte	0x7b
 114 00b1 08       		.byte	0x8
ARM GAS  /tmp/ccSWdfQk.s 			page 3


 115 00b2 07       		.uleb128 0x7
 116 00b3 535200   		.ascii	"SR\000"
 117 00b6 03       		.byte	0x3
 118 00b7 AA01     		.2byte	0x1aa
 119 00b9 11       		.byte	0x11
 120 00ba 7B000000 		.4byte	0x7b
 121 00be 0C       		.byte	0xc
 122 00bf 00       		.byte	0
 123 00c0 08       		.uleb128 0x8
 124 00c1 5C000000 		.4byte	.LASF11
 125 00c5 03       		.byte	0x3
 126 00c6 AB01     		.2byte	0x1ab
 127 00c8 03       		.byte	0x3
 128 00c9 80000000 		.4byte	0x80
 129 00cd 03       		.uleb128 0x3
 130 00ce 0E000000 		.4byte	.LASF12
 131 00d2 04       		.byte	0x4
 132 00d3 D1       		.byte	0xd1
 133 00d4 17       		.byte	0x17
 134 00d5 68000000 		.4byte	0x68
 135 00d9 02       		.uleb128 0x2
 136 00da 08       		.byte	0x8
 137 00db 04       		.byte	0x4
 138 00dc 65020000 		.4byte	.LASF13
 139 00e0 02       		.uleb128 0x2
 140 00e1 01       		.byte	0x1
 141 00e2 08       		.byte	0x8
 142 00e3 F9010000 		.4byte	.LASF14
 143 00e7 02       		.uleb128 0x2
 144 00e8 01       		.byte	0x1
 145 00e9 02       		.byte	0x2
 146 00ea 7D020000 		.4byte	.LASF15
 147 00ee 09       		.uleb128 0x9
 148 00ef 07       		.byte	0x7
 149 00f0 01       		.byte	0x1
 150 00f1 24000000 		.4byte	0x24
 151 00f5 05       		.byte	0x5
 152 00f6 31       		.byte	0x31
 153 00f7 0E       		.byte	0xe
 154 00f8 0F010000 		.4byte	0x10f
 155 00fc 0A       		.uleb128 0xa
 156 00fd CC000000 		.4byte	.LASF16
 157 0101 00       		.byte	0
 158 0102 0A       		.uleb128 0xa
 159 0103 83020000 		.4byte	.LASF17
 160 0107 01       		.byte	0x1
 161 0108 0A       		.uleb128 0xa
 162 0109 FE010000 		.4byte	.LASF18
 163 010d 02       		.byte	0x2
 164 010e 00       		.byte	0
 165 010f 03       		.uleb128 0x3
 166 0110 B3000000 		.4byte	.LASF19
 167 0114 05       		.byte	0x5
 168 0115 35       		.byte	0x35
 169 0116 03       		.byte	0x3
 170 0117 EE000000 		.4byte	0xee
 171 011b 03       		.uleb128 0x3
ARM GAS  /tmp/ccSWdfQk.s 			page 4


 172 011c 49020000 		.4byte	.LASF20
 173 0120 06       		.byte	0x6
 174 0121 6E       		.byte	0x6e
 175 0122 1A       		.byte	0x1a
 176 0123 27010000 		.4byte	0x127
 177 0127 0B       		.uleb128 0xb
 178 0128 49020000 		.4byte	.LASF20
 179 012c 0C       		.byte	0xc
 180 012d 06       		.byte	0x6
 181 012e 8C       		.byte	0x8c
 182 012f 08       		.byte	0x8
 183 0130 5C010000 		.4byte	0x15c
 184 0134 0C       		.uleb128 0xc
 185 0135 15000000 		.4byte	.LASF21
 186 0139 06       		.byte	0x6
 187 013a 90       		.byte	0x90
 188 013b 1D       		.byte	0x1d
 189 013c 0F010000 		.4byte	0x10f
 190 0140 00       		.byte	0
 191 0141 0C       		.uleb128 0xc
 192 0142 D3010000 		.4byte	.LASF22
 193 0146 06       		.byte	0x6
 194 0147 94       		.byte	0x94
 195 0148 1E       		.byte	0x1e
 196 0149 90010000 		.4byte	0x190
 197 014d 04       		.byte	0x4
 198 014e 0D       		.uleb128 0xd
 199 014f 77646700 		.ascii	"wdg\000"
 200 0153 06       		.byte	0x6
 201 0154 99       		.byte	0x99
 202 0155 1E       		.byte	0x1e
 203 0156 96010000 		.4byte	0x196
 204 015a 08       		.byte	0x8
 205 015b 00       		.byte	0
 206 015c 0E       		.uleb128 0xe
 207 015d 08       		.byte	0x8
 208 015e 06       		.byte	0x6
 209 015f 74       		.byte	0x74
 210 0160 09       		.byte	0x9
 211 0161 7F010000 		.4byte	0x17f
 212 0165 0D       		.uleb128 0xd
 213 0166 707200   		.ascii	"pr\000"
 214 0169 06       		.byte	0x6
 215 016a 79       		.byte	0x79
 216 016b 0F       		.byte	0xf
 217 016c 6F000000 		.4byte	0x6f
 218 0170 00       		.byte	0
 219 0171 0D       		.uleb128 0xd
 220 0172 726C7200 		.ascii	"rlr\000"
 221 0176 06       		.byte	0x6
 222 0177 7E       		.byte	0x7e
 223 0178 0F       		.byte	0xf
 224 0179 6F000000 		.4byte	0x6f
 225 017d 04       		.byte	0x4
 226 017e 00       		.byte	0
 227 017f 03       		.uleb128 0x3
 228 0180 69000000 		.4byte	.LASF23
ARM GAS  /tmp/ccSWdfQk.s 			page 5


 229 0184 06       		.byte	0x6
 230 0185 87       		.byte	0x87
 231 0186 03       		.byte	0x3
 232 0187 5C010000 		.4byte	0x15c
 233 018b 0F       		.uleb128 0xf
 234 018c 7F010000 		.4byte	0x17f
 235 0190 10       		.uleb128 0x10
 236 0191 04       		.byte	0x4
 237 0192 8B010000 		.4byte	0x18b
 238 0196 10       		.uleb128 0x10
 239 0197 04       		.byte	0x4
 240 0198 C0000000 		.4byte	0xc0
 241 019c 11       		.uleb128 0x11
 242 019d CD010000 		.4byte	.LASF31
 243 01a1 06       		.byte	0x6
 244 01a2 A5       		.byte	0xa5
 245 01a3 12       		.byte	0x12
 246 01a4 1B010000 		.4byte	0x11b
 247 01a8 12       		.uleb128 0x12
 248 01a9 9C010000 		.4byte	0x19c
 249 01ad 07       		.byte	0x7
 250 01ae 2B       		.byte	0x2b
 251 01af 0B       		.byte	0xb
 252 01b0 13       		.uleb128 0x13
 253 01b1 73000000 		.4byte	.LASF24
 254 01b5 07       		.byte	0x7
 255 01b6 85       		.byte	0x85
 256 01b7 06       		.byte	0x6
 257 01b8 C9010000 		.4byte	0x1c9
 258 01bc 14       		.uleb128 0x14
 259 01bd DA010000 		.4byte	.LASF26
 260 01c1 07       		.byte	0x7
 261 01c2 85       		.byte	0x85
 262 01c3 20       		.byte	0x20
 263 01c4 C9010000 		.4byte	0x1c9
 264 01c8 00       		.byte	0
 265 01c9 10       		.uleb128 0x10
 266 01ca 04       		.byte	0x4
 267 01cb 1B010000 		.4byte	0x11b
 268 01cf 13       		.uleb128 0x13
 269 01d0 EC010000 		.4byte	.LASF25
 270 01d4 07       		.byte	0x7
 271 01d5 78       		.byte	0x78
 272 01d6 06       		.byte	0x6
 273 01d7 E8010000 		.4byte	0x1e8
 274 01db 14       		.uleb128 0x14
 275 01dc DA010000 		.4byte	.LASF26
 276 01e0 07       		.byte	0x7
 277 01e1 78       		.byte	0x78
 278 01e2 1E       		.byte	0x1e
 279 01e3 C9010000 		.4byte	0x1c9
 280 01e7 00       		.byte	0
 281 01e8 13       		.uleb128 0x13
 282 01e9 8E000000 		.4byte	.LASF27
 283 01ed 07       		.byte	0x7
 284 01ee 52       		.byte	0x52
 285 01ef 06       		.byte	0x6
ARM GAS  /tmp/ccSWdfQk.s 			page 6


 286 01f0 01020000 		.4byte	0x201
 287 01f4 14       		.uleb128 0x14
 288 01f5 DA010000 		.4byte	.LASF26
 289 01f9 07       		.byte	0x7
 290 01fa 52       		.byte	0x52
 291 01fb 1F       		.byte	0x1f
 292 01fc C9010000 		.4byte	0x1c9
 293 0200 00       		.byte	0
 294 0201 15       		.uleb128 0x15
 295 0202 81000000 		.4byte	.LASF32
 296 0206 07       		.byte	0x7
 297 0207 43       		.byte	0x43
 298 0208 06       		.byte	0x6
 299 0209 00       		.byte	0
 300              		.section	.gnu.debuglto_.debug_abbrev,"e",%progbits
 301              	.Ldebug_abbrev0:
 302 0000 01       		.uleb128 0x1
 303 0001 11       		.uleb128 0x11
 304 0002 01       		.byte	0x1
 305 0003 25       		.uleb128 0x25
 306 0004 0E       		.uleb128 0xe
 307 0005 13       		.uleb128 0x13
 308 0006 0B       		.uleb128 0xb
 309 0007 03       		.uleb128 0x3
 310 0008 0E       		.uleb128 0xe
 311 0009 1B       		.uleb128 0x1b
 312 000a 0E       		.uleb128 0xe
 313 000b 10       		.uleb128 0x10
 314 000c 17       		.uleb128 0x17
 315 000d 00       		.byte	0
 316 000e 00       		.byte	0
 317 000f 02       		.uleb128 0x2
 318 0010 24       		.uleb128 0x24
 319 0011 00       		.byte	0
 320 0012 0B       		.uleb128 0xb
 321 0013 0B       		.uleb128 0xb
 322 0014 3E       		.uleb128 0x3e
 323 0015 0B       		.uleb128 0xb
 324 0016 03       		.uleb128 0x3
 325 0017 0E       		.uleb128 0xe
 326 0018 00       		.byte	0
 327 0019 00       		.byte	0
 328 001a 03       		.uleb128 0x3
 329 001b 16       		.uleb128 0x16
 330 001c 00       		.byte	0
 331 001d 03       		.uleb128 0x3
 332 001e 0E       		.uleb128 0xe
 333 001f 3A       		.uleb128 0x3a
 334 0020 0B       		.uleb128 0xb
 335 0021 3B       		.uleb128 0x3b
 336 0022 0B       		.uleb128 0xb
 337 0023 39       		.uleb128 0x39
 338 0024 0B       		.uleb128 0xb
 339 0025 49       		.uleb128 0x49
 340 0026 13       		.uleb128 0x13
 341 0027 00       		.byte	0
 342 0028 00       		.byte	0
ARM GAS  /tmp/ccSWdfQk.s 			page 7


 343 0029 04       		.uleb128 0x4
 344 002a 24       		.uleb128 0x24
 345 002b 00       		.byte	0
 346 002c 0B       		.uleb128 0xb
 347 002d 0B       		.uleb128 0xb
 348 002e 3E       		.uleb128 0x3e
 349 002f 0B       		.uleb128 0xb
 350 0030 03       		.uleb128 0x3
 351 0031 08       		.uleb128 0x8
 352 0032 00       		.byte	0
 353 0033 00       		.byte	0
 354 0034 05       		.uleb128 0x5
 355 0035 35       		.uleb128 0x35
 356 0036 00       		.byte	0
 357 0037 49       		.uleb128 0x49
 358 0038 13       		.uleb128 0x13
 359 0039 00       		.byte	0
 360 003a 00       		.byte	0
 361 003b 06       		.uleb128 0x6
 362 003c 13       		.uleb128 0x13
 363 003d 01       		.byte	0x1
 364 003e 0B       		.uleb128 0xb
 365 003f 0B       		.uleb128 0xb
 366 0040 3A       		.uleb128 0x3a
 367 0041 0B       		.uleb128 0xb
 368 0042 3B       		.uleb128 0x3b
 369 0043 05       		.uleb128 0x5
 370 0044 39       		.uleb128 0x39
 371 0045 0B       		.uleb128 0xb
 372 0046 01       		.uleb128 0x1
 373 0047 13       		.uleb128 0x13
 374 0048 00       		.byte	0
 375 0049 00       		.byte	0
 376 004a 07       		.uleb128 0x7
 377 004b 0D       		.uleb128 0xd
 378 004c 00       		.byte	0
 379 004d 03       		.uleb128 0x3
 380 004e 08       		.uleb128 0x8
 381 004f 3A       		.uleb128 0x3a
 382 0050 0B       		.uleb128 0xb
 383 0051 3B       		.uleb128 0x3b
 384 0052 05       		.uleb128 0x5
 385 0053 39       		.uleb128 0x39
 386 0054 0B       		.uleb128 0xb
 387 0055 49       		.uleb128 0x49
 388 0056 13       		.uleb128 0x13
 389 0057 38       		.uleb128 0x38
 390 0058 0B       		.uleb128 0xb
 391 0059 00       		.byte	0
 392 005a 00       		.byte	0
 393 005b 08       		.uleb128 0x8
 394 005c 16       		.uleb128 0x16
 395 005d 00       		.byte	0
 396 005e 03       		.uleb128 0x3
 397 005f 0E       		.uleb128 0xe
 398 0060 3A       		.uleb128 0x3a
 399 0061 0B       		.uleb128 0xb
ARM GAS  /tmp/ccSWdfQk.s 			page 8


 400 0062 3B       		.uleb128 0x3b
 401 0063 05       		.uleb128 0x5
 402 0064 39       		.uleb128 0x39
 403 0065 0B       		.uleb128 0xb
 404 0066 49       		.uleb128 0x49
 405 0067 13       		.uleb128 0x13
 406 0068 00       		.byte	0
 407 0069 00       		.byte	0
 408 006a 09       		.uleb128 0x9
 409 006b 04       		.uleb128 0x4
 410 006c 01       		.byte	0x1
 411 006d 3E       		.uleb128 0x3e
 412 006e 0B       		.uleb128 0xb
 413 006f 0B       		.uleb128 0xb
 414 0070 0B       		.uleb128 0xb
 415 0071 49       		.uleb128 0x49
 416 0072 13       		.uleb128 0x13
 417 0073 3A       		.uleb128 0x3a
 418 0074 0B       		.uleb128 0xb
 419 0075 3B       		.uleb128 0x3b
 420 0076 0B       		.uleb128 0xb
 421 0077 39       		.uleb128 0x39
 422 0078 0B       		.uleb128 0xb
 423 0079 01       		.uleb128 0x1
 424 007a 13       		.uleb128 0x13
 425 007b 00       		.byte	0
 426 007c 00       		.byte	0
 427 007d 0A       		.uleb128 0xa
 428 007e 28       		.uleb128 0x28
 429 007f 00       		.byte	0
 430 0080 03       		.uleb128 0x3
 431 0081 0E       		.uleb128 0xe
 432 0082 1C       		.uleb128 0x1c
 433 0083 0B       		.uleb128 0xb
 434 0084 00       		.byte	0
 435 0085 00       		.byte	0
 436 0086 0B       		.uleb128 0xb
 437 0087 13       		.uleb128 0x13
 438 0088 01       		.byte	0x1
 439 0089 03       		.uleb128 0x3
 440 008a 0E       		.uleb128 0xe
 441 008b 0B       		.uleb128 0xb
 442 008c 0B       		.uleb128 0xb
 443 008d 3A       		.uleb128 0x3a
 444 008e 0B       		.uleb128 0xb
 445 008f 3B       		.uleb128 0x3b
 446 0090 0B       		.uleb128 0xb
 447 0091 39       		.uleb128 0x39
 448 0092 0B       		.uleb128 0xb
 449 0093 01       		.uleb128 0x1
 450 0094 13       		.uleb128 0x13
 451 0095 00       		.byte	0
 452 0096 00       		.byte	0
 453 0097 0C       		.uleb128 0xc
 454 0098 0D       		.uleb128 0xd
 455 0099 00       		.byte	0
 456 009a 03       		.uleb128 0x3
ARM GAS  /tmp/ccSWdfQk.s 			page 9


 457 009b 0E       		.uleb128 0xe
 458 009c 3A       		.uleb128 0x3a
 459 009d 0B       		.uleb128 0xb
 460 009e 3B       		.uleb128 0x3b
 461 009f 0B       		.uleb128 0xb
 462 00a0 39       		.uleb128 0x39
 463 00a1 0B       		.uleb128 0xb
 464 00a2 49       		.uleb128 0x49
 465 00a3 13       		.uleb128 0x13
 466 00a4 38       		.uleb128 0x38
 467 00a5 0B       		.uleb128 0xb
 468 00a6 00       		.byte	0
 469 00a7 00       		.byte	0
 470 00a8 0D       		.uleb128 0xd
 471 00a9 0D       		.uleb128 0xd
 472 00aa 00       		.byte	0
 473 00ab 03       		.uleb128 0x3
 474 00ac 08       		.uleb128 0x8
 475 00ad 3A       		.uleb128 0x3a
 476 00ae 0B       		.uleb128 0xb
 477 00af 3B       		.uleb128 0x3b
 478 00b0 0B       		.uleb128 0xb
 479 00b1 39       		.uleb128 0x39
 480 00b2 0B       		.uleb128 0xb
 481 00b3 49       		.uleb128 0x49
 482 00b4 13       		.uleb128 0x13
 483 00b5 38       		.uleb128 0x38
 484 00b6 0B       		.uleb128 0xb
 485 00b7 00       		.byte	0
 486 00b8 00       		.byte	0
 487 00b9 0E       		.uleb128 0xe
 488 00ba 13       		.uleb128 0x13
 489 00bb 01       		.byte	0x1
 490 00bc 0B       		.uleb128 0xb
 491 00bd 0B       		.uleb128 0xb
 492 00be 3A       		.uleb128 0x3a
 493 00bf 0B       		.uleb128 0xb
 494 00c0 3B       		.uleb128 0x3b
 495 00c1 0B       		.uleb128 0xb
 496 00c2 39       		.uleb128 0x39
 497 00c3 0B       		.uleb128 0xb
 498 00c4 01       		.uleb128 0x1
 499 00c5 13       		.uleb128 0x13
 500 00c6 00       		.byte	0
 501 00c7 00       		.byte	0
 502 00c8 0F       		.uleb128 0xf
 503 00c9 26       		.uleb128 0x26
 504 00ca 00       		.byte	0
 505 00cb 49       		.uleb128 0x49
 506 00cc 13       		.uleb128 0x13
 507 00cd 00       		.byte	0
 508 00ce 00       		.byte	0
 509 00cf 10       		.uleb128 0x10
 510 00d0 0F       		.uleb128 0xf
 511 00d1 00       		.byte	0
 512 00d2 0B       		.uleb128 0xb
 513 00d3 0B       		.uleb128 0xb
ARM GAS  /tmp/ccSWdfQk.s 			page 10


 514 00d4 49       		.uleb128 0x49
 515 00d5 13       		.uleb128 0x13
 516 00d6 00       		.byte	0
 517 00d7 00       		.byte	0
 518 00d8 11       		.uleb128 0x11
 519 00d9 34       		.uleb128 0x34
 520 00da 00       		.byte	0
 521 00db 03       		.uleb128 0x3
 522 00dc 0E       		.uleb128 0xe
 523 00dd 3A       		.uleb128 0x3a
 524 00de 0B       		.uleb128 0xb
 525 00df 3B       		.uleb128 0x3b
 526 00e0 0B       		.uleb128 0xb
 527 00e1 39       		.uleb128 0x39
 528 00e2 0B       		.uleb128 0xb
 529 00e3 49       		.uleb128 0x49
 530 00e4 13       		.uleb128 0x13
 531 00e5 3F       		.uleb128 0x3f
 532 00e6 19       		.uleb128 0x19
 533 00e7 3C       		.uleb128 0x3c
 534 00e8 19       		.uleb128 0x19
 535 00e9 00       		.byte	0
 536 00ea 00       		.byte	0
 537 00eb 12       		.uleb128 0x12
 538 00ec 34       		.uleb128 0x34
 539 00ed 00       		.byte	0
 540 00ee 47       		.uleb128 0x47
 541 00ef 13       		.uleb128 0x13
 542 00f0 3A       		.uleb128 0x3a
 543 00f1 0B       		.uleb128 0xb
 544 00f2 3B       		.uleb128 0x3b
 545 00f3 0B       		.uleb128 0xb
 546 00f4 39       		.uleb128 0x39
 547 00f5 0B       		.uleb128 0xb
 548 00f6 00       		.byte	0
 549 00f7 00       		.byte	0
 550 00f8 13       		.uleb128 0x13
 551 00f9 2E       		.uleb128 0x2e
 552 00fa 01       		.byte	0x1
 553 00fb 3F       		.uleb128 0x3f
 554 00fc 19       		.uleb128 0x19
 555 00fd 03       		.uleb128 0x3
 556 00fe 0E       		.uleb128 0xe
 557 00ff 3A       		.uleb128 0x3a
 558 0100 0B       		.uleb128 0xb
 559 0101 3B       		.uleb128 0x3b
 560 0102 0B       		.uleb128 0xb
 561 0103 39       		.uleb128 0x39
 562 0104 0B       		.uleb128 0xb
 563 0105 27       		.uleb128 0x27
 564 0106 19       		.uleb128 0x19
 565 0107 01       		.uleb128 0x1
 566 0108 13       		.uleb128 0x13
 567 0109 00       		.byte	0
 568 010a 00       		.byte	0
 569 010b 14       		.uleb128 0x14
 570 010c 05       		.uleb128 0x5
ARM GAS  /tmp/ccSWdfQk.s 			page 11


 571 010d 00       		.byte	0
 572 010e 03       		.uleb128 0x3
 573 010f 0E       		.uleb128 0xe
 574 0110 3A       		.uleb128 0x3a
 575 0111 0B       		.uleb128 0xb
 576 0112 3B       		.uleb128 0x3b
 577 0113 0B       		.uleb128 0xb
 578 0114 39       		.uleb128 0x39
 579 0115 0B       		.uleb128 0xb
 580 0116 49       		.uleb128 0x49
 581 0117 13       		.uleb128 0x13
 582 0118 00       		.byte	0
 583 0119 00       		.byte	0
 584 011a 15       		.uleb128 0x15
 585 011b 2E       		.uleb128 0x2e
 586 011c 00       		.byte	0
 587 011d 3F       		.uleb128 0x3f
 588 011e 19       		.uleb128 0x19
 589 011f 03       		.uleb128 0x3
 590 0120 0E       		.uleb128 0xe
 591 0121 3A       		.uleb128 0x3a
 592 0122 0B       		.uleb128 0xb
 593 0123 3B       		.uleb128 0x3b
 594 0124 0B       		.uleb128 0xb
 595 0125 39       		.uleb128 0x39
 596 0126 0B       		.uleb128 0xb
 597 0127 27       		.uleb128 0x27
 598 0128 19       		.uleb128 0x19
 599 0129 00       		.byte	0
 600 012a 00       		.byte	0
 601 012b 00       		.byte	0
 602              		.section	.gnu.debuglto_.debug_line,"e",%progbits
 603              	.Ldebug_line0:
 604 0000 62010000 		.4byte	.LELT0-.LSLT0
 605              	.LSLT0:
 606 0004 0400     		.2byte	0x4
 607 0006 5C010000 		.4byte	.LELTP0-.LASLTP0
 608              	.LASLTP0:
 609 000a 01       		.byte	0x1
 610 000b 01       		.byte	0x1
 611 000c 01       		.byte	0x1
 612 000d F6       		.byte	0xf6
 613 000e F2       		.byte	0xf2
 614 000f 0D       		.byte	0xd
 615 0010 00       		.byte	0
 616 0011 01       		.byte	0x1
 617 0012 01       		.byte	0x1
 618 0013 01       		.byte	0x1
 619 0014 01       		.byte	0x1
 620 0015 00       		.byte	0
 621 0016 00       		.byte	0
 622 0017 00       		.byte	0
 623 0018 01       		.byte	0x1
 624 0019 00       		.byte	0
 625 001a 00       		.byte	0
 626 001b 01       		.byte	0x1
 627 001c 2E2E2F43 		.ascii	"../ChibiOS/os/common/ext/CMSIS/ST/STM32F1xx"
ARM GAS  /tmp/ccSWdfQk.s 			page 12


 627      68696269 
 627      4F532F6F 
 627      732F636F 
 627      6D6D6F6E 
 628 0047 00       		.byte	0
 629 0048 2E2E2F43 		.ascii	"../ChibiOS/os/hal/include"
 629      68696269 
 629      4F532F6F 
 629      732F6861 
 629      6C2F696E 
 630 0061 00       		.byte	0
 631 0062 2E2E2F43 		.ascii	"../ChibiOS/os/hal/ports/STM32/LLD/xWDGv1"
 631      68696269 
 631      4F532F6F 
 631      732F6861 
 631      6C2F706F 
 632 008a 00       		.byte	0
 633 008b 2F757372 		.ascii	"/usr/arm-none-eabi/include/machine"
 633      2F61726D 
 633      2D6E6F6E 
 633      652D6561 
 633      62692F69 
 634 00ad 00       		.byte	0
 635 00ae 2F757372 		.ascii	"/usr/arm-none-eabi/include/sys"
 635      2F61726D 
 635      2D6E6F6E 
 635      652D6561 
 635      62692F69 
 636 00cc 00       		.byte	0
 637 00cd 2F757372 		.ascii	"/usr/lib/gcc/arm-none-eabi/10.2.0/include"
 637      2F6C6962 
 637      2F676363 
 637      2F61726D 
 637      2D6E6F6E 
 638 00f6 00       		.byte	0
 639 00f7 00       		.byte	0
 640 00f8 5F646566 		.ascii	"_default_types.h\000"
 640      61756C74 
 640      5F747970 
 640      65732E68 
 640      00
 641 0109 04       		.uleb128 0x4
 642 010a 00       		.uleb128 0
 643 010b 00       		.uleb128 0
 644 010c 5F737464 		.ascii	"_stdint.h\000"
 644      696E742E 
 644      6800
 645 0116 05       		.uleb128 0x5
 646 0117 00       		.uleb128 0
 647 0118 00       		.uleb128 0
 648 0119 73746D33 		.ascii	"stm32f103xb.h\000"
 648      32663130 
 648      3378622E 
 648      6800
 649 0127 01       		.uleb128 0x1
 650 0128 00       		.uleb128 0
 651 0129 00       		.uleb128 0
ARM GAS  /tmp/ccSWdfQk.s 			page 13


 652 012a 73746464 		.ascii	"stddef.h\000"
 652      65662E68 
 652      00
 653 0133 06       		.uleb128 0x6
 654 0134 00       		.uleb128 0
 655 0135 00       		.uleb128 0
 656 0136 68616C5F 		.ascii	"hal_wdg.h\000"
 656      7764672E 
 656      6800
 657 0140 02       		.uleb128 0x2
 658 0141 00       		.uleb128 0
 659 0142 00       		.uleb128 0
 660 0143 68616C5F 		.ascii	"hal_wdg_lld.h\000"
 660      7764675F 
 660      6C6C642E 
 660      6800
 661 0151 03       		.uleb128 0x3
 662 0152 00       		.uleb128 0
 663 0153 00       		.uleb128 0
 664 0154 68616C5F 		.ascii	"hal_wdg_lld.c\000"
 664      7764675F 
 664      6C6C642E 
 664      6300
 665 0162 03       		.uleb128 0x3
 666 0163 00       		.uleb128 0
 667 0164 00       		.uleb128 0
 668 0165 00       		.byte	0
 669              	.LELTP0:
 670              	.LELT0:
 671              		.section	.gnu.debuglto_.debug_str,"eMS",%progbits,1
 672              	.LASF6:
 673 0000 6C6F6E67 		.ascii	"long long int\000"
 673      206C6F6E 
 673      6720696E 
 673      7400
 674              	.LASF12:
 675 000e 73697A65 		.ascii	"size_t\000"
 675      5F7400
 676              	.LASF21:
 677 0015 73746174 		.ascii	"state\000"
 677      6500
 678              	.LASF30:
 679 001b 2F686F6D 		.ascii	"/home/framin/hardware/electrosense-converter-firmwa"
 679      652F6672 
 679      616D696E 
 679      2F686172 
 679      64776172 
 680 004e 72655632 		.ascii	"reV2/firmware\000"
 680      2F666972 
 680      6D776172 
 680      6500
 681              	.LASF11:
 682 005c 49574447 		.ascii	"IWDG_TypeDef\000"
 682      5F547970 
 682      65446566 
 682      00
 683              	.LASF23:
ARM GAS  /tmp/ccSWdfQk.s 			page 14


 684 0069 57444743 		.ascii	"WDGConfig\000"
 684      6F6E6669 
 684      6700
 685              	.LASF24:
 686 0073 7764675F 		.ascii	"wdg_lld_reset\000"
 686      6C6C645F 
 686      72657365 
 686      7400
 687              	.LASF32:
 688 0081 7764675F 		.ascii	"wdg_lld_init\000"
 688      6C6C645F 
 688      696E6974 
 688      00
 689              	.LASF27:
 690 008e 7764675F 		.ascii	"wdg_lld_start\000"
 690      6C6C645F 
 690      73746172 
 690      7400
 691              	.LASF7:
 692 009c 6C6F6E67 		.ascii	"long long unsigned int\000"
 692      206C6F6E 
 692      6720756E 
 692      7369676E 
 692      65642069 
 693              	.LASF19:
 694 00b3 77646773 		.ascii	"wdgstate_t\000"
 694      74617465 
 694      5F7400
 695              	.LASF1:
 696 00be 756E7369 		.ascii	"unsigned char\000"
 696      676E6564 
 696      20636861 
 696      7200
 697              	.LASF16:
 698 00cc 5744475F 		.ascii	"WDG_UNINIT\000"
 698      554E494E 
 698      495400
 699              	.LASF5:
 700 00d7 6C6F6E67 		.ascii	"long unsigned int\000"
 700      20756E73 
 700      69676E65 
 700      6420696E 
 700      7400
 701              	.LASF28:
 702 00e9 474E5520 		.ascii	"GNU C17 10.2.0 -mcpu=cortex-m3 -mno-thumb-interwork"
 702      43313720 
 702      31302E32 
 702      2E30202D 
 702      6D637075 
 703 011c 202D6D74 		.ascii	" -mthumb -mfloat-abi=soft -march=armv7-m -ggdb -Os "
 703      68756D62 
 703      202D6D66 
 703      6C6F6174 
 703      2D616269 
 704 014f 2D666F6D 		.ascii	"-fomit-frame-pointer -falign-functions=16 -ffunctio"
 704      69742D66 
 704      72616D65 
ARM GAS  /tmp/ccSWdfQk.s 			page 15


 704      2D706F69 
 704      6E746572 
 705 0182 6E2D7365 		.ascii	"n-sections -fdata-sections -fno-common -flto\000"
 705      6374696F 
 705      6E73202D 
 705      66646174 
 705      612D7365 
 706              	.LASF3:
 707 01af 73686F72 		.ascii	"short unsigned int\000"
 707      7420756E 
 707      7369676E 
 707      65642069 
 707      6E7400
 708              	.LASF9:
 709 01c2 5F5F7569 		.ascii	"__uint32_t\000"
 709      6E743332 
 709      5F7400
 710              	.LASF31:
 711 01cd 57444744 		.ascii	"WDGD1\000"
 711      3100
 712              	.LASF22:
 713 01d3 636F6E66 		.ascii	"config\000"
 713      696700
 714              	.LASF26:
 715 01da 77646770 		.ascii	"wdgp\000"
 715      00
 716              	.LASF8:
 717 01df 756E7369 		.ascii	"unsigned int\000"
 717      676E6564 
 717      20696E74 
 717      00
 718              	.LASF25:
 719 01ec 7764675F 		.ascii	"wdg_lld_stop\000"
 719      6C6C645F 
 719      73746F70 
 719      00
 720              	.LASF14:
 721 01f9 63686172 		.ascii	"char\000"
 721      00
 722              	.LASF18:
 723 01fe 5744475F 		.ascii	"WDG_READY\000"
 723      52454144 
 723      5900
 724              	.LASF29:
 725 0208 2E2E2F43 		.ascii	"../ChibiOS/os/hal/ports/STM32/LLD/xWDGv1/hal_wdg_ll"
 725      68696269 
 725      4F532F6F 
 725      732F6861 
 725      6C2F706F 
 726 023b 642E6300 		.ascii	"d.c\000"
 727              	.LASF2:
 728 023f 73686F72 		.ascii	"short int\000"
 728      7420696E 
 728      7400
 729              	.LASF20:
 730 0249 57444744 		.ascii	"WDGDriver\000"
 730      72697665 
ARM GAS  /tmp/ccSWdfQk.s 			page 16


 730      7200
 731              	.LASF10:
 732 0253 75696E74 		.ascii	"uint32_t\000"
 732      33325F74 
 732      00
 733              	.LASF4:
 734 025c 6C6F6E67 		.ascii	"long int\000"
 734      20696E74 
 734      00
 735              	.LASF13:
 736 0265 6C6F6E67 		.ascii	"long double\000"
 736      20646F75 
 736      626C6500 
 737              	.LASF0:
 738 0271 7369676E 		.ascii	"signed char\000"
 738      65642063 
 738      68617200 
 739              	.LASF15:
 740 027d 5F426F6F 		.ascii	"_Bool\000"
 740      6C00
 741              	.LASF17:
 742 0283 5744475F 		.ascii	"WDG_STOP\000"
 742      53544F50 
 742      00
 743              		.text
 744              		.section	.gnu.lto_.profile.74235365a2eb854,"e",%progbits
 745 0000 789C6362 		.ascii	"x\234cb\000\001\000\000\022\000\003"
 745      00010000 
 745      120003
 746              		.text
 747              		.section	.gnu.lto_.icf.74235365a2eb854,"e",%progbits
 748 0000 789C5365 		.ascii	"x\234Se@\0006\206k\277\032\177\2633\356\3336'\211i\301"
 748      40003686 
 748      6BBF1A7F 
 748      B333EEDB 
 748      36278969 
 749 0015 A3395D5C 		.ascii	"\2439]\\\314\373g\376l\343b\231tb\322Zv\326-\333\317"
 749      CCFB67FE 
 749      6CE36299 
 749      7462D25A 
 749      76D62DDB 
 750 002a FCE36700 		.ascii	"\374\343g\000\000R\032\021w"
 750      00521A11 
 750      77
 751              		.text
 752              		.section	.gnu.lto_.jmpfuncs.74235365a2eb854,"e",%progbits
 753 0000 789C3BC2 		.ascii	"x\234;\302\300\300\020\317\000\001\254 \202\215y63\343"
 753      C0C010CF 
 753      0001AC20 
 753      828D7936 
 753      33E3
 754 0012 B3BD3FE6 		.ascii	"\263\275?\3461*2\316o\230\241\260\230\231\201\201q\013"
 754      312A32CE 
 754      6F98A1B0 
 754      98998181 
 754      710B
 755 0024 A32203E3 		.ascii	"\243\"\003\343\001\026F\006 \376\017\004\374\214L@U"
ARM GAS  /tmp/ccSWdfQk.s 			page 17


 755      01164606 
 755      20FE0F04 
 755      FC8C4C40 
 755      55
 756 0035 DB3ADFAE 		.ascii	"\333:\337\256\344\234\304\274\230\231\021\010\2662J"
 756      E49CC4BC 
 756      98991108 
 756      B6324A
 757 0044 03857A16 		.ascii	"\003\205z\026\335jf\206\010A\324mc\224\006)\275\277"
 757      DD6A6686 
 757      0841D46D 
 757      63940629 
 757      BDBF
 758 0056 BFAB8907 		.ascii	"\277\253\211\007$\316\304\370\213\201q;\2434\330\270"
 758      24CEC4F8 
 758      8B81713B 
 758      A334D8B8 
 759 0066 5F20F318 		.ascii	"_ \363\030\030@6n\371\272`*\217\242%\304Ff\006\306\035"
 759      1840366E 
 759      F9BA602A 
 759      8FA225C4 
 759      466606C6 
 760 007b 983682AC 		.ascii	"\2306\202\254\000\231\007\322\001\264\260~13\013\013"
 760      009907D2 
 760      01B4B07E 
 760      31330B0B 
 761 008b 94666085 		.ascii	"\224f`\2051\314\365\364\364\23532\2232\375\203\365\363"
 761      31CCF5F4 
 761      F49D3332 
 761      9332FD83 
 761      F5F3
 762 009d 8BF53312 		.ascii	"\213\3653\022s\364\013\362\213J\212\365\203C|\215\215"
 762      73F40BF2 
 762      8B4A8AF5 
 762      83437C8D 
 762      8D
 763 00ae F47D7C5C 		.ascii	"\364}|\\\364+\302]\334\313\014AR\361\345)\351\36199"
 763      F42BC25D 
 763      DCCB0C41 
 763      52F1E529 
 763      E9F13939 
 764 00c2 297AC90C 		.ascii	")z\311\014j\236@Q\205\344\304\274\274\374\022\205\244"
 764      6A9E4051 
 764      85E4C4BC 
 764      BCFC1285 
 764      A4
 765 00d3 5485E292 		.ascii	"T\205\342\222\374\202\202\324\024\205\374\274\344T\205"
 765      FC8282D4 
 765      1485FCBC 
 765      E45485
 766 00e2 C4E492CC 		.ascii	"\304\344\222\314\262\304\222\324\024\006\000-\254W\216"
 766      B2C492D4 
 766      1406002D 
 766      AC578E
 767              		.text
 768              		.section	.gnu.lto_.ipa_sra.74235365a2eb854,"e",%progbits
 769 0000 789C458A 		.ascii	"x\234E\212\301\021\300 \020\002\217\300\031cc\026J\243"
ARM GAS  /tmp/ccSWdfQk.s 			page 18


 769      C111C020 
 769      10028FC0 
 769      19636316 
 769      4AA3
 770 0012 C197C067 		.ascii	"\301\227\300g\231\335u\323U8\315\210\307lsH0_sN\241"
 770      99DD75D3 
 770      5538CD88 
 770      C76C7348 
 770      305F734E 
 771 0027 4A10C29F 		.ascii	"J\020\302\237\271\242\011#j\343\032R\236\037\346\256"
 771      B9A20923 
 771      6AE31A52 
 771      9E1FE6AE 
 772 0037 0617     		.ascii	"\006\027"
 773              		.text
 774              		.section	.gnu.lto_.inline.74235365a2eb854,"e",%progbits
 775 0000 789C8D90 		.ascii	"x\234\215\220\275\016AA\020\205\317\314\354u\357%B\241"
 775      BD0E4141 
 775      1085CFCC 
 775      EC75EF25 
 775      42A1
 776 0012 D37814CF 		.ascii	"\323x\024\317\342\277\304\003\310*\024:\321(D\343VZ"
 776      E2BFC403 
 776      C82A143A 
 776      D12844E3 
 776      565A
 777 0024 11A57812 		.ascii	"\021\245x\022\205^\242S2\2737V$\012[l\276=\263\263s"
 777      855EA253 
 777      32BB3756 
 777      240A5B6C 
 777      BE3DB3B3 
 778 0039 CE8E0961 		.ascii	"\316\216\011aE@l\255\275s\237\300\300Ty\002\230\034"
 778      45406CAD 
 778      BD739FC0 
 778      C0547902 
 778      981C
 779 004b D849A0A2 		.ascii	"\330I\240\242\273h\312\272\211;\"\322\232\345\2566\030"
 779      BB68CABA 
 779      893B22D2 
 779      9AE5AE36 
 779      18
 780 005c 4F1DA090 		.ascii	"O\035\240\220C\336 \250<\266\253=\017\210A\231\304\220"
 780      43DE20A8 
 780      3CB6AB3D 
 780      0F884199 
 780      C490
 781 006e 261C4490 		.ascii	"&\034D\220\006\0125\255-y\360\325C\036[\014\023X=\004"
 781      060A35AD 
 781      2D79F0D5 
 781      431E5B0C 
 781      13583D04 
 782 0082 35F9A889 		.ascii	"5\371\250\211\263\202\370\372\\l\270G\202Q&\245\265"
 782      B382F8FA 
 782      5C6CB847 
 782      825126A5 
 782      B5
 783 0093 D0717EDB 		.ascii	"\320q~\333\245K\311$%\242\003\325\235\321\241\226\336"
ARM GAS  /tmp/ccSWdfQk.s 			page 19


 783      A54BC924 
 783      25A203D5 
 783      9DD1A196 
 783      DE
 784 00a4 ACD353E7 		.ascii	"\254\323S\347>\372\0251\314\251\262\317v\326DU\360\311"
 784      3EFA1531 
 784      CCA9B2CF 
 784      76D64455 
 784      F0C9
 785 00b6 5E66DC4E 		.ascii	"^f\334N\374\370\374\027\214{\340\235\236B6\303^j\377"
 785      FCF8FC17 
 785      8C7BE09D 
 785      9E4236C3 
 785      5E6AFF
 786 00c9 1149D70B 		.ascii	"\021I\327\013\214}K\273"
 786      8C7D4BBB 
 787              		.text
 788              		.section	.gnu.lto_.pureconst.74235365a2eb854,"e",%progbits
 789 0000 789C1360 		.ascii	"x\234\023````e\330\302\3028\203\205y\026\013\313L\026"
 789      60606065 
 789      D8C2C238 
 789      83857916 
 789      0BCB4C16 
 790 0014 D6592C00 		.ascii	"\326Y,\000\033\337\003P"
 790      1BDF0350 
 791              		.text
 792              		.section	.gnu.lto_.lto.74235365a2eb854,"e",%progbits
 793 0000 09000000 		.ascii	"\011\000\000\000\001\000\000\000"
 793      01000000 
 794              		.text
 795              		.section	.gnu.lto_wdg_lld_init.89.74235365a2eb854,"e",%progbits
 796 0000 789C8590 		.ascii	"x\234\205\220O(\203q\030\307\237\357\373{\315+\271+"
 796      4F288371 
 796      18C79FEF 
 796      FB7BCD2B 
 796      B92B
 797 0012 C97997BD 		.ascii	"\311y\227\275\303An\312j\227\311a\312q\231\225\255V"
 797      C3416ECA 
 797      6A97C961 
 797      CA719995 
 797      AD56
 798 0024 13C26DBF 		.ascii	"\023\302m\277\315\220Z&\232\265X-\257\230\013\251a3"
 798      CD905A26 
 798      9AB5582D 
 798      AF980BA9 
 798      6133
 799 0036 7F969383 		.ascii	"\177\226\223\203\013\345*9P\0125W\231\337\357\235r\021"
 799      0BE52A39 
 799      500A3557 
 799      99DFEF9D 
 799      7211
 800 0048 4F3DF5FC 		.ascii	"O=\365\374\377<}\323 \352&\242V\341`\004\205s\336S\037"
 800      FF3C7DD3 
 800      20EA26A2 
 800      56E16004 
 800      8573DE53 
 801 005d D114C08C 		.ascii	"\321\024\300\214\270\006\012+\010c\205\2551\\\314?\026"
ARM GAS  /tmp/ccSWdfQk.s 			page 20


 801      B8060A2B 
 801      086385AD 
 801      315CCC3F 
 801      16
 802 006e 15EBB6E8 		.ascii	"\025\353\266\350\360rj\3252\307g\233\015F\224\021^3"
 802      F0726AD5 
 802      32C7679B 
 802      0D469411 
 802      5E33
 803 0080 E4612512 		.ascii	"\344a%\022\223\017\373\237\311&\213\372\335\302\001"
 803      930FFB9F 
 803      C9268BFA 
 803      DDC201
 804 008f 2C2448B4 		.ascii	",$H\264wSW\346\037\325\004\347i\347S\034*Q\202\221<"
 804      775357E6 
 804      1FD504E7 
 804      69E7531C 
 804      2A518291 
 805 00a4 A7829789 		.ascii	"\247\202\227\211\226\230RK\"\"y\006\337(\305\231\271"
 805      9698524B 
 805      22227906 
 805      DF28C599 
 805      B9
 806 00b5 FB8A68E5 		.ascii	"\373\212h\345\262M\206\342\366\342\314\333\235\266\314"
 806      B24D86E2 
 806      F6E2CCDB 
 806      9DB6CC
 807 00c4 0C064854 		.ascii	"\014\006HT&wUm\210!\032\321De[\362D\361\354:\226l\332"
 807      2677556D 
 807      88211AD1 
 807      44655BF2 
 807      44F1EC3A 
 808 00db C2260CA6 		.ascii	"\302&\014\246\340\0101\340\020-f'_\270y\327\354\273"
 808      E00831E0 
 808      102D6627 
 808      5FB879D7 
 808      ECBB
 809 00ed 9293F51A 		.ascii	"\222\223\365\032\214\241\200-\254\327\336,\302.&\016"
 809      8CA1802D 
 809      ACD7DE2C 
 809      C22E260E 
 810 00fd 175E761A 		.ascii	"\027^v\032\344}\001\300\261X\223\237\234\377\366\311"
 810      E47D01C0 
 810      B158939F 
 810      9CFFF6C9 
 811 010d FFE8D21F 		.ascii	"\377\350\322\037h\025'&Z\012\203S\023]I\335\346\032"
 811      68152726 
 811      5A0A8353 
 811      135D49DD 
 811      E61A
 812 011f 255AE871 		.ascii	"%Z\350q/\2058\023\253\025D\263B,\023/-\301\360#\031"
 812      2F853813 
 812      AB1544B3 
 812      422C132F 
 812      2DC1F023 
 813 0134 5197CDA6 		.ascii	"Q\227\315\246\367\372\003\336@\277[\017\215\353\376"
 813      F7FA03DE 
ARM GAS  /tmp/ccSWdfQk.s 			page 21


 813      40BF5B0F 
 813      8DEBFE
 814 0143 A1A03E1A 		.ascii	"\241\240>\032\032\233\030\327\335\003}\235\035\272\313"
 814      1A9B18D7 
 814      DD037D9D 
 814      1DBACB
 815 0152 E5D0A707 		.ascii	"\345\320\247\007\035\316\311v\331\362L\371F<\301\240"
 815      1DCEC976 
 815      D9F24CF9 
 815      463CC1A0 
 816 0162 CF364C5F 		.ascii	"\3176L_\013l\230V"
 816      0B6C9856 
 817              		.text
 818              		.section	.gnu.lto_wdg_lld_start.90.74235365a2eb854,"e",%progbits
 819 0000 789CA594 		.ascii	"x\234\245\224]HTA\024\307\347\334\231\331\273\232\022"
 819      5D485441 
 819      14C7E7DC 
 819      99D9BB9A 
 819      12
 820 0011 3D55F8E2 		.ascii	"=U\370\342C \"\354\335\012J{\251H\010\301\2100\352Q"
 820      432022EC 
 820      DD0A4A7B 
 820      A94808C1 
 820      8830EA51 
 821 0025 FCA01404 		.ascii	"\374\240\024\004E\243zkvu\023\202v\255\254\350\303\320"
 821      45A37A6B 
 821      76751382 
 821      76ADACE8 
 821      C3D0
 822 0037 B62C9652 		.ascii	"\266,\226R\004\263L\315m\255t\315\2576%\352\301\207"
 822      04B34CCD 
 822      6DAD74CD 
 822      AF3625EA 
 822      C187
 823 0049 02C3E843 		.ascii	"\002\303\350C\254(D\2623s/\273+F\260\270\260\303\271"
 823      AC2844B2 
 823      33732FBB 
 823      2B46B0B8 
 823      B0C3B9
 824 005c F79CF99D 		.ascii	"\367\234\371\235\377\177\316\354\256\343\204\034\"\204"
 824      FF7FCEEC 
 824      AEE3841C 
 824      2284
 825 006a 1CC02FD8 		.ascii	"\034\300/\330\010hB\210]\272\313\256\001\265\"\252\361"
 825      08684288 
 825      5DBACBAE 
 825      01B522AA 
 825      F1
 826 007b C8DC4236 		.ascii	"\310\334B6\023\311\254\315\347\321\231H\341Vn7\003P"
 826      13C9ACCD 
 826      E7D19948 
 826      E1566E37 
 826      0350
 827 008d 81B00339 		.ascii	"\201\260\0039\245Q\316\000W\022\373\\\240\327(\204\352"
 827      A551CE00 
 827      5712FB5C 
 827      A0D72884 
ARM GAS  /tmp/ccSWdfQk.s 			page 22


 827      EA
 828 009e 67BAB5CC 		.ascii	"g\272\265\314;X(\202\227'm\247\205g\203\037\213\232"
 828      3B582882 
 828      97276DA7 
 828      8567831F 
 828      8B9A
 829 00b0 A285D009 		.ascii	"\242\205\320\011\231X7\355n\372\235r\236\372)\000\303"
 829      995837ED 
 829      6EFA9D72 
 829      9EFA2900 
 829      C3
 830 00c1 C7C6E1CE 		.ascii	"\307\306\341\316p\262|\324 \035\037o\\\032\335Fw\000"
 830      70B27CD4 
 830      201D1F6F 
 830      5C1ADD46 
 830      7700
 831 00d3 C1B02FF0 		.ascii	"\301\260/\360\371'\313\270-\204[\004\027\007\250\330"
 831      F927CBB8 
 831      2D845B04 
 831      1707A8D8 
 832 00e3 E4A7141E 		.ascii	"\344\247\024\036\002E\"tA\032<\2004B\360\335\316\037"
 832      02452274 
 832      411A3C80 
 832      3442F0DD 
 832      CE1F
 833 00f5 F8E21164 		.ascii	"\370\342\021d\020\271\351}\307\237\213\2516f\265\205"
 833      10B9E97D 
 833      C79F8BA9 
 833      3666B585 
 834 0105 6EE91583 		.ascii	"n\351\025\203\366\010\017\212\305%\237\020o\363\226"
 834      F6080F8A 
 834      C5259F10 
 834      6FF396
 835 0114 BC900AB8 		.ascii	"\274\220\012\270\221i\270p\212\013\326c\304\345\242"
 835      9169B870 
 835      8A0BD663 
 835      C4E5A2
 836 0123 8389F251 		.ascii	"\203\211\362Q2\267p7\033D\220\220\006\252\251\330\205"
 836      32B77037 
 836      1B449090 
 836      06AAA9D8 
 836      85
 837 0134 F1271037 		.ascii	"\361'\0207\333\275T\201\277\202\2737\254\313\260\205"
 837      DBBD5481 
 837      BF82BB37 
 837      ACCBB085 
 838 0144 02F6F6D6 		.ascii	"\002\366\366\326~\233\266K+T\351o\354h\033\244\255p"
 838      7E9BB64B 
 838      2B54E96F 
 838      EC681BA4 
 838      AD70
 839 0156 CB852792 		.ascii	"\313\205'\222\356\247z\013\325\341\261\324\214\271\310"
 839      EEA77A0B 
 839      D5E1B1D4 
 839      8CB9C8
 840 0165 97601338 		.ascii	"\227`\0238\333\204\231b\320\003\255p\335\224\334\013"
 840      DB849962 
ARM GAS  /tmp/ccSWdfQk.s 			page 23


 840      D003AD70 
 840      DD94DC0B 
 841 0175 4E2487E6 		.ascii	"N$\207\346\207\262$9\036\313V`\233\253Q\263\035\273"
 841      87B22439 
 841      1ECB5660 
 841      9BAB51B3 
 841      1DBB
 842 0187 439F050E 		.ascii	"C\237\005\016\334\237\361P\004\327\271$8\011\236(\260"
 842      DC9FF150 
 842      04D7B924 
 842      38099E28 
 842      B0
 843 0198 3C02E807 		.ascii	"<\002\350\007'\026\324\007|u\352\274\223`*\000\020\304"
 843      2716D407 
 843      7C75EABC 
 843      93602A00 
 843      10C4
 844 01aa 7DD2538F 		.ascii	"}\322S\217\345I\272\225S\027L\332\005\231\352\367r\225"
 844      E549BA95 
 844      53174CDA 
 844      0599EAF7 
 844      7295
 845 01bc 32CB365A 		.ascii	"2\3136Z\326C\275\341,\323\272\266\322\353\177%=U\222"
 845      D643BDE1 
 845      2CD3BAB6 
 845      D2EB7F25 
 845      3D5592
 846 01cf 34292984 		.ascii	"4))\204^g\241nv`\004b\254\250\337$ 0 !D\316\203\237"
 846      5E67A16E 
 846      76600462 
 846      ACA8DF24 
 846      20302021 
 847 01e7 F3BC1944 		.ascii	"\363\274\031D,\012d\313\306\361!~\0349&\207&t\3766x"
 847      2C0A64CB 
 847      C6F1217E 
 847      1C392687 
 847      2674FE36 
 848 01fc A634C901 		.ascii	"\2464\311\001\300su\376\210\3123Q,^\222\355_\223M\306"
 848      C07375FE 
 848      88CA3351 
 848      2C5E92ED 
 848      5F934DC6 
 849 0210 7EF0C222 		.ascii	"~\360\302\"\367\327\236\035\327\221\334\240Rk`P\221"
 849      F7D79E1D 
 849      D791DCA0 
 849      526B6050 
 849      91
 850 0221 99240F99 		.ascii	"\231$\017\231\223\235;\323\315\255\321&6\313\260Bq\211"
 850      939D3BD3 
 850      CDADD126 
 850      36CBB042 
 850      7189
 851 0233 1A06272A 		.ascii	"\032\006'*S\366?\306\333\2674\363\004E\276Td9}\030Y"
 851      53F63FC6 
 851      DBB734F3 
 851      0445BE54 
 851      64397D18 
ARM GAS  /tmp/ccSWdfQk.s 			page 24


 852 0248 A5C85185 		.ascii	"\245\310Q\205\322%jL\212\344J\344\367\250\310\270\213"
 852      D2256A4C 
 852      8AE44AE4 
 852      F7A8C8B8 
 852      8B
 853 0259 9D18783C 		.ascii	"\235\030x<v\223'\324M\276\352\037\353\262nr`J\203W\326"
 853      769327D4 
 853      4DBEEA1F 
 853      EBB26E72 
 853      604A8357 
 854 026e 4DFEB5FA 		.ascii	"M\376\265\372V\221X\253\327\252\325;\327\304\275\265"
 854      569158AB 
 854      D7AAD53B 
 854      D7C4BDB5 
 855 027e 66AB912B 		.ascii	"f\253\221+\024&q\337<\270\233\361\237\304\372\321\310"
 855      142671DF 
 855      3CB89BF1 
 855      9FC4FAD1 
 855      C8
 856 028f 0B0AD13F 		.ascii	"\013\012\321?\014B\266;\034\306\236\262\362\342\362"
 856      0C42B63B 
 856      1CC69EB2 
 856      F2E2F2
 857 029e FD054665 		.ascii	"\375\005Fe\215QVTaTUV\037\2531\012\016\356\333\272\305"
 857      8D515654 
 857      61545556 
 857      1FAB310A 
 857      0EEEDBBA 
 858 02b3 C8CFCF35 		.ascii	"\310\317\3175N\036\316\335{|\263L\025\236(=ZXQQ\352"
 858      4E1ECEDD 
 858      7B7CB34C 
 858      159E283D 
 858      5A585151 
 859 02c8 28210CC3 		.ascii	"(!\014\303\252\365\313\3369\262KsJ\212\213\216\024\223"
 859      AAF5CBDE 
 859      39B24B73 
 859      4A8A8B8E 
 859      1493
 860 02da BF108BCA 		.ascii	"\277\020\213\312\031"
 860      19
 861              		.text
 862              		.section	.gnu.lto_wdg_lld_stop.91.74235365a2eb854,"e",%progbits
 863 0000 789C6D50 		.ascii	"x\234mPMH\224Q\024\275\347\335o~\261u\202PC\004\242"
 863      4D489451 
 863      14BDE7DD 
 863      6F7EB175 
 863      82504304 
 864 0015 8BF9ACA4 		.ascii	"\213\371\254\244\277M\201R\004F\013\243\226\3428\224"
 864      BF4D8152 
 864      04460BA3 
 864      96E23894 
 865 0025 C28092D1 		.ascii	"\302\200\222\321\317j\336LS\026\204\023e\265\320)ml"
 865      CF6ADE4C 
 865      53168413 
 865      65B5D029 
 865      6D6C
 866 0037 D2168A60 		.ascii	"\322\026\212`\226\345\324PQ(\271q\323B\220h\021h\331"
ARM GAS  /tmp/ccSWdfQk.s 			page 25


 866      96E5D450 
 866      5128B971 
 866      D3429068 
 866      1168D9
 867 004a 48251444 		.ascii	"H%\024Dv\337\033\"\202\036\274\307\271\177\347\236w"
 867      76DF1B22 
 867      821EBCC7 
 867      B97FE79E 
 867      77
 868 005b 3628A223 		.ascii	"6(\242#DT+\027\036\202\322Z\357\365%\374J\361\217\333"
 868      44542B17 
 868      1E82D25A 
 868      EFF525FC 
 868      4AF18FDB 
 869 006f 831B1D1D 		.ascii	"\203\033\035\035t\272\336\315\207\034]\306\344\000\266"
 869      74BADECD 
 869      871C5DC6 
 869      E400B6
 870 007e AAFDA0B8 		.ascii	"\252\375\240\270b\007q\025\277\306\275\214\347]\037"
 870      62077115 
 870      BFC6BD8C 
 870      E75D1F
 871 008d 2655D53D 		.ascii	"&U\325=)\352\302\315\025\337\005}\276<\313D\031\271"
 871      29EAC2CD 
 871      15DF057D 
 871      BE3CCB44 
 871      19B9
 872 009f A5837154 		.ascii	"\245\203qTI\337B2\363\275\354*g\031p$\354\231\031\237"
 872      49DF4232 
 872      F3BDEC2A 
 872      67197024 
 872      EC99199F 
 873 00b3 0E9A5021 		.ascii	"\016\232P!$\341\255\033\263\333y7H`\376\376\247U\247"
 873      24E1AD1B 
 873      B3DB7937 
 873      4860FEFE 
 873      A755A7
 874 00c6 F2AED649 		.ascii	"\362\256\326I]\370\366\202\365\346,3\036\202\205\021"
 874      5DF8F682 
 874      F5E62C33 
 874      1E828511 
 875 00d6 13A8C003 		.ascii	"\023\250\300\003T\020\036\241R\322{\346\331B2s\357\307"
 875      54101EA1 
 875      52D27BE6 
 875      D9423273 
 875      EFC7
 876 00e8 7E5D5FE7 		.ascii	"~]_\347u\314fL\302K\245\027\242`t\316S\320?\327\322"
 876      75CC664C 
 876      C24BA517 
 876      A26074CE 
 876      53D03FD7 
 877 00fd 5A4F1FF8 		.ascii	"ZO\037\370\232\206\007\224eGt\330\3114So~4\010] \272"
 877      9A860794 
 877      654774D8 
 877      C934536F 
 877      7E34085D 
 878 0113 C2CAE284 		.ascii	"\302\312\342\204\340%\350;\037\323lI\004o\262\3403\222"
ARM GAS  /tmp/ccSWdfQk.s 			page 26


 878      E025E83B 
 878      1FD36C49 
 878      046FB2E0 
 878      3392
 879 0125 53018306 		.ascii	"S\001\203\006\030\262\262\373\\q\301o>\301Vy\317\330"
 879      18B2B2FB 
 879      5C71C16F 
 879      3EC15679 
 879      CFD8
 880 0137 C86BCE61 		.ascii	"\310k\316a0!^\204\262\354\031\220\374cQkjs\313\205\014"
 880      30215E84 
 880      B2EC1990 
 880      FC63516B 
 880      6A73CB85 
 881 014c 6A4674A9 		.ascii	"jFt\251\344\305\023\344\320g=\302\024jh\021\251\305"
 881      E4C513E4 
 881      D0673DC2 
 881      146A6811 
 881      A9C5
 882 015e BABFC413 		.ascii	"\272\277\304\023\227\226\207\003\206\330\013 o(\310"
 882      97968703 
 882      86D80B20 
 882      6F28C8
 883 016d A8E397C5 		.ascii	"\250\343\227\305\213\036\243\016KP\246[Z/w\257\356\253"
 883      8B1EA30E 
 883      4B50A65B 
 883      5A2F77AF 
 883      EEAB
 884 017f 1EB2F6BF 		.ascii	"\036\262\366\277\032V}\375~QC\271?\356\343)\252E\006"
 884      1A567DFD 
 884      7E5143B9 
 884      3FEEE329 
 884      AA4506
 885 0192 ADA0F413 		.ascii	"\255\240\364\023\031\310\014\275Y\013\244\220LH\247"
 885      19C80CBD 
 885      590BA490 
 885      4C48A7
 886 01a1 2F23CA09 		.ascii	"/#\312\011\317\2202\236\370\355\022\347\355l\316.Q\377"
 886      CF90329E 
 886      F8ED12E7 
 886      ED6CCE2E 
 886      51FF
 887 01b3 B5C0248B 		.ascii	"\265\300$\213\351\263\026\177A\262_\014-\331M\306K\330"
 887      E9B3167F 
 887      41B25F0C 
 887      2DD94DC6 
 887      4BD8
 888 01c5 61E325D1 		.ascii	"a\343%\321\216p\330\255km\213\264\035jt\333;\335\326"
 888      8E70D8AD 
 888      6B6D8BB4 
 888      1D6A74DB 
 888      3BDDD6
 889 01d8 E698DBD1 		.ascii	"\346\230\333\321~\342d\247\333x\370\340\266\255nCC\275"
 889      7EE264A7 
 889      DB78F8E0 
 889      B6AD6E43 
 889      43BD
ARM GAS  /tmp/ccSWdfQk.s 			page 27


 890 01ea 7BE668FD 		.ascii	"{\346h\375\376S[L\251\351t\364xS,\026\015\267\220#\260"
 890      FE535B4C 
 890      A9E974F4 
 890      78532C16 
 890      0DB79023 
 891 01ff 63FD3FB9 		.ascii	"c\375?\271\360\316\350\256\226H\363\261\010\375\006"
 891      F0CEE8AE 
 891      9648F3B1 
 891      08FD06
 892 020e 93E0CBCC 		.ascii	"\223\340\313\314"
 893              		.text
 894              		.section	.gnu.lto_wdg_lld_reset.92.74235365a2eb854,"e",%progbits
 895 0000 789C6590 		.ascii	"x\234e\220MHTQ\024\307\317\377\2357\037H\256\023Dp\021"
 895      4D485451 
 895      14C7CFFF 
 895      9D371F48 
 895      AE134470 
 896 0015 C86CE64D 		.ascii	"\310l\346M\012~\264IP\210\300ha\324R\034\207T\030PT"
 896      0A7EB449 
 896      5088C068 
 896      61D4521C 
 896      87541850 
 897 002a B49D7746 		.ascii	"\264\235wFGwN\324T`Mh\257\014\0062\004\265FG}\310\200"
 897      47774ED4 
 897      54604D68 
 897      AF0C0632 
 897      04B54647 
 898 0041 A9E84270 		.ascii	"\251\350Bp\353\242@H,A\020\\\204y\356\233\201\212.\\"
 898      EBA24048 
 898      2C41105C 
 898      8479EE9B 
 898      818A2E5C 
 899 0055 381FF7FF 		.ascii	"8\037\367\377;\377s\267At\237\210*\344\202\011\206R"
 899      3BFF73B7 
 899      41749F88 
 899      2AE48209 
 899      8652
 900 0067 AAD117F3 		.ascii	"\252\321\027\363\033\200\033)?h\330\3000\236\362K\306"
 900      1B801B29 
 900      3F68D8C0 
 900      309EF24B 
 900      C6
 901 0078 FAF861D6 		.ascii	"\372\370a\326\010\274\227\216r^L\226\214\251D\231\315"
 901      08BC978E 
 901      725E4C96 
 901      8CA94499 
 901      CD
 902 0089 4469B985 		.ascii	"Di\271\205\203y\004\344\335A<}~\345\011\333\014\230"
 902      837904E4 
 902      DD413C7D 
 902      7EE509DB 
 902      0C98
 903 009b 92A6B6E6 		.ascii	"\222\246\266\3467Ktj\240R\322\327\317wj\371\006H\302"
 903      374B746A 
 903      A052D2D7 
 903      CF776AF9 
 903      0648C2
ARM GAS  /tmp/ccSWdfQk.s 			page 28


 904 00ae 95CCF199 		.ascii	"\225\314\361\231Y\365N\251\270r\362yV\327lf|\002\013"
 904      59F54EA9 
 904      B872F279 
 904      56D76C66 
 904      7C020B
 905 00c1 118B28C7 		.ascii	"\021\213(\307\002\312\211\244v3'\205\317\250\"-\372"
 905      02CA89A4 
 905      76332785 
 905      CFA8222D 
 905      FA
 906 00d2 3A77F1AC 		.ascii	":w\361\254\324k\026\307\"\013/\311\026\364q\317\343"
 906      D46B16C7 
 906      220B2FC9 
 906      16F471CF 
 906      E3
 907 00e3 A85FBF93 		.ascii	"\250_\277\223J}\277\375-\005\017Dh\212\003W\226d\322"
 907      4A7DBFFD 
 907      2D050F44 
 907      688A0357 
 907      9664D2
 908 00f6 AE4D2887 		.ascii	"\256M(\207\3501\033\205$&\311\021\324\233\265\024\273"
 908      E8311B85 
 908      2426C911 
 908      D49BB514 
 908      BB
 909 0107 989F88E7 		.ascii	"\230\237\210\3476}:\234f\310\244\211\221\223\003\277"
 909      367D3A9C 
 909      66C8A489 
 909      919303BF 
 910 0117 36CEAEDB 		.ascii	"6\316\256\333\324\334\354\006\317\340mL\304\2256{\246"
 910      D4DCEC06 
 910      CFE06D4C 
 910      C495367B 
 910      A6
 911 0128 A5BEA41D 		.ascii	"\245\276\244\035Jo\357\207\223FhV\025Z&\2261\203W\005"
 911      4A6FEF87 
 911      93466856 
 911      155A2696 
 911      31835705 
 912 013c 83398484 		.ascii	"\2039\204\204\274~\372%\240\311\177c\315\377\260S}\342"
 912      BC7EFA25 
 912      A0C97F63 
 912      CDFFB053 
 912      7DE2
 913 014e 5A4FC74A 		.ascii	"ZO\307J\021\234\371p\230`\001\217\3064\330\207U\027"
 913      119CF970 
 913      9860018F 
 913      C634D887 
 913      5517
 914 0160 AC17C61A 		.ascii	"\254\027\306\032B\362`\322\336]t\177\327\207\314\276"
 914      42F260D2 
 914      DE5D747F 
 914      D787CCBE 
 915 0170 014774A7 		.ascii	"\001Gt\247\210O\311\027\270;\351\223d\374\331\236\250"
 915      884FC917 
 915      B83BE993 
 915      64FCD99E 
ARM GAS  /tmp/ccSWdfQk.s 			page 29


 915      A8
 916 0181 2E18B49A 		.ascii	".\030\264\232\272\272\303\335w[\255\236~\253\253=j\365"
 916      BABAC3DD 
 916      775BAD9E 
 916      7EABAB3D 
 916      6AF5
 917 0193 F6F40DF4 		.ascii	"\366\364\015\364[\255\367\356\324T[--\315\326\243\007"
 917      5BADF7EE 
 917      D4545B2D 
 917      2DCDD6A3 
 917      07
 918 01a4 CDB706AF 		.ascii	"\315\267\006\257\353V\333P\244\263-\032\215\004;\310"
 918      EB56DB50 
 918      A4B32D1A 
 918      8D043BC8 
 919 01b4 94B0F7EA 		.ascii	"\224\260\367\352?\265`}\244\241#\334\3760L\227\322\270"
 919      3FB5607D 
 919      A4A123DC 
 919      FE304C97 
 919      D2B8
 920 01c6 B06F     		.ascii	"\260o"
 921              		.text
 922              		.section	.gnu.lto_wdg_lld_stop.part.0.95.74235365a2eb854,"e",%progbits
 923 0000 789C6D52 		.ascii	"x\234mRKhSA\024\235;\363^\222\326\270p\245\220\315K"
 923      4B685341 
 923      149D3BF3 
 923      5E92D6B8 
 923      70A590CD 
 924 0015 B1966491 		.ascii	"\261\226d\221\207\012\3766U,\026\241\342\242B\227%?"
 924      870AFE36 
 924      552C16A1 
 924      E2A24297 
 924      253F
 925 0027 6D2024C1 		.ascii	"m $\301<\252\033\3554\306*\"F\254\325\202M[|~\252.D"
 925      3CAA1BED 
 925      34C62A22 
 925      46ACD582 
 925      4D5B7C7E 
 926 003e 889FAAB1 		.ascii	"\210\237\252\2611i\013\212\272p+T\351\242\213(X\301"
 926      31690B8A 
 926      BA702B54 
 926      E9A28B28 
 926      58C1
 927 0050 6011B1DE 		.ascii	"`\021\261\336\231|\332\250\017\036s\346\314\271\347"
 927      997CDAA8 
 927      0F1E73E6 
 927      CCB9E7
 928 005f 7E66DE51 		.ascii	"~f\336QBN\020B\332\361\007\013\001\225s\276\333\012"
 928      424E1042 
 928      DAF1070B 
 928      019573BE 
 928      DB0A
 929 0071 2AD032A0 		.ascii	"*\3202\240\300$\350\2671P*H\251p{\200\364\251\224)\320"
 929      C024E8B7 
 929      31502A48 
 929      A9707B80 
 929      F4A99429 
ARM GAS  /tmp/ccSWdfQk.s 			page 30


 930 0086 471959F9 		.ascii	"G\031Y\371\006\3315\006\3713\013\223\324u\033u<wu\321"
 930      06D93506 
 930      F9330B93 
 930      D4751B75 
 930      3C7775D1 
 931 009a 3AC04F6F 		.ascii	":\300Oo0Q\224\256\011\377\322\360\034\255\010@T\222"
 931      305194AE 
 931      09FFD2F0 
 931      1CAD0840 
 931      5492
 932 00ac 0197581E 		.ascii	"\001\227X\036\342BQ9\227H/\331/1\223\001(\270\275\374"
 932      E2425139 
 932      97482FD9 
 932      2F319301 
 932      28B8BDFC 
 933 00c0 3AF3AA51 		.ascii	":\363\252Ql)h\270\035\275\362v\033\333\005\3022{\367"
 933      6C2968B8 
 933      1DBDF276 
 933      1BDB05C2 
 933      327BF7
 934 00d3 4B4969B9 		.ascii	"KIi\271\311y\202\347\276\027\030\337h2\006O\200a^x\014"
 934      C97982E7 
 934      BE1718DF 
 934      6832064F 
 934      80615E78 
 935 00e8 0E78040E 		.ascii	"\016x\004\016\002\223\320\202t\353\007&!F\235\277P\332"
 935      0293D082 
 935      74EB0726 
 935      21469DBF 
 935      50DA
 936 00fa E79E9075 		.ascii	"\347\236\220u\314\336\241#\3436<&\267\252\245\302Sp"
 936      CCDEA123 
 936      E3363C26 
 936      B7AAA5C2 
 936      5370
 937 010c A368FEC1 		.ascii	"\243h\376\301\357\241\265\026E\264\000\317pT\"\335\275"
 937      EFA1B516 
 937      45B400CF 
 937      705422DD 
 937      BD
 938 011d 6F7337A0 		.ascii	"os7\240\331\224\351f\307\354#<\227\324j\031\241.c\245"
 938      D994E966 
 938      C7EC233C 
 938      97D46A19 
 938      A12E63A5 
 939 0131 E78A0B3C 		.ascii	"\347\212\013<\207f\321k\331\011\262b\364\270\012\372"
 939      8766D16B 
 939      D909B262 
 939      F4B80AFA 
 940 0141 FE7BBC83 		.ascii	"\376{\274\203_\313)\3163'\327)\204\244\030\231\376z"
 940      5FCB29CE 
 940      3327D729 
 940      84A41899 
 940      FE7A
 941 0153 56C5E38B 		.ascii	"V\305\343\213L\225\210\221\"$d\273\253\012\317\273\376"
 941      4C958891 
 941      222464BB 
ARM GAS  /tmp/ccSWdfQk.s 			page 31


 941      AB0ACFBB 
 941      FE
 942 0164 A9FB05B8 		.ascii	"\251\373\005\270e\346\"P\"\234\005A\204\015\255\331"
 942      65E62250 
 942      229C0541 
 942      840DADD9 
 943 0174 F0EB9F53 		.ascii	"\360\353\237SL\246G\334$\301\"\234\322$@\377\364\304"
 943      4CA647DC 
 943      24C1229C 
 943      D22440FF 
 943      F4C4
 944 0186 9BE58624 		.ascii	"\233\345\206$$\372\321YI3|+0\005I &SW\007\014\3747\300"
 944      24FAD159 
 944      49337C2B 
 944      30054920 
 944      26535707 
 945 019e 92C66A08 		.ascii	"\222\306j\010\344D\000\036-d\227F\301I\307\3700\216"
 945      E444001E 
 945      2D649746 
 945      C149C7F8 
 945      308E
 946 01b0 C82A98D2 		.ascii	"\310*\230\322\217\371A\213\020\017s\216\234\015^\202"
 946      8FF9418B 
 946      100F738E 
 946      9C0D5E82 
 947 01c0 B33C8A3C 		.ascii	"\263<\212<\306\240\340\343\324\271\204\274\366\006\370"
 947      C6A0E0E3 
 947      D4B984BC 
 947      F606F8
 948 01cf 49A0000E 		.ascii	"I\240\000\016\3442\245\361!\273\263\253l\323(l\012\305"
 948      E432A5F1 
 948      21BBB3AB 
 948      6CD3286C 
 948      0AC5
 949 01e1 4FAD2B2E 		.ascii	"O\255+.k`\272\3522\203.&\263\313\226\305\213\345J\271"
 949      6B60BAEA 
 949      32832E26 
 949      B3CB96C5 
 949      8BE54AB9 
 950 01f5 E7A6FA86 		.ascii	"\347\246\372\206k@\314Z\251\352p,\304*\306\270\335\343"
 950      6B40CC5A 
 950      A9EA702C 
 950      C42AC6B8 
 950      DDE3
 951 0207 D1F7F684 		.ascii	"\321\367\366\204|\241\203\235z4\256\367x\303z,z\324"
 951      7CA1839D 
 951      7A34AEF7 
 951      78C37A2C 
 951      7AD4
 952 0219 88EB9D87 		.ascii	"\210\353\235\207\016l\335\242wt\264\351\307\273\332"
 952      0E6CDDA2 
 952      7774B4E9 
 952      C7BBDA
 953 0228 DA7B378B 		.ascii	"\332{7\213\243\356c\201#\335\341p\300\343'\012\302\330"
 953      A3EE6381 
 953      23DDE170 
 953      C0E3270A 
ARM GAS  /tmp/ccSWdfQk.s 			page 32


 953      C2D8
 954 023a FA3ACEB3 		.ascii	"\372:\316\263#\260\323\357\363\036\366\221M\3731D\363"
 954      23B0D3EF 
 954      F31EF691 
 954      4DFB3144 
 954      F3
 955 024b 7B2391A8 		.ascii	"{#\221\250\241\371\202Z\334\210\306b\301\200\026\215"
 955      A1F9825A 
 955      DC88C662 
 955      C180168D 
 956 025b F8839AD7 		.ascii	"\370\203\232\327o\204z\275F0@\376\000fo\010h"
 956      6F847ABD 
 956      463040FE 
 956      00666F08 
 956      68
 957              		.text
 958              		.section	.gnu.lto_.symbol_nodes.74235365a2eb854,"e",%progbits
 959 0000 789C758F 		.ascii	"x\234u\217\253\016\302@\024D\317\335GI\370\211\376\006"
 959      AB0EC240 
 959      1444CFDD 
 959      4749F889 
 959      FE06
 960 0012 9A1FBBBB 		.ascii	"\232\037\273\273\011\002\211\307\"\352\320\220`\010"
 960      090289C7 
 960      22EAD090 
 960      6008
 961 0020 1A0D9487 		.ascii	"\032\015\224\207\301\003\026\003\333\245\270v\324$\347"
 961      C1031603 
 961      DBA5B876 
 961      D424E7
 962 002f 64927991 		.ascii	"d\222y\221bn(\273\307\324\313lO\252\254&1\006\203\220"
 962      626E28BB 
 962      C7D4CB6C 
 962      4FAAAC26 
 962      31068390 
 963 0043 E9119590 		.ascii	"\351\021\225\220\342\376x\035\242\264\320\037 \216\033"
 963      E2FE781D 
 963      A2B4D01F 
 963      208E1B
 964 0052 EB849AE7 		.ascii	"\353\204\232\347\273\032uH\246F\355|\263\034v\2613\352"
 964      BB1A7548 
 964      A646ED7C 
 964      B31C76B1 
 964      33EA
 965 0064 FAD6E582 		.ascii	"\372\326\345\202\372O\2332\013\220\334\206\312\025-"
 965      FA4F9B32 
 965      0B90DC86 
 965      CA152D
 966 0073 7A986590 		.ascii	"z\230e\220\357\334\305R\344\266\020\353~\027\267\302"
 966      EFDCC552 
 966      E4B610EB 
 966      7E17B7C2 
 967 0083 17090749 		.ascii	"\027\011\007Iw"
 967      77
 968              		.text
 969              		.section	.gnu.lto_.refs.74235365a2eb854,"e",%progbits
 970 0000 789CE366 		.ascii	"x\234\343f```bddbb`dba`\000\000\001\024\000\033"
ARM GAS  /tmp/ccSWdfQk.s 			page 33


 970      60606062 
 970      64646262 
 970      60646261 
 970      60000001 
 971              		.text
 972              		.section	.gnu.lto_.decls.74235365a2eb854,"e",%progbits
 973 0000 789C9D57 		.ascii	"x\234\235WkP\024\331\025\276\347\336afh\007\007\004"
 973      6B5014D9 
 973      15BEE7DE 
 973      61666807 
 973      0704
 974 0012 A3B5ECBA 		.ascii	"\243\265\354\272\254q#\251d\035\201\224&\251\3740\245"
 974      AC7123A9 
 974      641D8194 
 974      26A9FC30 
 974      A5
 975 0023 71DDD235 		.ascii	"q\335\3225\226\232JU\376\020dF\241\002b\015\2431\277"
 975      969A4A55 
 975      FE106446 
 975      A102620D 
 975      A331BF
 976 0036 D28222CB 		.ascii	"\322\202\"\313K\304\307\372\006\301'\273\356\342\372"
 976      4BC4C7FA 
 976      06C127BB 
 976      EEE2FA
 977 0045 42451D1E 		.ascii	"BE\035\036*\262>\211oQ\361=*\212o\021Tr\356\275=L\267"
 977      2AB23E89 
 977      6F51F13D 
 977      2A8A6F11 
 977      5472EEBD 
 978 005c E26EB25D 		.ascii	"\342n\262]sz\372\334\373\235\357\234{\316\351\356\333"
 978      737AFADC 
 978      FB9DEF9C 
 978      7BCEE9EE 
 978      DB
 979 006d 1D76427E 		.ascii	"\035vB~I\011\371\015J'\036fB\310\011\024\033\312^\224"
 979      4909F90D 
 979      4A271E66 
 979      42C80914 
 979      1BCA5E94 
 980 0081 7D280351 		.ascii	"}(\003Q\352P\232QZP\356\241t\240\274DiDy\205r\234\310"
 980      EA509A51 
 980      5A50EEA1 
 980      74A0BC44 
 980      69447985 
 981 0098 C382A200 		.ascii	"\303\202\242\000!!(v\024+J\030J8J$\012\376\310\007@"
 981      21212876 
 981      142B4A18 
 981      4A384A24 
 981      0AFEC807 
 982 00ad 0C4724FA 		.ascii	"\014G$\372\016\302\377$\315\307e\215\227\373\300)r\001"
 982      0EC2FF24 
 982      CDC7658D 
 982      97FBC029 
 982      7201
 983 00bf E51291B6 		.ascii	"\345\022\221\266!\357\340\370\220\312\2309G/\224\010"
 983      21EFE0F8 
ARM GAS  /tmp/ccSWdfQk.s 			page 34


 983      90CA9839 
 983      472F9408 
 984 00cf 8DAB438B 		.ascii	"\215\253C\213\277E\343mGiE\271\213\322\217\307\247q"
 984      BF45E36D 
 984      476945B9 
 984      8BD28FC7 
 984      A771
 985 00e1 B7A13C45 		.ascii	"\267\241<E\271\210\342Cy\201r\007\345\231\346\327\376"
 985      B988E243 
 985      79817207 
 985      E599E6D7 
 985      FE
 986 00f2 863F7E84 		.ascii	"\206?~\204\241\317\340n|\036\327\255\341C\264\013\326"
 986      A1CFE06E 
 986      7C1ED7AD 
 986      E143B40B 
 986      D6
 987 0103 62BEA0AD 		.ascii	"b\276\240\255\207\347D\321\306\352\337\340\3749\225"
 987      87E744D1 
 987      C6EADFE0 
 987      FC3995
 988 0112 3175B70E 		.ascii	"1u\267\016}\374T\0277\347\011\353&\276\336\010\012\351"
 988      7DFC5417 
 988      37E709EB 
 988      26BEDE08 
 988      0AE9
 989 0124 862B0AB1 		.ascii	"\206+\012\2616\224\217\340\355\032\367\307\261\3674"
 989      36948FE0 
 989      ED1AF7C7 
 989      B1F734
 990 0133 2E932E56 		.ascii	".\223.V}\375\336\214y9\203\027\331G/\364(b\320K\201"
 990      7DFDDE8C 
 990      79398317 
 990      D9472FF4 
 990      2862D04B 
 991 0148 21A85ECA 		.ascii	"!\250^\312X\331f\223\252\011\325\205\015[\017)\250F"
 991      58D96693 
 991      AA09D585 
 991      0D5B0F29 
 991      A846
 992 015a 2810856A 		.ascii	"(\020\205j\363\236\232\355\301J\266\212\2077S\3555\212"
 992      F39E9AED 
 992      C14AB68A 
 992      873753ED 
 992      358A
 993 016c C3B64324 		.ascii	"\303\266C$l\203Ht\260\003\024\002\216H\330\212\032\202"
 993      6C834874 
 993      B0031402 
 993      8E48D88A 
 993      1A82
 994 017e B72E2DC8 		.ascii	"\267.-\3103I\252\241\2506m.\270\306$U%C\375T\333\236"
 994      3349AAA1 
 994      A8366D2E 
 994      B8C62455 
 994      2543FD54 
 995 0194 761BA380 		.ascii	"v\033\243\200Pv\255\272<;\004\224H@.@\372\014\265$3"
 995      5076ADBA 
ARM GAS  /tmp/ccSWdfQk.s 			page 35


 995      3C3B0494 
 995      48402E40 
 995      FA0CB524 
 996 01a9 DBDC9740 		.ascii	"\333\334\227@\\$\014\216$\260\013\030\354\346\354U\010"
 996      5C240C8E 
 996      24B00B18 
 996      ECE6EC55 
 996      08
 997 01ba D883F44B 		.ascii	"\330\203\364KU\253\030X\252\"\372\301\277\3055r\036"
 997      55AB1858 
 997      AA22FAC1 
 997      BFC53572 
 997      1E
 998 01cb B9B36CAD 		.ascii	"\271\263l\255\251W!\217\217\237\000\370\004\354D\243"
 998      A957218F 
 998      8F9F00F8 
 998      04EC44A3 
 999 01db 4A11E15E 		.ascii	"J\021\341^\350%\303\224\327h\261di[\253\315\226\303"
 999      E825C394 
 999      D768B164 
 999      695BABCD 
 999      96C3
 1000 01ed 5DE28A82 		.ascii	"]\342\212\202G\361a\335\222\366\001oM\376\207\330\326"
 1000      47F161DD 
 1000      92F6016F 
 1000      4DFE87D8 
 1000      D6
 1001 01fe 3D8F8F69 		.ascii	"=\217\217i\251\372\030\325sU\327*\225w&\243ZK\206W&"
 1001      A9FA18D5 
 1001      7355D72A 
 1001      957726A3 
 1001      5A4B8657 
 1002 0213 E3CA8A82 		.ascii	"\343\312\212\202\306 i\373\013TKJ\212W\365\224\311\250"
 1002      C62069FB 
 1002      0B544B4A 
 1002      8A57F594 
 1002      C9A8
 1003 0225 A0A8975E 		.ascii	"\240\250\227^]\277\273\307[\201\327\"[\215`\253\343"
 1003      5DBFBBC7 
 1003      5B81D722 
 1003      5B8D60AB 
 1003      E3
 1004 0236 8157CBC0 		.ascii	"\201W\313\300\353D\340\373:\027\357\323\262kE\365\366"
 1004      EB44E0FB 
 1004      3A17EFD3 
 1004      B26B45F5 
 1004      F6
 1005 0247 EB6F6F99 		.ascii	"\353oo\231\230\205g\023\324u\007\366\367d=\305\265\357"
 1005      98856713 
 1005      D47507F6 
 1005      F7643DC5 
 1005      B5EF
 1006 0259 EBF3176C 		.ascii	"\353\363\027l\216M\252<\254\371\214\300A`\242\370c{"
 1006      8E4DAA3C 
 1006      ACF98CC0 
 1006      4160A2F8 
 1006      637B
ARM GAS  /tmp/ccSWdfQk.s 			page 36


 1007 026b 70C08539 		.ascii	"p\300\2059\233\013 <\254\257\030\202C\020\016\365\340"
 1007      9B0B203C 
 1007      ACAF1882 
 1007      43100EF5 
 1007      E0
 1008 027c D07AE340 		.ascii	"\320z\343@e\355N\013\233,\210\362\033K\232\314\341\363"
 1008      65ED4E0B 
 1008      9B2C88F2 
 1008      1B4B9ACC 
 1008      E1F3
 1009 028e 250F1570 		.ascii	"%\017\025ph\300\262\030-\026U-\250\261\352\323\371="
 1009      68C0B218 
 1009      2D16552D 
 1009      A8B1EAD3 
 1009      F93D
 1010 02a0 4E079272 		.ascii	"N\007\222rX\244\023q\027W\266>6\261i\202\331\333\234"
 1010      58A41371 
 1010      1757B63E 
 1010      36B16982 
 1010      D9DB9C
 1011 02b3 FF8237C6 		.ascii	"\377\2027\306\373\012t\002\352\007[\357\235\004\251"
 1011      FB0A7402 
 1011      EA075BEF 
 1011      9D04A9
 1012 02c2 F3E9ABD7 		.ascii	"\363\351\253\327\262\226\2005K4E\231\312\272\232\202"
 1012      B2968035 
 1012      4B344599 
 1012      CABA9A82 
 1013 02d2 C071B00A 		.ascii	"\300q\260\012\327p\014\035\034\225y^PT\273\322\306f"
 1013      D7700C1D 
 1013      1C95795E 
 1013      5054BBD2 
 1013      C666
 1014 02e4 08CBD6DA 		.ascii	"\010\313\326\332\212\005\246n,\341\004\306\335\235\361"
 1014      8A05A66E 
 1014      2CE104C6 
 1014      DD9DF1
 1015 02f3 77BB5FE5 		.ascii	"w\273_\345\006\263Y \2547>-X\256\310\004\363\342\357"
 1015      06B35920 
 1015      AC373E2D 
 1015      58AEC804 
 1015      F3E2EF
 1016 0306 3AF57DA9 		.ascii	":\365}\251V\261f>\335t\265\345\274\225\345J\2541\211"
 1016      56B1663E 
 1016      DD74B5E5 
 1016      BC95E54A 
 1016      AC3189
 1017 0319 670C2939 		.ascii	"g\014)9\\\274|K\010\233'\201G\326\226\337\017\321\200"
 1017      5CBC7C4B 
 1017      089B2781 
 1017      47D696DF 
 1017      0FD180
 1018 032c 7016C330 		.ascii	"p\026\3030b\3332\317O\321g\357\234!{\347\265\354\231"
 1018      62DB32CF 
 1018      4FD167EF 
 1018      9C217BE7 
 1018      B5EC99
ARM GAS  /tmp/ccSWdfQk.s 			page 37


 1019 033f D61E3AB3 		.ascii	"\326\036:\263-\010\006\204\017\030P*\260\267\276\212"
 1019      2D080684 
 1019      0F18502A 
 1019      B0B7BE8A 
 1020 034f 2A6FF7A9 		.ascii	"*o\367\251j\326`h\304e\035A\336&\264\364\347\311\301"
 1020      6AD66068 
 1020      C4651D41 
 1020      DE26B4F4 
 1020      E7C9C1
 1021 0362 4F317812 		.ascii	"O1x\022\325\013\035E\340\024r\236DN\370\217\006\305"
 1021      D50B1D45 
 1021      E014729E 
 1021      444EF88F 
 1021      06C5
 1022 0374 10E0020C 		.ascii	"\020\340\002\014\200\213(\227`\000\017GR\337,\177\277"
 1022      808B2897 
 1022      60000F47 
 1022      52DF2C7F 
 1022      BF
 1023 0385 3653ADF7 		.ascii	"6S\255\367\002\257\035\034\320\340\201\230\004\367v"
 1023      02AF1D1C 
 1023      D0E08198 
 1023      04F776
 1024 0394 7E29F10D 		.ascii	"~)\361\015\277Z\241zg\333x\254p\372-\364~\360\207\202"
 1024      BF5AA17A 
 1024      67DB78AC 
 1024      70FA2DF4 
 1024      7EF08782 
 1025 03a8 8B9D7DBD 		.ascii	"\213\235}\275e\277=\374\377\212\011\255V\034\331y8D"
 1025      65BF3DFC 
 1025      FF8A09AD 
 1025      561CD979 
 1025      3844
 1026 03ba 9FA3CB06 		.ascii	"\237\243\313\006\017\315\362\206m\0265[WTZ\035\302N"
 1026      0FCDF286 
 1026      6D16355B 
 1026      57545A1D 
 1026      C24E
 1027 03cc CAD45765 		.ascii	"\312\324We\275\332k\301\002\016\3046\303\303\256\353"
 1027      BDDA6BC1 
 1027      020EC436 
 1027      C3C3AEEB 
 1028 03dc B481B2D3 		.ascii	"\264\201\262\3236\256\231_jfg$\274a\325\215*\246dk~"
 1028      36AE995F 
 1028      6A666724 
 1028      BC61D58D 
 1028      2AA6646B 
 1029 03f1 7A8D225D 		.ascii	"z\215\"]N\340:\010\023\036\3375\034\273*\233gQy\365"
 1029      4EE03A08 
 1029      131EDF35 
 1029      1CBB2A9B 
 1029      675179F5 
 1030 0405 4B9B6C10 		.ascii	"K\233l\020\257`k\370\242\301\314\232\005\033[\273,\377"
 1030      AF606BF8 
 1030      A2C1CC9A 
 1030      051B5BBB 
 1030      2CFF
ARM GAS  /tmp/ccSWdfQk.s 			page 38


 1031 0417 A199574C 		.ascii	"\241\231WLf\351hq\277j\231\325\033x\233_A\276\333og"
 1031      66E96871 
 1031      BF6A99D5 
 1031      1B789B5F 
 1031      41BEDB6F 
 1032 042c D550B19B 		.ascii	"\325P\261\2338'\263w[K\215\017\323rG_\252G\037\312\324"
 1032      3827B377 
 1032      5B4B8D0F 
 1032      D372475F 
 1032      AA471FCA 
 1033 0441 73CA5BDD 		.ascii	"s\312[\335S\212Bale\031\205\355\3012\365\205*\325\321"
 1033      538A4261 
 1033      6C651985 
 1033      EDC132F5 
 1033      852AD5D1 
 1034 0455 8B5BBA1B 		.ascii	"\213[\272\033\017hS\261\245(L\237\367\273\006\372\026"
 1034      0F6853B1 
 1034      A5284C9F 
 1034      F7BB06FA 
 1034      16
 1035 0466 99F71691 		.ascii	"\231\367\026\221\367/\363\226\025\367\320cqX\207\275"
 1035      F72FF396 
 1035      15F7D063 
 1035      715887BD 
 1036 0476 27B1F704 		.ascii	"'\261\367\004\266zs\366\222\236\354\272L\372\206\212"
 1036      B67A73F6 
 1036      929EECBA 
 1036      4CFA868A 
 1037 0486 0D8D22E9 		.ascii	"\015\215\"\351\231\377c\322\277=\270\253\323\304|\322"
 1037      99FF63D2 
 1037      BF3DB8AB 
 1037      D3C47CD2 
 1038 0496 3A7FF6BC 		.ascii	":\177\366\274\215\012\273+\225\325\247\216g\200\274"
 1038      8D0ABB2B 
 1038      95D5A78E 
 1038      6780BC
 1039 04a5 7D4351DD 		.ascii	"}CQ\335\324yk\271]VG\345\017\231G\313\016\334U\330}"
 1039      D4796BB9 
 1039      5D5647E5 
 1039      0F9947CB 
 1039      0EDC55D8 
 1040 04ba 810DCA6D 		.ascii	"\201\015\312m^\275\331\012\003\344\0155\033}\037\333"
 1040      5EBDD90A 
 1040      03E40D35 
 1040      1B7D1FDB 
 1041 04ca 1B7DAFF1 		.ascii	"\033}\257\361\201\252\026\015\206V\314\346\023\364\375"
 1041      81AA160D 
 1041      8656CCE6 
 1041      13F4FD
 1042 04d9 BC9B46D6 		.ascii	"\274\233F\326\372\236[4\244\312\344s\370\375w\300\015"
 1042      FA9E5B34 
 1042      A4CAE473 
 1042      F8FD77C0 
 1042      0D
 1043 04ea 057D8C93 		.ascii	"\005}\214\223\217\304\360s-\335m\230\356\027(\317P\236"
 1043      8FC4F073 
 1043      2DDD6D98 
ARM GAS  /tmp/ccSWdfQk.s 			page 39


 1043      EE1728CF 
 1043      509E
 1044 04fc FA0BCBB9 		.ascii	"\372\013\313\271\333S\002\334\017\337\342\356\352\025"
 1044      DB5302DC 
 1044      0FDFE2EE 
 1044      EA15
 1045 050a 09AED105 		.ascii	"\011\256\321\005\362\240{\260\277\013\346\345\315\255"
 1045      F2A07BB0 
 1045      BF0BE6E5 
 1045      CDAD
 1046 0518 3385BF15 		.ascii	"3\205\277\025\221x.\375@P|\037\320\362\344RO}\201\333"
 1046      91782EFD 
 1046      40507C1F 
 1046      D0F2E452 
 1046      4F7D81DB 
 1047 052c 0D5E3A64 		.ascii	"\015^:d\201;D\201s\257n+\261\350\261\035\206fx)\261"
 1047      813B4481 
 1047      73AF6E2B 
 1047      B1E8B11D 
 1047      86667829 
 1048 0541 2F05F6BB 		.ascii	"/\005\366\273+\355\267A\217\345O\351\000\366\225\304"
 1048      2BEDB741 
 1048      8FE54FE9 
 1048      00F695C4 
 1049 0551 BE12D873 		.ascii	"\276\022\330s\207\313\213\203n`3\340\026\202\230\234"
 1049      87CB8B83 
 1049      6E6033E0 
 1049      1682989C 
 1050 0561 F8CA3C3B 		.ascii	"\370\312<;\004O\012\371\033#\021*U\251\331\311\250\302"
 1050      044F0AF9 
 1050      1B23112A 
 1050      55A9D9C9 
 1050      A8C2
 1051 0573 14E654EA 		.ascii	"\024\346T\352\241_\364\0236\314J\243\355\212uC-\204"
 1051      A15FF413 
 1051      36CC4AA3 
 1051      ED8A7543 
 1051      2D84
 1052 0585 2A41564A 		.ascii	"*AVJ}\026\247\022\335\016_\323\022s\3240\325\344\314"
 1052      7D16A712 
 1052      DD0E5FD3 
 1052      1273D430 
 1052      D5E4CC
 1053 0598 EBEDB3A8 		.ascii	"\353\355\263\250\264plD\3340<\373,\365\340D\253q&k("
 1053      B4706C44 
 1053      DC303CFB 
 1053      2CF5E044 
 1053      AB71266B 
 1054 05ad 5EF92CCA 		.ascii	"^\371,\312\023V\222ov\036\241\331\00313\21236\002\363"
 1054      1356926F 
 1054      761EA1D9 
 1054      0331338A 
 1054      333602F3 
 1055 05c1 36CC6AED 		.ascii	"6\314j\355g\257a5l$n\270\254\025\337\364V|\026;RD;\243"
 1055      67AF6135 
 1055      6C246EB8 
 1055      AC15DFF4 
ARM GAS  /tmp/ccSWdfQk.s 			page 40


 1055      567C163B 
 1056 05d9 429D51F6 		.ascii	"B\235Q\366z\010r:\225\210h\202A8cc\207Q\005\231M\326"
 1056      7A08723A 
 1056      95886882 
 1056      41386363 
 1056      87510599 
 1057 05ef 7A886560 		.ascii	"z\210e`\213U\257\334\355\243\200\022\334/*\232\020'"
 1057      8B55AFDC 
 1057      EDA38012 
 1057      DC2F2A9A 
 1057      1027
 1058 0601 19499197 		.ascii	"\031I\221\227u\372\017\260\240Og@\005\210Vh,e\243}\270"
 1058      75FA0FB0 
 1058      A04F6740 
 1058      05885668 
 1058      2C65A37D 
 1059 0616 53A7348A 		.ascii	"S\2474\212\020\325d\265\331@\305\277\340\370\321\316"
 1059      10D564B5 
 1059      D940C5BF 
 1059      E0F8D1CE 
 1060 0626 71B10AF1 		.ascii	"q\261\012\361Y(NE\230@\245\020\260T\314\270\371k\012"
 1060      59284E45 
 1060      9840A510 
 1060      B054CCB8 
 1060      F96B0A
 1061 0639 965B3EB1 		.ascii	"\226[>\261\023\004\376\223'\302\025\242w#\3069\022\023"
 1061      1304FE93 
 1061      27C215A2 
 1061      7723C639 
 1061      1213
 1062 064b ABED1BFD 		.ascii	"\253\355\033\375\243]\177\332\265\004H\036\252\355)"
 1062      A35D7FDA 
 1062      B504481E 
 1062      AAED29
 1063 065a 01FC4E88 		.ascii	"\001\374N\2106\253#\017\304\240\305\341\347\361\373"
 1063      36AB230F 
 1063      C4A0C5E1 
 1063      E7F1FB
 1064 0669 D1C51888 		.ascii	"\321\305\030\210\225P\315%\325\333\010;C\340\001J\322"
 1064      9550CD25 
 1064      D5DB083B 
 1064      43E0014A 
 1064      D2
 1065 067a 45EB0F89 		.ascii	"E\353\017\211@`\313\233\367\344P\317\233p}\026\357\374"
 1065      4060CB9B 
 1065      F7E450CF 
 1065      9B707D16 
 1065      EFFC
 1066 068c 95370612 		.ascii	"\2257\006\022\350]8\214\210\247\306\245\3665Km\254N"
 1066      E85D388C 
 1066      88A7C6A5 
 1066      F6354B6D 
 1066      AC4E
 1067 069e EC4A21F3 		.ascii	"\354J!\363@\331\326\036\354\254Tj|9+\024\377\233\233"
 1067      40D9D61E 
 1067      ECAC546A 
 1067      7C392B14 
ARM GAS  /tmp/ccSWdfQk.s 			page 41


 1067      FF9B9B
 1068 06b1 BFA232A8 		.ascii	"\277\2422\250\376\315\335r\342\304#C\347\362\351@\347"
 1068      FECDDD72 
 1068      E2C42343 
 1068      E7F2E940 
 1068      E7
 1069 06c2 66526DE3 		.ascii	"fRm\343S\276\240n\0263Q9\004i&>\226\265\277pw\210|T"
 1069      53BEA06E 
 1069      16335139 
 1069      0469263E 
 1069      96B5BF70 
 1070 06da 51DD932B 		.ascii	"Q\335\223+B>\271r;s\326\263>\213x\254\025\231j(\205"
 1070      423EB972 
 1070      3B73D6B3 
 1070      3E8B78AC 
 1070      15996A28 
 1071 06ef A49F4116 		.ascii	"\244\237A\026\215\2049\224\023\317\245}\010\314\246"
 1071      8D843994 
 1071      13CFA57D 
 1071      08CCA6
 1072 06fe 26C95E92 		.ascii	"&\311^\222\377\342eP\377\022\265\271Y\365\2666E\025"
 1072      FFE26550 
 1072      FF12B5B9 
 1072      59F5B636 
 1072      4515
 1073 0710 E7CD558F 		.ascii	"\347\315U\217\253j\211\012\002\010\263(\323B\206l\332"
 1073      AB6A890A 
 1073      0208B328 
 1073      D342866C 
 1073      DA
 1074 0721 9FAB04B7 		.ascii	"\237\253\004\267\\7\001^\343Kc\3541\306)\216o\271\277"
 1074      5C37015E 
 1074      E34B63EC 
 1074      31C6298E 
 1074      6FB9BF
 1075 0734 DBF24E77 		.ascii	"\333\362Nw_pwi\232\267\215EU\217\025\364\346\275\242"
 1075      5F707769 
 1075      9AB78D45 
 1075      558F15F4 
 1075      E6BDA2
 1076 0747 7A9B67D1 		.ascii	"z\233g\321\015h\362w\216\300\3563\370Q\015~p0\207\366"
 1076      0D68F277 
 1076      8EC0EE33 
 1076      F8510D7E 
 1076      703087F6 
 1077 075b 47F38EDC 		.ascii	"G\363\216\334\223S\330J\006?\3565O\357u\3537w\207jK"
 1077      9353D84A 
 1077      063FEE35 
 1077      4FEF75EB 
 1077      3777876A 
 1078 0770 3CDF179F 		.ascii	"<\337\027\237u\031hc\342\020\310\355rK\370\265~m\263"
 1078      75196863 
 1078      E210C8ED 
 1078      724BF8B5 
 1078      7E6DB3
 1079 0783 4C04F285 		.ascii	"L\004\362\205\327\305mk\347YY\271t\273~\337\371k=4\262"
 1079      D7C56D6B 
ARM GAS  /tmp/ccSWdfQk.s 			page 42


 1079      E75959B9 
 1079      74BB7EDF 
 1079      F96B3D34 
 1080 0798 C6F7BAC8 		.ascii	"\306\367\272\310x\256\012td\005F2\037j\363\004\331W"
 1080      78AE0A74 
 1080      64054632 
 1080      1F6AF304 
 1080      D957
 1081 07aa 39A7F704 		.ascii	"9\247\367\004\261JIVzo\377f\213Fv'\332@V\250#+4\222"
 1081      B14A4956 
 1081      7A6FFF66 
 1081      8B467627 
 1081      DA4056A8 
 1082 07c2 55A0365F 		.ascii	"U\2406_\220=\334\241\356\016a\007$\231"
 1082      903DDCA1 
 1082      EE0E6107 
 1082      2499
 1083 07d0 B76AC7AD 		.ascii	"\267j\307\255\020N\206\037\027\265\035\177\250\2343"
 1083      104E861F 
 1083      17B51D7F 
 1083      A89C33
 1084 07df D73B4E24 		.ascii	"\327;N$\002\212t\\x-\033|\201`8\324\324RdfO$\303\365"
 1084      028A745C 
 1084      782D1B7C 
 1084      816038D4 
 1084      D4526466 
 1085 07f7 2BCFDA14 		.ascii	"+\317\332\024E\373\230\312\371\241\217)\004\347\354"
 1085      45FB98CA 
 1085      F9A18F29 
 1085      04E7EC
 1086 0806 2D6B31EC 		.ascii	"-k1\354\333\027Q\375\307\314b\177\373\036\365>{i\027"
 1086      DB1751FD 
 1086      C7CC627F 
 1086      FB1EF53E 
 1086      7B6917
 1087 0819 EDBBB8AB 		.ascii	"\355\273\270\253}\367]\256|a\022c\370~\376\222\212\261"
 1087      7DF75DAE 
 1087      7C611263 
 1087      F87EFE92 
 1087      8AB1
 1088 082b B39BD617 		.ascii	"\263\233\326\027Y\273pK\344`\313\331\372\016\373;\213"
 1088      59BB704B 
 1088      E460CBD9 
 1088      FA0EFB3B 
 1088      8B
 1089 083c BC8C1779 		.ascii	"\274\214\027y\251\277\223\26323\266\230\265\365?\316"
 1089      A9BF93B3 
 1089      3233B698 
 1089      B5F53FCE 
 1090 084c 661B32C5 		.ascii	"f\0332\305\372\021\003\013u\353_\350_\377r\261\376;"
 1090      FA11030B 
 1090      75EB5FE8 
 1090      5FFF72B1 
 1090      FE3B
 1091 085e E54763D9 		.ascii	"\345Gc\331\032\223X\376\326\223\367\033\340\3432\265"
 1091      1A9358FE 
 1091      D693F71B 
ARM GAS  /tmp/ccSWdfQk.s 			page 43


 1091      E0E332B5 
 1092 086e D9CB6F85 		.ascii	"\331\313o\205_o+\303\255\016\210\315\342\012I\320\265"
 1092      5F6F2BC3 
 1092      AD0E88CD 
 1092      E20A49D0 
 1092      B5
 1093 087f E1247C84 		.ascii	"\341$|\204\214\335\200\205XI\371\207]n\307\372\233V"
 1093      8CDD8085 
 1093      5849F987 
 1093      5D6EC7FA 
 1093      9B56
 1094 0891 FFD62FE3 		.ascii	"\377\326/\343\307v!\260\212*\374C\353y\345i\303+\221"
 1094      C77621B0 
 1094      8A2AFC43 
 1094      EB79E569 
 1094      C32B91
 1095 08a4 DF08810C 		.ascii	"\337\010\201\014\026\213\014\362\277\356\260y\006l\011"
 1095      168B0CF2 
 1095      BFEEB079 
 1095      066C09
 1096 08b3 A64CAC90 		.ascii	"\246L\254\220_\361\215\362\272F\237\001\276\314\000"
 1096      5FF18DF2 
 1096      BA469F01 
 1096      BECC00
 1097 08c2 5F2DA957 		.ascii	"_-\251W\013\354\336\373\333^\333\365\330:\303\367l\251"
 1097      0BECDEFB 
 1097      DB5EDBF5 
 1097      D83AC3F7 
 1097      6CA9
 1098 08d4 C4F23F53 		.ascii	"\304\362?SbR\202\333\234\2306ur\362\224!\203\0069\206"
 1098      625282DB 
 1098      9C983675 
 1098      72F29421 
 1098      83063986 
 1099 08e8 27254F4A 		.ascii	"'%OJ\376\363\004GZ\272#)!\3051-\315\355IwL\230\370y"
 1099      FEF30447 
 1099      5ABA2329 
 1099      21C5312D 
 1099      CDED4977 
 1100 0900 5CAC63CC 		.ascii	"\\\254c\314\230\021\216\231\177\035\361\351\214\030"
 1100      98118E99 
 1100      7F1DF1E9 
 1100      8C18
 1101 090e 3E15FF4F 		.ascii	">\025\377O\347\224\370\224\024\347\240D\353\247c\377"
 1101      E794F894 
 1101      14E7A044 
 1101      EBA763FF 
 1102 091e 12353C66 		.ascii	"\0225<f(\351c\030\036\364[\347\357\022'%L\236D\202\321"
 1102      28E96318 
 1102      1EF45BE7 
 1102      EF122725 
 1102      4C9E4482 
 1103 0933 68B8F010 		.ascii	"h\270\360\020\224\356I\360\270\024\304\210\213x\017"
 1103      94EE49F0 
 1103      B814C488 
 1103      8B780F
 1104 0942 9F1AE14E 		.ascii	"\237\032\341N\236\341r3\034\264}\206j\374\304\177Ms"
ARM GAS  /tmp/ccSWdfQk.s 			page 44


 1104      9EE17233 
 1104      1CB47D86 
 1104      6AFCC47F 
 1104      4D73
 1105 0954 8D704D1E 		.ascii	"\215pM\036\372\223\242I\"t\232\333:=y\252'.6\336\303"
 1105      FA93A249 
 1105      22749ADB 
 1105      3A3D79AA 
 1105      272E36DE 
 1106 0969 DC296E36 		.ascii	"\334)n6~\314x:n<\035=\236N\030\377{#ibZjj\332T\207k"
 1106      7ECC783A 
 1106      6E3C1D3D 
 1106      9E4E18FF 
 1106      7B236962 
 1107 0984 A6C731FC 		.ascii	"\246\3071\374\363\011\237M@nI?2f\346LG\272'5.vr\314"
 1107      F3099F4D 
 1107      406E493F 
 1107      3266E64C 
 1107      47BA2735 
 1108 099c E0B89993 		.ascii	"\340\270\231\223\220\227\305\014!\326\004w\352\214\241"
 1108      9097C50C 
 1108      21D60477 
 1108      EA8CA1
 1109 09ab 9FA41225 		.ascii	"\237\244\022%\021Cq\315\374$5\216\204k\256\343\323="
 1109      114371CD 
 1109      FC24358E 
 1109      846BAEE3 
 1109      D33D
 1110 09bd 69D3064D 		.ascii	"i\323\006MKp{\006\015\266\351\307~\332B\022I\027I\362"
 1110      4B707B06 
 1110      0DB6E9C7 
 1110      7EDA4212 
 1110      491749F2 
 1111 09d1 D4644F48 		.ascii	"\324dOH\200\021=tinW\272\313\0236cbB\372?\3764\3259"
 1111      80113D74 
 1111      696E57BA 
 1111      CB133663 
 1111      6242FA3F 
 1112 09e9 2131C9E5 		.ascii	"!1\311\345\234\236\342rG\242\313\221n\227k\374D\364"
 1112      9C9EE272 
 1112      47A2CB91 
 1112      6E976BFC 
 1112      44F4
 1113 09fb 993C3531 		.ascii	"\231<51e\272\323\345\360 \010\327\021\346r\273\323\334"
 1113      65BAD3E5 
 1113      F02008D7 
 1113      11E672BB 
 1113      D3DC
 1114 0a0d 7F4C4F77 		.ascii	"\177LOw\271=\303\023RR\\\316\017\364h\377\205,\030\342"
 1114      B93DC313 
 1114      52525CCE 
 1114      0FF468FF 
 1114      852C18E2 
 1115 0a21 83788962 		.ascii	"\203x\211b\376\013\030]Vf"
 1115      FE0B185D 
 1115      5666
 1116              		.text
ARM GAS  /tmp/ccSWdfQk.s 			page 45


 1117              		.section	.gnu.lto_.symtab.74235365a2eb854,"e",%progbits
 1118 0000 7764675F 		.ascii	"wdg_lld_init\000"
 1118      6C6C645F 
 1118      696E6974 
 1118      00
 1119 000d 00       		.ascii	"\000"
 1120 000e 00       		.ascii	"\000"
 1121 000f 00       		.ascii	"\000"
 1122 0010 00000000 		.ascii	"\000\000\000\000\000\000\000\000"
 1122      00000000 
 1123 0018 0D010000 		.ascii	"\015\001\000\000"
 1124 001c 57444744 		.ascii	"WDGD1\000"
 1124      3100
 1125 0022 00       		.ascii	"\000"
 1126 0023 00       		.ascii	"\000"
 1127 0024 00       		.ascii	"\000"
 1128 0025 00000000 		.ascii	"\000\000\000\000\000\000\000\000"
 1128      00000000 
 1129 002d 1D010000 		.ascii	"\035\001\000\000"
 1130 0031 7764675F 		.ascii	"wdg_lld_start\000"
 1130      6C6C645F 
 1130      73746172 
 1130      7400
 1131 003f 00       		.ascii	"\000"
 1132 0040 00       		.ascii	"\000"
 1133 0041 00       		.ascii	"\000"
 1134 0042 00000000 		.ascii	"\000\000\000\000\000\000\000\000"
 1134      00000000 
 1135 004a 0F010000 		.ascii	"\017\001\000\000"
 1136 004e 7764675F 		.ascii	"wdg_lld_stop\000"
 1136      6C6C645F 
 1136      73746F70 
 1136      00
 1137 005b 00       		.ascii	"\000"
 1138 005c 00       		.ascii	"\000"
 1139 005d 00       		.ascii	"\000"
 1140 005e 00000000 		.ascii	"\000\000\000\000\000\000\000\000"
 1140      00000000 
 1141 0066 08010000 		.ascii	"\010\001\000\000"
 1142 006a 7764675F 		.ascii	"wdg_lld_reset\000"
 1142      6C6C645F 
 1142      72657365 
 1142      7400
 1143 0078 00       		.ascii	"\000"
 1144 0079 00       		.ascii	"\000"
 1145 007a 00       		.ascii	"\000"
 1146 007b 00000000 		.ascii	"\000\000\000\000\000\000\000\000"
 1146      00000000 
 1147 0083 11010000 		.ascii	"\021\001\000\000"
 1148 0087 76546173 		.ascii	"vTaskEndScheduler\000"
 1148      6B456E64 
 1148      53636865 
 1148      64756C65 
 1148      7200
 1149 0099 00       		.ascii	"\000"
 1150 009a 02       		.ascii	"\002"
 1151 009b 00       		.ascii	"\000"
ARM GAS  /tmp/ccSWdfQk.s 			page 46


 1152 009c 00000000 		.ascii	"\000\000\000\000\000\000\000\000"
 1152      00000000 
 1153 00a4 13010000 		.ascii	"\023\001\000\000"
 1154 00a8 6572726F 		.ascii	"errorAssertCalled\000"
 1154      72417373 
 1154      65727443 
 1154      616C6C65 
 1154      6400
 1155 00ba 00       		.ascii	"\000"
 1156 00bb 02       		.ascii	"\002"
 1157 00bc 00       		.ascii	"\000"
 1158 00bd 00000000 		.ascii	"\000\000\000\000\000\000\000\000"
 1158      00000000 
 1159 00c5 1B010000 		.ascii	"\033\001\000\000"
 1160              		.text
 1161              		.section	.gnu.lto_.ext_symtab.74235365a2eb854,"e",%progbits
 1162 0000 01       		.ascii	"\001"
 1163 0001 01       		.ascii	"\001"
 1164 0002 00       		.ascii	"\000"
 1165 0003 02       		.ascii	"\002"
 1166 0004 01       		.ascii	"\001"
 1167 0005 01       		.ascii	"\001"
 1168 0006 00       		.ascii	"\000"
 1169 0007 01       		.ascii	"\001"
 1170 0008 00       		.ascii	"\000"
 1171 0009 01       		.ascii	"\001"
 1172 000a 00       		.ascii	"\000"
 1173 000b 01       		.ascii	"\001"
 1174 000c 00       		.ascii	"\000"
 1175 000d 01       		.ascii	"\001"
 1176 000e 00       		.ascii	"\000"
 1177              		.text
 1178              		.section	.gnu.lto_.opts,"e",%progbits
 1179 0000 272D666E 		.ascii	"'-fno-openmp' '-fno-openacc' '-fno-pie' '-g' '-mcpu"
 1179      6F2D6F70 
 1179      656E6D70 
 1179      2720272D 
 1179      666E6F2D 
 1180 0033 3D636F72 		.ascii	"=cortex-m3' '-mno-thumb-interwork' '-mthumb' '-mflo"
 1180      7465782D 
 1180      6D332720 
 1180      272D6D6E 
 1180      6F2D7468 
 1181 0066 61742D61 		.ascii	"at-abi=soft' '-march=armv7-m' '-Os' '-fomit-frame-p"
 1181      62693D73 
 1181      6F667427 
 1181      20272D6D 
 1181      61726368 
 1182 0099 6F696E74 		.ascii	"ointer' '-falign-functions=16' '-ffunction-sections"
 1182      65722720 
 1182      272D6661 
 1182      6C69676E 
 1182      2D66756E 
 1183 00cc 2720272D 		.ascii	"' '-fdata-sections' '-fno-common' '-flto' '-Xassemb"
 1183      66646174 
 1183      612D7365 
 1183      6374696F 
ARM GAS  /tmp/ccSWdfQk.s 			page 47


 1183      6E732720 
 1184 00ff 6C657227 		.ascii	"ler' '-alms=build/lst/hal_wdg_lld.lst'\000"
 1184      20272D61 
 1184      6C6D733D 
 1184      6275696C 
 1184      642F6C73 
 1185              		.text
 1186              		.comm	__gnu_lto_slim,1,1
 1187              		.ident	"GCC: (Fedora 10.2.0-4.fc34) 10.2.0"
ARM GAS  /tmp/ccSWdfQk.s 			page 48


DEFINED SYMBOLS
                            *ABS*:0000000000000000 hal_wdg_lld.c
     /tmp/ccSWdfQk.s:23     .gnu.debuglto_.debug_info:0000000000000000 hal_wdg_lld.c.8d9cbafb
                            *COM*:0000000000000001 __gnu_lto_slim

NO UNDEFINED SYMBOLS
