ARM GAS  /tmp/ccARTLvG.s 			page 1


   1              		.cpu cortex-m3
   2              		.eabi_attribute 20, 1
   3              		.eabi_attribute 21, 1
   4              		.eabi_attribute 23, 3
   5              		.eabi_attribute 24, 1
   6              		.eabi_attribute 25, 1
   7              		.eabi_attribute 26, 1
   8              		.eabi_attribute 30, 4
   9              		.eabi_attribute 34, 1
  10              		.eabi_attribute 18, 4
  11              		.file	"hal_pal_lld.c"
  12              		.file 1 "/usr/arm-none-eabi/include/machine/_default_types.h"
  13              		.file 2 "/usr/arm-none-eabi/include/sys/_stdint.h"
  14              		.file 3 "../ChibiOS/os/common/ext/CMSIS/ST/STM32F1xx/stm32f103xb.h"
  15              		.file 4 "../ChibiOS/os/hal/ports/STM32/LLD/GPIOv1/hal_pal_lld.h"
  16              		.file 5 "../ChibiOS/os/hal/ports/STM32/LLD/GPIOv1/hal_pal_lld.c"
  17              		.section	.gnu.debuglto_.debug_info,"e",%progbits
  18              	.Ldebug_info0:
  19              		.hidden	hal_pal_lld.c.cd4e4a65
  20              		.weak	hal_pal_lld.c.cd4e4a65
  21              	hal_pal_lld.c.cd4e4a65:
  22 0000 44030000 		.4byte	0x344
  23 0004 0400     		.2byte	0x4
  24 0006 00000000 		.4byte	.Ldebug_abbrev0
  25 000a 04       		.byte	0x4
  26 000b 01       		.uleb128 0x1
  27 000c E5010000 		.4byte	.LASF44
  28 0010 0C       		.byte	0xc
  29 0011 3D010000 		.4byte	.LASF45
  30 0015 34000000 		.4byte	.LASF46
  31 0019 00000000 		.4byte	.Ldebug_line0
  32 001d 02       		.uleb128 0x2
  33 001e 01       		.byte	0x1
  34 001f 06       		.byte	0x6
  35 0020 C9020000 		.4byte	.LASF0
  36 0024 03       		.uleb128 0x3
  37 0025 0E000000 		.4byte	.LASF5
  38 0029 01       		.byte	0x1
  39 002a 2B       		.byte	0x2b
  40 002b 18       		.byte	0x18
  41 002c 30000000 		.4byte	0x30
  42 0030 02       		.uleb128 0x2
  43 0031 01       		.byte	0x1
  44 0032 08       		.byte	0x8
  45 0033 C0000000 		.4byte	.LASF1
  46 0037 02       		.uleb128 0x2
  47 0038 02       		.byte	0x2
  48 0039 05       		.byte	0x5
  49 003a C9010000 		.4byte	.LASF2
  50 003e 02       		.uleb128 0x2
  51 003f 02       		.byte	0x2
  52 0040 07       		.byte	0x7
  53 0041 01010000 		.4byte	.LASF3
  54 0045 02       		.uleb128 0x2
  55 0046 04       		.byte	0x4
  56 0047 05       		.byte	0x5
  57 0048 B4020000 		.4byte	.LASF4
ARM GAS  /tmp/ccARTLvG.s 			page 2


  58 004c 03       		.uleb128 0x3
  59 004d 32010000 		.4byte	.LASF6
  60 0051 01       		.byte	0x1
  61 0052 4F       		.byte	0x4f
  62 0053 19       		.byte	0x19
  63 0054 58000000 		.4byte	0x58
  64 0058 02       		.uleb128 0x2
  65 0059 04       		.byte	0x4
  66 005a 07       		.byte	0x7
  67 005b EF000000 		.4byte	.LASF7
  68 005f 02       		.uleb128 0x2
  69 0060 08       		.byte	0x8
  70 0061 05       		.byte	0x5
  71 0062 00000000 		.4byte	.LASF8
  72 0066 02       		.uleb128 0x2
  73 0067 08       		.byte	0x8
  74 0068 07       		.byte	0x7
  75 0069 DB020000 		.4byte	.LASF9
  76 006d 04       		.uleb128 0x4
  77 006e 04       		.byte	0x4
  78 006f 05       		.byte	0x5
  79 0070 696E7400 		.ascii	"int\000"
  80 0074 02       		.uleb128 0x2
  81 0075 04       		.byte	0x4
  82 0076 07       		.byte	0x7
  83 0077 81000000 		.4byte	.LASF10
  84 007b 03       		.uleb128 0x3
  85 007c A5010000 		.4byte	.LASF11
  86 0080 02       		.byte	0x2
  87 0081 18       		.byte	0x18
  88 0082 13       		.byte	0x13
  89 0083 24000000 		.4byte	0x24
  90 0087 05       		.uleb128 0x5
  91 0088 7B000000 		.4byte	0x7b
  92 008c 03       		.uleb128 0x3
  93 008d AB020000 		.4byte	.LASF12
  94 0091 02       		.byte	0x2
  95 0092 30       		.byte	0x30
  96 0093 14       		.byte	0x14
  97 0094 4C000000 		.4byte	0x4c
  98 0098 06       		.uleb128 0x6
  99 0099 8C000000 		.4byte	0x8c
 100 009d 07       		.uleb128 0x7
 101 009e 1C       		.byte	0x1c
 102 009f 03       		.byte	0x3
 103 00a0 7901     		.2byte	0x179
 104 00a2 09       		.byte	0x9
 105 00a3 0A010000 		.4byte	0x10a
 106 00a7 08       		.uleb128 0x8
 107 00a8 43524C00 		.ascii	"CRL\000"
 108 00ac 03       		.byte	0x3
 109 00ad 7B01     		.2byte	0x17b
 110 00af 11       		.byte	0x11
 111 00b0 98000000 		.4byte	0x98
 112 00b4 00       		.byte	0
 113 00b5 08       		.uleb128 0x8
 114 00b6 43524800 		.ascii	"CRH\000"
ARM GAS  /tmp/ccARTLvG.s 			page 3


 115 00ba 03       		.byte	0x3
 116 00bb 7C01     		.2byte	0x17c
 117 00bd 11       		.byte	0x11
 118 00be 98000000 		.4byte	0x98
 119 00c2 04       		.byte	0x4
 120 00c3 08       		.uleb128 0x8
 121 00c4 49445200 		.ascii	"IDR\000"
 122 00c8 03       		.byte	0x3
 123 00c9 7D01     		.2byte	0x17d
 124 00cb 11       		.byte	0x11
 125 00cc 98000000 		.4byte	0x98
 126 00d0 08       		.byte	0x8
 127 00d1 08       		.uleb128 0x8
 128 00d2 4F445200 		.ascii	"ODR\000"
 129 00d6 03       		.byte	0x3
 130 00d7 7E01     		.2byte	0x17e
 131 00d9 11       		.byte	0x11
 132 00da 98000000 		.4byte	0x98
 133 00de 0C       		.byte	0xc
 134 00df 09       		.uleb128 0x9
 135 00e0 75000000 		.4byte	.LASF13
 136 00e4 03       		.byte	0x3
 137 00e5 7F01     		.2byte	0x17f
 138 00e7 11       		.byte	0x11
 139 00e8 98000000 		.4byte	0x98
 140 00ec 10       		.byte	0x10
 141 00ed 08       		.uleb128 0x8
 142 00ee 42525200 		.ascii	"BRR\000"
 143 00f2 03       		.byte	0x3
 144 00f3 8001     		.2byte	0x180
 145 00f5 11       		.byte	0x11
 146 00f6 98000000 		.4byte	0x98
 147 00fa 14       		.byte	0x14
 148 00fb 09       		.uleb128 0x9
 149 00fc F2020000 		.4byte	.LASF14
 150 0100 03       		.byte	0x3
 151 0101 8101     		.2byte	0x181
 152 0103 11       		.byte	0x11
 153 0104 98000000 		.4byte	0x98
 154 0108 18       		.byte	0x18
 155 0109 00       		.byte	0
 156 010a 0A       		.uleb128 0xa
 157 010b 14010000 		.4byte	.LASF15
 158 010f 03       		.byte	0x3
 159 0110 8201     		.2byte	0x182
 160 0112 03       		.byte	0x3
 161 0113 9D000000 		.4byte	0x9d
 162 0117 07       		.uleb128 0x7
 163 0118 28       		.byte	0x28
 164 0119 03       		.byte	0x3
 165 011a BB01     		.2byte	0x1bb
 166 011c 09       		.byte	0x9
 167 011d AD010000 		.4byte	0x1ad
 168 0121 08       		.uleb128 0x8
 169 0122 435200   		.ascii	"CR\000"
 170 0125 03       		.byte	0x3
 171 0126 BD01     		.2byte	0x1bd
ARM GAS  /tmp/ccARTLvG.s 			page 4


 172 0128 11       		.byte	0x11
 173 0129 98000000 		.4byte	0x98
 174 012d 00       		.byte	0
 175 012e 09       		.uleb128 0x9
 176 012f B2010000 		.4byte	.LASF16
 177 0133 03       		.byte	0x3
 178 0134 BE01     		.2byte	0x1be
 179 0136 11       		.byte	0x11
 180 0137 98000000 		.4byte	0x98
 181 013b 04       		.byte	0x4
 182 013c 08       		.uleb128 0x8
 183 013d 43495200 		.ascii	"CIR\000"
 184 0141 03       		.byte	0x3
 185 0142 BF01     		.2byte	0x1bf
 186 0144 11       		.byte	0x11
 187 0145 98000000 		.4byte	0x98
 188 0149 08       		.byte	0x8
 189 014a 09       		.uleb128 0x9
 190 014b 7C010000 		.4byte	.LASF17
 191 014f 03       		.byte	0x3
 192 0150 C001     		.2byte	0x1c0
 193 0152 11       		.byte	0x11
 194 0153 98000000 		.4byte	0x98
 195 0157 0C       		.byte	0xc
 196 0158 09       		.uleb128 0x9
 197 0159 B0000000 		.4byte	.LASF18
 198 015d 03       		.byte	0x3
 199 015e C101     		.2byte	0x1c1
 200 0160 11       		.byte	0x11
 201 0161 98000000 		.4byte	0x98
 202 0165 10       		.byte	0x10
 203 0166 09       		.uleb128 0x9
 204 0167 7A000000 		.4byte	.LASF19
 205 016b 03       		.byte	0x3
 206 016c C201     		.2byte	0x1c2
 207 016e 11       		.byte	0x11
 208 016f 98000000 		.4byte	0x98
 209 0173 14       		.byte	0x14
 210 0174 09       		.uleb128 0x9
 211 0175 B7010000 		.4byte	.LASF20
 212 0179 03       		.byte	0x3
 213 017a C301     		.2byte	0x1c3
 214 017c 11       		.byte	0x11
 215 017d 98000000 		.4byte	0x98
 216 0181 18       		.byte	0x18
 217 0182 09       		.uleb128 0x9
 218 0183 74010000 		.4byte	.LASF21
 219 0187 03       		.byte	0x3
 220 0188 C401     		.2byte	0x1c4
 221 018a 11       		.byte	0x11
 222 018b 98000000 		.4byte	0x98
 223 018f 1C       		.byte	0x1c
 224 0190 09       		.uleb128 0x9
 225 0191 9B010000 		.4byte	.LASF22
 226 0195 03       		.byte	0x3
 227 0196 C501     		.2byte	0x1c5
 228 0198 11       		.byte	0x11
ARM GAS  /tmp/ccARTLvG.s 			page 5


 229 0199 98000000 		.4byte	0x98
 230 019d 20       		.byte	0x20
 231 019e 08       		.uleb128 0x8
 232 019f 43535200 		.ascii	"CSR\000"
 233 01a3 03       		.byte	0x3
 234 01a4 C601     		.2byte	0x1c6
 235 01a6 11       		.byte	0x11
 236 01a7 98000000 		.4byte	0x98
 237 01ab 24       		.byte	0x24
 238 01ac 00       		.byte	0
 239 01ad 0A       		.uleb128 0xa
 240 01ae 9B000000 		.4byte	.LASF23
 241 01b2 03       		.byte	0x3
 242 01b3 C901     		.2byte	0x1c9
 243 01b5 03       		.byte	0x3
 244 01b6 17010000 		.4byte	0x117
 245 01ba 02       		.uleb128 0x2
 246 01bb 08       		.byte	0x8
 247 01bc 04       		.byte	0x4
 248 01bd BD020000 		.4byte	.LASF24
 249 01c1 02       		.uleb128 0x2
 250 01c2 01       		.byte	0x1
 251 01c3 08       		.byte	0x8
 252 01c4 A0010000 		.4byte	.LASF25
 253 01c8 02       		.uleb128 0x2
 254 01c9 01       		.byte	0x1
 255 01ca 02       		.byte	0x2
 256 01cb D5020000 		.4byte	.LASF26
 257 01cf 0B       		.uleb128 0xb
 258 01d0 0C       		.byte	0xc
 259 01d1 04       		.byte	0x4
 260 01d2 68       		.byte	0x68
 261 01d3 09       		.byte	0x9
 262 01d4 00020000 		.4byte	0x200
 263 01d8 0C       		.uleb128 0xc
 264 01d9 6F647200 		.ascii	"odr\000"
 265 01dd 04       		.byte	0x4
 266 01de 6A       		.byte	0x6a
 267 01df 11       		.byte	0x11
 268 01e0 8C000000 		.4byte	0x8c
 269 01e4 00       		.byte	0
 270 01e5 0C       		.uleb128 0xc
 271 01e6 63726C00 		.ascii	"crl\000"
 272 01ea 04       		.byte	0x4
 273 01eb 6C       		.byte	0x6c
 274 01ec 11       		.byte	0x11
 275 01ed 8C000000 		.4byte	0x8c
 276 01f1 04       		.byte	0x4
 277 01f2 0C       		.uleb128 0xc
 278 01f3 63726800 		.ascii	"crh\000"
 279 01f7 04       		.byte	0x4
 280 01f8 6E       		.byte	0x6e
 281 01f9 11       		.byte	0x11
 282 01fa 8C000000 		.4byte	0x8c
 283 01fe 08       		.byte	0x8
 284 01ff 00       		.byte	0
 285 0200 03       		.uleb128 0x3
ARM GAS  /tmp/ccARTLvG.s 			page 6


 286 0201 CE000000 		.4byte	.LASF27
 287 0205 04       		.byte	0x4
 288 0206 6F       		.byte	0x6f
 289 0207 03       		.byte	0x3
 290 0208 CF010000 		.4byte	0x1cf
 291 020c 0B       		.uleb128 0xb
 292 020d 3C       		.byte	0x3c
 293 020e 04       		.byte	0x4
 294 020f 78       		.byte	0x78
 295 0210 09       		.byte	0x9
 296 0211 57020000 		.4byte	0x257
 297 0215 0D       		.uleb128 0xd
 298 0216 E1000000 		.4byte	.LASF28
 299 021a 04       		.byte	0x4
 300 021b 7A       		.byte	0x7a
 301 021c 19       		.byte	0x19
 302 021d 00020000 		.4byte	0x200
 303 0221 00       		.byte	0
 304 0222 0D       		.uleb128 0xd
 305 0223 1F000000 		.4byte	.LASF29
 306 0227 04       		.byte	0x4
 307 0228 7C       		.byte	0x7c
 308 0229 19       		.byte	0x19
 309 022a 00020000 		.4byte	0x200
 310 022e 0C       		.byte	0xc
 311 022f 0D       		.uleb128 0xd
 312 0230 D3010000 		.4byte	.LASF30
 313 0234 04       		.byte	0x4
 314 0235 7E       		.byte	0x7e
 315 0236 19       		.byte	0x19
 316 0237 00020000 		.4byte	0x200
 317 023b 18       		.byte	0x18
 318 023c 0D       		.uleb128 0xd
 319 023d 18000000 		.4byte	.LASF31
 320 0241 04       		.byte	0x4
 321 0242 80       		.byte	0x80
 322 0243 19       		.byte	0x19
 323 0244 00020000 		.4byte	0x200
 324 0248 24       		.byte	0x24
 325 0249 0D       		.uleb128 0xd
 326 024a B9000000 		.4byte	.LASF32
 327 024e 04       		.byte	0x4
 328 024f 83       		.byte	0x83
 329 0250 19       		.byte	0x19
 330 0251 00020000 		.4byte	0x200
 331 0255 30       		.byte	0x30
 332 0256 00       		.byte	0
 333 0257 03       		.uleb128 0x3
 334 0258 28010000 		.4byte	.LASF33
 335 025c 04       		.byte	0x4
 336 025d 8D       		.byte	0x8d
 337 025e 03       		.byte	0x3
 338 025f 0C020000 		.4byte	0x20c
 339 0263 05       		.uleb128 0x5
 340 0264 57020000 		.4byte	0x257
 341 0268 03       		.uleb128 0x3
 342 0269 8E000000 		.4byte	.LASF34
ARM GAS  /tmp/ccARTLvG.s 			page 7


 343 026d 04       		.byte	0x4
 344 026e 92       		.byte	0x92
 345 026f 12       		.byte	0x12
 346 0270 8C000000 		.4byte	0x8c
 347 0274 03       		.uleb128 0x3
 348 0275 A7000000 		.4byte	.LASF35
 349 0279 04       		.byte	0x4
 350 027a 97       		.byte	0x97
 351 027b 12       		.byte	0x12
 352 027c 8C000000 		.4byte	0x8c
 353 0280 03       		.uleb128 0x3
 354 0281 DA010000 		.4byte	.LASF36
 355 0285 04       		.byte	0x4
 356 0286 A4       		.byte	0xa4
 357 0287 18       		.byte	0x18
 358 0288 8C020000 		.4byte	0x28c
 359 028c 0E       		.uleb128 0xe
 360 028d 04       		.byte	0x4
 361 028e 0A010000 		.4byte	0x10a
 362 0292 0F       		.uleb128 0xf
 363 0293 85010000 		.4byte	.LASF41
 364 0297 05       		.byte	0x5
 365 0298 82       		.byte	0x82
 366 0299 06       		.byte	0x6
 367 029a 13030000 		.4byte	0x313
 368 029e 10       		.uleb128 0x10
 369 029f C4010000 		.4byte	.LASF37
 370 02a3 05       		.byte	0x5
 371 02a4 82       		.byte	0x82
 372 02a5 27       		.byte	0x27
 373 02a6 80020000 		.4byte	0x280
 374 02aa 10       		.uleb128 0x10
 375 02ab BF010000 		.4byte	.LASF38
 376 02af 05       		.byte	0x5
 377 02b0 83       		.byte	0x83
 378 02b1 29       		.byte	0x29
 379 02b2 68020000 		.4byte	0x268
 380 02b6 10       		.uleb128 0x10
 381 02b7 AD010000 		.4byte	.LASF39
 382 02bb 05       		.byte	0x5
 383 02bc 84       		.byte	0x84
 384 02bd 25       		.byte	0x25
 385 02be 74020000 		.4byte	0x274
 386 02c2 11       		.uleb128 0x11
 387 02c3 E8000000 		.4byte	.LASF40
 388 02c7 05       		.byte	0x5
 389 02c8 85       		.byte	0x85
 390 02c9 18       		.byte	0x18
 391 02ca 23030000 		.4byte	0x323
 392 02ce 12       		.uleb128 0x12
 393 02cf 6D6800   		.ascii	"mh\000"
 394 02d2 05       		.byte	0x5
 395 02d3 99       		.byte	0x99
 396 02d4 0C       		.byte	0xc
 397 02d5 8C000000 		.4byte	0x8c
 398 02d9 12       		.uleb128 0x12
 399 02da 6D6C00   		.ascii	"ml\000"
ARM GAS  /tmp/ccARTLvG.s 			page 8


 400 02dd 05       		.byte	0x5
 401 02de 99       		.byte	0x99
 402 02df 10       		.byte	0x10
 403 02e0 8C000000 		.4byte	0x8c
 404 02e4 12       		.uleb128 0x12
 405 02e5 63726800 		.ascii	"crh\000"
 406 02e9 05       		.byte	0x5
 407 02ea 99       		.byte	0x99
 408 02eb 14       		.byte	0x14
 409 02ec 8C000000 		.4byte	0x8c
 410 02f0 12       		.uleb128 0x12
 411 02f1 63726C00 		.ascii	"crl\000"
 412 02f5 05       		.byte	0x5
 413 02f6 99       		.byte	0x99
 414 02f7 19       		.byte	0x19
 415 02f8 8C000000 		.4byte	0x8c
 416 02fc 12       		.uleb128 0x12
 417 02fd 63666700 		.ascii	"cfg\000"
 418 0301 05       		.byte	0x5
 419 0302 99       		.byte	0x99
 420 0303 1E       		.byte	0x1e
 421 0304 8C000000 		.4byte	0x8c
 422 0308 12       		.uleb128 0x12
 423 0309 6900     		.ascii	"i\000"
 424 030b 05       		.byte	0x5
 425 030c 9A       		.byte	0x9a
 426 030d 0C       		.byte	0xc
 427 030e 74000000 		.4byte	0x74
 428 0312 00       		.byte	0
 429 0313 13       		.uleb128 0x13
 430 0314 87000000 		.4byte	0x87
 431 0318 23030000 		.4byte	0x323
 432 031c 14       		.uleb128 0x14
 433 031d 74000000 		.4byte	0x74
 434 0321 11       		.byte	0x11
 435 0322 00       		.byte	0
 436 0323 05       		.uleb128 0x5
 437 0324 13030000 		.4byte	0x313
 438 0328 0F       		.uleb128 0xf
 439 0329 26000000 		.4byte	.LASF42
 440 032d 05       		.byte	0x5
 441 032e 4C       		.byte	0x4c
 442 032f 06       		.byte	0x6
 443 0330 41030000 		.4byte	0x341
 444 0334 10       		.uleb128 0x10
 445 0335 21010000 		.4byte	.LASF43
 446 0339 05       		.byte	0x5
 447 033a 4C       		.byte	0x4c
 448 033b 25       		.byte	0x25
 449 033c 41030000 		.4byte	0x341
 450 0340 00       		.byte	0
 451 0341 0E       		.uleb128 0xe
 452 0342 04       		.byte	0x4
 453 0343 63020000 		.4byte	0x263
 454 0347 00       		.byte	0
 455              		.section	.gnu.debuglto_.debug_abbrev,"e",%progbits
 456              	.Ldebug_abbrev0:
ARM GAS  /tmp/ccARTLvG.s 			page 9


 457 0000 01       		.uleb128 0x1
 458 0001 11       		.uleb128 0x11
 459 0002 01       		.byte	0x1
 460 0003 25       		.uleb128 0x25
 461 0004 0E       		.uleb128 0xe
 462 0005 13       		.uleb128 0x13
 463 0006 0B       		.uleb128 0xb
 464 0007 03       		.uleb128 0x3
 465 0008 0E       		.uleb128 0xe
 466 0009 1B       		.uleb128 0x1b
 467 000a 0E       		.uleb128 0xe
 468 000b 10       		.uleb128 0x10
 469 000c 17       		.uleb128 0x17
 470 000d 00       		.byte	0
 471 000e 00       		.byte	0
 472 000f 02       		.uleb128 0x2
 473 0010 24       		.uleb128 0x24
 474 0011 00       		.byte	0
 475 0012 0B       		.uleb128 0xb
 476 0013 0B       		.uleb128 0xb
 477 0014 3E       		.uleb128 0x3e
 478 0015 0B       		.uleb128 0xb
 479 0016 03       		.uleb128 0x3
 480 0017 0E       		.uleb128 0xe
 481 0018 00       		.byte	0
 482 0019 00       		.byte	0
 483 001a 03       		.uleb128 0x3
 484 001b 16       		.uleb128 0x16
 485 001c 00       		.byte	0
 486 001d 03       		.uleb128 0x3
 487 001e 0E       		.uleb128 0xe
 488 001f 3A       		.uleb128 0x3a
 489 0020 0B       		.uleb128 0xb
 490 0021 3B       		.uleb128 0x3b
 491 0022 0B       		.uleb128 0xb
 492 0023 39       		.uleb128 0x39
 493 0024 0B       		.uleb128 0xb
 494 0025 49       		.uleb128 0x49
 495 0026 13       		.uleb128 0x13
 496 0027 00       		.byte	0
 497 0028 00       		.byte	0
 498 0029 04       		.uleb128 0x4
 499 002a 24       		.uleb128 0x24
 500 002b 00       		.byte	0
 501 002c 0B       		.uleb128 0xb
 502 002d 0B       		.uleb128 0xb
 503 002e 3E       		.uleb128 0x3e
 504 002f 0B       		.uleb128 0xb
 505 0030 03       		.uleb128 0x3
 506 0031 08       		.uleb128 0x8
 507 0032 00       		.byte	0
 508 0033 00       		.byte	0
 509 0034 05       		.uleb128 0x5
 510 0035 26       		.uleb128 0x26
 511 0036 00       		.byte	0
 512 0037 49       		.uleb128 0x49
 513 0038 13       		.uleb128 0x13
ARM GAS  /tmp/ccARTLvG.s 			page 10


 514 0039 00       		.byte	0
 515 003a 00       		.byte	0
 516 003b 06       		.uleb128 0x6
 517 003c 35       		.uleb128 0x35
 518 003d 00       		.byte	0
 519 003e 49       		.uleb128 0x49
 520 003f 13       		.uleb128 0x13
 521 0040 00       		.byte	0
 522 0041 00       		.byte	0
 523 0042 07       		.uleb128 0x7
 524 0043 13       		.uleb128 0x13
 525 0044 01       		.byte	0x1
 526 0045 0B       		.uleb128 0xb
 527 0046 0B       		.uleb128 0xb
 528 0047 3A       		.uleb128 0x3a
 529 0048 0B       		.uleb128 0xb
 530 0049 3B       		.uleb128 0x3b
 531 004a 05       		.uleb128 0x5
 532 004b 39       		.uleb128 0x39
 533 004c 0B       		.uleb128 0xb
 534 004d 01       		.uleb128 0x1
 535 004e 13       		.uleb128 0x13
 536 004f 00       		.byte	0
 537 0050 00       		.byte	0
 538 0051 08       		.uleb128 0x8
 539 0052 0D       		.uleb128 0xd
 540 0053 00       		.byte	0
 541 0054 03       		.uleb128 0x3
 542 0055 08       		.uleb128 0x8
 543 0056 3A       		.uleb128 0x3a
 544 0057 0B       		.uleb128 0xb
 545 0058 3B       		.uleb128 0x3b
 546 0059 05       		.uleb128 0x5
 547 005a 39       		.uleb128 0x39
 548 005b 0B       		.uleb128 0xb
 549 005c 49       		.uleb128 0x49
 550 005d 13       		.uleb128 0x13
 551 005e 38       		.uleb128 0x38
 552 005f 0B       		.uleb128 0xb
 553 0060 00       		.byte	0
 554 0061 00       		.byte	0
 555 0062 09       		.uleb128 0x9
 556 0063 0D       		.uleb128 0xd
 557 0064 00       		.byte	0
 558 0065 03       		.uleb128 0x3
 559 0066 0E       		.uleb128 0xe
 560 0067 3A       		.uleb128 0x3a
 561 0068 0B       		.uleb128 0xb
 562 0069 3B       		.uleb128 0x3b
 563 006a 05       		.uleb128 0x5
 564 006b 39       		.uleb128 0x39
 565 006c 0B       		.uleb128 0xb
 566 006d 49       		.uleb128 0x49
 567 006e 13       		.uleb128 0x13
 568 006f 38       		.uleb128 0x38
 569 0070 0B       		.uleb128 0xb
 570 0071 00       		.byte	0
ARM GAS  /tmp/ccARTLvG.s 			page 11


 571 0072 00       		.byte	0
 572 0073 0A       		.uleb128 0xa
 573 0074 16       		.uleb128 0x16
 574 0075 00       		.byte	0
 575 0076 03       		.uleb128 0x3
 576 0077 0E       		.uleb128 0xe
 577 0078 3A       		.uleb128 0x3a
 578 0079 0B       		.uleb128 0xb
 579 007a 3B       		.uleb128 0x3b
 580 007b 05       		.uleb128 0x5
 581 007c 39       		.uleb128 0x39
 582 007d 0B       		.uleb128 0xb
 583 007e 49       		.uleb128 0x49
 584 007f 13       		.uleb128 0x13
 585 0080 00       		.byte	0
 586 0081 00       		.byte	0
 587 0082 0B       		.uleb128 0xb
 588 0083 13       		.uleb128 0x13
 589 0084 01       		.byte	0x1
 590 0085 0B       		.uleb128 0xb
 591 0086 0B       		.uleb128 0xb
 592 0087 3A       		.uleb128 0x3a
 593 0088 0B       		.uleb128 0xb
 594 0089 3B       		.uleb128 0x3b
 595 008a 0B       		.uleb128 0xb
 596 008b 39       		.uleb128 0x39
 597 008c 0B       		.uleb128 0xb
 598 008d 01       		.uleb128 0x1
 599 008e 13       		.uleb128 0x13
 600 008f 00       		.byte	0
 601 0090 00       		.byte	0
 602 0091 0C       		.uleb128 0xc
 603 0092 0D       		.uleb128 0xd
 604 0093 00       		.byte	0
 605 0094 03       		.uleb128 0x3
 606 0095 08       		.uleb128 0x8
 607 0096 3A       		.uleb128 0x3a
 608 0097 0B       		.uleb128 0xb
 609 0098 3B       		.uleb128 0x3b
 610 0099 0B       		.uleb128 0xb
 611 009a 39       		.uleb128 0x39
 612 009b 0B       		.uleb128 0xb
 613 009c 49       		.uleb128 0x49
 614 009d 13       		.uleb128 0x13
 615 009e 38       		.uleb128 0x38
 616 009f 0B       		.uleb128 0xb
 617 00a0 00       		.byte	0
 618 00a1 00       		.byte	0
 619 00a2 0D       		.uleb128 0xd
 620 00a3 0D       		.uleb128 0xd
 621 00a4 00       		.byte	0
 622 00a5 03       		.uleb128 0x3
 623 00a6 0E       		.uleb128 0xe
 624 00a7 3A       		.uleb128 0x3a
 625 00a8 0B       		.uleb128 0xb
 626 00a9 3B       		.uleb128 0x3b
 627 00aa 0B       		.uleb128 0xb
ARM GAS  /tmp/ccARTLvG.s 			page 12


 628 00ab 39       		.uleb128 0x39
 629 00ac 0B       		.uleb128 0xb
 630 00ad 49       		.uleb128 0x49
 631 00ae 13       		.uleb128 0x13
 632 00af 38       		.uleb128 0x38
 633 00b0 0B       		.uleb128 0xb
 634 00b1 00       		.byte	0
 635 00b2 00       		.byte	0
 636 00b3 0E       		.uleb128 0xe
 637 00b4 0F       		.uleb128 0xf
 638 00b5 00       		.byte	0
 639 00b6 0B       		.uleb128 0xb
 640 00b7 0B       		.uleb128 0xb
 641 00b8 49       		.uleb128 0x49
 642 00b9 13       		.uleb128 0x13
 643 00ba 00       		.byte	0
 644 00bb 00       		.byte	0
 645 00bc 0F       		.uleb128 0xf
 646 00bd 2E       		.uleb128 0x2e
 647 00be 01       		.byte	0x1
 648 00bf 3F       		.uleb128 0x3f
 649 00c0 19       		.uleb128 0x19
 650 00c1 03       		.uleb128 0x3
 651 00c2 0E       		.uleb128 0xe
 652 00c3 3A       		.uleb128 0x3a
 653 00c4 0B       		.uleb128 0xb
 654 00c5 3B       		.uleb128 0x3b
 655 00c6 0B       		.uleb128 0xb
 656 00c7 39       		.uleb128 0x39
 657 00c8 0B       		.uleb128 0xb
 658 00c9 27       		.uleb128 0x27
 659 00ca 19       		.uleb128 0x19
 660 00cb 01       		.uleb128 0x1
 661 00cc 13       		.uleb128 0x13
 662 00cd 00       		.byte	0
 663 00ce 00       		.byte	0
 664 00cf 10       		.uleb128 0x10
 665 00d0 05       		.uleb128 0x5
 666 00d1 00       		.byte	0
 667 00d2 03       		.uleb128 0x3
 668 00d3 0E       		.uleb128 0xe
 669 00d4 3A       		.uleb128 0x3a
 670 00d5 0B       		.uleb128 0xb
 671 00d6 3B       		.uleb128 0x3b
 672 00d7 0B       		.uleb128 0xb
 673 00d8 39       		.uleb128 0x39
 674 00d9 0B       		.uleb128 0xb
 675 00da 49       		.uleb128 0x49
 676 00db 13       		.uleb128 0x13
 677 00dc 00       		.byte	0
 678 00dd 00       		.byte	0
 679 00de 11       		.uleb128 0x11
 680 00df 34       		.uleb128 0x34
 681 00e0 00       		.byte	0
 682 00e1 03       		.uleb128 0x3
 683 00e2 0E       		.uleb128 0xe
 684 00e3 3A       		.uleb128 0x3a
ARM GAS  /tmp/ccARTLvG.s 			page 13


 685 00e4 0B       		.uleb128 0xb
 686 00e5 3B       		.uleb128 0x3b
 687 00e6 0B       		.uleb128 0xb
 688 00e7 39       		.uleb128 0x39
 689 00e8 0B       		.uleb128 0xb
 690 00e9 49       		.uleb128 0x49
 691 00ea 13       		.uleb128 0x13
 692 00eb 00       		.byte	0
 693 00ec 00       		.byte	0
 694 00ed 12       		.uleb128 0x12
 695 00ee 34       		.uleb128 0x34
 696 00ef 00       		.byte	0
 697 00f0 03       		.uleb128 0x3
 698 00f1 08       		.uleb128 0x8
 699 00f2 3A       		.uleb128 0x3a
 700 00f3 0B       		.uleb128 0xb
 701 00f4 3B       		.uleb128 0x3b
 702 00f5 0B       		.uleb128 0xb
 703 00f6 39       		.uleb128 0x39
 704 00f7 0B       		.uleb128 0xb
 705 00f8 49       		.uleb128 0x49
 706 00f9 13       		.uleb128 0x13
 707 00fa 00       		.byte	0
 708 00fb 00       		.byte	0
 709 00fc 13       		.uleb128 0x13
 710 00fd 01       		.uleb128 0x1
 711 00fe 01       		.byte	0x1
 712 00ff 49       		.uleb128 0x49
 713 0100 13       		.uleb128 0x13
 714 0101 01       		.uleb128 0x1
 715 0102 13       		.uleb128 0x13
 716 0103 00       		.byte	0
 717 0104 00       		.byte	0
 718 0105 14       		.uleb128 0x14
 719 0106 21       		.uleb128 0x21
 720 0107 00       		.byte	0
 721 0108 49       		.uleb128 0x49
 722 0109 13       		.uleb128 0x13
 723 010a 2F       		.uleb128 0x2f
 724 010b 0B       		.uleb128 0xb
 725 010c 00       		.byte	0
 726 010d 00       		.byte	0
 727 010e 00       		.byte	0
 728              		.section	.gnu.debuglto_.debug_line,"e",%progbits
 729              	.Ldebug_line0:
 730 0000 05010000 		.4byte	.LELT0-.LSLT0
 731              	.LSLT0:
 732 0004 0400     		.2byte	0x4
 733 0006 FF000000 		.4byte	.LELTP0-.LASLTP0
 734              	.LASLTP0:
 735 000a 01       		.byte	0x1
 736 000b 01       		.byte	0x1
 737 000c 01       		.byte	0x1
 738 000d F6       		.byte	0xf6
 739 000e F2       		.byte	0xf2
 740 000f 0D       		.byte	0xd
 741 0010 00       		.byte	0
ARM GAS  /tmp/ccARTLvG.s 			page 14


 742 0011 01       		.byte	0x1
 743 0012 01       		.byte	0x1
 744 0013 01       		.byte	0x1
 745 0014 01       		.byte	0x1
 746 0015 00       		.byte	0
 747 0016 00       		.byte	0
 748 0017 00       		.byte	0
 749 0018 01       		.byte	0x1
 750 0019 00       		.byte	0
 751 001a 00       		.byte	0
 752 001b 01       		.byte	0x1
 753 001c 2E2E2F43 		.ascii	"../ChibiOS/os/common/ext/CMSIS/ST/STM32F1xx"
 753      68696269 
 753      4F532F6F 
 753      732F636F 
 753      6D6D6F6E 
 754 0047 00       		.byte	0
 755 0048 2E2E2F43 		.ascii	"../ChibiOS/os/hal/ports/STM32/LLD/GPIOv1"
 755      68696269 
 755      4F532F6F 
 755      732F6861 
 755      6C2F706F 
 756 0070 00       		.byte	0
 757 0071 2F757372 		.ascii	"/usr/arm-none-eabi/include/machine"
 757      2F61726D 
 757      2D6E6F6E 
 757      652D6561 
 757      62692F69 
 758 0093 00       		.byte	0
 759 0094 2F757372 		.ascii	"/usr/arm-none-eabi/include/sys"
 759      2F61726D 
 759      2D6E6F6E 
 759      652D6561 
 759      62692F69 
 760 00b2 00       		.byte	0
 761 00b3 00       		.byte	0
 762 00b4 5F646566 		.ascii	"_default_types.h\000"
 762      61756C74 
 762      5F747970 
 762      65732E68 
 762      00
 763 00c5 03       		.uleb128 0x3
 764 00c6 00       		.uleb128 0
 765 00c7 00       		.uleb128 0
 766 00c8 5F737464 		.ascii	"_stdint.h\000"
 766      696E742E 
 766      6800
 767 00d2 04       		.uleb128 0x4
 768 00d3 00       		.uleb128 0
 769 00d4 00       		.uleb128 0
 770 00d5 73746D33 		.ascii	"stm32f103xb.h\000"
 770      32663130 
 770      3378622E 
 770      6800
 771 00e3 01       		.uleb128 0x1
 772 00e4 00       		.uleb128 0
 773 00e5 00       		.uleb128 0
ARM GAS  /tmp/ccARTLvG.s 			page 15


 774 00e6 68616C5F 		.ascii	"hal_pal_lld.h\000"
 774      70616C5F 
 774      6C6C642E 
 774      6800
 775 00f4 02       		.uleb128 0x2
 776 00f5 00       		.uleb128 0
 777 00f6 00       		.uleb128 0
 778 00f7 68616C5F 		.ascii	"hal_pal_lld.c\000"
 778      70616C5F 
 778      6C6C642E 
 778      6300
 779 0105 02       		.uleb128 0x2
 780 0106 00       		.uleb128 0
 781 0107 00       		.uleb128 0
 782 0108 00       		.byte	0
 783              	.LELTP0:
 784              	.LELT0:
 785              		.section	.gnu.debuglto_.debug_str,"eMS",%progbits,1
 786              	.LASF8:
 787 0000 6C6F6E67 		.ascii	"long long int\000"
 787      206C6F6E 
 787      6720696E 
 787      7400
 788              	.LASF5:
 789 000e 5F5F7569 		.ascii	"__uint8_t\000"
 789      6E74385F 
 789      7400
 790              	.LASF31:
 791 0018 50444461 		.ascii	"PDData\000"
 791      746100
 792              	.LASF29:
 793 001f 50424461 		.ascii	"PBData\000"
 793      746100
 794              	.LASF42:
 795 0026 5F70616C 		.ascii	"_pal_lld_init\000"
 795      5F6C6C64 
 795      5F696E69 
 795      7400
 796              	.LASF46:
 797 0034 2F686F6D 		.ascii	"/home/framin/hardware/electrosense-converter-firmwa"
 797      652F6672 
 797      616D696E 
 797      2F686172 
 797      64776172 
 798 0067 72655632 		.ascii	"reV2/firmware\000"
 798      2F666972 
 798      6D776172 
 798      6500
 799              	.LASF13:
 800 0075 42535252 		.ascii	"BSRR\000"
 800      00
 801              	.LASF19:
 802 007a 41484245 		.ascii	"AHBENR\000"
 802      4E5200
 803              	.LASF10:
 804 0081 756E7369 		.ascii	"unsigned int\000"
 804      676E6564 
ARM GAS  /tmp/ccARTLvG.s 			page 16


 804      20696E74 
 804      00
 805              	.LASF34:
 806 008e 696F706F 		.ascii	"ioportmask_t\000"
 806      72746D61 
 806      736B5F74 
 806      00
 807              	.LASF23:
 808 009b 5243435F 		.ascii	"RCC_TypeDef\000"
 808      54797065 
 808      44656600 
 809              	.LASF35:
 810 00a7 696F6D6F 		.ascii	"iomode_t\000"
 810      64655F74 
 810      00
 811              	.LASF18:
 812 00b0 41504231 		.ascii	"APB1RSTR\000"
 812      52535452 
 812      00
 813              	.LASF32:
 814 00b9 50454461 		.ascii	"PEData\000"
 814      746100
 815              	.LASF1:
 816 00c0 756E7369 		.ascii	"unsigned char\000"
 816      676E6564 
 816      20636861 
 816      7200
 817              	.LASF27:
 818 00ce 73746D33 		.ascii	"stm32_gpio_setup_t\000"
 818      325F6770 
 818      696F5F73 
 818      65747570 
 818      5F7400
 819              	.LASF28:
 820 00e1 50414461 		.ascii	"PAData\000"
 820      746100
 821              	.LASF40:
 822 00e8 63666774 		.ascii	"cfgtab\000"
 822      616200
 823              	.LASF7:
 824 00ef 6C6F6E67 		.ascii	"long unsigned int\000"
 824      20756E73 
 824      69676E65 
 824      6420696E 
 824      7400
 825              	.LASF3:
 826 0101 73686F72 		.ascii	"short unsigned int\000"
 826      7420756E 
 826      7369676E 
 826      65642069 
 826      6E7400
 827              	.LASF15:
 828 0114 4750494F 		.ascii	"GPIO_TypeDef\000"
 828      5F547970 
 828      65446566 
 828      00
 829              	.LASF43:
ARM GAS  /tmp/ccARTLvG.s 			page 17


 830 0121 636F6E66 		.ascii	"config\000"
 830      696700
 831              	.LASF33:
 832 0128 50414C43 		.ascii	"PALConfig\000"
 832      6F6E6669 
 832      6700
 833              	.LASF6:
 834 0132 5F5F7569 		.ascii	"__uint32_t\000"
 834      6E743332 
 834      5F7400
 835              	.LASF45:
 836 013d 2E2E2F43 		.ascii	"../ChibiOS/os/hal/ports/STM32/LLD/GPIOv1/hal_pal_ll"
 836      68696269 
 836      4F532F6F 
 836      732F6861 
 836      6C2F706F 
 837 0170 642E6300 		.ascii	"d.c\000"
 838              	.LASF21:
 839 0174 41504231 		.ascii	"APB1ENR\000"
 839      454E5200 
 840              	.LASF17:
 841 017c 41504232 		.ascii	"APB2RSTR\000"
 841      52535452 
 841      00
 842              	.LASF41:
 843 0185 5F70616C 		.ascii	"_pal_lld_setgroupmode\000"
 843      5F6C6C64 
 843      5F736574 
 843      67726F75 
 843      706D6F64 
 844              	.LASF22:
 845 019b 42444352 		.ascii	"BDCR\000"
 845      00
 846              	.LASF25:
 847 01a0 63686172 		.ascii	"char\000"
 847      00
 848              	.LASF11:
 849 01a5 75696E74 		.ascii	"uint8_t\000"
 849      385F7400 
 850              	.LASF39:
 851 01ad 6D6F6465 		.ascii	"mode\000"
 851      00
 852              	.LASF16:
 853 01b2 43464752 		.ascii	"CFGR\000"
 853      00
 854              	.LASF20:
 855 01b7 41504232 		.ascii	"APB2ENR\000"
 855      454E5200 
 856              	.LASF38:
 857 01bf 6D61736B 		.ascii	"mask\000"
 857      00
 858              	.LASF37:
 859 01c4 706F7274 		.ascii	"port\000"
 859      00
 860              	.LASF2:
 861 01c9 73686F72 		.ascii	"short int\000"
 861      7420696E 
ARM GAS  /tmp/ccARTLvG.s 			page 18


 861      7400
 862              	.LASF30:
 863 01d3 50434461 		.ascii	"PCData\000"
 863      746100
 864              	.LASF36:
 865 01da 696F706F 		.ascii	"ioportid_t\000"
 865      72746964 
 865      5F7400
 866              	.LASF44:
 867 01e5 474E5520 		.ascii	"GNU C17 10.2.0 -mcpu=cortex-m3 -mno-thumb-interwork"
 867      43313720 
 867      31302E32 
 867      2E30202D 
 867      6D637075 
 868 0218 202D6D74 		.ascii	" -mthumb -mfloat-abi=soft -march=armv7-m -ggdb -Os "
 868      68756D62 
 868      202D6D66 
 868      6C6F6174 
 868      2D616269 
 869 024b 2D666F6D 		.ascii	"-fomit-frame-pointer -falign-functions=16 -ffunctio"
 869      69742D66 
 869      72616D65 
 869      2D706F69 
 869      6E746572 
 870 027e 6E2D7365 		.ascii	"n-sections -fdata-sections -fno-common -flto\000"
 870      6374696F 
 870      6E73202D 
 870      66646174 
 870      612D7365 
 871              	.LASF12:
 872 02ab 75696E74 		.ascii	"uint32_t\000"
 872      33325F74 
 872      00
 873              	.LASF4:
 874 02b4 6C6F6E67 		.ascii	"long int\000"
 874      20696E74 
 874      00
 875              	.LASF24:
 876 02bd 6C6F6E67 		.ascii	"long double\000"
 876      20646F75 
 876      626C6500 
 877              	.LASF0:
 878 02c9 7369676E 		.ascii	"signed char\000"
 878      65642063 
 878      68617200 
 879              	.LASF26:
 880 02d5 5F426F6F 		.ascii	"_Bool\000"
 880      6C00
 881              	.LASF9:
 882 02db 6C6F6E67 		.ascii	"long long unsigned int\000"
 882      206C6F6E 
 882      6720756E 
 882      7369676E 
 882      65642069 
 883              	.LASF14:
 884 02f2 4C434B52 		.ascii	"LCKR\000"
 884      00
ARM GAS  /tmp/ccARTLvG.s 			page 19


 885              		.text
 886              		.section	.gnu.lto_.profile.16d263c7fad461e6,"e",%progbits
 887 0000 789C6362 		.ascii	"x\234cb\000\001\000\000\022\000\003"
 887      00010000 
 887      120003
 888              		.text
 889              		.section	.gnu.lto_.icf.16d263c7fad461e6,"e",%progbits
 890 0000 789C1361 		.ascii	"x\234\023a@\000f\206\326\236Us\271\031\327\375\335\361"
 890      40006686 
 890      D69E5573 
 890      B919D7FD 
 890      DDF1
 891 0012 869569F9 		.ascii	"\206\225i\371\263)K8\031\000Yk\010\240"
 891      B3294B38 
 891      1900596B 
 891      08A0
 892              		.text
 893              		.section	.gnu.lto_.jmpfuncs.16d263c7fad461e6,"e",%progbits
 894 0000 789C9361 		.ascii	"x\234\223a@\000&\006FF\306\372\305\314\014\214\314@"
 894      40002606 
 894      4646C6FA 
 894      C5CC0C8C 
 894      CC40
 895 0012 063B9005 		.ascii	"\006;\220\005\3421\00113\003\000<\230\004\312"
 895      E2310131 
 895      3303003C 
 895      9804CA
 896              		.text
 897              		.section	.gnu.lto_.ipa_sra.16d263c7fad461e6,"e",%progbits
 898 0000 789C4DCE 		.ascii	"x\234M\316!\017@`\030E\341{\275\257M\260\021\004A\020"
 898      210F4060 
 898      1845E17B 
 898      BDAF4DB0 
 898      11044110 
 899 0014 04411004 		.ascii	"\004A\020\004\377V\370\376(\233\235q\322\023\317\245"
 899      FF56F8FE 
 899      289B9D71 
 899      D213CFA5 
 900 0024 AF4AEE4A 		.ascii	"\257J\356Jd\211Z\351\027\011\032\320\202\036\014`\004"
 900      64895AE9 
 900      17091AD0 
 900      821E0C60 
 900      04
 901 0035 1398C102 		.ascii	"\023\230\301\002V\260\201\035\034\340L\3539p\374\336"
 901      56B0811D 
 901      1CE04CEB 
 901      3970FCDE 
 902 0045 64DD043C 		.ascii	"d\335\004<\026\246"
 902      16A6
 903              		.text
 904              		.section	.gnu.lto_.inline.16d263c7fad461e6,"e",%progbits
 905 0000 789C5592 		.ascii	"x\234U\222\273J\304P\020@\347q\221 \250\351mR\350\017"
 905      BB4AC450 
 905      1040E771 
 905      9120A8E9 
 905      6D52E80F 
 906 0014 F805F913 		.ascii	"\370\005\371\023\027]Q\266\322?\030\261\\\020\\\004"
ARM GAS  /tmp/ccARTLvG.s 			page 20


 906      175D51B6 
 906      D23F18B1 
 906      5C105C04 
 907 0024 059B68C0 		.ascii	"\005\233h\300\302Z\301Ba[\021\213\255\266\261P\360\361"
 907      C25AC142 
 907      615B118B 
 907      ADB6B150 
 907      F0F1
 908 0036 05F6CE4D 		.ascii	"\005\366\316M6w&\201\2053'\201\234\275\2237\202t)n\210"
 908      36772681 
 908      85332781 
 908      9CBD9337 
 908      8274296E 
 909 004b C8251DE0 		.ascii	"\310%\035\340\032`\315\001Xm\013e\007E\007\203\016*"
 909      1A60CD01 
 909      586D0B65 
 909      07450783 
 909      0E2A
 910 005d EC48124D 		.ascii	"\354H\022M\315QG\037\311U\346\022M\023\011'\227\250"
 910      CD51471F 
 910      C955E612 
 910      4D130927 
 910      97A8
 911 006f 6228625B 		.ascii	"b(b[E\373\000K\012BC\322`lp\207 $\206`63\233\231\315"
 911      45FB004B 
 911      0A4243D2 
 911      606C7087 
 911      20248660 
 912 0088 CDE6660B 		.ascii	"\315\346f\013\263\205\331\322liV\320\264\376i\363\344"
 912      B385D9D2 
 912      6C6956D0 
 912      B4FE69F3 
 912      E4
 913 0099 BCAB1397 		.ascii	"\274\253\023\227'\256O\\\240\270Bq\211\342\032\305E"
 913      27AE4F5C 
 913      A0B84271 
 913      89E21AC5 
 913      45
 914 00aa 8AAB1497 		.ascii	"\212\253\024\227)\276\263\027\332+\355\245\366Z{\261"
 914      29BEB317 
 914      DA2BEDA5 
 914      F65A7BB1 
 915 00ba 5AAB3B80 		.ascii	"Z\253;\200\315\337\361OM#\014tX3_1\036\217\357\256W"
 915      CDDFF14F 
 915      4D230C74 
 915      58335F31 
 915      1E8FEFAE 
 916 00cf 26AC0332 		.ascii	"&\254\0032\336\343\272~=Gqhq\361\320\355\367\331\305"
 916      DEE3BA7E 
 916      3D477168 
 916      71F1D0ED 
 916      F7D9C5
 917 00e2 6AFB50C0 		.ascii	"j\373P\300\207\346\216\2563~T\331\326\327\374dB#\200"
 917      87E68EAE 
 917      337E54D9 
 917      D6D7FC64 
 917      422380
ARM GAS  /tmp/ccARTLvG.s 			page 21


 918 00f5 E5E64D7B 		.ascii	"\345\346M{q\231\315^y\250\307\037n>\377f\264\233A\241"
 918      7199CD5E 
 918      79A8C71F 
 918      6E3EFF66 
 918      B49B41A1 
 919 0109 87F278FA 		.ascii	"\207\362x\372\362\312\333\271\036U\374\245Q'\300\247"
 919      F2CADBB9 
 919      1E55FCA5 
 919      5127C0A7 
 920 0119 E7F3771A 		.ascii	"\347\363w\032\204v\377\213\001b2\374\003k|\237\022"
 920      8476FF8B 
 920      016232FC 
 920      036B7C9F 
 920      12
 921              		.text
 922              		.section	.gnu.lto_.pureconst.16d263c7fad461e6,"e",%progbits
 923 0000 789C6367 		.ascii	"x\234cg```b\230\305\3028\213\005\000\004\263\001G"
 923      60606062 
 923      98C5C238 
 923      8B050004 
 923      B30147
 924              		.text
 925              		.section	.gnu.lto_.lto.16d263c7fad461e6,"e",%progbits
 926 0000 09000000 		.ascii	"\011\000\000\000\001\000\000\000"
 926      01000000 
 927              		.text
 928              		.section	.gnu.lto__pal_lld_init.88.16d263c7fad461e6,"e",%progbits
 929 0000 789CA5D7 		.ascii	"x\234\245\327\177lSU\024\007\360{\336}\355\353\257\375"
 929      7F6C5355 
 929      1407F07B 
 929      DE7DEDEB 
 929      AFFD
 930 0012 4A483421 		.ascii	"JH4!&\374A$\374\263NEML4\032M\214\021\203\011F\375\317"
 930      26FC4124 
 930      FCB34E45 
 930      4D4C341A 
 930      4D8C1183 
 931 002a C05059B2 		.ascii	"\300PY\2628\"\306\177\271m7\206\323\255\335`\212q\323"
 931      3822C67F 
 931      B96D3786 
 931      D3ADDD60 
 931      8A71D3
 932 003d 621D4563 		.ascii	"b\035Ec\230\304I\031\333X\035L\030\240C\240(\250\003"
 932      98C44919 
 932      DB581D4C 
 932      18A043A0 
 932      28A803
 933 0050 86320673 		.ascii	"\2062\006s\033L\004\313\350\274\347\276\366\275.\357"
 933      1B4C04CB 
 933      E8BCE7BE 
 933      F6BD2EEF 
 934 0060 ED252F6D 		.ascii	"\355%/m\322\223w\373\332{\316\347\356\333d}\271\230"
 934      D29377FB 
 934      DA7BCEE7 
 934      EEDB647D 
 934      B998
 935 0072 90570921 		.ascii	"\220W\011!\367\361'P\002\022c\354I%\340\222\000\304"
ARM GAS  /tmp/ccARTLvG.s 			page 22


 935      F7F12750 
 935      021263EC 
 935      4925E092 
 935      00C4
 936 0084 157301D9 		.ascii	"\025s\001\331$\301&\330J?\2410P\177\271[Z\036\347wX"
 936      24C126D8 
 936      4A3FA130 
 936      507FB95B 
 936      5A1EE777 
 937 0099 F2A37DCE 		.ascii	"\362\243}\316\315\254\356\336\030%\244\235?\325\007"
 937      CDACEEDE 
 937      1825A49D 
 937      3FD507
 938 00a8 74C172FE 		.ascii	"t\301r\376\276\221`\373m_\013\215Q\000\231/\267\035"
 938      BE9160FB 
 938      6D5F0B8D 
 938      5100992F 
 938      B71D
 939 00ba ED1AF2E0 		.ascii	"\355\032\362\340R\202%|9\236\351\034\223\351c@\370\365"
 939      5282257C 
 939      399EE91C 
 939      93E96340 
 939      F8F5
 940 00cc AED9BEB4 		.ascii	"\256\331\276\264kY\007cA\226\2348D\331\322\030\245\220"
 940      6B590763 
 940      41969C38 
 940      44D9D218 
 940      A590
 941 00de 00CAB784 		.ascii	"\000\312\267\204\275\260\030\276\203\305\204\360\327"
 941      BDB018BE 
 941      83C584F0 
 941      D7
 942 00eb 9EEA7212 		.ascii	"\236\352r\022\330\007\313\010~htO\246\265\310)g\373"
 942      D807CB08 
 942      7E68744F 
 942      A6B5C829 
 942      67FB
 943 00fd 4237F07B 		.ascii	"B7\360{\374\242\363\244#\311f\347\302\214\235}>\036"
 943      FCA2F3A4 
 943      23C966E7 
 943      C28C9D7D 
 943      3E1E
 944 010f 86A5C03F 		.ascii	"\206\245\300?(KX(\026\031\213\003\213\023\213\202\305"
 944      284B5828 
 944      16198B03 
 944      8B138B82 
 944      C5
 945 0120 85C58DC5 		.ascii	"\205\305\215\305\203\305\213\305\207\245\010K1\226\022"
 945      83C58BC5 
 945      87A5084B 
 945      319612
 946 012f 2CA558CA 		.ascii	",\245X\312\260,\002u\2140%x\0142\260$!\021*\251\213"
 946      B02C0275 
 946      8C302578 
 946      0C32B024 
 946      21112AA9 
 947 0144 005F5C05 		.ascii	"\000_\\\005\366y\274\221\212\261&a\240\327\215W;(\360"
ARM GAS  /tmp/ccARTLvG.s 			page 23


 947      F679BC91 
 947      8AB12661 
 947      A0D78D57 
 947      3B28F0
 948 0157 C19B4253 		.ascii	"\301\233BS#.<\010\207\300\247?\014\015\226\250K\026"
 948      232E3C08 
 948      87C0A73F 
 948      0C0D96A8 
 948      4B16
 949 0169 DDC2F0A8 		.ascii	"\335\302\360\250\216'\322\327\351N\370\"\300\267[\022"
 949      8E27D2D7 
 949      E94EF822 
 949      C0B75B12 
 950 0179 A34EE8E1 		.ascii	"\243N\350\341\207\260\037\017\201\337<r\360\312iG\305"
 950      87B01F0F 
 950      81DF3C72 
 950      F0CA6947 
 950      C5
 951 018a 6E560B31 		.ascii	"nV\0131\252@/\354\2046\365\004\372\240\202\267\012\265"
 951      AA402FEC 
 951      8436F504 
 951      FAA082B7 
 951      0AB5
 952 019c D483DA4B 		.ascii	"\324\203\332KR\333\325\267\265\017\027\343\3762\334"
 952      52DBD5B7 
 952      B50F17E3 
 952      FE32DC
 953 01ab 257080EF 		.ascii	"%p\200\357\302\347\231n\020o\262\327\253_\357\225\204"
 953      C2E7996E 
 953      106FB2D7 
 953      AB5FEF95 
 953      84
 954 01bc 0ADE4028 		.ascii	"\012\336@(\367J\002\211\227=\0328\330;\364\204:\005"
 954      F74A0289 
 954      973D1A38 
 954      D83BF484 
 954      3A05
 955 01ce CD175321 		.ascii	"\315\027S!\336\266g\367\341\\\313\350~\374\003\271v"
 955      DEB667F7 
 955      E15CCBE8 
 955      7EFC03B9 
 955      76
 956 01df D045F07D 		.ascii	"\320E\360}\266i\177\250qX\341M#b 7\014\210\266\370\267"
 956      B6697FA8 
 956      7158E14D 
 956      23622037 
 956      0C88B6F8 
 957 01f4 E53753E1 		.ascii	"\3457S\341\324\270O\275\031M\363\251<p\020*\332\370"
 957      D4B84FBD 
 957      194DF3A9 
 957      3C70102A 
 957      DAF8
 958 0206 287CA843 		.ascii	"(|\250C\342\000\270m\234fqZc\257h\334\370\351hwv\311"
 958      E200B86D 
 958      9C66715A 
 958      63AF68DC 
 958      F8E96877 
ARM GAS  /tmp/ccARTLvG.s 			page 24


 959 021c 22B5E2A8 		.ascii	"\"\265\342\250\277\316L\306\225\334,k\371(>\370\201"
 959      BFCE4CC6 
 959      95DC2C6B 
 959      F9283EF8 
 959      81
 960 022d 1FC06076 		.ascii	"\037\300`v\226\004\253\373\314\203\007\020\300Y\024"
 960      9604ABFB 
 960      CC830710 
 960      C05914
 961 023c 382C66C1 		.ascii	"8,f\3013\200#x\004T\270\373M\334\262}\350\2205\364("
 961      33802378 
 961      0454B8FB 
 961      4DDCB27D 
 961      E89035F4 
 962 0251 42656C7D 		.ascii	"Bel}\314\000\265\3118.:9p\257\037\221!\013\306%\023"
 962      CC00B5C9 
 962      382E3A39 
 962      70AF1F91 
 962      210BC625 
 963 0266 86C33EE3 		.ascii	"\206\303>\343'k\30602\234\330\372D\241\214\237E'\005"
 963      276BC630 
 963      329CD8FA 
 963      44A18C9F 
 963      452705
 964 0279 F73A890C 		.ascii	"\367:\211\014\207`\214\2310\234\366\031\247\304\346"
 964      87608C99 
 964      309CF619 
 964      A7C4E6
 965 0288 AE8518A7 		.ascii	"\256\205\030\247\265\330\245\014\014\326\263\265\301"
 965      B5D8A50C 
 965      0CD6B3B5 
 965      C1
 966 0295 97CDD976 		.ascii	"\227\315\331v5g\007.\306\233\351|\331\231<YGK\352\225"
 966      3567072E 
 966      C69BE97C 
 966      D9993C59 
 966      474BEA95 
 967 02a9 3CD82F7A 		.ascii	"<\330/z\314~E\230\372\365\272f\002S\354\303\316Z\303"
 967      CC7E4598 
 967      FAF5BA66 
 967      0253ECC3 
 967      CE5AC3
 968 02bc CE6931FB 		.ascii	"\316i1\373\315\000\263\247\370]O\331\037\250P\204b\312"
 968      CD00B3A7 
 968      F85D4FD9 
 968      1FA85084 
 968      62CA
 969 02ce 44E1B2AF 		.ascii	"D\341\262\257\030\261V\234\327Rv\241@\305E=d\243\250"
 969      18B1569C 
 969      D75276A1 
 969      40C5453D 
 969      64A3A8
 970 02e1 7009C58C 		.ascii	"p\011\305\214\211\302m_qIl\356^H\361\247\026\262\277"
 970      89C26D5F 
 970      71496CEE 
 970      5E48F1A7 
 970      16B2BF
ARM GAS  /tmp/ccARTLvG.s 			page 25


 971 02f4 0C8A8F27 		.ascii	"\014\212\217'\006O(\331\220E\325\220\235kc\217\317w"
 971      064F28D9 
 971      9045D590 
 971      9D6B638F 
 971      CF77
 972 0306 5DCE736D 		.ascii	"]\316sm\237<\377\245\224\007\033\323Cv\005an\001\273"
 972      9F3CFFA5 
 972      94071BD3 
 972      43760561 
 972      6E01BB
 973 0319 6502F3D8 		.ascii	"e\002\363\330\207\215[\303\256j!\273f\200\331SL\350"
 973      878D5BC3 
 973      AE6A21BB 
 973      6680D953 
 973      4CE8
 974 032b 21FB1B15 		.ascii	"!\373\033\025\036\241\270c\242\360\332WLZ+\246\264\220"
 974      1EA1B863 
 974      A2F0DA57 
 974      4C5A2BA6 
 974      B490
 975 033d 4D17A8B8 		.ascii	"M\027\250\270\256\207\354\006*\274B1g\242\360\331W\314"
 975      AE87EC06 
 975      2ABC4231 
 975      67A2F0D9 
 975      57CC
 976 034f 88CD3D0B 		.ascii	"\210\315=\013)\376\321Bv\323\240HL\017\237\241\331\220"
 976      29FED142 
 976      76D3A048 
 976      4C0F9FA1 
 976      D990
 977 0361 ED524376 		.ascii	"\355RCv*\326\207\337\275|\331\277y\262\231\233\035\255"
 977      2AD687DF 
 977      BD7CD9BF 
 977      79B2999B 
 977      1DAD
 978 0373 EE3CD92D 		.ascii	"\356<\331-=e\267Q\346\023\262X\223QVd_\366\237\265,"
 978      3D65B751 
 978      E613B258 
 978      93515664 
 978      5FF69FB5 
 979 0388 ADA5EC8E 		.ascii	"\255\245\354\216Af\2231\253\307\354.2\212\324\377\360"
 979      41669331 
 979      ABC7EC2E 
 979      328AD4FF 
 979      F0
 980 0399 4C18C5F6 		.ascii	"L\030\305\366\031\031k\306\234\0263&\025\310\010HZ\316"
 980      19196BC6 
 980      9C163326 
 980      15C80848 
 980      5ACE
 981 03ab 82126714 		.ascii	"\202\022g\024\013F\247\011\243\304>#$6\367.\304\250"
 981      0B46A709 
 981      A3C43E23 
 981      2436F72E 
 981      C4A8
 982 03bd 957239AB 		.ascii	"\225r9\25330Zg#)w6g\337\2509\353\377*s\3017_\266Y\322"
 982      33305A67 
ARM GAS  /tmp/ccARTLvG.s 			page 26


 982      23297736 
 982      67DFA839 
 982      EBFF2A73 
 983 03d7 6573C79A 		.ascii	"es\307\232\357\317\203\325KZ\314\266 \254D\300\2765"
 983      EFCF83D5 
 983      4B5ACCB6 
 983      20AC44C0 
 983      BE35
 984 03e9 8195DA87 		.ascii	"\201\225\332\207\275g\015k\220r1{\337\000\263\247\370"
 984      BD670D6B 
 984      9072317B 
 984      DF00B3A7 
 984      F8
 985 03fa 40D252D6 		.ascii	"@\322R\326\210\212R\241H\230(\312\354+\232\254\025a"
 985      888A52A1 
 985      489828CA 
 985      EC2B9AAC 
 985      1561
 986 040c 2997B248 		.ascii	")\227\262H\201\212f=d-\250(#7 \030\345?\306\204\002"
 986      818A663D 
 986      642DA828 
 986      23372018 
 986      E53FC684 
 987 0421 1F610AFA 		.ascii	"\037a\012\372\357&B\036-/\367?\275\276jm\325\252\325"
 987      EF26421E 
 987      2D2FF73F 
 987      BDBE6A6D 
 987      D5AAD5
 988 0434 FE9A8DFE 		.ascii	"\376\232\215\376\365k\252\375\033j\336~g\243\177\365"
 988      F56BAAFD 
 988      1B6ADE7E 
 988      67A37FF5 
 989 0444 4B2F3CF4 		.ascii	"K/<\364\240\177\345\312g\374\317\276\370\334\252w\037"
 989      A07FE5CA 
 989      67FCCFBE 
 989      F8DCAA77 
 989      1F
 990 0455 C05BAF6D 		.ascii	"\300[\257m\340\317\352\352u\345\225\304YY\363\326\033"
 990      E0CFEAEA 
 990      75E595C4 
 990      5959F3D6 
 990      1B
 991 0466 556FDE33 		.ascii	"Uo\3363\357\325\362\312u+^_\261\346\221\207\311\377"
 991      EFD5F2CA 
 991      752B5E5F 
 991      B1E69187 
 991      C9FF
 992 0478 B589CDC3 		.ascii	"\265\211\315\303"
 993              		.text
 994              		.section	.gnu.lto__pal_lld_setgroupmode.89.16d263c7fad461e6,"e",%progbits
 995 0000 789CA556 		.ascii	"x\234\245VilUE\024\236s\347\276\375\276\367\272\204"
 995      696C5545 
 995      149E73E7 
 995      BEFDBEF7 
 995      BA84
 996 0012 D0D0421B 		.ascii	"\320\320B\033hiKM\213\210K\374\203\211&j\202\321\004"
 996      68694B4D 
ARM GAS  /tmp/ccARTLvG.s 			page 27


 996      8B884BFC 
 996      8389266A 
 996      82D104
 997 0025 13FF9818 		.ascii	"\023\377\230\030,\262h\021\003\306\304_\336\026(\240"
 997      2CB26811 
 997      03C6C45F 
 997      DE1628A0 
 998 0035 06104AAB 		.ascii	"\006\020J\253e\011\217\007-\320\000\245h\313R\333\327"
 998      65098F07 
 998      2DD000A5 
 998      68CB52DB 
 998      D7
 999 0046 05DA0A56 		.ascii	"\005\332\012V@\255R\261\312\276\210\026P\003T\244\236"
 999      40AD52B1 
 999      CABE8816 
 999      500354A4 
 999      9E
 1000 0057 73E6BEAD 		.ascii	"s\346\276\255\2551\304\227\334\2713s\346\373\316w\316"
 1000      AD31C497 
 1000      DCB93373 
 1000      E6FBCE77 
 1000      CE
 1001 0068 9C3BF3BE 		.ascii	"\234;\363\2767\204x[\010q\015\037H\020\240\231\246\371"
 1001      3784785B 
 1001      08710D1F 
 1001      4810A099 
 1001      A6F9
 1002 007a 84A3D8A9 		.ascii	"\204\243\330\251i\362Z\360\314(\335t\353e\2477M\322"
 1002      69F25AF0 
 1002      CC28DD74 
 1002      EB65A737 
 1002      4DD2
 1003 008c 4D4382DD 		.ascii	"MC\202\335\262\351\232\315\262\331-\233-b\263\203\317"
 1003      B2E99ACD 
 1003      B2D92D9B 
 1003      2D62B383 
 1003      CF
 1004 009d EA393427 		.ascii	"\35294'\3662p\225K\275\015'\270-\233+\322sk\036k\225"
 1004      F6327095 
 1004      4BBD0D27 
 1004      B82D9B2B 
 1004      D2736B1E 
 1005 00b3 61ADF280 		.ascii	"a\255\362\200\327\262\031\221\236\327bmq\3724Ge\377"
 1005      D7B21991 
 1005      9ED7626D 
 1005      71FA3447 
 1005      65FF
 1006 00c5 8DC770BD 		.ascii	"\215\307p\275\377\342\352\225\016\\\357\007`\233\351"
 1006      FFE2EA95 
 1006      0E5CEF07 
 1006      609BE9
 1007 00d4 04F19E26 		.ascii	"\004\361\236&u\233\335\341t\271=\206\327\347\207\367"
 1007      759BDDE1 
 1007      74B93D86 
 1007      D7E787F7 
 1008 00e4 349F8090 		.ascii	"4\237\200\220\016\316h#\324o\255\\/\241u\331\305\003"
 1008      0ECE6823 
ARM GAS  /tmp/ccARTLvG.s 			page 28


 1008      D46FAD5C 
 1008      2FA175D9 
 1008      C503
 1009 00f6 5A6E35C2 		.ascii	"Zn5\302\315PE\231\273\324\\\232\022\224Bl\224\326\""
 1009      CD504599 
 1009      BBD45C9A 
 1009      1294426C 
 1009      94D622
 1010 0109 019F422E 		.ascii	"\001\237B.\256\353+\331x\333X#\203\022@\307a\331\027"
 1010      AEEB2BD9 
 1010      78DB5823 
 1010      831240C7 
 1010      61D917
 1011 011c 9F76B969 		.ascii	"\237v\271i\250A\006\016\333\272\007\367\273\345\343"
 1011      A841060E 
 1011      DBBA07F7 
 1011      BBE5E3
 1012 012b 20B05FDB 		.ascii	" \260_\333\267a\027do3\315\0223t\267]\232\231A)\241"
 1012      B7611764 
 1012      6F33CD12 
 1012      3374B75D 
 1012      9A994129 
 1013 0140 01245242 		.ascii	"\001$RB=\244\302g\220*\004\316M\333d\023\260\037\262"
 1013      3DA4C267 
 1013      902A04CE 
 1013      4DDB6413 
 1013      B01FB2
 1014 0153 11325855 		.ascii	"\0212XU\273\302)_b\370\376\322\272\026\237\005\357\333"
 1014      BBC2295F 
 1014      62F8FED2 
 1014      BA169F05 
 1014      EFDB
 1015 0165 9E7478B1 		.ascii	"\236tx\261\371LP\352p`\030\201>m'\022\034d\202\337\367"
 1015      F94C50EA 
 1015      70601881 
 1015      3E6D2712 
 1015      1C6482DF 
 1016 017a 6D5BEB91 		.ascii	"m[\353\221/3\301\241\372\333\367\034\026\301\305\355"
 1016      2F33C1A1 
 1016      FADBF71C 
 1016      16C1C5ED 
 1017 018a 63DA99C0 		.ascii	"c\332\231\300\006\207\206\021\330\246\325#A#d\013\202"
 1017      06878611 
 1017      D8A6D523 
 1017      4123640B 
 1017      82
 1018 019b 6D3BDAD6 		.ascii	"m;\332\326\344\2233\231\242\256\263\347O_V\220)zjRZ"
 1018      E4933399 
 1018      A2AEB3E7 
 1018      4F5F5690 
 1018      297A6A52 
 1019 01b0 169B9DA6 		.ascii	"\026\233\235\246\036\224v\370|\010\211\020\323\226\333"
 1019      1E9476F8 
 1019      7C088910 
 1019      D396DB
 1020 01bf 09D177E1 		.ascii	"\011\321w\341\310q\220\205\214\3569\331V\355\260\320"
 1020      C8719085 
ARM GAS  /tmp/ccARTLvG.s 			page 29


 1020      8CEE39D9 
 1020      56EDB0D0 
 1021 01cf DD35696D 		.ascii	"\3355im\026\332\001\315\303\321wm\204\010\036>8\340"
 1021      16DA01CD 
 1021      C3D1776D 
 1021      84081E3E 
 1021      38E0
 1022 01e1 917318DD 		.ascii	"\221s\030\335\360G\350c\335B\037k\223\346VS#l\313p\354"
 1022      F047E863 
 1022      DD421F6B 
 1022      93E65653 
 1022      236CCB70 
 1023 01f6 75C6DE7B 		.ascii	"u\306\336{\277\361\272\224o0v\317\362\356cn\013{\276"
 1023      BFF1BA94 
 1023      6F3076CF 
 1023      F2EE636E 
 1023      0B7BBE
 1024 0209 35826D1B 		.ascii	"5\202m\033\216=\317\330\272\226\033v\271\200\241\241"
 1024      8E3DCFD8 
 1024      BA961B76 
 1024      B980A1A1 
 1025 0219 8F2F5FF2 		.ascii	"\217/_\362[\320\366(\364\360p\350)\206\336Z\331\360"
 1025      5BD0F628 
 1025      F4F070E8 
 1025      2986DE5A 
 1025      D9F0
 1026 022b 1DC8858C 		.ascii	"\035\310\205\214]\331\370\367U-\354\266%\202\355\030"
 1026      5DD9F8F7 
 1026      552DECB6 
 1026      2582ED18 
 1027 023b 8EED66EC 		.ascii	"\216\355f\354\331\275\367\326y\355:tB\026\034\301\247"
 1027      D9BDF7D6 
 1027      79ED3A74 
 1027      42161CC1 
 1027      A7
 1028 024c 1D9F567C 		.ascii	"\035\237V|B\3704A\226U|\320\005v\001B8\252\221\344_"
 1028      42F83441 
 1028      96557CD0 
 1028      05760142 
 1028      38AA91E4 
 1029 0261 96EE3969 		.ascii	"\226\3569i\013\231w\007W\231\346\227\211uG\373vk\017"
 1029      0B997707 
 1029      5799E697 
 1029      897547FB 
 1029      766B0F
 1030 0274 006EAC53 		.ascii	"\000n\254S\303\306%\251\321\251\261Qc\247\306A\215\223"
 1030      C3C625A9 
 1030      D1A9B151 
 1030      63A7C641 
 1030      8D93
 1031 0286 1A17356E 		.ascii	"\032\0275n\256\037\017\323\033\334z\005\271\361q\353"
 1031      AE1F0FD3 
 1031      1BDC7A05 
 1031      B9F171EB 
 1032 0296 17E42E81 		.ascii	"\027\344.\201\333DAn\223\270M\026\344z\024P\351\214"
 1032      DB44416E 
 1032      93B84D16 
ARM GAS  /tmp/ccARTLvG.s 			page 30


 1032      E47A1450 
 1032      E98C
 1033 02a8 062AE114 		.ascii	"\006*\341\024 \236TA\262\322\230g,3\214cl:\243\306\363"
 1033      209E5441 
 1033      B2D29867 
 1033      2C338C63 
 1033      6C3AA3C6 
 1034 02bd CC04B666 		.ascii	"\314\004\266f\362L\026['r?\233\2559<\223\313k&\261\266"
 1034      F24C165B 
 1034      27723F9B 
 1034      AD393C93 
 1034      CB6B26B1 
 1035 02d2 3CF625C4 		.ascii	"<\366%\304*)jKo<\006fH\210\325R\343~1\366\257\202\271"
 1035      2A296A4B 
 1035      6F3C0666 
 1035      4888D552 
 1035      E37E31F6 
 1036 02e9 A5A14C72 		.ascii	"\245\241Lr\256\250\177aT\244{%\332\275\241\272W`\311"
 1036      AEA87F61 
 1036      54A47B25 
 1036      DABDA1BA 
 1036      5760C9
 1037 02fc E5B6A9D4 		.ascii	"\345\266\251\324\015\310Q\270\017\305\037\354\014x\351"
 1037      0DC851B8 
 1037      0FC51FEC 
 1037      0C78E9
 1038 030b 23B68184 		.ascii	"#\266\201\204/\324\026!\273\334\326Q\223\034a\277\265"
 1038      2FD41621 
 1038      BBDCD651 
 1038      931C61BF 
 1038      B5
 1039 031c CEC6E0DF 		.ascii	"\316\306\340\337\240\265\262+\207\272\264\343\213\373"
 1039      A0B5B22B 
 1039      87BAB4E3 
 1039      8BFB
 1040 032a FB9C8494 		.ascii	"\373\234\204\224\\\000e{ww\310*\330Z\214\247\310\346"
 1040      5C00657B 
 1040      7777C82A 
 1040      D85A8CA7 
 1040      C8E6
 1041 033c D9985977 		.ascii	"\331\230Yw@\216\206\243\304\210\326\235\273..\225\223"
 1041      408E86A3 
 1041      C488D69D 
 1041      BB2E2E95 
 1041      93
 1042 034d 779B4B8A 		.ascii	"w\233K\212\315\214\240\364\3001\250\202\015j\213\277"
 1042      CD8CA0F4 
 1042      C031A882 
 1042      0D6A8BBF 
 1043 035d 84C90199 		.ascii	"\204\311\001\231\302^\365\017\232\017gE\274\376\265"
 1043      C25EF50F 
 1043      9A0F6745 
 1043      BCFEB5
 1044 036c 2E252AF9 		.ascii	".%*\3714D5W]\370\250\302\2474\353\320\035\321l+\355"
 1044      34443557 
 1044      5DF8A8C2 
 1044      A734EBD0 
ARM GAS  /tmp/ccARTLvG.s 			page 31


 1044      1DD16C2B 
 1045 0381 3F6344D0 		.ascii	"?cD\320\203\261\232\323-\315\367'\362+\026\011$\362"
 1045      83B19AD3 
 1045      2DCDF727 
 1045      F22B1609 
 1045      24F2
 1046 0393 7854A43D 		.ascii	"xT\244=.\361\301ri\271)9\256\334\004$\304f\307P\007"
 1046      2EF1C172 
 1046      69B92939 
 1046      AEDC0424 
 1046      C466C750 
 1047 03a8 D21F9F5F 		.ascii	"\322\037\237_u-\201\222b<Y\215j\012\034'[z\016\005\014"
 1047      752D8192 
 1047      623C598D 
 1047      6A0A1C27 
 1047      5B7A0E05 
 1048 03bd 52931094 		.ascii	"R\223\020\224^8\011K\000NXR*N\204\232\354Sj\315\325"
 1048      5E38094B 
 1048      004E5852 
 1048      2A4E849A 
 1048      EC536ACD 
 1049 03d2 2649F1C1 		.ascii	"&I\361\301\327(\005\203\347\204}\003S\310\335\335e\357"
 1049      D7280583 
 1049      E7847D03 
 1049      53C8DDDD 
 1049      65EF
 1050 03e4 2A77A9E8 		.ascii	"*w\251\350\021\265\224d\320\220\312\017\247X[uy\270"
 1050      11B59464 
 1050      D090CA0F 
 1050      A7585B75 
 1050      79B8
 1051 03f6 284A3637 		.ascii	"(J67q\376\250\314b\3059@\300\267\220\312+\252\324\012"
 1051      71FEA8CC 
 1051      62C53940 
 1051      C0B790CA 
 1051      2BAAD40A 
 1052 040a FABAC253 		.ascii	"\372\272\302So\362\314\221\230\2311<\323\031\2311\267"
 1052      6FF2CC91 
 1052      9899313C 
 1052      D3199931 
 1052      B7
 1053 041b D4C43879 		.ascii	"\324\3048y\235\255M\354\243\243\377\327o\200|\330\321"
 1053      9DAD4DEC 
 1053      A3A3FFD7 
 1053      6F807CD8 
 1053      D1
 1054 042c 470F6FD2 		.ascii	"G\017o\322j\3518qge\207\214$oOyx\217\026\017\224\256"
 1054      6AE93871 
 1054      6765878C 
 1054      246F4F79 
 1054      788F160F 
 1055 0442 902A9CF1 		.ascii	"\220*\234\361\001\351\213\275l\374\270\311\337)\367"
 1055      01E98BBD 
 1055      6CFCB8C9 
 1055      DF29F7
 1056 0451 19613DB8 		.ascii	"\031a=\270\212\011\366\215D0!\200I\217Ct\022b\202\372"
 1056      8A09F68D 
ARM GAS  /tmp/ccARTLvG.s 			page 32


 1056      44302180 
 1056      498F4374 
 1056      126282FA 
 1057 0465 5062119F 		.ascii	"Pb\021\237X\210\314\200L\212G\264\022\"\223\021\207"
 1057      5888CC80 
 1057      4C8A47B4 
 1057      12229311 
 1057      87
 1058 0476 4642A035 		.ascii	"FB\2405!\036\321N\210,F4G\021\345\313\356X\010- \335"
 1058      211ED14E 
 1058      882C4634 
 1058      4711E5CB 
 1058      EE58082D 
 1059 048c 18D6AEC1 		.ascii	"\030\326\256\301K\353\375\024\226\013L\200\357\221\201"
 1059      4BEBFD14 
 1059      960B4C80 
 1059      EF9181
 1060 049b CBBBDD2A 		.ascii	"\313\273\335*o-6s.\314\334\251Hy;/7v\234\203H\356\316"
 1060      6F2D3673 
 1060      2ECCDCA9 
 1060      48793B2F 
 1060      37769C83 
 1061 04b2 953BC24E 		.ascii	"\225;\302N\326,\333a9\311\306\304\320A^\273\366k\207"
 1061      D62CDB61 
 1061      39C9C6C4 
 1061      D0415EBB 
 1061      F66B87
 1062 04c5 62F043EF 		.ascii	"b\360C\357\260\334e3\237+\236\357\227X\276\003\026\337"
 1062      B0DC6533 
 1062      9F2B9EEF 
 1062      9758BE03 
 1062      16DF
 1063 04d7 44AEAECC 		.ascii	"D\256\256\314!y\231\310xw\354^jB\231\022U\237\335x\231"
 1063      217999C8 
 1063      7877EC5E 
 1063      6A429912 
 1063      559FDD78 
 1064 04ec B77FA464 		.ascii	"\267\177\244dH\225\214\317\006.Wy\254d\230\032\3740"
 1064      48958CCF 
 1064      062E5779 
 1064      AC64981A 
 1064      FC30
 1065 04fe 341B321C 		.ascii	"4\0332\034\376\000xQ\266\263\262\376\004~\005\343]\003"
 1065      FE007851 
 1065      B6B3B2FE 
 1065      047E05E3 
 1065      5D03
 1066 0510 752D3000 		.ascii	"u-0\000\211\250\314yp_\027NMt\365\326\237\002\024\345"
 1066      89A8CC79 
 1066      705F174E 
 1066      4D74F5D6 
 1066      9F0214E5 
 1067 0524 890FEAF7 		.ascii	"\211\017\352\367\221\222\224\213\265\020\237\025\256"
 1067      9192948B 
 1067      B5109F15 
 1067      AE
 1068 0531 8F5C8ECA 		.ascii	"\217\\\216\312\210'\370k\244\254\344pV\262\206\354}"
ARM GAS  /tmp/ccARTLvG.s 			page 33


 1068      8827F86B 
 1068      A4ACE470 
 1068      56B286EC 
 1068      7D
 1069 0542 0EE3BD91 		.ascii	"\016\343\275\221\254h\234\0116\371UV\330\215G\235N\261"
 1069      AC689C09 
 1069      36F95556 
 1069      D88D479D 
 1069      4EB1
 1070 0554 45151636 		.ascii	"E\025\0266\011\263\002y1\272\360\360\307Y\3533\313\017"
 1070      09B30279 
 1070      31BAF0F0 
 1070      C759EB33 
 1070      CB0F
 1071 0566 033694DE 		.ascii	"\0036\224\336\261)@^@&c\032\233><~T\252O\015\340tl`"
 1071      B129405E 
 1071      4026631A 
 1071      9B3E3C7E 
 1071      54AA4F0D 
 1072 057e 4DE4318F 		.ascii	"M\3441\217\362\347\301\000=\225\015\224\277\011F\345"
 1072      F2E7C100 
 1072      3D950D94 
 1072      BF0946E5 
 1073 058e 3ECA9F1F 		.ascii	">\312\237\037c\360\364r\376r\214\336\006\316\037\375"
 1073      63F0F472 
 1073      FE728CDE 
 1073      06CE1FFD 
 1074 059e BF347592 		.ascii	"\2774u\222\017,\231\011\222c68ID\303J\210\331l_L\210"
 1074      0F2C9909 
 1074      92633638 
 1074      4944C34A 
 1074      88D96C5F 
 1075 05b4 86EAB37A 		.ascii	"\206\352\263z\267\245>=|\224_iKS\342Iy\363`y\263\256"
 1075      B7A53E3D 
 1075      7C945F69 
 1075      4B53E249 
 1075      79F36079 
 1076 05ca 943BE1C7 		.ascii	"\224;\341\307\360^\343\241\234b\027\030\271w\000\005"
 1076      F05EE3A1 
 1076      9C621718 
 1076      B9770005 
 1077 05da 0F804187 		.ascii	"\017\200A\207\215\375`\335\203\230=/\332}<\276\211\034"
 1077      8DFD60DD 
 1077      83983D2F 
 1077      DA7D3CBE 
 1077      891C
 1078 05ec 5E1A26F0 		.ascii	"^\032&\360\260\016Q~\032&)+\006\234H\303d:|\354\275"
 1078      B00E517E 
 1078      1A26292B 
 1078      069C48C3 
 1078      643A7CEC 
 1079 0601 7514799E 		.ascii	"u\024y\236\367\246\007\203\364\307\235\340\325\025\341"
 1079      F7A60783 
 1079      F4C79DE0 
 1079      D515E1
 1080 0610 13BCB5B1 		.ascii	"\023\274\265\261\353\001\245M\037rWd\374\307M\321\307"
 1080      EB01A54D 
ARM GAS  /tmp/ccARTLvG.s 			page 34


 1080      1F725764 
 1080      FCC74DD1 
 1080      C7
 1081 0621 378546A7 		.ascii	"7\205F\247\363O0Y\325\372\016\207\342\262!]@\246\251"
 1081      F34F3059 
 1081      D5FA0E87 
 1081      E2B2215D 
 1081      40A6A9
 1082 0634 125AE152 		.ascii	"\022Z\341R\223j~\0349\275\376\376)9\322\3654\356?|\376"
 1082      936A7E1C 
 1082      39BDFEFE 
 1082      2939D2F5 
 1082      34EE3F7C 
 1083 0649 1CF57986 		.ascii	"\034\365y\206n'u\315\327\214\020\215\343>\2439\313\314"
 1083      6E2775CD 
 1083      D78C108D 
 1083      E33EA339 
 1083      CBCC
 1084 065b 7449C1B9 		.ascii	"tI\301\271\241\3218\221. \307\306G\343\342\371\364\377"
 1084      A1D13891 
 1084      2E20C7C6 
 1084      47E3E2F9 
 1084      F4FF
 1085 066d 13CDF9A8 		.ascii	"\023\315\371\250\317\013\024\215K\334\304\013eO\005"
 1085      CF0B148D 
 1085      4BDCC40B 
 1085      654F05
 1086 067c 9F04AA2C 		.ascii	"\237\004\252,\322\260\262|\370\036\213\325F\357qX\201"
 1086      D2B0B27C 
 1086      F81E8BD5 
 1086      46EF7158 
 1086      81
 1087 068d F44EC7AA 		.ascii	"\364N\307\252\364\321\337#\210\374=\022\342\321\374"
 1087      F4D1DF23 
 1087      88FC3D12 
 1087      E2D1FC
 1088 069c FC8227E7 		.ascii	"\374\202'\347\316{u\336\3633\012\026,*\230;\263\250"
 1088      CE7B75DE 
 1088      F3330A16 
 1088      2C2A983B 
 1088      B3A8
 1089 06ae E0AD050B 		.ascii	"\340\255\005\013\337^T0\343\305\347\036\232R0}\372S"
 1089      DF5E5430 
 1089      E3C5E71E 
 1089      9A52307D 
 1089      FA53
 1090 06c0 054FBFF0 		.ascii	"\005O\277\360\354\363\357<H\246W\336\302\247\250hV~"
 1090      ECF3EF3C 
 1090      48A657DE 
 1090      C2A7A868 
 1090      567E
 1091 06d2 A1D069D5 		.ascii	"\241\320i\325\350\270\271\374\302YS_\233:\363\221\207"
 1091      E8B8B9FC 
 1091      C259535F 
 1091      9B3AF391 
 1091      87
 1092 06e3 853E7FE6 		.ascii	"\205>\177\346\2427\364\371\013f\275\006\363d\341\354"
ARM GAS  /tmp/ccARTLvG.s 			page 35


 1092      A237F4F9 
 1092      0B66BD06 
 1092      F364E1EC 
 1093 06f3 39B27061 		.ascii	"9\262pa\021>s\265\371E\332\374\271\377\000D\241?D"
 1093      113E73B5 
 1093      F945DAFC 
 1093      B9FF0044 
 1093      A13F44
 1094              		.text
 1095              		.section	.gnu.lto_.symbol_nodes.16d263c7fad461e6,"e",%progbits
 1096 0000 789C7361 		.ascii	"x\234sa\000\002\246\033\014\365\014\015@\300\3028\341"
 1096      0002A61B 
 1096      0CF50C0D 
 1096      40C0C238 
 1096      E1
 1097 0011 1C0390CD 		.ascii	"\034\003\220\315\260\253\241\221\221\201\221\001,y\223"
 1097      B0ABA191 
 1097      91819101 
 1097      2C7993
 1098 0020 A19E7143 		.ascii	"\241\236qC\333G\013,r\254\267\030\030\032\234\030\030"
 1098      DB470B2C 
 1098      72ACB718 
 1098      181A9C18 
 1098      18
 1099 0031 9819007B 		.ascii	"\230\031\000{\307\0206"
 1099      C71036
 1100              		.text
 1101              		.section	.gnu.lto_.refs.16d263c7fad461e6,"e",%progbits
 1102 0000 789C6367 		.ascii	"x\234cg```dd`\342e`\000\000\000\224\000\031"
 1102      60606064 
 1102      6460E265 
 1102      60000000 
 1102      940019
 1103              		.text
 1104              		.section	.gnu.lto_.decls.16d263c7fad461e6,"e",%progbits
 1105 0000 789C9D57 		.ascii	"x\234\235WkPTG\026\356\307e\346rgp\010\340j\225n\226"
 1105      6B505447 
 1105      16EEC765 
 1105      E6726770 
 1105      08E06A95 
 1106 0016 A448853F 		.ascii	"\244H\205?q\000\023Mm\245\266\324!F+>\250!\331\252\315"
 1106      7100134D 
 1106      6DA5B6D4 
 1106      21462B3E 
 1106      A821D9AA 
 1107 002b 1F8A3028 		.ascii	"\037\2120(\324\212\343\352\230b\377]\236\"\202A\304"
 1107      D48AE3EA 
 1107      9862FF5D 
 1107      9E228241 
 1107      C4
 1108 003c 049F2026 		.ascii	"\004\237 &\012\212\211\217 \001\214\"\370@\221\204`"
 1108      0A8A898F 
 1108      20018C22 
 1108      F8409184 
 1108      60
 1109 004d 50F18928 		.ascii	"P\361\211(0\242\006$\250\250\250{\372\366\035\346\016"
 1109      30A20624 
ARM GAS  /tmp/ccARTLvG.s 			page 36


 1109      A8A8A87B 
 1109      FAF61DE6 
 1109      0E
 1110 005e 03899B5B 		.ascii	"\003\211\233[s\246\373t\177\347\321\247O\367=wZ\000"
 1110      73A6FB74 
 1110      7FE7D1A7 
 1110      4FF73D77 
 1110      5A00
 1111 0070 42FF2408 		.ascii	"B\377$\010\315\301\010\275\200\207\"\204~\006\322\001"
 1111      CDC108BD 
 1111      80872284 
 1111      7E06D201 
 1112 0080 5D02EA07 		.ascii	"]\002\352\007\032\000z\010\364\010h\020\361\007D\020"
 1112      1A007A08 
 1112      F4086810 
 1112      F1074410 
 1113 0090 05193F20 		.ascii	"\005\031? \370\241\311\030y<z\000\370A\233\000\004&"
 1113      F8A1C918 
 1113      793C7A00 
 1113      F8419B00 
 1113      0426
 1114 00a2 5090AAEF 		.ascii	"P\220\252\357M\240i\200}\007\350*\364\333\200\246c\256"
 1114      4DA06980 
 1114      7D07E82A 
 1114      F4DB80A6 
 1114      63AE
 1115 00b4 BB0FA817 		.ascii	"\273\017\250\027\310\010\024\006c\027\240=\005t\033"
 1115      C8081406 
 1115      6317A03D 
 1115      05741B
 1116 00c3 A801E80E 		.ascii	"\250\001\350\016\320I\240\036\240_\200Z\200Z\201\316"
 1116      D049A01E 
 1116      A05F805A 
 1116      805A81CE 
 1117 00d3 21EE031D 		.ascii	"!\356\003\035\341\003{&\201\037\376#\374\320\256\351"
 1117      E1037B26 
 1117      811FFE23 
 1117      FCD0AEE9 
 1118 00e3 5F4075CC 		.ascii	"_@u\314\177\3257f\237\371\365.\350\232\0104\001\350"
 1118      7FD53766 
 1118      9FF9F52E 
 1118      E89A0834 
 1118      01E8
 1119 00f5 13E005A0 		.ascii	"\023\340\005\240.\240n\325\217\036\325\346X\353\337"
 1119      2EA06ED5 
 1119      8F1ED5E6 
 1119      58EBDF
 1120 0104 4CF1B5D4 		.ascii	"L\361\265\324\255\203\306|\212\003$,\000[p\346\273\323"
 1120      AD83C67C 
 1120      8A03242C 
 1120      005B70E6 
 1120      BBD3
 1121 0116 12B04112 		.ascii	"\022\260A\022\016\006\266\276\362\362m\302g\303\200"
 1121      0E06B6BE 
 1121      F2F26DC2 
 1121      67C380
 1122 0125 2D7BB076 		.ascii	"-{\260v\263\304Y#\260\325\255\215%\3438\270\035i\204"
ARM GAS  /tmp/ccARTLvG.s 			page 37


 1122      B3C45923 
 1122      B0D5AD8D 
 1122      25E338B8 
 1122      1D6984
 1123 0138 03B8F0DA 		.ascii	"\003\270\360\332\317\017\356\227(\301l\352\350\213/"
 1123      CF0FEE97 
 1123      28C16CEA 
 1123      E88B2F
 1124 0147 8E0A7C4A 		.ascii	"\216\012|J\004v\307\211\352'\006\352\253L\035\316|v"
 1124      0476C789 
 1124      EA2706EA 
 1124      AB4C1DCE 
 1124      7C76
 1125 0159 440F536F 		.ascii	"D\017SoJ\230\355\255\011\206N\365\336\373\005\363!\206"
 1125      4A98EDAD 
 1125      09864EF5 
 1125      DEFB05F3 
 1125      2186
 1126 016b 78D19F51 		.ascii	"x\321\237Q\244\247~J??\253\347s_\363^\231?b\016E\370"
 1126      A4A77E4A 
 1126      3F3FABE7 
 1126      735FF35E 
 1126      993F620E 
 1127 0181 28A6CA6A 		.ascii	"(\246\312j\346\033\030\240\354\253u%:\032\257\200\317"
 1127      E61B18A0 
 1127      ECAB7525 
 1127      3A1AAF80 
 1127      CF
 1128 0192 6CEB3C4C 		.ascii	"l\353<L\245,YN\225k\323\344\2009\010W\340I\370;<\011"
 1128      A52C594E 
 1128      956BD3E4 
 1128      80390857 
 1128      E049F83B 
 1129 01a8 E1635851 		.ascii	"\341cXQ_\213\315\370\010\214\375\000c \320Q}%\205\320"
 1129      5F8BCDF8 
 1129      088CFD00 
 1129      6320D051 
 1129      7D2585D0 
 1130 01bc A58AF0F3 		.ascii	"\245\212\360\363\354\303}\224.g}\341\324\017\2473\014"
 1130      ECC37D94 
 1130      2E677DE1 
 1130      D40FA733 
 1130      0C
 1131 01cd 38302424 		.ascii	"80$$d\0353\353\017\232\276\007\251J\220B\370\004\016"
 1131      641D33EB 
 1131      0F9ABE07 
 1131      A94A9042 
 1131      F8040E
 1132 01e0 54F49CC2 		.ascii	"T\364\234\302!\370$P\003\016a\356\224(f\037m\013\333"
 1132      21F82450 
 1132      030E61EE 
 1132      9428661F 
 1132      6D0BDB
 1133 01f3 DAD227CB 		.ascii	"\332\322'\313\371a\270\016K\3700\230ex\227\037\010\233"
 1133      F961B80E 
 1133      4BF83098 
 1133      6578971F 
ARM GAS  /tmp/ccARTLvG.s 			page 38


 1133      089B
 1134 0205 D95F05EB 		.ascii	"\331_\005\353r\201\226\277n\221k\323\215\012\272~tt"
 1134      728196BF 
 1134      6E916BD3 
 1134      8D0ABA7E 
 1134      7474
 1135 0217 F830B85F 		.ascii	"\3700\270_\003>\356\005\256\301.4\333\201\347\351\315"
 1135      033EEE05 
 1135      AEC12E34 
 1135      DB81E7E9 
 1135      CD
 1136 0228 3AFA0D56 		.ascii	":\372\015V\326\266\271\247\352\226\024\350\265\026|"
 1136      D6B6B9A7 
 1136      EA9614E8 
 1136      B5167C
 1137 0237 5AD531CA 		.ascii	"Z\3251\312r@j\357\241\234\315z\276\211\023\201\255h"
 1137      72406AEF 
 1137      A19CCD7A 
 1137      BE891381 
 1137      AD68
 1138 0249 FAFE9A0F 		.ascii	"\372\376\232\017=\3065^\351?\277\312@\0338\363\355P"
 1138      3DC6355E 
 1138      E93FBFCA 
 1138      401B38F3 
 1138      ED50
 1139 025b C12E1DFD 		.ascii	"\301.\035\375\2113{\237Ue\252Y\361\036\313\212\335;"
 1139      89337B9F 
 1139      5565AA59 
 1139      F11ECB8A 
 1139      DD3B
 1140 026d 7AD40C6B 		.ascii	"z\324\014k\247\300gW\254\337a\242\347\025\254\356fQ"
 1140      A7C06757 
 1140      ACDF61A2 
 1140      E715ACEE 
 1140      6651
 1141 027f B30F8628 		.ascii	"\263\017\206(\207\004\206\2240\347j\037\026\005\254"
 1141      87048694 
 1141      30E76A1F 
 1141      1605AC
 1142 028e 97E5865A 		.ascii	"\227\345\206Z\214\317\200[g\301\275\363\320\272c\337"
 1142      8CCF805B 
 1142      67C1BDF3 
 1142      D0BA63DF 
 1143 029e 88350101 		.ascii	"\2105\001\001\374\245\320\024% \014\375\263\027\372"
 1143      FCA5D014 
 1143      25200CFD 
 1143      B317FA
 1144 02ad D00874C7 		.ascii	"\320\010t\307\337\334\350&/4\017\237kk\000^\247Q^\355"
 1144      DFDCE826 
 1144      2F340F9F 
 1144      6B6B005E 
 1144      A7515EED 
 1145 02c1 05AF72C3 		.ascii	"\005\257r\303\207\003\333\014\263?)\343\347\325\250"
 1145      8703DB0C 
 1145      B33F29E3 
 1145      E7D5A8
 1146 02d0 5E8088FE 		.ascii	"^\200\210\376\002\324\002\324\012tn8Y\300@\213\306\237"
ARM GAS  /tmp/ccARTLvG.s 			page 39


 1146      02D402D4 
 1146      0A746E38 
 1146      59C0408B 
 1146      C69F
 1147 02e2 1FBD0C98 		.ascii	"\037\275\014\2305\273y\354\361\335\014\023\275\312#"
 1147      35BB79EC 
 1147      F1DD0C13 
 1147      BDCA23
 1148 02f1 DC7771E7 		.ascii	"\334wq\3479#\337\315<\231h\314\342\213\252\222\337\261"
 1148      3923DFCD 
 1148      3C9968CC 
 1148      E28BAA92 
 1148      DFB1
 1149 0303 0CF2FDF9 		.ascii	"\014\362\375\371;+\374\214\331\3521\361\235\203\333"
 1149      3B2BFC8C 
 1149      D9EA31F1 
 1149      9D83DB
 1150 0312 3CD2E812 		.ascii	"<\322\350\022fw\035k\000\273\275\2659\025\363\335\364"
 1150      66771D6B 
 1150      00BBBDB5 
 1150      3915F3DD 
 1150      F4
 1151 0323 07F6C0F9 		.ascii	"\007\366\300\371\322\032\221vs?J\367\225\266(\307-\355"
 1151      D21A9176 
 1151      733F4AF7 
 1151      95B628C7 
 1151      2DED
 1152 0335 258F5B6E 		.ascii	"%\217[nA]\235@\357p\351\364\372\326\012#\355\343Lg\343"
 1152      415D9D40 
 1152      EF70E9F4 
 1152      FAD60A23 
 1152      EDE34C67 
 1153 034a B7A9221D 		.ascii	"\267\251\"\035\340L\327\236\234\273\343\350 g\366\344"
 1153      E04CD79E 
 1153      9CBBE3E8 
 1153      2067F6E4 
 1154 035a FFFC35A5 		.ascii	"\377\3745\245C\234\351\316<\373\\\315\310\311\300\236"
 1154      439CE9CE 
 1154      3CFB5CCD 
 1154      C8C9C09E 
 1155 036a 1D3A76C4 		.ascii	"\035:v\304\250\346\026f\2517x\375\220\017\225\225+H"
 1155      A8E61666 
 1155      A93778FD 
 1155      900F9595 
 1155      2B48
 1156 037c DCDEB4EB 		.ascii	"\334\336\264\353?\230e\026{J\344tp\262\267\341\275\353"
 1156      3F986516 
 1156      7B4AE474 
 1156      70B2B7E1 
 1156      BDEB
 1157 038e EAE1BC0A 		.ascii	"\352\341\274\012'\350\0328\351\364X\372eM\3020\201\272"
 1157      27E81A38 
 1157      E9F458FA 
 1157      654DC230 
 1157      81BA
 1158 03a0 047EDE18 		.ascii	"\004~\336\030\372\312\030h\317\014\270\005\2637\225"
 1158      FACA1868 
ARM GAS  /tmp/ccARTLvG.s 			page 40


 1158      CF0CB805 
 1158      B33795
 1159 03af 71A7BA0F 		.ascii	"q\247\272\017=\020\373;@\367\200n\003u\001u\003\335"
 1159      3D10FB3B 
 1159      40F7806E 
 1159      03750175 
 1159      03DD
 1160 03c1 75650233 		.ascii	"ue\0023\324\037\3436t\335\313\220Gf2\370%\015\274\303"
 1160      D41FE336 
 1160      74DDCB90 
 1160      476632F8 
 1160      250DBCC3 
 1161 03d5 0B6EF65C 		.ascii	"\013n\366\\D\207\006|ct\260F\365\031\315\222;\275\320"
 1161      4487067C 
 1161      6374B046 
 1161      F519CD92 
 1161      3BBDD0
 1162 03e8 8D2302D4 		.ascii	"\215#\002\324\243\321\335>\206\337j\012\337|\324]i\242"
 1162      A3D1DD3E 
 1162      86DF6A0A 
 1162      DF7CD45D 
 1162      69A2
 1163 03fa B5FCFDF0 		.ascii	"\265\374\375\360\370\372\211\275\276\201^Q\303\277\252"
 1163      F8FA89BD 
 1163      BE815E51 
 1163      C3BFAA
 1164 0409 3A5E2270 		.ascii	":^\"p\354U2XPe\322&r\257\207\371>ld\212\024h\345\352"
 1164      EC553258 
 1164      5065D226 
 1164      72AF87F9 
 1164      3E6C648A 
 1165 0421 C26E3FDA 		.ascii	"\302n?\332\304\255\257)\274\325k\034K\016\337\007\037"
 1165      C4ADAF29 
 1165      BCD56B1C 
 1165      4B0EDF07 
 1165      1F
 1166 0432 864571BF 		.ascii	"\206Eq\277r\014\322\217?\\\347G/\252/\267\312\302:\375"
 1166      720CD28F 
 1166      3F5CE747 
 1166      2FAA2FB7 
 1166      CAC23AFD 
 1167 0446 E8AF99DF 		.ascii	"\350\257\231\337\274\363\036\017`\011\204v7\225\015"
 1167      BCF31E0F 
 1167      60098476 
 1167      37950D
 1168 0455 09B4936B 		.ascii	"\011\264\223k\310o(\253\0347\272\206\007\243hx\250h"
 1168      C86F28AB 
 1168      1C37BA86 
 1168      07A36878 
 1168      A868
 1169 0467 58F37457 		.ascii	"X\363tW\227\350\022J\375\243\343\206\037)B\227_\334"
 1169      97E8124A 
 1169      FDA3E386 
 1169      1F294297 
 1169      5FDC
 1170 0479 3C43B54B 		.ascii	"<C\265K\005\230;B\203\374\250\017*kl;\273\273\310\247"
 1170      05983B42 
ARM GAS  /tmp/ccARTLvG.s 			page 41


 1170      83FCA80F 
 1170      2A6B6C3B 
 1170      BBBBC8A7 
 1171 048d 13F6017C 		.ascii	"\023\366\001|D\202\015c|q\032\374I\350\023\212\202d"
 1171      44820D63 
 1171      7C711AFC 
 1171      49E8138A 
 1171      8264
 1172 049f 22139D8D 		.ascii	"\"\023\235\215\022\211J\324&5\340WC\007\350\014\221"
 1172      12894AD4 
 1172      2635E057 
 1172      4307E80C 
 1172      91
 1173 04b0 849A24B1 		.ascii	"\204\232$\261\264\036\373K>\"!N\275M\012}\202\313I\261"
 1173      B41EFB4B 
 1173      3E22214E 
 1173      BD4D0A7D 
 1173      82CB49B1 
 1174 04c4 2E78862C 		.ascii	".x\206,\330r\306;\3652\311[\0204u\006\374;\365\015\330"
 1174      D872C63B 
 1174      F532C95B 
 1174      10347506 
 1174      FC3BF50D 
 1175 04d9 06525182 		.ascii	"\006RQ\202\350\017=\247^\032\240\305\271:[\023\311z"
 1175      E80F3DA7 
 1175      5E1AA0C5 
 1175      B93A5B13 
 1175      C97A
 1176 04eb 135E3A92 		.ascii	"\023^:\222-\"\010\262a\206(\276j\252\243ut6B\242\270"
 1176      2D2208B2 
 1176      618628BE 
 1176      6AAAA375 
 1176      743642A2 
 1177 0500 EF9BF192 		.ascii	"\357\233\361\222So\002\025\241\266`\177[\260\251\001"
 1177      536F0215 
 1177      A1B6607F 
 1177      5BB0A901 
 1178 0510 FBD86C52 		.ascii	"\373\330lRP(\002'l\021\0213\210\004\232\005\261\001"
 1178      50280227 
 1178      6C111133 
 1178      88049A05 
 1178      B101
 1179 0522 47506C8C 		.ascii	"GPl\214\220o\334\231 a\311\367\325\340P\204lh6\001\275"
 1179      906FDC99 
 1179      2061C9F7 
 1179      D5E05084 
 1179      6C683601 
 1180 0537 F485EBC1 		.ascii	"\364\205\353\301z\260is\263\030\207J$\202\320\017\235"
 1180      7AB06973 
 1180      B318874A 
 1180      2482D00F 
 1180      9D
 1181 0548 7A281D49 		.ascii	"z(\035I0B\262 \032\215X\206\3067\346C[T\204\204\234"
 1181      3042B220 
 1181      1A8D5886 
 1181      C637E643 
 1181      5B548484 
ARM GAS  /tmp/ccARTLvG.s 			page 42


 1182 055d 50321212 		.ascii	"P2\022\022$`\270T\334\222\222\016\312\253k\006^T)\265"
 1182      2460B854 
 1182      DC92920E 
 1182      CAAB6B06 
 1182      5E5429B5 
 1183 0571 16663FFE 		.ascii	"\026f?\376\207\030\203\264f\224q\206\204\300\252\225"
 1183      871883B4 
 1183      66947186 
 1183      84C0AA95 
 1184 0581 996B74B8 		.ascii	"\231kt\270Q\373\034\300\365\020\265j\303\330e\004\251"
 1184      51FB1CC0 
 1184      F510B56A 
 1184      C3D86504 
 1184      A9
 1185 0592 B31AE56E 		.ascii	"\263\032\345n\037T?\\z\\v4>\272}ED5I\2642\212\234\207"
 1185      1F543F5C 
 1185      7A5C7634 
 1185      3EBA7D45 
 1185      443549B4 
 1186 05aa E36E9568 		.ascii	"\343n\225hX\255\313%\204\207\213\312\3079\003\247\307"
 1186      58ADCB25 
 1186      84878BCA 
 1186      C73903A7 
 1186      C7
 1187 05bb 75E15B29 		.ascii	"u\341[)\260\201\305?\3343#<>o\006R2}w\371\306N_\232"
 1187      B081C53F 
 1187      DC33233C 
 1187      3E6F0652 
 1187      327D77F9 
 1188 05d3 4915E672 		.ascii	"I\025\346r\306\376\2658\360\225\211\\\307\020?\347\252"
 1188      C6FEB538 
 1188      F095895C 
 1188      C7103FE7 
 1188      AA
 1189 05e4 8EDEFA81 		.ascii	"\216\336\372\201\207\006~#\3102Q \312\353\314\023\225"
 1189      87067E23 
 1189      C8325120 
 1189      CAEBCC13 
 1189      95
 1190 05f5 76F5F980 		.ascii	"v\365\371\200A\233\316\317<N\374s%\237\331+d\303\352"
 1190      419BCECF 
 1190      3C4EFC73 
 1190      259FD92B 
 1190      64C3EA
 1191 0608 2E8340F8 		.ascii	".\203@\370\020\266\013l,\363D^\215\037\177y\020\315"
 1191      10B60B6C 
 1191      2CF3445E 
 1191      8D1F7F79 
 1191      10CD
 1192 061a 9B2D88BF 		.ascii	"\233-\210\277\33169\213\313\205\011\033\230\365}i\262"
 1192      D936398B 
 1192      CB85091B 
 1192      98F57D69 
 1192      B2
 1193 062b 3FC1097F 		.ascii	"?\301\011\177\301)d\022l<S\234J& \374\002\013\\\373"
 1193      C1296412 
 1193      6C3C539C 
ARM GAS  /tmp/ccARTLvG.s 			page 43


 1193      4A2620FC 
 1193      020B5CFB 
 1194 063f AFE7B69D 		.ascii	"\257\347\266\235\324\275^,\267\267\313\265\335=a\033"
 1194      D4BD5E2C 
 1194      B7B7CBB5 
 1194      DD3D611B 
 1195 064f 7356C9CD 		.ascii	"sV\311\315L\020+@\374\024\334V]f}\204\237\300\335\205"
 1195      4C102B40 
 1195      FC14DC56 
 1195      5D667D84 
 1195      9FC0DD85 
 1196 0663 1FC3753A 		.ascii	"\037\303u:\277\0242'\215\274\016:\356}\235\266\336D"
 1196      BF143227 
 1196      8DBC0E3A 
 1196      EE7D9DB6 
 1196      DE44
 1197 0675 CFF2C03C 		.ascii	"\317\362\300<\252)\270'(\356\302QW\335--X\263\231\217"
 1197      AA29B827 
 1197      28EEC251 
 1197      57DD2D2D 
 1197      58B3998F 
 1198 0689 C1058233 		.ascii	"\301\005\2023\210\340\035\301UD\033\233m\373\216?6\250"
 1198      88E01DC1 
 1198      55441B9B 
 1198      6DFB8E3F 
 1198      36A8
 1199 069b 73CA45EA 		.ascii	"s\312E\3529\275\347\316\276=\2026tYD\033\272\325D\015"
 1199      39BDE7CE 
 1199      BE3D8236 
 1199      7459441B 
 1199      BAD5440D 
 1200 06af DD999C8B 		.ascii	"\335\231\234\213m\246\261p\312\3458\014m<\230\357\244"
 1200      6DA6B170 
 1200      CAE5380C 
 1200      6D3C98EF 
 1200      A4
 1201 06c0 8A8BD9C4 		.ascii	"\212\213\331\304\2103\271\213;\236e\365\032\306\014"
 1201      8833B98B 
 1201      3B9E65F5 
 1201      1AC60C
 1202 06cf 640E0BE4 		.ascii	"d\016\013\344\032\242\006\362Ru\357}\242\006\262%\024"
 1202      1AA206F2 
 1202      5275EF7D 
 1202      A206B225 
 1202      14
 1203 06e0 5E25A920 		.ascii	"^%\251 %0\020N'\356 B_\033\304|\037\204s\225 \246<M"
 1203      2530104E 
 1203      27EE2042 
 1203      5F1BC47C 
 1203      1F847395 
 1204 06f8 FB07DFD1 		.ascii	"\373\007\337\321W\330\247\300\251\375\367M\354\202\224"
 1204      57D8A7C0 
 1204      A9FDF74D 
 1204      EC8294
 1205 0707 F9ADCAC6 		.ascii	"\371\255\312\306\335\013\374\234H\354m\207\327\022\245"
 1205      DD0BFC9C 
 1205      48EC6D87 
ARM GAS  /tmp/ccARTLvG.s 			page 44


 1205      D712A5
 1206 0716 16C9AAD9 		.ascii	"\026\311\252\331sH-l\002Xq\273m\373I?\236\015y\254\224"
 1206      73482D6C 
 1206      025871BB 
 1206      6DFB493F 
 1206      9E0D79AC 
 1207 072b A86DCF7D 		.ascii	"\250m\317}L\201\237\014_)X\363\2112\231\177\242\224"
 1207      4C819F0C 
 1207      5F2958F3 
 1207      8932997F 
 1207      A294
 1208 073d 15951EF7 		.ascii	"\025\225\036\367\243\035|\367Z\333\206\362$~1\027\247"
 1208      A31D7CF7 
 1208      5ADB86F2 
 1208      247E3117 
 1208      A7
 1209 074e 65E92622 		.ascii	"e\351&\"<u\022\016\203`\025\020E\200]\313\353!\002\371"
 1209      3C75120E 
 1209      83601510 
 1209      45805DCB 
 1209      EB2102F9 
 1210 0762 DCF29623 		.ascii	"\334\362\226#m\031B@\036/\337 i0\336@$\274\016\000y"
 1210      6D194240 
 1210      1E2FDF20 
 1210      6930DE40 
 1210      24BC0E00 
 1211 0777 4A88BE20 		.ascii	"J\210\276 \001\334[%D\217\236\026\024\017+\317\376C"
 1211      01DC5B25 
 1211      448F9E16 
 1211      140F2BCF 
 1211      FE43
 1212 0789 E519EB87 		.ascii	"\345\031\353\207&y\350\376\362wt\267\326\034\314\021"
 1212      2679E8FE 
 1212      F27774B7 
 1212      D61CCC11 
 1213 0799 5EEBA145 		.ascii	"^\353\241E\262\210\013a\206\325\226\033\256\344\371"
 1213      B2880B61 
 1213      86D5961B 
 1213      AEE4F9
 1214 07a8 D2677C61 		.ascii	"\322g|a\251M\003\325\006\232)(\314E\347\255U\322\033"
 1214      A94D03D5 
 1214      069A2928 
 1214      CC45E7AD 
 1214      55D21B
 1215 07bb 3BE4E65A 		.ascii	";\344\346Z\271\366\327R\177(\323\013a\253@\014o\006"
 1215      B9F6D752 
 1215      7F28D30B 
 1215      61AB400C 
 1215      6F06
 1216 07cd 4F603F   		.ascii	"O`?"
 1217 07d0 346636C1 		.ascii	"4f6\301\310F\362\332\374:\330\251-\344\015\220^W\377"
 1217      C846F2DA 
 1217      FC3AD8A9 
 1217      2DE40D90 
 1217      5E57FF
 1218 07e3 E03703CD 		.ascii	"\3407\003\315\345\252\232V\347o 4\2373\367\233\353\263"
 1218      E5AA9A56 
ARM GAS  /tmp/ccARTLvG.s 			page 45


 1218      E76F2034 
 1218      9F33F79B 
 1218      EBB3
 1219 07f5 7DE926CE 		.ascii	"}\351&\316d\037k\313\364\245%\234\331\356\254\202#R"
 1219      641F6BCB 
 1219      F4A5259C 
 1219      D9EEAC82 
 1219      2352
 1220 0807 C699C397 		.ascii	"\306\231\303\227+\314\364\000\357\227U\345\336\360\241"
 1220      2BCCF400 
 1220      EF9755E5 
 1220      DEF0A1
 1221 0816 359CB959 		.ascii	"5\234\271Y\231\376P\240G9\323\\\335\3369\216\036\347"
 1221      99FE50A0 
 1221      4739D35C 
 1221      DDDE398E 
 1221      1EE7
 1222 0828 4C67C9DD 		.ascii	"Lg\311\335\361|\207C\331\241\275\237\273S\375\020\251"
 1222      F17C8743 
 1222      D9A1BD9F 
 1222      BB53FD10 
 1222      A9
 1223 0839 65E7FFCB 		.ascii	"e\347\377\313\252\216\276q\364\224\0025\334\272p\260"
 1223      AA8EBE71 
 1223      F4940235 
 1223      DCBA70B0 
 1224 0849 D94FF912 		.ascii	"\331O\371\022\011q}\216\360\2021tPS0\026\303\262\016"
 1224      09717D8E 
 1224      F0823174 
 1224      50533016 
 1224      C3B20E
 1225 085c 90314A40 		.ascii	"\2201J@\265 Jv\027D[\275\340U#\312\247\016\015z\233"
 1225      B5204A76 
 1225      17445BBD 
 1225      E05523CA 
 1225      A70E0D7A 
 1226 0871 17BA71A4 		.ascii	"\027\272q\244\362'v7|\207\027\274f\204\362~\215\362"
 1226      F2277637 
 1226      7C8717BC 
 1226      6684F27E 
 1226      8DF2
 1227 0883 D2315CD1 		.ascii	"\3221\\\321(\257\323\300K\306P\256\255\0235\360\355"
 1227      28AFD3C0 
 1227      4BC650AE 
 1227      AD1335F0 
 1227      ED
 1228 0894 63C4C5ED 		.ascii	"c\304\305\355\313%\015\272h\214\205j\252J\315:\277\366"
 1228      CB250DBA 
 1228      688C856A 
 1228      AA4ACD3A 
 1228      BFF6
 1229 08a6 420F97B7 		.ascii	"B\017\227\267\303\345\343.H\274\235J\342\035\340W\036"
 1229      C3E5E32E 
 1229      48BC9D4A 
 1229      E21DE057 
 1229      1E
 1230 08b7 DE4F42F0 		.ascii	"\336OB\360A\240r\240o\200\276\005*\003\332\007\264\007"
ARM GAS  /tmp/ccARTLvG.s 			page 46


 1230      41A072A0 
 1230      6F80BE05 
 1230      2A03DA07 
 1230      B407
 1231 08c9 6837D05E 		.ascii	"h7\320^\242-\3005&\277\032\335\244\262xH\234\007\345"
 1231      A22DC035 
 1231      26BF1ADD 
 1231      A4B27848 
 1231      9C07E5
 1232 08dc E5570DB4 		.ascii	"\345W\015\264\221\347\330\326\376\014'\015\364\362\004"
 1232      91E7D8D6 
 1232      FE0C270D 
 1232      F4F204
 1233 08eb 7FA7EAF8 		.ascii	"\177\247\352\370?\235aG`\343\217[\365\332\373\267\302"
 1233      3F9D6147 
 1233      60E38F5B 
 1233      F5DAFBB7 
 1233      C2
 1234 08fc C39543CA 		.ascii	"\303\225C\312\345\313\032\300\256*<\226b\322~\011\276"
 1234      E5CB1AC0 
 1234      AE2A3C96 
 1234      62D27E09 
 1234      BE
 1235 090d CC973DAE 		.ascii	"\314\227=\256$\201 \373E\363\306,\217{\236\035e\267"
 1235      248120FB 
 1235      45F3C62C 
 1235      8F7B9E1D 
 1235      65B7
 1236 091f 9DEFB91D 		.ascii	"\235\357\271\035\326\350\242\"#c\035\2614n\371\222i"
 1236      D6E8A222 
 1236      23631DB1 
 1236      346EF992 
 1236      69
 1237 0930 53A6982D 		.ascii	"S\246\230-\011\211\237&.\2146\333W\230\023b\227\230"
 1237      09899F26 
 1237      2E8C36DB 
 1237      57981362 
 1237      9798
 1238 0942 97D9973B 		.ascii	"\227\331\227;V\230\243?\232?5\302<o^\244\371\203\250"
 1238      5698A33F 
 1238      9A3F35C2 
 1238      3C6F5EA4 
 1238      F983A8
 1239 0955 B90B3F0B 		.ascii	"\271\013?\013gS1\313\200\226,\261M\211\023?X\360q\260"
 1239      675331CB 
 1239      80962CB1 
 1239      4D89133F 
 1239      58F071B0 
 1240 0969 257C3A9A 		.ascii	"%|:\232\3401<%\316\366v\374\333\261\323\336A\342\312"
 1240      E0313C25 
 1240      CEF676FC 
 1240      DBB1D3DE 
 1240      41E2CA
 1241 097c C4A58EA9 		.ascii	"\304\245\216\251\0211\016j\267-\007C\011\323\377\224"
 1241      11310E6A 
 1241      B72D0743 
 1241      09D3FF94 
ARM GAS  /tmp/ccARTLvG.s 			page 47


 1242 098c A10414B0 		.ascii	"\241\004\024\260\302\221\004z\026/K\264\307\254\210"
 1242      C291047A 
 1242      162F4BB4 
 1242      C7AC88
 1243 099b 77AC5C16 		.ascii	"w\254\\\026\343\320EY\230\373\272\250Y\274\231\311\233"
 1243      E3D04559 
 1243      98FBBAA8 
 1243      59BC99C9 
 1243      9B
 1244 09ac F759E31B 		.ascii	"\367Y\343\0335s\236\305\276tQ\342b:\313j\025fE[\255"
 1244      35739EC5 
 1244      BE7451E2 
 1244      623ACB6A 
 1244      1566455B 
 1245 09c1 7461A495 		.ascii	"ta\244\225\316\005\262X\347\000\315\023\346Y>\264\376"
 1245      CE05B258 
 1245      E700CD13 
 1245      E6593EB4 
 1245      FE
 1246 09d2 DDD39D38 		.ascii	"\335\323\2358{R\222}\2519>\331a\266\314\217\236\033"
 1246      7B52927D 
 1246      A9393ED9 
 1246      61B6CC8F 
 1246      9E1B
 1247 09e4 0D5E71C7 		.ascii	"\015^q\307f\207''\233\025\027\026\205\207MM\376\024"
 1247      66872727 
 1247      9B151716 
 1247      85874D4D 
 1247      FE14
 1248 09f6 3C32323F 		.ascii	"<22?c>\372\357\262\370\310\370ER\242\235-#\321\026\343"
 1248      633EFAEF 
 1248      B2F8C8F8 
 1248      4552A29D 
 1248      2D23D116 
 1249 0a0b 30F26E52 		.ascii	"0\362nR\354\212\177\3078\304D{\222\335\026\017\353\017"
 1249      EC8A7FC7 
 1249      38C4447B 
 1249      92DD160F 
 1249      EB0F
 1250 0a1d 9F86C4D8 		.ascii	"\237\206\304\330\345I\237M\177+\011Iq\000\210O~+i*\362"
 1250      E5499F4D 
 1250      7F2B0949 
 1250      7100884F 
 1250      7E2B692A 
 1251 0a32 73AD3126 		.ascii	"s\2551&qi\242\343\317E'\016\215\037\326\002\261Y\274"
 1251      7169A2E3 
 1251      CF45270E 
 1251      8D1FD602 
 1251      B159BC
 1252 0a45 DCBE7219 		.ascii	"\334\276r\031\263\252g\301\1777\306\021 \020A\024\021"
 1252      B3AA67C1 
 1252      7F37C611 
 1252      20104114 
 1252      11
 1253 0a56 D58BEA63 		.ascii	"\325\213\352c0\211q\213\026;b?\235\022\246\343\035a"
 1253      3089718B 
 1253      163B623F 
ARM GAS  /tmp/ccARTLvG.s 			page 48


 1253      9D12A6E3 
 1253      1D61
 1254 0a68 56A4C5AA 		.ascii	"V\244\305\252\237\0315+\374\375\005J\033\001\255n\346"
 1254      9F19352B 
 1254      FCFD054A 
 1254      1B01AD6E 
 1254      E6
 1255 0a79 9C59D088 		.ascii	"\234Y\320\210l\330\032\375\221\322\211`\035j\231k\025"
 1255      6CD81AFD 
 1255      91D28960 
 1255      1D6A996B 
 1255      15
 1256 0a8a 2CB33FB0 		.ascii	",\263?\260\022\013\364\243\255\006\253\305\342\212\304"
 1256      120BF4A3 
 1256      AD06ABC5 
 1256      E28AC4
 1257 0a99 FF00C973 		.ascii	"\377\000\311s\321J"
 1257      D14A
 1258              		.text
 1259              		.section	.gnu.lto_.symtab.16d263c7fad461e6,"e",%progbits
 1260 0000 5F70616C 		.ascii	"_pal_lld_init\000"
 1260      5F6C6C64 
 1260      5F696E69 
 1260      7400
 1261 000e 00       		.ascii	"\000"
 1262 000f 00       		.ascii	"\000"
 1263 0010 00       		.ascii	"\000"
 1264 0011 00000000 		.ascii	"\000\000\000\000\000\000\000\000"
 1264      00000000 
 1265 0019 03010000 		.ascii	"\003\001\000\000"
 1266 001d 5F70616C 		.ascii	"_pal_lld_setgroupmode\000"
 1266      5F6C6C64 
 1266      5F736574 
 1266      67726F75 
 1266      706D6F64 
 1267 0033 00       		.ascii	"\000"
 1268 0034 00       		.ascii	"\000"
 1269 0035 00       		.ascii	"\000"
 1270 0036 00000000 		.ascii	"\000\000\000\000\000\000\000\000"
 1270      00000000 
 1271 003e 0D010000 		.ascii	"\015\001\000\000"
 1272              		.text
 1273              		.section	.gnu.lto_.ext_symtab.16d263c7fad461e6,"e",%progbits
 1274 0000 01       		.ascii	"\001"
 1275 0001 01       		.ascii	"\001"
 1276 0002 00       		.ascii	"\000"
 1277 0003 01       		.ascii	"\001"
 1278 0004 00       		.ascii	"\000"
 1279              		.text
 1280              		.section	.gnu.lto_.opts,"e",%progbits
 1281 0000 272D666E 		.ascii	"'-fno-openmp' '-fno-openacc' '-fno-pie' '-g' '-mcpu"
 1281      6F2D6F70 
 1281      656E6D70 
 1281      2720272D 
 1281      666E6F2D 
 1282 0033 3D636F72 		.ascii	"=cortex-m3' '-mno-thumb-interwork' '-mthumb' '-mflo"
 1282      7465782D 
ARM GAS  /tmp/ccARTLvG.s 			page 49


 1282      6D332720 
 1282      272D6D6E 
 1282      6F2D7468 
 1283 0066 61742D61 		.ascii	"at-abi=soft' '-march=armv7-m' '-Os' '-fomit-frame-p"
 1283      62693D73 
 1283      6F667427 
 1283      20272D6D 
 1283      61726368 
 1284 0099 6F696E74 		.ascii	"ointer' '-falign-functions=16' '-ffunction-sections"
 1284      65722720 
 1284      272D6661 
 1284      6C69676E 
 1284      2D66756E 
 1285 00cc 2720272D 		.ascii	"' '-fdata-sections' '-fno-common' '-flto' '-Xassemb"
 1285      66646174 
 1285      612D7365 
 1285      6374696F 
 1285      6E732720 
 1286 00ff 6C657227 		.ascii	"ler' '-alms=build/lst/hal_pal_lld.lst'\000"
 1286      20272D61 
 1286      6C6D733D 
 1286      6275696C 
 1286      642F6C73 
 1287              		.text
 1288              		.comm	__gnu_lto_slim,1,1
 1289              		.ident	"GCC: (Fedora 10.2.0-4.fc34) 10.2.0"
ARM GAS  /tmp/ccARTLvG.s 			page 50


DEFINED SYMBOLS
                            *ABS*:0000000000000000 hal_pal_lld.c
     /tmp/ccARTLvG.s:21     .gnu.debuglto_.debug_info:0000000000000000 hal_pal_lld.c.cd4e4a65
                            *COM*:0000000000000001 __gnu_lto_slim

NO UNDEFINED SYMBOLS
