ARM GAS  /tmp/ccwMB6n2.s 			page 1


   1              		.cpu cortex-m3
   2              		.eabi_attribute 20, 1
   3              		.eabi_attribute 21, 1
   4              		.eabi_attribute 23, 3
   5              		.eabi_attribute 24, 1
   6              		.eabi_attribute 25, 1
   7              		.eabi_attribute 26, 1
   8              		.eabi_attribute 30, 4
   9              		.eabi_attribute 34, 1
  10              		.eabi_attribute 18, 4
  11              		.file	"hal_lld.c"
  12              		.file 1 "/usr/arm-none-eabi/include/machine/_default_types.h"
  13              		.file 2 "/usr/arm-none-eabi/include/sys/_stdint.h"
  14              		.file 3 "../ChibiOS/os/common/ext/CMSIS/ST/STM32F1xx/stm32f103xb.h"
  15              		.file 4 "/usr/lib/gcc/arm-none-eabi/10.2.0/include/stddef.h"
  16              		.file 5 "../ChibiOS/os/hal/ports/STM32/STM32F1xx/hal_lld.c"
  17              		.file 6 "../ChibiOS/os/common/ext/CMSIS/ST/STM32F1xx/system_stm32f1xx.h"
  18              		.section	.gnu.debuglto_.debug_info,"e",%progbits
  19              	.Ldebug_info0:
  20              		.hidden	hal_lld.c.9d773907
  21              		.weak	hal_lld.c.9d773907
  22              	hal_lld.c.9d773907:
  23 0000 33020000 		.4byte	0x233
  24 0004 0400     		.2byte	0x4
  25 0006 00000000 		.4byte	.Ldebug_abbrev0
  26 000a 04       		.byte	0x4
  27 000b 01       		.uleb128 0x1
  28 000c 7E000000 		.4byte	.LASF31
  29 0010 0C       		.byte	0xc
  30 0011 E8010000 		.4byte	.LASF32
  31 0015 44010000 		.4byte	.LASF33
  32 0019 00000000 		.4byte	.Ldebug_line0
  33 001d 02       		.uleb128 0x2
  34 001e 01       		.byte	0x1
  35 001f 06       		.byte	0x6
  36 0020 89020000 		.4byte	.LASF0
  37 0024 02       		.uleb128 0x2
  38 0025 01       		.byte	0x1
  39 0026 08       		.byte	0x8
  40 0027 5E000000 		.4byte	.LASF1
  41 002b 02       		.uleb128 0x2
  42 002c 02       		.byte	0x2
  43 002d 05       		.byte	0x5
  44 002e 44020000 		.4byte	.LASF2
  45 0032 02       		.uleb128 0x2
  46 0033 02       		.byte	0x2
  47 0034 07       		.byte	0x7
  48 0035 95020000 		.4byte	.LASF3
  49 0039 02       		.uleb128 0x2
  50 003a 04       		.byte	0x4
  51 003b 05       		.byte	0x5
  52 003c 74020000 		.4byte	.LASF4
  53 0040 03       		.uleb128 0x3
  54 0041 A4010000 		.4byte	.LASF9
  55 0045 01       		.byte	0x1
  56 0046 4F       		.byte	0x4f
  57 0047 19       		.byte	0x19
ARM GAS  /tmp/ccwMB6n2.s 			page 2


  58 0048 4C000000 		.4byte	0x4c
  59 004c 02       		.uleb128 0x2
  60 004d 04       		.byte	0x4
  61 004e 07       		.byte	0x7
  62 004f 6C000000 		.4byte	.LASF5
  63 0053 02       		.uleb128 0x2
  64 0054 08       		.byte	0x8
  65 0055 05       		.byte	0x5
  66 0056 00000000 		.4byte	.LASF6
  67 005a 02       		.uleb128 0x2
  68 005b 08       		.byte	0x8
  69 005c 07       		.byte	0x7
  70 005d 3E000000 		.4byte	.LASF7
  71 0061 04       		.uleb128 0x4
  72 0062 04       		.byte	0x4
  73 0063 05       		.byte	0x5
  74 0064 696E7400 		.ascii	"int\000"
  75 0068 02       		.uleb128 0x2
  76 0069 04       		.byte	0x4
  77 006a 07       		.byte	0x7
  78 006b DB010000 		.4byte	.LASF8
  79 006f 03       		.uleb128 0x3
  80 0070 6B020000 		.4byte	.LASF10
  81 0074 02       		.byte	0x2
  82 0075 30       		.byte	0x30
  83 0076 14       		.byte	0x14
  84 0077 40000000 		.4byte	0x40
  85 007b 05       		.uleb128 0x5
  86 007c 6F000000 		.4byte	0x6f
  87 0080 06       		.uleb128 0x6
  88 0081 27020000 		.4byte	.LASF34
  89 0085 06       		.byte	0x6
  90 0086 45       		.byte	0x45
  91 0087 11       		.byte	0x11
  92 0088 6F000000 		.4byte	0x6f
  93 008c 07       		.uleb128 0x7
  94 008d 24       		.byte	0x24
  95 008e 03       		.byte	0x3
  96 008f 5801     		.2byte	0x158
  97 0091 09       		.byte	0x9
  98 0092 12010000 		.4byte	0x112
  99 0096 08       		.uleb128 0x8
 100 0097 41435200 		.ascii	"ACR\000"
 101 009b 03       		.byte	0x3
 102 009c 5A01     		.2byte	0x15a
 103 009e 11       		.byte	0x11
 104 009f 7B000000 		.4byte	0x7b
 105 00a3 00       		.byte	0
 106 00a4 09       		.uleb128 0x9
 107 00a5 1F000000 		.4byte	.LASF11
 108 00a9 03       		.byte	0x3
 109 00aa 5B01     		.2byte	0x15b
 110 00ac 11       		.byte	0x11
 111 00ad 7B000000 		.4byte	0x7b
 112 00b1 04       		.byte	0x4
 113 00b2 09       		.uleb128 0x9
 114 00b3 87010000 		.4byte	.LASF12
ARM GAS  /tmp/ccwMB6n2.s 			page 3


 115 00b7 03       		.byte	0x3
 116 00b8 5C01     		.2byte	0x15c
 117 00ba 11       		.byte	0x11
 118 00bb 7B000000 		.4byte	0x7b
 119 00bf 08       		.byte	0x8
 120 00c0 08       		.uleb128 0x8
 121 00c1 535200   		.ascii	"SR\000"
 122 00c4 03       		.byte	0x3
 123 00c5 5D01     		.2byte	0x15d
 124 00c7 11       		.byte	0x11
 125 00c8 7B000000 		.4byte	0x7b
 126 00cc 0C       		.byte	0xc
 127 00cd 08       		.uleb128 0x8
 128 00ce 435200   		.ascii	"CR\000"
 129 00d1 03       		.byte	0x3
 130 00d2 5E01     		.2byte	0x15e
 131 00d4 11       		.byte	0x11
 132 00d5 7B000000 		.4byte	0x7b
 133 00d9 10       		.byte	0x10
 134 00da 08       		.uleb128 0x8
 135 00db 415200   		.ascii	"AR\000"
 136 00de 03       		.byte	0x3
 137 00df 5F01     		.2byte	0x15f
 138 00e1 11       		.byte	0x11
 139 00e2 7B000000 		.4byte	0x7b
 140 00e6 14       		.byte	0x14
 141 00e7 09       		.uleb128 0x9
 142 00e8 9B010000 		.4byte	.LASF13
 143 00ec 03       		.byte	0x3
 144 00ed 6001     		.2byte	0x160
 145 00ef 11       		.byte	0x11
 146 00f0 7B000000 		.4byte	0x7b
 147 00f4 18       		.byte	0x18
 148 00f5 08       		.uleb128 0x8
 149 00f6 4F425200 		.ascii	"OBR\000"
 150 00fa 03       		.byte	0x3
 151 00fb 6101     		.2byte	0x161
 152 00fd 11       		.byte	0x11
 153 00fe 7B000000 		.4byte	0x7b
 154 0102 1C       		.byte	0x1c
 155 0103 09       		.uleb128 0x9
 156 0104 39000000 		.4byte	.LASF14
 157 0108 03       		.byte	0x3
 158 0109 6201     		.2byte	0x162
 159 010b 11       		.byte	0x11
 160 010c 7B000000 		.4byte	0x7b
 161 0110 20       		.byte	0x20
 162 0111 00       		.byte	0
 163 0112 0A       		.uleb128 0xa
 164 0113 24000000 		.4byte	.LASF15
 165 0117 03       		.byte	0x3
 166 0118 6301     		.2byte	0x163
 167 011a 03       		.byte	0x3
 168 011b 8C000000 		.4byte	0x8c
 169 011f 07       		.uleb128 0x7
 170 0120 08       		.byte	0x8
 171 0121 03       		.byte	0x3
ARM GAS  /tmp/ccwMB6n2.s 			page 4


 172 0122 B101     		.2byte	0x1b1
 173 0124 09       		.byte	0x9
 174 0125 45010000 		.4byte	0x145
 175 0129 08       		.uleb128 0x8
 176 012a 435200   		.ascii	"CR\000"
 177 012d 03       		.byte	0x3
 178 012e B301     		.2byte	0x1b3
 179 0130 11       		.byte	0x11
 180 0131 7B000000 		.4byte	0x7b
 181 0135 00       		.byte	0
 182 0136 08       		.uleb128 0x8
 183 0137 43535200 		.ascii	"CSR\000"
 184 013b 03       		.byte	0x3
 185 013c B401     		.2byte	0x1b4
 186 013e 11       		.byte	0x11
 187 013f 7B000000 		.4byte	0x7b
 188 0143 04       		.byte	0x4
 189 0144 00       		.byte	0
 190 0145 0A       		.uleb128 0xa
 191 0146 8F010000 		.4byte	.LASF16
 192 014a 03       		.byte	0x3
 193 014b B501     		.2byte	0x1b5
 194 014d 03       		.byte	0x3
 195 014e 1F010000 		.4byte	0x11f
 196 0152 07       		.uleb128 0x7
 197 0153 28       		.byte	0x28
 198 0154 03       		.byte	0x3
 199 0155 BB01     		.2byte	0x1bb
 200 0157 09       		.byte	0x9
 201 0158 E8010000 		.4byte	0x1e8
 202 015c 08       		.uleb128 0x8
 203 015d 435200   		.ascii	"CR\000"
 204 0160 03       		.byte	0x3
 205 0161 BD01     		.2byte	0x1bd
 206 0163 11       		.byte	0x11
 207 0164 7B000000 		.4byte	0x7b
 208 0168 00       		.byte	0
 209 0169 09       		.uleb128 0x9
 210 016a 1A000000 		.4byte	.LASF17
 211 016e 03       		.byte	0x3
 212 016f BE01     		.2byte	0x1be
 213 0171 11       		.byte	0x11
 214 0172 7B000000 		.4byte	0x7b
 215 0176 04       		.byte	0x4
 216 0177 08       		.uleb128 0x8
 217 0178 43495200 		.ascii	"CIR\000"
 218 017c 03       		.byte	0x3
 219 017d BF01     		.2byte	0x1bf
 220 017f 11       		.byte	0x11
 221 0180 7B000000 		.4byte	0x7b
 222 0184 08       		.byte	0x8
 223 0185 09       		.uleb128 0x9
 224 0186 D2010000 		.4byte	.LASF18
 225 018a 03       		.byte	0x3
 226 018b C001     		.2byte	0x1c0
 227 018d 11       		.byte	0x11
 228 018e 7B000000 		.4byte	0x7b
ARM GAS  /tmp/ccwMB6n2.s 			page 5


 229 0192 0C       		.byte	0xc
 230 0193 09       		.uleb128 0x9
 231 0194 55000000 		.4byte	.LASF19
 232 0198 03       		.byte	0x3
 233 0199 C101     		.2byte	0x1c1
 234 019b 11       		.byte	0x11
 235 019c 7B000000 		.4byte	0x7b
 236 01a0 10       		.byte	0x10
 237 01a1 09       		.uleb128 0x9
 238 01a2 32000000 		.4byte	.LASF20
 239 01a6 03       		.byte	0x3
 240 01a7 C201     		.2byte	0x1c2
 241 01a9 11       		.byte	0x11
 242 01aa 7B000000 		.4byte	0x7b
 243 01ae 14       		.byte	0x14
 244 01af 09       		.uleb128 0x9
 245 01b0 1F020000 		.4byte	.LASF21
 246 01b4 03       		.byte	0x3
 247 01b5 C301     		.2byte	0x1c3
 248 01b7 11       		.byte	0x11
 249 01b8 7B000000 		.4byte	0x7b
 250 01bc 18       		.byte	0x18
 251 01bd 09       		.uleb128 0x9
 252 01be CA010000 		.4byte	.LASF22
 253 01c2 03       		.byte	0x3
 254 01c3 C401     		.2byte	0x1c4
 255 01c5 11       		.byte	0x11
 256 01c6 7B000000 		.4byte	0x7b
 257 01ca 1C       		.byte	0x1c
 258 01cb 09       		.uleb128 0x9
 259 01cc 0E000000 		.4byte	.LASF23
 260 01d0 03       		.byte	0x3
 261 01d1 C501     		.2byte	0x1c5
 262 01d3 11       		.byte	0x11
 263 01d4 7B000000 		.4byte	0x7b
 264 01d8 20       		.byte	0x20
 265 01d9 08       		.uleb128 0x8
 266 01da 43535200 		.ascii	"CSR\000"
 267 01de 03       		.byte	0x3
 268 01df C601     		.2byte	0x1c6
 269 01e1 11       		.byte	0x11
 270 01e2 7B000000 		.4byte	0x7b
 271 01e6 24       		.byte	0x24
 272 01e7 00       		.byte	0
 273 01e8 0A       		.uleb128 0xa
 274 01e9 5F020000 		.4byte	.LASF24
 275 01ed 03       		.byte	0x3
 276 01ee C901     		.2byte	0x1c9
 277 01f0 03       		.byte	0x3
 278 01f1 52010000 		.4byte	0x152
 279 01f5 03       		.uleb128 0x3
 280 01f6 13000000 		.4byte	.LASF25
 281 01fa 04       		.byte	0x4
 282 01fb D1       		.byte	0xd1
 283 01fc 17       		.byte	0x17
 284 01fd 68000000 		.4byte	0x68
 285 0201 02       		.uleb128 0x2
ARM GAS  /tmp/ccwMB6n2.s 			page 6


 286 0202 08       		.byte	0x8
 287 0203 04       		.byte	0x4
 288 0204 7D020000 		.4byte	.LASF26
 289 0208 02       		.uleb128 0x2
 290 0209 01       		.byte	0x1
 291 020a 08       		.byte	0x8
 292 020b 1A020000 		.4byte	.LASF27
 293 020f 02       		.uleb128 0x2
 294 0210 01       		.byte	0x1
 295 0211 02       		.byte	0x2
 296 0212 A8020000 		.4byte	.LASF28
 297 0216 0B       		.uleb128 0xb
 298 0217 80000000 		.4byte	0x80
 299 021b 05       		.byte	0x5
 300 021c 27       		.byte	0x27
 301 021d 0A       		.byte	0xa
 302 021e 0C       		.uleb128 0xc
 303 021f 4E020000 		.4byte	.LASF29
 304 0223 05       		.byte	0x5
 305 0224 A9       		.byte	0xa9
 306 0225 06       		.byte	0x6
 307 0226 0C       		.uleb128 0xc
 308 0227 37020000 		.4byte	.LASF30
 309 022b 05       		.byte	0x5
 310 022c 84       		.byte	0x84
 311 022d 06       		.byte	0x6
 312 022e 0D       		.uleb128 0xd
 313 022f AF010000 		.4byte	.LASF35
 314 0233 05       		.byte	0x5
 315 0234 36       		.byte	0x36
 316 0235 0D       		.byte	0xd
 317 0236 00       		.byte	0
 318              		.section	.gnu.debuglto_.debug_abbrev,"e",%progbits
 319              	.Ldebug_abbrev0:
 320 0000 01       		.uleb128 0x1
 321 0001 11       		.uleb128 0x11
 322 0002 01       		.byte	0x1
 323 0003 25       		.uleb128 0x25
 324 0004 0E       		.uleb128 0xe
 325 0005 13       		.uleb128 0x13
 326 0006 0B       		.uleb128 0xb
 327 0007 03       		.uleb128 0x3
 328 0008 0E       		.uleb128 0xe
 329 0009 1B       		.uleb128 0x1b
 330 000a 0E       		.uleb128 0xe
 331 000b 10       		.uleb128 0x10
 332 000c 17       		.uleb128 0x17
 333 000d 00       		.byte	0
 334 000e 00       		.byte	0
 335 000f 02       		.uleb128 0x2
 336 0010 24       		.uleb128 0x24
 337 0011 00       		.byte	0
 338 0012 0B       		.uleb128 0xb
 339 0013 0B       		.uleb128 0xb
 340 0014 3E       		.uleb128 0x3e
 341 0015 0B       		.uleb128 0xb
 342 0016 03       		.uleb128 0x3
ARM GAS  /tmp/ccwMB6n2.s 			page 7


 343 0017 0E       		.uleb128 0xe
 344 0018 00       		.byte	0
 345 0019 00       		.byte	0
 346 001a 03       		.uleb128 0x3
 347 001b 16       		.uleb128 0x16
 348 001c 00       		.byte	0
 349 001d 03       		.uleb128 0x3
 350 001e 0E       		.uleb128 0xe
 351 001f 3A       		.uleb128 0x3a
 352 0020 0B       		.uleb128 0xb
 353 0021 3B       		.uleb128 0x3b
 354 0022 0B       		.uleb128 0xb
 355 0023 39       		.uleb128 0x39
 356 0024 0B       		.uleb128 0xb
 357 0025 49       		.uleb128 0x49
 358 0026 13       		.uleb128 0x13
 359 0027 00       		.byte	0
 360 0028 00       		.byte	0
 361 0029 04       		.uleb128 0x4
 362 002a 24       		.uleb128 0x24
 363 002b 00       		.byte	0
 364 002c 0B       		.uleb128 0xb
 365 002d 0B       		.uleb128 0xb
 366 002e 3E       		.uleb128 0x3e
 367 002f 0B       		.uleb128 0xb
 368 0030 03       		.uleb128 0x3
 369 0031 08       		.uleb128 0x8
 370 0032 00       		.byte	0
 371 0033 00       		.byte	0
 372 0034 05       		.uleb128 0x5
 373 0035 35       		.uleb128 0x35
 374 0036 00       		.byte	0
 375 0037 49       		.uleb128 0x49
 376 0038 13       		.uleb128 0x13
 377 0039 00       		.byte	0
 378 003a 00       		.byte	0
 379 003b 06       		.uleb128 0x6
 380 003c 34       		.uleb128 0x34
 381 003d 00       		.byte	0
 382 003e 03       		.uleb128 0x3
 383 003f 0E       		.uleb128 0xe
 384 0040 3A       		.uleb128 0x3a
 385 0041 0B       		.uleb128 0xb
 386 0042 3B       		.uleb128 0x3b
 387 0043 0B       		.uleb128 0xb
 388 0044 39       		.uleb128 0x39
 389 0045 0B       		.uleb128 0xb
 390 0046 49       		.uleb128 0x49
 391 0047 13       		.uleb128 0x13
 392 0048 3F       		.uleb128 0x3f
 393 0049 19       		.uleb128 0x19
 394 004a 3C       		.uleb128 0x3c
 395 004b 19       		.uleb128 0x19
 396 004c 00       		.byte	0
 397 004d 00       		.byte	0
 398 004e 07       		.uleb128 0x7
 399 004f 13       		.uleb128 0x13
ARM GAS  /tmp/ccwMB6n2.s 			page 8


 400 0050 01       		.byte	0x1
 401 0051 0B       		.uleb128 0xb
 402 0052 0B       		.uleb128 0xb
 403 0053 3A       		.uleb128 0x3a
 404 0054 0B       		.uleb128 0xb
 405 0055 3B       		.uleb128 0x3b
 406 0056 05       		.uleb128 0x5
 407 0057 39       		.uleb128 0x39
 408 0058 0B       		.uleb128 0xb
 409 0059 01       		.uleb128 0x1
 410 005a 13       		.uleb128 0x13
 411 005b 00       		.byte	0
 412 005c 00       		.byte	0
 413 005d 08       		.uleb128 0x8
 414 005e 0D       		.uleb128 0xd
 415 005f 00       		.byte	0
 416 0060 03       		.uleb128 0x3
 417 0061 08       		.uleb128 0x8
 418 0062 3A       		.uleb128 0x3a
 419 0063 0B       		.uleb128 0xb
 420 0064 3B       		.uleb128 0x3b
 421 0065 05       		.uleb128 0x5
 422 0066 39       		.uleb128 0x39
 423 0067 0B       		.uleb128 0xb
 424 0068 49       		.uleb128 0x49
 425 0069 13       		.uleb128 0x13
 426 006a 38       		.uleb128 0x38
 427 006b 0B       		.uleb128 0xb
 428 006c 00       		.byte	0
 429 006d 00       		.byte	0
 430 006e 09       		.uleb128 0x9
 431 006f 0D       		.uleb128 0xd
 432 0070 00       		.byte	0
 433 0071 03       		.uleb128 0x3
 434 0072 0E       		.uleb128 0xe
 435 0073 3A       		.uleb128 0x3a
 436 0074 0B       		.uleb128 0xb
 437 0075 3B       		.uleb128 0x3b
 438 0076 05       		.uleb128 0x5
 439 0077 39       		.uleb128 0x39
 440 0078 0B       		.uleb128 0xb
 441 0079 49       		.uleb128 0x49
 442 007a 13       		.uleb128 0x13
 443 007b 38       		.uleb128 0x38
 444 007c 0B       		.uleb128 0xb
 445 007d 00       		.byte	0
 446 007e 00       		.byte	0
 447 007f 0A       		.uleb128 0xa
 448 0080 16       		.uleb128 0x16
 449 0081 00       		.byte	0
 450 0082 03       		.uleb128 0x3
 451 0083 0E       		.uleb128 0xe
 452 0084 3A       		.uleb128 0x3a
 453 0085 0B       		.uleb128 0xb
 454 0086 3B       		.uleb128 0x3b
 455 0087 05       		.uleb128 0x5
 456 0088 39       		.uleb128 0x39
ARM GAS  /tmp/ccwMB6n2.s 			page 9


 457 0089 0B       		.uleb128 0xb
 458 008a 49       		.uleb128 0x49
 459 008b 13       		.uleb128 0x13
 460 008c 00       		.byte	0
 461 008d 00       		.byte	0
 462 008e 0B       		.uleb128 0xb
 463 008f 34       		.uleb128 0x34
 464 0090 00       		.byte	0
 465 0091 47       		.uleb128 0x47
 466 0092 13       		.uleb128 0x13
 467 0093 3A       		.uleb128 0x3a
 468 0094 0B       		.uleb128 0xb
 469 0095 3B       		.uleb128 0x3b
 470 0096 0B       		.uleb128 0xb
 471 0097 39       		.uleb128 0x39
 472 0098 0B       		.uleb128 0xb
 473 0099 00       		.byte	0
 474 009a 00       		.byte	0
 475 009b 0C       		.uleb128 0xc
 476 009c 2E       		.uleb128 0x2e
 477 009d 00       		.byte	0
 478 009e 3F       		.uleb128 0x3f
 479 009f 19       		.uleb128 0x19
 480 00a0 03       		.uleb128 0x3
 481 00a1 0E       		.uleb128 0xe
 482 00a2 3A       		.uleb128 0x3a
 483 00a3 0B       		.uleb128 0xb
 484 00a4 3B       		.uleb128 0x3b
 485 00a5 0B       		.uleb128 0xb
 486 00a6 39       		.uleb128 0x39
 487 00a7 0B       		.uleb128 0xb
 488 00a8 27       		.uleb128 0x27
 489 00a9 19       		.uleb128 0x19
 490 00aa 00       		.byte	0
 491 00ab 00       		.byte	0
 492 00ac 0D       		.uleb128 0xd
 493 00ad 2E       		.uleb128 0x2e
 494 00ae 00       		.byte	0
 495 00af 03       		.uleb128 0x3
 496 00b0 0E       		.uleb128 0xe
 497 00b1 3A       		.uleb128 0x3a
 498 00b2 0B       		.uleb128 0xb
 499 00b3 3B       		.uleb128 0x3b
 500 00b4 0B       		.uleb128 0xb
 501 00b5 39       		.uleb128 0x39
 502 00b6 0B       		.uleb128 0xb
 503 00b7 27       		.uleb128 0x27
 504 00b8 19       		.uleb128 0x19
 505 00b9 00       		.byte	0
 506 00ba 00       		.byte	0
 507 00bb 00       		.byte	0
 508              		.section	.gnu.debuglto_.debug_line,"e",%progbits
 509              	.Ldebug_line0:
 510 0000 3B010000 		.4byte	.LELT0-.LSLT0
 511              	.LSLT0:
 512 0004 0400     		.2byte	0x4
 513 0006 35010000 		.4byte	.LELTP0-.LASLTP0
ARM GAS  /tmp/ccwMB6n2.s 			page 10


 514              	.LASLTP0:
 515 000a 01       		.byte	0x1
 516 000b 01       		.byte	0x1
 517 000c 01       		.byte	0x1
 518 000d F6       		.byte	0xf6
 519 000e F2       		.byte	0xf2
 520 000f 0D       		.byte	0xd
 521 0010 00       		.byte	0
 522 0011 01       		.byte	0x1
 523 0012 01       		.byte	0x1
 524 0013 01       		.byte	0x1
 525 0014 01       		.byte	0x1
 526 0015 00       		.byte	0
 527 0016 00       		.byte	0
 528 0017 00       		.byte	0
 529 0018 01       		.byte	0x1
 530 0019 00       		.byte	0
 531 001a 00       		.byte	0
 532 001b 01       		.byte	0x1
 533 001c 2E2E2F43 		.ascii	"../ChibiOS/os/common/ext/CMSIS/ST/STM32F1xx"
 533      68696269 
 533      4F532F6F 
 533      732F636F 
 533      6D6D6F6E 
 534 0047 00       		.byte	0
 535 0048 2E2E2F43 		.ascii	"../ChibiOS/os/hal/ports/STM32/STM32F1xx"
 535      68696269 
 535      4F532F6F 
 535      732F6861 
 535      6C2F706F 
 536 006f 00       		.byte	0
 537 0070 2F757372 		.ascii	"/usr/arm-none-eabi/include/machine"
 537      2F61726D 
 537      2D6E6F6E 
 537      652D6561 
 537      62692F69 
 538 0092 00       		.byte	0
 539 0093 2F757372 		.ascii	"/usr/arm-none-eabi/include/sys"
 539      2F61726D 
 539      2D6E6F6E 
 539      652D6561 
 539      62692F69 
 540 00b1 00       		.byte	0
 541 00b2 2F757372 		.ascii	"/usr/lib/gcc/arm-none-eabi/10.2.0/include"
 541      2F6C6962 
 541      2F676363 
 541      2F61726D 
 541      2D6E6F6E 
 542 00db 00       		.byte	0
 543 00dc 00       		.byte	0
 544 00dd 5F646566 		.ascii	"_default_types.h\000"
 544      61756C74 
 544      5F747970 
 544      65732E68 
 544      00
 545 00ee 03       		.uleb128 0x3
 546 00ef 00       		.uleb128 0
ARM GAS  /tmp/ccwMB6n2.s 			page 11


 547 00f0 00       		.uleb128 0
 548 00f1 5F737464 		.ascii	"_stdint.h\000"
 548      696E742E 
 548      6800
 549 00fb 04       		.uleb128 0x4
 550 00fc 00       		.uleb128 0
 551 00fd 00       		.uleb128 0
 552 00fe 73746D33 		.ascii	"stm32f103xb.h\000"
 552      32663130 
 552      3378622E 
 552      6800
 553 010c 01       		.uleb128 0x1
 554 010d 00       		.uleb128 0
 555 010e 00       		.uleb128 0
 556 010f 73746464 		.ascii	"stddef.h\000"
 556      65662E68 
 556      00
 557 0118 05       		.uleb128 0x5
 558 0119 00       		.uleb128 0
 559 011a 00       		.uleb128 0
 560 011b 68616C5F 		.ascii	"hal_lld.c\000"
 560      6C6C642E 
 560      6300
 561 0125 02       		.uleb128 0x2
 562 0126 00       		.uleb128 0
 563 0127 00       		.uleb128 0
 564 0128 73797374 		.ascii	"system_stm32f1xx.h\000"
 564      656D5F73 
 564      746D3332 
 564      66317878 
 564      2E6800
 565 013b 01       		.uleb128 0x1
 566 013c 00       		.uleb128 0
 567 013d 00       		.uleb128 0
 568 013e 00       		.byte	0
 569              	.LELTP0:
 570              	.LELT0:
 571              		.section	.gnu.debuglto_.debug_str,"eMS",%progbits,1
 572              	.LASF6:
 573 0000 6C6F6E67 		.ascii	"long long int\000"
 573      206C6F6E 
 573      6720696E 
 573      7400
 574              	.LASF23:
 575 000e 42444352 		.ascii	"BDCR\000"
 575      00
 576              	.LASF25:
 577 0013 73697A65 		.ascii	"size_t\000"
 577      5F7400
 578              	.LASF17:
 579 001a 43464752 		.ascii	"CFGR\000"
 579      00
 580              	.LASF11:
 581 001f 4B455952 		.ascii	"KEYR\000"
 581      00
 582              	.LASF15:
 583 0024 464C4153 		.ascii	"FLASH_TypeDef\000"
ARM GAS  /tmp/ccwMB6n2.s 			page 12


 583      485F5479 
 583      70654465 
 583      6600
 584              	.LASF20:
 585 0032 41484245 		.ascii	"AHBENR\000"
 585      4E5200
 586              	.LASF14:
 587 0039 57525052 		.ascii	"WRPR\000"
 587      00
 588              	.LASF7:
 589 003e 6C6F6E67 		.ascii	"long long unsigned int\000"
 589      206C6F6E 
 589      6720756E 
 589      7369676E 
 589      65642069 
 590              	.LASF19:
 591 0055 41504231 		.ascii	"APB1RSTR\000"
 591      52535452 
 591      00
 592              	.LASF1:
 593 005e 756E7369 		.ascii	"unsigned char\000"
 593      676E6564 
 593      20636861 
 593      7200
 594              	.LASF5:
 595 006c 6C6F6E67 		.ascii	"long unsigned int\000"
 595      20756E73 
 595      69676E65 
 595      6420696E 
 595      7400
 596              	.LASF31:
 597 007e 474E5520 		.ascii	"GNU C17 10.2.0 -mcpu=cortex-m3 -mno-thumb-interwork"
 597      43313720 
 597      31302E32 
 597      2E30202D 
 597      6D637075 
 598 00b1 202D6D74 		.ascii	" -mthumb -mfloat-abi=soft -march=armv7-m -ggdb -Os "
 598      68756D62 
 598      202D6D66 
 598      6C6F6174 
 598      2D616269 
 599 00e4 2D666F6D 		.ascii	"-fomit-frame-pointer -falign-functions=16 -ffunctio"
 599      69742D66 
 599      72616D65 
 599      2D706F69 
 599      6E746572 
 600 0117 6E2D7365 		.ascii	"n-sections -fdata-sections -fno-common -flto\000"
 600      6374696F 
 600      6E73202D 
 600      66646174 
 600      612D7365 
 601              	.LASF33:
 602 0144 2F686F6D 		.ascii	"/home/fminucci/hardware/electrosense-converter-firm"
 602      652F666D 
 602      696E7563 
 602      63692F68 
 602      61726477 
ARM GAS  /tmp/ccwMB6n2.s 			page 13


 603 0177 77617265 		.ascii	"wareV2/firmware\000"
 603      56322F66 
 603      69726D77 
 603      61726500 
 604              	.LASF12:
 605 0187 4F50544B 		.ascii	"OPTKEYR\000"
 605      45595200 
 606              	.LASF16:
 607 018f 5057525F 		.ascii	"PWR_TypeDef\000"
 607      54797065 
 607      44656600 
 608              	.LASF13:
 609 019b 52455345 		.ascii	"RESERVED\000"
 609      52564544 
 609      00
 610              	.LASF9:
 611 01a4 5F5F7569 		.ascii	"__uint32_t\000"
 611      6E743332 
 611      5F7400
 612              	.LASF35:
 613 01af 68616C5F 		.ascii	"hal_lld_backup_domain_init\000"
 613      6C6C645F 
 613      6261636B 
 613      75705F64 
 613      6F6D6169 
 614              	.LASF22:
 615 01ca 41504231 		.ascii	"APB1ENR\000"
 615      454E5200 
 616              	.LASF18:
 617 01d2 41504232 		.ascii	"APB2RSTR\000"
 617      52535452 
 617      00
 618              	.LASF8:
 619 01db 756E7369 		.ascii	"unsigned int\000"
 619      676E6564 
 619      20696E74 
 619      00
 620              	.LASF32:
 621 01e8 2E2E2F43 		.ascii	"../ChibiOS/os/hal/ports/STM32/STM32F1xx/hal_lld.c\000"
 621      68696269 
 621      4F532F6F 
 621      732F6861 
 621      6C2F706F 
 622              	.LASF27:
 623 021a 63686172 		.ascii	"char\000"
 623      00
 624              	.LASF21:
 625 021f 41504232 		.ascii	"APB2ENR\000"
 625      454E5200 
 626              	.LASF34:
 627 0227 53797374 		.ascii	"SystemCoreClock\000"
 627      656D436F 
 627      7265436C 
 627      6F636B00 
 628              	.LASF30:
 629 0237 68616C5F 		.ascii	"hal_lld_init\000"
 629      6C6C645F 
ARM GAS  /tmp/ccwMB6n2.s 			page 14


 629      696E6974 
 629      00
 630              	.LASF2:
 631 0244 73686F72 		.ascii	"short int\000"
 631      7420696E 
 631      7400
 632              	.LASF29:
 633 024e 73746D33 		.ascii	"stm32_clock_init\000"
 633      325F636C 
 633      6F636B5F 
 633      696E6974 
 633      00
 634              	.LASF24:
 635 025f 5243435F 		.ascii	"RCC_TypeDef\000"
 635      54797065 
 635      44656600 
 636              	.LASF10:
 637 026b 75696E74 		.ascii	"uint32_t\000"
 637      33325F74 
 637      00
 638              	.LASF4:
 639 0274 6C6F6E67 		.ascii	"long int\000"
 639      20696E74 
 639      00
 640              	.LASF26:
 641 027d 6C6F6E67 		.ascii	"long double\000"
 641      20646F75 
 641      626C6500 
 642              	.LASF0:
 643 0289 7369676E 		.ascii	"signed char\000"
 643      65642063 
 643      68617200 
 644              	.LASF3:
 645 0295 73686F72 		.ascii	"short unsigned int\000"
 645      7420756E 
 645      7369676E 
 645      65642069 
 645      6E7400
 646              	.LASF28:
 647 02a8 5F426F6F 		.ascii	"_Bool\000"
 647      6C00
 648              		.text
 649              		.section	.gnu.lto_.profile.474c7743e96b983d,"e",%progbits
 650 0000 789C6362 		.ascii	"x\234cb\000\001\000\000\022\000\003"
 650      00010000 
 650      120003
 651              		.text
 652              		.section	.gnu.lto_.icf.474c7743e96b983d,"e",%progbits
 653 0000 789C9362 		.ascii	"x\234\223b@\000\026\206\271/\366]be\234\266}\322\033"
 653      40001686 
 653      B92FF65D 
 653      62659CB6 
 653      7DD21B
 654 0013 4EA6674F 		.ascii	"N\246gO\347\256fg\236\271l\362#>\006\000\2451\013\357"
 654      E7AE6667 
 654      9EB96CF2 
 654      233E0600 
ARM GAS  /tmp/ccwMB6n2.s 			page 15


 654      A5310BEF 
 655              		.text
 656              		.section	.gnu.lto_.jmpfuncs.474c7743e96b983d,"e",%progbits
 657 0000 789CE365 		.ascii	"x\234\343e@\000f f\0041\230\200\030\000\001\226\000"
 657      40006620 
 657      66043198 
 657      80180001 
 657      9600
 658 0012 14       		.ascii	"\024"
 659              		.text
 660              		.section	.gnu.lto_.ipa_sra.474c7743e96b983d,"e",%progbits
 661 0000 789CE367 		.ascii	"x\234\343g@\000f\006\006FF\0060d\002\022\000\002\023"
 661      40006606 
 661      06464606 
 661      30640212 
 661      000213
 662 0013 001B     		.ascii	"\000\033"
 663              		.text
 664              		.section	.gnu.lto_.inline.474c7743e96b983d,"e",%progbits
 665 0000 789C2B61 		.ascii	"x\234+a@\000f\006\006\266\206\206\206\003L\251\214\014"
 665      40006606 
 665      06B68686 
 665      86034CA9 
 665      8C0C
 666 0012 4C205603 		.ascii	"L V\003s\012D\250\201)\205\211\201\011\250\204\221A"
 666      730A44A8 
 666      81298589 
 666      8109A884 
 666      9141
 667 0024 10C89BC0 		.ascii	"\020\310\233\300\224\001T!\001V\221\206\256\202\213"
 667      94015421 
 667      01569186 
 667      AE828B
 668 0033 014E3231 		.ascii	"\001N21\030\277?\272\356\005s\026Pu\002\220\365\204"
 668      18BF3FBA 
 668      EE057316 
 668      50750290 
 668      F584
 669 0045 390B4D35 		.ascii	"9\013M5\003\000\016L\032\015"
 669      03000E4C 
 669      1A0D
 670              		.text
 671              		.section	.gnu.lto_.pureconst.474c7743e96b983d,"e",%progbits
 672 0000 789CE362 		.ascii	"x\234\343b```f\230\305\3028\213\205i\026\013\000\011"
 672      60606066 
 672      98C5C238 
 672      8B856916 
 672      0B0009
 673 0013 FA01EB   		.ascii	"\372\001\353"
 674              		.text
 675              		.section	.gnu.lto_.lto.474c7743e96b983d,"e",%progbits
 676 0000 09000000 		.ascii	"\011\000\000\000\001\000\000\000"
 676      01000000 
 677              		.text
 678              		.section	.gnu.lto_hal_lld_backup_domain_init.89.474c7743e96b983d,"e",%progbits
 679 0000 789C9590 		.ascii	"x\234\225\220?HBq\020\307\357\373\273\247I\321\036H"
 679      3F484271 
ARM GAS  /tmp/ccwMB6n2.s 			page 16


 679      10C7EFFB 
 679      BBA749D1 
 679      1E48
 680 0012 D0EAE233 		.ascii	"\320\352\3423\253=\010Z\"\032l\217\376\014\012\202\221"
 680      AB3D085A 
 680      221A6C8F 
 680      FE0C0A82 
 680      91
 681 0023 0D6EFE5E 		.ascii	"\015n\376^VB`\206\021\025\032T/\014\202\212\240\177"
 681      56426086 
 681      11151A54 
 681      2F0C828A 
 681      A07F
 682 0035 A683090D 		.ascii	"\246\203\011\015\255\315\021\321P\330P\321\\\331\357"
 682      ADCD11D1 
 682      50D850D1 
 682      5CD9EF
 683 0044 BD173877 		.ascii	"\275\0278wp\307\335\357\216\357\347~'A\324KD\235\312"
 683      70C7DDEF 
 683      8EEFE77E 
 683      2741D44B 
 683      449DCA
 684 0057 C10421A5 		.ascii	"\301\004!\245\354o1<\002\2603\351\001%\005\222X\345"
 684      EC6F313C 
 684      02B033E9 
 684      01250592 
 684      58E5
 685 0069 3CA3967E 		.ascii	"<\243\226~.\011\337\276\352\310\352\372}\237!\027:L"
 685      2E09DFBE 
 685      EAC8EAFA 
 685      7D9F2117 
 685      3A4C
 686 007b 26DA52EE 		.ascii	"&\332R\356\030N\341#R\223O'?k\355n\355\257\2053\270"
 686      184EE123 
 686      52934F27 
 686      3F6BED6E 
 686      EDAF8533 
 687 0090 4991E8F8 		.ascii	"I\221\350\370\316U\225_\215\254\224\365\241F\006.\220"
 687      CE55955F 
 687      8DAC94F5 
 687      A146062E 
 687      90
 688 00a1 C9105620 		.ascii	"\311\020V \3122Y\302\032d\225h\205\205S\030\252x\205"
 688      CA3259C2 
 688      1A649568 
 688      85855318 
 688      AA7885
 689 00b4 DC7DF1DA 		.ascii	"\334}\361\332\"o\250Un\355t\207\2418\313\251\367\007"
 689      226FA855 
 689      6EED7487 
 689      A138CBA9 
 689      F707
 690 00c6 4F8E4D16 		.ascii	"O\216M\026\260\260\205\372\3155;\245|4\244\246\2362"
 690      B0B085FA 
 690      CD353BA5 
 690      7C34A4A6 
 690      9E32
ARM GAS  /tmp/ccwMB6n2.s 			page 17


 691 00d8 8BF9CDB6 		.ascii	"\213\371\315\266\"\366\014%\327e2\343\002^\234\303k"
 691      22F60C25 
 691      D76532E3 
 691      025E9CC3 
 691      6B
 692 00e9 AF99F93E 		.ascii	"\257\231\371>l\264\006\216\344<L\326p\211\"\012\316"
 692      6CB4068E 
 692      E43C4CD6 
 692      7089220A 
 692      CE
 693 00fa C2250414 		.ascii	"\302%\004\024+\225K\303a\011\007wP\256o\010K_\235G\340"
 693      2B954BC3 
 693      61090777 
 693      50AE6F08 
 693      4B5F9D47 
 694 010f 4AA9A885 		.ascii	"J\251\250\205>\226\354\241\377\261\312MV\005\001\005"
 694      3E96ECA1 
 694      FFB1CA4D 
 694      56050105 
 695 011f A04FCC6D 		.ascii	"\240O\314m\253\233\330\337\264,\313h\336\203(\350\367"
 695      AB9BD8DF 
 695      B42CCB68 
 695      DE8328E8 
 695      F7
 696 0130 EB03E1C8 		.ascii	"\353\003\341\310Dd$\244\307\342zx<\252O\307ff\343zh"
 696      446424A4 
 696      C7E27A78 
 696      3CAA4FC7 
 696      6666E37A 
 697 0145 74B827E8 		.ascii	"t\270'\350\304\301\356D\302\352\214E\243S\376I\372\005"
 697      C4C1EE44 
 697      C2EA8C45 
 697      A353FE49 
 697      FA05
 698 0157 6A1D8B25 		.ascii	"j\035\213%"
 699              		.text
 700              		.section	.gnu.lto_hal_lld_init.90.474c7743e96b983d,"e",%progbits
 701 0000 789CAD94 		.ascii	"x\234\255\224\317KTQ\024\307\317\367\3357\343\233\""
 701      CF4B5451 
 701      14C7CFF7 
 701      DD37E39B 
 701      22
 702 0011 6C230412 		.ascii	"l#\004\022H;73/\353\017\010\202ZE\013\333G?\026\012"
 702      483B3733 
 702      2FEB0F08 
 702      825A450B 
 702      DB473F16 
 703 0026 0346B670 		.ascii	"\003F\266p\347}\316\370\203\010'4\373A\015\230/\254"
 703      E77DCEF8 
 703      83082734 
 703      FB410D98 
 703      2FAC
 704 0038 36455099 		.ascii	"6EP\2315\351k\324\264\232~\322\252E\213\202\212 5\333"
 704      35E96BD4 
 704      B49A7ED2 
 704      AA458B82 
 704      8A2035DB 
ARM GAS  /tmp/ccwMB6n2.s 			page 18


 705 004c 5939DD73 		.ascii	"Y9\335s\257\372\300\011\342U\027\336\341\334w\336\375"
 705      AFFAC009 
 705      E25517DE 
 705      E1DC77DE 
 705      FD
 706 005d 7EEEF7DC 		.ascii	"~\356\367\334\307\375n\023m'\242\315\352\201 XR\312"
 706      C7FD6E13 
 706      6D27A2CD 
 706      EA812058 
 706      52CA
 707 006f 1D559E63 		.ascii	"\035U\236c\001:\223\016\250\335B;\372\305y\201b\367"
 707      013A930E 
 707      A8DD423B 
 707      FAC57981 
 707      62F7
 708 0081 8751ABFE 		.ascii	"\207Q\253\376\262\252\310\340\314\331u]\262s\223/\210"
 708      B2AAC8E0 
 708      CCD9755D 
 708      B273932F 
 708      88
 709 0092 F2EA3103 		.ascii	"\362\3521\0037QO\244\276|wci`C\334^.\341\026\342\004"
 709      37514FA4 
 709      BE7C7763 
 709      696043DC 
 709      5E2EE116 
 710 00a8 955C7F15 		.ascii	"\225\\\177\025\013\344\217rN\312s\273?\016`#\310\027"
 710      0BE48F72 
 710      4ECA73BB 
 710      3F0E6023 
 710      C817
 711 00ba B038080E 		.ascii	"\2608\010\0166\2078\207\004\007\242\234 \206\331\220"
 711      36873887 
 711      0407A29C 
 711      2086D990 
 712 00ca 01D14961 		.ascii	"\001\321Ia\231\211\247&\237!\207\306O\011\255<\213b"
 712      9989A726 
 712      9F2187C6 
 712      4F09AD3C 
 712      8B62
 713 00dc 21C1D945 		.ascii	"!\301\331E\021W\354\336\314\334[\247O\370\302\002oe"
 713      1157ECDE 
 713      CCDC5BA7 
 713      4FF8C202 
 713      6F65
 714 00ee F17466AA 		.ascii	"\361tf\252\332L\345`\217\264\325\253\322\310\342W1\214"
 714      DA4CE560 
 714      8FB4D5AB 
 714      D2C8E257 
 714      318C
 715 0100 4B9E92AB 		.ascii	"K\236\222\253\363\205\300\010jq\033\265z\3533\023\237"
 715      F385C008 
 715      6A711BB5 
 715      7AEB3313 
 715      9F
 716 0111 5EC7DC6B 		.ascii	"^\307\334k2\013_\330\270\203a\\0&F\3412j\301aT4\225"
 716      320B5FD8 
 716      B883615C 
ARM GAS  /tmp/ccwMB6n2.s 			page 19


 716      302646E1 
 716      326AC161 
 717 0128 BBA1CA3D 		.ascii	"\273\241\312=\270\252\\\350\3729V\305\233\002\312jT"
 717      B8AA5CE8 
 717      FA3956C5 
 717      9B02CA6A 
 717      54
 718 0139 A3A0D629 		.ascii	"\243\240\326)O[V\014E\244x\\\263q?\344\214i\316j/l\020"
 718      4F5B560C 
 718      45A4785C 
 718      B3713FE4 
 718      8C69CE6A 
 719 0150 C60D6368 		.ascii	"\306\015ch\026\232\302\351\373\312\026&\242Y\0134\222"
 719      169AC2E9 
 719      FBCA1626 
 719      A2590B34 
 719      92
 720 0161 0F170FFE 		.ascii	"\017\027\017\376\276A\305Pe\002\356\177\352\306d(:\245"
 720      BE41C550 
 720      6502EE7F 
 720      EAC66428 
 720      3AA5
 721 0173 447F637F 		.ascii	"D\177c\177\256\322>\242m\374\241fX\314\230\326\3663"
 721      AED23EA2 
 721      6DFCA166 
 721      58CC98D6 
 721      F633
 722 0185 7DDD304A 		.ascii	"}\3350J\226\021\373rb\362\315zs\324\374\373\0023JH\001"
 722      9611FB72 
 722      62F2CD7A 
 722      73D4FCFB 
 722      02334A48 
 723 019a E78F237A 		.ascii	"\347\217#z\237\036\205\270\307p\025C\333X\012\035}\253"
 723      9F1E85B8 
 723      C7701543 
 723      DB580A1D 
 723      7DAB
 724 01ac 7424A221 		.ascii	"t$\242!\236\204\210\322\032G\266\021\353\354\355\231"
 724      9E8488D2 
 724      1A47B611 
 724      EBECED99 
 725 01bc 16AB8E02 		.ascii	"\026\253\216\002\302\323\177p\364,\304=gG\366ZG\345"
 725      C2D37F70 
 725      F42CC43D 
 725      6747F65A 
 725      47E5
 726 01ce 6547F3C8 		.ascii	"eG\363\310\324\351DI\344\257\224\312\211,:<\307\027"
 726      D4E94449 
 726      E4AF94CA 
 726      892C3A3C 
 726      C717
 727 01e0 B13C1F31 		.ascii	"\261<\0371^ \313\267\211Ys\265\346OK\024\020/W\226,"
 727      5E20CBB7 
 727      895973B5 
 727      E64F4B14 
 727      102F5796 
 728 01f5 A063505D 		.ascii	"\240cP]G\372S\0369\201\360\332!jH&S;\233\232\0176\357"
ARM GAS  /tmp/ccwMB6n2.s 			page 20


 728      47FA531E 
 728      3981F0DA 
 728      216A4826 
 728      533B9B9A 
 729 020c 6D4CB5B4 		.ascii	"mL\265\264\246\232\016\244SGZ\216\036kM5\356\333\263"
 729      A69A0EA4 
 729      53475A8E 
 729      1E6B4D35 
 729      EEDBB3
 730 021f ADC1C45D 		.ascii	"\255\301\304][\333\332\270\262?\235>\234<D\277\000\342"
 730      5BDBDAB8 
 730      B23F9D3E 
 730      9C3C44BF 
 730      00E2
 731 0231 8CA67D   		.ascii	"\214\246}"
 732              		.text
 733              		.section	.gnu.lto_stm32_clock_init.91.474c7743e96b983d,"e",%progbits
 734 0000 789CA557 		.ascii	"x\234\245WML\\U\024\276\347\375\314{3\363\346\177\240"
 734      4D4C5C55 
 734      14BEE7FD 
 734      CC7B33F3 
 734      E67FA0
 735 0013 FCD8EACA 		.ascii	"\374\330\352\312\244\033\300\352\242K'&\2722.\252kc"
 735      A41BC0EA 
 735      A24B2726 
 735      BA322EAA 
 735      6B63
 736 0025 75D12624 		.ascii	"u\321&$5\326Ew}H)j\024\020\003c\322\351\204:\246hHJ"
 736      35D64577 
 736      7D48296A 
 736      14100363 
 736      D2E9843A 
 737 003d 2CB6B4D2 		.ascii	",\266\264\322\026\244R\300b\255\224\212h\255\332j\371"
 737      16A452C0 
 737      62AD948A 
 737      68ADDA6A 
 737      F9
 738 004e 93F2DB10 		.ascii	"\223\362\333\020i\025\357y\3672\367\315\033\022}\016"
 738      6915EF79 
 738      F732F7CD 
 738      1B127D0E 
 739 005e 8B2F77E6 		.ascii	"\213/w\346\2369\347;\347\373\356\273\217a\203\220'\010"
 739      9E39E73B 
 739      E7FBEEBB 
 739      8F618390 
 739      2708
 740 0070 212F0021 		.ascii	"!/\000!PD@2M\363I\255F\227@\346+Y\212\217.\254\355T"
 740      50444032 
 740      4DF349AD 
 740      469740E6 
 740      2B598A8F 
 741 0088 4C9F72A2 		.ascii	"L\237r\242\261NSL#\316\367\022\012\250<H\225b<\310\303"
 741      B14E534C 
 741      23CEF712 
 741      0AA83C48 
 741      95623CC8 
 742 009d 83627C2F 		.ascii	"\203b|/\341\001\215\007iR\224\007\351<(\312\367\022"
ARM GAS  /tmp/ccwMB6n2.s 			page 21


 742      E1018D07 
 742      69529407 
 742      E93C28CA 
 742      F712
 743 00af 3A787990 		.ascii	":xy\220W\212\360 \037\017\212\360\275\204\017\374<\310"
 743      578AF020 
 743      1F0F8AF0 
 743      BD840FFC 
 743      3CC8
 744 00c1 2F857990 		.ascii	"/\205y\220\301\203\302|/a@\200\007\005\244\020\017\012"
 744      C183C27C 
 744      2F614080 
 744      0705A410 
 744      0F0A
 745 00d3 F2A010DF 		.ascii	"\362\240\020\337K\004\001\254\205\251\0039(\311qE\215"
 745      4B0401AC 
 745      85A90339 
 745      28C97145 
 745      8D
 746 00e4 79B4A8EE 		.ascii	"y\264\250\356\215\370\374a#\020\012\302AM&\342O\265"
 746      8DF8FC61 
 746      23100AC2 
 746      414D26E2 
 746      4FB5
 747 00f6 AD35DBDA 		.ascii	"\2555\333\332k[\373m\353\200m\375\276|D\206\376\372"
 747      6B5BFB6D 
 747      EB806DFD 
 747      BE7C4486 
 747      FEFA
 748 0108 3B67A5ED 		.ascii	";g\245\355\355\264\246\331\227<\351?l\326\225dh\201"
 748      EDB4A6D9 
 748      973CE93F 
 748      6CD69564 
 748      6881
 749 011a A3D922F0 		.ascii	"\243\331\"\360\031l'\204F\336\372\364\357\226\200G\341"
 749      196C2784 
 749      46DEFAF4 
 749      EF968047 
 749      E1
 750 012b 5B700A3C 		.ascii	"[p\012<\204*C:G\325>\363\301z\243iN<3\233\206G\201d"
 750      842A433A 
 750      47D53EF3 
 750      C17AA369 
 750      4E3C339B 
 751 0143 64901064 		.ascii	"d\220\020d\004\005AE\360 h\010:\202\027\301\207\340"
 751      04054145 
 751      F0206808 
 751      3A8217C1 
 751      87E0
 752 0155 47301002 		.ascii	"G0\020\002\010A\204\020B\030!\202\020E\210!\304\021"
 752      08418410 
 752      42182182 
 752      10458821 
 752      C411
 753 0167 8A108A11 		.ascii	"\212\020\212\021\266 \224 \224\"\224!\020\322(\223\205"
 753      B6209420 
 753      94229421 
ARM GAS  /tmp/ccwMB6n2.s 			page 22


 753      10D22893 
 753      85
 754 0178 B58F7782 		.ascii	"\265\217w\202\331GH\223,Y\353\032\272\236\001\363\303"
 754      D9474893 
 754      2C59EB1A 
 754      BA9E01F3 
 754      C3
 755 0189 FBADB2C5 		.ascii	"\373\255\262\305\375.\364\237\033.\307\3451\031h{\015"
 755      FD2EF49F 
 755      1B2EC7E5 
 755      3119687B 
 755      0D
 756 019a B5F337F5 		.ascii	"\265\3637\365f9#K\200\335\256\265\326\016\204\330G\263"
 756      6639234B 
 756      80DDAEB5 
 756      D60E84D8 
 756      47B3
 757 01ac ED4D53A1 		.ascii	"\355MS\241_\215t\257-\312\307\341\243\032:\253G2\262"
 757      5F8D74AF 
 757      2DCAC7E1 
 757      A31A3AAB 
 757      4732B2
 758 01bf 0CDD500E 		.ascii	"\014\335P\016\247\241\334\232\316\320\305\2511\265\352"
 758      A7A1DC9A 
 758      CED0C5A9 
 758      31B5EA
 759 01ce 84790832 		.ascii	"\204y\0102\262\002g\3408\244\330\234\316B\025\255U\333"
 759      B20267E0 
 759      38A4D89C 
 759      CE4215AD 
 759      55DB
 760 01e0 5C0FAC96 		.ascii	"\\\017\254\226\304\312]x\347\352e\031\363\003\375\373"
 760      C4CA5D78 
 760      E7EA6519 
 760      F303FDFB 
 761 01f0 9C26A17C 		.ascii	"\234&\241|\026\336\266b\334\225\352\021\245\316A\025"
 761      16DEB662 
 761      DC95EA11 
 761      A5CE4115 
 762 0200 CD6F75B9 		.ascii	"\315ou\271\316\273\304\376\361H\230\012\016\000p+\223"
 762      CEBBC4FE 
 762      F148980A 
 762      0E00702B 
 762      93
 763 0211 54AD2D16 		.ascii	"T\255-\026V*\206\3610#(\377\347\3725\270\247\300y\301"
 763      562A86F1 
 763      302328FF 
 763      E7FA35B8 
 763      A7C079C1 
 764 0225 E0026BB6 		.ascii	"\340\002k\266\265~Xe\311\024\226\357\360@SO\200u+A/"
 764      B57E5865 
 764      C91496EF 
 764      F040534F 
 764      80752B41 
 765 023a CD330D87 		.ascii	"\3153\015\207\246.\216\360\221\340p\007\347\347\306"
 765      A62E8EF0 
 765      91E07007 
ARM GAS  /tmp/ccwMB6n2.s 			page 23


 765      E7E7C6
 766 0249 804510E8 		.ascii	"\200E\020\350\303J\004u\214\277W7>\210\3375\311J\216"
 766      C34A0475 
 766      8CBF5737 
 766      3E88DF35 
 766      C94A8E
 767 025c 8CEDC97C 		.ascii	"\214\355\311|\031Uw\223\373B\360\356\337\340\315\031"
 767      19557793 
 767      FB42F0EE 
 767      DFE0CD19 
 768 026c F164CDB3 		.ascii	"\361d\315\263\247FUF\352O\200\213\005\250\364\245\250"
 768      A7465546 
 768      EA4F808B 
 768      05A8F4A5 
 768      A8
 769 027d 35802AB1 		.ascii	"5\200*\261\361w\210&\226\206\266n\222\265\255\354\337"
 769      F1778826 
 769      9686B66E 
 769      92B5ADEC 
 769      DF
 770 028e 867FC94A 		.ascii	"\206\177\311J\214\007\021\006\241\312\356c\205\016r"
 770      8C071106 
 770      A1CAEE63 
 770      850E72
 771 029d 88FE0A0B 		.ascii	"\210\376\012\013u&\205\035\324\\;t\331\354\320\231\264"
 771      7526851D 
 771      D45C3B74 
 771      D9ECD099 
 771      B4
 772 02ae D9611B1B 		.ascii	"\331a\033\033\205\346\326\016\303\202\321W\033c\235"
 772      85E6D60E 
 772      C382D157 
 772      1B639D
 773 02bd E076D059 		.ascii	"\340v\320Y\276O\3565\034\361\261\271\032p\231\331a:"
 773      BE4FEE35 
 773      1CF1B1B9 
 773      1A7099D9 
 773      613A
 774 02cf 6B07DDA6 		.ascii	"k\007\335\246\177L\350\357\311\321\177y\023\375\275"
 774      7F4CE8EF 
 774      C9D17F79 
 774      13FDBD
 775 02de EE341911 		.ascii	"\3564\031\021\232|\3558\244>\226\254e:}\336\303x\342"
 775      9A7CED38 
 775      A43E96AC 
 775      653A7DDE 
 775      C378E2
 776 02f1 C8AE1460 		.ascii	"\310\256\024`\200oD\261\253h\000\237\325\305\252M\027"
 776      806F44B1 
 776      AB68009F 
 776      D5C5AA4D 
 776      17
 777 0302 2D5797FB 		.ascii	"-W\227\3736]V\223\371\307\324\357V\227o\005\203Q\347"
 777      365D5693 
 777      F9C7D4EF 
 777      56976F05 
 777      8351E7
ARM GAS  /tmp/ccwMB6n2.s 			page 24


 778 0315 313558BE 		.ascii	"15X\276\306\356\353g|\033\375\352p\315yP\015\2332Q\241"
 778      C6EEEB67 
 778      7C1BFDEA 
 778      70CD7950 
 778      0D9B3251 
 779 032a 8C9EA34C 		.ascii	"\214\236\243Lg\312\246\314C\354\207\001w\303\032\263"
 779      67CAA6CC 
 779      43EC8701 
 779      77C31AB3 
 780 033a A84A48F5 		.ascii	"\250JH\365\272C\231 MV\320\363\362;\221{\034\205\010"
 780      BA439920 
 780      4D56D0F3 
 780      F23B917B 
 780      1C8508
 781 034d 5AA4BB52 		.ascii	"Z\244\273RB\010o\256\020\335)!DW*\377\200\204\334\012"
 781      42086FAE 
 781      10DD2921 
 781      44572AFF 
 781      8084DC0A 
 782 0361 F1BD6030 		.ascii	"\361\275`0\341\024\"L\363\345? \303\266\271G\304\334"
 782      E114224C 
 782      F3E53F20 
 782      C3B6B947 
 782      C4DC
 783 0373 7D39739F 		.ascii	"}9s\237\265\317}+\373a\304\335l~\020G\367G\307\334\243"
 783      B5CF7D2B 
 783      FB61C4DD 
 783      6C7E1047 
 783      F747C7DC 
 784 0388 2CD90793 		.ascii	",\331\007\223#m\306\206C\036\020\270Q\200\022?\211j"
 784      236DC686 
 784      431E10B8 
 784      5180123F 
 784      896A
 785 039a 375189A8 		.ascii	"7Q\211\250\325\306\374&m\304\334%\376Y8\375\027G\033"
 785      D5C6FC26 
 785      6DC4DC25 
 785      FE5938FD 
 785      17471B
 786 03ad 7196ACA1 		.ascii	"q\226\254\241c\374J\326\350\324\351\277\026\320\306"
 786      63FC4AD6 
 786      E8D4E9BF 
 786      16D0C6
 787 03bc 2D51ED36 		.ascii	"-Q\3556\266\021g\317'\233\241\374\271\206Z\265\031j"
 787      B61167CF 
 787      279BA1FC 
 787      B9865AB5 
 787      196A
 788 03ce 39957FB2 		.ascii	"9\225\177\262\213\334\032\3527\301\340w\247\241\212"
 788      8BDC1AEA 
 788      37C1E077 
 788      A7A18A
 789 03dd 59BE9E77 		.ascii	"Y\276\236wW\206D\303a\270\343\264X\261\315baa1#\307"
 789      578644C3 
 789      61B8E3B4 
 789      58B1CD62 
 789      61613123 
ARM GAS  /tmp/ccwMB6n2.s 			page 25


 790 03f2 621D470B 		.ascii	"b\035G\013\276\257&\205\350S\326}\265\262x\272Ga\367"
 790      BEAF2685 
 790      E853D67D 
 790      B5B278BA 
 790      4761F7
 791 0405 9539F417 		.ascii	"\2259\364\027\201i~e-\333km\343\265\262\227\233j\275"
 791      81697E65 
 791      2DDB6B6D 
 791      E3B5B297 
 791      9B6ABD
 792 0418 A4DD1E1E 		.ascii	"\244\335\036\0368\246\261\217f\037{I{\253c\262E\337"
 792      38A6B18F 
 792      661F7B49 
 792      7BAB63B2 
 792      45DF
 793 042a 60B39BBE 		.ascii	"`\263\233\276\016z`\226\322\231\341t\3227\2565)6:\177"
 793      0E7A6096 
 793      D299E174 
 793      D237AE35 
 793      29363A7F 
 794 043e 58747076 		.ascii	"Xtpv0g\321\23199\027`l\242p\227SiO\347[r\213;\223\314"
 794      3067D199 
 794      39391760 
 794      6CA27097 
 794      53694FE7 
 795 0458 8BB6171C 		.ascii	"\213\266\027\034\226,\241\311\254#\377\177\015\270("
 795      962CA1C9 
 795      AC23FF7F 
 795      0DB828
 796 0467 722FA101 		.ascii	"r/\241\001K\230Via\300@\256\001;\323\302\200\035\351"
 796      4B985669 
 796      61C040AE 
 796      013BD3C2 
 796      801DE9
 797 047a FC275AA9 		.ascii	"\374'Z\251[\003.\013\006+\316+\277\214\346\313\277\343"
 797      5B032E0B 
 797      062BCE2B 
 797      BF8CE6CB 
 797      BFE3
 798 048c CB6896DE 		.ascii	"\313h\226\336\365\326^\205yR\207{Y\367\205\204\373\202"
 798      F5D65E85 
 798      7952877B 
 798      59F78584 
 798      FB82
 799 049e 59F72DC1 		.ascii	"Y\367-\301\033m\364\277\013\336\021\206A\366\015\237"
 799      1B6DF4BF 
 799      0BDE1186 
 799      41F60D9F 
 800 04ae 901D1515 		.ascii	"\220\035\025\025\225O\355\331\273{\357s\273*\367\355"
 800      954FEDD9 
 800      BB7BEF73 
 800      BB2AF7ED 
 801 04be AFDCF352 		.ascii	"\257\334\363Ru\345\253\373^{}\177\345\256\347\237}|"
 801      75E5ABFB 
 801      5E7B7D7F 
 801      E5AEE79F 
 801      7D7C
ARM GAS  /tmp/ccwMB6n2.s 			page 26


 802 04d0 07C3A71F 		.ascii	"\007\303\247\037;p\000w^\254\256~\245\342e\362\017\311"
 802      3B700077 
 802      5EACAE7E 
 802      A5E265F2 
 802      0FC9
 803 04e2 F265D7   		.ascii	"\362e\327"
 804              		.text
 805              		.section	.gnu.lto_.symbol_nodes.474c7743e96b983d,"e",%progbits
 806 0000 789C9BC2 		.ascii	"x\234\233\302\000\004L7\031\352\031\032\200\200\205"
 806      00044C37 
 806      19EA191A 
 806      808085
 807 000f 71C23906 		.ascii	"q\3029\006 \233agCc\243\001\003#\003X\366\026C=#\212"
 807      209B6167 
 807      4363A301 
 807      03230358 
 807      F616433D 
 808 0025 ECAE8646 		.ascii	"\354\256\206FF\230\344m\206z\246\017\277VX`\221c\275"
 808      4698E46D 
 808      867AA60F 
 808      BF565860 
 808      9163BD
 809 0038 C1C0D0E8 		.ascii	"\301\300\320\350\004d0\336a\250g\376\017\005\362`\225"
 809      046430DE 
 809      61A867FE 
 809      0F05F260 
 809      95
 810 0049 0C20FB40 		.ascii	"\014 \373@\312\230\031\24167\36113\262@\230G\370\030"
 810      CA9819A1 
 810      3637F131 
 810      33B24098 
 810      47F818
 811 005c 0048622A 		.ascii	"\000Hb*i"
 811      69
 812              		.text
 813              		.section	.gnu.lto_.refs.474c7743e96b983d,"e",%progbits
 814 0000 789C6364 		.ascii	"x\234cd\000\002\000\000\012\000\002"
 814      00020000 
 814      0A0002
 815              		.text
 816              		.section	.gnu.lto_.decls.474c7743e96b983d,"e",%progbits
 817 0000 789C9556 		.ascii	"x\234\225V\177LTW\026\276\347\335\201y\274\031\031\""
 817      7F4C5457 
 817      16BEE7DD 
 817      8179BC19 
 817      1922
 818 0012 B8363531 		.ascii	"\270651\244;\215\374#\003\303n\331n6\033p\200j\374E"
 818      A43B8DFC 
 818      2303C36E 
 818      D96E361B 
 818      70806AFC 
 819 0027 66DC6DB6 		.ascii	"f\334m\266\335\204 \217\006Ra\210\322\006\377\330\344"
 819      DD84208F 
 819      06526188 
 819      D206FFD8 
 819      E4
 820 0038 F1A3548D 		.ascii	"\361\243T\215t\201Uw\253+UJ\\Dk\210\255\265\024\204"
ARM GAS  /tmp/ccwMB6n2.s 			page 27


 820      74815577 
 820      AB2B554A 
 820      5C446B88 
 820      ADB51484 
 821 004c 11A9022A 		.ascii	"\021\251\002*\"\025Dj]P\301\021\005\201j\253(\262\347"
 821      2215446A 
 821      5D50C111 
 821      05816AAB 
 821      28B2E7
 822 005f BDFB8679 		.ascii	"\275\373\206y\303\200Y_8\357\336s\357w\276\373\335s"
 822      C380595F 
 822      38EFDE73 
 822      EF77BEFB 
 822      DD73
 823 0071 CF7DC379 		.ascii	"\317}\303y#!\023@\310+h\323\370\350\010!\227\211\367"
 823      23211340 
 823      C82B68D3 
 823      F8E80821 
 823      9789F7
 824 0084 91FD06B4 		.ascii	"\221\375\006\264F4\027Z3\032B\311y\342\373l\305\301"
 824      4634175A 
 824      331A42C9 
 824      79E2FB6C 
 824      C5C1
 825 0096 006C33D0 		.ascii	"\000l3\320\226\241\365\240u\243]T\361\337\253m\003\361"
 825      96A1F5A0 
 825      75A35D54 
 825      F1DFAB6D 
 825      03F1
 826 00a8 7FFE8613 		.ascii	"\177\376\206\023zM\3548\332\230\032;\201V\217F\321\206"
 826      7A4DEC38 
 826      DA981A3B 
 826      81568F46 
 826      D186
 827 00ba D1EEA20D 		.ascii	"\321\356\242\015\251~\243\312\327<\007g\376\0138\203"
 827      A97EA3CA 
 827      D73C0767 
 827      FE0B3883 
 828 00ca 708E07B6 		.ascii	"p\216\007\266\267\373h\243hn\264@`\032]s\360\355\243"
 828      B7FB68A3 
 828      686EB440 
 828      601A5D73 
 828      F0EDA3
 829 00dd 70ED42CD 		.ascii	"p\355B\315g\001\203p\01389V\004\200\3367\360%\220w("
 829      67018370 
 829      0B383956 
 829      0480DE37 
 829      F0259077 
 830 00f2 09933889 		.ascii	"\011\2238\211\013\024)'P\201\212B+,\215xH\343x.\302"
 830      0B142927 
 830      50818A42 
 830      2B2C8D78 
 830      48E3782E 
 831 0107 24F0D567 		.ascii	"$\360\325g D\010\3409\316\255\027\205\210I8\312\035"
 831      204408E0 
 831      39CEAD17 
 831      85884938 
ARM GAS  /tmp/ccwMB6n2.s 			page 28


 831      CA1D
 832 0119 080C8F93 		.ascii	"\010\014\217\223t\342\316En\275\304\225\256\013\213"
 832      74E2CE45 
 832      6EBDC495 
 832      AE0B8B
 833 0128 89C3B75B 		.ascii	"\211\303\267[\337\012\"F%\353\370\020\354\271\365\302"
 833      DF0A2246 
 833      25EBF810 
 833      ECB9F5C2 
 834 0138 437AA024 		.ascii	"Cz\240$P\274\310m[\006\255 \210\3260I\222\342x~\251"
 834      50BCC86D 
 834      5B06AD20 
 834      88D63049 
 834      92E2787E 
 835 014d A99936D3 		.ascii	"\251\2316\323$\334\003_{l\221\340\326\233\220\"B\014"
 835      24DC035F 
 835      7B6C91E0 
 835      D69B9022 
 835      420C
 836 015f 0F11C34D 		.ascii	"\017\021\303M\255\020 \212BX\004A\021\242\325\032\307"
 836      AD10208A 
 836      42580441 
 836      11A2D51A 
 836      C7
 837 0170 09C8ACE3 		.ascii	"\011\310\254\343[\301J\301h\225\006\356-\026@\010Z\032"
 837      5BC14AC1 
 837      689506EE 
 837      2D164008 
 837      5A1A
 838 0182 1E418848 		.ascii	"\036A\210H\2228\344\245\323\236\007\364\270\246\350"
 838      9238E4A5 
 838      D39E07F4 
 838      B8A6E8
 839 0191 75012204 		.ascii	"u\001\"\004\316\312\321\325nL$\307\205\023\"\351x\243"
 839      CECAD1D5 
 839      6E4C24C7 
 839      851322E9 
 839      78A3
 840 01a3 11246C82 		.ascii	"\021$l\202RV\213\311V\201\270\365\034N\205\351@\342"
 840      52568BC9 
 840      5681B8F5 
 840      1C4E85E9 
 840      40E2
 841 01b5 C01B2904 		.ascii	"\300\033)\004b\0369\2268%\247 \377\261\027\221\035\242"
 841      621E3996 
 841      3825A720 
 841      FFB11791 
 841      1DA2
 842 01c7 5D451997 		.ascii	"]E\031\227\221\230W\365\004<\2433\215\332g\000\306\243"
 842      919857F5 
 842      043CA333 
 842      8DDA6700 
 842      C6A3
 843 01d9 F22BB16C 		.ascii	"\362+\261l\021\242\316j\310\275\032T\035\036\036\317"
 843      11A2CE6A 
 843      C8BD1A54 
 843      1D1E1ECF 
ARM GAS  /tmp/ccwMB6n2.s 			page 29


 844 01e9 3A1A8D5E 		.ascii	":\032\215^\255\204S\227\344\2641J\234\217p/%\231\241"
 844      AD845397 
 844      E4B4314A 
 844      9C8F702F 
 844      2599A1
 845 01fc F5482230 		.ascii	"\365H\"0S8Ov>l\013\036\202\333\371x~\375\177\204E\245"
 845      53384F76 
 845      3E6C0B1E 
 845      82DBF978 
 845      7EFD7F84 
 846 0212 713889E3 		.ascii	"q8\211\343\373{+\0339\372\252\322\357.\335s\226\243"
 846      FB7B2B1B 
 846      39FAAAD2 
 846      EF2EDD73 
 846      96A3
 847 0224 BF55FA35 		.ascii	"\277U\3725\207+\016\362\226/$\366\360\227(\201\223@"
 847      872B0EF2 
 847      962F24F6 
 847      F0972881 
 847      9340
 848 0236 15B61C83 		.ascii	"\025\266\034\203\014(\376\256\264~A9\205\205\002p\350"
 848      0C28FEAE 
 848      B47E4139 
 848      85850270 
 848      E8
 849 0247 1EECEE2C 		.ascii	"\036\354\356,\000t\303\004\010A\267\363\313\321z\375"
 849      0074C304 
 849      0841B7F3 
 849      CBD17AFD 
 850 0257 E2DD726C 		.ascii	"\342\335rlm\241\024\302A\306\257\340[X\002u\260\004"
 850      6DA114C2 
 850      41C6AFE0 
 850      5B580275 
 850      B004
 851 0269 55D5C362 		.ascii	"U\325\303b\002N\035S\366\340\304'EA\257\035\220\\\375"
 851      024E1D53 
 851      F6E0C427 
 851      4541AF1D 
 851      905CFD
 852 027c 92EB4EF5 		.ascii	"\222\353N\365\357z\012?\226:\3458Pp\3605P\370\006,\312"
 852      EF7A0A3F 
 852      963AE538 
 852      5070F035 
 852      50F8062C 
 853 0291 96B04FE0 		.ascii	"\226\260O\340\004\014\001|\005\203\220sLG\240\001^C"
 853      040C017C 
 853      05839073 
 853      4C47A001 
 853      5E43
 854 02a3 8E4F2BFE 		.ascii	"\216O+\376^K\351IP\244\367v=\3137 a?\022\016U\033\377"
 854      5E4BE949 
 854      50A4F776 
 854      3DCB3720 
 854      613F120E 
 855 02ba 2DB90A90 		.ascii	"-\271\012\220N\247\260\235\322\260\235\362e;\204l\215"
 855      4EA7B09D 
 855      D2B09DF2 
ARM GAS  /tmp/ccwMB6n2.s 			page 30


 855      653B846C 
 855      8D
 856 02cb 0A9BE4AE 		.ascii	"\012\233\344\256\277n\242-\214mOI}\261^ek_\356C\326"
 856      BF6EA22D 
 856      8C6D4F49 
 856      7DB15E65 
 856      6B5FEE43 
 857 02e0 A4216BF2 		.ascii	"\244!k\362%\253@2\227B\326v\247\371\006\245\335\214"
 857      25AB4032 
 857      9742D676 
 857      A7F906A5 
 857      DD8C
 858 02f2 6CFBAE9E 		.ascii	"l\373\256\236\177\231d2Ir=\250\217\232\254\035\223\266"
 858      7F996432 
 858      49723DA8 
 858      8F9AAC1D 
 858      93B6
 859 0304 096C9FA7 		.ascii	"\011l\237\2475d\247\325LC\263B\321P<\325\250\307\334"
 859      3564A7D5 
 859      4C43B342 
 859      D1503CD5 
 859      A8C7DC
 860 0317 2E1394FA 		.ascii	".\023\224\3726\341\320\271\007#W\200\015\311\274\207"
 860      36E1D0B9 
 860      07235780 
 860      0DC9BC87 
 861 0327 ABCA2A03 		.ascii	"\253\312*\003i9\24787\012\366?6\262\223\321\241\273"
 861      6939A738 
 861      370AF63F 
 861      36B293D1 
 861      A1BB
 862 0339 ABFDAB36 		.ascii	"\253\375\2536\201\235L8\272\355\025\203\015T\330&I\005"
 862      819D4C38 
 862      BAED1583 
 862      0D54D826 
 862      4905
 863 034b 92AB505A 		.ascii	"\222\253PZ\270\222\3009<\227\263x.\360\035(\204\250"
 863      B892C039 
 863      3C97B378 
 863      2EF01D28 
 863      84A8
 864 035d 025A70EC 		.ascii	"\002Zp\354\014\216a\300\300\221\2512\003\306\343\365"
 864      0C8E61C0 
 864      C091A932 
 864      03C6E3F5 
 865 036d 07A9A546 		.ascii	"\007\251\245F\026T[5\370k\272\217\255\266\367\363\247"
 865      16545B35 
 865      F86BBA8F 
 865      ADB6F7F3 
 865      A7
 866 037e 65F4F5CF 		.ascii	"e\364\365\317\245\376f\371\370\376P\205\307W\012\012"
 866      A5FE66F9 
 866      F8FE5085 
 866      C7570A0A 
 867 038e B89DED68 		.ascii	"\270\235\355h\206\237(#m\260$g\017f\347<\274.\327\311"
 867      869F2823 
 867      6DB02467 
ARM GAS  /tmp/ccwMB6n2.s 			page 31


 867      0F66E73C 
 867      BC2ED7C9 
 868 03a2 B7FD83C1 		.ascii	"\267\375\203\301\364\010\243\252\256\255\356R\244\025"
 868      F408A3AA 
 868      AEADEE52 
 868      A415
 869 03b0 FE9FD29A 		.ascii	"\376\237\322\232\246\3674\351\330Nytw\327\234~fd;u\311"
 869      A6F734E9 
 869      D84E7974 
 869      77D79C7E 
 869      66643B75 
 870 03c5 D3FFACBB 		.ascii	"\323\377\254\2739\026L\217)\344\264\341J\273\001B\315"
 870      39164C8F 
 870      29E4B4E1 
 870      4ABB0142 
 870      CD
 871 03d6 E632B9B6 		.ascii	"\3462\271\266B\220\373\022\362t(\262.C\250\302\374="
 871      4290FB12 
 871      F27428B2 
 871      2E43A8C2 
 871      FC3D
 872 03e8 98A10BCC 		.ascii	"\230\241\013\314r\346+\245\"\024q\265#j\264kL\222\312"
 872      72E62BA5 
 872      221471B5 
 872      236AB46B 
 872      4C92CA
 873 03fb A3E0226E 		.ascii	"\243\340\"n\250\023E\310X\357\206,\362\353\234\334e"
 873      A81345C8 
 873      58EF862C 
 873      F2EB9CDC 
 873      65
 874 040c 017DD958 		.ascii	"\001}\331X EF\005}ant\364\022\245\352\367\036oi\322"
 874      20454605 
 874      7D616E74 
 874      F412A5EA 
 874      F71E6F69 
 875 0421 D311B6F1 		.ascii	"\323\021\266\361\307\205w\017\362\241~\312\340\212J"
 875      C785770F 
 875      F2A17ECA 
 875      E08A4A
 876 0430 314B1C46 		.ascii	"1K\034F\234\27275\2447\356PO1h%t\373\254\324\003F\302"
 876      9CBA3735 
 876      A437EE50 
 876      4F316825 
 876      74FBACD4 
 877 0447 1A4D012C 		.ascii	"\032M\001,d\005Pv\346\321O\006\372\204\255\374\305\327"
 877      64055076 
 877      E6D14F06 
 877      FA84ADFC 
 877      C5D7
 878 0459 3BF7E9D9 		.ascii	";\367\351\331\334+\350^\334^\276\233\243\317\331\334"
 878      DC2BE85E 
 878      DC5EBE9B 
 878      A3CFD9DC 
 879 0469 78E7991D 		.ascii	"x\347\231\035A\264\230*\216\347~/d\367{\307\351k\305"
 879      41B4982A 
 879      8EE77E2F 
ARM GAS  /tmp/ccwMB6n2.s 			page 32


 879      64F77BC7 
 879      E96BC5
 880 047c 41F41375 		.ascii	"A\364\023u\316]\367\017\023\335\315\234\206\037NXh\005"
 880      CE5DF70F 
 880      13DDCD9C 
 880      861F4E58 
 880      6805
 881 048e EB1FAE2B 		.ascii	"\353\037\256+\031\010\240\377a\316\255\223E?\353\350"
 881      1908A0FF 
 881      61CEAD93 
 881      453FEBE8 
 882 049e 11E60C56 		.ascii	"\021\346\014V\336_\304\330\"\320\033\035/9\244\226\250"
 882      DE5FC4D8 
 882      22D01B1D 
 882      2F39A496 
 882      A8
 883 04af 0B3F2686 		.ascii	"\013?&\206\333W\277\354\\\000f\317\023jf\331\355\312"
 883      DB57BFEC 
 883      5C0066CF 
 883      136A66D9 
 883      EDCA
 884 04c1 F366F747 		.ascii	"\363f\367GL\315\210\317\236\257\303\254\303\030\326"
 884      4CCD88CF 
 884      9EAFC3AC 
 884      C318D6
 885 04d0 C07BFDE0 		.ascii	"\300{\375\340W\301s\032\014}S\203\356\363C_\233M>\351"
 885      57C1731A 
 885      0C7D5383 
 885      EEF3435F 
 885      9B4D3EE9 
 886 04e4 F4C2FBFD 		.ascii	"\364\302\373\375\340\035\263\310'4\344\235\363H\321"
 886      E01DB3C8 
 886      2734E49D 
 886      F348D1
 887 04f3 90376BE0 		.ascii	"\2207k\340\377\235\207\\\003o\327\300o\314\223\027\257"
 887      FF9D875C 
 887      036FD7C0 
 887      6FCC9317 
 887      AF
 888 0504 963E0DFA 		.ascii	"\226>\015\372\207y6\352E\017;}+zd\356\212\236\251\335"
 888      877936EA 
 888      450F3B7D 
 888      2B7A64EE 
 888      8A9EA9DD 
 889 0518 5B387753 		.ascii	"[8wS\231\033Q\013\367>\026\356(\332\035\264\273h\303"
 889      991B510B 
 889      F73E16EE 
 889      28DA1DB4 
 889      BB68C3
 890 052b 68B7D1EE 		.ascii	"h\267\321\356\241\015\241\015\242\271\265\267nB\263"
 890      A10DA10D 
 890      A2B9B5B7 
 890      6E42B3
 891 053a E4C0DC4B 		.ascii	"\344\300\334K*\233\307\302yt\364\350\217\006Z\313jj"
 891      2A9BC7C2 
 891      7974F4E8 
 891      8F065ACB 
ARM GAS  /tmp/ccwMB6n2.s 			page 33


 891      6A6A
 892 054c FFC4476E 		.ascii	"\377\304Gn\032\352\247\004\036\250\034/)F\256\362O;"
 892      1AEAA704 
 892      1EA81C2F 
 892      2946AEF2 
 892      4F3B
 893 055e F6FBDCB2 		.ascii	"\366\373\334\2621\037)\343\354\226\215+\267\314\375"
 893      311F29E3 
 893      EC968D2B 
 893      B7CCFD
 894 056d CB373DC1 		.ascii	"\3137=\301Z\254\374Q\367b'\300\310>\357r\017\341CUu"
 894      5AACFC51 
 894      F76227C0 
 894      C83EEF72 
 894      0FE14355 
 895 0582 1D1C6D60 		.ascii	"\035\034m`\312G\233\3133\251\213\365\373\216\017\014"
 895      CA479BCB 
 895      33A98BF5 
 895      FB8E0F0C 
 896 0592 04D236E6 		.ascii	"\004\3226\346L\354={O\240\027\230\263\357XM\021\245"
 896      4CEC3D7B 
 896      4FA01798 
 896      B3EF584D 
 896      11A5
 897 05a4 979873BD 		.ascii	"\227\230s\275!\277%\230^e\316\300g\005\267\003\350u"
 897      21BF2598 
 897      5E65CEC0 
 897      6705B703 
 897      E875
 898 05b6 E64C5756 		.ascii	"\346LWV\\6\261\273eF\367\344\251\251\203zv\267\016\310"
 898      5C36B1BB 
 898      6546F7E4 
 898      A9A9837A 
 898      76B70EC8 
 899 05ca 3FD4872E 		.ascii	"?\324\207.=\331\005\264_\301\012\307O\024=\017\006\365"
 899      3DD905B4 
 899      5FC10AC7 
 899      4F143D0F 
 899      06F5
 900 05dc 92E1A3D6 		.ascii	"\222\341\243\326\323_\275\007\360\023&\257\200{\341"
 900      D35FBD07 
 900      F01326AF 
 900      807BE1
 901 05eb 559878D7 		.ascii	"U\230x\327\267D|\341\263\313oX\203\376\331\017\355W"
 901      B7447CE1 
 901      B3CB6F58 
 901      83FED90F 
 901      ED57
 902 05fd DB7D1AF8 		.ascii	"\333}\032\370c?\370\354\357o\227F\3713?\264\367\312"
 902      633FF8EC 
 902      EF6F9746 
 902      F9333FB4 
 902      F7CA
 903 060f CF14C953 		.ascii	"\317\024\311S\234\234T\206e\250\\!\305\234\031\377\221"
 903      9C9C5486 
 903      65A85C21 
 903      C59C19FF 
ARM GAS  /tmp/ccwMB6n2.s 			page 34


 903      91
 904 0620 344321DA 		.ascii	"4C!\3324V\303s\264\"\354\177\2046\205\375|NS\25275\352"
 904      3456C373 
 904      B422EC7F 
 904      843685FD 
 904      7C4E53AA 
 905 0637 7E996733 		.ascii	"~\231g3\336\255Oj\320\217\346I\224\366+\240\331\314"
 905      DEAD4F6A 
 905      D08FE649 
 905      94F62BA0 
 905      D9CC
 906 0649 C3798EC1 		.ascii	"\303y\216\301K\336\245!\1772w\242\324\237\236\342kR"
 906      4BDEA521 
 906      7F3277A2 
 906      D49F9EE2 
 906      6B52
 907 065b AF810EB2 		.ascii	"\257\201\016\262j))\336\365\224\013\365\313\007|\314"
 907      6A2929DE 
 907      F5940BF5 
 907      CB077CCC 
 908 066b D1974D89 		.ascii	"\321\227M\211\374\377MUA\031\325^\202m>*\266s\312\205"
 908      FCFF4D55 
 908      4119D55E 
 908      826D3E2A 
 908      B673CA85 
 909 067f 911B1AFD 		.ascii	"\221\033\032\375\006\341S7g}\030\273<\213\010i\316\315"
 909      06E15337 
 909      677D18BB 
 909      3C8B0869 
 909      CECD
 910 0691 B9E979CB 		.ascii	"\271\351y\313\263b\310\253\031\251\233R6m\022S6\246"
 910      B362C8AB 
 910      19A99B52 
 910      366D1253 
 910      36A6
 911 06a3 A6BDFF41 		.ascii	"\246\275\377AN\212\350\314J\315\314N\311\314\316\314"
 911      4E8AE8CC 
 911      4ACDCC4E 
 911      C9CCCECC 
 912 06b3 8D8E8CB4 		.ascii	"\215\216\214\264\330227f\256wX\234[,\010\264\344`\334"
 912      D8323237 
 912      66AE7758 
 912      9C5B2C08 
 912      B4E460DC 
 913 06c7 168B63C3 		.ascii	"\026\213c\303\332\030+{'E\347\345YT\212\3104\376\255"
 913      DA182B7B 
 913      2745E7E5 
 913      59548AC8 
 913      34FEAD
 914 06da 757F0AB7 		.ascii	"u\177\012\267E\307\222\320\231\241\3107\305\330\330"
 914      45C792D0 
 914      99A1C837 
 914      C5D8D8
 915 06e9 9837A362 		.ascii	"\2307\243b\211\365\245\351\210\321#N\226\023\262%7+"
 915      89F5A5E9 
 915      88D1234E 
 915      9613B225 
ARM GAS  /tmp/ccwMB6n2.s 			page 35


 915      372B
 916 06fb C69A92B6 		.ascii	"\306\232\222\266\311\231\366\2762\240\027\263RWa\373"
 916      C999F6BE 
 916      32A017B3 
 916      525761FB 
 917 070b 9B1713AF 		.ascii	"\233\027\023\257Y\223`IX\033\377a\264\205\021`Td\006"
 917      59936049 
 917      581BFF61 
 917      B4851160 
 917      546406
 918 071e E13FC8CC 		.ascii	"\341?\310\314\316E/\327\344\330\272%7=\313\346\334\234"
 918      CE452FD7 
 918      E4D8BA25 
 918      373DCBE6 
 918      DC9C
 919 0730 6E93A939 		.ascii	"n\223\2519\233\235\332\034\366\337\373\222\2469\263"
 919      9B9DDA1C 
 919      F6DFFB92 
 919      A639B3
 920 073f B29CD996 		.ascii	"\262\234\331\226\364\274\\\213m\255c\225\003\2715\212"
 920      F4BC5C8B 
 920      6DAD6395 
 920      03B9358A 
 921 074f 15E2F7A2 		.ascii	"\025\342\367\242\243b\3626\"\265!\371m{\312\206\255"
 921      A362F236 
 921      22B521F9 
 921      6D7BCA86 
 921      AD
 922 0760 39E909E9 		.ascii	"9\351\011\351\357\351V$\330\354\372\370\344\025\321"
 922      EFE95624 
 922      D8ECFAF8 
 922      E415D1
 923 076f 89EB94D6 		.ascii	"\211\353\224\326\212m`\374\312\025\330\360\362\260\335"
 923      8A6D60FC 
 923      CA15D8F0 
 923      F2B0DD
 924 077e B141E958 		.ascii	"\261A\351X\345\016\265\255\262\353lIo\331\015v\233\315"
 924      E50EB5AD 
 924      B2EB6C49 
 924      6FD90D76 
 924      9BCD
 925 0790 4341D7AF 		.ascii	"CA\327\257\260\363\366DG\242\375\317\211\011\\\274\235"
 925      B0F3F644 
 925      47A2FDCF 
 925      89095CBC 
 925      9D
 926 07a1 73D8F5EB 		.ascii	"s\330\365\353\2237\254N\374\213]'\277h\274\315\256{"
 926      9337AC4E 
 926      FC8B5D27 
 926      BF68BCCD 
 926      AE7B
 927 07b3 DB9E6C5F 		.ascii	"\333\236l_\220\264&\336\261\322\023\366?\244\312@\320"
 927      90B426DE 
 927      B1D213F6 
 927      3FA4CA40 
 927      D0
 928              		.text
ARM GAS  /tmp/ccwMB6n2.s 			page 36


 929              		.section	.gnu.lto_.symtab.474c7743e96b983d,"e",%progbits
 930 0000 68616C5F 		.ascii	"hal_lld_init\000"
 930      6C6C645F 
 930      696E6974 
 930      00
 931 000d 00       		.ascii	"\000"
 932 000e 00       		.ascii	"\000"
 933 000f 00       		.ascii	"\000"
 934 0010 00000000 		.ascii	"\000\000\000\000\000\000\000\000"
 934      00000000 
 935 0018 BE000000 		.ascii	"\276\000\000\000"
 936 001c 73746D33 		.ascii	"stm32_clock_init\000"
 936      325F636C 
 936      6F636B5F 
 936      696E6974 
 936      00
 937 002d 00       		.ascii	"\000"
 938 002e 00       		.ascii	"\000"
 939 002f 00       		.ascii	"\000"
 940 0030 00000000 		.ascii	"\000\000\000\000\000\000\000\000"
 940      00000000 
 941 0038 C0000000 		.ascii	"\300\000\000\000"
 942 003c 53797374 		.ascii	"SystemCoreClock\000"
 942      656D436F 
 942      7265436C 
 942      6F636B00 
 943 004c 00       		.ascii	"\000"
 944 004d 00       		.ascii	"\000"
 945 004e 00       		.ascii	"\000"
 946 004f 00000000 		.ascii	"\000\000\000\000\000\000\000\000"
 946      00000000 
 947 0057 CB000000 		.ascii	"\313\000\000\000"
 948 005b 646D6149 		.ascii	"dmaInit\000"
 948      6E697400 
 949 0063 00       		.ascii	"\000"
 950 0064 02       		.ascii	"\002"
 951 0065 00       		.ascii	"\000"
 952 0066 00000000 		.ascii	"\000\000\000\000\000\000\000\000"
 952      00000000 
 953 006e C2000000 		.ascii	"\302\000\000\000"
 954              		.text
 955              		.section	.gnu.lto_.ext_symtab.474c7743e96b983d,"e",%progbits
 956 0000 01       		.ascii	"\001"
 957 0001 01       		.ascii	"\001"
 958 0002 00       		.ascii	"\000"
 959 0003 01       		.ascii	"\001"
 960 0004 00       		.ascii	"\000"
 961 0005 02       		.ascii	"\002"
 962 0006 00       		.ascii	"\000"
 963 0007 01       		.ascii	"\001"
 964 0008 00       		.ascii	"\000"
 965              		.text
 966              		.section	.gnu.lto_.opts,"e",%progbits
 967 0000 272D666E 		.ascii	"'-fno-openmp' '-fno-openacc' '-fno-pie' '-g' '-mcpu"
 967      6F2D6F70 
 967      656E6D70 
 967      2720272D 
ARM GAS  /tmp/ccwMB6n2.s 			page 37


 967      666E6F2D 
 968 0033 3D636F72 		.ascii	"=cortex-m3' '-mno-thumb-interwork' '-mthumb' '-mflo"
 968      7465782D 
 968      6D332720 
 968      272D6D6E 
 968      6F2D7468 
 969 0066 61742D61 		.ascii	"at-abi=soft' '-march=armv7-m' '-Os' '-fomit-frame-p"
 969      62693D73 
 969      6F667427 
 969      20272D6D 
 969      61726368 
 970 0099 6F696E74 		.ascii	"ointer' '-falign-functions=16' '-ffunction-sections"
 970      65722720 
 970      272D6661 
 970      6C69676E 
 970      2D66756E 
 971 00cc 2720272D 		.ascii	"' '-fdata-sections' '-fno-common' '-flto' '-Xassemb"
 971      66646174 
 971      612D7365 
 971      6374696F 
 971      6E732720 
 972 00ff 6C657227 		.ascii	"ler' '-alms=build/lst/hal_lld.lst'\000"
 972      20272D61 
 972      6C6D733D 
 972      6275696C 
 972      642F6C73 
 973              		.text
 974              		.comm	__gnu_lto_slim,1,1
 975              		.ident	"GCC: (Fedora 10.2.0-4.fc34) 10.2.0"
ARM GAS  /tmp/ccwMB6n2.s 			page 38


DEFINED SYMBOLS
                            *ABS*:0000000000000000 hal_lld.c
     /tmp/ccwMB6n2.s:22     .gnu.debuglto_.debug_info:0000000000000000 hal_lld.c.9d773907
                            *COM*:0000000000000001 __gnu_lto_slim

NO UNDEFINED SYMBOLS
