ARM GAS  /tmp/ccNO7Kqi.s 			page 1


   1              		.cpu cortex-m3
   2              		.eabi_attribute 20, 1
   3              		.eabi_attribute 21, 1
   4              		.eabi_attribute 23, 3
   5              		.eabi_attribute 24, 1
   6              		.eabi_attribute 25, 1
   7              		.eabi_attribute 26, 1
   8              		.eabi_attribute 30, 4
   9              		.eabi_attribute 34, 1
  10              		.eabi_attribute 18, 4
  11              		.file	"hal_mmcsd.c"
  12              		.section	.gnu.debuglto_.debug_info,"e",%progbits
  13              	.Ldebug_info0:
  14              		.hidden	hal_mmcsd.c.7dd87e96
  15              		.weak	hal_mmcsd.c.7dd87e96
  16              	hal_mmcsd.c.7dd87e96:
  17 0000 75000000 		.4byte	0x75
  18 0004 0400     		.2byte	0x4
  19 0006 00000000 		.4byte	.Ldebug_abbrev0
  20 000a 04       		.byte	0x4
  21 000b 01       		.uleb128 0x1
  22 000c BC000000 		.4byte	.LASF12
  23 0010 0C       		.byte	0xc
  24 0011 70000000 		.4byte	.LASF13
  25 0015 0E000000 		.4byte	.LASF14
  26 0019 00000000 		.4byte	.Ldebug_line0
  27 001d 02       		.uleb128 0x2
  28 001e 01       		.byte	0x1
  29 001f 06       		.byte	0x6
  30 0020 A4010000 		.4byte	.LASF0
  31 0024 02       		.uleb128 0x2
  32 0025 01       		.byte	0x1
  33 0026 08       		.byte	0x8
  34 0027 A9000000 		.4byte	.LASF1
  35 002b 02       		.uleb128 0x2
  36 002c 02       		.byte	0x2
  37 002d 05       		.byte	0x5
  38 002e BC010000 		.4byte	.LASF2
  39 0032 02       		.uleb128 0x2
  40 0033 02       		.byte	0x2
  41 0034 07       		.byte	0x7
  42 0035 91010000 		.4byte	.LASF3
  43 0039 02       		.uleb128 0x2
  44 003a 04       		.byte	0x4
  45 003b 05       		.byte	0x5
  46 003c 82010000 		.4byte	.LASF4
  47 0040 02       		.uleb128 0x2
  48 0041 04       		.byte	0x4
  49 0042 07       		.byte	0x7
  50 0043 5E000000 		.4byte	.LASF5
  51 0047 02       		.uleb128 0x2
  52 0048 08       		.byte	0x8
  53 0049 05       		.byte	0x5
  54 004a 00000000 		.4byte	.LASF6
  55 004e 02       		.uleb128 0x2
  56 004f 08       		.byte	0x8
  57 0050 07       		.byte	0x7
ARM GAS  /tmp/ccNO7Kqi.s 			page 2


  58 0051 92000000 		.4byte	.LASF7
  59 0055 03       		.uleb128 0x3
  60 0056 04       		.byte	0x4
  61 0057 05       		.byte	0x5
  62 0058 696E7400 		.ascii	"int\000"
  63 005c 02       		.uleb128 0x2
  64 005d 04       		.byte	0x4
  65 005e 07       		.byte	0x7
  66 005f 51000000 		.4byte	.LASF8
  67 0063 02       		.uleb128 0x2
  68 0064 08       		.byte	0x8
  69 0065 04       		.byte	0x4
  70 0066 B0010000 		.4byte	.LASF9
  71 006a 02       		.uleb128 0x2
  72 006b 01       		.byte	0x1
  73 006c 08       		.byte	0x8
  74 006d B7000000 		.4byte	.LASF10
  75 0071 02       		.uleb128 0x2
  76 0072 01       		.byte	0x1
  77 0073 02       		.byte	0x2
  78 0074 8B010000 		.4byte	.LASF11
  79 0078 00       		.byte	0
  80              		.section	.gnu.debuglto_.debug_abbrev,"e",%progbits
  81              	.Ldebug_abbrev0:
  82 0000 01       		.uleb128 0x1
  83 0001 11       		.uleb128 0x11
  84 0002 01       		.byte	0x1
  85 0003 25       		.uleb128 0x25
  86 0004 0E       		.uleb128 0xe
  87 0005 13       		.uleb128 0x13
  88 0006 0B       		.uleb128 0xb
  89 0007 03       		.uleb128 0x3
  90 0008 0E       		.uleb128 0xe
  91 0009 1B       		.uleb128 0x1b
  92 000a 0E       		.uleb128 0xe
  93 000b 10       		.uleb128 0x10
  94 000c 17       		.uleb128 0x17
  95 000d 00       		.byte	0
  96 000e 00       		.byte	0
  97 000f 02       		.uleb128 0x2
  98 0010 24       		.uleb128 0x24
  99 0011 00       		.byte	0
 100 0012 0B       		.uleb128 0xb
 101 0013 0B       		.uleb128 0xb
 102 0014 3E       		.uleb128 0x3e
 103 0015 0B       		.uleb128 0xb
 104 0016 03       		.uleb128 0x3
 105 0017 0E       		.uleb128 0xe
 106 0018 00       		.byte	0
 107 0019 00       		.byte	0
 108 001a 03       		.uleb128 0x3
 109 001b 24       		.uleb128 0x24
 110 001c 00       		.byte	0
 111 001d 0B       		.uleb128 0xb
 112 001e 0B       		.uleb128 0xb
 113 001f 3E       		.uleb128 0x3e
 114 0020 0B       		.uleb128 0xb
ARM GAS  /tmp/ccNO7Kqi.s 			page 3


 115 0021 03       		.uleb128 0x3
 116 0022 08       		.uleb128 0x8
 117 0023 00       		.byte	0
 118 0024 00       		.byte	0
 119 0025 00       		.byte	0
 120              		.section	.gnu.debuglto_.debug_line,"e",%progbits
 121              	.Ldebug_line0:
 122 0000 1A000000 		.4byte	.LELT0-.LSLT0
 123              	.LSLT0:
 124 0004 0400     		.2byte	0x4
 125 0006 14000000 		.4byte	.LELTP0-.LASLTP0
 126              	.LASLTP0:
 127 000a 01       		.byte	0x1
 128 000b 01       		.byte	0x1
 129 000c 01       		.byte	0x1
 130 000d F6       		.byte	0xf6
 131 000e F2       		.byte	0xf2
 132 000f 0D       		.byte	0xd
 133 0010 00       		.byte	0
 134 0011 01       		.byte	0x1
 135 0012 01       		.byte	0x1
 136 0013 01       		.byte	0x1
 137 0014 01       		.byte	0x1
 138 0015 00       		.byte	0
 139 0016 00       		.byte	0
 140 0017 00       		.byte	0
 141 0018 01       		.byte	0x1
 142 0019 00       		.byte	0
 143 001a 00       		.byte	0
 144 001b 01       		.byte	0x1
 145 001c 00       		.byte	0
 146 001d 00       		.byte	0
 147              	.LELTP0:
 148              	.LELT0:
 149              		.section	.gnu.debuglto_.debug_str,"eMS",%progbits,1
 150              	.LASF6:
 151 0000 6C6F6E67 		.ascii	"long long int\000"
 151      206C6F6E 
 151      6720696E 
 151      7400
 152              	.LASF14:
 153 000e 2F686F6D 		.ascii	"/home/fminucci/hardware/electrosense-converter-firm"
 153      652F666D 
 153      696E7563 
 153      63692F68 
 153      61726477 
 154 0041 77617265 		.ascii	"wareV2/firmware\000"
 154      56322F66 
 154      69726D77 
 154      61726500 
 155              	.LASF8:
 156 0051 756E7369 		.ascii	"unsigned int\000"
 156      676E6564 
 156      20696E74 
 156      00
 157              	.LASF5:
 158 005e 6C6F6E67 		.ascii	"long unsigned int\000"
ARM GAS  /tmp/ccNO7Kqi.s 			page 4


 158      20756E73 
 158      69676E65 
 158      6420696E 
 158      7400
 159              	.LASF13:
 160 0070 2E2E2F43 		.ascii	"../ChibiOS/os/hal/src/hal_mmcsd.c\000"
 160      68696269 
 160      4F532F6F 
 160      732F6861 
 160      6C2F7372 
 161              	.LASF7:
 162 0092 6C6F6E67 		.ascii	"long long unsigned int\000"
 162      206C6F6E 
 162      6720756E 
 162      7369676E 
 162      65642069 
 163              	.LASF1:
 164 00a9 756E7369 		.ascii	"unsigned char\000"
 164      676E6564 
 164      20636861 
 164      7200
 165              	.LASF10:
 166 00b7 63686172 		.ascii	"char\000"
 166      00
 167              	.LASF12:
 168 00bc 474E5520 		.ascii	"GNU C17 10.2.0 -mcpu=cortex-m3 -mno-thumb-interwork"
 168      43313720 
 168      31302E32 
 168      2E30202D 
 168      6D637075 
 169 00ef 202D6D74 		.ascii	" -mthumb -mfloat-abi=soft -march=armv7-m -ggdb -Os "
 169      68756D62 
 169      202D6D66 
 169      6C6F6174 
 169      2D616269 
 170 0122 2D666F6D 		.ascii	"-fomit-frame-pointer -falign-functions=16 -ffunctio"
 170      69742D66 
 170      72616D65 
 170      2D706F69 
 170      6E746572 
 171 0155 6E2D7365 		.ascii	"n-sections -fdata-sections -fno-common -flto\000"
 171      6374696F 
 171      6E73202D 
 171      66646174 
 171      612D7365 
 172              	.LASF4:
 173 0182 6C6F6E67 		.ascii	"long int\000"
 173      20696E74 
 173      00
 174              	.LASF11:
 175 018b 5F426F6F 		.ascii	"_Bool\000"
 175      6C00
 176              	.LASF3:
 177 0191 73686F72 		.ascii	"short unsigned int\000"
 177      7420756E 
 177      7369676E 
 177      65642069 
ARM GAS  /tmp/ccNO7Kqi.s 			page 5


 177      6E7400
 178              	.LASF0:
 179 01a4 7369676E 		.ascii	"signed char\000"
 179      65642063 
 179      68617200 
 180              	.LASF9:
 181 01b0 6C6F6E67 		.ascii	"long double\000"
 181      20646F75 
 181      626C6500 
 182              	.LASF2:
 183 01bc 73686F72 		.ascii	"short int\000"
 183      7420696E 
 183      7400
 184              		.text
 185              		.section	.gnu.lto_.profile.3acb1531165da1af,"e",%progbits
 186 0000 789C6362 		.ascii	"x\234cb\000\001\000\000\022\000\003"
 186      00010000 
 186      120003
 187              		.text
 188              		.section	.gnu.lto_.icf.3acb1531165da1af,"e",%progbits
 189 0000 789C6362 		.ascii	"x\234cb@\006\000\000*\000\003"
 189      40060000 
 189      2A0003
 190              		.text
 191              		.section	.gnu.lto_.jmpfuncs.3acb1531165da1af,"e",%progbits
 192 0000 789C6362 		.ascii	"x\234cb@\006\000\000*\000\003"
 192      40060000 
 192      2A0003
 193              		.text
 194              		.section	.gnu.lto_.ipa_sra.3acb1531165da1af,"e",%progbits
 195 0000 789C6362 		.ascii	"x\234cb@\006\000\000*\000\003"
 195      40060000 
 195      2A0003
 196              		.text
 197              		.section	.gnu.lto_.inline.3acb1531165da1af,"e",%progbits
 198 0000 789C6362 		.ascii	"x\234cb@\006\000\000*\000\003"
 198      40060000 
 198      2A0003
 199              		.text
 200              		.section	.gnu.lto_.pureconst.3acb1531165da1af,"e",%progbits
 201 0000 789C6364 		.ascii	"x\234cd\000\002\000\000\012\000\002"
 201      00020000 
 201      0A0002
 202              		.text
 203              		.section	.gnu.lto_.lto.3acb1531165da1af,"e",%progbits
 204 0000 09000000 		.ascii	"\011\000\000\000\001\000\000\000"
 204      01000000 
 205              		.text
 206              		.section	.gnu.lto_.symbol_nodes.3acb1531165da1af,"e",%progbits
 207 0000 789C6362 		.ascii	"x\234cb\000\001\000\000\022\000\003"
 207      00010000 
 207      120003
 208              		.text
 209              		.section	.gnu.lto_.refs.3acb1531165da1af,"e",%progbits
 210 0000 789C6364 		.ascii	"x\234cd\000\002\000\000\012\000\002"
 210      00020000 
 210      0A0002
ARM GAS  /tmp/ccNO7Kqi.s 			page 6


 211              		.text
 212              		.section	.gnu.lto_.decls.3acb1531165da1af,"e",%progbits
 213 0000 789C6360 		.ascii	"x\234c````\004b\025 \376\017\004 \366E\006\002\000\000"
 213      60606004 
 213      621520FE 
 213      0F0420F6 
 213      45060200 
 214 0015 BF3204F4 		.ascii	"\2772\004\364"
 215              		.text
 216              		.section	.gnu.lto_.symtab.3acb1531165da1af,"e",%progbits
 217              		.text
 218              		.section	.gnu.lto_.ext_symtab.3acb1531165da1af,"e",%progbits
 219 0000 01       		.ascii	"\001"
 220              		.text
 221              		.section	.gnu.lto_.opts,"e",%progbits
 222 0000 272D666E 		.ascii	"'-fno-openmp' '-fno-openacc' '-fno-pie' '-g' '-mcpu"
 222      6F2D6F70 
 222      656E6D70 
 222      2720272D 
 222      666E6F2D 
 223 0033 3D636F72 		.ascii	"=cortex-m3' '-mno-thumb-interwork' '-mthumb' '-mflo"
 223      7465782D 
 223      6D332720 
 223      272D6D6E 
 223      6F2D7468 
 224 0066 61742D61 		.ascii	"at-abi=soft' '-march=armv7-m' '-Os' '-fomit-frame-p"
 224      62693D73 
 224      6F667427 
 224      20272D6D 
 224      61726368 
 225 0099 6F696E74 		.ascii	"ointer' '-falign-functions=16' '-ffunction-sections"
 225      65722720 
 225      272D6661 
 225      6C69676E 
 225      2D66756E 
 226 00cc 2720272D 		.ascii	"' '-fdata-sections' '-fno-common' '-flto' '-Xassemb"
 226      66646174 
 226      612D7365 
 226      6374696F 
 226      6E732720 
 227 00ff 6C657227 		.ascii	"ler' '-alms=build/lst/hal_mmcsd.lst'\000"
 227      20272D61 
 227      6C6D733D 
 227      6275696C 
 227      642F6C73 
 228              		.text
 229              		.comm	__gnu_lto_slim,1,1
 230              		.ident	"GCC: (Fedora 10.2.0-4.fc34) 10.2.0"
ARM GAS  /tmp/ccNO7Kqi.s 			page 7


DEFINED SYMBOLS
                            *ABS*:0000000000000000 hal_mmcsd.c
     /tmp/ccNO7Kqi.s:16     .gnu.debuglto_.debug_info:0000000000000000 hal_mmcsd.c.7dd87e96
                            *COM*:0000000000000001 __gnu_lto_slim

NO UNDEFINED SYMBOLS
