ARM GAS  /tmp/ccqBuMFg.s 			page 1


   1              		.cpu cortex-m3
   2              		.eabi_attribute 20, 1
   3              		.eabi_attribute 21, 1
   4              		.eabi_attribute 23, 3
   5              		.eabi_attribute 24, 1
   6              		.eabi_attribute 25, 1
   7              		.eabi_attribute 26, 1
   8              		.eabi_attribute 30, 4
   9              		.eabi_attribute 34, 1
  10              		.eabi_attribute 18, 4
  11              		.file	"memstreams.c"
  12              		.file 1 "/usr/lib/gcc/arm-none-eabi/10.2.0/include/stddef.h"
  13              		.file 2 "/usr/arm-none-eabi/include/machine/_default_types.h"
  14              		.file 3 "/usr/arm-none-eabi/include/sys/_stdint.h"
  15              		.file 4 "../FreeRTOS/include/osal_ch.h"
  16              		.file 5 "../ChibiOS/os/hal/lib/streams/memstreams.h"
  17              		.file 6 "../ChibiOS/os/hal/lib/streams/memstreams.c"
  18              		.section	.gnu.debuglto_.debug_info,"e",%progbits
  19              	.Ldebug_info0:
  20              		.hidden	memstreams.c.df06c60e
  21              		.weak	memstreams.c.df06c60e
  22              	memstreams.c.df06c60e:
  23 0000 0A030000 		.4byte	0x30a
  24 0004 0400     		.2byte	0x4
  25 0006 00000000 		.4byte	.Ldebug_abbrev0
  26 000a 04       		.byte	0x4
  27 000b 01       		.uleb128 0x1
  28 000c 88000000 		.4byte	.LASF27
  29 0010 0C       		.byte	0xc
  30 0011 67010000 		.4byte	.LASF28
  31 0015 16000000 		.4byte	.LASF29
  32 0019 00000000 		.4byte	.Ldebug_line0
  33 001d 02       		.uleb128 0x2
  34 001e 04       		.byte	0x4
  35 001f 05       		.byte	0x5
  36 0020 696E7400 		.ascii	"int\000"
  37 0024 03       		.uleb128 0x3
  38 0025 0A000000 		.4byte	.LASF4
  39 0029 01       		.byte	0x1
  40 002a D1       		.byte	0xd1
  41 002b 17       		.byte	0x17
  42 002c 30000000 		.4byte	0x30
  43 0030 04       		.uleb128 0x4
  44 0031 04       		.byte	0x4
  45 0032 07       		.byte	0x7
  46 0033 C7010000 		.4byte	.LASF0
  47 0037 04       		.uleb128 0x4
  48 0038 08       		.byte	0x8
  49 0039 05       		.byte	0x5
  50 003a FE010000 		.4byte	.LASF1
  51 003e 04       		.uleb128 0x4
  52 003f 08       		.byte	0x8
  53 0040 04       		.byte	0x4
  54 0041 9F010000 		.4byte	.LASF2
  55 0045 04       		.uleb128 0x4
  56 0046 01       		.byte	0x1
  57 0047 06       		.byte	0x6
ARM GAS  /tmp/ccqBuMFg.s 			page 2


  58 0048 6E000000 		.4byte	.LASF3
  59 004c 03       		.uleb128 0x3
  60 004d 00000000 		.4byte	.LASF5
  61 0051 02       		.byte	0x2
  62 0052 2B       		.byte	0x2b
  63 0053 18       		.byte	0x18
  64 0054 58000000 		.4byte	0x58
  65 0058 04       		.uleb128 0x4
  66 0059 01       		.byte	0x1
  67 005a 08       		.byte	0x8
  68 005b 7A000000 		.4byte	.LASF6
  69 005f 04       		.uleb128 0x4
  70 0060 02       		.byte	0x2
  71 0061 05       		.byte	0x5
  72 0062 13020000 		.4byte	.LASF7
  73 0066 04       		.uleb128 0x4
  74 0067 02       		.byte	0x2
  75 0068 07       		.byte	0x7
  76 0069 4E010000 		.4byte	.LASF8
  77 006d 03       		.uleb128 0x3
  78 006e 57000000 		.4byte	.LASF9
  79 0072 02       		.byte	0x2
  80 0073 4D       		.byte	0x4d
  81 0074 18       		.byte	0x18
  82 0075 79000000 		.4byte	0x79
  83 0079 04       		.uleb128 0x4
  84 007a 04       		.byte	0x4
  85 007b 05       		.byte	0x5
  86 007c 24020000 		.4byte	.LASF10
  87 0080 04       		.uleb128 0x4
  88 0081 04       		.byte	0x4
  89 0082 07       		.byte	0x7
  90 0083 B5010000 		.4byte	.LASF11
  91 0087 04       		.uleb128 0x4
  92 0088 08       		.byte	0x8
  93 0089 07       		.byte	0x7
  94 008a 45020000 		.4byte	.LASF12
  95 008e 05       		.uleb128 0x5
  96 008f 04       		.byte	0x4
  97 0090 04       		.uleb128 0x4
  98 0091 01       		.byte	0x1
  99 0092 08       		.byte	0x8
 100 0093 D4010000 		.4byte	.LASF13
 101 0097 03       		.uleb128 0x3
 102 0098 D9010000 		.4byte	.LASF14
 103 009c 03       		.byte	0x3
 104 009d 18       		.byte	0x18
 105 009e 13       		.byte	0x13
 106 009f 4C000000 		.4byte	0x4c
 107 00a3 06       		.uleb128 0x6
 108 00a4 97000000 		.4byte	0x97
 109 00a8 03       		.uleb128 0x3
 110 00a9 EE010000 		.4byte	.LASF15
 111 00ad 03       		.byte	0x3
 112 00ae 2C       		.byte	0x2c
 113 00af 13       		.byte	0x13
 114 00b0 6D000000 		.4byte	0x6d
ARM GAS  /tmp/ccqBuMFg.s 			page 3


 115 00b4 07       		.uleb128 0x7
 116 00b5 04       		.byte	0x4
 117 00b6 97000000 		.4byte	0x97
 118 00ba 03       		.uleb128 0x3
 119 00bb E1010000 		.4byte	.LASF16
 120 00bf 04       		.byte	0x4
 121 00c0 5C       		.byte	0x5c
 122 00c1 11       		.byte	0x11
 123 00c2 A8000000 		.4byte	0xa8
 124 00c6 08       		.uleb128 0x8
 125 00c7 24000000 		.4byte	0x24
 126 00cb DF000000 		.4byte	0xdf
 127 00cf 09       		.uleb128 0x9
 128 00d0 8E000000 		.4byte	0x8e
 129 00d4 09       		.uleb128 0x9
 130 00d5 DF000000 		.4byte	0xdf
 131 00d9 09       		.uleb128 0x9
 132 00da 24000000 		.4byte	0x24
 133 00de 00       		.byte	0
 134 00df 07       		.uleb128 0x7
 135 00e0 04       		.byte	0x4
 136 00e1 A3000000 		.4byte	0xa3
 137 00e5 07       		.uleb128 0x7
 138 00e6 04       		.byte	0x4
 139 00e7 C6000000 		.4byte	0xc6
 140 00eb 08       		.uleb128 0x8
 141 00ec 24000000 		.4byte	0x24
 142 00f0 04010000 		.4byte	0x104
 143 00f4 09       		.uleb128 0x9
 144 00f5 8E000000 		.4byte	0x8e
 145 00f9 09       		.uleb128 0x9
 146 00fa B4000000 		.4byte	0xb4
 147 00fe 09       		.uleb128 0x9
 148 00ff 24000000 		.4byte	0x24
 149 0103 00       		.byte	0
 150 0104 07       		.uleb128 0x7
 151 0105 04       		.byte	0x4
 152 0106 EB000000 		.4byte	0xeb
 153 010a 08       		.uleb128 0x8
 154 010b BA000000 		.4byte	0xba
 155 010f 1E010000 		.4byte	0x11e
 156 0113 09       		.uleb128 0x9
 157 0114 8E000000 		.4byte	0x8e
 158 0118 09       		.uleb128 0x9
 159 0119 97000000 		.4byte	0x97
 160 011d 00       		.byte	0
 161 011e 07       		.uleb128 0x7
 162 011f 04       		.byte	0x4
 163 0120 0A010000 		.4byte	0x10a
 164 0124 08       		.uleb128 0x8
 165 0125 BA000000 		.4byte	0xba
 166 0129 33010000 		.4byte	0x133
 167 012d 09       		.uleb128 0x9
 168 012e 8E000000 		.4byte	0x8e
 169 0132 00       		.byte	0
 170 0133 07       		.uleb128 0x7
 171 0134 04       		.byte	0x4
ARM GAS  /tmp/ccqBuMFg.s 			page 4


 172 0135 24010000 		.4byte	0x124
 173 0139 04       		.uleb128 0x4
 174 013a 01       		.byte	0x1
 175 013b 02       		.byte	0x2
 176 013c 3F020000 		.4byte	.LASF17
 177 0140 0A       		.uleb128 0xa
 178 0141 61000000 		.4byte	.LASF30
 179 0145 10       		.byte	0x10
 180 0146 05       		.byte	0x5
 181 0147 3D       		.byte	0x3d
 182 0148 08       		.byte	0x8
 183 0149 82010000 		.4byte	0x182
 184 014d 0B       		.uleb128 0xb
 185 014e 61010000 		.4byte	.LASF18
 186 0152 05       		.byte	0x5
 187 0153 3E       		.byte	0x3e
 188 0154 03       		.byte	0x3
 189 0155 E5000000 		.4byte	0xe5
 190 0159 00       		.byte	0
 191 015a 0B       		.uleb128 0xb
 192 015b AB010000 		.4byte	.LASF19
 193 015f 05       		.byte	0x5
 194 0160 3E       		.byte	0x3e
 195 0161 03       		.byte	0x3
 196 0162 04010000 		.4byte	0x104
 197 0166 04       		.byte	0x4
 198 0167 0C       		.uleb128 0xc
 199 0168 70757400 		.ascii	"put\000"
 200 016c 05       		.byte	0x5
 201 016d 3E       		.byte	0x3e
 202 016e 03       		.byte	0x3
 203 016f 1E010000 		.4byte	0x11e
 204 0173 08       		.byte	0x8
 205 0174 0C       		.uleb128 0xc
 206 0175 67657400 		.ascii	"get\000"
 207 0179 05       		.byte	0x5
 208 017a 3E       		.byte	0x3e
 209 017b 03       		.byte	0x3
 210 017c 33010000 		.4byte	0x133
 211 0180 0C       		.byte	0xc
 212 0181 00       		.byte	0
 213 0182 06       		.uleb128 0x6
 214 0183 40010000 		.4byte	0x140
 215 0187 0D       		.uleb128 0xd
 216 0188 14       		.byte	0x14
 217 0189 05       		.byte	0x5
 218 018a 46       		.byte	0x46
 219 018b 09       		.byte	0x9
 220 018c D2010000 		.4byte	0x1d2
 221 0190 0C       		.uleb128 0xc
 222 0191 766D7400 		.ascii	"vmt\000"
 223 0195 05       		.byte	0x5
 224 0196 48       		.byte	0x48
 225 0197 1E       		.byte	0x1e
 226 0198 D2010000 		.4byte	0x1d2
 227 019c 00       		.byte	0
 228 019d 0B       		.uleb128 0xb
ARM GAS  /tmp/ccqBuMFg.s 			page 5


 229 019e 1D020000 		.4byte	.LASF20
 230 01a2 05       		.byte	0x5
 231 01a3 49       		.byte	0x49
 232 01a4 03       		.byte	0x3
 233 01a5 B4000000 		.4byte	0xb4
 234 01a9 04       		.byte	0x4
 235 01aa 0B       		.uleb128 0xb
 236 01ab 3A020000 		.4byte	.LASF21
 237 01af 05       		.byte	0x5
 238 01b0 49       		.byte	0x49
 239 01b1 03       		.byte	0x3
 240 01b2 24000000 		.4byte	0x24
 241 01b6 08       		.byte	0x8
 242 01b7 0C       		.uleb128 0xc
 243 01b8 656F7300 		.ascii	"eos\000"
 244 01bc 05       		.byte	0x5
 245 01bd 49       		.byte	0x49
 246 01be 03       		.byte	0x3
 247 01bf 24000000 		.4byte	0x24
 248 01c3 0C       		.byte	0xc
 249 01c4 0B       		.uleb128 0xb
 250 01c5 0C020000 		.4byte	.LASF22
 251 01c9 05       		.byte	0x5
 252 01ca 49       		.byte	0x49
 253 01cb 03       		.byte	0x3
 254 01cc 24000000 		.4byte	0x24
 255 01d0 10       		.byte	0x10
 256 01d1 00       		.byte	0
 257 01d2 07       		.uleb128 0x7
 258 01d3 04       		.byte	0x4
 259 01d4 82010000 		.4byte	0x182
 260 01d8 03       		.uleb128 0x3
 261 01d9 2D020000 		.4byte	.LASF23
 262 01dd 05       		.byte	0x5
 263 01de 4A       		.byte	0x4a
 264 01df 03       		.byte	0x3
 265 01e0 87010000 		.4byte	0x187
 266 01e4 0E       		.uleb128 0xe
 267 01e5 766D7400 		.ascii	"vmt\000"
 268 01e9 06       		.byte	0x6
 269 01ea 57       		.byte	0x57
 270 01eb 22       		.byte	0x22
 271 01ec 82010000 		.4byte	0x182
 272 01f0 0F       		.uleb128 0xf
 273 01f1 92010000 		.4byte	.LASF31
 274 01f5 06       		.byte	0x6
 275 01f6 67       		.byte	0x67
 276 01f7 06       		.byte	0x6
 277 01f8 2D020000 		.4byte	0x22d
 278 01fc 10       		.uleb128 0x10
 279 01fd 6D737000 		.ascii	"msp\000"
 280 0201 06       		.byte	0x6
 281 0202 67       		.byte	0x67
 282 0203 21       		.byte	0x21
 283 0204 2D020000 		.4byte	0x22d
 284 0208 11       		.uleb128 0x11
 285 0209 1D020000 		.4byte	.LASF20
ARM GAS  /tmp/ccqBuMFg.s 			page 6


 286 020d 06       		.byte	0x6
 287 020e 67       		.byte	0x67
 288 020f 2F       		.byte	0x2f
 289 0210 B4000000 		.4byte	0xb4
 290 0214 11       		.uleb128 0x11
 291 0215 3A020000 		.4byte	.LASF21
 292 0219 06       		.byte	0x6
 293 021a 68       		.byte	0x68
 294 021b 1A       		.byte	0x1a
 295 021c 24000000 		.4byte	0x24
 296 0220 10       		.uleb128 0x10
 297 0221 656F7300 		.ascii	"eos\000"
 298 0225 06       		.byte	0x6
 299 0226 68       		.byte	0x68
 300 0227 27       		.byte	0x27
 301 0228 24000000 		.4byte	0x24
 302 022c 00       		.byte	0
 303 022d 07       		.uleb128 0x7
 304 022e 04       		.byte	0x4
 305 022f D8010000 		.4byte	0x1d8
 306 0233 12       		.uleb128 0x12
 307 0234 B0010000 		.4byte	.LASF24
 308 0238 06       		.byte	0x6
 309 0239 4C       		.byte	0x4c
 310 023a 0E       		.byte	0xe
 311 023b BA000000 		.4byte	0xba
 312 023f 65020000 		.4byte	0x265
 313 0243 10       		.uleb128 0x10
 314 0244 697000   		.ascii	"ip\000"
 315 0247 06       		.byte	0x6
 316 0248 4C       		.byte	0x4c
 317 0249 19       		.byte	0x19
 318 024a 8E000000 		.4byte	0x8e
 319 024e 0E       		.uleb128 0xe
 320 024f 6200     		.ascii	"b\000"
 321 0251 06       		.byte	0x6
 322 0252 4D       		.byte	0x4d
 323 0253 0B       		.byte	0xb
 324 0254 97000000 		.4byte	0x97
 325 0258 0E       		.uleb128 0xe
 326 0259 6D737000 		.ascii	"msp\000"
 327 025d 06       		.byte	0x6
 328 025e 4E       		.byte	0x4e
 329 025f 11       		.byte	0x11
 330 0260 2D020000 		.4byte	0x22d
 331 0264 00       		.byte	0
 332 0265 12       		.uleb128 0x12
 333 0266 11000000 		.4byte	.LASF25
 334 026a 06       		.byte	0x6
 335 026b 42       		.byte	0x42
 336 026c 0E       		.byte	0xe
 337 026d BA000000 		.4byte	0xba
 338 0271 97020000 		.4byte	0x297
 339 0275 10       		.uleb128 0x10
 340 0276 697000   		.ascii	"ip\000"
 341 0279 06       		.byte	0x6
 342 027a 42       		.byte	0x42
ARM GAS  /tmp/ccqBuMFg.s 			page 7


 343 027b 19       		.byte	0x19
 344 027c 8E000000 		.4byte	0x8e
 345 0280 10       		.uleb128 0x10
 346 0281 6200     		.ascii	"b\000"
 347 0283 06       		.byte	0x6
 348 0284 42       		.byte	0x42
 349 0285 25       		.byte	0x25
 350 0286 97000000 		.4byte	0x97
 351 028a 0E       		.uleb128 0xe
 352 028b 6D737000 		.ascii	"msp\000"
 353 028f 06       		.byte	0x6
 354 0290 43       		.byte	0x43
 355 0291 11       		.byte	0x11
 356 0292 2D020000 		.4byte	0x22d
 357 0296 00       		.byte	0
 358 0297 12       		.uleb128 0x12
 359 0298 E7010000 		.4byte	.LASF26
 360 029c 06       		.byte	0x6
 361 029d 38       		.byte	0x38
 362 029e 0F       		.byte	0xf
 363 029f 24000000 		.4byte	0x24
 364 02a3 D4020000 		.4byte	0x2d4
 365 02a7 10       		.uleb128 0x10
 366 02a8 697000   		.ascii	"ip\000"
 367 02ab 06       		.byte	0x6
 368 02ac 38       		.byte	0x38
 369 02ad 1C       		.byte	0x1c
 370 02ae 8E000000 		.4byte	0x8e
 371 02b2 10       		.uleb128 0x10
 372 02b3 627000   		.ascii	"bp\000"
 373 02b6 06       		.byte	0x6
 374 02b7 38       		.byte	0x38
 375 02b8 29       		.byte	0x29
 376 02b9 B4000000 		.4byte	0xb4
 377 02bd 10       		.uleb128 0x10
 378 02be 6E00     		.ascii	"n\000"
 379 02c0 06       		.byte	0x6
 380 02c1 38       		.byte	0x38
 381 02c2 34       		.byte	0x34
 382 02c3 24000000 		.4byte	0x24
 383 02c7 0E       		.uleb128 0xe
 384 02c8 6D737000 		.ascii	"msp\000"
 385 02cc 06       		.byte	0x6
 386 02cd 39       		.byte	0x39
 387 02ce 11       		.byte	0x11
 388 02cf 2D020000 		.4byte	0x22d
 389 02d3 00       		.byte	0
 390 02d4 13       		.uleb128 0x13
 391 02d5 F6010000 		.4byte	.LASF32
 392 02d9 06       		.byte	0x6
 393 02da 2E       		.byte	0x2e
 394 02db 0F       		.byte	0xf
 395 02dc 24000000 		.4byte	0x24
 396 02e0 10       		.uleb128 0x10
 397 02e1 697000   		.ascii	"ip\000"
 398 02e4 06       		.byte	0x6
 399 02e5 2E       		.byte	0x2e
ARM GAS  /tmp/ccqBuMFg.s 			page 8


 400 02e6 1D       		.byte	0x1d
 401 02e7 8E000000 		.4byte	0x8e
 402 02eb 10       		.uleb128 0x10
 403 02ec 627000   		.ascii	"bp\000"
 404 02ef 06       		.byte	0x6
 405 02f0 2E       		.byte	0x2e
 406 02f1 30       		.byte	0x30
 407 02f2 DF000000 		.4byte	0xdf
 408 02f6 10       		.uleb128 0x10
 409 02f7 6E00     		.ascii	"n\000"
 410 02f9 06       		.byte	0x6
 411 02fa 2E       		.byte	0x2e
 412 02fb 3B       		.byte	0x3b
 413 02fc 24000000 		.4byte	0x24
 414 0300 0E       		.uleb128 0xe
 415 0301 6D737000 		.ascii	"msp\000"
 416 0305 06       		.byte	0x6
 417 0306 2F       		.byte	0x2f
 418 0307 11       		.byte	0x11
 419 0308 2D020000 		.4byte	0x22d
 420 030c 00       		.byte	0
 421 030d 00       		.byte	0
 422              		.section	.gnu.debuglto_.debug_abbrev,"e",%progbits
 423              	.Ldebug_abbrev0:
 424 0000 01       		.uleb128 0x1
 425 0001 11       		.uleb128 0x11
 426 0002 01       		.byte	0x1
 427 0003 25       		.uleb128 0x25
 428 0004 0E       		.uleb128 0xe
 429 0005 13       		.uleb128 0x13
 430 0006 0B       		.uleb128 0xb
 431 0007 03       		.uleb128 0x3
 432 0008 0E       		.uleb128 0xe
 433 0009 1B       		.uleb128 0x1b
 434 000a 0E       		.uleb128 0xe
 435 000b 10       		.uleb128 0x10
 436 000c 17       		.uleb128 0x17
 437 000d 00       		.byte	0
 438 000e 00       		.byte	0
 439 000f 02       		.uleb128 0x2
 440 0010 24       		.uleb128 0x24
 441 0011 00       		.byte	0
 442 0012 0B       		.uleb128 0xb
 443 0013 0B       		.uleb128 0xb
 444 0014 3E       		.uleb128 0x3e
 445 0015 0B       		.uleb128 0xb
 446 0016 03       		.uleb128 0x3
 447 0017 08       		.uleb128 0x8
 448 0018 00       		.byte	0
 449 0019 00       		.byte	0
 450 001a 03       		.uleb128 0x3
 451 001b 16       		.uleb128 0x16
 452 001c 00       		.byte	0
 453 001d 03       		.uleb128 0x3
 454 001e 0E       		.uleb128 0xe
 455 001f 3A       		.uleb128 0x3a
 456 0020 0B       		.uleb128 0xb
ARM GAS  /tmp/ccqBuMFg.s 			page 9


 457 0021 3B       		.uleb128 0x3b
 458 0022 0B       		.uleb128 0xb
 459 0023 39       		.uleb128 0x39
 460 0024 0B       		.uleb128 0xb
 461 0025 49       		.uleb128 0x49
 462 0026 13       		.uleb128 0x13
 463 0027 00       		.byte	0
 464 0028 00       		.byte	0
 465 0029 04       		.uleb128 0x4
 466 002a 24       		.uleb128 0x24
 467 002b 00       		.byte	0
 468 002c 0B       		.uleb128 0xb
 469 002d 0B       		.uleb128 0xb
 470 002e 3E       		.uleb128 0x3e
 471 002f 0B       		.uleb128 0xb
 472 0030 03       		.uleb128 0x3
 473 0031 0E       		.uleb128 0xe
 474 0032 00       		.byte	0
 475 0033 00       		.byte	0
 476 0034 05       		.uleb128 0x5
 477 0035 0F       		.uleb128 0xf
 478 0036 00       		.byte	0
 479 0037 0B       		.uleb128 0xb
 480 0038 0B       		.uleb128 0xb
 481 0039 00       		.byte	0
 482 003a 00       		.byte	0
 483 003b 06       		.uleb128 0x6
 484 003c 26       		.uleb128 0x26
 485 003d 00       		.byte	0
 486 003e 49       		.uleb128 0x49
 487 003f 13       		.uleb128 0x13
 488 0040 00       		.byte	0
 489 0041 00       		.byte	0
 490 0042 07       		.uleb128 0x7
 491 0043 0F       		.uleb128 0xf
 492 0044 00       		.byte	0
 493 0045 0B       		.uleb128 0xb
 494 0046 0B       		.uleb128 0xb
 495 0047 49       		.uleb128 0x49
 496 0048 13       		.uleb128 0x13
 497 0049 00       		.byte	0
 498 004a 00       		.byte	0
 499 004b 08       		.uleb128 0x8
 500 004c 15       		.uleb128 0x15
 501 004d 01       		.byte	0x1
 502 004e 27       		.uleb128 0x27
 503 004f 19       		.uleb128 0x19
 504 0050 49       		.uleb128 0x49
 505 0051 13       		.uleb128 0x13
 506 0052 01       		.uleb128 0x1
 507 0053 13       		.uleb128 0x13
 508 0054 00       		.byte	0
 509 0055 00       		.byte	0
 510 0056 09       		.uleb128 0x9
 511 0057 05       		.uleb128 0x5
 512 0058 00       		.byte	0
 513 0059 49       		.uleb128 0x49
ARM GAS  /tmp/ccqBuMFg.s 			page 10


 514 005a 13       		.uleb128 0x13
 515 005b 00       		.byte	0
 516 005c 00       		.byte	0
 517 005d 0A       		.uleb128 0xa
 518 005e 13       		.uleb128 0x13
 519 005f 01       		.byte	0x1
 520 0060 03       		.uleb128 0x3
 521 0061 0E       		.uleb128 0xe
 522 0062 0B       		.uleb128 0xb
 523 0063 0B       		.uleb128 0xb
 524 0064 3A       		.uleb128 0x3a
 525 0065 0B       		.uleb128 0xb
 526 0066 3B       		.uleb128 0x3b
 527 0067 0B       		.uleb128 0xb
 528 0068 39       		.uleb128 0x39
 529 0069 0B       		.uleb128 0xb
 530 006a 01       		.uleb128 0x1
 531 006b 13       		.uleb128 0x13
 532 006c 00       		.byte	0
 533 006d 00       		.byte	0
 534 006e 0B       		.uleb128 0xb
 535 006f 0D       		.uleb128 0xd
 536 0070 00       		.byte	0
 537 0071 03       		.uleb128 0x3
 538 0072 0E       		.uleb128 0xe
 539 0073 3A       		.uleb128 0x3a
 540 0074 0B       		.uleb128 0xb
 541 0075 3B       		.uleb128 0x3b
 542 0076 0B       		.uleb128 0xb
 543 0077 39       		.uleb128 0x39
 544 0078 0B       		.uleb128 0xb
 545 0079 49       		.uleb128 0x49
 546 007a 13       		.uleb128 0x13
 547 007b 38       		.uleb128 0x38
 548 007c 0B       		.uleb128 0xb
 549 007d 00       		.byte	0
 550 007e 00       		.byte	0
 551 007f 0C       		.uleb128 0xc
 552 0080 0D       		.uleb128 0xd
 553 0081 00       		.byte	0
 554 0082 03       		.uleb128 0x3
 555 0083 08       		.uleb128 0x8
 556 0084 3A       		.uleb128 0x3a
 557 0085 0B       		.uleb128 0xb
 558 0086 3B       		.uleb128 0x3b
 559 0087 0B       		.uleb128 0xb
 560 0088 39       		.uleb128 0x39
 561 0089 0B       		.uleb128 0xb
 562 008a 49       		.uleb128 0x49
 563 008b 13       		.uleb128 0x13
 564 008c 38       		.uleb128 0x38
 565 008d 0B       		.uleb128 0xb
 566 008e 00       		.byte	0
 567 008f 00       		.byte	0
 568 0090 0D       		.uleb128 0xd
 569 0091 13       		.uleb128 0x13
 570 0092 01       		.byte	0x1
ARM GAS  /tmp/ccqBuMFg.s 			page 11


 571 0093 0B       		.uleb128 0xb
 572 0094 0B       		.uleb128 0xb
 573 0095 3A       		.uleb128 0x3a
 574 0096 0B       		.uleb128 0xb
 575 0097 3B       		.uleb128 0x3b
 576 0098 0B       		.uleb128 0xb
 577 0099 39       		.uleb128 0x39
 578 009a 0B       		.uleb128 0xb
 579 009b 01       		.uleb128 0x1
 580 009c 13       		.uleb128 0x13
 581 009d 00       		.byte	0
 582 009e 00       		.byte	0
 583 009f 0E       		.uleb128 0xe
 584 00a0 34       		.uleb128 0x34
 585 00a1 00       		.byte	0
 586 00a2 03       		.uleb128 0x3
 587 00a3 08       		.uleb128 0x8
 588 00a4 3A       		.uleb128 0x3a
 589 00a5 0B       		.uleb128 0xb
 590 00a6 3B       		.uleb128 0x3b
 591 00a7 0B       		.uleb128 0xb
 592 00a8 39       		.uleb128 0x39
 593 00a9 0B       		.uleb128 0xb
 594 00aa 49       		.uleb128 0x49
 595 00ab 13       		.uleb128 0x13
 596 00ac 00       		.byte	0
 597 00ad 00       		.byte	0
 598 00ae 0F       		.uleb128 0xf
 599 00af 2E       		.uleb128 0x2e
 600 00b0 01       		.byte	0x1
 601 00b1 3F       		.uleb128 0x3f
 602 00b2 19       		.uleb128 0x19
 603 00b3 03       		.uleb128 0x3
 604 00b4 0E       		.uleb128 0xe
 605 00b5 3A       		.uleb128 0x3a
 606 00b6 0B       		.uleb128 0xb
 607 00b7 3B       		.uleb128 0x3b
 608 00b8 0B       		.uleb128 0xb
 609 00b9 39       		.uleb128 0x39
 610 00ba 0B       		.uleb128 0xb
 611 00bb 27       		.uleb128 0x27
 612 00bc 19       		.uleb128 0x19
 613 00bd 01       		.uleb128 0x1
 614 00be 13       		.uleb128 0x13
 615 00bf 00       		.byte	0
 616 00c0 00       		.byte	0
 617 00c1 10       		.uleb128 0x10
 618 00c2 05       		.uleb128 0x5
 619 00c3 00       		.byte	0
 620 00c4 03       		.uleb128 0x3
 621 00c5 08       		.uleb128 0x8
 622 00c6 3A       		.uleb128 0x3a
 623 00c7 0B       		.uleb128 0xb
 624 00c8 3B       		.uleb128 0x3b
 625 00c9 0B       		.uleb128 0xb
 626 00ca 39       		.uleb128 0x39
 627 00cb 0B       		.uleb128 0xb
ARM GAS  /tmp/ccqBuMFg.s 			page 12


 628 00cc 49       		.uleb128 0x49
 629 00cd 13       		.uleb128 0x13
 630 00ce 00       		.byte	0
 631 00cf 00       		.byte	0
 632 00d0 11       		.uleb128 0x11
 633 00d1 05       		.uleb128 0x5
 634 00d2 00       		.byte	0
 635 00d3 03       		.uleb128 0x3
 636 00d4 0E       		.uleb128 0xe
 637 00d5 3A       		.uleb128 0x3a
 638 00d6 0B       		.uleb128 0xb
 639 00d7 3B       		.uleb128 0x3b
 640 00d8 0B       		.uleb128 0xb
 641 00d9 39       		.uleb128 0x39
 642 00da 0B       		.uleb128 0xb
 643 00db 49       		.uleb128 0x49
 644 00dc 13       		.uleb128 0x13
 645 00dd 00       		.byte	0
 646 00de 00       		.byte	0
 647 00df 12       		.uleb128 0x12
 648 00e0 2E       		.uleb128 0x2e
 649 00e1 01       		.byte	0x1
 650 00e2 03       		.uleb128 0x3
 651 00e3 0E       		.uleb128 0xe
 652 00e4 3A       		.uleb128 0x3a
 653 00e5 0B       		.uleb128 0xb
 654 00e6 3B       		.uleb128 0x3b
 655 00e7 0B       		.uleb128 0xb
 656 00e8 39       		.uleb128 0x39
 657 00e9 0B       		.uleb128 0xb
 658 00ea 27       		.uleb128 0x27
 659 00eb 19       		.uleb128 0x19
 660 00ec 49       		.uleb128 0x49
 661 00ed 13       		.uleb128 0x13
 662 00ee 01       		.uleb128 0x1
 663 00ef 13       		.uleb128 0x13
 664 00f0 00       		.byte	0
 665 00f1 00       		.byte	0
 666 00f2 13       		.uleb128 0x13
 667 00f3 2E       		.uleb128 0x2e
 668 00f4 01       		.byte	0x1
 669 00f5 03       		.uleb128 0x3
 670 00f6 0E       		.uleb128 0xe
 671 00f7 3A       		.uleb128 0x3a
 672 00f8 0B       		.uleb128 0xb
 673 00f9 3B       		.uleb128 0x3b
 674 00fa 0B       		.uleb128 0xb
 675 00fb 39       		.uleb128 0x39
 676 00fc 0B       		.uleb128 0xb
 677 00fd 27       		.uleb128 0x27
 678 00fe 19       		.uleb128 0x19
 679 00ff 49       		.uleb128 0x49
 680 0100 13       		.uleb128 0x13
 681 0101 00       		.byte	0
 682 0102 00       		.byte	0
 683 0103 00       		.byte	0
 684              		.section	.gnu.debuglto_.debug_line,"e",%progbits
ARM GAS  /tmp/ccqBuMFg.s 			page 13


 685              	.Ldebug_line0:
 686 0000 12010000 		.4byte	.LELT0-.LSLT0
 687              	.LSLT0:
 688 0004 0400     		.2byte	0x4
 689 0006 0C010000 		.4byte	.LELTP0-.LASLTP0
 690              	.LASLTP0:
 691 000a 01       		.byte	0x1
 692 000b 01       		.byte	0x1
 693 000c 01       		.byte	0x1
 694 000d F6       		.byte	0xf6
 695 000e F2       		.byte	0xf2
 696 000f 0D       		.byte	0xd
 697 0010 00       		.byte	0
 698 0011 01       		.byte	0x1
 699 0012 01       		.byte	0x1
 700 0013 01       		.byte	0x1
 701 0014 01       		.byte	0x1
 702 0015 00       		.byte	0
 703 0016 00       		.byte	0
 704 0017 00       		.byte	0
 705 0018 01       		.byte	0x1
 706 0019 00       		.byte	0
 707 001a 00       		.byte	0
 708 001b 01       		.byte	0x1
 709 001c 2E2E2F43 		.ascii	"../ChibiOS/os/hal/lib/streams"
 709      68696269 
 709      4F532F6F 
 709      732F6861 
 709      6C2F6C69 
 710 0039 00       		.byte	0
 711 003a 2E2E2F46 		.ascii	"../FreeRTOS/include"
 711      72656552 
 711      544F532F 
 711      696E636C 
 711      756465
 712 004d 00       		.byte	0
 713 004e 2F757372 		.ascii	"/usr/arm-none-eabi/include/machine"
 713      2F61726D 
 713      2D6E6F6E 
 713      652D6561 
 713      62692F69 
 714 0070 00       		.byte	0
 715 0071 2F757372 		.ascii	"/usr/arm-none-eabi/include/sys"
 715      2F61726D 
 715      2D6E6F6E 
 715      652D6561 
 715      62692F69 
 716 008f 00       		.byte	0
 717 0090 2F757372 		.ascii	"/usr/lib/gcc/arm-none-eabi/10.2.0/include"
 717      2F6C6962 
 717      2F676363 
 717      2F61726D 
 717      2D6E6F6E 
 718 00b9 00       		.byte	0
 719 00ba 00       		.byte	0
 720 00bb 73746464 		.ascii	"stddef.h\000"
 720      65662E68 
ARM GAS  /tmp/ccqBuMFg.s 			page 14


 720      00
 721 00c4 05       		.uleb128 0x5
 722 00c5 00       		.uleb128 0
 723 00c6 00       		.uleb128 0
 724 00c7 5F646566 		.ascii	"_default_types.h\000"
 724      61756C74 
 724      5F747970 
 724      65732E68 
 724      00
 725 00d8 03       		.uleb128 0x3
 726 00d9 00       		.uleb128 0
 727 00da 00       		.uleb128 0
 728 00db 5F737464 		.ascii	"_stdint.h\000"
 728      696E742E 
 728      6800
 729 00e5 04       		.uleb128 0x4
 730 00e6 00       		.uleb128 0
 731 00e7 00       		.uleb128 0
 732 00e8 6F73616C 		.ascii	"osal_ch.h\000"
 732      5F63682E 
 732      6800
 733 00f2 02       		.uleb128 0x2
 734 00f3 00       		.uleb128 0
 735 00f4 00       		.uleb128 0
 736 00f5 6D656D73 		.ascii	"memstreams.h\000"
 736      74726561 
 736      6D732E68 
 736      00
 737 0102 01       		.uleb128 0x1
 738 0103 00       		.uleb128 0
 739 0104 00       		.uleb128 0
 740 0105 6D656D73 		.ascii	"memstreams.c\000"
 740      74726561 
 740      6D732E63 
 740      00
 741 0112 01       		.uleb128 0x1
 742 0113 00       		.uleb128 0
 743 0114 00       		.uleb128 0
 744 0115 00       		.byte	0
 745              	.LELTP0:
 746              	.LELT0:
 747              		.section	.gnu.debuglto_.debug_str,"eMS",%progbits,1
 748              	.LASF5:
 749 0000 5F5F7569 		.ascii	"__uint8_t\000"
 749      6E74385F 
 749      7400
 750              	.LASF4:
 751 000a 73697A65 		.ascii	"size_t\000"
 751      5F7400
 752              	.LASF25:
 753 0011 5F707574 		.ascii	"_put\000"
 753      00
 754              	.LASF29:
 755 0016 2F686F6D 		.ascii	"/home/framin/hardware/electrosense-converter-firmwa"
 755      652F6672 
 755      616D696E 
 755      2F686172 
ARM GAS  /tmp/ccqBuMFg.s 			page 15


 755      64776172 
 756 0049 72655632 		.ascii	"reV2/firmware\000"
 756      2F666972 
 756      6D776172 
 756      6500
 757              	.LASF9:
 758 0057 5F5F696E 		.ascii	"__int32_t\000"
 758      7433325F 
 758      7400
 759              	.LASF30:
 760 0061 4D656D53 		.ascii	"MemStreamVMT\000"
 760      74726561 
 760      6D564D54 
 760      00
 761              	.LASF3:
 762 006e 7369676E 		.ascii	"signed char\000"
 762      65642063 
 762      68617200 
 763              	.LASF6:
 764 007a 756E7369 		.ascii	"unsigned char\000"
 764      676E6564 
 764      20636861 
 764      7200
 765              	.LASF27:
 766 0088 474E5520 		.ascii	"GNU C17 10.2.0 -mcpu=cortex-m3 -mno-thumb-interwork"
 766      43313720 
 766      31302E32 
 766      2E30202D 
 766      6D637075 
 767 00bb 202D6D74 		.ascii	" -mthumb -mfloat-abi=soft -march=armv7-m -ggdb -Os "
 767      68756D62 
 767      202D6D66 
 767      6C6F6174 
 767      2D616269 
 768 00ee 2D666F6D 		.ascii	"-fomit-frame-pointer -falign-functions=16 -ffunctio"
 768      69742D66 
 768      72616D65 
 768      2D706F69 
 768      6E746572 
 769 0121 6E2D7365 		.ascii	"n-sections -fdata-sections -fno-common -flto\000"
 769      6374696F 
 769      6E73202D 
 769      66646174 
 769      612D7365 
 770              	.LASF8:
 771 014e 73686F72 		.ascii	"short unsigned int\000"
 771      7420756E 
 771      7369676E 
 771      65642069 
 771      6E7400
 772              	.LASF18:
 773 0161 77726974 		.ascii	"write\000"
 773      6500
 774              	.LASF28:
 775 0167 2E2E2F43 		.ascii	"../ChibiOS/os/hal/lib/streams/memstreams.c\000"
 775      68696269 
 775      4F532F6F 
ARM GAS  /tmp/ccqBuMFg.s 			page 16


 775      732F6861 
 775      6C2F6C69 
 776              	.LASF31:
 777 0192 6D734F62 		.ascii	"msObjectInit\000"
 777      6A656374 
 777      496E6974 
 777      00
 778              	.LASF2:
 779 019f 6C6F6E67 		.ascii	"long double\000"
 779      20646F75 
 779      626C6500 
 780              	.LASF19:
 781 01ab 72656164 		.ascii	"read\000"
 781      00
 782              	.LASF24:
 783 01b0 5F676574 		.ascii	"_get\000"
 783      00
 784              	.LASF11:
 785 01b5 6C6F6E67 		.ascii	"long unsigned int\000"
 785      20756E73 
 785      69676E65 
 785      6420696E 
 785      7400
 786              	.LASF0:
 787 01c7 756E7369 		.ascii	"unsigned int\000"
 787      676E6564 
 787      20696E74 
 787      00
 788              	.LASF13:
 789 01d4 63686172 		.ascii	"char\000"
 789      00
 790              	.LASF14:
 791 01d9 75696E74 		.ascii	"uint8_t\000"
 791      385F7400 
 792              	.LASF16:
 793 01e1 6D73675F 		.ascii	"msg_t\000"
 793      7400
 794              	.LASF26:
 795 01e7 5F726561 		.ascii	"_reads\000"
 795      647300
 796              	.LASF15:
 797 01ee 696E7433 		.ascii	"int32_t\000"
 797      325F7400 
 798              	.LASF32:
 799 01f6 5F777269 		.ascii	"_writes\000"
 799      74657300 
 800              	.LASF1:
 801 01fe 6C6F6E67 		.ascii	"long long int\000"
 801      206C6F6E 
 801      6720696E 
 801      7400
 802              	.LASF22:
 803 020c 6F666673 		.ascii	"offset\000"
 803      657400
 804              	.LASF7:
 805 0213 73686F72 		.ascii	"short int\000"
 805      7420696E 
ARM GAS  /tmp/ccqBuMFg.s 			page 17


 805      7400
 806              	.LASF20:
 807 021d 62756666 		.ascii	"buffer\000"
 807      657200
 808              	.LASF10:
 809 0224 6C6F6E67 		.ascii	"long int\000"
 809      20696E74 
 809      00
 810              	.LASF23:
 811 022d 4D656D6F 		.ascii	"MemoryStream\000"
 811      72795374 
 811      7265616D 
 811      00
 812              	.LASF21:
 813 023a 73697A65 		.ascii	"size\000"
 813      00
 814              	.LASF17:
 815 023f 5F426F6F 		.ascii	"_Bool\000"
 815      6C00
 816              	.LASF12:
 817 0245 6C6F6E67 		.ascii	"long long unsigned int\000"
 817      206C6F6E 
 817      6720756E 
 817      7369676E 
 817      65642069 
 818              		.text
 819              		.section	.gnu.lto_.profile.d8cd12b36b028b37,"e",%progbits
 820 0000 789C6362 		.ascii	"x\234cb\000\001\000\000\022\000\003"
 820      00010000 
 820      120003
 821              		.text
 822              		.section	.gnu.lto_.icf.d8cd12b36b028b37,"e",%progbits
 823 0000 789C5363 		.ascii	"x\234Sc@\0006\206I\237\277\\db\354o\330\260\215\207"
 823      40003686 
 823      499FBF5C 
 823      6462EC6F 
 823      D8B08D87 
 824 0014 E9D2F973 		.ascii	"\351\322\371s/\271\230\237l\352\333\316\313r\364q\377"
 824      2FB9989F 
 824      6CEADBCE 
 824      CB72F471 
 824      FF
 825 0025 4746D639 		.ascii	"GF\3269\013\016=\343f\000\000ko\022k"
 825      0B0E3DE3 
 825      6600006B 
 825      6F126B
 826              		.text
 827              		.section	.gnu.lto_.jmpfuncs.d8cd12b36b028b37,"e",%progbits
 828 0000 789C8D4E 		.ascii	"x\234\215NA\012\200@\020\322\235\331:\356\217\333\307"
 828      410A8040 
 828      10D29DD9 
 828      3AEE8FDB 
 828      C7
 829 0011 EC2F3AF5 		.ascii	"\354/:\365\263\322\010\212\016\221 \2430\212+nT\024"
 829      B3D2088A 
 829      0E9120A3 
 829      308A2B6E 
ARM GAS  /tmp/ccqBuMFg.s 			page 18


 829      5414
 830 0023 32FA0888 		.ascii	"2\372\010\2104\254\213\345l\305\021E7\246\\HpKB\334"
 830      34AC8BE5 
 830      6CC51145 
 830      37A65C48 
 830      704B42DC 
 831 0037 85A6F4B7 		.ascii	"\205\246\364\267\217gK\236-\357\227\037\255\231^\325"
 831      8F674B9E 
 831      2DEF971F 
 831      AD995ED5 
 832 0047 14AFFD1A 		.ascii	"\024\257\375\032c\342\000\023\2311\234"
 832      63E20013 
 832      99319C
 833              		.text
 834              		.section	.gnu.lto_.ipa_sra.d8cd12b36b028b37,"e",%progbits
 835 0000 789C4B66 		.ascii	"x\234Kf@\000V\006&\030\223\231\221\021L11\203\271,\014"
 835      40005606 
 835      26189399 
 835      91114C31 
 835      3183B92C 
 836 0015 EC602E33 		.ascii	"\354`.3c#\017D\001#P)#3\232,X\002\244\002,\313\302\302"
 836      63230F44 
 836      01235029 
 836      23339A2C 
 836      5802A402 
 837 002d 80061819 		.ascii	"\200\006\030\031\000om\001\315"
 837      006F6D01 
 837      CD
 838              		.text
 839              		.section	.gnu.lto_.inline.d8cd12b36b028b37,"e",%progbits
 840 0000 789CCD91 		.ascii	"x\234\315\221\261\212\0021\020\206\377\314D]\\\005\313"
 840      B18A0231 
 840      1086FFCC 
 840      445D5C05 
 840      CB
 841 0011 2BAED8D2 		.ascii	"+\256\330\322\307\360\011|\206UW\3575\254\204+\004}"
 841      C7F0097C 
 841      865557EF 
 841      35AC842B 
 841      047D
 842 0023 004510B1 		.ascii	"\000E\020\261\023\013{=\256\263\261\260\261\023_\302"
 842      130B7B3D 
 842      AEB3B1B0 
 842      B1135FC2 
 843 0033 46569D04 		.ascii	"FV\235\004w\263pWh\347\004\302\307d&\363\221,\010i\344"
 843      77B37057 
 843      68E704C2 
 843      C76426F3 
 843      912C0869 
 844 0048 80F2F7EC 		.ascii	"\200\362\367\354r\245\216b\250)3\270\206\007\204\026"
 844      72A58E62 
 844      A82933B8 
 844      86078416 
 845 0058 081CA098 		.ascii	"\010\034\240\230\037n\3171E\200\267\374\235\337(\"\020"
 845      1F6ECF31 
 845      4580B7FC 
 845      9DDF2822 
ARM GAS  /tmp/ccqBuMFg.s 			page 19


 845      10
 846 0069 5457829A 		.ascii	"TW\202\232\004\2352\264\313z.\353A[\212P\202\372\351"
 846      049D32B4 
 846      CB7A2EEB 
 846      415B8A50 
 846      82FAE9
 847 007c 8F636E10 		.ascii	"\217cn\020*\2240* KM|\210\223Bi\264\032\0363Ja\242\324"
 847      2A94302A 
 847      204B4D7C 
 847      88934269 
 847      B41A1E33 
 848 0094 551927B6 		.ascii	"U\031'\266N-\240p8\355\327\317:\361\251\267\273J\327"
 848      4E2DA070 
 848      38EDD7CF 
 848      3AF1A9B7 
 848      BB4AD7
 849 00a7 6B4E7264 		.ascii	"kNrd\252\371K\351\177\234\310\022\234\233\237\334\015"
 849      AAF94BE9 
 849      7F9CC812 
 849      9C9B9FDC 
 849      0D
 850 00b8 CFB6BDFC 		.ascii	"\317\266\275\374^d\251%n\011}\272\312\300U\006\351y"
 850      5E64A925 
 850      6E097DBA 
 850      CAC05506 
 850      E979
 851 00ca 55C6EBB2 		.ascii	"U\306\353\262l<\250\233\305\177\2143\037\373\216\302"
 851      6C3CA89B 
 851      C57F8C33 
 851      1FFB8EC2 
 852 00da DA8EDE70 		.ascii	"\332\216\336p[\3363g\310\330\370\002\023j\033\033\211"
 852      5BDE3367 
 852      C8D8F802 
 852      136A1B1B 
 852      89
 853 00eb 3B51B399 		.ascii	";Q\263\231\335"
 853      DD
 854              		.text
 855              		.section	.gnu.lto_.pureconst.d8cd12b36b028b37,"e",%progbits
 856 0000 789C1360 		.ascii	"x\234\023````e\230\305\3028\213\205i\026\013\363,\026"
 856      60606065 
 856      98C5C238 
 856      8B856916 
 856      0BF32C16 
 857 0014 96592C00 		.ascii	"\226Y,\000\032|\0036"
 857      1A7C0336 
 858              		.text
 859              		.section	.gnu.lto_.lto.d8cd12b36b028b37,"e",%progbits
 860 0000 09000000 		.ascii	"\011\000\000\000\001\000\000\000"
 860      01000000 
 861              		.text
 862              		.section	.gnu.lto__writes.88.d8cd12b36b028b37,"e",%progbits
 863 0000 789C9552 		.ascii	"x\234\225R\317KTQ\030\275\347\335\367\346\275qLw-2\301"
 863      CF4B5451 
 863      18BDE7DD 
 863      F7E6BD71 
 863      4C772D32 
ARM GAS  /tmp/ccqBuMFg.s 			page 20


 864 0015 452212BC 		.ascii	"E\"\022\274\231\331\270\213\2026BDA\177\201\232\341"
 864      99D9B88B 
 864      82364244 
 864      417F819A 
 864      E1
 865 0026 8453D2B4 		.ascii	"\204S\322\264\367\3168\315\"\301\221R#rB{\251A\240\030"
 865      F7CE38CD 
 865      22C19152 
 865      2372427B 
 865      A941A018 
 866 003a 965A6663 		.ascii	"\226Zfc\232\246\326\306r'\"-\002MS\024\"\310\037}\367"
 866      9AA6D6C6 
 866      7227222D 
 866      024D5314 
 866      22C81F7D 
 867 004f BE81B1DC 		.ascii	"\276\201\261\334\350\300\\\276_\347\334s\276\373\316"
 867      E8C05CBE 
 867      5FE7DC73 
 867      BEFBCE
 868 005e EA8C5D66 		.ascii	"\352\214]f\214\025\322\037\234A\023B\2343\243\226\006"
 868      8C15D21F 
 868      9C411342 
 868      9C33A396 
 868      06
 869 006f A8485860 		.ascii	"\250HX`\365\032\352q\237?\342X\214\245~\347\336\343"
 869      F51AEA71 
 869      9F3FE258 
 869      8CA57EE7 
 869      DEE3
 870 0081 0E0DEA94 		.ascii	"\016\015\352\224\266\314\014L\347\310\024(\242\264+"
 870      B6CC0C4C 
 870      E7C81428 
 870      A2B42B
 871 0090 FE7DDB57 		.ascii	"\376}\333W\332#DL\244\037\214\234\031k\270S\356p\215"
 871      DA23444C 
 871      A41F8C9C 
 871      196BB853 
 871      EE708D
 872 00a3 A568FA25 		.ascii	"\245h\372%\0120\200\002&\177x\205R\232\376\362y\276"
 872      0A308002 
 872      267F7885 
 872      529AFEF2 
 872      79BE
 873 00b5 D9E43618 		.ascii	"\331\3446\030\305\243\353\013;9%]\012\271:\316\305)"
 873      C5A3EB0B 
 873      3B39255D 
 873      0AB93ACE 
 873      C529
 874 00c7 87730C82 		.ascii	"\207s\014\202\377\003\245Zp\311`\030B\011A\3764\316"
 874      FF03A55A 
 874      70C96018 
 874      420941FE 
 874      34CE
 875 00d9 B77979B9 		.ascii	"\267yy\271\2027v|\035\2662\360\211I\005\3271|\000\256"
 875      8237767C 
 875      1DB632F0 
 875      894905D7 
ARM GAS  /tmp/ccqBuMFg.s 			page 21


 875      317C00AE 
 876 00ed 077F10FC 		.ascii	"\007\177\020\374\265\202\357\210\226\266<~A\301\227"
 876      B582EF88 
 876      96B63C7E 
 876      41C197
 877 00fc 37579BF2 		.ascii	"7W\233\3623\360\205)\005\327\360\346\000\\\013\376\""
 877      33F08529 
 877      05D7F0E6 
 877      005C0BFE 
 877      22
 878 010d F8084A98 		.ascii	"\370\010J\230\004m\255\317\317z\371EE\2605\364<i\024"
 878      046DADCF 
 878      CF7AF945 
 878      45B035F4 
 878      3C6914
 879 0120 3B8A60B7 		.ascii	";\212`\267\325h\027\351x\221\303\015\274\375\217\203"
 879      D56817E9 
 879      7891C30D 
 879      BCFD8F83 
 880 0130 B1A0F048 		.ascii	"\261\240\360H\300\267\376\335\326c\036\035\243(\226"
 880      C0B7FEDD 
 880      D6631E1D 
 880      A32896
 881 013f EB914B79 		.ascii	"\353\221Ky\007\017\003\005}sFZl\357%\205X\363\355\016"
 881      070F0305 
 881      7D73465A 
 881      6CEF2585 
 881      58F3ED0E 
 882 0153 0C221F74 		.ascii	"\014\"\037t\265G\223\007\227\207\256$\030\024\232\036"
 882      B5479307 
 882      9787AE24 
 882      18149A1E 
 883 0163 7998B268 		.ascii	"y\230\262h\311\303\013\271\032\037d?\027\322'cI\316"
 883      C9C30BB9 
 883      1A1F643F 
 883      17D22763 
 883      49CE
 884 0175 E819850E 		.ascii	"\350\031\205\016\221f\254\231kn\022\245d\005\342\311"
 884      9166AC99 
 884      6B6E12A5 
 884      6405E2C9 
 885 0185 DE0975ED 		.ascii	"\336\011u\355\012b\035\335\220\241\024\324\311\275\252"
 885      0A621DDD 
 885      90A114D4 
 885      C9BDAA
 886 0194 D953A09A 		.ascii	"\331S\240\232?\021\033\231Vs\235\034$\275\251a}\321"
 886      3F111B99 
 886      56739D1C 
 886      24BDA961 
 886      7DD1
 887 01a6 926F6E28 		.ascii	"\222on(\353-\375\275S\274\033O\243DL\236-B#-\275Ron"
 887      EB2DFDBD 
 887      53BC1B4F 
 887      A3444C9E 
 887      2D42232D 
 888 01be 2D9D42A0 		.ascii	"-\235B\240W\270-\015c\350F\273\353\366=\002.\263\355"
 888      57B82D0D 
ARM GAS  /tmp/ccqBuMFg.s 			page 22


 888      63E846BB 
 888      EBF63D02 
 888      2EB3ED
 889 01d1 326B47A4 		.ascii	"2kG\244\032WTr_\230PT\015\217\023\017\015\227\213\223"
 889      1A575472 
 889      5F985054 
 889      0D8F130F 
 889      0D978B93 
 890 01e5 506294C5 		.ascii	"Pb\224\305M\017\353\344\272*\371\310\224\246vG\025e"
 890      4D0FEBE4 
 890      BA2AF9C8 
 890      94A67647 
 890      1565
 891 01f7 B06F9FC1 		.ascii	"\260o\237\301B\027j\034I\206\211\017J\206&eL\2722^$"
 891      42176A1C 
 891      4986890F 
 891      4A862665 
 891      4CBA325E 
 892 020c 96333224 		.ascii	"\22632$\235\224\261\201DG\236\272\211\010R\317>\355"
 892      9D94B181 
 892      44479EBA 
 892      890852CF 
 892      3EED
 893 021e 79E38845 		.ascii	"y\343\210E-\207{S\322\000\246\020\007S\343\271\244\314"
 893      2D877B53 
 893      D200A610 
 893      0753E3B9 
 893      A4CC
 894 0230 E1394A5C 		.ascii	"\3419J\\?\317\212;\351\022\232\207\022g\313\365|\314"
 894      3FCF8A3B 
 894      E9129A87 
 894      1267CBF5 
 894      7CCC
 895 0242 AE67DAD5 		.ascii	"\256g\332\325\325\236\200\313b\251\205\230\222y\343"
 895      D59E80CB 
 895      62A98598 
 895      9279E3
 896 0251 AEAA1D9E 		.ascii	"\256\252\035\236v&K;\213\000q)\251\203\356\0367\351"
 896      76264B3B 
 896      8B007129 
 896      A983EE1E 
 896      37E9
 897 0263 2BBAEEDE 		.ascii	"+\272\356\336\241\3137Nrd?=\306N\333\266\377|M\2502"
 897      A1CB374E 
 897      72643F3D 
 897      C64EDBB6 
 897      FF7C4DA8 
 898 0278 74E98AFF 		.ascii	"t\351\212\377f\304_SQ\353\257\015U\372#\267oUW\204#"
 898      66C45F53 
 898      51EBAF0D 
 898      55FA23B7 
 898      6F555784 
 899 028d FE707538 		.ascii	"\376pu8\023\332UL\013\325\035\337_\260\257^\013\224"
 899      13DA554C 
 899      0BD51DDF 
 899      5FB0AF5E 
 899      0B94
ARM GAS  /tmp/ccqBuMFg.s 			page 23


 900 029f 559505AA 		.ascii	"U\225\005\252\231VY\207\033<\034\251\373\013\237iet"
 900      99565987 
 900      1B3C1CA9 
 900      FB0B9F69 
 900      6574
 901              		.text
 902              		.section	.gnu.lto__reads.89.d8cd12b36b028b37,"e",%progbits
 903 0000 789C9552 		.ascii	"x\234\225RMKTQ\030>\317=\367\316\334QS\332\264H\"\027"
 903      4D4B5451 
 903      183ECF3D 
 903      F7CEDC51 
 903      53DAB448 
 904 0016 8948341F 		.ascii	"\211H4\037\033wQ\320F\210(\350\027\250\031N8%M{\317"
 904      1B7751D0 
 904      468828E8 
 904      17A8194E 
 904      38254D7B 
 905 002b 8CD34049 		.ascii	"\214\323@I\216\224\351\"'\264\233Z\004\206b\245\245"
 905      8E94E922 
 905      27B49B5A 
 905      048662A5 
 905      A5
 906 003c 36E6577E 		.ascii	"6\346W~\324\302r\027.\"\212\244\032\321EE\232\235\367"
 906      D4C27217 
 906      2E228AA4 
 906      1AD14545 
 906      9A9DF7
 907 004f 1C632C37 		.ascii	"\034c,7:0\207\367\343<\317\373\274\317\271GL\306N1\306"
 907      3A3087F7 
 907      E33CCFFB 
 907      BCCFB947 
 907      4CC64E31 
 908 0064 F6C93F38 		.ascii	"\366\311?8\203!\2048\352\216\330\006\240\"a\203\325"
 908      83218438 
 908      EA8ED806 
 908      A0226183 
 908      D5
 909 0075 1AA8C50D 		.ascii	"\032\250\305\015~\213c!\232\374\221s\235;\362\242)\323"
 909      7E8B6321 
 909      9AFC9173 
 909      9D3BF2A2 
 909      29D3
 910 0087 A6E9BEA9 		.ascii	"\246\351\276\251,J\201\002\231v\304>\256f\027w\011\021"
 910      2C4A8102 
 910      9976C43E 
 910      AE661777 
 910      0911
 911 0099 15A996A5 		.ascii	"\025\251\226\245\303#u\227K\035n\260\244\274\375\010"
 911      C3237597 
 911      4B1D6EB0 
 911      A4BCFD08 
 912 00a9 F9E8433E 		.ascii	"\371\350C>\243\037\036\243X\336~\363j\276\321\315\275"
 912      A31F1EA3 
 912      58DE7EF3 
 912      6ABED1CD 
 912      BD
 913 00ba 60321E4E 		.ascii	"`2\036N\277[\313*\352P\310\017\243\\\034p8\307\023\360"
ARM GAS  /tmp/ccqBuMFg.s 			page 24


 913      BF5BCB2A 
 913      EA50C80F 
 913      A35C1C70 
 913      38C713F0 
 914 00ce 7FA0B216 		.ascii	"\177\240\262\026\350\262\030\372Q$!\277\352\347\233"
 914      E8B218FA 
 914      512421BF 
 914      EAE79B
 915 00dd 3DBC54C1 		.ascii	"=\274T\301\353\333\336\016\330\033\360\331q\00571\260"
 915      EBDBDE0E 
 915      D81BF0D9 
 915      71053731 
 915      B0
 916 00ee 056E067A 		.ascii	"\005n\006z%\374\251\202\257\211\246\346\\~\\\301?/\177"
 916      25FCA982 
 916      AF89A6E6 
 916      5C7E5CC1 
 916      3F2F7F
 917 0101 69C8FB3B 		.ascii	"i\310\373;}B\301\015<\333\0027\002C\022>\210\"F\240"
 917      7D42C10D 
 917      3CDB0237 
 917      0243123E 
 917      882246A0 
 918 0115 95F4FC8C 		.ascii	"\225\364\374\214\207\237P\004+\375\017\022V\241\243"
 918      879F5004 
 918      2BFD0F12 
 918      56A1A3
 919 0124 085EB758 		.ascii	"\010^\267X\255\"\025+p\270\205\241\3778\030\013LZ\004"
 919      AD22152B 
 919      70B885A1 
 919      FF38180B 
 919      4C5A04
 920 0137 78DFF3FB 		.ascii	"x\337\363\373\346.\227\211a\024\222=d\312s\270\030d"
 920      E62E9789 
 920      6114923D 
 920      64CA73B8 
 920      1864
 921 0149 F070CE4A 		.ascii	"\360p\316J\211\325\365\204\020\327\362\322}c\273\363"
 921      89D5F584 
 921      10D7F2D2 
 921      7D63BBF3 
 922 0159 2047BB0C 		.ascii	" G\273\014:8\035\246\222`\321:.:\334T\264\351\360\200"
 922      3A381DA6 
 922      9260D13A 
 922      2E3ADC54 
 922      B4E9F080 
 923 016d ACC906F5 		.ascii	"\254\311\006\365s@{2\226\340L>\2430!R\2145rC'\021\231"
 923      73407B32 
 923      96E04C3E 
 923      A3302152 
 923      8C357243 
 924 0184 2C42DCF9 		.ascii	",B\334\371\224\257\306.\"\332\326\011\012IP;\367\250"
 924      94AFC62E 
 924      22DAD609 
 924      0A49503B 
 924      F7A8
 925 0196 665A37BF 		.ascii	"fZ7\277!:8\265\227\302v\016)\275\241.\275`\323\233["
ARM GAS  /tmp/ccqBuMFg.s 			page 25


 925      213A38B5 
 925      97C2760E 
 925      29BDA12E 
 925      BD60D39B 
 926 01ab 6AF5A69E 		.ascii	"j\365\246\236\356I\336\211\273\021I,wvK4R\264\253\354"
 926      EE49DE89 
 926      BB11492C 
 926      77764B34 
 926      52B4ABEC 
 927 01bf CD7D4D25 		.ascii	"\315}M%\341\357\026\272e`\004\235h\325\333\276\200_"
 927      E1EF16BA 
 927      6560049D 
 927      68D5DBBE 
 927      805F
 928 01d1 331FD2CC 		.ascii	"3\037\322\314\306\016\251F\025\025\371\2051EUw;~\305"
 928      C60EA946 
 928      1515F985 
 928      31455577 
 928      3B7EC5
 929 01e4 D25C5C0A 		.ascii	"\322\\\\\012\225\214T\\v\261vn\252R\266\\\312P\336\311"
 929      958C545C 
 929      76B1766E 
 929      AA52B65C 
 929      CA50DEC9 
 930 01f8 8A5AF0FB 		.ascii	"\212Z\360\373\246\005\2135\324\332\221\014\023\343J"
 930      A6058B35 
 930      D4DA910C 
 930      13E34A
 931 0207 86413226 		.ascii	"\206A2&\264\214\336\370}\267\346\":\222\261\204x[\256"
 931      B48CDEF8 
 931      7DB7E622 
 931      3A92B184 
 931      785BAE
 932 021a 9A240992 		.ascii	"\232$\011\222\367f\327=1D#\266\303\355$-\200I\304 U"
 932      F766D73D 
 932      314423B6 
 932      C3ED242D 
 932      8049C420 
 933 022f E62884E9 		.ascii	"\346(\204\351l\270\377\223g\304\355\327\204\356m\211"
 933      6CB8FF93 
 933      67C4EDD7 
 933      84EE6D89 
 934 023f F3923D2F 		.ascii	"\363\222=/3\366Li]\255qh\026[\031\342&\346\245\253\252"
 934      33F64C69 
 934      5DAD7168 
 934      165B19E2 
 934      26E6A5AB 
 935 0254 B67DDAE9 		.ascii	"\266}\332\351\014\355\014\374\222KI]\327>.\313\257\350"
 935      0CED0CFC 
 935      924B495D 
 935      D73E2ECB 
 935      AFE8
 936 0266 9C9E61D2 		.ascii	"\234\236a\322\033'82\237\036c\007\275^\337\261\252`"
 936      1B273832 
 936      9F1E6307 
 936      BD5EDFB1 
 936      AA60
ARM GAS  /tmp/ccqBuMFg.s 			page 26


 937 0278 79F0E469 		.ascii	"y\360\344i\337\205\260\257\252\254\332W\035,\367\205"
 937      DF85B0AF 
 937      AAACDA57 
 937      1D2CF785 
 938 0288 2F5DAC2C 		.ascii	"/]\254,\013\205}\241\312\320F\350\255`F\260f\317\346"
 938      0B857DA1 
 938      CAD046E8 
 938      AD6046B0 
 938      66CFE6
 939 029b 82F7CC59 		.ascii	"\202\367\314Y\177IE\211\277\222\031\34558\317C\341\232"
 939      7F494589 
 939      BF9219E5 
 939      3538CF43 
 939      E19A
 940 02ad 3F507D65 		.ascii	"?P}e\206"
 940      86
 941              		.text
 942              		.section	.gnu.lto__put.90.d8cd12b36b028b37,"e",%progbits
 943 0000 789C9552 		.ascii	"x\234\225R[KTQ\024\336\337Y\373\314EG\243\036\"\232"
 943      5B4B5451 
 943      14DEDF59 
 943      FBCC4547 
 943      A31E229A 
 944 0014 1E7C4844 		.ascii	"\036|HD\212\231\221\302\207 \012\352!\202\350\241_\240"
 944      8A9991C2 
 944      87200AEA 
 944      2182E8A1 
 944      5FA0
 945 0026 6638E090 		.ascii	"f8\340\2204=\347\2361\204\244R\312(K\305i\324n\250\031"
 945      343DE79E 
 945      3184A452 
 945      CA284BC5 
 945      69D46EA8 
 946 003b DE32D351 		.ascii	"\3362\323Q+\035/!\212\021\021\222\205]4S\222(\"\253"
 946      2B1D2F21 
 946      8A111192 
 946      855D3453 
 946      922822AB 
 947 004f BDCF191A 		.ascii	"\275\317\031\032\253\027\035\230\315Z{\355\357\262\326"
 947      AB171D98 
 947      CD5A7BED 
 947      EFB2D6
 948 005e 59FB3963 		.ascii	"Y\3739c\207\030c\273\344\037:\203&\204\330k\015\330"
 948      871863BB 
 948      E41F3A83 
 948      2684D86B 
 948      0DD8
 949 0070 348DDFAC 		.ascii	"4\215\337\254\336\316E\002=\237\236\330\303\205\203"
 949      DECE4502 
 949      3D9F9ED8 
 949      C38583
 950 007f C063250E 		.ascii	"\300c%\016\030\221\260\201\025j\304Q\210\213t\2150\025"
 950      1891B081 
 950      156AC451 
 950      888B748D 
 950      3015
 951 0091 ACFAE6B8 		.ascii	"\254\372\346\270@ab\3402-\037j\211&\250\024H\221\351"
ARM GAS  /tmp/ccqBuMFg.s 			page 27


 951      406162E0 
 951      322D1F6A 
 951      8926A814 
 951      4891E9
 952 00a4 D799BB75 		.ascii	"\327\231\273uI\3517$RD.\227[\252;\306\204=L\032\253"
 952      49E93724 
 952      52442E97 
 952      5BAA3BC6 
 952      843D4C1A 
 953 00b9 92CF5BE1 		.ascii	"\222\317[\341D\013\234L\375\320\206t\371|bt\262\314"
 953      440B9C4C 
 953      FDD08674 
 953      F97C6274 
 953      B2CC
 954 00cb 4A2E3019 		.ascii	"J.0\031w/\274\\NH\253\023\"(\"#\375$\266\206\211\320"
 954      772FBC5C 
 954      4E48AB13 
 954      22282223 
 954      FD24B686 
 955 00e1 0EFA0B2A 		.ascii	"\016\372\013*\3572\276p\206\016\244IHe\361\355\031\242"
 955      EF32BE70 
 955      860EA449 
 955      4865F1ED 
 955      19A2
 956 00f3 0306BCB5 		.ascii	"\003\006\274\265a\256k]\014\376\261\226\204#,=\3377"
 956      61AE6B5D 
 956      0CFEB196 
 956      84232C3D 
 956      DF37
 957 0105 E13B9CF0 		.ascii	"\341;\234\360\030`\236!d\367\235Hc\012\262\26409l\247"
 957      18609E21 
 957      64F79D48 
 957      630AB2B4 
 957      30396CA7 
 958 0119 83067CA9 		.ascii	"\203\006|\251\343N\251\236\0326\340SW6\364\025\211A"
 958      E34EA99E 
 958      1A36E053 
 958      5736F415 
 958      8941
 959 012b C1C3A4E3 		.ascii	"\301\303\244\343\301?\016\030\313(\321\025\342u\363"
 959      C13F0E18 
 959      CB28D115 
 959      E275F3
 960 013a CF4B4916 		.ascii	"\317KI\026\216.\244\252\366TS\017aa\220A\323\270\036"
 960      8E2EA4AA 
 960      F654530F 
 960      61619041 
 960      D3B81E
 961 014d 113F7E95 		.ascii	"\021?~\225\012\321\260>0\374\254BK\206\024\267h\352"
 961      0AD1B03E 
 961      30FCAC42 
 961      4B8614B7 
 961      68EA
 962 015f 207958B9 		.ascii	" yX\271:t\225Z\324a\225\207f\207\352*\021\246\275Rb"
 962      3A74955A 
 962      D4619587 
 962      6687EA2A 
ARM GAS  /tmp/ccqBuMFg.s 			page 28


 962      11A6BD52 
 963 0174 6A881C22 		.ascii	"j\210\034\"\302X\031if\022\220\311,\304\365\246\263"
 963      C2581969 
 963      661290C9 
 963      2CC4F5A6 
 963      B3
 964 0185 6488CD22 		.ascii	"d\210\315\"XS\017\025*\033!\262\033\325\366X\365\023"
 964      58530F15 
 964      2A1B21B2 
 964      1BD5F658 
 964      F513
 965 0197 825DD1CD 		.ascii	"\202]\321\315*\014\021\244\343\363E\013S6\365\255t\243"
 965      2A0C11A4 
 965      E3F3450B 
 965      5336F5AD 
 965      74A3
 966 01a9 E5F2E6C6 		.ascii	"\345\362\346\306\001\252Gm@R\247\204\311&\341\350V-"
 966      01AA476D 
 966      4052A784 
 966      C926E1E8 
 966      562D
 967 01bb CADAF87C 		.ascii	"\312\332\370|\244\012\236Fa\226\354\350A=*\315&#\360"
 967      A40A9E46 
 967      6196ECE8 
 967      413D2ACD 
 967      2623F0
 968 01ce 98CC2E93 		.ascii	"\230\314.\223Y[#U\257A\245\306\204>I\365\001\247\337"
 968      595B2355 
 968      AF41A5C6 
 968      843E49F5 
 968      01A7DF
 969 01e1 F7EF8C99 		.ascii	"\367\357\214\231\224l\306z\224\021\365\236\253^\246"
 969      946CC67A 
 969      9411F59E 
 969      AB5EA6
 970 01f0 3F0DF7AC 		.ascii	"?\015\367\254li\223\371\232\326$lE\277!\254\004\360"
 970      6C6993F9 
 970      9AD6246C 
 970      45BF21AC 
 970      04F0
 971 0202 C8E8A1E8 		.ascii	"\310\350\241\350^q\205nrqI\247\304%\377\325\350nu\267"
 971      5E71856E 
 971      727149A7 
 971      C425FFD5 
 971      E86E75B7 
 972 0216 725ED6FF 		.ascii	"r^\326\377\346U\223\034V\030\216\307J\014O$u\210\022"
 972      E655931C 
 972      56188EC7 
 972      4A0C4F24 
 972      758812
 973 0229 0DABD38E 		.ascii	"\015\253\323\216\270\323-&\273\276*\247.5\235\201\370"
 973      B8D32D26 
 973      BBBE2AA7 
 973      2E359D81 
 973      F8
 974 023a 74064D93 		.ascii	"t\006M\223\225\3050YbDmg\346o\331\225+\2710\210J\006"
 974      95C53059 
ARM GAS  /tmp/ccqBuMFg.s 			page 29


 974      62446D67 
 974      E66FD995 
 974      2BB93088 
 975 0250 A9B45882 		.ascii	"\251\264X\202\230\347U\312\014\305e\206\341\221\334"
 975      98E755CA 
 975      0CC56586 
 975      E191DC
 976 025f 86F577B1 		.ascii	"\206\365w\261)\253\017\300\343\033\367\031\032\013\221"
 976      29AB0FC0 
 976      E31BF719 
 976      1A0B91
 977 026e 555E7F87 		.ascii	"U^\177\207U\362\314=\255Y4\034h8\205\0218\265\027o^"
 977      55F2CC3D 
 977      AD59341C 
 977      68388511 
 977      38B5176F 
 978 0283 FDB55F1A 		.ascii	"\375\265_\032\030F\341\244\316\267c\220\233\214\370"
 978      1846E1A4 
 978      CEB76390 
 978      9B8CF8
 979 0292 2633B6CD 		.ascii	"&3\266\315\345r\357\313\363f{\017\037q\037\367\273\363"
 979      E572EFCB 
 979      F3667B0F 
 979      1F711FF7 
 979      BBF3
 980 02a4 B2F2DDF9 		.ascii	"\262\362\335\371\336l\267\377\344\211\334,\237\337\355"
 980      DE6CB7FF 
 980      E489DC2C 
 980      9FDFED
 981 02b3 CBF5C542 		.ascii	"\313\365\305BW\016\323\274\005\033W^\270\216\036\363"
 981      570ED3BC 
 981      051B575E 
 981      B88E1EF3 
 982 02c3 64E6647A 		.ascii	"d\346dzr\031\262\311\347/\370\015\271\365t\302"
 982      7219B2C9 
 982      E72FF80D 
 982      B9F574C2 
 983              		.text
 984              		.section	.gnu.lto__get.91.d8cd12b36b028b37,"e",%progbits
 985 0000 789C9552 		.ascii	"x\234\225RKH\224Q\024\276\347?\367\237\027\343\246\300"
 985      4B489451 
 985      14BEE73F 
 985      F79F17E3 
 985      A6C0
 986 0012 4513E1A2 		.ascii	"E\023\341\242A\244\232\031)\\\264)h\323\242h\321\252"
 986      41A49A19 
 986      295CB429 
 986      68D3A268 
 986      D1AA
 987 0024 A59AE180 		.ascii	"\245\232\341\200C\322\264\316\353L\030=L+#5\025\247"
 987      43D2B4CE 
 987      EB4C183D 
 987      4C2B2335 
 987      15A7
 988 0036 51CB04CD 		.ascii	"Q\313\004\3152\233\314lt*\037\245\230\"\030\204T \224"
 988      329BCC6C 
 988      742A1FA5 
ARM GAS  /tmp/ccqBuMFg.s 			page 30


 988      98221884 
 988      542094
 989 0049 A2230999 		.ascii	"\242#\011\231\241\331=\367\037\034\253M\016\314\375"
 989      A1D93DF7 
 989      1F1CAB4D 
 989      0ECCFD
 990 0058 CFE37EDF 		.ascii	"\317\343~\3379\3379\327\311\031;\312\030\333/\377\240"
 990      39DF39D7 
 990      C9193BCA 
 990      18DB2FFF 
 990      A0
 991 0069 33D08410 		.ascii	"3\320\204\020\007\315\305\026M\343\367\352vsa\303\311"
 991      07CDC516 
 991      4DE3F7EA 
 991      767361C3 
 991      C9
 992 007a 4FE307B8 		.ascii	"O\343\007\270\260#\360D\212\003(KX\200\025i\310\241"
 992      B023F044 
 992      8A03284B 
 992      58801569 
 992      C8A1
 993 008c 086EE06D 		.ascii	"\010n\340m\204\251@\355\017\373u\014#\003.\335\212\241"
 993      84A940ED 
 993      0FFB750C 
 993      23032EDD 
 993      8AA1
 994 009e 8E411BB9 		.ascii	"\216A\033\271\000i\322]\232~\320\230\222qW\"E\364V\304"
 994      0069D25D 
 994      9A7ED098 
 994      92715722 
 994      45F456C4 
 995 00b2 54171915 		.ascii	"T\027\031\025\3260j\254V^\177\014\016\350\000\007\243"
 995      D6306AAC 
 995      565E7F0C 
 995      0EE80007 
 995      A3
 996 00c3 1F744286 		.ascii	"\037tB\206\274>><QnF\0270i\367\304?\254\332\322\033"
 996      BC3E3E3C 
 996      516E4617 
 996      3069F7C4 
 996      3FACDAD2 
 997 00d8 850888E8 		.ascii	"\205\010\210\350\333\030\212\235aDx\002\370\007T\306"
 997      DB188A9D 
 997      61447802 
 997      F80754C6 
 998 00e8 32639C41 		.ascii	"2c\234A\004\322\031\201\026\343\023o\254xX\021,FZ\312"
 998      04D21981 
 998      16E3136F 
 998      AC785811 
 998      2C465ACA 
 999 00fc 74675811 		.ascii	"tgX\021|\257\332\322\027\024\003\202\207e\347O\377\""
 999      7CAFDAD2 
 999      17140382 
 999      8765E74F 
 999      FF22
 1000 010e 612C7392 		.ascii	"a,s\222\023\242\246\344\3764\342\021\205^m\270\266\206"
 1000      13A2A6E4 
ARM GAS  /tmp/ccqBuMFg.s 			page 31


 1000      FE34E211 
 1000      855E6DB8 
 1000      B686
 1001 0120 09F47C55 		.ascii	"\011\364|Uj((*\011\255\3033\003\275\327\001\036\003"
 1001      6A28282A 
 1001      09ADC333 
 1001      03BDD701 
 1001      1E03
 1002 0132 3BA2B09F 		.ascii	";\242\260\237\333\177\335L1q\350\006't\201\223\024\222"
 1002      DB7FDD4C 
 1002      3171E806 
 1002      27748193 
 1002      1492
 1003 0144 AEE76062 		.ascii	"\256\347`b \277\024o\033\323\243be\255L\210\341\255"
 1003      20BF146F 
 1003      1BD3A362 
 1003      65AD4C88 
 1003      E1AD
 1004 0156 EFFAE7AB 		.ascii	"\357\372\347\253\265\024\220\002L\032\035(\0173\247"
 1004      B5149002 
 1004      4C1A1D28 
 1004      0F33A7
 1005 0165 4327D724 		.ascii	"C'\327$\017\315\002\244\313\306\010k\247\000ce\310h"
 1005      0FCD02A4 
 1005      CBC6086B 
 1005      A7006365 
 1005      C868
 1006 0177 961C4494 		.ascii	"\226\034D\224\261r\324\014\247X:3 \356,]AU\220\354e"
 1006      B172D40C 
 1006      A7583A33 
 1006      20EE2C5D 
 1006      415590EC 
 1007 018c 7BC20CD4 		.ascii	"{\302\014\3247\001\231\324U\010-*\031.5.\316C\240{p"
 1007      370199D4 
 1007      55082D2A 
 1007      192E352E 
 1007      CE43A07B 
 1008 01a1 1B992104 		.ascii	"\033\231!\004)\342j0>e\241\355q5\203\212\366\326~l\202"
 1008      29E26A30 
 1008      3E65A1ED 
 1008      7135838A 
 1008      F6D67E6C 
 1009 01b6 86625925 		.ascii	"\206bY%-\214\026\011\207\036\232\230\314\215\315Ek\301"
 1009      2D8C1609 
 1009      871E9A98 
 1009      CC8DCD45 
 1009      6BC1
 1010 01c8 D32A8C94 		.ascii	"\323*\214\224\025^@\023\324\030\232\243\3401\230\367"
 1010      155E4013 
 1010      D4189AA3 
 1010      E03198F7 
 1011 01d8 18CCDA26 		.ascii	"\030\314\332&\251z\025\025\020U\237\244\372\012\347"
 1011      A97A1515 
 1011      10559FA4 
 1011      FA0AE7
 1012 01e7 BFC4F625 		.ascii	"\277\304\366%\232\014\321\024\030i\307\336\322\272U"
 1012      9A0CD114 
ARM GAS  /tmp/ccqBuMFg.s 			page 32


 1012      1869C7DE 
 1012      D2BA55
 1013 01f6 5CD7DEB2 		.ascii	"\\\327\336\262Q\322v\3436n\252\260\031b\2520\025\200"
 1013      51D276E3 
 1013      366EAAB0 
 1013      1962AA30 
 1013      1580
 1014 0208 974A43F0 		.ascii	"\227JC\360a\311{\335\340\342\222\216\212K\376\312\313"
 1014      61C97BDD 
 1014      E0E2928E 
 1014      8A4BFECA 
 1014      CB
 1015 0219 278C986D 		.ascii	"'\214\230m\343\310\314\377\214\254~\207|/\022\011\257"
 1015      E3C8CCFF 
 1015      8CAC7E87 
 1015      7C2F1209 
 1015      AF
 1016 022a A81EBC96 		.ascii	"\250\036\274\226\354j\037\251j\035\335\264\016\233\352"
 1016      EC6A1FA9 
 1016      6A1DDDB4 
 1016      0E9BEA
 1017 0239 BD6DBDF7 		.ascii	"\275m\275\367`M\3112\032\344\2721\270\316\213s\315V"
 1017      604DC932 
 1017      1AE4BA31 
 1017      B8CE8B73 
 1017      CD56
 1018 024b E2B70240 		.ascii	"\342\267\002@\277$\222\015,\\R\033\375/u.B\016$':\010"
 1018      BF24920D 
 1018      2C5C521B 
 1018      FD2F752E 
 1018      420E2427 
 1019 0261 1EC9ADCA 		.ascii	"\036\311\255\312>J\216l\345Bs\242\254\235\232\242\371"
 1019      3E4A8E6C 
 1019      E54273A2 
 1019      AC9D9AA2 
 1019      F9
 1020 0272 F2E4DBFA 		.ascii	"\362\344\333\372\006\032\013\241I\206\177\252\252\263"
 1020      061A0BA1 
 1020      49867FAA 
 1020      AAB3
 1021 0280 23F50BAA 		.ascii	"#\365\013\252'\015\316\301\0208\264\256\231\217r3v\254"
 1021      270DCEC1 
 1021      1038B4AE 
 1021      998F7233 
 1021      76AC
 1022 0292 9E1D05F9 		.ascii	"\236\035\005\371F!\371F\031\333\345r\271\017\345{s\274"
 1022      4621F946 
 1022      19DBE572 
 1022      B90FE57B 
 1022      73BC
 1023 02a4 C78EBB4F 		.ascii	"\307\216\273O\373\335\371\331\005\356\002o\216\333\177"
 1023      FBDDF9D9 
 1023      05EE026F 
 1023      8EDB7F
 1024 02b3 F64C5EB6 		.ascii	"\366L^\266\317\357\366\345\371\022\246+\227i\336\302"
 1024      CFEFF6E5 
 1024      F912A62B 
ARM GAS  /tmp/ccqBuMFg.s 			page 33


 1024      9769DEC2 
 1025 02c3 D48D01D7 		.ascii	"\324\215\001\327\311S\236\254\334,O\036C\237\277\020"
 1025      C9539EAC 
 1025      DC2C4F1E 
 1025      439FBF10 
 1026 02d3 727E032D 		.ascii	"r~\003-\303mA"
 1026      C36D41
 1027              		.text
 1028              		.section	.gnu.lto_vmt.92.d8cd12b36b028b37,"e",%progbits
 1029 0000 789C5BC8 		.ascii	"x\234[\310\300\300\240\313\000\001\263\231\031\347\256"
 1029      C0C0A0CB 
 1029      0001B399 
 1029      19E7AE
 1030 000f 38F39FB3 		.ascii	"8\363\237\263\205\261\251\261\243\241\341A\367z\346"
 1030      85B1A9B1 
 1030      A3A1E141 
 1030      F77AE6
 1031 001e 0EE6C5CC 		.ascii	"\016\346\305\314\014s\2311%\027\274\002\3120\316ef\304"
 1031      0C739931 
 1031      2517BC02 
 1031      CA30CE65 
 1031      66C4
 1032 0030 94590594 		.ascii	"\224Y\005\224a\232\313\314\204)\363\214i13\363\\ff\260"
 1032      619ACBCC 
 1032      8429F38C 
 1032      693133F3 
 1032      5C6666B0 
 1033 0044 CCC31DFB 		.ascii	"\314\303\035\373\374-\2677t,hpX\314\3142\207\231\201"
 1033      FC2DB737 
 1033      742C6870 
 1033      58CCCC32 
 1033      879981
 1034 0057 713B630B 		.ascii	"q;c\013\343\034fF\306m`\232\211q+\230ff\334\002\244"
 1034      E31C6646 
 1034      C66D609A 
 1034      89712B98 
 1034      6666DC02 
 1035 006c 19187730 		.ascii	"\031\030w0Z2h\353\351\351;gd&e\372\007\353\347\027\353"
 1035      5A3268EB 
 1035      E9E93B67 
 1035      642665FA 
 1035      07EBE717 
 1036 0081 6724E6E8 		.ascii	"g$\346\350\347d&\351\027\227\024\245&\346\026\353\347"
 1036      E76426E9 
 1036      179714A5 
 1036      26E616EB 
 1036      E7
 1037 0092 A6E64299 		.ascii	"\246\346B\231z\311\014\000\221]G\011"
 1037      7AC90C00 
 1037      915D4709 
 1038              		.text
 1039              		.section	.gnu.lto_msObjectInit.93.d8cd12b36b028b37,"e",%progbits
 1040 0000 789CA592 		.ascii	"x\234\245\222MHTQ\024\307\357\377\235\367fF\323h\021"
 1040      4D485451 
 1040      14C7EFFF 
 1040      9DF76646 
 1040      D36811
ARM GAS  /tmp/ccqBuMFg.s 			page 34


 1041 0013 1149E422 		.ascii	"\021I\344\"\020\011f\006\027\256\2036E\213\202\010\332"
 1041      10096606 
 1041      17AE8336 
 1041      458B8208 
 1041      DA
 1042 0024 AA8D38E0 		.ascii	"\252\2158\340`8\265i\343\235\321>h\341DM$\345\304\350"
 1042      6038B569 
 1042      E39DD13E 
 1042      68E1444D 
 1042      24E5C4E8 
 1043 0038 2B072114 		.ascii	"+\007!\024\301>l\264\306\361s\034+\020\024r\341\"\250"
 1043      C13E6CB4 
 1043      C6F1731C 
 1043      2B101472 
 1043      E122A8
 1044 004b 85518606 		.ascii	"\205Q\206\006&Iv\356\235\011\015\333\224\027.\234s\356"
 1044      264976EE 
 1044      9D090DDB 
 1044      94172E9C 
 1044      73EE
 1045 005d FDFFCE39 		.ascii	"\375\377\3169\367\3345\022\342\234\020\342 o\220\200"
 1045      F7DC3512 
 1045      E29C10E2 
 1045      206F9080 
 1046 006d 21A53CEA 		.ascii	"!\245<\352\014\271\014@[\322\005\321d\240\011\267\351"
 1046      0CB90C40 
 1046      5BD205D1 
 1046      64A009B7 
 1046      E9
 1047 007e 3E217DED 		.ascii	">!}\355\343\200Q\236\340\023\231\272\373\300yU^\331"
 1047      E380519E 
 1047      E01399BA 
 1047      FBC07955 
 1047      5ED9
 1048 0090 6F3320C6 		.ascii	"o3 \306;\267\320\217r\276\267\020\216}/\272E6\001&\273"
 1048      3BB7D08F 
 1048      72BEB710 
 1048      8E7D2FBA 
 1048      45360126 
 1049 00a5 D1A9FE4C 		.ascii	"\321\251\376L\241r\015\224\262\273\2624\233- 7\004\333"
 1049      A1720D94 
 1049      B2BBB234 
 1049      9B2D2037 
 1049      04DB
 1050 00b7 B2B77BDA 		.ascii	"\262\267{\332*{$eX\246\246GI\036\266\211\360\014\304"
 1050      2A7B2465 
 1050      58A6A647 
 1050      491EB689 
 1050      F00CC4
 1051 00ca 483C4509 		.ascii	"H<E\011\236\240D\010\216U\254s\3409\312X\222hI\276+"
 1051      9EA04408 
 1051      8E55AC73 
 1051      E039CA58 
 1051      926849BE 
 1052 00df A0135A3E 		.ascii	"\240\023Z>8\237\375`\346\345\353cZnb`\233\334\254\270"
 1052      389FFD60 
 1052      E6E5EB63 
ARM GAS  /tmp/ccqBuMFg.s 			page 35


 1052      5A6E6260 
 1052      9BDCACB8 
 1053 00f3 6E0ABCD0 		.ascii	"n\012\274\320\362\316\320l\266\230Nk\371\374\343\310"
 1053      F2CED06C 
 1053      B6984E6B 
 1053      F9FCE3C8 
 1054 0103 F2EEBC7C 		.ascii	"\362\356\274|<\266w\244Y\036\267\311Br\033\300\252\210"
 1054      3CB677A4 
 1054      591EB7C9 
 1054      42721BC0 
 1054      AA88
 1055 0115 32605003 		.ascii	"2`P\003V\023\3511\223\316j@[\367\327t\361\357\374\271"
 1055      5613E931 
 1055      93CE6A40 
 1055      5BF7D774 
 1055      F1EFFCB9 
 1056 0129 F22D0CFD 		.ascii	"\362-\014\375E\036g\371K\224\011%z\337\367\363N\261"
 1056      451E67F9 
 1056      4B940925 
 1056      7ADFF7F3 
 1056      4EB1
 1057 013b C3CC3F1B 		.ascii	"\303\314?\033^\301!\300F\357\214\225\222\353\033\021"
 1057      5EC121C0 
 1057      46EF8C95 
 1057      92EB1B11 
 1058 014b 29332737 		.ascii	")3'7Z\261\213G\300\015\233Pu;\240\222\273\220cDH\250"
 1058      5AB18B47 
 1058      C00D9B50 
 1058      753BA092 
 1058      BB906344 
 1059 0161 11989029 		.ascii	"\021\230\220)!n\222\221sB\354,Bv~j%\315\374\202p\364"
 1059      216E9291 
 1059      7342EC2C 
 1059      42767E6A 
 1059      25CDFC82 
 1060 0177 C69AB639 		.ascii	"\306\232\2669ik\363\322\202K\315\200t\341\321\276\236"
 1060      696BF3D2 
 1060      824BCD80 
 1060      74E1D1BE 
 1060      9E
 1061 0188 09EAC2C3 		.ascii	"\011\352\302\303\020K\343\007lrt\360pR\252Z>\234\371"
 1061      104BE307 
 1061      6C7274F0 
 1061      7052AA5A 
 1061      3E9CF9
 1062 019b 9C8AC1DB 		.ascii	"\234\212\301\333\243\260\245691\214.\264\347\212M\303"
 1062      A3B0A536 
 1062      39318C2E 
 1062      B4E78A4D 
 1062      C3
 1063 01ac BB15E6D4 		.ascii	"\273\025\346\324\260\344\267\241\305\202\026\204C\374"
 1063      B0E4B7A1 
 1063      C5821684 
 1063      43FC
 1064 01ba 1B9C0975 		.ascii	"\033\234\011u\221\203\303s\311\216\"\225a\217M.\214"
 1064      9183C373 
 1064      C98E2295 
ARM GAS  /tmp/ccqBuMFg.s 			page 36


 1064      618F4D2E 
 1064      8C
 1065 01cb A20518C9 		.ascii	"\242\005\030\311\363\243\3553\361Bu\277\215\223wAa\306"
 1065      F3A3ED33 
 1065      F14275BF 
 1065      8D937741 
 1065      61C6
 1066 01dd 3805E3C7 		.ascii	"8\005\343\307\371\232nbi\263\211{\231C\371\036\376\241"
 1066      F99A6E62 
 1066      69B3897B 
 1066      9943F91E 
 1066      FEA1
 1067 01ef 681313BA 		.ascii	"h\023\023\272h\365\260\230\204\267\203L\315]\331!\327"
 1067      68F5B098 
 1067      84B7834C 
 1067      CD5DD921 
 1067      D7
 1068 0200 4246730D 		.ascii	"BFs\015\305\235R\\\207\346\256\356\230\233\325\\\365"
 1068      C59D525C 
 1068      87E6AEEE 
 1068      989BD55C 
 1068      F5
 1069 0211 7898565C 		.ascii	"x\230V\\\227\346\376\330\344.O\376\027\367\265\346\232"
 1069      97E6FED8 
 1069      E42E4FFE 
 1069      17F7B5E6 
 1069      9A
 1070 0222 8AFBE6CF 		.ascii	"\212\373\346\317\341Y\020x\313\252e\204\343\374\341"
 1070      E1591078 
 1070      CBAA6584 
 1070      E3FCE1
 1071 0231 741EB522 		.ascii	"t\036\265\"\204\315\357%\304\021\267\333s\254\316_\355"
 1071      84CDEF25 
 1071      C411B7DB 
 1071      73ACCE5F 
 1071      ED
 1072 0242 3F75C6D3 		.ascii	"?u\306\323\020\364\324U\325{\352\375\325\236\340\305"
 1072      10F4D455 
 1072      D57BEAFD 
 1072      D59EE0C5 
 1073 0252 465F5520 		.ascii	"F_U \350\011\370\002y\323]#(\020\274\260ok\304}\276"
 1073      E809F802 
 1073      79D35D23 
 1073      2810BCB0 
 1073      6F6BC47D 
 1074 0267 D65B5953 		.ascii	"\326[YS\351\365\011G\365\245\332Z_\243\031\364_\366"
 1074      E9F50947 
 1074      F5A5DA5A 
 1074      5FA319F4 
 1074      5FF6
 1075 0279 91AF21F8 		.ascii	"\221\257!\370\013U\011e\301"
 1075      0B550965 
 1075      C1
 1076              		.text
 1077              		.section	.gnu.lto_.symbol_nodes.d8cd12b36b028b37,"e",%progbits
 1078 0000 789CBBC4 		.ascii	"x\234\273\304\000\004L\267\030\352\031\032\200\200\205"
 1078      00044CB7 
ARM GAS  /tmp/ccqBuMFg.s 			page 37


 1078      18EA191A 
 1078      808085
 1079 000f 71C23906 		.ascii	"q\3029\006 \233a\307\202\306F\003\006F\006\260\354m"
 1079      209B61C7 
 1079      82C64603 
 1079      064606B0 
 1079      EC6D
 1080 0021 867A46DC 		.ascii	"\206zF\334\2627\031\352\231p\313\336`\250g\306-{\227"
 1080      B23719EA 
 1080      9970CBDE 
 1080      60A867C6 
 1080      2D7B97
 1081 0034 A19E0545 		.ascii	"\241\236\005EvWC##T\222\365\016\003C\203\023\003\003"
 1081      76574323 
 1081      235492F5 
 1081      0E034383 
 1081      130303
 1082 0047 33E33D86 		.ascii	"3\343=\206z\326\377P \017V\311\000r-H\0313\023\033D"
 1082      7AD6FF50 
 1082      200F56C9 
 1082      00722D48 
 1082      1933131B 
 1083 005c 7F0B3B33 		.ascii	"\177\013;33\234\311\000\000\377\247:/"
 1083      339CC900 
 1083      00FFA73A 
 1083      2F
 1084              		.text
 1085              		.section	.gnu.lto_.refs.d8cd12b36b028b37,"e",%progbits
 1086 0000 789C1364 		.ascii	"x\234\023d```dabeb`aebfbbb`bd\000\000\002\375\0007"
 1086      60606064 
 1086      61626562 
 1086      60616562 
 1086      66626262 
 1087              		.text
 1088              		.section	.gnu.lto_.decls.d8cd12b36b028b37,"e",%progbits
 1089 0000 789C9557 		.ascii	"x\234\225W{L\225G\026\237\363\315}\361qy\254\340\243"
 1089      7B4C9547 
 1089      169FF3CD 
 1089      7DF17179 
 1089      ACE0A3
 1090 0013 AB716943 		.ascii	"\253qiC\267\354n\024\305\004\373\307f\227\244I\327M"
 1090      B7EC6E14 
 1090      C504FBC7 
 1090      6697A449 
 1090      D74D
 1091 0025 D347D276 		.ascii	"\323G\322v\0237\273a\225{\201\333\3600pi\355&\233|\010"
 1091      1337BB61 
 1091      957B81DB 
 1091      F0307069 
 1091      ED269B7C 
 1092 003a A8A55051 		.ascii	"\250\245PQ\020EP\360\355jU,\242RQ\257\210\210\342\003"
 1092      104550F0 
 1092      ED6A552C 
 1092      A25251AF 
 1092      8888E203 
 1093 004e 79FB5644 		.ascii	"y\373VD\270W\252\210\"J}\334=3\363]\370.\202\331~\341"
 1093      B857AA88 
ARM GAS  /tmp/ccqBuMFg.s 			page 38


 1093      224A7DDC 
 1093      3D33F35D 
 1093      F82E82D9 
 1094 0064 DC993973 		.ascii	"\334\2319s\036\2779s\346\314\220\025@H6\020\262X\"\304"
 1094      1EBF3973 
 1094      E6CC9015 
 1094      40483610 
 1094      B25822C4 
 1095 0078 8D9F9110 		.ascii	"\215\237\221\020r\021\311\200\024\207T\205T\215\344"
 1095      7211C980 
 1095      14875485 
 1095      548DE4
 1096 0087 40AA41EA 		.ascii	"@\252A\352 \342c\363w\220\\H}H\217\221\334H\001h\013"
 1096      20E263F3 
 1096      77905C48 
 1096      7D488F91 
 1096      DC480168 
 1097 009c FFC86F80 		.ascii	"\377\310o\200x}\2758\366\305v\002R\260j/Ncs\276\352"
 1097      787DBD38 
 1097      F6C57602 
 1097      52B06A2F 
 1097      4E6373BE 
 1098 00b1 A71D2904 		.ascii	"\247\035)\004e\177\213D\261\337\202\324\212\324\204"
 1098      657F8B44 
 1098      B1DF82D4 
 1098      8AD484
 1099 00c0 24A97E02 		.ascii	"$\251~\002F\331f\337\015\344\311c\330\257\326\330\037"
 1099      46D966DF 
 1099      0DE4C963 
 1099      D8AFD6D8 
 1099      1F
 1100 00d1 6D9BD96D 		.ascii	"m\233\331m\324\330\356\033\307v\303(\333\2675\261\031"
 1100      D4D8EE1B 
 1100      C776C328 
 1100      DBB735B1 
 1100      19
 1101 00e2 8D9DF91D 		.ascii	"\215\235\371\035\215\033\324X\215\376\232\307\261\333"
 1101      8D1BD458 
 1101      8DFE9AC7 
 1101      B1DB
 1102 00f0 A1DA1ECB 		.ascii	"\241\332\036\313\256\0263\263\353\032\303\356\237q1"
 1102      AE1633B3 
 1102      EB1AC3EE 
 1102      9F7131
 1103 00ff 7A6CA7A0 		.ascii	"zl\247\240\300\004\244`\244IH\323\221t\310\3775\266"
 1103      C004A460 
 1103      A44948D3 
 1103      9174C8FF 
 1103      35B6
 1104 0111 6F204D43 		.ascii	"o MC\232\252\362\\*F\317^\216\376\334(\347\203m\274"
 1104      9AAAF25C 
 1104      2A46CF5E 
 1104      8EFEDC28 
 1104      E7836DBC 
 1105 0125 066F0719 		.ascii	"\006o\007\031\311\015\206\361\035\325\007\363}Q\305"
 1105      C90D86F1 
 1105      1DD507F3 
ARM GAS  /tmp/ccqBuMFg.s 			page 39


 1105      7D51C5
 1106 0134 E88943A3 		.ascii	"\350\211C\243\212\327M\306\316\217b\012\216\233\271"
 1106      8AD74DC6 
 1106      CE8F620A 
 1106      8E9BB9
 1107 0143 43741585 		.ascii	"Ct\025\205i2\270\001\307\247\372\356\265\200\030\263"
 1107      6932B801 
 1107      C7A7FAEE 
 1107      B58018B3 
 1108 0153 E967CB36 		.ascii	"\351g\3136\0363S\211\367\217e\275l3\207\357V\304g\372"
 1108      1E335389 
 1108      F78F65BD 
 1108      6C3387EF 
 1108      56C467FA 
 1109 0167 27810340 		.ascii	"'\201\003@\271\235H_6\377\337\322\035\265~\364C.\333"
 1109      B99D485F 
 1109      36FFDFD2 
 1109      1DB57EF4 
 1109      432EDB
 1110 017a 7AE9799E 		.ascii	"z\351y\236,/W\224%JY\306r\303\024\002s\246\302\254\251"
 1110      2C2F5794 
 1110      254A59C6 
 1110      72C31402 
 1110      73A6C2AC 
 1111 018f 040E01B7 		.ascii	"\004\016\001\267}\020\302\241\022\246\302~@^\025\310"
 1111      7D10C2A1 
 1111      12A6C27E 
 1111      405E15C8 
 1112 019f A8727DC9 		.ascii	"\250r}\311\372\247f\364<A\006\035\016\013\316\354?-"
 1112      FAA766F4 
 1112      3C41061D 
 1112      0E0BCEEC 
 1112      3F2D
 1113 01b1 E3305886 		.ascii	"\3430X\206\020\0346l\317\335g0g3\203\216\014\305g\036"
 1113      101C366C 
 1113      CFDD6730 
 1113      6733838E 
 1113      0CC5671E 
 1114 01c5 5382C368 		.ascii	"S\202\303h\341G\264@\240\032\314D4([\275\364\305Q#\252"
 1114      E147B440 
 1114      A01ACC44 
 1114      34285BBD 
 1114      F4C55123 
 1115 01da CEC735E1 		.ascii	"\316\3075\341\027\240Y\326|\261\254-C}\007\315\364s"
 1115      17A059D6 
 1115      7CB1AC2D 
 1115      437D07CD 
 1115      F473
 1116 01ec DE2F3DDA 		.ascii	"\336/=\332\374\203$\240\242\345\011\363\310\260Y8\006"
 1116      FC8324A0 
 1116      A2E509F3 
 1116      C8B05938 
 1116      06
 1117 01fd 5C83813D 		.ascii	"\\\203\201=\212\274#\214\347\340`\237<+(\033^_\366\353"
 1117      8ABC238C 
 1117      E7E0609F 
 1117      3C2B281B 
ARM GAS  /tmp/ccqBuMFg.s 			page 40


 1117      5E5FF6EB 
 1118 0211 D787E23B 		.ascii	"\327\207\342;\034+nS-\372\343^\350k\004\372\032\216"
 1118      1C2B6E53 
 1118      2DFAE35E 
 1118      E86B04FA 
 1118      1A8E
 1119 0223 7E636BE3 		.ascii	"~ck\343\022\020q\010dQw\027\036\323\211\241\2119\336"
 1119      12107108 
 1119      64517717 
 1119      1ED389A1 
 1119      8939DE
 1120 0236 5E735247 		.ascii	"^sRG\377\301\221oJom\360\243\377\342\375\355\231\207"
 1120      FFC1916F 
 1120      4A6F6DF0 
 1120      A3FFE2FD 
 1120      ED9987
 1121 0249 2FF9502B 		.ascii	"/\371P+\357\257toi\361\241\011\274\337T\275\353\274"
 1121      EFAF746F 
 1121      69F1A109 
 1121      BCDF54BD 
 1121      EBBC
 1122 025b 3F5DC4FB 		.ascii	"?]\304\373\025+v\017\350\202~5\205m\031\234F\240g \210"
 1122      152B760F 
 1122      E8827E35 
 1122      856D199C 
 1122      46A06720 
 1123 0270 215553E1 		.ascii	"!US\341\370\303\307\307uA+\305\366J\343I=:t\255\310"
 1123      F8C3C7C7 
 1123      75412BC5 
 1123      F64AE349 
 1123      3D3A74AD 
 1124 0285 5FBB9406 		.ascii	"_\273\224\006\234\036Y\312Y\276\024\224\273\352\276"
 1124      9C1E59CA 
 1124      59BE1494 
 1124      BBEABE
 1125 0294 D7E52F70 		.ascii	"\327\345/p\007\343\320UW\334\355'\266\263\214\345\331"
 1125      07E3D055 
 1125      57DCED27 
 1125      B6B38CE5 
 1125      D9
 1126 02a5 40FEE51B 		.ascii	"@\376\345\033\376\364?\014\227am\326\200\313\014\241"
 1126      FEF43F0C 
 1126      97616DD6 
 1126      80CB0CA1 
 1127 02b5 A1A141A1 		.ascii	"\241\241A\241\241\233\270\341\236\035\241EK\227)y\351"
 1127      A19BB8E1 
 1127      9E1DA145 
 1127      4B972979 
 1127      E9
 1128 02c6 94C51B2E 		.ascii	"\224\305\033. \212f/7'\370\357l\374\021\012uE\323Nd"
 1128      208A662F 
 1128      3727F8EF 
 1128      6CFC110A 
 1128      7545D34E 
 1129 02db 28F50E60 		.ascii	"(\365\016`\000\240\376\025\371po\361\363E\206\022\305"
 1129      00A0FE15 
 1129      F9706FF1 
ARM GAS  /tmp/ccqBuMFg.s 			page 41


 1129      F3458612 
 1129      C5
 1130 02ec 91696609 		.ascii	"\221if\011\003\247\306\226>\314\272<\032\201\230\023"
 1130      03A7C696 
 1130      3ECCBA3C 
 1130      1A819813 
 1131 02fc E771F21C 		.ascii	"\347q\362\034\237l\026\341\200\213\020\012MH-H\255H"
 1131      9F6C16E1 
 1131      808B100A 
 1131      4D482D48 
 1131      AD48
 1132 030e 8D10CA42 		.ascii	"\215\020\312B$\034\334\004\206\205a\257{\305z\355(\354"
 1132      241CDC04 
 1132      868561AF 
 1132      7BC57AED 
 1132      28EC
 1133 0320 23B227C7 		.ascii	"#\262'\307\221\345P0h\253w\266\265\233h9\360\335\334"
 1133      91E55030 
 1133      68AB77B6 
 1133      B59B6839 
 1133      F0DDDC
 1134 0333 FB726BA5 		.ascii	"\373rk\245\177\320+\000\241M5\362\032\214,\0276W\365"
 1134      7FD02B00 
 1134      A14D35F2 
 1134      1A8C2C17 
 1134      3657F5
 1135 0346 CADA6D6C 		.ascii	"\312\332ml\367\362\333!2\262\203g\344\245\263;K\365"
 1135      F7F2DB21 
 1135      32B28367 
 1135      E4A5B33B 
 1135      4BF5
 1136 0358 77E03648 		.ascii	"w\3406H\254nY\000\240#\022\177d\362wJ\202\025I\221\014"
 1136      AC6E5900 
 1136      A023127F 
 1136      64F2774A 
 1136      82154991 
 1137 036d 162AC954 		.ascii	"\026*\311T\246\026\271\036\246\207\015\320(\223\024"
 1137      A616B91E 
 1137      A6870DD0 
 1137      289314
 1138 037c 16209B76 		.ascii	"\026 \233v\234\200@Yo\222$\247\321\"\207\375\014\337"
 1138      9C804059 
 1138      6F9224A7 
 1138      D12287FD 
 1138      0CDF
 1139 038e 4B658690 		.ascii	"Ke\206\220(Eg\311\231\3504*R\336G\301s\242\360\327i"
 1139      284567C9 
 1139      99E8342A 
 1139      52DE47C1 
 1139      73A2F0D7 
 1140 03a3 AC070B6A 		.ascii	"\254\007\013j}\2423\005b\317i\224\007hY\256\301rNZ\376"
 1140      7DA23305 
 1140      62CF6994 
 1140      076859AE 
 1140      C1724E5A 
 1141 03b8 0E6EA56C 		.ascii	"\016n\245l\211\010\3065F\231L\323\003jh\015}\237\020"
 1141      8908C635 
ARM GAS  /tmp/ccqBuMFg.s 			page 42


 1141      46994CD3 
 1141      036A680D 
 1141      7D9F10
 1142 03cb 93A97CCF 		.ascii	"\223\251|\317D\331i\014@\023a\226\220@KH@=\350-\026"
 1142      44D9690C 
 1142      40136196 
 1142      90404B48 
 1142      403DE82D 
 1143 03e0 39388C20 		.ascii	"98\214 \010KDD\224$\243e\235\251\036\"(\230#\224[\275"
 1143      084B4444 
 1143      9424A365 
 1143      9DA91E22 
 1143      28982394 
 1144 03f6 9365907D 		.ascii	"\223e\220}\246\207\204\021b!\357K,E\334\236\017\214"
 1144      A6878411 
 1144      6221EF4B 
 1144      2C45DC9E 
 1144      0F8C
 1145 0408 E8D33232 		.ascii	"\350\32322\004\010\223\245\010\211~\340\304\213Y\222"
 1145      040893A5 
 1145      08897EE0 
 1145      C48B5992 
 1146 0418 42085174 		.ascii	"B\010Qt&\263\031\024l|\242?\260|\022!\023\247Q\302\251"
 1146      26B31914 
 1146      6C7CA23F 
 1146      B07C1221 
 1146      13A751C2 
 1147 042d 601D2812 		.ascii	"`\035(\022\214h\312\006\254\263/\364\242\272\362K\031"
 1147      8C68CA06 
 1147      ACB32FF4 
 1147      A2BAF24B 
 1147      19
 1148 043e D89FF821 		.ascii	"\330\237\370!l@\264n8\237Ib`\325+\334\303\035n\324\276"
 1148      6C40B46E 
 1148      389F4962 
 1148      60D52BDC 
 1148      C31D6ED4 
 1149 0453 10107624 		.ascii	"\020\020v$\265|\003x\234\020uVc|\004\203\212\303c\307"
 1149      B57C0378 
 1149      9C107556 
 1149      637C0483 
 1149      8AC363C7 
 1150 0467 E3478371 		.ascii	"\343G\203q\004+\221T\227\222V\207\353y\001\0371I\206"
 1150      042B9154 
 1150      97925687 
 1150      EB79011F 
 1150      314986
 1151 047a CD7A2011 		.ascii	"\315z \021\030\276]\206r\006N\373wCW:n`^\277s\032\201"
 1151      18BE5D86 
 1151      72064EFB 
 1151      7743573A 
 1151      6E605EBF 
 1152 0491 89795184 		.ascii	"\211yQ\204\247\357\251#%\265\001\264U\344\262\253\263"
 1152      A7EFA923 
 1152      25B501B4 
 1152      55E4B2AB 
 1152      B3
ARM GAS  /tmp/ccqBuMFg.s 			page 43


 1153 04a2 A546D2E1 		.ascii	"\245F\322\341\272xYO\3261^\331^g\226\314yqf\270\012"
 1153      BA78594F 
 1153      D6315ED9 
 1153      5E6796CC 
 1153      797166B8 
 1154 04b7 9CB7F464 		.ascii	"\234\267\364d\336a?QT$M\251\014\026\245\362\361\361"
 1154      DE613F51 
 1154      54244DA9 
 1154      0C16A5F2 
 1154      F1F1
 1155 04c9 9246562A 		.ascii	"\222FV*\015\242\356\033\221\325\266\346\324\\\301a\347"
 1155      0DA2EE1B 
 1155      91D5B6E6 
 1155      D45CC161 
 1155      E7
 1156 04da 643172DA 		.ascii	"d1r\332s\232\257\030\350e\341\267\366\376\201\036\035"
 1156      739AAF18 
 1156      E865E1B7 
 1156      F6FE811E 
 1156      1D
 1157 04eb 2BE3CA2B 		.ascii	"+\343\312+\265\277\023\270\032;E\267\220wS\024\362["
 1157      B5BF13B8 
 1157      1A3B45B7 
 1157      90775314 
 1157      F25B
 1158 04fd FB72EEF9 		.ascii	"\373r\356\371N^\315\024\3123\224@\011\017\205\0147p"
 1158      4E5ECD14 
 1158      CA339440 
 1158      090F850C 
 1158      3770
 1159 050f FE3A3F36 		.ascii	"\376:?6]0\231\3005\320\211\325\377t\246\246_z\253\014"
 1159      5D3099C0 
 1159      35D089D5 
 1159      FF74A6A6 
 1159      5F7AAB0C 
 1160 0523 4FB8E238 		.ascii	"O\270\3428U\035\266\266\372\201\242\310&&\004W\320\272"
 1160      551DB6B6 
 1160      FA81A2C8 
 1160      26260457 
 1160      D0BA
 1161 0535 5A53599F 		.ascii	"ZSY\237\300e\350\006\270\004w \362\216\216`\363\026"
 1161      C065E806 
 1161      B8047720 
 1161      F28E8E60 
 1161      F316
 1162 0547 EA6776EE 		.ascii	"\352gv\356\3122\321\034q\373\356\371\376Y\371p8D\204"
 1162      CA32D11C 
 1162      71FBEEF9 
 1162      FE59F970 
 1162      384484
 1163 055a D2BB2AAF 		.ascii	"\322\273*\257\353\307\007\343d`z<`\206n^\276\340\001"
 1163      EBC707E3 
 1163      64607A3C 
 1163      60866E5E 
 1163      BEE001
 1164 056d D3F90656 		.ascii	"\323\371\006V\277%\250\246cB\350y\004L\2677\230\012"
 1164      BF25A8A6 
ARM GAS  /tmp/ccqBuMFg.s 			page 44


 1164      6342E879 
 1164      044CB737 
 1164      980A
 1165 057f 04E3E260 		.ascii	"\004\343\342`\352\256\364\014\031\350J\001&\263\302"
 1165      EAAEF40C 
 1165      19E84A01 
 1165      26B3C2
 1166 058e EDD27130 		.ascii	"\355\322q0\216\341\375*\350\357k\027<VT{\305\206e\037"
 1166      8EE1FD2A 
 1166      E8EF6B17 
 1166      3C56547B 
 1166      C586651F 
 1167 05a2 A93AE4EF 		.ascii	"\251:\344\357A\375\223\340=\356<\322\354\005\333\341"
 1167      41FD93E0 
 1167      3DEE3CD2 
 1167      EC05DBE1 
 1168 05b2 05FB3E83 		.ascii	"\005\373>\203}\317\003\273\342\376\236KT\205]\367\204"
 1168      7DCF03BB 
 1168      E2FE9E4B 
 1168      54855DF7 
 1168      84
 1169 05c3 0EE34629 		.ascii	"\016\343F)\270\253\301}\327\033\367\032=\201>\216\273"
 1169      B8ABC17D 
 1169      D71BF71A 
 1169      3D813E8E 
 1169      BB
 1170 05d4 7967753C 		.ascii	"ygu<];>\354\326\266\302B=\347\341\365\013\375\002b\253"
 1170      5D3B3EEC 
 1170      D6B6C242 
 1170      3DE7E1F5 
 1170      0BFD0262 
 1171 05e9 B2B5CBD7 		.ascii	"\262\265\313\327\003\373\241\340\235\335U\330&\217\017"
 1171      03FBA1E0 
 1171      9DDD55D8 
 1171      268F0F
 1172 05f8 7B80C17E 		.ascii	"{\200\301~\344\201\275\345ne\237\257\012\373\341I\252"
 1172      E481BDE5 
 1172      6E659FAF 
 1172      0AFBE149 
 1172      AA
 1173 0609 14A05608 		.ascii	"\024\240V\010\223\201\007\032\320\017\274A\267 \350"
 1173      9381071A 
 1173      D00FBC41 
 1173      B720E8
 1174 0618 C71CF486 		.ascii	"\307\034\364\206\302U/}i\331\370\250k]k\357\371\015"
 1174      C2552F7D 
 1174      69D9F8A8 
 1174      6B5D6BEF 
 1174      F90D
 1175 062a F39E0884 		.ascii	"\363\236\010\204\347\267\035=\000\303;\360T0\257d\355"
 1175      E7B71D3D 
 1175      00C33BF0 
 1175      5430AF64 
 1175      ED
 1176 063b FB0ED44B 		.ascii	"\373\016\324K\237\300\317^wyv\315\256\315z\317\203\200"
 1176      9FC0CF5E 
 1176      777976CD 
ARM GAS  /tmp/ccqBuMFg.s 			page 45


 1176      AECD7ACF 
 1176      8380
 1177 064d DD1BDED3 		.ascii	"\335\033\336\323\335\207\326\350\265W\3043\257+\342"
 1177      DD87D6E8 
 1177      B557C433 
 1177      AF2BE2
 1178 065c B9E7A6CF 		.ascii	"\271\347\246\317u\326\316\343^\221\003C\302kI\311\013"
 1178      75D6CEE3 
 1178      5E910343 
 1178      C26B49C9 
 1178      0B
 1179 066d 97411BAC 		.ascii	"\227A\033\254\370I\232X\275d\261z\341\211\325\272\274"
 1179      F8499A58 
 1179      BD64B17A 
 1179      E189D5BA 
 1179      BC
 1180 067e C1261963 		.ascii	"\301&\031cu\023c\365\262\304<\274\305(\005\203\232h"
 1180      751363F5 
 1180      B2C43CBC 
 1180      C5280583 
 1180      9A68
 1181 0690 0D7A47EB 		.ascii	"\015zG\353\001\216\334<Z\305;\017W\030\350n\021\255"
 1181      018EDC3C 
 1181      5AC53B0F 
 1181      5718E86E 
 1181      11AD
 1182 06a2 737B5DDF 		.ascii	"s{]\337\032\350~1(/\356>cDl\220.Q\341\254<\335\261\335"
 1182      1AE87E31 
 1182      282FEE3E 
 1182      63446C90 
 1182      2E51E1AC 
 1183 06ba 8F5689E9 		.ascii	"\217V\211\351M[74\371\260\351\014\234\206%\222n\274"
 1183      4D5B3734 
 1183      F9B0E90C 
 1183      9C862592 
 1183      6EBC
 1184 06cc 706F74ED 		.ascii	"pot\355L\027\221\265\231!K\310],\256[m\360\344\310R"
 1184      4C1791B5 
 1184      99214BC8 
 1184      5D2CAE5B 
 1184      6DF0E4C8 
 1185 06e1 C16BCBC8 		.ascii	"\301k\313\310\031\364\177\363\270T\252\230\270\267#"
 1185      19F47FF3 
 1185      B854AA98 
 1185      B8B723
 1186 06f0 45AE0A61 		.ascii	"E\256\012ak\271\364&\347\014v\346\346\033\351\011\341"
 1186      6BB9F426 
 1186      E70C76E6 
 1186      E61BE909 
 1186      E1
 1187 0701 BFBFF4D1 		.ascii	"\277\277\364\3216f\002\262%\012\337\240\011\306\034"
 1187      366602B2 
 1187      250ADFA0 
 1187      09C61C
 1188 0710 B85A54AD 		.ascii	"\270ZT\255\247\015Bb\327\232-\215|\0019\014\341\267"
 1188      A70D4262 
 1188      D79A2D8D 
ARM GAS  /tmp/ccqBuMFg.s 			page 46


 1188      7C01390C 
 1188      E1B7
 1189 0722 C2CB9D06 		.ascii	"\302\313\235\006w\2306\266\350_\215-\344\242\004|'a"
 1189      779836B6 
 1189      E85F8D2D 
 1189      E4A2047C 
 1189      2761
 1190 0734 7897496A 		.ascii	"x\227Ijx\357\256\256\314\340\341\305l\274q\371O\371"
 1190      78EFAEAE 
 1190      CCE0E1C5 
 1190      6CBC71F9 
 1190      4FF9
 1191 0746 19CB1C8D 		.ascii	"\031\313\034\215\212B\225\305L\016\257/5\300\220\311"
 1191      8A4295C5 
 1191      4C0EAF2F 
 1191      35C090C9 
 1192 0756 541549BC 		.ascii	"T\025I\274\350a\205\304\"\273\333\335S\034 \012\254"
 1192      E86185C4 
 1192      22BBDBDD 
 1192      531C200A 
 1192      AC
 1193 0767 C25E6DEE 		.ascii	"\302^m\356\276G\327\315\364\251\300\326\347\356\375"
 1193      BE47D7CD 
 1193      F4A9C0D6 
 1193      E7EEFD
 1194 0776 9D363D58 		.ascii	"\2356=X]\033I\217U\222\232\036\367\227\376x\315\237"
 1194      5D1B498F 
 1194      55929A1E 
 1194      F797FE78 
 1194      CD9F
 1195 0788 3E173AF5 		.ascii	">\027:\365\017Z\177\360\323*\335\367R*\360(\265\366"
 1195      0F5A7FF0 
 1195      D32ADDF7 
 1195      522AF028 
 1195      B5F6
 1196 079a 540DFA52 		.ascii	"T\015\372R|\376\361\242;\330Q\357\365z\036\360R*\364"
 1196      7CFEF1A2 
 1196      3BD851EF 
 1196      F57A1EF0 
 1196      522AF4
 1197 07ad 28EDBDB6 		.ascii	"(\355\275\266i\271\037]&\224\224\323{\373\275<9\275"
 1197      69B91F5D 
 1197      269494D3 
 1197      7BFBBD3C 
 1197      39BD
 1198 07bf 94D6AA4A 		.ascii	"\224\326\252J\372\363\355\275u\006\366\370\014\015\362"
 1198      FAF3EDBD 
 1198      7506F6F8 
 1198      0C0DF2
 1199 07ce BC3D     		.ascii	"\274="
 1200 07d0 DF3D7848 		.ascii	"\337=xHQ\276\231\302\320@>\306g\2754\366\343P\373|C"
 1200      51BE99C2 
 1200      D0403EC6 
 1200      67BD34F6 
 1200      E350FB7C 
 1201 07e5 10B07A6C 		.ascii	"\020\260zl\331\321/=t\015k^\021\325\274\364\264\302"
 1201      D9D12F3D 
ARM GAS  /tmp/ccqBuMFg.s 			page 47


 1201      740D6B5E 
 1201      11D5BCF4 
 1201      B4C2
 1202 07f7 18465839 		.ascii	"\030FX9\216\360l\355\0035O\232\312_\305\374\311\316"
 1202      8EF06CED 
 1202      03354F9A 
 1202      CA5FC5FC 
 1202      C9CE
 1203 0809 A4D9CDB5 		.ascii	"\244\331\315\265N\012\205\"\244\022\244b\311\363\366"
 1203      4E0A8522 
 1203      A412A462 
 1203      C9F3F6
 1204 0818 539A3A57 		.ascii	"S\232:W\030\305\3131O\221~\231nSa\336z\372\366f\245"
 1204      18C5CB31 
 1204      4F917E99 
 1204      6E5361DE 
 1204      7AFAF666 
 1205 082d D1C1EEB4 		.ascii	"\321\301\356\264?\256+\310R\224\011\260\001u\352\305"
 1205      3FAE2BC8 
 1205      529409B0 
 1205      0175EAC5 
 1206 083d 511D3646 		.ascii	"Q\0356F8'I\212\354\302\314-\225\336F\345\316\246\334"
 1206      3827498A 
 1206      ECC2CC2D 
 1206      95DE46E5 
 1206      CEA6DC
 1207 0850 E75EFFC4 		.ascii	"\347^\377\304\261\014\034YU\031\337\023\326\214s\014"
 1207      B10C1C59 
 1207      5519DF13 
 1207      D68C730C 
 1208 0860 F3D776E6 		.ascii	"\363\327v\346{\364O0\375/&i\324mj\032d]\270\326,n\312"
 1208      7BF44F30 
 1208      FD2F2669 
 1208      D46D6A1A 
 1208      645DB8D6 
 1209 0877 4D18BC8D 		.ascii	"M\030\274\215\322\330\252\361ZU<A\374\020\240\340\231"
 1209      D2D8AAF1 
 1209      5A553C41 
 1209      FC10A0E0 
 1209      99
 1210 0888 CCF4DD66 		.ascii	"\314\364\335f\256\275\005\2657\013\355+\267\373+}_w"
 1210      AEBD05B5 
 1210      370BED2B 
 1210      B7FB2B7D 
 1210      5F77
 1211 089a E4B6B123 		.ascii	"\344\266\261#\267\225\0379\326G\225\242U\356g^\325s"
 1211      B7951F39 
 1211      D64795A2 
 1211      55EE675E 
 1211      D573
 1212 08ac 83D70E6E 		.ascii	"\203\327\016n\027ke\315\357g\316\014\177/\336\266\320"
 1212      176B65CD 
 1212      EF67CE0C 
 1212      7F2FDEB6 
 1212      D0
 1213 08bd F6F1A7E1 		.ascii	"\366\361\247\341\311\251\341\361\013\022\302\023l\013"
 1213      C9A9E1F1 
ARM GAS  /tmp/ccqBuMFg.s 			page 48


 1213      0B12C213 
 1213      6C0B
 1214 08cb C353ED29 		.ascii	"\303S\355)\326\005\211\251\341\211\326D\265;3\306\364"
 1214      D60589A9 
 1214      E189D644 
 1214      B53B33C6 
 1214      F4
 1215 08dc 978F3E0F 		.ascii	"\227\217>\017yo\366\\2I\313\235i\211\235\025\031\023"
 1215      796FF65C 
 1215      3249CB9D 
 1215      69899D15 
 1215      1913
 1216 08ee 39CB4A8C 		.ascii	"9\313J\214i\266$\373\273\321vC\252\355\337\326h;\265"
 1216      69B624FB 
 1216      BBD17643 
 1216      AAEDDFD6 
 1216      683BB5
 1217 0901 26A7EA58 		.ascii	"&\247\352X\327\2600-6\326\232B\277L\264\233?\264&~\312"
 1217      D7B0302D 
 1217      36D69A42 
 1217      BF4CB49B 
 1217      3FB4267E 
 1218 0916 35FFF6E1 		.ascii	"5\377\366\341g\206\344\330\330T\253\375\017\3777\202"
 1218      6786E4D8 
 1218      D854ABFD 
 1218      0FFF3782 
 1219 0926 78C2F493 		.ascii	"x\302\364\223S\276\026&\350\354HbZ\220\222\370\345\334"
 1219      53BE1626 
 1219      E8EC4862 
 1219      5A9092F8 
 1219      E5DC
 1220 0938 1989448E 		.ascii	"\031\211D\216IN\261[\027\317H\234Ct\321\213\322\354"
 1220      494EB15B 
 1220      17CF489C 
 1220      4374D18B 
 1220      D2EC
 1221 094a FAC4D4B8 		.ascii	"\372\304\324\270\350_`;\006\325\342\254vC4\016-\251"
 1221      E85F603B 
 1221      06D5E2AC 
 1221      7643340E 
 1221      2DA9
 1222 095c C6E8AF52 		.ascii	"\306\350\257Rlvk\25291\365\343\205_Xc\354\177M\262\331"
 1222      6C766BAA 
 1222      3931F5E3 
 1222      855F5863 
 1222      EC7F4DB2 
 1223 0971 0D281EB3 		.ascii	"\015(\036\263\350k]\202uA\2541)\331\036\237\222\374"
 1223      E86B5D82 
 1223      7541AC31 
 1223      29D91E9F 
 1223      92FC
 1224 0983 15CC36C6 		.ascii	"\025\3146\306&\205\244.\262\306 '))-!!4<-5%\034a\315"
 1224      2685A42E 
 1224      B2C62027 
 1224      29292D21 
 1224      21343C2D 
 1225 099c 40867586 		.ascii	"@\206u\206u\301B[\270-)&!\315be~mIq\270\016\212\010"
ARM GAS  /tmp/ccqBuMFg.s 			page 49


 1225      75C1425B 
 1225      B82D2926 
 1225      21CD6265 
 1225      7E6D4971 
 1226 09b4 75CC939E 		.ascii	"u\314\223\236\373\241\350\371\177\205t\015\332"
 1226      FBA1E8F9 
 1226      7F85740D 
 1226      DA
 1227              		.text
 1228              		.section	.gnu.lto_.symtab.d8cd12b36b028b37,"e",%progbits
 1229 0000 6D734F62 		.ascii	"msObjectInit\000"
 1229      6A656374 
 1229      496E6974 
 1229      00
 1230 000d 00       		.ascii	"\000"
 1231 000e 00       		.ascii	"\000"
 1232 000f 00       		.ascii	"\000"
 1233 0010 00000000 		.ascii	"\000\000\000\000\000\000\000\000"
 1233      00000000 
 1234 0018 FF000000 		.ascii	"\377\000\000\000"
 1235              		.text
 1236              		.section	.gnu.lto_.ext_symtab.d8cd12b36b028b37,"e",%progbits
 1237 0000 01       		.ascii	"\001"
 1238 0001 01       		.ascii	"\001"
 1239 0002 00       		.ascii	"\000"
 1240              		.text
 1241              		.section	.gnu.lto_.opts,"e",%progbits
 1242 0000 272D666E 		.ascii	"'-fno-openmp' '-fno-openacc' '-fno-pie' '-g' '-mcpu"
 1242      6F2D6F70 
 1242      656E6D70 
 1242      2720272D 
 1242      666E6F2D 
 1243 0033 3D636F72 		.ascii	"=cortex-m3' '-mno-thumb-interwork' '-mthumb' '-mflo"
 1243      7465782D 
 1243      6D332720 
 1243      272D6D6E 
 1243      6F2D7468 
 1244 0066 61742D61 		.ascii	"at-abi=soft' '-march=armv7-m' '-Os' '-fomit-frame-p"
 1244      62693D73 
 1244      6F667427 
 1244      20272D6D 
 1244      61726368 
 1245 0099 6F696E74 		.ascii	"ointer' '-falign-functions=16' '-ffunction-sections"
 1245      65722720 
 1245      272D6661 
 1245      6C69676E 
 1245      2D66756E 
 1246 00cc 2720272D 		.ascii	"' '-fdata-sections' '-fno-common' '-flto' '-Xassemb"
 1246      66646174 
 1246      612D7365 
 1246      6374696F 
 1246      6E732720 
 1247 00ff 6C657227 		.ascii	"ler' '-alms=build/lst/memstreams.lst'\000"
 1247      20272D61 
 1247      6C6D733D 
 1247      6275696C 
 1247      642F6C73 
ARM GAS  /tmp/ccqBuMFg.s 			page 50


 1248              		.text
 1249              		.comm	__gnu_lto_slim,1,1
 1250              		.ident	"GCC: (Fedora 10.2.0-4.fc34) 10.2.0"
ARM GAS  /tmp/ccqBuMFg.s 			page 51


DEFINED SYMBOLS
                            *ABS*:0000000000000000 memstreams.c
     /tmp/ccqBuMFg.s:22     .gnu.debuglto_.debug_info:0000000000000000 memstreams.c.df06c60e
                            *COM*:0000000000000001 __gnu_lto_slim

NO UNDEFINED SYMBOLS
