ARM GAS  /tmp/ccktDSwk.s 			page 1


   1              		.cpu cortex-m3
   2              		.eabi_attribute 20, 1
   3              		.eabi_attribute 21, 1
   4              		.eabi_attribute 23, 3
   5              		.eabi_attribute 24, 1
   6              		.eabi_attribute 25, 1
   7              		.eabi_attribute 26, 1
   8              		.eabi_attribute 30, 4
   9              		.eabi_attribute 34, 1
  10              		.eabi_attribute 18, 4
  11              		.file	"nullstreams.c"
  12              		.file 1 "/usr/arm-none-eabi/include/machine/_default_types.h"
  13              		.file 2 "/usr/arm-none-eabi/include/sys/_stdint.h"
  14              		.file 3 "/usr/lib/gcc/arm-none-eabi/10.2.0/include/stddef.h"
  15              		.file 4 "../FreeRTOS/include/osal_ch.h"
  16              		.file 5 "../ChibiOS/os/hal/lib/streams/nullstreams.h"
  17              		.file 6 "../ChibiOS/os/hal/lib/streams/nullstreams.c"
  18              		.section	.gnu.debuglto_.debug_info,"e",%progbits
  19              	.Ldebug_info0:
  20              		.hidden	nullstreams.c.59cc8aa0
  21              		.weak	nullstreams.c.59cc8aa0
  22              	nullstreams.c.59cc8aa0:
  23 0000 78020000 		.4byte	0x278
  24 0004 0400     		.2byte	0x4
  25 0006 00000000 		.4byte	.Ldebug_abbrev0
  26 000a 04       		.byte	0x4
  27 000b 01       		.uleb128 0x1
  28 000c 6F000000 		.4byte	.LASF22
  29 0010 0C       		.byte	0xc
  30 0011 E5010000 		.4byte	.LASF23
  31 0015 35010000 		.4byte	.LASF24
  32 0019 00000000 		.4byte	.Ldebug_line0
  33 001d 02       		.uleb128 0x2
  34 001e 01       		.byte	0x1
  35 001f 06       		.byte	0x6
  36 0020 2F020000 		.4byte	.LASF0
  37 0024 03       		.uleb128 0x3
  38 0025 00000000 		.4byte	.LASF4
  39 0029 01       		.byte	0x1
  40 002a 2B       		.byte	0x2b
  41 002b 18       		.byte	0x18
  42 002c 30000000 		.4byte	0x30
  43 0030 02       		.uleb128 0x2
  44 0031 01       		.byte	0x1
  45 0032 08       		.byte	0x8
  46 0033 7E010000 		.4byte	.LASF1
  47 0037 02       		.uleb128 0x2
  48 0038 02       		.byte	0x2
  49 0039 05       		.byte	0x5
  50 003a 11020000 		.4byte	.LASF2
  51 003e 02       		.uleb128 0x2
  52 003f 02       		.byte	0x2
  53 0040 07       		.byte	0x7
  54 0041 29000000 		.4byte	.LASF3
  55 0045 03       		.uleb128 0x3
  56 0046 1F000000 		.4byte	.LASF5
  57 004a 01       		.byte	0x1
ARM GAS  /tmp/ccktDSwk.s 			page 2


  58 004b 4D       		.byte	0x4d
  59 004c 18       		.byte	0x18
  60 004d 51000000 		.4byte	0x51
  61 0051 02       		.uleb128 0x2
  62 0052 04       		.byte	0x4
  63 0053 05       		.byte	0x5
  64 0054 26020000 		.4byte	.LASF6
  65 0058 02       		.uleb128 0x2
  66 0059 04       		.byte	0x4
  67 005a 07       		.byte	0x7
  68 005b 8C010000 		.4byte	.LASF7
  69 005f 02       		.uleb128 0x2
  70 0060 08       		.byte	0x8
  71 0061 05       		.byte	0x5
  72 0062 D7010000 		.4byte	.LASF8
  73 0066 02       		.uleb128 0x2
  74 0067 08       		.byte	0x8
  75 0068 07       		.byte	0x7
  76 0069 52000000 		.4byte	.LASF9
  77 006d 04       		.uleb128 0x4
  78 006e 04       		.byte	0x4
  79 006f 05       		.byte	0x5
  80 0070 696E7400 		.ascii	"int\000"
  81 0074 02       		.uleb128 0x2
  82 0075 04       		.byte	0x4
  83 0076 07       		.byte	0x7
  84 0077 AF010000 		.4byte	.LASF10
  85 007b 03       		.uleb128 0x3
  86 007c C1010000 		.4byte	.LASF11
  87 0080 02       		.byte	0x2
  88 0081 18       		.byte	0x18
  89 0082 13       		.byte	0x13
  90 0083 24000000 		.4byte	0x24
  91 0087 05       		.uleb128 0x5
  92 0088 7B000000 		.4byte	0x7b
  93 008c 03       		.uleb128 0x3
  94 008d CF010000 		.4byte	.LASF12
  95 0091 02       		.byte	0x2
  96 0092 2C       		.byte	0x2c
  97 0093 13       		.byte	0x13
  98 0094 45000000 		.4byte	0x45
  99 0098 03       		.uleb128 0x3
 100 0099 0A000000 		.4byte	.LASF13
 101 009d 03       		.byte	0x3
 102 009e D1       		.byte	0xd1
 103 009f 17       		.byte	0x17
 104 00a0 74000000 		.4byte	0x74
 105 00a4 02       		.uleb128 0x2
 106 00a5 08       		.byte	0x8
 107 00a6 04       		.byte	0x4
 108 00a7 9E010000 		.4byte	.LASF14
 109 00ab 06       		.uleb128 0x6
 110 00ac 04       		.byte	0x4
 111 00ad 07       		.uleb128 0x7
 112 00ae 04       		.byte	0x4
 113 00af 7B000000 		.4byte	0x7b
 114 00b3 02       		.uleb128 0x2
ARM GAS  /tmp/ccktDSwk.s 			page 3


 115 00b4 01       		.byte	0x1
 116 00b5 08       		.byte	0x8
 117 00b6 BC010000 		.4byte	.LASF15
 118 00ba 03       		.uleb128 0x3
 119 00bb C9010000 		.4byte	.LASF16
 120 00bf 04       		.byte	0x4
 121 00c0 5C       		.byte	0x5c
 122 00c1 11       		.byte	0x11
 123 00c2 8C000000 		.4byte	0x8c
 124 00c6 08       		.uleb128 0x8
 125 00c7 98000000 		.4byte	0x98
 126 00cb DF000000 		.4byte	0xdf
 127 00cf 09       		.uleb128 0x9
 128 00d0 AB000000 		.4byte	0xab
 129 00d4 09       		.uleb128 0x9
 130 00d5 DF000000 		.4byte	0xdf
 131 00d9 09       		.uleb128 0x9
 132 00da 98000000 		.4byte	0x98
 133 00de 00       		.byte	0
 134 00df 07       		.uleb128 0x7
 135 00e0 04       		.byte	0x4
 136 00e1 87000000 		.4byte	0x87
 137 00e5 07       		.uleb128 0x7
 138 00e6 04       		.byte	0x4
 139 00e7 C6000000 		.4byte	0xc6
 140 00eb 08       		.uleb128 0x8
 141 00ec 98000000 		.4byte	0x98
 142 00f0 04010000 		.4byte	0x104
 143 00f4 09       		.uleb128 0x9
 144 00f5 AB000000 		.4byte	0xab
 145 00f9 09       		.uleb128 0x9
 146 00fa AD000000 		.4byte	0xad
 147 00fe 09       		.uleb128 0x9
 148 00ff 98000000 		.4byte	0x98
 149 0103 00       		.byte	0
 150 0104 07       		.uleb128 0x7
 151 0105 04       		.byte	0x4
 152 0106 EB000000 		.4byte	0xeb
 153 010a 08       		.uleb128 0x8
 154 010b BA000000 		.4byte	0xba
 155 010f 1E010000 		.4byte	0x11e
 156 0113 09       		.uleb128 0x9
 157 0114 AB000000 		.4byte	0xab
 158 0118 09       		.uleb128 0x9
 159 0119 7B000000 		.4byte	0x7b
 160 011d 00       		.byte	0
 161 011e 07       		.uleb128 0x7
 162 011f 04       		.byte	0x4
 163 0120 0A010000 		.4byte	0x10a
 164 0124 08       		.uleb128 0x8
 165 0125 BA000000 		.4byte	0xba
 166 0129 33010000 		.4byte	0x133
 167 012d 09       		.uleb128 0x9
 168 012e AB000000 		.4byte	0xab
 169 0132 00       		.byte	0
 170 0133 07       		.uleb128 0x7
 171 0134 04       		.byte	0x4
ARM GAS  /tmp/ccktDSwk.s 			page 4


 172 0135 24010000 		.4byte	0x124
 173 0139 02       		.uleb128 0x2
 174 013a 01       		.byte	0x1
 175 013b 02       		.byte	0x2
 176 013c 3B020000 		.4byte	.LASF17
 177 0140 0A       		.uleb128 0xa
 178 0141 11000000 		.4byte	.LASF25
 179 0145 10       		.byte	0x10
 180 0146 05       		.byte	0x5
 181 0147 35       		.byte	0x35
 182 0148 08       		.byte	0x8
 183 0149 82010000 		.4byte	0x182
 184 014d 0B       		.uleb128 0xb
 185 014e 78010000 		.4byte	.LASF18
 186 0152 05       		.byte	0x5
 187 0153 36       		.byte	0x36
 188 0154 03       		.byte	0x3
 189 0155 E5000000 		.4byte	0xe5
 190 0159 00       		.byte	0
 191 015a 0B       		.uleb128 0xb
 192 015b AA010000 		.4byte	.LASF19
 193 015f 05       		.byte	0x5
 194 0160 36       		.byte	0x36
 195 0161 03       		.byte	0x3
 196 0162 04010000 		.4byte	0x104
 197 0166 04       		.byte	0x4
 198 0167 0C       		.uleb128 0xc
 199 0168 70757400 		.ascii	"put\000"
 200 016c 05       		.byte	0x5
 201 016d 36       		.byte	0x36
 202 016e 03       		.byte	0x3
 203 016f 1E010000 		.4byte	0x11e
 204 0173 08       		.byte	0x8
 205 0174 0C       		.uleb128 0xc
 206 0175 67657400 		.ascii	"get\000"
 207 0179 05       		.byte	0x5
 208 017a 36       		.byte	0x36
 209 017b 03       		.byte	0x3
 210 017c 33010000 		.4byte	0x133
 211 0180 0C       		.byte	0xc
 212 0181 00       		.byte	0
 213 0182 05       		.uleb128 0x5
 214 0183 40010000 		.4byte	0x140
 215 0187 0D       		.uleb128 0xd
 216 0188 04       		.byte	0x4
 217 0189 05       		.byte	0x5
 218 018a 3E       		.byte	0x3e
 219 018b 09       		.byte	0x9
 220 018c 9E010000 		.4byte	0x19e
 221 0190 0C       		.uleb128 0xc
 222 0191 766D7400 		.ascii	"vmt\000"
 223 0195 05       		.byte	0x5
 224 0196 40       		.byte	0x40
 225 0197 1F       		.byte	0x1f
 226 0198 9E010000 		.4byte	0x19e
 227 019c 00       		.byte	0
 228 019d 00       		.byte	0
ARM GAS  /tmp/ccktDSwk.s 			page 5


 229 019e 07       		.uleb128 0x7
 230 019f 04       		.byte	0x4
 231 01a0 82010000 		.4byte	0x182
 232 01a4 03       		.uleb128 0x3
 233 01a5 1B020000 		.4byte	.LASF20
 234 01a9 05       		.byte	0x5
 235 01aa 42       		.byte	0x42
 236 01ab 03       		.byte	0x3
 237 01ac 87010000 		.4byte	0x187
 238 01b0 0E       		.uleb128 0xe
 239 01b1 766D7400 		.ascii	"vmt\000"
 240 01b5 06       		.byte	0x6
 241 01b6 4C       		.byte	0x4c
 242 01b7 23       		.byte	0x23
 243 01b8 82010000 		.4byte	0x182
 244 01bc 0F       		.uleb128 0xf
 245 01bd 43000000 		.4byte	.LASF26
 246 01c1 06       		.byte	0x6
 247 01c2 57       		.byte	0x57
 248 01c3 06       		.byte	0x6
 249 01c4 D5010000 		.4byte	0x1d5
 250 01c8 10       		.uleb128 0x10
 251 01c9 6E737000 		.ascii	"nsp\000"
 252 01cd 06       		.byte	0x6
 253 01ce 57       		.byte	0x57
 254 01cf 21       		.byte	0x21
 255 01d0 D5010000 		.4byte	0x1d5
 256 01d4 00       		.byte	0
 257 01d5 07       		.uleb128 0x7
 258 01d6 04       		.byte	0x4
 259 01d7 A4010000 		.4byte	0x1a4
 260 01db 11       		.uleb128 0x11
 261 01dc 67657400 		.ascii	"get\000"
 262 01e0 06       		.byte	0x6
 263 01e1 45       		.byte	0x45
 264 01e2 0E       		.byte	0xe
 265 01e3 BA000000 		.4byte	0xba
 266 01e7 F7010000 		.4byte	0x1f7
 267 01eb 10       		.uleb128 0x10
 268 01ec 697000   		.ascii	"ip\000"
 269 01ef 06       		.byte	0x6
 270 01f0 45       		.byte	0x45
 271 01f1 18       		.byte	0x18
 272 01f2 AB000000 		.4byte	0xab
 273 01f6 00       		.byte	0
 274 01f7 11       		.uleb128 0x11
 275 01f8 70757400 		.ascii	"put\000"
 276 01fc 06       		.byte	0x6
 277 01fd 3D       		.byte	0x3d
 278 01fe 0E       		.byte	0xe
 279 01ff BA000000 		.4byte	0xba
 280 0203 1D020000 		.4byte	0x21d
 281 0207 10       		.uleb128 0x10
 282 0208 697000   		.ascii	"ip\000"
 283 020b 06       		.byte	0x6
 284 020c 3D       		.byte	0x3d
 285 020d 18       		.byte	0x18
ARM GAS  /tmp/ccktDSwk.s 			page 6


 286 020e AB000000 		.4byte	0xab
 287 0212 10       		.uleb128 0x10
 288 0213 6200     		.ascii	"b\000"
 289 0215 06       		.byte	0x6
 290 0216 3D       		.byte	0x3d
 291 0217 24       		.byte	0x24
 292 0218 7B000000 		.4byte	0x7b
 293 021c 00       		.byte	0
 294 021d 12       		.uleb128 0x12
 295 021e 69000000 		.4byte	.LASF21
 296 0222 06       		.byte	0x6
 297 0223 34       		.byte	0x34
 298 0224 0F       		.byte	0xf
 299 0225 98000000 		.4byte	0x98
 300 0229 4E020000 		.4byte	0x24e
 301 022d 10       		.uleb128 0x10
 302 022e 697000   		.ascii	"ip\000"
 303 0231 06       		.byte	0x6
 304 0232 34       		.byte	0x34
 305 0233 1B       		.byte	0x1b
 306 0234 AB000000 		.4byte	0xab
 307 0238 10       		.uleb128 0x10
 308 0239 627000   		.ascii	"bp\000"
 309 023c 06       		.byte	0x6
 310 023d 34       		.byte	0x34
 311 023e 28       		.byte	0x28
 312 023f AD000000 		.4byte	0xad
 313 0243 10       		.uleb128 0x10
 314 0244 6E00     		.ascii	"n\000"
 315 0246 06       		.byte	0x6
 316 0247 34       		.byte	0x34
 317 0248 33       		.byte	0x33
 318 0249 98000000 		.4byte	0x98
 319 024d 00       		.byte	0
 320 024e 13       		.uleb128 0x13
 321 024f 3C000000 		.4byte	.LASF27
 322 0253 06       		.byte	0x6
 323 0254 2C       		.byte	0x2c
 324 0255 0F       		.byte	0xf
 325 0256 98000000 		.4byte	0x98
 326 025a 10       		.uleb128 0x10
 327 025b 697000   		.ascii	"ip\000"
 328 025e 06       		.byte	0x6
 329 025f 2C       		.byte	0x2c
 330 0260 1C       		.byte	0x1c
 331 0261 AB000000 		.4byte	0xab
 332 0265 10       		.uleb128 0x10
 333 0266 627000   		.ascii	"bp\000"
 334 0269 06       		.byte	0x6
 335 026a 2C       		.byte	0x2c
 336 026b 2F       		.byte	0x2f
 337 026c DF000000 		.4byte	0xdf
 338 0270 10       		.uleb128 0x10
 339 0271 6E00     		.ascii	"n\000"
 340 0273 06       		.byte	0x6
 341 0274 2C       		.byte	0x2c
 342 0275 3A       		.byte	0x3a
ARM GAS  /tmp/ccktDSwk.s 			page 7


 343 0276 98000000 		.4byte	0x98
 344 027a 00       		.byte	0
 345 027b 00       		.byte	0
 346              		.section	.gnu.debuglto_.debug_abbrev,"e",%progbits
 347              	.Ldebug_abbrev0:
 348 0000 01       		.uleb128 0x1
 349 0001 11       		.uleb128 0x11
 350 0002 01       		.byte	0x1
 351 0003 25       		.uleb128 0x25
 352 0004 0E       		.uleb128 0xe
 353 0005 13       		.uleb128 0x13
 354 0006 0B       		.uleb128 0xb
 355 0007 03       		.uleb128 0x3
 356 0008 0E       		.uleb128 0xe
 357 0009 1B       		.uleb128 0x1b
 358 000a 0E       		.uleb128 0xe
 359 000b 10       		.uleb128 0x10
 360 000c 17       		.uleb128 0x17
 361 000d 00       		.byte	0
 362 000e 00       		.byte	0
 363 000f 02       		.uleb128 0x2
 364 0010 24       		.uleb128 0x24
 365 0011 00       		.byte	0
 366 0012 0B       		.uleb128 0xb
 367 0013 0B       		.uleb128 0xb
 368 0014 3E       		.uleb128 0x3e
 369 0015 0B       		.uleb128 0xb
 370 0016 03       		.uleb128 0x3
 371 0017 0E       		.uleb128 0xe
 372 0018 00       		.byte	0
 373 0019 00       		.byte	0
 374 001a 03       		.uleb128 0x3
 375 001b 16       		.uleb128 0x16
 376 001c 00       		.byte	0
 377 001d 03       		.uleb128 0x3
 378 001e 0E       		.uleb128 0xe
 379 001f 3A       		.uleb128 0x3a
 380 0020 0B       		.uleb128 0xb
 381 0021 3B       		.uleb128 0x3b
 382 0022 0B       		.uleb128 0xb
 383 0023 39       		.uleb128 0x39
 384 0024 0B       		.uleb128 0xb
 385 0025 49       		.uleb128 0x49
 386 0026 13       		.uleb128 0x13
 387 0027 00       		.byte	0
 388 0028 00       		.byte	0
 389 0029 04       		.uleb128 0x4
 390 002a 24       		.uleb128 0x24
 391 002b 00       		.byte	0
 392 002c 0B       		.uleb128 0xb
 393 002d 0B       		.uleb128 0xb
 394 002e 3E       		.uleb128 0x3e
 395 002f 0B       		.uleb128 0xb
 396 0030 03       		.uleb128 0x3
 397 0031 08       		.uleb128 0x8
 398 0032 00       		.byte	0
 399 0033 00       		.byte	0
ARM GAS  /tmp/ccktDSwk.s 			page 8


 400 0034 05       		.uleb128 0x5
 401 0035 26       		.uleb128 0x26
 402 0036 00       		.byte	0
 403 0037 49       		.uleb128 0x49
 404 0038 13       		.uleb128 0x13
 405 0039 00       		.byte	0
 406 003a 00       		.byte	0
 407 003b 06       		.uleb128 0x6
 408 003c 0F       		.uleb128 0xf
 409 003d 00       		.byte	0
 410 003e 0B       		.uleb128 0xb
 411 003f 0B       		.uleb128 0xb
 412 0040 00       		.byte	0
 413 0041 00       		.byte	0
 414 0042 07       		.uleb128 0x7
 415 0043 0F       		.uleb128 0xf
 416 0044 00       		.byte	0
 417 0045 0B       		.uleb128 0xb
 418 0046 0B       		.uleb128 0xb
 419 0047 49       		.uleb128 0x49
 420 0048 13       		.uleb128 0x13
 421 0049 00       		.byte	0
 422 004a 00       		.byte	0
 423 004b 08       		.uleb128 0x8
 424 004c 15       		.uleb128 0x15
 425 004d 01       		.byte	0x1
 426 004e 27       		.uleb128 0x27
 427 004f 19       		.uleb128 0x19
 428 0050 49       		.uleb128 0x49
 429 0051 13       		.uleb128 0x13
 430 0052 01       		.uleb128 0x1
 431 0053 13       		.uleb128 0x13
 432 0054 00       		.byte	0
 433 0055 00       		.byte	0
 434 0056 09       		.uleb128 0x9
 435 0057 05       		.uleb128 0x5
 436 0058 00       		.byte	0
 437 0059 49       		.uleb128 0x49
 438 005a 13       		.uleb128 0x13
 439 005b 00       		.byte	0
 440 005c 00       		.byte	0
 441 005d 0A       		.uleb128 0xa
 442 005e 13       		.uleb128 0x13
 443 005f 01       		.byte	0x1
 444 0060 03       		.uleb128 0x3
 445 0061 0E       		.uleb128 0xe
 446 0062 0B       		.uleb128 0xb
 447 0063 0B       		.uleb128 0xb
 448 0064 3A       		.uleb128 0x3a
 449 0065 0B       		.uleb128 0xb
 450 0066 3B       		.uleb128 0x3b
 451 0067 0B       		.uleb128 0xb
 452 0068 39       		.uleb128 0x39
 453 0069 0B       		.uleb128 0xb
 454 006a 01       		.uleb128 0x1
 455 006b 13       		.uleb128 0x13
 456 006c 00       		.byte	0
ARM GAS  /tmp/ccktDSwk.s 			page 9


 457 006d 00       		.byte	0
 458 006e 0B       		.uleb128 0xb
 459 006f 0D       		.uleb128 0xd
 460 0070 00       		.byte	0
 461 0071 03       		.uleb128 0x3
 462 0072 0E       		.uleb128 0xe
 463 0073 3A       		.uleb128 0x3a
 464 0074 0B       		.uleb128 0xb
 465 0075 3B       		.uleb128 0x3b
 466 0076 0B       		.uleb128 0xb
 467 0077 39       		.uleb128 0x39
 468 0078 0B       		.uleb128 0xb
 469 0079 49       		.uleb128 0x49
 470 007a 13       		.uleb128 0x13
 471 007b 38       		.uleb128 0x38
 472 007c 0B       		.uleb128 0xb
 473 007d 00       		.byte	0
 474 007e 00       		.byte	0
 475 007f 0C       		.uleb128 0xc
 476 0080 0D       		.uleb128 0xd
 477 0081 00       		.byte	0
 478 0082 03       		.uleb128 0x3
 479 0083 08       		.uleb128 0x8
 480 0084 3A       		.uleb128 0x3a
 481 0085 0B       		.uleb128 0xb
 482 0086 3B       		.uleb128 0x3b
 483 0087 0B       		.uleb128 0xb
 484 0088 39       		.uleb128 0x39
 485 0089 0B       		.uleb128 0xb
 486 008a 49       		.uleb128 0x49
 487 008b 13       		.uleb128 0x13
 488 008c 38       		.uleb128 0x38
 489 008d 0B       		.uleb128 0xb
 490 008e 00       		.byte	0
 491 008f 00       		.byte	0
 492 0090 0D       		.uleb128 0xd
 493 0091 13       		.uleb128 0x13
 494 0092 01       		.byte	0x1
 495 0093 0B       		.uleb128 0xb
 496 0094 0B       		.uleb128 0xb
 497 0095 3A       		.uleb128 0x3a
 498 0096 0B       		.uleb128 0xb
 499 0097 3B       		.uleb128 0x3b
 500 0098 0B       		.uleb128 0xb
 501 0099 39       		.uleb128 0x39
 502 009a 0B       		.uleb128 0xb
 503 009b 01       		.uleb128 0x1
 504 009c 13       		.uleb128 0x13
 505 009d 00       		.byte	0
 506 009e 00       		.byte	0
 507 009f 0E       		.uleb128 0xe
 508 00a0 34       		.uleb128 0x34
 509 00a1 00       		.byte	0
 510 00a2 03       		.uleb128 0x3
 511 00a3 08       		.uleb128 0x8
 512 00a4 3A       		.uleb128 0x3a
 513 00a5 0B       		.uleb128 0xb
ARM GAS  /tmp/ccktDSwk.s 			page 10


 514 00a6 3B       		.uleb128 0x3b
 515 00a7 0B       		.uleb128 0xb
 516 00a8 39       		.uleb128 0x39
 517 00a9 0B       		.uleb128 0xb
 518 00aa 49       		.uleb128 0x49
 519 00ab 13       		.uleb128 0x13
 520 00ac 00       		.byte	0
 521 00ad 00       		.byte	0
 522 00ae 0F       		.uleb128 0xf
 523 00af 2E       		.uleb128 0x2e
 524 00b0 01       		.byte	0x1
 525 00b1 3F       		.uleb128 0x3f
 526 00b2 19       		.uleb128 0x19
 527 00b3 03       		.uleb128 0x3
 528 00b4 0E       		.uleb128 0xe
 529 00b5 3A       		.uleb128 0x3a
 530 00b6 0B       		.uleb128 0xb
 531 00b7 3B       		.uleb128 0x3b
 532 00b8 0B       		.uleb128 0xb
 533 00b9 39       		.uleb128 0x39
 534 00ba 0B       		.uleb128 0xb
 535 00bb 27       		.uleb128 0x27
 536 00bc 19       		.uleb128 0x19
 537 00bd 01       		.uleb128 0x1
 538 00be 13       		.uleb128 0x13
 539 00bf 00       		.byte	0
 540 00c0 00       		.byte	0
 541 00c1 10       		.uleb128 0x10
 542 00c2 05       		.uleb128 0x5
 543 00c3 00       		.byte	0
 544 00c4 03       		.uleb128 0x3
 545 00c5 08       		.uleb128 0x8
 546 00c6 3A       		.uleb128 0x3a
 547 00c7 0B       		.uleb128 0xb
 548 00c8 3B       		.uleb128 0x3b
 549 00c9 0B       		.uleb128 0xb
 550 00ca 39       		.uleb128 0x39
 551 00cb 0B       		.uleb128 0xb
 552 00cc 49       		.uleb128 0x49
 553 00cd 13       		.uleb128 0x13
 554 00ce 00       		.byte	0
 555 00cf 00       		.byte	0
 556 00d0 11       		.uleb128 0x11
 557 00d1 2E       		.uleb128 0x2e
 558 00d2 01       		.byte	0x1
 559 00d3 03       		.uleb128 0x3
 560 00d4 08       		.uleb128 0x8
 561 00d5 3A       		.uleb128 0x3a
 562 00d6 0B       		.uleb128 0xb
 563 00d7 3B       		.uleb128 0x3b
 564 00d8 0B       		.uleb128 0xb
 565 00d9 39       		.uleb128 0x39
 566 00da 0B       		.uleb128 0xb
 567 00db 27       		.uleb128 0x27
 568 00dc 19       		.uleb128 0x19
 569 00dd 49       		.uleb128 0x49
 570 00de 13       		.uleb128 0x13
ARM GAS  /tmp/ccktDSwk.s 			page 11


 571 00df 01       		.uleb128 0x1
 572 00e0 13       		.uleb128 0x13
 573 00e1 00       		.byte	0
 574 00e2 00       		.byte	0
 575 00e3 12       		.uleb128 0x12
 576 00e4 2E       		.uleb128 0x2e
 577 00e5 01       		.byte	0x1
 578 00e6 03       		.uleb128 0x3
 579 00e7 0E       		.uleb128 0xe
 580 00e8 3A       		.uleb128 0x3a
 581 00e9 0B       		.uleb128 0xb
 582 00ea 3B       		.uleb128 0x3b
 583 00eb 0B       		.uleb128 0xb
 584 00ec 39       		.uleb128 0x39
 585 00ed 0B       		.uleb128 0xb
 586 00ee 27       		.uleb128 0x27
 587 00ef 19       		.uleb128 0x19
 588 00f0 49       		.uleb128 0x49
 589 00f1 13       		.uleb128 0x13
 590 00f2 01       		.uleb128 0x1
 591 00f3 13       		.uleb128 0x13
 592 00f4 00       		.byte	0
 593 00f5 00       		.byte	0
 594 00f6 13       		.uleb128 0x13
 595 00f7 2E       		.uleb128 0x2e
 596 00f8 01       		.byte	0x1
 597 00f9 03       		.uleb128 0x3
 598 00fa 0E       		.uleb128 0xe
 599 00fb 3A       		.uleb128 0x3a
 600 00fc 0B       		.uleb128 0xb
 601 00fd 3B       		.uleb128 0x3b
 602 00fe 0B       		.uleb128 0xb
 603 00ff 39       		.uleb128 0x39
 604 0100 0B       		.uleb128 0xb
 605 0101 27       		.uleb128 0x27
 606 0102 19       		.uleb128 0x19
 607 0103 49       		.uleb128 0x49
 608 0104 13       		.uleb128 0x13
 609 0105 00       		.byte	0
 610 0106 00       		.byte	0
 611 0107 00       		.byte	0
 612              		.section	.gnu.debuglto_.debug_line,"e",%progbits
 613              	.Ldebug_line0:
 614 0000 14010000 		.4byte	.LELT0-.LSLT0
 615              	.LSLT0:
 616 0004 0400     		.2byte	0x4
 617 0006 0E010000 		.4byte	.LELTP0-.LASLTP0
 618              	.LASLTP0:
 619 000a 01       		.byte	0x1
 620 000b 01       		.byte	0x1
 621 000c 01       		.byte	0x1
 622 000d F6       		.byte	0xf6
 623 000e F2       		.byte	0xf2
 624 000f 0D       		.byte	0xd
 625 0010 00       		.byte	0
 626 0011 01       		.byte	0x1
 627 0012 01       		.byte	0x1
ARM GAS  /tmp/ccktDSwk.s 			page 12


 628 0013 01       		.byte	0x1
 629 0014 01       		.byte	0x1
 630 0015 00       		.byte	0
 631 0016 00       		.byte	0
 632 0017 00       		.byte	0
 633 0018 01       		.byte	0x1
 634 0019 00       		.byte	0
 635 001a 00       		.byte	0
 636 001b 01       		.byte	0x1
 637 001c 2E2E2F43 		.ascii	"../ChibiOS/os/hal/lib/streams"
 637      68696269 
 637      4F532F6F 
 637      732F6861 
 637      6C2F6C69 
 638 0039 00       		.byte	0
 639 003a 2E2E2F46 		.ascii	"../FreeRTOS/include"
 639      72656552 
 639      544F532F 
 639      696E636C 
 639      756465
 640 004d 00       		.byte	0
 641 004e 2F757372 		.ascii	"/usr/arm-none-eabi/include/machine"
 641      2F61726D 
 641      2D6E6F6E 
 641      652D6561 
 641      62692F69 
 642 0070 00       		.byte	0
 643 0071 2F757372 		.ascii	"/usr/arm-none-eabi/include/sys"
 643      2F61726D 
 643      2D6E6F6E 
 643      652D6561 
 643      62692F69 
 644 008f 00       		.byte	0
 645 0090 2F757372 		.ascii	"/usr/lib/gcc/arm-none-eabi/10.2.0/include"
 645      2F6C6962 
 645      2F676363 
 645      2F61726D 
 645      2D6E6F6E 
 646 00b9 00       		.byte	0
 647 00ba 00       		.byte	0
 648 00bb 5F646566 		.ascii	"_default_types.h\000"
 648      61756C74 
 648      5F747970 
 648      65732E68 
 648      00
 649 00cc 03       		.uleb128 0x3
 650 00cd 00       		.uleb128 0
 651 00ce 00       		.uleb128 0
 652 00cf 5F737464 		.ascii	"_stdint.h\000"
 652      696E742E 
 652      6800
 653 00d9 04       		.uleb128 0x4
 654 00da 00       		.uleb128 0
 655 00db 00       		.uleb128 0
 656 00dc 73746464 		.ascii	"stddef.h\000"
 656      65662E68 
 656      00
ARM GAS  /tmp/ccktDSwk.s 			page 13


 657 00e5 05       		.uleb128 0x5
 658 00e6 00       		.uleb128 0
 659 00e7 00       		.uleb128 0
 660 00e8 6F73616C 		.ascii	"osal_ch.h\000"
 660      5F63682E 
 660      6800
 661 00f2 02       		.uleb128 0x2
 662 00f3 00       		.uleb128 0
 663 00f4 00       		.uleb128 0
 664 00f5 6E756C6C 		.ascii	"nullstreams.h\000"
 664      73747265 
 664      616D732E 
 664      6800
 665 0103 01       		.uleb128 0x1
 666 0104 00       		.uleb128 0
 667 0105 00       		.uleb128 0
 668 0106 6E756C6C 		.ascii	"nullstreams.c\000"
 668      73747265 
 668      616D732E 
 668      6300
 669 0114 01       		.uleb128 0x1
 670 0115 00       		.uleb128 0
 671 0116 00       		.uleb128 0
 672 0117 00       		.byte	0
 673              	.LELTP0:
 674              	.LELT0:
 675              		.section	.gnu.debuglto_.debug_str,"eMS",%progbits,1
 676              	.LASF4:
 677 0000 5F5F7569 		.ascii	"__uint8_t\000"
 677      6E74385F 
 677      7400
 678              	.LASF13:
 679 000a 73697A65 		.ascii	"size_t\000"
 679      5F7400
 680              	.LASF25:
 681 0011 4E756C6C 		.ascii	"NullStreamVMT\000"
 681      53747265 
 681      616D564D 
 681      5400
 682              	.LASF5:
 683 001f 5F5F696E 		.ascii	"__int32_t\000"
 683      7433325F 
 683      7400
 684              	.LASF3:
 685 0029 73686F72 		.ascii	"short unsigned int\000"
 685      7420756E 
 685      7369676E 
 685      65642069 
 685      6E7400
 686              	.LASF27:
 687 003c 77726974 		.ascii	"writes\000"
 687      657300
 688              	.LASF26:
 689 0043 6E756C6C 		.ascii	"nullObjectInit\000"
 689      4F626A65 
 689      6374496E 
 689      697400
ARM GAS  /tmp/ccktDSwk.s 			page 14


 690              	.LASF9:
 691 0052 6C6F6E67 		.ascii	"long long unsigned int\000"
 691      206C6F6E 
 691      6720756E 
 691      7369676E 
 691      65642069 
 692              	.LASF21:
 693 0069 72656164 		.ascii	"reads\000"
 693      7300
 694              	.LASF22:
 695 006f 474E5520 		.ascii	"GNU C17 10.2.0 -mcpu=cortex-m3 -mno-thumb-interwork"
 695      43313720 
 695      31302E32 
 695      2E30202D 
 695      6D637075 
 696 00a2 202D6D74 		.ascii	" -mthumb -mfloat-abi=soft -march=armv7-m -ggdb -Os "
 696      68756D62 
 696      202D6D66 
 696      6C6F6174 
 696      2D616269 
 697 00d5 2D666F6D 		.ascii	"-fomit-frame-pointer -falign-functions=16 -ffunctio"
 697      69742D66 
 697      72616D65 
 697      2D706F69 
 697      6E746572 
 698 0108 6E2D7365 		.ascii	"n-sections -fdata-sections -fno-common -flto\000"
 698      6374696F 
 698      6E73202D 
 698      66646174 
 698      612D7365 
 699              	.LASF24:
 700 0135 2F686F6D 		.ascii	"/home/fminucci/hardware/electrosense-converter-firm"
 700      652F666D 
 700      696E7563 
 700      63692F68 
 700      61726477 
 701 0168 77617265 		.ascii	"wareV2/firmware\000"
 701      56322F66 
 701      69726D77 
 701      61726500 
 702              	.LASF18:
 703 0178 77726974 		.ascii	"write\000"
 703      6500
 704              	.LASF1:
 705 017e 756E7369 		.ascii	"unsigned char\000"
 705      676E6564 
 705      20636861 
 705      7200
 706              	.LASF7:
 707 018c 6C6F6E67 		.ascii	"long unsigned int\000"
 707      20756E73 
 707      69676E65 
 707      6420696E 
 707      7400
 708              	.LASF14:
 709 019e 6C6F6E67 		.ascii	"long double\000"
 709      20646F75 
ARM GAS  /tmp/ccktDSwk.s 			page 15


 709      626C6500 
 710              	.LASF19:
 711 01aa 72656164 		.ascii	"read\000"
 711      00
 712              	.LASF10:
 713 01af 756E7369 		.ascii	"unsigned int\000"
 713      676E6564 
 713      20696E74 
 713      00
 714              	.LASF15:
 715 01bc 63686172 		.ascii	"char\000"
 715      00
 716              	.LASF11:
 717 01c1 75696E74 		.ascii	"uint8_t\000"
 717      385F7400 
 718              	.LASF16:
 719 01c9 6D73675F 		.ascii	"msg_t\000"
 719      7400
 720              	.LASF12:
 721 01cf 696E7433 		.ascii	"int32_t\000"
 721      325F7400 
 722              	.LASF8:
 723 01d7 6C6F6E67 		.ascii	"long long int\000"
 723      206C6F6E 
 723      6720696E 
 723      7400
 724              	.LASF23:
 725 01e5 2E2E2F43 		.ascii	"../ChibiOS/os/hal/lib/streams/nullstreams.c\000"
 725      68696269 
 725      4F532F6F 
 725      732F6861 
 725      6C2F6C69 
 726              	.LASF2:
 727 0211 73686F72 		.ascii	"short int\000"
 727      7420696E 
 727      7400
 728              	.LASF20:
 729 021b 4E756C6C 		.ascii	"NullStream\000"
 729      53747265 
 729      616D00
 730              	.LASF6:
 731 0226 6C6F6E67 		.ascii	"long int\000"
 731      20696E74 
 731      00
 732              	.LASF0:
 733 022f 7369676E 		.ascii	"signed char\000"
 733      65642063 
 733      68617200 
 734              	.LASF17:
 735 023b 5F426F6F 		.ascii	"_Bool\000"
 735      6C00
 736              		.text
 737              		.section	.gnu.lto_.profile.2adbc089f0d82967,"e",%progbits
 738 0000 789C6362 		.ascii	"x\234cb\000\001\000\000\022\000\003"
 738      00010000 
 738      120003
 739              		.text
ARM GAS  /tmp/ccktDSwk.s 			page 16


 740              		.section	.gnu.lto_.icf.2adbc089f0d82967,"e",%progbits
 741 0000 789C5363 		.ascii	"x\234Sc@\0006\206'\357'/bd<\271\244\355(\027\323\333"
 741      40003686 
 741      27EF272F 
 741      62643CB9 
 741      A4ED2817 
 742 0016 3FBB2F33 		.ascii	"?\273/31\357\272<\363\004\027\313\214\355\267\257\260"
 742      31EFBA3C 
 742      F30417CB 
 742      8CEDB7AF 
 742      B0
 743 0027 B2CE5970 		.ascii	"\262\316Yp\350\0317\003\000l[\022j"
 743      E8193703 
 743      006C5B12 
 743      6A
 744              		.text
 745              		.section	.gnu.lto_.jmpfuncs.2adbc089f0d82967,"e",%progbits
 746 0000 789C458A 		.ascii	"x\234E\212\201\011\0000\010\303Z\253\227\355\260\035"
 746      81090030 
 746      08C35AAB 
 746      97EDB01D 
 747 0010 E3A3EB40 		.ascii	"\343\243\353@\260\020(!\007\273\202H&Z0\274\255\340"
 747      B0102821 
 747      07BB8248 
 747      265A30BC 
 747      ADE0
 748 0022 37182313 		.ascii	"7\030#\023\021+R\363\323\225\363\302\003\022\343\007"
 748      112B52F3 
 748      D395F3C2 
 748      0312E307 
 749 0032 F7       		.ascii	"\367"
 750              		.text
 751              		.section	.gnu.lto_.ipa_sra.2adbc089f0d82967,"e",%progbits
 752 0000 789CB364 		.ascii	"x\234\263d@\000V\006f0\311\302\300\016\34223\"s\031"
 752      40005606 
 752      6630C9C2 
 752      C00EE232 
 752      33227319 
 753 0014 999998C0 		.ascii	"\231\231\230\300\\\020\223\231\021\304df\001Q\014\214"
 753      5C109399 
 753      11C46466 
 753      01510C8C 
 754 0024 0C0019D9 		.ascii	"\014\000\031\331\000\214"
 754      008C
 755              		.text
 756              		.section	.gnu.lto_.inline.2adbc089f0d82967,"e",%progbits
 757 0000 789C5BC3 		.ascii	"x\234[\303\200\000\254\014\014\314\015@\300\224\302"
 757      8000AC0C 
 757      0CCC0D40 
 757      C094C2
 758 000f C8C0C4C0 		.ascii	"\310\300\304\300\320\010d\32610\260A\204\230@B\014\214"
 758      D00864D6 
 758      3130B041 
 758      84984042 
 758      0C8C
 759 0021 04553011 		.ascii	"\004U0\021T\301LP\005\013\003\013\210\313\014R\301\010"
 759      54C14C50 
ARM GAS  /tmp/ccktDSwk.s 			page 17


 759      050B030B 
 759      88CB0C52 
 759      C108
 760 0033 96486260 		.ascii	"\226Hb``\007\322\007`*\030\000'\244%\254"
 760      6007D207 
 760      602A1800 
 760      27A425AC 
 761              		.text
 762              		.section	.gnu.lto_.pureconst.2adbc089f0d82967,"e",%progbits
 763 0000 789C1360 		.ascii	"x\234\023````eh`al`aj`an`a\231\305\002\000\026\240\002"
 763      60606065 
 763      6860616C 
 763      60616A60 
 763      616E6061 
 764 001b CE       		.ascii	"\316"
 765              		.text
 766              		.section	.gnu.lto_.lto.2adbc089f0d82967,"e",%progbits
 767 0000 09000000 		.ascii	"\011\000\000\000\001\000\000\000"
 767      01000000 
 768              		.text
 769              		.section	.gnu.lto_writes.88.2adbc089f0d82967,"e",%progbits
 770 0000 789C65D0 		.ascii	"x\234e\320KKBA\024\007\360sfnj\332c\031$A\213@\204\360"
 770      4B4B4241 
 770      1407F073 
 770      666E6ADA 
 770      63192441 
 771 0018 8610D422 		.ascii	"\206\020\324\"\010\332DP.\372\004W\0114\354A\326\332"
 771      08DA4450 
 771      2EFA0457 
 771      0934EC41 
 771      D6DA
 772 002a D16A25A4 		.ascii	"\321j%\244\224\351\"\004K\244E\213\010z\331\013#\"\012"
 772      94E92204 
 772      4BA4458B 
 772      087AD90B 
 772      23220A
 773 003d DA942E8A 		.ascii	"\332\224.\212h\021\025\024A\341*P\253\271\243\024\322"
 773      68111514 
 773      41E12A50 
 773      ABB9A314 
 773      D2
 774 004e C0C0FF0C 		.ascii	"\300\300\377\014\3477\303\234(\002\014\000@\023\337"
 774      E737C39C 
 774      28020C00 
 774      4013DF
 775 005d 48010963 		.ascii	"H\001\011c\254[\353\323\021D\221\230\016\301K\320\213"
 775      AC5BEBD3 
 775      11449198 
 775      0EC14BD0 
 775      8B
 776 006e 0B7489E2 		.ascii	"\013t\211\342\275?\366Y3O\023\274Q\342e\370b\363\\\257"
 776      BD3FF659 
 776      334F13BC 
 776      51E265F8 
 776      62F35CAF 
 777 0082 9688CDBC 		.ascii	"\226\210\315\274L\316<\027\014\346U\306\374,\035\335"
 777      4CCE3C17 
ARM GAS  /tmp/ccktDSwk.s 			page 18


 777      0CE655C6 
 777      FC2C1DDD 
 778 0092 ED3A9E9E 		.ascii	"\355:\236\236\355MP\0021\336\275\205F\334D#\250\013"
 778      ED4D5002 
 778      31DEBD85 
 778      46DC4423 
 778      A80B
 779 00a4 B7D1CCBB 		.ascii	"\267\321\314\273\257/\263!-\225\021x>z\277+\352MI!\037"
 779      AF2FB321 
 779      2D951178 
 779      3E7ABF2B 
 779      EA4D4921 
 780 00b9 4F286B49 		.ascii	"O(kIP\212;H+(?\263\336J\200\273h\342$\037\310F\252i"
 780      508A3B48 
 780      2B283FB3 
 780      DE4A80BB 
 780      68E2241F 
 781 00d1 9FE08178 		.ascii	"\237\340\201x&\245+\363\302\251\340\022\246\376q\311"
 781      26A52BF3 
 781      C2A9E012 
 781      A6FE71C9 
 782 00e1 FAC4F99E 		.ascii	"\372\304\371\236\340E\026\216\324\321~\301_ros\365e"
 782      E045168E 
 782      D4D17EC1 
 782      5F726F73 
 782      F565
 783 00f3 9E39139C 		.ascii	"\2369\023\234\340\376?N\254\037\234\037\240\011T\364"
 783      E0FE3F4E 
 783      AC1F9C1F 
 783      A00954F4 
 784 0103 B0F1B558 		.ascii	"\260\361\265X\253\221\324\337\251\177:D\015\360Q\302"
 784      AB91D4DF 
 784      A97F3A44 
 784      0DF051C2 
 785 0113 FA55559A 		.ascii	"\372UU\232\025\276\203\214\335\330\326\014|0%\020\244"
 785      15BE838C 
 785      DDD8D60C 
 785      7C302510 
 785      A4
 786 0124 C0C7C924 		.ascii	"\300\307\311$di\200\020%\245\302\307\213Wd+\371F\341"
 786      64698010 
 786      25A5C2C7 
 786      8B57642B 
 786      F946E1
 787 0137 D55824BF 		.ascii	"\325X$\2771IE\314\241?>\254\246e\252>\300\257\302\277"
 787      314945CC 
 787      A13F3EAC 
 787      A665AA3E 
 787      C0AFC2BF 
 788 014b AB005A2D 		.ascii	"\253\000Z-\026\271\307\351\262\273l\203\362\230Gv*n"
 788      16B9C7E9 
 788      B2BB6C83 
 788      F2984776 
 788      2A6E
 789 015d D9EDB2CB 		.ascii	"\331\355\262\313\236\311\211!e\304#\217N\271\335\345"
 789      9EC98921 
 789      65C4238F 
ARM GAS  /tmp/ccktDSwk.s 			page 19


 789      4EB9DDE5 
 790 016d 6C710071 		.ascii	"lq\000q\2157T\234X\332;\035\216\016Ei\003b\037\307\321"
 790      8D37549C 
 790      58DA3B1D 
 790      8E0E4569 
 790      03621FC7 
 791 0182 1F2FA69E 		.ascii	"\037/\246\236\016"
 791      0E
 792              		.text
 793              		.section	.gnu.lto_reads.89.2adbc089f0d82967,"e",%progbits
 794 0000 789C6590 		.ascii	"x\234e\220\313KBQ\020\207\347w\316\315L{,[H\320\"\020"
 794      CB4B4251 
 794      1087E777 
 794      CECD4C7B 
 794      2C5B48D0 
 795 0016 21BC2104 		.ascii	"!\274!\004\265\010\2026\021T\213\376\002\225 \303J\262"
 795      B5088236 
 795      11548BFE 
 795      029520C3 
 795      4AB2
 796 0028 D61EAD56 		.ascii	"\326\036\255V\202F\317E\004\221D\233\"\202\336V\030"
 796      8246CF45 
 796      0491449B 
 796      2282DE56 
 796      18
 797 0039 5650D0A6 		.ascii	"VP\320\246\022Z\210P\213\300\010\004WA\317s\257=\010"
 797      125A8850 
 797      8BC00804 
 797      5741CF73 
 797      AF3D08
 798 004c 0F1CF87E 		.ascii	"\017\034\370~\303|\0143k \352\"\242\032\371\301\011"
 798      C37C0C33 
 798      6B20EA22 
 798      A21AF9C1 
 798      09
 799 005d 4C08D15A 		.ascii	"L\010\321Z\03242@'a\004\005\030\002\230\346\013\034"
 799      1A343240 
 799      27610405 
 799      180298E6 
 799      0B1C
 800 006f 99D0E24B 		.ascii	"\231\320\342K\371\024\217\311FE\306\231\313\255\013"
 800      F9148FC9 
 800      4645C699 
 800      CBAD0B
 801 007e 9316815A 		.ascii	"\223\026\201Z\031W\306\037\337\314\266U!B\"1\177\327"
 801      1957C61F 
 801      DFCCB655 
 801      21422231 
 801      7FD7
 802 0090 723236D1 		.ascii	"r26\321\036\343\214\026e\3676,\330\202\205\264\207\035"
 802      1EE38C16 
 802      65F7362C 
 802      D88285B4 
 802      871D
 803 00a2 D864F7CD 		.ascii	"\330d\367\315Uj\262\224\253 \311\307\271\364\273\311"
 803      556AB294 
 803      AB20C9C7 
ARM GAS  /tmp/ccktDSwk.s 			page 20


 803      B9F4BBC9 
 804 00b2 BAA29BE9 		.ascii	"\272\242\233\351$\027u1\316\261\013\376O\2255\307\272"
 804      24177531 
 804      CEB10BFE 
 804      4F9535C7 
 804      BA
 805 00c3 42D88355 		.ascii	"B\330\203U*\257\341\324\\\031\357\320\365\360\322\355"
 805      2AAFE1D4 
 805      5C19EFD0 
 805      F5F0D2ED 
 806 00d3 BEF15B3F 		.ascii	"\276\361[?=\323u\005\373E\272\342\330\223\372\201\256"
 806      3DD37505 
 806      FB45BAE2 
 806      D893FA81 
 806      AE
 807 00e4 BF8B99B9 		.ascii	"\277\213\231\271J\336\251\353\331\374s\244\352g\372"
 807      4ADEA9EB 
 807      D9FC73A4 
 807      EA67FA
 808 00f3 B9AE33C4 		.ascii	"\271\2563\304\213t\346HJ\375\020V\322\244\207\315\217"
 808      8B74E648 
 808      4AFD1056 
 808      D2A487CD 
 808      8F
 809 0104 D90A83A2 		.ascii	"\331\012\203\242m\247\355t\004\003\311S\322\306uIB\274"
 809      6DA7ED74 
 809      0403C953 
 809      D2C67549 
 809      42BC
 810 0116 7D4685C8 		.ascii	"}F\205\310v\346\314\214(\312I\036R(\020\011\242I\316"
 810      76E6CC8C 
 810      28CA491E 
 810      52281009 
 810      A249CE
 811 0129 0A2128C3 		.ascii	"\012!(\303\023\304r\334\242\233\032\036\361_\274\377"
 811      13C472DC 
 811      A29B1A1E 
 811      F15FBCFF 
 812 0139 C36C01F3 		.ascii	"\303l\001\363\010-\365k$'G\306r\031\243vu\006\302q\341"
 812      082DF56B 
 812      242747C6 
 812      7219A376 
 812      7506C271 
 813 014e A8518EBF 		.ascii	"\250Q\216\277)D\365v\273\332\326\347qy\272{\324!\277"
 813      2944F576 
 813      BBDAD6E7 
 813      7179BA7B 
 813      D421BF
 814 0161 DAE7F4AA 		.ascii	"\332\347\364\252^\217K\365\217\014\367:\007\374\352"
 814      5E8F4BF5 
 814      8F0CF73A 
 814      07FCEA
 815 0170 E0A8D7FB 		.ascii	"\340\250\327\373\315v71\217\257\372_\305\336\330\354"
 815      CD763731 
 815      8FAFFA5F 
 815      C5DED8EC 
 816 0180 7637399D 		.ascii	"v79\235\015\304\\>\014~\001\362\007\245b"
ARM GAS  /tmp/ccktDSwk.s 			page 21


 816      0DC45C3E 
 816      0C7E01F2 
 816      07A562
 817              		.text
 818              		.section	.gnu.lto_put.90.2adbc089f0d82967,"e",%progbits
 819 0000 789C5590 		.ascii	"x\234U\220\313KBA\024\207\317\357\236[\211(-[H\320\""
 819      CB4B4241 
 819      1487CFEF 
 819      9E5B8928 
 819      2D5B48D0 
 820 0015 1021BC51 		.ascii	"\020!\274Q\004\271\013\332\364X\264\350/\270J\220a\017"
 820      04B90BDA 
 820      F458B4E8 
 820      2FB84A90 
 820      610F
 821 0027 B2D68D4A 		.ascii	"\262\326\215J\265\211\224\036\264\250\2402\211\202\250"
 821      B589941E 
 821      B4A8A032 
 821      8982A8
 822 0036 407B4A18 		.ascii	"@{J\030\265)hS\264\013\027Q\233Z\010mz\320kF\243p`\340"
 822      B5296853 
 822      B40B1751 
 822      9B5A086D 
 822      7AD06B46 
 823 004e FB0DE79B 		.ascii	"\373\015\347\2339sL\020\265\023Q\245\334`\202&\204h"
 823      39734C10 
 823      B51351A5 
 823      DC608226 
 823      8468
 824 0060 2A0B5934 		.ascii	"*\013Y4 O\302\002\032\3210\202i\236gd\303\213\257\266"
 824      204FC202 
 824      1AD13082 
 824      699E6764 
 824      C38BAFB6 
 825 0074 298ECB42 		.ascii	")\216\313B]\306\231\213\344\271UE\240J\306\227\207\355"
 825      5DC6998B 
 825      E4B95545 
 825      A04AC697 
 825      87ED
 826 0086 84DDB526 		.ascii	"\204\335\265&=\221\231{\367\234DF[\342\254\321\242\254"
 826      3D91997B 
 826      F79C4446 
 826      5BE2ACD1 
 826      A2AC
 827 0098 4EC18124 		.ascii	"N\301\201$\034\244\026v\341\222\325\327\2277\26126@"
 827      1CA41676 
 827      E192D5D7 
 827      9737B132 
 827      3640
 828 00aa 928F73B7 		.ascii	"\222\217s\267\237VgB\210\260\310\234\235\262\250\216"
 828      9F566742 
 828      88B0C89C 
 828      9DB2A88E 
 829 00ba 33630F5C 		.ascii	"3c\017\\\244\312\263\272q\235\260\017\247T\026\3066"
 829      A4CAB3BA 
 829      719DB00F 
 829      A75416C6 
ARM GAS  /tmp/ccktDSwk.s 			page 22


 829      36
 830 00cb 1E98DBF2 		.ascii	"\036\230\333\362zj\363)]\376\253\337\257\262\260\305"
 830      7A6AF329 
 830      5DFEABDF 
 830      AFB2B0C5 
 831 00db 59C74141 		.ascii	"Y\307AA\257w\2406/\353uSR>\204\223\224r\267\3635k/\325"
 831      AF77A036 
 831      2FEB7553 
 831      523E8493 
 831      9472B7F3 
 832 00f3 5573AAA5 		.ascii	"Us\252\245#\224\222\234\004m]\225d\304\307wT\210\267"
 832      2394929C 
 832      046D5D95 
 832      64C4C777 
 832      5488B7
 833 0106 D6AD0968 		.ascii	"\326\255\011hDQ&\365!\035\"C\024c\255\020B2<B\254|;"
 833      445126F5 
 833      211D2243 
 833      1463AD10 
 833      42323C42 
 834 011d F2AAC265 		.ascii	"\362\252\302e\333\037\256\027\360\031\341\245\036E\362"
 834      DB1FAE17 
 834      F019E1A5 
 834      1E45F2
 835 012c BDC9482E 		.ascii	"\275\311H.kQ\243\322@H\027&\021e\374_MT\343v\033\315"
 835      6B51A3D2 
 835      40481726 
 835      1165FC5F 
 835      4D54E376 
 836 0142 DD7EAFBF 		.ascii	"\335~\257\277\243\323\350\017\032\335f\300\010\370\275"
 836      A3D3E80F 
 836      1ADD66C0 
 836      08F8BD
 837 0151 467068B0 		.ascii	"Fph\260\313\354\015\032}\303\201\300/\273}\244\371\007"
 837      CBEC0D1A 
 837      7DC381C0 
 837      2FBB7DA4 
 837      F907
 838 0163 2A8A4EDC 		.ascii	"*\212N\334\015\036\237\257\3214k\011\336\037\240\321"
 838      0D1E9FAF 
 838      D1346B09 
 838      DE1FA0D1 
 839 0173 8BDB     		.ascii	"\213\333"
 840              		.text
 841              		.section	.gnu.lto_get.91.2adbc089f0d82967,"e",%progbits
 842 0000 789C554F 		.ascii	"x\234UO\277KBQ\030\375\276\373\275\324D[\033$h\010D"
 842      BF4B4251 
 842      18FDBEFB 
 842      BDD4445B 
 842      1B246808 
 843 0015 88772308 		.ascii	"\210w#\010j\013\032\242\251\241\277\340)\201/^?\310"
 843      6A0B1AA2 
 843      A9A1BFE0 
 843      29812F5E 
 843      3FC8
 844 0027 9AFD7416 		.ascii	"\232\375t\026\264_\010\206\021\2115V`e\015\365\240\026"
 844      B45F0886 
ARM GAS  /tmp/ccktDSwk.s 			page 23


 844      11893556 
 844      60650DF5 
 844      A016
 845 0039 83208AB6 		.ascii	"\203 \212\266h\010\\r\010Zj\350\327\275\032\204\027"
 845      68085C72 
 845      085A6AE8 
 845      D7BD1A84 
 845      17
 846 004a 2E9C7338 		.ascii	".\234s8\347\334{B\0100\001\000=\352\"\001\012f\036\365"
 846      E7DC7B42 
 846      08300100 
 846      3DEA2201 
 846      0A661EF5 
 847 005e A67C02B1 		.ascii	"\246|\002\261\211\330\207\220\024\230\3045\332$|J\027"
 847      89D88790 
 847      1498C435 
 847      DA247C4A 
 847      17
 848 006f 3F02AB54 		.ascii	"?\002\253TRFC\321\365\353J\315\257)b\257\242\357\365"
 848      524643D1 
 848      F5EB4ACD 
 848      AF2962AF 
 848      A2EFF5
 849 0082 837230B2 		.ascii	"\203r0\262\247r\354\346\013\236\255\352-w\226H@Q\331"
 849      A772ECE6 
 849      0B9EADEA 
 849      2D779648 
 849      4051D9
 850 0095 8F308415 		.ascii	"\2170\204\025\014\201>x\214\021e\277\277y\310yI\"(|"
 850      0C813E78 
 850      8C1165BF 
 850      BF79C879 
 850      4922287C 
 851 00a9 FEFAF8E5 		.ascii	"\376\372\370\345\017\227\231\323\354^]\022\367\225\210"
 851      0F9799D3 
 851      EC5E5D12 
 851      F79588
 852 00b8 F004A92D 		.ascii	"\360\004\251-\252\264\301\206\022\252\030\006\035z>"
 852      AAB4C186 
 852      12AA1806 
 852      1D7A3E
 853 00c7 FCDE087A 		.ascii	"\374\336\010z\014\335\257[O\321\003j\015\354\337u\270"
 853      0CDDAF5B 
 853      4FD1036A 
 853      0DECDF75 
 853      B8
 854 00d8 FCF99365 		.ascii	"\374\371\223e\256\21572(\000\262\004\372S\006\262\013"
 854      AE8D3732 
 854      2800B204 
 854      FA5306B2 
 854      0B
 855 00e9 9023D122 		.ascii	"\220#\321\")E^\220w.2\324\314j\\\0174\341\033\246\267"
 855      29455E90 
 855      772E32D4 
 855      CC6A5C0F 
 855      34E11BA6 
 856 00fe 673452AF 		.ascii	"g4R\257\354\326W\362]z\244@\003\317Z\023\262\204\377"
ARM GAS  /tmp/ccktDSwk.s 			page 24


 856      ECD657F2 
 856      5D7AA440 
 856      03CF5A13 
 856      B284FF
 857 0111 8500FDA6 		.ascii	"\205\000\375\246)\307\342v\324\236\234\222\363\011\031"
 857      29C7E276 
 857      D49E9C92 
 857      F30919
 858 0120 B71CE9D8 		.ascii	"\267\034\351\330Q\231XZ\234\266f\023rn\331q\376\260"
 858      5199585A 
 858      9CB66613 
 858      726ED971 
 858      FEB0
 859 0132 1903612F 		.ascii	"\031\003a/t\267)\346\320H,6lY\003\360\013L=v{"
 859      74B729E6 
 859      D0482C36 
 859      6C5903F0 
 859      0B4C3D76 
 860              		.text
 861              		.section	.gnu.lto_vmt.92.2adbc089f0d82967,"e",%progbits
 862 0000 789C5BC0 		.ascii	"x\234[\300\300\300\240\307\000\001\263\231\031\347\256"
 862      C0C0A0C7 
 862      0001B399 
 862      19E7AE
 863 000f 38F39FB3 		.ascii	"8\363\237\263\205\261\251\261\243\241\341A\367\034\346"
 863      85B1A9B1 
 863      A3A1E141 
 863      F71CE6
 864 001e BAC5CC0C 		.ascii	"\272\305\314\014s\2311\345\026<c^\014\024af\304\224"
 864      739931E5 
 864      163C635E 
 864      0C146166 
 864      C494
 865 0030 59059461 		.ascii	"Y\005\224a\232\313\314\204)\363\212i13\363\\ff\260\314"
 865      9ACBCC84 
 865      29F38A69 
 865      3133F35C 
 865      6666B0CC 
 866 0044 C31DFBFC 		.ascii	"\303\035\373\374-\2677t,hpX\314\3142\207\231\201q;c"
 866      2DB73774 
 866      2C687058 
 866      CCCC3287 
 866      9981713B 
 867 0059 0BE31C66 		.ascii	"\013\343\034fF\306m`\232\211q+\230ff\334\002\244\031"
 867      46C66D60 
 867      9A89712B 
 867      986666DC 
 867      02A419
 868 006c 1877305A 		.ascii	"\030w0Z2\350\350\351\351;gd&e\372\007\353\347\027\353"
 868      32E8E8E9 
 868      E93B6764 
 868      2665FA07 
 868      EBE717EB 
 869 0080 6724E6E8 		.ascii	"g$\346\350\347d&\351\027\227\024\245&\346\026\353\347"
 869      E76426E9 
 869      179714A5 
 869      26E616EB 
ARM GAS  /tmp/ccktDSwk.s 			page 25


 869      E7
 870 0091 95E6E440 		.ascii	"\225\346\344@\331z\311\014\000\267\343Gf"
 870      D97AC90C 
 870      00B7E347 
 870      66
 871              		.text
 872              		.section	.gnu.lto_nullObjectInit.93.2adbc089f0d82967,"e",%progbits
 873 0000 789C5550 		.ascii	"x\234UP\275K[Q\024?\277w^b\024\205n\026Ep(\210P\362"
 873      BD4B5B51 
 873      143FBF77 
 873      5E621485 
 873      6E164570 
 874 0018 0252A85B 		.ascii	"\002R\250[\301\311.\016\376\0051\010\006R\225\306.."
 874      C1C92E0E 
 874      FE053108 
 874      065295C6 
 874      2E2E
 875 002a DEBCDA16 		.ascii	"\336\274\332\026\004\033\321T\005\015$>?6\305b\375\212"
 875      041BD154 
 875      050D243E 
 875      3F36C562 
 875      FD8A
 876 003c 1FCF52A8 		.ascii	"\037\317R\250\021\247\014\216\031\034\024mmA\034:H\355"
 876      11A70C8E 
 876      191C146D 
 876      6D411C3A 
 876      48ED
 877 004e B92F01EB 		.ascii	"\271/\001\353\205\013\347w\3569\277\217\273\001\242"
 877      850BE777 
 877      EE39BF8F 
 877      BB01A2
 878 005d 9744D420 		.ascii	"\227D\324 \027L0\224R/*\022\001\003\360*\025\000\015"
 878      174C3094 
 878      522F2A12 
 878      0103F02A 
 878      15000D
 879 0070 1918C204 		.ascii	"\031\030\302\004\3170\276~8\3332\232\227\344E\271SE"
 879      CF30BE7E 
 879      38DB329A 
 879      97E445B9 
 879      5345
 880 0082 FF7BF5EE 		.ascii	"\377{\365\356\261\303Di\271\245\20354\313\\\321N\377"
 880      B1C34469 
 880      B9A58335 
 880      34CB5CD1 
 880      4EFF
 881 0094 A91E6787 		.ascii	"\251\036g\207\001S`\352h-_\245\241\201F\201\347\331"
 881      015360EA 
 881      682D5FA5 
 881      A1814681 
 881      E7D9
 882 00a6 CF3F4DB6 		.ascii	"\317?M\266@RO\346\257\306+\233\026\224\262\225{\374"
 882      40524FE6 
 882      AFC62B9B 
 882      1694B295 
 882      7BFC
 883 00b8 8DD51387 		.ascii	"\215\325\023\207\031\033`\241\304:\352\361\005\365D"
ARM GAS  /tmp/ccktDSwk.s 			page 26


 883      191B60A1 
 883      C43AEAF1 
 883      05F544
 884 00c7 D26B3994 		.ascii	"\322k9\224\306&\232H/\235\256\376\375T\3437\313\272"
 884      C6269A48 
 884      2F9DAEFE 
 884      FD54E337 
 884      CBBA
 885 00d9 D8829F24 		.ascii	"\330\202\237$\006\255\024|\256\272\275K*u\321\376c\024"
 885      06AD147C 
 885      AEBABD4B 
 885      2A75D1FE 
 885      6314
 886 00eb A664F036 		.ascii	"\246d\3606\222L\332\261\011\345\022\215\261Q\002\011"
 886      924CDAB1 
 886      09E5128D 
 886      B1510209 
 887 00fb 01975073 		.ascii	"\001\227Ps\347\243\3541\374\202\235\032\311{\265H||"
 887      E7A3EC31 
 887      FC829D1A 
 887      C97BB548 
 887      7C7C
 888 010d FBBB18D0 		.ascii	"\373\273\030\320\226\331\263\231Z]\376\316\213\230O"
 888      96D9B399 
 888      5A5DFECE 
 888      8B984F
 889 011c C86AA6CE 		.ascii	"\310j\246\316a3+Y\266\2657y,\\\271i\204\2265m\243\303"
 889      61332B59 
 889      B6B53779 
 889      2C5CB969 
 889      8496356D 
 890 0132 3EE4B088 		.ascii	">\344\260\210\331\222\265\035\204\376'\363yd\271\233"
 890      D992B51D 
 890      84FE27F3 
 890      7964B99B 
 891 0142 DDCBCA61 		.ascii	"\335\313\312a\330\011\371<\337\222\036\224\346\301I"
 891      D809F93C 
 891      DF921E94 
 891      E6C149
 892 0151 2E5BAD15 		.ascii	".[\255\025\0369\354\307\036\206\201\3352\177j\266\220"
 892      1E39ECC7 
 892      1E8681DD 
 892      327F6AB6 
 892      90
 893 0162 A9D2F3D3 		.ascii	"\251\322\363\323\">\250Y\366EA\330]\231\242k\330\031"
 893      223EA859 
 893      F64541D8 
 893      5D99A26B 
 893      D819
 894 0174 49EB65D0 		.ascii	"I\353e\320'\311\270OK\3644\030\264\332z\242]\321\216"
 894      27C9B84F 
 894      4BF43418 
 894      B4DA7AA2 
 894      5DD18E
 895 0187 4EAB2F6E 		.ascii	"N\253/n\365\204cV,\332e\305\007^w\207_\305\255\3367"
 895      F5846356 
 895      2CDA65C5 
ARM GAS  /tmp/ccktDSwk.s 			page 27


 895      075E7787 
 895      5FC5ADDE 
 896 019c B158B90E 		.ascii	"\261X\271\016F\210{\343\375\265\017Z\301g\255\221\310"
 896      46887BE3 
 896      FDB50F5A 
 896      C167AD91 
 896      C8
 897 01ad F3703844 		.ascii	"\363p8D\377\000\252\226\250\323"
 897      FF00AA96 
 897      A8D3
 898              		.text
 899              		.section	.gnu.lto_.symbol_nodes.2adbc089f0d82967,"e",%progbits
 900 0000 789C75C9 		.ascii	"x\234u\311\273\015\2000\014\000\321s\022\366a\006\026"
 900      BB0D8030 
 900      0C00D173 
 900      12F66106 
 900      16
 901 0011 B3BD0123 		.ascii	"\263\275\001#d\014\304\020\251\371\356\202\205h(r\325"
 901      640CC410 
 901      A9F9EE82 
 901      85682872 
 901      D5
 902 0022 49AF12A5 		.ascii	"I\257\022\245\015\305\242\"s#\236\245\272\217\010\257"
 902      0DC5A222 
 902      73239EA5 
 902      BA8F08AF 
 903 0032 EEA8F4F5 		.ascii	"\356\250\364\365@S_O4\367\365F\313OWs\371p\270\300&"
 903      40535F4F 
 903      34F7F546 
 903      CB4F5773 
 903      F970B8C0 
 904 0047 C83CB861 		.ascii	"\310<\270a(l"
 904      286C
 905              		.text
 906              		.section	.gnu.lto_.refs.2adbc089f0d82967,"e",%progbits
 907 0000 789C1364 		.ascii	"x\234\023d```dabeb`\001b&F&&&f\006\000\002\353\0007"
 907      60606064 
 907      61626562 
 907      60016226 
 907      46262626 
 908              		.text
 909              		.section	.gnu.lto_.decls.2adbc089f0d82967,"e",%progbits
 910 0000 789C9556 		.ascii	"x\234\225V}P\025\327\025\277\347\336}\037,\217\007\005"
 910      7D5015D7 
 910      15BFE7DE 
 910      7D1F2C8F 
 910      0705
 911 0012 ACCED871 		.ascii	"\254\316\330q^3dB\247\215\017q\032\354\177\314d&M'S"
 911      5E336442 
 911      A78D0F71 
 911      1AEC7FCC 
 911      64264D27 
 912 0027 CD4CFA31 		.ascii	"\315L\3721\351\037q\220e\204\214hF\236i\246\177-\370"
 912      E91F7190 
 912      65848C68 
 912      469E69A6 
 912      7F2DF8
ARM GAS  /tmp/ccktDSwk.s 			page 28


 913 003a 11E2A001 		.ascii	"\021\342\240\001\207\222V\241\022c\033\333D\305D\010"
 913      879256A1 
 913      12631BDB 
 913      44C54408 
 914 004a 44C40721 		.ascii	"D\304\007!\362\014\230`\370\322\200\024D\344\241U\264"
 914      F20C9860 
 914      F8D28014 
 914      44E4A155 
 914      B4
 915 005b 4114545E 		.ascii	"A\024T^\317\275w\367\275\335\012\323fg\316\356\336s"
 915      CFBD77F7 
 915      BDDD0AD3 
 915      6667CEEE 
 915      DE73
 916 006d CFEF9CDF 		.ascii	"\317\357\234\3379{\357\331\333\022O\310\017\201\220"
 916      397BEFD9 
 916      DB124FC8 
 916      0F8190
 917 007c 2E94085E 		.ascii	".\224\010^.B\310\005\024'\312F\224f\224 J\033J+J\027"
 917      2E42C805 
 917      1427CA46 
 917      94669420 
 917      4A1B4A2B 
 918 0092 919703A5 		.ascii	"\221\227\003\245\037e\010e\034e\022\3456\012\020\363"
 918      1F650865 
 918      1C6512E5 
 918      360A10F3 
 919 00a2 16BB8E82 		.ascii	"\026\273\216\202\264OFI5\374\231\276M\363~\362\370\325"
 919      B44F4649 
 919      35FC99BE 
 919      4DF37EF2 
 919      F8D5
 920 00b4 B408AECD 		.ascii	"\264\010\256\315\202\033Z\000\327\371_\2701\003\327"
 920      821B5A00 
 920      D7F95FB8 
 920      3103D7
 921 00c3 6AC18D2F 		.ascii	"j\301\215/\200\353\301\011e\001\234\211\231\\\000\003"
 921      80EBC109 
 921      65019C89 
 921      995C0003 
 922 00d3 54C69A45 		.ascii	"T\306\232E\231F\231A\271\217\022!\322\327C\2249\224"
 922      99469941 
 922      B98F1221 
 922      D2D74394 
 922      3994
 923 00e5 79944786 		.ascii	"y\224G\206n\322\210?\264H\336\243\030\214\177\207|\013"
 923      6ED2883F 
 923      B448DEA3 
 923      188C7F87 
 923      7C0B
 924 00f7 175EF74E 		.ascii	"\027^\367N\036\017\244o\316'd<\027\253\373\001\006\303"
 924      1E0FA46F 
 924      CE27643C 
 924      17ABFB01 
 924      06C3
 925 0109 2535F73D 		.ascii	"%5\367=\373\030$\253\240\340\260\362\213\223\347T\034"
 925      FB1824AB 
ARM GAS  /tmp/ccktDSwk.s 			page 29


 925      A0E0B0F2 
 925      8B93E754 
 925      1C
 926 011a A6AAE0C3 		.ascii	"\246\252\340\303apd\317,\303\341\017T\210\000\216;\246"
 926      617064CF 
 926      2CC3E10F 
 926      5488008E 
 926      3BA6
 927 012c 6EF6821C 		.ascii	"n\366\202\034s\360\335\226\231\257\025F\305\373\276"
 927      73F0DD96 
 927      99AF1546 
 927      C5FBBE
 928 013b C90B355E 		.ascii	"\311\0135^\377Q]^\356W\0104\002\023Q\262\342\371\374"
 928      FF515D5E 
 928      EE570834 
 928      021351B2 
 928      E2F9FC
 929 014e DF0F1E69 		.ascii	"\337\017\036iO`\353\204\355\275\007\225\265\252Z\252"
 929      4F60EB84 
 929      EDBD0795 
 929      B5AA5AAA 
 930 015e EB257AED 		.ascii	"\353%z\355\366\335\316e\004V/\207\214\345\004>\005\341"
 930      F6DDCE65 
 930      04562F87 
 930      8CE5043E 
 930      05E1
 931 0170 BB09FCF0 		.ascii	"\273\011\374\360\011,\207\006X\316\315\217\004\337\036"
 931      092C8706 
 931      58CECD8F 
 931      04DF1E
 932 017f 639EDDDC 		.ascii	"c\236\335\334<\270]\217{\036N\201\012\3658\177\022\347"
 932      3CB85D8F 
 932      7B1E4E81 
 932      0AF5387F 
 932      12E7
 933 0191 09348387 		.ascii	"\0114\203\207\310\007\3326\357z\324\342B\206/#c\274"
 933      C807DA36 
 933      EF7AD4E2 
 933      42862F23 
 933      63BC
 934 01a3 122DA45F 		.ascii	"\022-\244_\226\244\017\317N}\342a\277\025\357\007[z"
 934      96A40FCF 
 934      4E7DE261 
 934      BF15EF07 
 934      5B7A
 935 01b5 3EA29208 		.ascii	">\242\222\010zN~\236D\335\302\031\020\010N\245\005u"
 935      7A4E7E9E 
 935      44DDC219 
 935      10084EA5 
 935      0575
 936 01c7 A7B92E08 		.ascii	"\247\271.\010*\202\372.=,\217\262/\375\237\354;\337"
 936      2A82FA2E 
 936      3D2C8FB2 
 936      2FFD9FEC 
 936      3BDF
 937 01d9 DF73C269 		.ascii	"\337s\302ie\337jc\337&\331\267\011\366\025\221\303\275"
 937      65DF6A63 
ARM GAS  /tmp/ccktDSwk.s 			page 30


 937      DF26D9B7 
 937      09F61591 
 937      C3BD
 938 01eb 71EC15C1 		.ascii	"q\354\025\301\255\344\330t\227\227m\020\357\241\267"
 938      ADE4D874 
 938      97976D10 
 938      EFA1B7
 939 01fa 4B6E40CA 		.ascii	"Kn@\312\367\226\211o\330\216a>\207\024\036\307\370\210"
 939      F796896F 
 939      D88E613E 
 939      87141EC7 
 939      F888
 940 020c EF8F7736 		.ascii	"\357\217w6xR*d\351\351bV\355\303\207\232\022\255D\316"
 940      78522A64 
 940      E9E96256 
 940      EDC3879A 
 940      12AD44CE 
 941 0220 E2748C48 		.ascii	"\342t\214H\207 r\200\321\366\211\372j/\244\245\034\022"
 941      87207280 
 941      D1F689FA 
 941      6A2FA4A5 
 941      1C12
 942 0232 961D7FF1 		.ascii	"\226\035\177\361\375i\376\266\256\357\313\340\026\360"
 942      FD69FEB6 
 942      AEEFCBE0 
 942      16F0
 943 0240 19BA3D67 		.ascii	"\031\272=g\303\371\371m\025\336D\374 \263\024\221\010"
 943      C3F9F96D 
 943      15DE44FC 
 943      20B31491 
 943      08
 944 0251 535E8F10 		.ascii	"S^\217\020\244\031,\252\367\0165xX\015\210\274>\330"
 944      A4192CAA 
 944      F70E3578 
 944      580D88BC 
 944      3ED8
 945 0263 31BB2DE5 		.ascii	"1\273-\345q\034|aD\261C\317\216\014\217\271\254\011"
 945      711C7C61 
 945      44B143CF 
 945      8E0C8FB9 
 945      AC09
 946 0275 74DA8874 		.ascii	"t\332\210t\311Jv\211J^\352\372\307A\3078\214\001\345"
 946      C94A7689 
 946      4A5EEAFA 
 946      C741C738 
 946      8C01E5
 947 0288 7B560380 		.ascii	"{V\003\200\213\317\340M%\277c$U\247:uj\214\252Le\232"
 947      8BCFE04D 
 947      25BF6324 
 947      55A73A75 
 947      6A8CAA4C 
 948 029e 1A8215E9 		.ascii	"\032\202\025\351\323,\333M\323\023U\367\221\317 Iu\270"
 948      D32CDB4D 
 948      D31355F7 
 948      91CF2049 
 948      75B8
 949 02b0 290DBB34 		.ascii	")\015\27345}\016>\244\265N_\266\256heK\302.\235\226"
ARM GAS  /tmp/ccktDSwk.s 			page 31


 949      357D0E3E 
 949      A4B54E5F 
 949      B6AE6865 
 949      4BC22E9D 
 950 02c5 AF4D5D9D 		.ascii	"\257M]\235\215\367\260+\004\032\242^T\334I\370\026v"
 950      8DF7B02B 
 950      041AA25E 
 950      54DC49F8 
 950      1676
 951 02d7 A9D3AC76 		.ascii	"\251\323\254v\217S;OK\237B\306\252\226\231\212Ie\273"
 951      8F533B4F 
 951      4B9F42C6 
 951      AA96998A 
 951      4965BB
 952 02ea DD2B12DB 		.ascii	"\335+\022\333X\033{\216\020\267\273\356\330\0225\354"
 952      581B7B8E 
 952      10B7BBEE 
 952      D81235EC 
 953 02fa 4A4417E9 		.ascii	"JD\027\351\232/I\363%\206\300\241ijj:A\022Zff6U\321"
 953      9A2F49F3 
 953      2586C0A1 
 953      696A6A3A 
 953      41125A66 
 954 0312 B3E20E41 		.ascii	"\263\342\016A&\003O\246>zc\251\012j\334\012_:!\032y"
 954      26034FA6 
 954      3E7A63A9 
 954      0A6ADC0A 
 954      5F3A211A 
 955 0327 8EA25F16 		.ascii	"\216\242_\0261/paL-6\004HWi&e/\204\2611P\352#DW\334"
 955      312F7061 
 955      4C2D3604 
 955      48576926 
 955      652F84B1 
 956 0342 1E0FE8F8 		.ascii	"\036\017\350\370\210[\377\202\366b\246J\302.\212S\251"
 956      885BFF82 
 956      F662A64A 
 956      C22E8A53 
 956      A9
 957 0353 0AE81462 		.ascii	"\012\350\024bH\325\211m\341\242#\332\305\200\267\020"
 957      48D5896D 
 957      E1A223DA 
 957      C580B710 
 958 0363 F4276E46 		.ascii	"\364'nF?\261\204\021z\321\327@Z\023bj\243\017\343]\032"
 958      3FB18411 
 958      7AD1D740 
 958      5A13626A 
 958      A30FE35D 
 959 0378 483FD46C 		.ascii	"H?\324l\207`\006!\306\254\305y\214\203\301\303\364c"
 959      87600621 
 959      C6ACC579 
 959      8C83C1C3 
 959      F463
 960 038a C6B1708C 		.ascii	"\306\261p\214q%\324\010I\255\030\201\263\021\217\271"
 960      7125D408 
 960      49AD1881 
 960      B3118FB9 
 961 039a 2451B726 		.ascii	"$Q\267&%\2633\342\312\231-\233>\347\275\006W\213\371"
ARM GAS  /tmp/ccktDSwk.s 			page 32


 961      25B333E2 
 961      CA992D9B 
 961      3EE7BD06 
 961      578BF9
 962 03ad AA1C3CB9 		.ascii	"\252\034<\271\224\300\222\362l\"\226k\347\201\232\012"
 962      94C092F2 
 962      6C22966B 
 962      E7819A0A 
 963 03bd 6041B976 		.ascii	"`A\271vw|\034\231T\024\314\213\267\005\330\242p]_\177"
 963      777C1C99 
 963      5414CC8B 
 963      B705D8A2 
 963      705D5F7F 
 964 03d1 559543E8 		.ascii	"U\225C\350\260\033A7H\245\376\327\253\361B\271\321\003"
 964      B01B4137 
 964      48A5FED7 
 964      ABF142B9 
 964      D103
 965 03e3 17A46ED7 		.ascii	"\027\244n\327\347\345\247\022d\333\2458|\267\257\273"
 965      E7E5A712 
 965      64DBA538 
 965      7CB7AFBB 
 966 03f3 0464DB4D 		.ascii	"\004d\333M\302a\327\007U\375\352\322?\362}Q\267]O\242"
 966      C261D707 
 966      55FDEAD2 
 966      3FF27D51 
 966      B75D4FA2 
 967 0407 22422F2E 		.ascii	"\"B/.\364\036\261\320\373\000I}\015\212\344{\270yW+"
 967      F41EB1D0 
 967      FB00497D 
 967      0D8AE47B 
 967      B879572B 
 968 041b 7BA256EF 		.ascii	"{\242V\357\036\321\203\221\306\214\273\333\337\324\273"
 968      1ED18391 
 968      C68CBBDB 
 968      DFD4BB
 969 042a 39128421 		.ascii	"9\022\204!|\205[\311\350\001\374\235\300\227p\015\340"
 969      7C855BC9 
 969      E801FC9D 
 969      C097700D 
 969      E0
 970 043b 3C8C43D6 		.ascii	"<\214C\326\227\012\201~x\202\347\\q\376\244\203M/\236"
 970      970A817E 
 970      7882E75C 
 970      71FEA483 
 970      4D2F9E
 971 044e 58E59DA9 		.ascii	"X\345\235\251\001\251\303F\005\027e\022\273O75z\315"
 971      01A9C346 
 971      05176512 
 971      BB4F3735 
 971      7ACD
 972 0460 C42E49DD 		.ascii	"\304.I\335\335+\247{\034\213S\037\344\324\2771\251\327"
 972      DD2BA77B 
 972      1C8B531F 
 972      E4D4BF31 
 972      A9D7
 973 0472 15974C3A 		.ascii	"\025\227L:\015\352W\3162\275\022Q>n\003\003\026\326"
ARM GAS  /tmp/ccktDSwk.s 			page 33


 973      0DEA57CE 
 973      32BD1251 
 973      3E6E0303 
 973      16D6
 974 0484 0376D635 		.ascii	"\003v\3265\310zH\260\216L};\354as\222\365\344\225\336"
 974      C87A48B0 
 974      8E4C7D3B 
 974      EC617392 
 974      F5E495DE 
 975 0498 362AC8B4 		.ascii	"6*\310\264FY\327\036\017\357TM\202\303\006\301\326\352"
 975      4659D71E 
 975      0FEF544D 
 975      82C306C1 
 975      D6EA
 976 04aa 6E054BED 		.ascii	"n\005K\355\224?\010\027\252\372\337\351\310\222\032"
 976      943F0817 
 976      AAFADFE9 
 976      C8921A
 977 04b9 4EFB0DD4 		.ascii	"N\373\015\324\014\224\365\014:\331\274\364\334~\253"
 977      0C94F50C 
 977      3AD9BCF4 
 977      DC7EAB
 978 04c8 6142E1FD 		.ascii	"aB\341\375^\177\354'q\005\004\214\267\251Q\324\215\310"
 978      5E7FEC27 
 978      7105048C 
 978      B7A951D4 
 978      8DC8
 979 04da 8E3F7AA2 		.ascii	"\216?z\242\354f\274\265\006c\266\032\\\3455\370\247"
 979      EC66BCB5 
 979      0663B61A 
 979      5CE535F8 
 979      A7
 980 04eb 5983EE91 		.ascii	"Y\203\356\221\277\325{\215\032\334\232`\325z\260\004"
 980      BFD57B8D 
 980      1ADC9A60 
 980      D57AB004 
 981 04fb 710AB782 		.ascii	"q\012\267\202\313\226*\\\266W\341\036\216\306E\025\216"
 981      CB962A5C 
 981      B657E11E 
 981      8EC64515 
 981      8E
 982 050c 5F3E549A 		.ascii	"_>T\232\300v\310\277\360\261\017\037\324E3\226E(\276"
 982      C076C8BF 
 982      F0B10F1F 
 982      D4453396 
 982      4528BE
 983 051f 5A3FEC58 		.ascii	"Z?\354X\234M\230\263\2310\331L\317\227\3179\0146\327"
 983      9C4D98B3 
 983      9930D94C 
 983      CF97CF39 
 983      0C36D7
 984 0532 9745C9A0 		.ascii	"\227E\311\240\021F\216\221\271f'3\210\243IA\246|\357"
 984      11468E91 
 984      B9662733 
 984      88A34941 
 984      A67CEF
 985 0545 DC03372B 		.ascii	"\334\0037+\225d\006w\236\330k\376\265\010\334\260\375"
ARM GAS  /tmp/ccktDSwk.s 			page 34


 985      95640677 
 985      9ED86BFE 
 985      B508DCB0 
 985      FD
 986 0556 8CF60F74 		.ascii	"\214\366\017t\274\3474\377h\274\335\333\247\033n\216"
 986      BCE734FF 
 986      68BCDDDB 
 986      A71B6E8E 
 987 0566 9EB6FDF2 		.ascii	"\236\266\375\362\377ek\3657\215\177\025\224\315\276"
 987      FF656BF5 
 987      378D7F15 
 987      94CDBE
 988 0575 DB0A225F 		.ascii	"\333\012\"_T\031\011\217\015w^\360Z\023\316\377\276"
 988      5419098F 
 988      0D775EF0 
 988      5A13CEFF 
 988      BE
 989 0586 25DF299E 		.ascii	"%\337)\236\357-3\337\267\"\305\263.\314w\004\363\235"
 989      EF2D33DF 
 989      B722C5B3 
 989      2ECC7704 
 989      F39D
 990 0598 DFEF8926 		.ascii	"\337\357\211&\214Vp\335\222\360u{\302\3158\272-\022"
 990      8C5670DD 
 990      92F0757B 
 990      C2CD38BA 
 990      2D12
 991 05aa 36776EB2 		.ascii	"6wn\262\334\271G#\023\007\022\345F\326\371\201\351L"
 991      DCB94723 
 991      130712E5 
 991      46D6F981 
 991      E94C
 992 05bc A4EA8C22 		.ascii	"\244\352\214\"\247\3358\234\212\334\370\2215+\376\221"
 992      A7DD389C 
 992      8ADCF891 
 992      352BFE91 
 993 05cc 63594D9B 		.ascii	"cYM\233Y\335\332\365\351e/{GV1t\273\357\243\004+h\320"
 993      59DDDAF5 
 993      E9652F7B 
 993      47563174 
 993      BBEFA304 
 994 05e3 069A3141 		.ascii	"\006\2321A}\023M3\361\254Z\202Fg.\206l\365\353\263\201"
 994      7D134D33 
 994      F1AC5A82 
 994      46672E86 
 994      6CF5EBB3 
 995 05f8 EE9B20FD 		.ascii	"\356\233 \375\334\361;6\347a\233\335\254a\347\350\235"
 995      DCF13B36 
 995      E7619BDD 
 995      AC61E7E8 
 995      9D
 996 0609 AB3CEAC2 		.ascii	"\253<\352\3023AZZ\232y,X\323\320\250\353o-\343\004\340"
 996      33415A5A 
 996      9A792C58 
 996      D3D0A8EB 
 996      6F2DE304 
 997 061e 2E96EAC1 		.ascii	".\226\352\301\343\247\202z0\217\005I\270k\376\215\223"
ARM GAS  /tmp/ccktDSwk.s 			page 35


 997      E3A7827A 
 997      308F0549 
 997      B86BFE8D 
 997      93
 998 062f 77F8AE69 		.ascii	"w\370\256i7\254\371\266y\010i0\2072\217\362H\376\351"
 998      37ACF9B6 
 998      79086930 
 998      87328FF2 
 998      48FEE9
 999 0642 65801108 		.ascii	"e\200\021\010a\243E\242poa\347\374\310a5E\256b\215\332"
 999      61A345A2 
 999      706F61E7 
 999      FCC86135 
 999      45AE628D 
 1000 0657 4DBF8528 		.ascii	"M\277\205(\021\2531\226Z\354\256\205\214\271c~\222l"
 1000      11AB3196 
 1000      5AECAE85 
 1000      8CB9637E 
 1000      926C
 1001 0669 AF78334E 		.ascii	"\257x3N\036N\312u\372\035\370\363\325\275\377z\243\347"
 1001      1E4ECA75 
 1001      FA1DF8F3 
 1001      D5BDFF7A 
 1001      A3E7
 1002 067b C9F7F4EE 		.ascii	"\311\367\364\356\240\350\311\177\256\332\251\353\311"
 1002      A0E8C97F 
 1002      AEDAA9EB 
 1002      C9
 1003 0688 78844E11 		.ascii	"x\204N\021\347'\2163\235\021\241\331L\263\352pI\351"
 1003      E7278E33 
 1003      9D11A1D9 
 1003      4CB3EA70 
 1003      49E9
 1004 069a F449DED6 		.ascii	"\364I\336\326N\355\311\260~\222\210\215c1\025\247\034"
 1004      4EEDC9B0 
 1004      7E92888D 
 1004      633115A7 
 1004      1C
 1005 06ab FEF8F1CA 		.ascii	"\376\370\361\312\225\376g\363\0136\024\254{\311\277"
 1005      95FE67F3 
 1005      0B3614AC 
 1005      7BC9BF
 1006 06ba A5C89F9F 		.ascii	"\245\310\237\237\263\311\277\251`\203\277(\2605/\247"
 1006      B3C9BFA9 
 1006      6083BF28 
 1006      B0352FA7 
 1007 06ca B0C8BF79 		.ascii	"\260\310\277y\333\246M\306\373\312\\\367\317\327\376"
 1007      DBA64DC6 
 1007      FBCA5CF7 
 1007      CFD7FE
 1008 06d9 DAF7ECAA 		.ascii	"\332\367\354\252,\262\324\246^\371\323\237\345\346\256"
 1008      2CB2D4A6 
 1008      5EF9D39F 
 1008      E5E6AE
 1009 06e8 C9C9C920 		.ascii	"\311\311\311 \256m\005\233\003k\326\007\234E\005\177"
 1009      AE6D059B 
 1009      036BD607 
ARM GAS  /tmp/ccktDSwk.s 			page 36


 1009      9C45057F 
 1010 06f8 C85B1F60 		.ascii	"\310[\037`\257\027\006\022\326\242\351K\302\3647\277"
 1010      AF170612 
 1010      D6A2E94B 
 1010      C2F437BF 
 1011 0708 FCD54FFE 		.ascii	"\374\325O\376\377h\371D\215A\331\252g\210;gk\341\353"
 1011      FF68F944 
 1011      8D41D9AA 
 1011      67883B67 
 1011      6BE1EB
 1012 071b 594F1712 		.ascii	"YO\027\0225w\313\326@\336\033O\027\256&\316\337o-\010"
 1012      3577CBD6 
 1012      40DE1B4F 
 1012      17AE26CE 
 1012      DF6F2D08 
 1013 072f E4157D07 		.ascii	"\344\025}\007\267\271\304\201/Z\021{m[\300QX\264\021"
 1013      B7B9C481 
 1013      2F5A117B 
 1013      6D5BC051 
 1013      58B411
 1014 0742 596ECC0B 		.ascii	"Yn\314\013x\271\311\272\015\257\346\345\006~\261\271"
 1014      78B9C9BA 
 1014      0DAFE6E5 
 1014      067EB1B9 
 1015 0752 20A07013 		.ascii	" \240p\023\207\360\375\037KW\324\265"
 1015      87F0FD1F 
 1015      4B57D4B5 
 1016              		.text
 1017              		.section	.gnu.lto_.symtab.2adbc089f0d82967,"e",%progbits
 1018 0000 6E756C6C 		.ascii	"nullObjectInit\000"
 1018      4F626A65 
 1018      6374496E 
 1018      697400
 1019 000f 00       		.ascii	"\000"
 1020 0010 00       		.ascii	"\000"
 1021 0011 00       		.ascii	"\000"
 1022 0012 00000000 		.ascii	"\000\000\000\000\000\000\000\000"
 1022      00000000 
 1023 001a F0000000 		.ascii	"\360\000\000\000"
 1024              		.text
 1025              		.section	.gnu.lto_.ext_symtab.2adbc089f0d82967,"e",%progbits
 1026 0000 01       		.ascii	"\001"
 1027 0001 01       		.ascii	"\001"
 1028 0002 00       		.ascii	"\000"
 1029              		.text
 1030              		.section	.gnu.lto_.opts,"e",%progbits
 1031 0000 272D666E 		.ascii	"'-fno-openmp' '-fno-openacc' '-fno-pie' '-g' '-mcpu"
 1031      6F2D6F70 
 1031      656E6D70 
 1031      2720272D 
 1031      666E6F2D 
 1032 0033 3D636F72 		.ascii	"=cortex-m3' '-mno-thumb-interwork' '-mthumb' '-mflo"
 1032      7465782D 
 1032      6D332720 
 1032      272D6D6E 
 1032      6F2D7468 
 1033 0066 61742D61 		.ascii	"at-abi=soft' '-march=armv7-m' '-Os' '-fomit-frame-p"
ARM GAS  /tmp/ccktDSwk.s 			page 37


 1033      62693D73 
 1033      6F667427 
 1033      20272D6D 
 1033      61726368 
 1034 0099 6F696E74 		.ascii	"ointer' '-falign-functions=16' '-ffunction-sections"
 1034      65722720 
 1034      272D6661 
 1034      6C69676E 
 1034      2D66756E 
 1035 00cc 2720272D 		.ascii	"' '-fdata-sections' '-fno-common' '-flto' '-Xassemb"
 1035      66646174 
 1035      612D7365 
 1035      6374696F 
 1035      6E732720 
 1036 00ff 6C657227 		.ascii	"ler' '-alms=build/lst/nullstreams.lst'\000"
 1036      20272D61 
 1036      6C6D733D 
 1036      6275696C 
 1036      642F6C73 
 1037              		.text
 1038              		.comm	__gnu_lto_slim,1,1
 1039              		.ident	"GCC: (Fedora 10.2.0-4.fc34) 10.2.0"
ARM GAS  /tmp/ccktDSwk.s 			page 38


DEFINED SYMBOLS
                            *ABS*:0000000000000000 nullstreams.c
     /tmp/ccktDSwk.s:22     .gnu.debuglto_.debug_info:0000000000000000 nullstreams.c.59cc8aa0
                            *COM*:0000000000000001 __gnu_lto_slim

NO UNDEFINED SYMBOLS
