ARM GAS  /tmp/cc0DVLOo.s 			page 1


   1              		.cpu cortex-m3
   2              		.eabi_attribute 20, 1
   3              		.eabi_attribute 21, 1
   4              		.eabi_attribute 23, 3
   5              		.eabi_attribute 24, 1
   6              		.eabi_attribute 25, 1
   7              		.eabi_attribute 26, 1
   8              		.eabi_attribute 30, 4
   9              		.eabi_attribute 34, 1
  10              		.eabi_attribute 18, 4
  11              		.file	"osal.c"
  12              		.section	.gnu.debuglto_.debug_info,"e",%progbits
  13              	.Ldebug_info0:
  14              		.hidden	osal.c.b3d3c5ea
  15              		.weak	osal.c.b3d3c5ea
  16              	osal.c.b3d3c5ea:
  17 0000 6E000000 		.4byte	0x6e
  18 0004 0400     		.2byte	0x4
  19 0006 00000000 		.4byte	.Ldebug_abbrev0
  20 000a 04       		.byte	0x4
  21 000b 01       		.uleb128 0x1
  22 000c 9B000000 		.4byte	.LASF11
  23 0010 0C       		.byte	0xc
  24 0011 74000000 		.4byte	.LASF12
  25 0015 61010000 		.4byte	.LASF13
  26 0019 00000000 		.4byte	.Ldebug_line0
  27 001d 02       		.uleb128 0x2
  28 001e 01       		.byte	0x1
  29 001f 06       		.byte	0x6
  30 0020 1F000000 		.4byte	.LASF0
  31 0024 02       		.uleb128 0x2
  32 0025 01       		.byte	0x1
  33 0026 08       		.byte	0x8
  34 0027 5D000000 		.4byte	.LASF1
  35 002b 02       		.uleb128 0x2
  36 002c 02       		.byte	0x2
  37 002d 05       		.byte	0x5
  38 002e 37000000 		.4byte	.LASF2
  39 0032 02       		.uleb128 0x2
  40 0033 02       		.byte	0x2
  41 0034 07       		.byte	0x7
  42 0035 A4010000 		.4byte	.LASF3
  43 0039 02       		.uleb128 0x2
  44 003a 04       		.byte	0x4
  45 003b 05       		.byte	0x5
  46 003c 6B000000 		.4byte	.LASF4
  47 0040 02       		.uleb128 0x2
  48 0041 04       		.byte	0x4
  49 0042 07       		.byte	0x7
  50 0043 0D000000 		.4byte	.LASF5
  51 0047 02       		.uleb128 0x2
  52 0048 08       		.byte	0x8
  53 0049 05       		.byte	0x5
  54 004a B7010000 		.4byte	.LASF6
  55 004e 02       		.uleb128 0x2
  56 004f 08       		.byte	0x8
  57 0050 07       		.byte	0x7
ARM GAS  /tmp/cc0DVLOo.s 			page 2


  58 0051 46000000 		.4byte	.LASF7
  59 0055 03       		.uleb128 0x3
  60 0056 04       		.byte	0x4
  61 0057 05       		.byte	0x5
  62 0058 696E7400 		.ascii	"int\000"
  63 005c 02       		.uleb128 0x2
  64 005d 04       		.byte	0x4
  65 005e 07       		.byte	0x7
  66 005f 00000000 		.4byte	.LASF8
  67 0063 02       		.uleb128 0x2
  68 0064 08       		.byte	0x8
  69 0065 04       		.byte	0x4
  70 0066 2B000000 		.4byte	.LASF9
  71 006a 02       		.uleb128 0x2
  72 006b 01       		.byte	0x1
  73 006c 08       		.byte	0x8
  74 006d 41000000 		.4byte	.LASF10
  75 0071 00       		.byte	0
  76              		.section	.gnu.debuglto_.debug_abbrev,"e",%progbits
  77              	.Ldebug_abbrev0:
  78 0000 01       		.uleb128 0x1
  79 0001 11       		.uleb128 0x11
  80 0002 01       		.byte	0x1
  81 0003 25       		.uleb128 0x25
  82 0004 0E       		.uleb128 0xe
  83 0005 13       		.uleb128 0x13
  84 0006 0B       		.uleb128 0xb
  85 0007 03       		.uleb128 0x3
  86 0008 0E       		.uleb128 0xe
  87 0009 1B       		.uleb128 0x1b
  88 000a 0E       		.uleb128 0xe
  89 000b 10       		.uleb128 0x10
  90 000c 17       		.uleb128 0x17
  91 000d 00       		.byte	0
  92 000e 00       		.byte	0
  93 000f 02       		.uleb128 0x2
  94 0010 24       		.uleb128 0x24
  95 0011 00       		.byte	0
  96 0012 0B       		.uleb128 0xb
  97 0013 0B       		.uleb128 0xb
  98 0014 3E       		.uleb128 0x3e
  99 0015 0B       		.uleb128 0xb
 100 0016 03       		.uleb128 0x3
 101 0017 0E       		.uleb128 0xe
 102 0018 00       		.byte	0
 103 0019 00       		.byte	0
 104 001a 03       		.uleb128 0x3
 105 001b 24       		.uleb128 0x24
 106 001c 00       		.byte	0
 107 001d 0B       		.uleb128 0xb
 108 001e 0B       		.uleb128 0xb
 109 001f 3E       		.uleb128 0x3e
 110 0020 0B       		.uleb128 0xb
 111 0021 03       		.uleb128 0x3
 112 0022 08       		.uleb128 0x8
 113 0023 00       		.byte	0
 114 0024 00       		.byte	0
ARM GAS  /tmp/cc0DVLOo.s 			page 3


 115 0025 00       		.byte	0
 116              		.section	.gnu.debuglto_.debug_line,"e",%progbits
 117              	.Ldebug_line0:
 118 0000 1A000000 		.4byte	.LELT0-.LSLT0
 119              	.LSLT0:
 120 0004 0400     		.2byte	0x4
 121 0006 14000000 		.4byte	.LELTP0-.LASLTP0
 122              	.LASLTP0:
 123 000a 01       		.byte	0x1
 124 000b 01       		.byte	0x1
 125 000c 01       		.byte	0x1
 126 000d F6       		.byte	0xf6
 127 000e F2       		.byte	0xf2
 128 000f 0D       		.byte	0xd
 129 0010 00       		.byte	0
 130 0011 01       		.byte	0x1
 131 0012 01       		.byte	0x1
 132 0013 01       		.byte	0x1
 133 0014 01       		.byte	0x1
 134 0015 00       		.byte	0
 135 0016 00       		.byte	0
 136 0017 00       		.byte	0
 137 0018 01       		.byte	0x1
 138 0019 00       		.byte	0
 139 001a 00       		.byte	0
 140 001b 01       		.byte	0x1
 141 001c 00       		.byte	0
 142 001d 00       		.byte	0
 143              	.LELTP0:
 144              	.LELT0:
 145              		.section	.gnu.debuglto_.debug_str,"eMS",%progbits,1
 146              	.LASF8:
 147 0000 756E7369 		.ascii	"unsigned int\000"
 147      676E6564 
 147      20696E74 
 147      00
 148              	.LASF5:
 149 000d 6C6F6E67 		.ascii	"long unsigned int\000"
 149      20756E73 
 149      69676E65 
 149      6420696E 
 149      7400
 150              	.LASF0:
 151 001f 7369676E 		.ascii	"signed char\000"
 151      65642063 
 151      68617200 
 152              	.LASF9:
 153 002b 6C6F6E67 		.ascii	"long double\000"
 153      20646F75 
 153      626C6500 
 154              	.LASF2:
 155 0037 73686F72 		.ascii	"short int\000"
 155      7420696E 
 155      7400
 156              	.LASF10:
 157 0041 63686172 		.ascii	"char\000"
 157      00
ARM GAS  /tmp/cc0DVLOo.s 			page 4


 158              	.LASF7:
 159 0046 6C6F6E67 		.ascii	"long long unsigned int\000"
 159      206C6F6E 
 159      6720756E 
 159      7369676E 
 159      65642069 
 160              	.LASF1:
 161 005d 756E7369 		.ascii	"unsigned char\000"
 161      676E6564 
 161      20636861 
 161      7200
 162              	.LASF4:
 163 006b 6C6F6E67 		.ascii	"long int\000"
 163      20696E74 
 163      00
 164              	.LASF12:
 165 0074 2E2E2F43 		.ascii	"../ChibiOS/os/hal/osal/freertos/osal.c\000"
 165      68696269 
 165      4F532F6F 
 165      732F6861 
 165      6C2F6F73 
 166              	.LASF11:
 167 009b 474E5520 		.ascii	"GNU C17 10.2.0 -mcpu=cortex-m3 -mno-thumb-interwork"
 167      43313720 
 167      31302E32 
 167      2E30202D 
 167      6D637075 
 168 00ce 202D6D74 		.ascii	" -mthumb -mfloat-abi=soft -march=armv7-m -ggdb -Os "
 168      68756D62 
 168      202D6D66 
 168      6C6F6174 
 168      2D616269 
 169 0101 2D666F6D 		.ascii	"-fomit-frame-pointer -falign-functions=16 -ffunctio"
 169      69742D66 
 169      72616D65 
 169      2D706F69 
 169      6E746572 
 170 0134 6E2D7365 		.ascii	"n-sections -fdata-sections -fno-common -flto\000"
 170      6374696F 
 170      6E73202D 
 170      66646174 
 170      612D7365 
 171              	.LASF13:
 172 0161 2F686F6D 		.ascii	"/home/fminucci/hardware/electrosense-converter-firm"
 172      652F666D 
 172      696E7563 
 172      63692F68 
 172      61726477 
 173 0194 77617265 		.ascii	"wareV2/firmware\000"
 173      56322F66 
 173      69726D77 
 173      61726500 
 174              	.LASF3:
 175 01a4 73686F72 		.ascii	"short unsigned int\000"
 175      7420756E 
 175      7369676E 
 175      65642069 
ARM GAS  /tmp/cc0DVLOo.s 			page 5


 175      6E7400
 176              	.LASF6:
 177 01b7 6C6F6E67 		.ascii	"long long int\000"
 177      206C6F6E 
 177      6720696E 
 177      7400
 178              		.text
 179              		.section	.gnu.lto_.profile.b76d625c86b592e5,"e",%progbits
 180 0000 789C6362 		.ascii	"x\234cb\000\001\000\000\022\000\003"
 180      00010000 
 180      120003
 181              		.text
 182              		.section	.gnu.lto_.icf.b76d625c86b592e5,"e",%progbits
 183 0000 789C6362 		.ascii	"x\234cb@\006\000\000*\000\003"
 183      40060000 
 183      2A0003
 184              		.text
 185              		.section	.gnu.lto_.jmpfuncs.b76d625c86b592e5,"e",%progbits
 186 0000 789C6362 		.ascii	"x\234cb@\006\000\000*\000\003"
 186      40060000 
 186      2A0003
 187              		.text
 188              		.section	.gnu.lto_.ipa_sra.b76d625c86b592e5,"e",%progbits
 189 0000 789C6362 		.ascii	"x\234cb@\006\000\000*\000\003"
 189      40060000 
 189      2A0003
 190              		.text
 191              		.section	.gnu.lto_.inline.b76d625c86b592e5,"e",%progbits
 192 0000 789C6362 		.ascii	"x\234cb@\006\000\000*\000\003"
 192      40060000 
 192      2A0003
 193              		.text
 194              		.section	.gnu.lto_.pureconst.b76d625c86b592e5,"e",%progbits
 195 0000 789C6364 		.ascii	"x\234cd\000\002\000\000\012\000\002"
 195      00020000 
 195      0A0002
 196              		.text
 197              		.section	.gnu.lto_.lto.b76d625c86b592e5,"e",%progbits
 198 0000 09000000 		.ascii	"\011\000\000\000\001\000\000\000"
 198      01000000 
 199              		.text
 200              		.section	.gnu.lto_.symbol_nodes.b76d625c86b592e5,"e",%progbits
 201 0000 789C6362 		.ascii	"x\234cb\000\001\000\000\022\000\003"
 201      00010000 
 201      120003
 202              		.text
 203              		.section	.gnu.lto_.refs.b76d625c86b592e5,"e",%progbits
 204 0000 789C6364 		.ascii	"x\234cd\000\002\000\000\012\000\002"
 204      00020000 
 204      0A0002
 205              		.text
 206              		.section	.gnu.lto_.decls.b76d625c86b592e5,"e",%progbits
 207 0000 789C6360 		.ascii	"x\234c````\004b\025 \376\017\004 \366E\006\002\000\000"
 207      60606004 
 207      621520FE 
 207      0F0420F6 
 207      45060200 
ARM GAS  /tmp/cc0DVLOo.s 			page 6


 208 0015 BF3204F4 		.ascii	"\2772\004\364"
 209              		.text
 210              		.section	.gnu.lto_.symtab.b76d625c86b592e5,"e",%progbits
 211              		.text
 212              		.section	.gnu.lto_.ext_symtab.b76d625c86b592e5,"e",%progbits
 213 0000 01       		.ascii	"\001"
 214              		.text
 215              		.section	.gnu.lto_.opts,"e",%progbits
 216 0000 272D666E 		.ascii	"'-fno-openmp' '-fno-openacc' '-fno-pie' '-g' '-mcpu"
 216      6F2D6F70 
 216      656E6D70 
 216      2720272D 
 216      666E6F2D 
 217 0033 3D636F72 		.ascii	"=cortex-m3' '-mno-thumb-interwork' '-mthumb' '-mflo"
 217      7465782D 
 217      6D332720 
 217      272D6D6E 
 217      6F2D7468 
 218 0066 61742D61 		.ascii	"at-abi=soft' '-march=armv7-m' '-Os' '-fomit-frame-p"
 218      62693D73 
 218      6F667427 
 218      20272D6D 
 218      61726368 
 219 0099 6F696E74 		.ascii	"ointer' '-falign-functions=16' '-ffunction-sections"
 219      65722720 
 219      272D6661 
 219      6C69676E 
 219      2D66756E 
 220 00cc 2720272D 		.ascii	"' '-fdata-sections' '-fno-common' '-flto' '-Xassemb"
 220      66646174 
 220      612D7365 
 220      6374696F 
 220      6E732720 
 221 00ff 6C657227 		.ascii	"ler' '-alms=build/lst/osal.lst'\000"
 221      20272D61 
 221      6C6D733D 
 221      6275696C 
 221      642F6C73 
 222              		.text
 223              		.comm	__gnu_lto_slim,1,1
 224              		.ident	"GCC: (Fedora 10.2.0-4.fc34) 10.2.0"
ARM GAS  /tmp/cc0DVLOo.s 			page 7


DEFINED SYMBOLS
                            *ABS*:0000000000000000 osal.c
     /tmp/cc0DVLOo.s:16     .gnu.debuglto_.debug_info:0000000000000000 osal.c.b3d3c5ea
                            *COM*:0000000000000001 __gnu_lto_slim

NO UNDEFINED SYMBOLS
