ARM GAS  /tmp/ccLtlQYd.s 			page 1


   1              		.cpu cortex-m3
   2              		.eabi_attribute 20, 1
   3              		.eabi_attribute 21, 1
   4              		.eabi_attribute 23, 3
   5              		.eabi_attribute 24, 1
   6              		.eabi_attribute 25, 1
   7              		.eabi_attribute 26, 1
   8              		.eabi_attribute 30, 4
   9              		.eabi_attribute 34, 1
  10              		.eabi_attribute 18, 4
  11              		.file	"unhandled_exception.c"
  12              		.file 1 "/usr/arm-none-eabi/include/machine/_default_types.h"
  13              		.file 2 "/usr/arm-none-eabi/include/sys/_stdint.h"
  14              		.file 3 "util/unhandled_exception.c"
  15              		.section	.gnu.debuglto_.debug_info,"e",%progbits
  16              	.Ldebug_info0:
  17              		.hidden	unhandled_exception.c.c557780c
  18              		.weak	unhandled_exception.c.c557780c
  19              	unhandled_exception.c.c557780c:
  20 0000 EC000000 		.4byte	0xec
  21 0004 0400     		.2byte	0x4
  22 0006 00000000 		.4byte	.Ldebug_abbrev0
  23 000a 04       		.byte	0x4
  24 000b 01       		.uleb128 0x1
  25 000c 9D000000 		.4byte	.LASF18
  26 0010 0C       		.byte	0xc
  27 0011 1B000000 		.4byte	.LASF19
  28 0015 CC010000 		.4byte	.LASF20
  29 0019 00000000 		.4byte	.Ldebug_line0
  30 001d 02       		.uleb128 0x2
  31 001e 01       		.byte	0x1
  32 001f 06       		.byte	0x6
  33 0020 97010000 		.4byte	.LASF0
  34 0024 02       		.uleb128 0x2
  35 0025 01       		.byte	0x1
  36 0026 08       		.byte	0x8
  37 0027 80000000 		.4byte	.LASF1
  38 002b 02       		.uleb128 0x2
  39 002c 02       		.byte	0x2
  40 002d 05       		.byte	0x5
  41 002e C2010000 		.4byte	.LASF2
  42 0032 02       		.uleb128 0x2
  43 0033 02       		.byte	0x2
  44 0034 07       		.byte	0x7
  45 0035 84010000 		.4byte	.LASF3
  46 0039 02       		.uleb128 0x2
  47 003a 04       		.byte	0x4
  48 003b 05       		.byte	0x5
  49 003c 6C010000 		.4byte	.LASF4
  50 0040 03       		.uleb128 0x3
  51 0041 36000000 		.4byte	.LASF9
  52 0045 01       		.byte	0x1
  53 0046 4F       		.byte	0x4f
  54 0047 19       		.byte	0x19
  55 0048 4C000000 		.4byte	0x4c
  56 004c 02       		.uleb128 0x2
  57 004d 04       		.byte	0x4
ARM GAS  /tmp/ccLtlQYd.s 			page 2


  58 004e 07       		.byte	0x7
  59 004f 49000000 		.4byte	.LASF5
  60 0053 02       		.uleb128 0x2
  61 0054 08       		.byte	0x8
  62 0055 05       		.byte	0x5
  63 0056 00000000 		.4byte	.LASF6
  64 005a 02       		.uleb128 0x2
  65 005b 08       		.byte	0x8
  66 005c 07       		.byte	0x7
  67 005d 5B000000 		.4byte	.LASF7
  68 0061 04       		.uleb128 0x4
  69 0062 04       		.byte	0x4
  70 0063 05       		.byte	0x5
  71 0064 696E7400 		.ascii	"int\000"
  72 0068 02       		.uleb128 0x2
  73 0069 04       		.byte	0x4
  74 006a 07       		.byte	0x7
  75 006b 0E000000 		.4byte	.LASF8
  76 006f 03       		.uleb128 0x3
  77 0070 63010000 		.4byte	.LASF10
  78 0074 02       		.byte	0x2
  79 0075 30       		.byte	0x30
  80 0076 14       		.byte	0x14
  81 0077 40000000 		.4byte	0x40
  82 007b 05       		.uleb128 0x5
  83 007c 6F000000 		.4byte	0x6f
  84 0080 02       		.uleb128 0x2
  85 0081 08       		.byte	0x8
  86 0082 04       		.byte	0x4
  87 0083 B6010000 		.4byte	.LASF11
  88 0087 02       		.uleb128 0x2
  89 0088 01       		.byte	0x1
  90 0089 08       		.byte	0x8
  91 008a 0D020000 		.4byte	.LASF12
  92 008e 06       		.uleb128 0x6
  93 008f 04       		.byte	0x4
  94 0090 7B000000 		.4byte	0x7b
  95 0094 02       		.uleb128 0x2
  96 0095 01       		.byte	0x1
  97 0096 02       		.byte	0x2
  98 0097 7E010000 		.4byte	.LASF13
  99 009b 07       		.uleb128 0x7
 100 009c A3010000 		.4byte	.LASF21
 101 00a0 03       		.byte	0x3
 102 00a1 30       		.byte	0x30
 103 00a2 06       		.byte	0x6
 104 00a3 B4000000 		.4byte	0xb4
 105 00a7 08       		.uleb128 0x8
 106 00a8 75010000 		.4byte	.LASF14
 107 00ac 03       		.byte	0x3
 108 00ad 33       		.byte	0x33
 109 00ae 12       		.byte	0x12
 110 00af 68000000 		.4byte	0x68
 111 00b3 00       		.byte	0
 112 00b4 09       		.uleb128 0x9
 113 00b5 8E000000 		.4byte	.LASF22
 114 00b9 03       		.byte	0x3
ARM GAS  /tmp/ccLtlQYd.s 			page 3


 115 00ba 26       		.byte	0x26
 116 00bb 0D       		.byte	0xd
 117 00bc 0A       		.uleb128 0xa
 118 00bd 75010000 		.4byte	.LASF14
 119 00c1 03       		.byte	0x3
 120 00c2 26       		.byte	0x26
 121 00c3 29       		.byte	0x29
 122 00c4 68000000 		.4byte	0x68
 123 00c8 0A       		.uleb128 0xa
 124 00c9 41000000 		.4byte	.LASF15
 125 00cd 03       		.byte	0x3
 126 00ce 26       		.byte	0x26
 127 00cf 38       		.byte	0x38
 128 00d0 94000000 		.4byte	0x94
 129 00d4 08       		.uleb128 0x8
 130 00d5 78000000 		.4byte	.LASF16
 131 00d9 03       		.byte	0x3
 132 00da 28       		.byte	0x28
 133 00db 18       		.byte	0x18
 134 00dc 8E000000 		.4byte	0x8e
 135 00e0 0B       		.uleb128 0xb
 136 00e1 08       		.uleb128 0x8
 137 00e2 72000000 		.4byte	.LASF17
 138 00e6 03       		.byte	0x3
 139 00e7 2B       		.byte	0x2b
 140 00e8 1C       		.byte	0x1c
 141 00e9 8E000000 		.4byte	0x8e
 142 00ed 00       		.byte	0
 143 00ee 00       		.byte	0
 144 00ef 00       		.byte	0
 145              		.section	.gnu.debuglto_.debug_abbrev,"e",%progbits
 146              	.Ldebug_abbrev0:
 147 0000 01       		.uleb128 0x1
 148 0001 11       		.uleb128 0x11
 149 0002 01       		.byte	0x1
 150 0003 25       		.uleb128 0x25
 151 0004 0E       		.uleb128 0xe
 152 0005 13       		.uleb128 0x13
 153 0006 0B       		.uleb128 0xb
 154 0007 03       		.uleb128 0x3
 155 0008 0E       		.uleb128 0xe
 156 0009 1B       		.uleb128 0x1b
 157 000a 0E       		.uleb128 0xe
 158 000b 10       		.uleb128 0x10
 159 000c 17       		.uleb128 0x17
 160 000d 00       		.byte	0
 161 000e 00       		.byte	0
 162 000f 02       		.uleb128 0x2
 163 0010 24       		.uleb128 0x24
 164 0011 00       		.byte	0
 165 0012 0B       		.uleb128 0xb
 166 0013 0B       		.uleb128 0xb
 167 0014 3E       		.uleb128 0x3e
 168 0015 0B       		.uleb128 0xb
 169 0016 03       		.uleb128 0x3
 170 0017 0E       		.uleb128 0xe
 171 0018 00       		.byte	0
ARM GAS  /tmp/ccLtlQYd.s 			page 4


 172 0019 00       		.byte	0
 173 001a 03       		.uleb128 0x3
 174 001b 16       		.uleb128 0x16
 175 001c 00       		.byte	0
 176 001d 03       		.uleb128 0x3
 177 001e 0E       		.uleb128 0xe
 178 001f 3A       		.uleb128 0x3a
 179 0020 0B       		.uleb128 0xb
 180 0021 3B       		.uleb128 0x3b
 181 0022 0B       		.uleb128 0xb
 182 0023 39       		.uleb128 0x39
 183 0024 0B       		.uleb128 0xb
 184 0025 49       		.uleb128 0x49
 185 0026 13       		.uleb128 0x13
 186 0027 00       		.byte	0
 187 0028 00       		.byte	0
 188 0029 04       		.uleb128 0x4
 189 002a 24       		.uleb128 0x24
 190 002b 00       		.byte	0
 191 002c 0B       		.uleb128 0xb
 192 002d 0B       		.uleb128 0xb
 193 002e 3E       		.uleb128 0x3e
 194 002f 0B       		.uleb128 0xb
 195 0030 03       		.uleb128 0x3
 196 0031 08       		.uleb128 0x8
 197 0032 00       		.byte	0
 198 0033 00       		.byte	0
 199 0034 05       		.uleb128 0x5
 200 0035 35       		.uleb128 0x35
 201 0036 00       		.byte	0
 202 0037 49       		.uleb128 0x49
 203 0038 13       		.uleb128 0x13
 204 0039 00       		.byte	0
 205 003a 00       		.byte	0
 206 003b 06       		.uleb128 0x6
 207 003c 0F       		.uleb128 0xf
 208 003d 00       		.byte	0
 209 003e 0B       		.uleb128 0xb
 210 003f 0B       		.uleb128 0xb
 211 0040 49       		.uleb128 0x49
 212 0041 13       		.uleb128 0x13
 213 0042 00       		.byte	0
 214 0043 00       		.byte	0
 215 0044 07       		.uleb128 0x7
 216 0045 2E       		.uleb128 0x2e
 217 0046 01       		.byte	0x1
 218 0047 3F       		.uleb128 0x3f
 219 0048 19       		.uleb128 0x19
 220 0049 03       		.uleb128 0x3
 221 004a 0E       		.uleb128 0xe
 222 004b 3A       		.uleb128 0x3a
 223 004c 0B       		.uleb128 0xb
 224 004d 3B       		.uleb128 0x3b
 225 004e 0B       		.uleb128 0xb
 226 004f 39       		.uleb128 0x39
 227 0050 0B       		.uleb128 0xb
 228 0051 27       		.uleb128 0x27
ARM GAS  /tmp/ccLtlQYd.s 			page 5


 229 0052 19       		.uleb128 0x19
 230 0053 01       		.uleb128 0x1
 231 0054 13       		.uleb128 0x13
 232 0055 00       		.byte	0
 233 0056 00       		.byte	0
 234 0057 08       		.uleb128 0x8
 235 0058 34       		.uleb128 0x34
 236 0059 00       		.byte	0
 237 005a 03       		.uleb128 0x3
 238 005b 0E       		.uleb128 0xe
 239 005c 3A       		.uleb128 0x3a
 240 005d 0B       		.uleb128 0xb
 241 005e 3B       		.uleb128 0x3b
 242 005f 0B       		.uleb128 0xb
 243 0060 39       		.uleb128 0x39
 244 0061 0B       		.uleb128 0xb
 245 0062 49       		.uleb128 0x49
 246 0063 13       		.uleb128 0x13
 247 0064 00       		.byte	0
 248 0065 00       		.byte	0
 249 0066 09       		.uleb128 0x9
 250 0067 2E       		.uleb128 0x2e
 251 0068 01       		.byte	0x1
 252 0069 03       		.uleb128 0x3
 253 006a 0E       		.uleb128 0xe
 254 006b 3A       		.uleb128 0x3a
 255 006c 0B       		.uleb128 0xb
 256 006d 3B       		.uleb128 0x3b
 257 006e 0B       		.uleb128 0xb
 258 006f 39       		.uleb128 0x39
 259 0070 0B       		.uleb128 0xb
 260 0071 27       		.uleb128 0x27
 261 0072 19       		.uleb128 0x19
 262 0073 00       		.byte	0
 263 0074 00       		.byte	0
 264 0075 0A       		.uleb128 0xa
 265 0076 05       		.uleb128 0x5
 266 0077 00       		.byte	0
 267 0078 03       		.uleb128 0x3
 268 0079 0E       		.uleb128 0xe
 269 007a 3A       		.uleb128 0x3a
 270 007b 0B       		.uleb128 0xb
 271 007c 3B       		.uleb128 0x3b
 272 007d 0B       		.uleb128 0xb
 273 007e 39       		.uleb128 0x39
 274 007f 0B       		.uleb128 0xb
 275 0080 49       		.uleb128 0x49
 276 0081 13       		.uleb128 0x13
 277 0082 00       		.byte	0
 278 0083 00       		.byte	0
 279 0084 0B       		.uleb128 0xb
 280 0085 0B       		.uleb128 0xb
 281 0086 01       		.byte	0x1
 282 0087 00       		.byte	0
 283 0088 00       		.byte	0
 284 0089 00       		.byte	0
 285              		.section	.gnu.debuglto_.debug_line,"e",%progbits
ARM GAS  /tmp/ccLtlQYd.s 			page 6


 286              	.Ldebug_line0:
 287 0000 9B000000 		.4byte	.LELT0-.LSLT0
 288              	.LSLT0:
 289 0004 0400     		.2byte	0x4
 290 0006 95000000 		.4byte	.LELTP0-.LASLTP0
 291              	.LASLTP0:
 292 000a 01       		.byte	0x1
 293 000b 01       		.byte	0x1
 294 000c 01       		.byte	0x1
 295 000d F6       		.byte	0xf6
 296 000e F2       		.byte	0xf2
 297 000f 0D       		.byte	0xd
 298 0010 00       		.byte	0
 299 0011 01       		.byte	0x1
 300 0012 01       		.byte	0x1
 301 0013 01       		.byte	0x1
 302 0014 01       		.byte	0x1
 303 0015 00       		.byte	0
 304 0016 00       		.byte	0
 305 0017 00       		.byte	0
 306 0018 01       		.byte	0x1
 307 0019 00       		.byte	0
 308 001a 00       		.byte	0
 309 001b 01       		.byte	0x1
 310 001c 7574696C 		.ascii	"util"
 311 0020 00       		.byte	0
 312 0021 2F757372 		.ascii	"/usr/arm-none-eabi/include/machine"
 312      2F61726D 
 312      2D6E6F6E 
 312      652D6561 
 312      62692F69 
 313 0043 00       		.byte	0
 314 0044 2F757372 		.ascii	"/usr/arm-none-eabi/include/sys"
 314      2F61726D 
 314      2D6E6F6E 
 314      652D6561 
 314      62692F69 
 315 0062 00       		.byte	0
 316 0063 00       		.byte	0
 317 0064 5F646566 		.ascii	"_default_types.h\000"
 317      61756C74 
 317      5F747970 
 317      65732E68 
 317      00
 318 0075 02       		.uleb128 0x2
 319 0076 00       		.uleb128 0
 320 0077 00       		.uleb128 0
 321 0078 5F737464 		.ascii	"_stdint.h\000"
 321      696E742E 
 321      6800
 322 0082 03       		.uleb128 0x3
 323 0083 00       		.uleb128 0
 324 0084 00       		.uleb128 0
 325 0085 756E6861 		.ascii	"unhandled_exception.c\000"
 325      6E646C65 
 325      645F6578 
 325      63657074 
ARM GAS  /tmp/ccLtlQYd.s 			page 7


 325      696F6E2E 
 326 009b 01       		.uleb128 0x1
 327 009c 00       		.uleb128 0
 328 009d 00       		.uleb128 0
 329 009e 00       		.byte	0
 330              	.LELTP0:
 331              	.LELT0:
 332              		.section	.gnu.debuglto_.debug_str,"eMS",%progbits,1
 333              	.LASF6:
 334 0000 6C6F6E67 		.ascii	"long long int\000"
 334      206C6F6E 
 334      6720696E 
 334      7400
 335              	.LASF8:
 336 000e 756E7369 		.ascii	"unsigned int\000"
 336      676E6564 
 336      20696E74 
 336      00
 337              	.LASF19:
 338 001b 7574696C 		.ascii	"util/unhandled_exception.c\000"
 338      2F756E68 
 338      616E646C 
 338      65645F65 
 338      78636570 
 339              	.LASF9:
 340 0036 5F5F7569 		.ascii	"__uint32_t\000"
 340      6E743332 
 340      5F7400
 341              	.LASF15:
 342 0041 64697361 		.ascii	"disable\000"
 342      626C6500 
 343              	.LASF5:
 344 0049 6C6F6E67 		.ascii	"long unsigned int\000"
 344      20756E73 
 344      69676E65 
 344      6420696E 
 344      7400
 345              	.LASF7:
 346 005b 6C6F6E67 		.ascii	"long long unsigned int\000"
 346      206C6F6E 
 346      6720756E 
 346      7369676E 
 346      65642069 
 347              	.LASF17:
 348 0072 63655265 		.ascii	"ceReg\000"
 348      6700
 349              	.LASF16:
 350 0078 70656E64 		.ascii	"pendReg\000"
 350      52656700 
 351              	.LASF1:
 352 0080 756E7369 		.ascii	"unsigned char\000"
 352      676E6564 
 352      20636861 
 352      7200
 353              	.LASF22:
 354 008e 636C6561 		.ascii	"clearInterrupt\000"
 354      72496E74 
ARM GAS  /tmp/ccLtlQYd.s 			page 8


 354      65727275 
 354      707400
 355              	.LASF18:
 356 009d 474E5520 		.ascii	"GNU C17 10.2.0 -mcpu=cortex-m3 -mno-thumb-interwork"
 356      43313720 
 356      31302E32 
 356      2E30202D 
 356      6D637075 
 357 00d0 202D6D74 		.ascii	" -mthumb -mfloat-abi=soft -march=armv7-m -ggdb -Os "
 357      68756D62 
 357      202D6D66 
 357      6C6F6174 
 357      2D616269 
 358 0103 2D666F6D 		.ascii	"-fomit-frame-pointer -falign-functions=16 -ffunctio"
 358      69742D66 
 358      72616D65 
 358      2D706F69 
 358      6E746572 
 359 0136 6E2D7365 		.ascii	"n-sections -fdata-sections -fno-common -flto\000"
 359      6374696F 
 359      6E73202D 
 359      66646174 
 359      612D7365 
 360              	.LASF10:
 361 0163 75696E74 		.ascii	"uint32_t\000"
 361      33325F74 
 361      00
 362              	.LASF4:
 363 016c 6C6F6E67 		.ascii	"long int\000"
 363      20696E74 
 363      00
 364              	.LASF14:
 365 0175 76656374 		.ascii	"vectorId\000"
 365      6F724964 
 365      00
 366              	.LASF13:
 367 017e 5F426F6F 		.ascii	"_Bool\000"
 367      6C00
 368              	.LASF3:
 369 0184 73686F72 		.ascii	"short unsigned int\000"
 369      7420756E 
 369      7369676E 
 369      65642069 
 369      6E7400
 370              	.LASF0:
 371 0197 7369676E 		.ascii	"signed char\000"
 371      65642063 
 371      68617200 
 372              	.LASF21:
 373 01a3 756E6861 		.ascii	"unhandledException\000"
 373      6E646C65 
 373      64457863 
 373      65707469 
 373      6F6E00
 374              	.LASF11:
 375 01b6 6C6F6E67 		.ascii	"long double\000"
 375      20646F75 
ARM GAS  /tmp/ccLtlQYd.s 			page 9


 375      626C6500 
 376              	.LASF2:
 377 01c2 73686F72 		.ascii	"short int\000"
 377      7420696E 
 377      7400
 378              	.LASF20:
 379 01cc 2F686F6D 		.ascii	"/home/framin/hardware/electrosense-converter-firmwa"
 379      652F6672 
 379      616D696E 
 379      2F686172 
 379      64776172 
 380 01ff 72655632 		.ascii	"reV2/firmware\000"
 380      2F666972 
 380      6D776172 
 380      6500
 381              	.LASF12:
 382 020d 63686172 		.ascii	"char\000"
 382      00
 383              		.text
 384              		.section	.gnu.lto_.profile.94b97046e008e403,"e",%progbits
 385 0000 789C6362 		.ascii	"x\234cb\000\001\000\000\022\000\003"
 385      00010000 
 385      120003
 386              		.text
 387              		.section	.gnu.lto_.icf.94b97046e008e403,"e",%progbits
 388 0000 789C1361 		.ascii	"x\234\023a@\000f\206\276;\033\33721v-{<\211\221i\311"
 388      40006686 
 388      BE3B1BDF 
 388      3231762D 
 388      7B3C8991 
 389 0016 9F49B7D8 		.ascii	"\237I\267\330\030\000]\346\010\335"
 389      18005DE6 
 389      08DD
 390              		.text
 391              		.section	.gnu.lto_.jmpfuncs.94b97046e008e403,"e",%progbits
 392 0000 789C0B62 		.ascii	"x\234\013bd`\260d\200\000f\006&FF\346\372\305\314\014"
 392      6460B064 
 392      80006606 
 392      264646E6 
 392      FAC5CC0C 
 393 0014 40CC0894 		.ascii	"@\314\010\224``c\236\315\314\370y\316\241C\234\212\214"
 393      6060639E 
 393      CDCCF879 
 393      CEA1439C 
 393      8A8C
 394 0026 F31B6628 		.ascii	"\363\033f(,ffb`\334\302\250\310\300x\200\205\221\001"
 394      2C666662 
 394      60DCC2A8 
 394      C8C07880 
 394      859101
 395 0039 88FF0301 		.ascii	"\210\377\003\001?#\023P\325\266\316\267+9'1/f\006\352"
 395      3F231350 
 395      D5B6CEB7 
 395      2B392731 
 395      2F6606EA 
 396 004d 64DCCA28 		.ascii	"d\334\312(\015\024\352Yt\253\231\031\"\004Q\267\215"
 396      0D14EA59 
ARM GAS  /tmp/ccLtlQYd.s 			page 10


 396      74AB9919 
 396      220451B7 
 396      8D
 397 005e 511AA4F4 		.ascii	"Q\032\244\364\336\305\371\361 a\026F[\306\355\214\322"
 397      DEC5F9F1 
 397      20611646 
 397      5BC6ED8C 
 397      D2
 398 006f 60C36C41 		.ascii	"`\303lA\0062\200\254\3737wb\023\237\242,\304:V\006\306"
 398      063280AC 
 398      FB377762 
 398      139FA22C 
 398      C43A5606 
 399 0084 1D98D681 		.ascii	"\035\230\326\201\314\007\033\006t\"\013H\317\324\226"
 399      CC071B06 
 399      74220B48 
 399      CFD496
 400 0093 CB1B7915 		.ascii	"\313\033y\025U z\330\030\030w\342\326\303\200*\301\300"
 400      55207AD8 
 400      181877E2 
 400      D6C3802A 
 400      C1C0
 401 00a5 8226C008 		.ascii	"\202&\300\0102\357\341\326\331}\034 '20~`f\334\005\366"
 401      32EFE1D6 
 401      D97D1C20 
 401      2732307E 
 401      6066DC05 
 402 00ba 4DFFCC17 		.ascii	"M\377\314\027?X b\357\301\012wC|\003\3678\320\337\214"
 402      3F582062 
 402      EFC10A77 
 402      437C03F7 
 402      38D0DF8C 
 403 00ce 7BA0DE01 		.ascii	"{\240\336\001\033\311\300 ]Z\222\231\243_\232\227\221"
 403      1BC9C020 
 403      5D5A9299 
 403      A35F9A97 
 403      91
 404 00df 98979293 		.ascii	"\230\227\222\223\232\022\237Z\221\234ZP\222\231\237"
 404      9A129F5A 
 404      919C5A50 
 404      92999F
 405 00ee A797CCC0 		.ascii	"\247\227\314\300\346\226X\232S\302 \032\012\223U(KM"
 405      E696589A 
 405      53C2201A 
 405      0A935528 
 405      4B4D
 406 0100 2EC92F52 		.ascii	".\311/RP-\325c\000\000\321Jx\236"
 406      502DD563 
 406      0000D14A 
 406      789E
 407              		.text
 408              		.section	.gnu.lto_.ipa_sra.94b97046e008e403,"e",%progbits
 409 0000 789C9365 		.ascii	"x\234\223e@\000f\006&\030\223\221\221\001\014\231\030"
 409      40006606 
 409      26189391 
 409      91010C99 
 409      18
ARM GAS  /tmp/ccLtlQYd.s 			page 11


 410 0011 A00C0600 		.ascii	"\240\014\006\000\005\315\000."
 410      05CD002E 
 411              		.text
 412              		.section	.gnu.lto_.inline.94b97046e008e403,"e",%progbits
 413 0000 789C4D8E 		.ascii	"x\234M\216\261\015\302@\014E\277\355\023\234\242DJ\317"
 413      B10DC240 
 413      0C45BFED 
 413      139CA244 
 413      4ACF
 414 0012 4E198210 		.ascii	"N\031\202\020\250Y\000\035\242G\021-eV`\200L\202(\350"
 414      A859001D 
 414      A247112D 
 414      65566080 
 414      4C8228E8 
 415 0026 A1A4E4FB 		.ascii	"\241\244\344\373\"\024\334\370\331\376\337\366\023s"
 415      2214DCF8 
 415      D9FEDFF6 
 415      1373
 416 0034 1850A594 		.ascii	"\030P\245\224\036\272\025\223\375`r59\237^\367x1\026"
 416      1EBA1593 
 416      FD607235 
 416      399F5EF7 
 416      783116
 417 0047 02B9C98A 		.ascii	"\002\271\311\2122\031\314\325\302,\314\013\245'iK\312"
 417      3219CCD5 
 417      C22CCC0B 
 417      A527694B 
 417      CA
 418 0058 B051280A 		.ascii	"\260Q(\012\322\250\035\"\302\324D\015=:\255\003b\230"
 418      D2A81D22 
 418      C2D4440D 
 418      3D3AAD03 
 418      6298
 419 006a 39F8262C 		.ascii	"9\370&,Y\275u't\302'\007p\220\301\227QQ\370\305PMO\262"
 419      59BD7527 
 419      74C22707 
 419      7090C197 
 419      5151F8C5 
 420 0082 5573F6C9 		.ascii	"Us\366\311\2062\177\334\375\256\267\377\006+\263\270"
 420      86327FDC 
 420      FDAEB7FF 
 420      062BB3B8 
 421 0092 6F26E81B 		.ascii	"o&\350\033\340\013\177\236,\335"
 421      E00B7F9E 
 421      2CDD
 422              		.text
 423              		.section	.gnu.lto_.pureconst.94b97046e008e403,"e",%progbits
 424 0000 789CE362 		.ascii	"x\234\343b```f\230\305\302\270\205\205i\026\013\000"
 424      60606066 
 424      98C5C2B8 
 424      85856916 
 424      0B00
 425 0012 0A7C0205 		.ascii	"\012|\002\005"
 426              		.text
 427              		.section	.gnu.lto_.lto.94b97046e008e403,"e",%progbits
 428 0000 09000000 		.ascii	"\011\000\000\000\001\000\000\000"
 428      01000000 
ARM GAS  /tmp/ccLtlQYd.s 			page 12


 429              		.text
 430              		.section	.gnu.lto_clearInterrupt.88.94b97046e008e403,"e",%progbits
 431 0000 789C6D52 		.ascii	"x\234mR]H\024Q\030\275\337|3;\333\256\333\276E\260\220"
 431      5D481451 
 431      18BDDF7C 
 431      333BDBAE 
 431      DBBE45B0 
 432 0015 FB902CF6 		.ascii	"\373\220,\366`B\210A=\364\026=\005\275\364\022\204\355"
 432      60428841 
 432      3DF4163D 
 432      05BDF412 
 432      84ED
 433 0027 4E25C82A 		.ascii	"N%\310*\245\321\233wW]\321~\264\262\022Rp]\323\"\350"
 433      A5D19B77 
 433      575DD17E 
 433      B4B21252 
 433      705DD322 
 434 003c 0F2B4DD3 		.ascii	"\017+M\323m\32755\203\210\212\212Z\372\301d+\332\254"
 434      6DD73535 
 434      83888A8A 
 434      5AFAC164 
 434      2BDAAC
 435 004f 9732CBBE 		.ascii	"\2272\313\276{g\360\247\032\230;\367\316=\347|\347\236"
 435      7B67F0A7 
 435      1A983BF7 
 435      CE3DE77C 
 435      E79E
 436 0061 EF4E2363 		.ascii	"\357N#c\273\030c\233\350\005\215\201\3029\337\242\207"
 436      BB18639B 
 436      E8058D81 
 436      C239DFA2 
 436      87
 437 0072 EC8A8234 		.ascii	"\354\212\2024\363\252\334\241\232\337\034\004\325\332"
 437      F3AADCA1 
 437      9ADF1C04 
 437      D5DA
 438 0080 5301E48C 		.ascii	"S\001\344\214\333\201U+\250B5\234\302s\010\211\372\367"
 438      DB81552B 
 438      A842359C 
 438      C2730889 
 438      FAF7
 439 0092 FD4A7E0F 		.ascii	"\375J~\017\355\361\370\331\266\242\020\257[\035#\371"
 439      EDF1F8D9 
 439      B6A210AF 
 439      5B1D23F9 
 440 00a2 767ACD07 		.ascii	"vz\315\007z!\237p\351p\373\367\234\223\030C\000\225"
 440      7A219F70 
 440      E970FBF7 
 440      9C931843 
 440      0095
 441 00b4 962D13BD 		.ascii	"\226-\023\275\343\016\261T\300K\313\347}\317\012q\015"
 441      E30EB154 
 441      C04BCBE7 
 441      7DCF0A71 
 441      0D
 442 00c5 309A465F 		.ascii	"0\232F_\\\232V|\3479\017\363\370d\012\371\332\030\""
 442      5C9A567C 
ARM GAS  /tmp/ccLtlQYd.s 			page 13


 442      E7390FF3 
 442      F8640AF9 
 442      DA1822
 443 00d8 DC022445 		.ascii	"\334\002$E\270\011\036\270\001\036\306\350\237o\020"
 443      B8091EB8 
 443      011EC6E8 
 443      9F6F10
 444 00e7 18F4818F 		.ascii	"\030\364\201\217(/\247\0364\272q\253\244\267\206\022"
 444      282FA71E 
 444      34BA71AB 
 444      A4B78612 
 445 00f7 475C167D 		.ascii	"G\\\026}\244\007yN\214\274\366\233\364\015\036(\224"
 445      A407794E 
 445      8CBCF69B 
 445      F40D1E28 
 445      94
 446 0108 64D53746 		.ascii	"d\3257F\344\333\340c\202r9\373\244\321\205\333%}\246"
 446      E4DBE063 
 446      827239FB 
 446      A4D185DB 
 446      257DA6
 447 011b B325EBCC 		.ascii	"\263%\353\314\213I\372h\235\336\306\343\265\336\030"
 447      8B49FA68 
 447      9DDEC6E3 
 447      B5DE18
 448 012a 6A30F097 		.ascii	"j0\360\227\001\306|\217%\341\355\265\337\247]6\025\006"
 448      01C67C8F 
 448      25E1EDB5 
 448      DFA75D36 
 448      1506
 449 013c 21CF3A34 		.ascii	"!\317:4\334\001\033\320\316\307\231c\315n\334)Q\223"
 449      DC011BD0 
 449      CEC79963 
 449      CD6EDC29 
 449      5193
 450 014e D94F27C0 		.ascii	"\331O'\300\222M\247\026e\207\376\225}\263Lv\230d\205"
 450      924DA716 
 450      6587FE95 
 450      7DB34C76 
 450      986485
 451 0161 20F3BD26 		.ascii	" \363\275&\307qRfL\021\305\304\316\225GZ\234\317\315"
 451      C7715266 
 451      4C11C5C4 
 451      CE95475A 
 451      9CCFCD
 452 0174 3771FE6B 		.ascii	"7q\376kE\364\207\342\002\221\213\"\006\024\203J\203"
 452      45F487E2 
 452      02918B22 
 452      0614834A 
 452      83
 453 0185 CD062224 		.ascii	"\315\006\"$\235\011\216\003\304\231\235L\252\262&d\242"
 453      9D098E03 
 453      C4999D4C 
 453      AAB22664 
 453      A2
 454 0196 6B2AF038 		.ascii	"k*\3608c\315\250\230\213\020->\000\357|\267N\226\375"
 454      63CDA898 
ARM GAS  /tmp/ccLtlQYd.s 			page 14


 454      8B102D3E 
 454      00EF7CB7 
 454      4E96FD
 455 01a9 0C357391 		.ascii	"\0145s\221\213n1\217Ro\320F\336\236\276\212u\200\350"
 455      8B6E318F 
 455      526FD046 
 455      DE9EBE8A 
 455      7580E8
 456 01bc 9D0E1ADC 		.ascii	"\235\016\032\334%\333\004\272\032\3118M\220B\270\245"
 456      25DB04BA 
 456      1AC9384D 
 456      9042B8A5 
 457 01cc FDA62B04 		.ascii	"\375\246+\004\011\023t=\322\240\233 \235\020S\351\371"
 457      0913743D 
 457      D2A09B20 
 457      9D1053E9 
 457      F9
 458 01dd 01BB4068 		.ascii	"\001\273@h\300S5|%$\301Ct\252\036\366\312\014\3111!"
 458      C053357C 
 458      2524C143 
 458      74AA1EF6 
 458      CA0CC931 
 459 01f2 A59BE905 		.ascii	"\245\233\351\0057g\352\0334S\003-7\303\321A0\013\345"
 459      3767EA1B 
 459      3453032D 
 459      37C3D141 
 459      300BE5
 460 0205 C2885968 		.ascii	"\302\210Yh6\002&F\\\265\241\243\017\357\243\000P\024"
 460      36022646 
 460      5CB5A1A3 
 460      0FEFA300 
 460      5014
 461 0217 90123590 		.ascii	"\220\0225\2200\211/\215\031\024 B\034\257\311\246-'"
 461      30892F8D 
 461      19142042 
 461      1CAFC9A6 
 461      2D27
 462 0229 22FBFED6 		.ascii	"\"\373\376\326\350\254\326\015]\241\332\020\357X\025"
 462      E8ACD60D 
 462      5DA1DA10 
 462      EF5815
 463 0238 433BB980 		.ascii	"C;\271\200Q\321\036\270\007\335\024\202*=e\024\351)"
 463      51D11EB8 
 463      07DD1482 
 463      2A3D6514 
 463      E929
 464 024a 03B599E4 		.ascii	"\003\265\231\344f\263\234c\251\230J\015\0333\233J\361"
 464      66B39C63 
 464      A9984A0D 
 464      1B339B4A 
 464      F1
 465 025b 6288E255 		.ascii	"b\210\342U\026\342\315N\200\350\246\231\312\270.\346"
 465      16E2CD4E 
 465      80E8A699 
 465      CAB82EE6 
 466 026b 5174123D 		.ascii	"Qt\022=\331\336u\301m\245\222\024\251\214/IE\364\177"
 466      D9DE75C1 
ARM GAS  /tmp/ccLtlQYd.s 			page 15


 466      6DA59214 
 466      A98C2F49 
 466      45F47F
 467 027e 58A4E294 		.ascii	"X\244\342\224\"\337\026D\3504\024K\\\236f\231\375\275"
 467      22DF1644 
 467      E834144B 
 467      5C9E6699 
 467      FDBD
 468 0290 4CFA775A 		.ascii	"L\372wZ\376',\377\302\221\272\330\360\257\020\356\370"
 468      FE272CFF 
 468      C291BAD8 
 468      F0AF10EE 
 468      F8
 469 02a1 E990C711 		.ascii	"\351\220\307\021O\023\302\342\315`\314SUYZ\266\276*"
 469      4F13C2E2 
 469      CD60CC53 
 469      55595AB6 
 469      BE2A
 470 02b3 B8BF2418 		.ascii	"\270\277$\030(3\002\273\215\303~\243\242\262\264<X\340"
 470      283302BB 
 470      8DC37EA3 
 470      A2B2B43C 
 470      58E0
 471 02c5 67F64386 		.ascii	"g\366C\206\277\262\374\300\266@\356\177\367\013\374"
 471      BFB2FCC0 
 471      B640EE7F 
 471      F70BFC
 472 02d4 4545C5C5 		.ascii	"EE\305\305\033\013\375L\017\224\036,\331Sf\350\025F"
 472      1B0BFD4C 
 472      0F941E2C 
 472      D95366E8 
 472      1546
 473 02e6 30B0C3D8 		.ascii	"0\260\303\330\247\371\015\032\377\0006>\\n"
 473      A7F90D1A 
 473      FF00363E 
 473      5C6E
 474              		.text
 475              		.section	.gnu.lto_unhandledException.89.94b97046e008e403,"e",%progbits
 476 0000 789C7D92 		.ascii	"x\234}\222\337K\024Q\024\307\357w\316\314:\273\272\372"
 476      DF4B1451 
 476      14C7EF77 
 476      CECC3ABB 
 476      BAFA
 477 0012 D4432CD4 		.ascii	"\324C,\324\372 !\201\371\220\331C\017\275E\177@oA\304"
 477      FA202181 
 477      F990D943 
 477      0FBD457F 
 477      406F41C4 
 478 0026 BA90201A 		.ascii	"\272\220 \032\241\321\233ww'5\"\265\037\376\000\035"
 478      A1D19B77 
 478      77273522 
 478      B51FFE00 
 478      1D
 479 0037 D226FCD1 		.ascii	"\322&\374\321\213H\376\254\314i\265\242\037\017\375"
 479      8B48FEAC 
 479      CC69B5A2 
 479      1F0FFD
ARM GAS  /tmp/ccLtlQYd.s 			page 16


 480 0046 904809A3 		.ascii	"\220H\011\243\202@\301\224(,\250\266sgv}IZ\230\231{"
 480      8240C194 
 480      282CA8B6 
 480      7367767D 
 480      495A9899 
 481 005b EFF99ECF 		.ascii	"\357\371\236\317\371\236\273\347\000\011q\\\010\261"
 481      F99EBBE7 
 481      0009715C 
 481      08B1
 482 0069 9F1F1802 		.ascii	"\237\037\030\002\232\224\362p^\302\3244\342UT\227!\335"
 482      9A94F270 
 482      5EC2D434 
 482      E2555497 
 482      21DD
 483 007b FF1610E0 		.ascii	"\377\026\020\340\305\244\251\013\210F\215t4j\215W\251"
 483      C5A4A90B 
 483      88468D74 
 483      346A8D57 
 483      A9
 484 008c 87906EFE 		.ascii	"\207\220n\376<\255\225\016rX\272]/v\312!\027\016sm~"
 484      3CAD950E 
 484      7258BA5D 
 484      2F76CA21 
 484      170E736D 
 485 00a1 FC1FC650 		.ascii	"\374\037\306P*\004+\227\223\366\217\202+\3440L\347\355"
 485      2A042B97 
 485      93F68F82 
 485      2BE4304C 
 485      E7ED
 486 00b3 B5A7634F 		.ascii	"\265\247cOBj\253!\312\333\305\251\267\345\264\013J\370"
 486      426AAB21 
 486      CADBC5A9 
 486      B7E5B40B 
 486      4AF8
 487 00c5 6E269DD6 		.ascii	"n&\235\326K\034)\223\322]\0360z\245kE\035\"L\202\030"
 487      4B1C2993 
 487      D25D1E30 
 487      7AA56B45 
 487      1D224C82 
 488 00da 8B094430 		.ascii	"\213\011D0\216\210\300\024J\204\3303\350\345|\034\375"
 488      8E88C014 
 488      4A84D833 
 488      E8E57C1C 
 488      FD
 489 00eb D3110EE8 		.ascii	"\323\021\016\350\336\231\022M# \3747\370\253\216G^\031"
 489      DE99124D 
 489      2320FC37 
 489      F8AB8E47 
 489      5E19
 490 00fd AEFC9569 		.ascii	"\256\374\225i\223\322\016\367\377\246 \204C\272\246"
 490      93D20EF7 
 490      FFA62084 
 490      43BAA6
 491 010c 5EBA8732 		.ascii	"^\272\2072\262\3006\022-\357/\207 ]!\332I\363\326\011"
 491      B2C03612 
 491      2DEF2F87 
 491      205D21DA 
ARM GAS  /tmp/ccLtlQYd.s 			page 17


 491      49F3D609 
 492 0120 5EAF42DE 		.ascii	"^\257B\336\030\331\353!\277 \335}\361gP\255\373I\343"
 492      18D9EB21 
 492      BF20DD7D 
 492      F16750AD 
 492      FB49E3
 493 0133 EAADA9F5 		.ascii	"\352\255\251\365eS\365bxf\272\022\233K\371\376\326Z"
 493      6553F562 
 493      7866BA12 
 493      9B4BF9FE 
 493      D65A
 494 0145 4AC9423E 		.ascii	"J\311B>\272t\373\315\2029\200\233\011+!\271\231\000"
 494      BA74FBCD 
 494      8239809B 
 494      092B21B9 
 494      9900
 495 0157 EE721777 		.ascii	"\356r\027w\270\013\201{\030\000#S\235\315\303\206\217"
 495      B80B817B 
 495      18002353 
 495      9DCDC386 
 495      8F
 496 0168 D47DEAE2 		.ascii	"\324}\352\342\240\363MW\030B\2060\303\342U$\243J\242"
 496      A0F34D57 
 496      18428630 
 496      C3E25524 
 496      A34AA2
 497 017b 9CB2CCF3 		.ascii	"\234\262\314\3634\231\363\224\352\314\023\375\004?\367"
 497      3499F394 
 497      EACC13FD 
 497      043FF7
 498 018a C3784FAB 		.ascii	"\303xO\253\351\347n\020\356s\356\012\254\225\271C~\001"
 498      E9E76E10 
 498      EE73EE0A 
 498      AC95B943 
 498      7E01
 499 019c B0E2F1FA 		.ascii	"\260\342\361\372\332\002|\205\300\254r\"T\3034\277\336"
 499      DA027C85 
 499      C0AC7222 
 499      54C334BF 
 499      DE
 500 01ad 626C353C 		.ascii	"bl5<\373\0149zoS\316\236\301\245\031\360\262w\374{8"
 500      FB0C397A 
 500      6F53CE9E 
 500      C1A519F0 
 500      B277FC7B 
 501 01c2 5B2293C9 		.ascii	"[\"\223\311\024\301\375\307\241\341A>e!\0338\357\305"
 501      14C1FDC7 
 501      A1E1413E 
 501      65211B38 
 501      EFC5
 502 01d4 D415D943 		.ascii	"\324\025\331C\3173A\013\311\204\351P\236M\352Oz\000"
 502      CF33410B 
 502      C984E950 
 502      9E4DEA4F 
 502      7A00
 503 01e6 0BDC80C1 		.ascii	"\013\334\200\301\321\211\013k\303A\2056\001\244\021"
 503      D1890B6B 
ARM GAS  /tmp/ccLtlQYd.s 			page 18


 503      C3418536 
 503      01A411
 504 01f5 7128E891 		.ascii	"q(\350\221\326\350\277\240\220M\032\203\346\024\210"
 504      D6E8BFA0 
 504      904D1A83 
 504      E61488
 505 0204 431DD6EB 		.ascii	"C\035\326\353\321p\361\221\353\262\233o<_\2354\015\265"
 505      D170F191 
 505      EBB29B6F 
 505      3C5F9D34 
 505      0DB5
 506 0216 B70594B8 		.ascii	"\267\005\224\270[\312\276[\232C\005\230G\261?&\0179"
 506      5BCABE5B 
 506      9A430598 
 506      47B13F26 
 506      0F39
 507 0228 8BAB3B14 		.ascii	"\213\253;\024\366JmfM\177E\262/\223\357\317\223wA\372"
 507      F64A6D66 
 507      4D7F45B2 
 507      2F93EFCF 
 507      937741FA 
 508 023c D6056D80 		.ascii	"\326\005m\200\266sQh\023\017?\036)\027\016\025\0115"
 508      B6735168 
 508      130F3F1E 
 508      29170E15 
 508      0935
 509 024e 52F092D4 		.ascii	"R\360\222\324H\011\021i\250\257\256\331\327P{\352dm"
 509      48091169 
 509      A8AFAED9 
 509      D7507BEA 
 509      646D
 510 0260 554DBCEA 		.ascii	"UM\274\352D\374\\,~\272\276\272\256\266,&\314\263\361"
 510      44FC5C2C 
 510      7EBABEBA 
 510      AEB62C26 
 510      CCB3F1
 511 0273 587DDD99 		.ascii	"X}\335\231\243U\273\267\215\227\305***+\017\226\307"
 511      A355BBB7 
 511      8D97C52A 
 511      2A2A2B0F 
 511      96C7
 512 0285 C48E63B9 		.ascii	"\304\216c\271x\324O\211\2264\224\211\277i\272&2"
 512      78D44F89 
 512      96349489 
 512      BF69BA26 
 512      32
 513              		.text
 514              		.section	.gnu.lto_unhandledException.part.0.93.94b97046e008e403,"e",%progbits
 515 0000 789C6D52 		.ascii	"x\234mR\317k\023A\030\375\336|\263\371Q\253g%\240I\241"
 515      CF6B1341 
 515      18FDDE7C 
 515      B3F951AB 
 515      6725A049 
 516 0015 482FB597 		.ascii	"H/\265\227R/\242^,\036\374\033J\331\004\254\204T$\021"
 516      522FA25E 
 516      2C1EFC1B 
 516      4AD904AC 
ARM GAS  /tmp/ccLtlQYd.s 			page 19


 516      84542411 
 517 0029 6F9DC6A0 		.ascii	"o\235\306\240\336R\177a\301.\005\027LO\212\020\265\255"
 517      DE527F61 
 517      C12E0517 
 517      4C4F8A10 
 517      B5AD
 518 003b 56D7D583 		.ascii	"V\327\325\203\325\036\324\223\202\024\361\340\301\213"
 518      D51ED493 
 518      8214F1E0 
 518      C18B
 519 0049 82821EA4 		.ascii	"\202\202\036\244\365\233\3354\306\320\205a\336\367\346"
 519      F59BDD34 
 519      C6D08561 
 519      DEF7E6
 520 0058 7D6F76DE 		.ascii	"}ov\336\314)Et\202\210Fe Ap\2141G\222p\240b\240\300"
 520      CC294574 
 520      82884665 
 520      2041708C 
 520      31479270 
 521 0070 11984E31 		.ascii	"\021\230N1t\013\351\026w\0244\345(\326\230RL\377\276"
 521      740BE916 
 521      771434E5 
 521      28D69852 
 521      4CFFBE
 522 0083 AB7C9311 		.ascii	"\253|\223\021^\374\262\244\006\032\2423\301\2157{\314"
 522      5EFCB2A4 
 522      061AA233 
 522      C18D377B 
 522      CC
 523 0094 42005F44 		.ascii	"B\000_D^[\330\2451\201\332\035\013`\377\244\211\001"
 523      5E5BD8A5 
 523      3181DA1D 
 523      0B60FFA4 
 523      8901
 524 00a6 3BDDB793 		.ascii	";\335\267\223(\327\253\336\357\336+\3543\240\245\274"
 524      28D7ABDE 
 524      EFDE2BEC 
 524      33A0A5BC 
 525 00b6 F6AAB9DA 		.ascii	"\366\252\271\332cK\205\254\224\037\026\337\017\361^"
 525      634B85AC 
 525      941F16DF 
 525      0FF15E
 526 00c5 58E1C795 		.ascii	"X\341\307\2250\324\375\2761U\023\254\337v\346LP\313"
 526      30D4FDBE 
 526      315513AC 
 526      DF76E64C 
 526      50CB
 527 00d7 FACC5804 		.ascii	"\372\314X\004\313\326x\210\014\036 CXB?\321\376F\324"
 527      CBD67888 
 527      0C1E2043 
 527      58423FD1 
 527      FE46D4
 528 00ea F3F9DEC6 		.ascii	"\363\371\336\306\365\235\011\035qV\264,9t{}\302K\243"
 528      F59D091D 
 528      7156B42C 
 528      39747B7D 
 528      C24BA3
ARM GAS  /tmp/ccLtlQYd.s 			page 20


 529 00fd DB46E832 		.ascii	"\333F\3502\242N\233G\221\015b\033<\266\241\312l\351"
 529      A24E9B47 
 529      910D621B 
 529      3CB6A1CA 
 529      6CE9
 530 010f BBEF24DD 		.ascii	"\273\357$\335?\233uc~\036\206&\2523\275\370v\311\201"
 530      3F9B7563 
 530      7E1E8626 
 530      AA33BDF8 
 530      76C981
 531 0122 454E8498 		.ascii	"EN\204\230fX\265\320W\230[\277^#r\020\334\027\201\357"
 531      6658B5D0 
 531      57985BBF 
 531      5E237210 
 531      DC1781EF 
 532 0136 389F8D80 		.ascii	"8\237\215\200l\350-\254m\246k\250N\247|\326\036\313"
 532      6CE82DAC 
 532      6DA66BA8 
 532      4EA77CD6 
 532      1ECB
 533 0148 45620535 		.ascii	"Eb\0055\220\317Ng\303\205m\033\022\036K\332xb\033d\351"
 533      90CF4E67 
 533      C3856D1B 
 533      121E4BDA 
 533      78621B64 
 534 015d C75C18A6 		.ascii	"\307\\\030\246sj\336\314J\\I\3134\227\3574`\305\263"
 534      736ADECC 
 534      4A5C49CB 
 534      3497EF34 
 534      60C5B3
 535 0170 C60897C2 		.ascii	"\306\010\227\302S\344\342\323\004B\333;y;?f\357 \215"
 535      53E4E2D3 
 535      0442DB3B 
 535      793B3F66 
 535      EF208D
 536 0183 4378868C 		.ascii	"Cx\206\2140\033\336\345\352\256\334hl\322cM\374\325"
 536      301BDEE5 
 536      EAAEDC68 
 536      6CD2634D 
 536      FCD5
 537 0195 B5E71D26 		.ascii	"\265\347\035&;\020n\231X\332\347^\211n\206\355k2:>r"
 537      3B106E99 
 537      58DAE75E 
 537      896E86ED 
 537      6B323A3E 
 538 01aa DFFFE76D 		.ascii	"\337\377\347m\003\233\221\336\322\325\345\221$m\354"
 538      039B91DE 
 538      D2D5E591 
 538      246DEC
 539 01b9 994A79A2 		.ascii	"\231Jy\242x\240R:9^\312\027\013\371\261\3029\267p\272"
 539      78A0523A 
 539      395ECA17 
 539      0BF9B1C2 
 539      39B770BA 
 540 01cd 3C31591A 		.ascii	"<1Y\032t)u\266\340\226'\317\034\317\357\333v}\320\035"
 540      742975B6 
 540      E09627CF 
ARM GAS  /tmp/ccLtlQYd.s 			page 21


 540      1CCFEFDB 
 540      767DD01D 
 541 01e1 1E1E1939 		.ascii	"\036\036\03198\344R\342\330x\245X\246\277P`\3336"
 541      38E452E2 
 541      D878A558 
 541      A6BF5060 
 541      DB36
 542              		.text
 543              		.section	.gnu.lto_.symbol_nodes.94b97046e008e403,"e",%progbits
 544 0000 789C75CE 		.ascii	"x\234u\316\273\015\302@\020\204\341\231\335;!\271\011"
 544      BB0DC240 
 544      1084E199 
 544      DD3B21B9 
 544      09
 545 0011 5AA028FA 		.ascii	"Z\240(\372\330[D\340\020Z@4\001\261cb\236r\011\224\000"
 545      D85B44E0 
 545      105A4034 
 545      01B16362 
 545      9E720994 
 546 0026 E7C526F3 		.ascii	"\347\305&\363D\277\364\235t\333\243N\2560\224\272\304"
 546      44BFF49D 
 546      74DBA34E 
 546      AE3094BA 
 546      C4
 547 0037 DD05B571 		.ascii	"\335\005\265q*\356+\020\241/\030\273w\233\377\270u/"
 547      2AEE2B10 
 547      A12F18BB 
 547      779BFFB8 
 547      752F
 548 0049 32E90D26 		.ascii	"2\351\015&m\277o&=\027\347h|\300\3643n\031\0170\374"
 548      6DBF6F26 
 548      3D17E768 
 548      7CC0F433 
 548      6E190F30 
 549 005e 33289FB0 		.ascii	"3(\237\2604gwX\2361e\212[\216Tj\324Z\005\021\233\205"
 549      34677758 
 549      9E31658A 
 549      5B8E546A 
 549      D45A0511 
 550 0074 4A8EEA6A 		.ascii	"J\216\352j\375N>4\370\002Z\366K3"
 550      FD4E3E34 
 550      F8025AF6 
 550      4B33
 551              		.text
 552              		.section	.gnu.lto_.refs.94b97046e008e403,"e",%progbits
 553 0000 789C6364 		.ascii	"x\234cd\000\002\000\000\012\000\002"
 553      00020000 
 553      0A0002
 554              		.text
 555              		.section	.gnu.lto_.decls.94b97046e008e403,"e",%progbits
 556 0000 789C8D56 		.ascii	"x\234\215VkL\024W\024\276gf\330\035\306\345!\201j%Z"
 556      6B4C1457 
 556      14BE6766 
 556      D81DC6E5 
 556      21816A25 
 557 0015 62DAC81F 		.ascii	"b\332\310\037\001\261>~\364\007\255\321jL\254\251\332"
 557      01B13E7E 
ARM GAS  /tmp/ccLtlQYd.s 			page 22


 557      F407ADD1 
 557      6A4CACA9 
 557      DA
 558 0026 A83F6AC9 		.ascii	"\250?j\311\316*D\334\265\313b\365WGP\241F\023$\232V"
 558      CE2A44DC 
 558      B5CB62F5 
 558      574750A1 
 558      4613249A 
 559 003b 6D0B3EA2 		.ascii	"m\013>\242\370\254\215\017\360\275\362\320\025]DE\305"
 559      F8AC8D0F 
 559      F0BDF2D0 
 559      155D4445 
 559      C5
 560 004c F212455D 		.ascii	"\362\022E]\005_\200\210\266\206\236{\357\3542\253\320"
 560      055F8088 
 560      B6869E7B 
 560      EFEC32AB 
 560      D0
 561 005d 74B267E6 		.ascii	"t\262g\346\236s\277\373\235\357\334\271\367\316NS\010"
 561      9E73BFFB 
 561      9DEFDCB9 
 561      F7CE4E53 
 561      08
 562 006e F9060871 		.ascii	"\371\006\010q\241\365\342%\021B\256\242\231\321\346"
 562      A1F5E225 
 562      1142AEA2 
 562      99D1E6
 563 007d A11D452B 		.ascii	"\241\035E+C+G\033\205\346A\363\022~\231\320\352\320"
 563      432B471B 
 563      85E641F3 
 563      127E99D0 
 563      EAD0
 564 008f 9AD01AD0 		.ascii	"\232\320\032\320\356\240\371\320\332\311\373\327\237"
 564      EEA0F9D0 
 564      DAC9FBD7 
 564      9F
 565 009c C81F8ACF 		.ascii	"\310\037\212\3174\264(\264h\003\377\013\235{>\332s\035"
 565      34B428B4 
 565      6803FF0B 
 565      9D7B3EDA 
 565      731D
 566 00ae 0F3AF7BB 		.ascii	"\017:\367\273\327q\354\210\354\207g\224\316C\307w\350"
 566      D771EC88 
 566      EC876794 
 566      CE43C777 
 566      E8
 567 00bf BCB7D03A 		.ascii	"\274\267\320:u\275]hmh/\321\032u.I\327]\247kn\352'\337"
 567      75BD5D68 
 567      6D682FD1 
 567      1A752E49 
 567      D75DA76B 
 568 00d7 69CC17D6 		.ascii	"i\314\027\326O\276n\264z\264W\375\314O\017\332\303w"
 568      4FBE6EB4 
 568      7AB457FD 
 568      CC4F0FDA 
 568      C377
 569 00e9 723419E6 		.ascii	"r4\031\346\347\335k\253\010\336\312\353\277\230E\001"
ARM GAS  /tmp/ccLtlQYd.s 			page 23


 569      E7DD6BAB 
 569      08DECAEB 
 569      BF984501 
 570 00f9 B02D7A7D 		.ascii	"\260-z}[&Bh,\000\376r5-[+\312\311\217\004\002cc!)\226"
 570      5B264268 
 570      2C00FE72 
 570      352D5B2B 
 570      CAC98F04 
 571 0113 C01110E1 		.ascii	"\300\021\020\341(\204\0228\206\200\022\210%\2335\231"
 571      28841238 
 571      86801288 
 571      259B3599 
 572 0123 05366B79 		.ascii	"\0056ky\232\026\311\373\360\206\254\205\236\206&\271"
 572      9A16C9FB 
 572      F086AC85 
 572      9E8626B9 
 573 0133 40842805 		.ascii	"@\204(\005\206\241\333\224\375[\217\205\273\022\272"
 573      86A1DB94 
 573      FD5B8F85 
 573      BB12BA
 574 0142 1BAB8E5C 		.ascii	"\033\253\216\\T\320\215V \016\335\316=m^\213\202\024"
 574      54D08D56 
 574      200EDDCE 
 574      3D6D5E8B 
 574      8214
 575 0154 9AE6CED1 		.ascii	"\232\346\316\321\242\246R\330\011Lq\034S\0208\011\012"
 575      A2A652D8 
 575      094C711C 
 575      53103809 
 575      0A
 576 0165 81C45828 		.ascii	"\201\304X(E\017\301\255\273\252Vp\246X\3646mYw!\214"
 576      450FC1AD 
 576      BBAA5670 
 576      A658F436 
 576      6D597721 
 577 017a 33D501FA 		.ascii	"3\325\001\3727zN\277\261\2102\253\346\336\271\275ya"
 577      377A4EBF 
 577      B18832AB 
 577      E6DEB9BD 
 577      7961
 578 018c A0F072F2 		.ascii	"\240\360r\362x9y\246\241\201r\316`9g)\271\033\001\347"
 578      783979A6 
 578      A18172CE 
 578      60396729 
 578      B91B01E7 
 579 01a0 F4726880 		.ascii	"\364rh\200\225\363\374G\326F\316\216\332]\233\224\250"
 579      95F3FC47 
 579      D646CE8E 
 579      DA5D9B94 
 579      A8
 580 01b1 7C2A8FDE 		.ascii	"|*\217\336\000h\007\234\306A\247\230\3002\210\342*y"
 580      0068079C 
 580      C641A798 
 580      C03288E2 
 580      2A79
 581 01c3 1B47AC3D 		.ascii	"\033G\254=\267\257\021,kiJ,(t*\015\033**\007\013\341"
 581      B7AF112C 
ARM GAS  /tmp/ccLtlQYd.s 			page 24


 581      6B694A2C 
 581      28742A0D 
 581      1B2A2A07 
 582 01d9 0FC4DE6C 		.ascii	"\017\304\336l\334Q\004\274\240\020ts\333z\313\344\001"
 582      DC5104BC 
 582      A0107473 
 582      DB7ACBE4 
 582      01
 583 01ea E7A2529F 		.ascii	"\347\242R\237\213\012>\027%W6\377l\342cM\350\226\227"
 583      8B0A3E17 
 583      255736FF 
 583      6CE2634D 
 583      E89697
 584 01fd D43F12F8 		.ascii	"\324?\022\370d$\241{\273\272\344\373\367d_@\256\363"
 584      6424A17B 
 584      BBBAE4FB 
 584      F7645F40 
 584      AEF3
 585 020f 8CCB4365 		.ascii	"\214\313CeWr\331\036&\273\241\367Ik8\247\213\246\343"
 585      5772D91E 
 585      26BBA1F7 
 585      496B38A7 
 585      8BA6E3
 586 0222 8BEF7A06 		.ascii	"\213\357z\006\226R\245K\271\310\245\274n){\036\302\307"
 586      9652A54B 
 586      B9C8A5BC 
 586      6E297B1E 
 586      C2C7
 587 0234 C6A0BBFA 		.ascii	"\306\240\273\372f\363\232P.\245\230\276\027\357\316"
 587      66F39A50 
 587      2EA598BE 
 587      17EFCE
 588 0243 83D74CEF 		.ascii	"\203\327L\357\211\271\214l\227\030\233\227\212\251\342"
 588      89B98C6C 
 588      97189B97 
 588      8AA9E2
 589 0252 62BC4CCC 		.ascii	"b\274L\314\355\313{\013C\356\303=\300\245I$\025G\324"
 589      EDCB7B0B 
 589      43EEC33D 
 589      C0A54924 
 589      1547D4
 590 0265 8DC79B42 		.ascii	"\215\307\233B\346\213$Z\0234\301\244\212\202\"*\242"
 590      E68B245A 
 590      1334C1A4 
 590      8A82222A 
 590      A2
 591 0276 AA786044 		.ascii	"\252x`D|\227\230\"\013\361\021\212\\\\\016\221J\210"
 591      7C979822 
 591      0BF1118A 
 591      5C5C0E91 
 591      4A88
 592 0288 2C083EB3 		.ascii	",\010>\263\252\304\277\201\375B\221).E\223\324u1>\263"
 592      AAC4BF81 
 592      FD429129 
 592      2E4593D4 
 592      75313EB3 
 593 029c 26E4CF88 		.ascii	"&\344\317\210\036\233\202w\237\331\003*\216\232)\311"
ARM GAS  /tmp/ccLtlQYd.s 			page 25


 593      1E9B8277 
 593      9FD9032A 
 593      8E9A29C9 
 594 02ac 91D8F299 		.ascii	"\221\330\362\231\225.\261h\275I\365\012y\243p:\0245"
 594      952EB168 
 594      BD49F50A 
 594      79A3703A 
 594      1435
 595 02be 391A75A6 		.ascii	"9\032u\246\310\362\210\2102\261L\234B\210,\037:\030"
 595      C8F28888 
 595      32B14C9C 
 595      42882C1F 
 595      3A18
 596 02d0 A3F8CC11 		.ascii	"\243\370\314\021H\021\257\306E\252q\021\036\010QU%:"
 596      4811AFC6 
 596      45AA7111 
 596      1E085155 
 596      253A
 597 02e2 9EA00835 		.ascii	"\236\240\010599EP\220Y\222=\220,\202%Yki\033\242\200"
 597      39394550 
 597      9059923D 
 597      902C8225 
 597      596B691B 
 598 02f8 123A222E 		.ascii	"\022:\".\236\020\225L\021\220W\354\365_`\306\234j\237"
 598      9E10954C 
 598      119057EC 
 598      F55F60C6 
 598      9C6A9F
 599 030b 0B10AF08 		.ascii	"\013\020\257\010\311\2028\335\207\007\240 \304\021\242"
 599      C98238DD 
 599      8707A020 
 599      C411A2
 600 031a 49B2C502 		.ascii	"I\262\305\002\032>B\027LWg&+\304g\026\260+Z\002M\200"
 600      1A3E4217 
 600      4C576726 
 600      2BC46716 
 600      B02B5A02 
 601 0330 BE918A09 		.ascii	"\276\221\212\011\317\254\341\201\303\013\367+\375\361"
 601      CFACE181 
 601      C30BF72B 
 601      FDF1
 602 033e 1BA10E31 		.ascii	"\033\241\0161faq\212\304y\005~\332\371\243\201\207\336"
 602      6661718A 
 602      C479057E 
 602      DAF9A381 
 602      87DE
 603 0350 E600CE23 		.ascii	"\346\000\316#\370OG\360'!z\257\201\274O\203\256\303"
 603      F84F47F0 
 603      27217AAF 
 603      81BC4F83 
 603      AEC3
 604 0362 CFE3CF63 		.ascii	"\317\343\317c\320\330\247\225\010zJ\3018\206\215\013"
 604      D0D8A795 
 604      087A4AC1 
 604      38868D0B 
 605 0372 12DE4749 		.ascii	"\022\336GI\002\264~I\004\002\007\332\353u]\027\303\037"
 605      02B47E49 
ARM GAS  /tmp/ccLtlQYd.s 			page 26


 605      040207DA 
 605      EB755D17 
 605      C31F
 606 0384 40EB4ABA 		.ascii	"@\353J\272\326*\303!&?\205\320\363\000\232s~\272b\022"
 606      D62AC321 
 606      263F85D0 
 606      F3009A73 
 606      7EBA6212 
 607 0398 3F61EDED 		.ascii	"?a\355\355\275\325\033L\342\247\254]x\343\300\266A\211"
 607      BDD51B4C 
 607      E2A7AC5D 
 607      78E3C0B6 
 607      4189
 608 03aa 07347EC9 		.ascii	"\0074~\311\205\"\201\253 2\272\271\203( \257\276`\245"
 608      852281AB 
 608      2032BAB9 
 608      832820AF 
 608      BE60A5
 609 03bd 22E10CD0 		.ascii	"\"\341\014\320\303\015\034\022\215\225u\376q\026Xl\236"
 609      C30D1C12 
 609      8D9575FE 
 609      7116586C 
 609      9E
 610 03ce 02D781C5 		.ascii	"\002\327\201\305\326T\346\237\014\343{@@w\333\215\232"
 610      D654E69F 
 610      0CE37B40 
 610      4077DB8D 
 610      9A
 611 03df 6CE07B20 		.ascii	"l\340{ \022\335u\225\265\373\007\015\331Ds\034\312\321"
 611      12DD7595 
 611      B5FB070D 
 611      D944731C 
 611      CAD1
 612 03f1 220548FB 		.ascii	"\"\005H\373\000n\342\006\270\3016\300-\030B\240\026"
 612      006EE206 
 612      B8C136C0 
 612      2D1842A0 
 612      16
 613 0402 245E8356 		.ascii	"$^\203Vu\342\340\240\221E\232\373\216\346\276P8\261"
 613      75E2E0A0 
 613      91459AFB 
 613      8EE6BE50 
 613      38B1
 614 0414 362757AB 		.ascii	"6'W\253\241\003\201\001\241\006O\256k\220\310\212\307"
 614      A1038101 
 614      A1064FAE 
 614      6B90C88A 
 614      C7
 615 0425 36812BF0 		.ascii	"6\201+\360\000\240\032\356\303\334#\010\251\203\221"
 615      00A01AEE 
 615      C3DC2308 
 615      A98391
 616 0434 C851F0E6 		.ascii	"\310Q\360\346\330ZE\334\010\254\306\216G\005\347%\361"
 616      D85A45DC 
 616      08ACC68E 
 616      4705E725 
 616      F1
ARM GAS  /tmp/ccLtlQYd.s 			page 27


 617 0445 20776A0E 		.ascii	" wj\016?=i\036PI=U\342\320\205<n\334\275UB!wP\310\371"
 617      3F3D691E 
 617      50493D55 
 617      E2D0853C 
 617      6EDCBD55 
 618 045f 85BF6AEE 		.ascii	"\205\277j\356lM[)Q\014\374\025\020\001\0150\222\272"
 618      6C4D5B29 
 618      510CFC15 
 618      10010D30 
 618      92BA
 619 0471 461D5BFF 		.ascii	"F\035[\377G\246Fc\246\035=\247^\003-\271\005\253^)\024"
 619      47A64663 
 619      A61D3DA7 
 619      5E032DB9 
 619      05AB5E29 
 620 0486 E390EF28 		.ascii	"\343\220\357(\002n\007\347\271\035\224\007\203M\254"
 620      026E07E7 
 620      B91D9407 
 620      834DAC
 621 0495 DA1725DA 		.ascii	"\332\027%\332\3110\361\034/\320}\252\344a\030U\215'"
 621      C930F11C 
 621      2FD07DAA 
 621      E4611855 
 621      8D27
 622 04a7 57FD89CF 		.ascii	"W\375\211\317JW\347\272g\262\302\240\3310s\315\372K"
 622      4A57E7BA 
 622      67B2C2A0 
 622      D93073CD 
 622      FA4B
 623 04b9 863B8CE1 		.ascii	"\206;\214\341bC{\201I|\306\031Z[\272{\024E\377h\254"
 623      62437B81 
 623      497CC619 
 623      5A5BBA7B 
 623      1445FF68 
 624 04ce FDAF8F06 		.ascii	"\375\257\217\006=\356\317\354h\227\215\307\375]0\236"
 624      3DEECFEC 
 624      68978DC7 
 624      FD5D309E 
 625 04de 94F7D871 		.ascii	"\224\367\330q\217\270jw\367?\021l\315`H_Gg\233K_K,6"
 625      8FB86A77 
 625      F73F116C 
 625      CD60485F 
 625      47679B4B 
 626 04f6 4A8156BE 		.ascii	"J\201V\276\216\352\016\354.\220\003\270\373<\330^\347"
 626      8EEA0EEC 
 626      2E9003B8 
 626      FB3CD85E 
 626      E7
 627 0507 F93B62C0 		.ascii	"\371;b\300\251|H\247\362\201\177\371\254\311\311>l\322"
 627      A97C48A7 
 627      F2817FF9 
 627      ACC9C93E 
 627      6CD2
 628 0519 EBBFE489 		.ascii	"\353\277\344\211\333R\252\255\012a\030h1\324\337\342"
 628      DB52AAAD 
 628      0A611868 
 628      31D4DFE2 
ARM GAS  /tmp/ccLtlQYd.s 			page 28


 629 0529 AFDFC7EA 		.ascii	"\257\337\307\352\337\261\2727W\024\013\331?\201`\251"
 629      DFB1BA37 
 629      57140BD9 
 629      3F8160A9 
 630 0539 8CF3C2DB 		.ascii	"\214\363\302\333\2127\026c~\272\027\372\004\264Q\001"
 630      8A371663 
 630      7EBA17FA 
 630      04B45101 
 631 0549 8FFD02BA 		.ascii	"\217\375\002\272+j\273-\272\200\362+\037W\346\024\305"
 631      2B6ABB2D 
 631      BA80F22B 
 631      1F57E614 
 631      C5
 632 055a 53043C32 		.ascii	"S\004<2\244\177\344O\337\316\322\237Z\363\366\214\031"
 632      A47FE44F 
 632      DFCED29F 
 632      5AF3F68C 
 632      19
 633 056b 770B4E03 		.ascii	"w\013N\003\335\360\0214\345\263'\265\300C\224t\317\316"
 633      DDF01134 
 633      E5B327B5 
 633      C0439474 
 633      CFCE
 634 057d 0DDB4D62 		.ascii	"\015\333Mb5\027X|\250\370\232H_P\016\3778\221\300\204"
 634      3517587C 
 634      A8F89A48 
 634      5F500EFF 
 634      3891C084 
 635 0591 C3336043 		.ascii	"\3033`C0\017<\305\330\023\376\222\266\375\376\244\306"
 635      300F3CC5 
 635      D813FE92 
 635      B6FDFEA4 
 635      C6
 636 05a2 627C49CF 		.ascii	"b|I\317\203^\322\013\376M~\301\276\311\356\342}\335"
 636      835ED20B 
 636      FE4D7EC1 
 636      BEC9EEE2 
 636      7DDD
 637 05b4 61462CDD 		.ascii	"aF,\335t}\330\016\216\355`X_\365\352o\215\320\266 h"
 637      747DD80E 
 637      8EED6058 
 637      5FF5EA6F 
 637      8DD0B620 
 638 05c9 27877632 		.ascii	"'\207v2h\375\316\212\267A\022\274A\177\013\2728\266"
 638      68FDCE8A 
 638      B74112BC 
 638      417F0BBA 
 638      38B6
 639 05db 8BD3BE2A 		.ascii	"\213\323\276*\275\031n\3046\006\361\276\344\330\227"
 639      BD196EC4 
 639      3606F1BE 
 639      E4D897
 640 05ea FD63EB83 		.ascii	"\375c\353\203\260\335\270\210\330\244\323\026\302W\355"
 640      B0DDB888 
 640      D8A4D316 
 640      C257ED
 641 05f9 BAE60B82 		.ascii	"\272\346\013\202?\014\202\277\342\324\257\030\266}}"
ARM GAS  /tmp/ccLtlQYd.s 			page 29


 641      3F0C82BF 
 641      E2D4AF18 
 641      B67D7D
 642 0608 EE0823D4 		.ascii	"\356\010#\324\023\244\270\207C\351#d\301\027\016G\206"
 642      13A4B887 
 642      43E92364 
 642      C1170E47 
 642      86
 643 0619 644D4B75 		.ascii	"dMKu\212c\306\0239\325\271d\331\204\321K\210bu8]\266"
 643      8A63C613 
 643      39D5B964 
 643      D984D14B 
 643      88627538 
 644 062f E5A3978C 		.ascii	"\345\243\227\214%\341\326\014[\252s\232\335es:\263\226"
 644      25E1D60C 
 644      5BAA739A 
 644      DD65733A 
 644      B396
 645 0641 BA8665B9 		.ascii	"\272\206e\271\3223\022\263\354i\251v5\303\246.\260-"
 645      D23312B3 
 645      EC69A976 
 645      35C3A62E 
 645      B02D
 646 0653 B7DA96BA 		.ascii	"\267\332\226\272\322\035\366\004\253\374\345\2149q\223"
 646      D21DF604 
 646      ABFCE58C 
 646      397193
 647 0662 C64C201F 		.ascii	"\306L \037\365\333\235`\0357n\302\204\211IV\022;0\007"
 647      F5DB9D60 
 647      1D376EC2 
 647      84894956 
 647      123B3007 
 648 0676 F930109E 		.ascii	"\3710\020\236\034\210.Mu\272\022\222\242\336\357\031"
 648      1C882E4D 
 648      75BA1292 
 648      A2DEEF19 
 649 0686 BC6C766A 		.ascii	"\274lvj\346\342\311vu\2265\315\246fe\330\234\261\011"
 649      E6E2C976 
 649      759635CD 
 649      A66665D8 
 649      9CB109
 650 0699 0989539C 		.ascii	"\011\211S\2346\333\327\263\277\232\225\230n\267fd\251"
 650      36DBD7B3 
 650      BF9A9598 
 650      6EB76664 
 650      A9
 651 06aa B6441782 		.ascii	"\266D\027\202\022\322\310`\254\300\341\374<3\323\346"
 651      12D2C860 
 651      ACC0E1FC 
 651      3C33D3E6 
 652 06ba 744D4ACD 		.ascii	"tMJ\315@\242\341F\264\2771\311a_\230\276\010\361C3W"
 652      40A2E146 
 652      B4BF31C9 
 652      615F98BE 
 652      08F14333 
 653 06cf 64663816 		.ascii	"df8\026M\233\365\365\034\373b\273\343\007\373Lg\272"
 653      4D9BF5F5 
ARM GAS  /tmp/ccLtlQYd.s 			page 30


 653      1CFB62BB 
 653      E307FB4C 
 653      67BA
 654 06e1 C399EE5A 		.ascii	"\303\231\356Z\021\303\364\363^\375\201p9+\335\356\032"
 654      11C3F4F3 
 654      5EFD8170 
 654      392BDDEE 
 654      1A
 655 06f2 9BBCC0F5 		.ascii	"\233\274\300\365/%Z}\230"
 655      2F255A7D 
 655      98
 656              		.text
 657              		.section	.gnu.lto_.symtab.94b97046e008e403,"e",%progbits
 658 0000 756E6861 		.ascii	"unhandledException\000"
 658      6E646C65 
 658      64457863 
 658      65707469 
 658      6F6E00
 659 0013 00       		.ascii	"\000"
 660 0014 00       		.ascii	"\000"
 661 0015 00       		.ascii	"\000"
 662 0016 00000000 		.ascii	"\000\000\000\000\000\000\000\000"
 662      00000000 
 663 001e DC000000 		.ascii	"\334\000\000\000"
 664 0022 76546173 		.ascii	"vTaskEndScheduler\000"
 664      6B456E64 
 664      53636865 
 664      64756C65 
 664      7200
 665 0034 00       		.ascii	"\000"
 666 0035 02       		.ascii	"\002"
 667 0036 00       		.ascii	"\000"
 668 0037 00000000 		.ascii	"\000\000\000\000\000\000\000\000"
 668      00000000 
 669 003f E0000000 		.ascii	"\340\000\000\000"
 670 0043 6572726F 		.ascii	"errorAssertCalled\000"
 670      72417373 
 670      65727443 
 670      616C6C65 
 670      6400
 671 0055 00       		.ascii	"\000"
 672 0056 02       		.ascii	"\002"
 673 0057 00       		.ascii	"\000"
 674 0058 00000000 		.ascii	"\000\000\000\000\000\000\000\000"
 674      00000000 
 675 0060 E8000000 		.ascii	"\350\000\000\000"
 676 0064 7379736C 		.ascii	"syslogISRUnknownPriority\000"
 676      6F674953 
 676      52556E6B 
 676      6E6F776E 
 676      5072696F 
 677 007d 00       		.ascii	"\000"
 678 007e 02       		.ascii	"\002"
 679 007f 00       		.ascii	"\000"
 680 0080 00000000 		.ascii	"\000\000\000\000\000\000\000\000"
 680      00000000 
 681 0088 EC000000 		.ascii	"\354\000\000\000"
ARM GAS  /tmp/ccLtlQYd.s 			page 31


 682              		.text
 683              		.section	.gnu.lto_.ext_symtab.94b97046e008e403,"e",%progbits
 684 0000 01       		.ascii	"\001"
 685 0001 01       		.ascii	"\001"
 686 0002 00       		.ascii	"\000"
 687 0003 01       		.ascii	"\001"
 688 0004 00       		.ascii	"\000"
 689 0005 01       		.ascii	"\001"
 690 0006 00       		.ascii	"\000"
 691 0007 01       		.ascii	"\001"
 692 0008 00       		.ascii	"\000"
 693              		.text
 694              		.section	.gnu.lto_.opts,"e",%progbits
 695 0000 272D666E 		.ascii	"'-fno-openmp' '-fno-openacc' '-fno-pie' '-g' '-mcpu"
 695      6F2D6F70 
 695      656E6D70 
 695      2720272D 
 695      666E6F2D 
 696 0033 3D636F72 		.ascii	"=cortex-m3' '-mno-thumb-interwork' '-mthumb' '-mflo"
 696      7465782D 
 696      6D332720 
 696      272D6D6E 
 696      6F2D7468 
 697 0066 61742D61 		.ascii	"at-abi=soft' '-march=armv7-m' '-Os' '-fomit-frame-p"
 697      62693D73 
 697      6F667427 
 697      20272D6D 
 697      61726368 
 698 0099 6F696E74 		.ascii	"ointer' '-falign-functions=16' '-ffunction-sections"
 698      65722720 
 698      272D6661 
 698      6C69676E 
 698      2D66756E 
 699 00cc 2720272D 		.ascii	"' '-fdata-sections' '-fno-common' '-flto' '-Xassemb"
 699      66646174 
 699      612D7365 
 699      6374696F 
 699      6E732720 
 700 00ff 6C657227 		.ascii	"ler' '-alms=build/lst/unhandled_exception.lst'\000"
 700      20272D61 
 700      6C6D733D 
 700      6275696C 
 700      642F6C73 
 701              		.text
 702              		.comm	__gnu_lto_slim,1,1
 703              		.ident	"GCC: (Fedora 10.2.0-4.fc34) 10.2.0"
ARM GAS  /tmp/ccLtlQYd.s 			page 32


DEFINED SYMBOLS
                            *ABS*:0000000000000000 unhandled_exception.c
     /tmp/ccLtlQYd.s:19     .gnu.debuglto_.debug_info:0000000000000000 unhandled_exception.c.c557780c
                            *COM*:0000000000000001 __gnu_lto_slim

NO UNDEFINED SYMBOLS
