Removed Member From Class: ClassName=RF Member=NetC16_1
Removed Member From Class: ClassName=RF Member=NetC17_1
Change Component Designator: OldDesignator=C1 NewDesignator=C001LO
Change Component Designator: OldDesignator=C2 NewDesignator=C002LO
Change Component Designator: OldDesignator=C3 NewDesignator=C003LO
Change Component Designator: OldDesignator=C4 NewDesignator=C004LO
Change Component Designator: OldDesignator=C5 NewDesignator=C005LO
Change Component Designator: OldDesignator=C6 NewDesignator=C006LO
Change Component Designator: OldDesignator=C7 NewDesignator=C014LO
Change Component Designator: OldDesignator=C8 NewDesignator=C008LO
Change Component Designator: OldDesignator=C9 NewDesignator=C009LO
Change Component Designator: OldDesignator=C10 NewDesignator=C010LO
Change Component Designator: OldDesignator=C11 NewDesignator=C011LO
Change Component Designator: OldDesignator=C12 NewDesignator=C012LO
Change Component Designator: OldDesignator=C13 NewDesignator=C013LO
Change Component Designator: OldDesignator=C14 NewDesignator=C015LO
Change Component Designator: OldDesignator=C15 NewDesignator=C016LO
Change Component Designator: OldDesignator=C16 NewDesignator=C007LO
Change Component Designator: OldDesignator=C17 NewDesignator=C017LO
Change Component Designator: OldDesignator=C18 NewDesignator=C018LO
Change Component Designator: OldDesignator=C19 NewDesignator=C019LO
Change Component Designator: OldDesignator=C20 NewDesignator=C020LO
Change Component Designator: OldDesignator=C21 NewDesignator=C021LO
Change Component Designator: OldDesignator=C22 NewDesignator=C022LO
Change Component Designator: OldDesignator=C23 NewDesignator=C023LO
Change Component Designator: OldDesignator=C24 NewDesignator=C024LO
Change Component Designator: OldDesignator=C25 NewDesignator=C025LO
Change Component Designator: OldDesignator=C26 NewDesignator=C026LO
Change Component Designator: OldDesignator=C27 NewDesignator=C027LO
Change Component Designator: OldDesignator=C28 NewDesignator=C028LO
Change Component Designator: OldDesignator=C29 NewDesignator=C029LO
Change Component Designator: OldDesignator=C30 NewDesignator=C030LO
Change Component Designator: OldDesignator=C31 NewDesignator=C031LO
Change Component Designator: OldDesignator=C32 NewDesignator=C032LO
Change Component Designator: OldDesignator=C33 NewDesignator=C033LO
Change Component Designator: OldDesignator=C34 NewDesignator=C34LO
Change Component Designator: OldDesignator=C35 NewDesignator=C035LO
Change Component Designator: OldDesignator=L1 NewDesignator=L001LO
Change Component Designator: OldDesignator=R1 NewDesignator=R001LO
Change Component Designator: OldDesignator=R2 NewDesignator=R002LO
Change Component Designator: OldDesignator=R3 NewDesignator=R003LO
Change Component Designator: OldDesignator=R4 NewDesignator=R004LO
Change Component Designator: OldDesignator=R5 NewDesignator=R005LO
Change Component Designator: OldDesignator=R6 NewDesignator=R6LO
Change Component Designator: OldDesignator=R9 NewDesignator=R009LO
Change Component Designator: OldDesignator=R10 NewDesignator=R010LO
Change Component Designator: OldDesignator=R11 NewDesignator=R011LO
Change Component Designator: OldDesignator=R12 NewDesignator=R012LO
Change Component Designator: OldDesignator=R13 NewDesignator=R013LO
Change Component Designator: OldDesignator=R14 NewDesignator=R014LO
Change Component Designator: OldDesignator=R15 NewDesignator=R015LO
Change Component Designator: OldDesignator=R16 NewDesignator=R016LO
Change Component Designator: OldDesignator=R17 NewDesignator=R017LO
Change Component Designator: OldDesignator=R18 NewDesignator=R018LO
Change Component Designator: OldDesignator=R39 NewDesignator=R039LO
Change Component Designator: OldDesignator=R40 NewDesignator=R040LO
Change Component Designator: OldDesignator=R41 NewDesignator=R041LO
Change Component Designator: OldDesignator=U7 NewDesignator=U7_CPU
Change Component Designator: OldDesignator=U8 NewDesignator=U8_CPU
Change Component Designator: OldDesignator=U9 NewDesignator=U9_CPU
Change Component Designator: OldDesignator=X2 NewDesignator=X2_CPU
Change Net Name : Old Net Name=MUXOUT New Net Name=PLL_MISO
Change Net Name : Old Net Name=NetC7_2 New Net Name=NetC014LO_2
Change Net Name : Old Net Name=NetC14_2 New Net Name=NetC015LO_2
Change Net Name : Old Net Name=NetC15_2 New Net Name=NetC016LO_2
Change Net Name : Old Net Name=NetC16_1 New Net Name=RFOUTA+
Change Net Name : Old Net Name=NetC17_1 New Net Name=RFOUTA-
Change Net Name : Old Net Name=NetC18_2 New Net Name=NetC018LO_2
Change Net Name : Old Net Name=NetC19_1 New Net Name=NetC019LO_1
Change Net Name : Old Net Name=NetC21_1 New Net Name=U3_IN-
Change Net Name : Old Net Name=NetC21_2 New Net Name=DAC_VOUT_FILTER2
Change Net Name : Old Net Name=NetC25_2 New Net Name=DAC_VOUT_FILTER3
Change Net Name : Old Net Name=NetC26_2 New Net Name=X1_VT
Change Net Name : Old Net Name=NetC27_2 New Net Name=DAC_VOUT_FILTER1
Change Net Name : Old Net Name=NetC28_2 New Net Name=U3_INP
Change Net Name : Old Net Name=NetC30_1 New Net Name=U6_I1
Change Net Name : Old Net Name=NetC30_2 New Net Name=X1_OUT
Change Net Name : Old Net Name=NetR1_2 New Net Name=NetR001LO_2
Change Net Name : Old Net Name=NetR3_2 New Net Name=NetR003LO_2
Change Net Name : Old Net Name=NetR6_2 New Net Name=NetR6LO_2
Change Net Name : Old Net Name=NetR6_4 New Net Name=NetR6LO_4
Change Net Name : Old Net Name=NetR6_6 New Net Name=NetR6LO_6
Change Net Name : Old Net Name=NetR6_8 New Net Name=NetR6LO_8
Change Net Name : Old Net Name=NetR11_1 New Net Name=SW_U1
Change Net Name : Old Net Name=NetR14_1 New Net Name=DAC_VOUT
Change Net Name : Old Net Name=NetR17_2 New Net Name=U6_S
Added Member To Class: ClassName=RF Member=Wire RFOUTA+
Added Member To Class: ClassName=RF Member=Wire RFOUTA-
