Added Component: Designator=U16(QFN-16_skyworks)
Add component. Clean all parameters for all variants
Add component (AddParameter): Name = "Manufacturer"; Value = "Skyworks"; VariantName = "[No Variations]"
Added Pin To Net: NetName=5V Pin=U16-1
Added Pin To Net: NetName=U16_VCTL Pin=U16-2
Added Pin To Net: NetName=NetC58_1 Pin=U16-3
Added Pin To Net: NetName=GND Pin=U16-4
Added Pin To Net: NetName=GND Pin=U16-5
Added Pin To Net: NetName=GND Pin=U16-6
Added Pin To Net: NetName=GND Pin=U16-7
Added Pin To Net: NetName=GND Pin=U16-8
Added Pin To Net: NetName=NetC53_2 Pin=U16-9
Added Pin To Net: NetName=GND Pin=U16-10
Added Pin To Net: NetName=GND Pin=U16-11
Added Pin To Net: NetName=NetC57_2 Pin=U16-12
Added Pin To Net: NetName=GND Pin=U16-13
Added Pin To Net: NetName=GND Pin=U16-14
Added Pin To Net: NetName=GND Pin=U16-15
Added Pin To Net: NetName=GND Pin=U16-16
Added Pin To Net: NetName=GND Pin=U16-17
Added Member To Class: ClassName=U_Mixer Member=Component U16 SKY13286-359LF
